[2024-01-28T02:40:45.535+0000] {processor.py:161} INFO - Started process (PID=385) to work on /home/airflow/.local/lib/python3.8/site-packages/airflow/example_dags/example_nested_branch_dag.py
[2024-01-28T02:40:45.539+0000] {processor.py:830} INFO - Processing file /home/airflow/.local/lib/python3.8/site-packages/airflow/example_dags/example_nested_branch_dag.py for tasks to queue
[2024-01-28T02:40:45.540+0000] {logging_mixin.py:188} INFO - [2024-01-28T02:40:45.540+0000] {dagbag.py:538} INFO - Filling up the DagBag from /home/airflow/.local/lib/python3.8/site-packages/airflow/example_dags/example_nested_branch_dag.py
[2024-01-28T02:40:45.559+0000] {processor.py:840} INFO - DAG(s) 'example_nested_branch_dag' retrieved from /home/airflow/.local/lib/python3.8/site-packages/airflow/example_dags/example_nested_branch_dag.py
[2024-01-28T02:40:45.713+0000] {logging_mixin.py:188} INFO - [2024-01-28T02:40:45.712+0000] {dag.py:3036} INFO - Sync 1 DAGs
[2024-01-28T02:40:45.738+0000] {logging_mixin.py:188} INFO - [2024-01-28T02:40:45.738+0000] {dag.py:3823} INFO - Setting next_dagrun for example_nested_branch_dag to 2024-01-27 00:00:00+00:00, run_after=2024-01-28 00:00:00+00:00
[2024-01-28T02:40:45.770+0000] {processor.py:183} INFO - Processing /home/airflow/.local/lib/python3.8/site-packages/airflow/example_dags/example_nested_branch_dag.py took 0.239 seconds
[2024-01-28T02:41:20.362+0000] {processor.py:161} INFO - Started process (PID=695) to work on /home/airflow/.local/lib/python3.8/site-packages/airflow/example_dags/example_nested_branch_dag.py
[2024-01-28T02:41:20.365+0000] {processor.py:830} INFO - Processing file /home/airflow/.local/lib/python3.8/site-packages/airflow/example_dags/example_nested_branch_dag.py for tasks to queue
[2024-01-28T02:41:20.366+0000] {logging_mixin.py:188} INFO - [2024-01-28T02:41:20.366+0000] {dagbag.py:538} INFO - Filling up the DagBag from /home/airflow/.local/lib/python3.8/site-packages/airflow/example_dags/example_nested_branch_dag.py
[2024-01-28T02:41:20.381+0000] {processor.py:840} INFO - DAG(s) 'example_nested_branch_dag' retrieved from /home/airflow/.local/lib/python3.8/site-packages/airflow/example_dags/example_nested_branch_dag.py
[2024-01-28T02:41:20.413+0000] {logging_mixin.py:188} INFO - [2024-01-28T02:41:20.413+0000] {dag.py:3036} INFO - Sync 1 DAGs
[2024-01-28T02:41:20.443+0000] {logging_mixin.py:188} INFO - [2024-01-28T02:41:20.443+0000] {dag.py:3823} INFO - Setting next_dagrun for example_nested_branch_dag to 2024-01-27 00:00:00+00:00, run_after=2024-01-28 00:00:00+00:00
[2024-01-28T02:41:20.479+0000] {processor.py:183} INFO - Processing /home/airflow/.local/lib/python3.8/site-packages/airflow/example_dags/example_nested_branch_dag.py took 0.121 seconds
[2024-01-28T02:41:51.346+0000] {processor.py:161} INFO - Started process (PID=1006) to work on /home/airflow/.local/lib/python3.8/site-packages/airflow/example_dags/example_nested_branch_dag.py
[2024-01-28T02:41:51.348+0000] {processor.py:830} INFO - Processing file /home/airflow/.local/lib/python3.8/site-packages/airflow/example_dags/example_nested_branch_dag.py for tasks to queue
[2024-01-28T02:41:51.349+0000] {logging_mixin.py:188} INFO - [2024-01-28T02:41:51.348+0000] {dagbag.py:538} INFO - Filling up the DagBag from /home/airflow/.local/lib/python3.8/site-packages/airflow/example_dags/example_nested_branch_dag.py
[2024-01-28T02:41:51.360+0000] {processor.py:840} INFO - DAG(s) 'example_nested_branch_dag' retrieved from /home/airflow/.local/lib/python3.8/site-packages/airflow/example_dags/example_nested_branch_dag.py
[2024-01-28T02:41:51.383+0000] {logging_mixin.py:188} INFO - [2024-01-28T02:41:51.383+0000] {dag.py:3036} INFO - Sync 1 DAGs
[2024-01-28T02:41:51.403+0000] {logging_mixin.py:188} INFO - [2024-01-28T02:41:51.403+0000] {dag.py:3823} INFO - Setting next_dagrun for example_nested_branch_dag to 2024-01-27 00:00:00+00:00, run_after=2024-01-28 00:00:00+00:00
[2024-01-28T02:41:51.426+0000] {processor.py:183} INFO - Processing /home/airflow/.local/lib/python3.8/site-packages/airflow/example_dags/example_nested_branch_dag.py took 0.083 seconds
[2024-01-28T02:42:33.623+0000] {processor.py:161} INFO - Started process (PID=1323) to work on /home/airflow/.local/lib/python3.8/site-packages/airflow/example_dags/example_nested_branch_dag.py
[2024-01-28T02:42:33.625+0000] {processor.py:830} INFO - Processing file /home/airflow/.local/lib/python3.8/site-packages/airflow/example_dags/example_nested_branch_dag.py for tasks to queue
[2024-01-28T02:42:33.627+0000] {logging_mixin.py:188} INFO - [2024-01-28T02:42:33.626+0000] {dagbag.py:538} INFO - Filling up the DagBag from /home/airflow/.local/lib/python3.8/site-packages/airflow/example_dags/example_nested_branch_dag.py
[2024-01-28T02:42:33.641+0000] {processor.py:840} INFO - DAG(s) 'example_nested_branch_dag' retrieved from /home/airflow/.local/lib/python3.8/site-packages/airflow/example_dags/example_nested_branch_dag.py
[2024-01-28T02:42:33.678+0000] {logging_mixin.py:188} INFO - [2024-01-28T02:42:33.677+0000] {dag.py:3036} INFO - Sync 1 DAGs
[2024-01-28T02:42:33.735+0000] {logging_mixin.py:188} INFO - [2024-01-28T02:42:33.734+0000] {dag.py:3823} INFO - Setting next_dagrun for example_nested_branch_dag to 2024-01-27 00:00:00+00:00, run_after=2024-01-28 00:00:00+00:00
[2024-01-28T02:42:33.810+0000] {processor.py:183} INFO - Processing /home/airflow/.local/lib/python3.8/site-packages/airflow/example_dags/example_nested_branch_dag.py took 0.192 seconds
[2024-01-28T02:43:04.254+0000] {processor.py:161} INFO - Started process (PID=1635) to work on /home/airflow/.local/lib/python3.8/site-packages/airflow/example_dags/example_nested_branch_dag.py
[2024-01-28T02:43:04.256+0000] {processor.py:830} INFO - Processing file /home/airflow/.local/lib/python3.8/site-packages/airflow/example_dags/example_nested_branch_dag.py for tasks to queue
[2024-01-28T02:43:04.258+0000] {logging_mixin.py:188} INFO - [2024-01-28T02:43:04.257+0000] {dagbag.py:538} INFO - Filling up the DagBag from /home/airflow/.local/lib/python3.8/site-packages/airflow/example_dags/example_nested_branch_dag.py
[2024-01-28T02:43:04.271+0000] {processor.py:840} INFO - DAG(s) 'example_nested_branch_dag' retrieved from /home/airflow/.local/lib/python3.8/site-packages/airflow/example_dags/example_nested_branch_dag.py
[2024-01-28T02:43:04.299+0000] {logging_mixin.py:188} INFO - [2024-01-28T02:43:04.298+0000] {dag.py:3036} INFO - Sync 1 DAGs
[2024-01-28T02:43:04.330+0000] {logging_mixin.py:188} INFO - [2024-01-28T02:43:04.330+0000] {dag.py:3823} INFO - Setting next_dagrun for example_nested_branch_dag to 2024-01-27 00:00:00+00:00, run_after=2024-01-28 00:00:00+00:00
[2024-01-28T02:43:04.370+0000] {processor.py:183} INFO - Processing /home/airflow/.local/lib/python3.8/site-packages/airflow/example_dags/example_nested_branch_dag.py took 0.121 seconds
[2024-01-28T02:43:34.793+0000] {processor.py:161} INFO - Started process (PID=1946) to work on /home/airflow/.local/lib/python3.8/site-packages/airflow/example_dags/example_nested_branch_dag.py
[2024-01-28T02:43:34.795+0000] {processor.py:830} INFO - Processing file /home/airflow/.local/lib/python3.8/site-packages/airflow/example_dags/example_nested_branch_dag.py for tasks to queue
[2024-01-28T02:43:34.796+0000] {logging_mixin.py:188} INFO - [2024-01-28T02:43:34.795+0000] {dagbag.py:538} INFO - Filling up the DagBag from /home/airflow/.local/lib/python3.8/site-packages/airflow/example_dags/example_nested_branch_dag.py
[2024-01-28T02:43:34.807+0000] {processor.py:840} INFO - DAG(s) 'example_nested_branch_dag' retrieved from /home/airflow/.local/lib/python3.8/site-packages/airflow/example_dags/example_nested_branch_dag.py
[2024-01-28T02:43:34.834+0000] {logging_mixin.py:188} INFO - [2024-01-28T02:43:34.834+0000] {dag.py:3036} INFO - Sync 1 DAGs
[2024-01-28T02:43:34.863+0000] {logging_mixin.py:188} INFO - [2024-01-28T02:43:34.863+0000] {dag.py:3823} INFO - Setting next_dagrun for example_nested_branch_dag to 2024-01-27 00:00:00+00:00, run_after=2024-01-28 00:00:00+00:00
[2024-01-28T02:43:34.887+0000] {processor.py:183} INFO - Processing /home/airflow/.local/lib/python3.8/site-packages/airflow/example_dags/example_nested_branch_dag.py took 0.099 seconds
[2024-01-28T02:44:05.258+0000] {processor.py:161} INFO - Started process (PID=2257) to work on /home/airflow/.local/lib/python3.8/site-packages/airflow/example_dags/example_nested_branch_dag.py
[2024-01-28T02:44:05.259+0000] {processor.py:830} INFO - Processing file /home/airflow/.local/lib/python3.8/site-packages/airflow/example_dags/example_nested_branch_dag.py for tasks to queue
[2024-01-28T02:44:05.260+0000] {logging_mixin.py:188} INFO - [2024-01-28T02:44:05.260+0000] {dagbag.py:538} INFO - Filling up the DagBag from /home/airflow/.local/lib/python3.8/site-packages/airflow/example_dags/example_nested_branch_dag.py
[2024-01-28T02:44:05.272+0000] {processor.py:840} INFO - DAG(s) 'example_nested_branch_dag' retrieved from /home/airflow/.local/lib/python3.8/site-packages/airflow/example_dags/example_nested_branch_dag.py
[2024-01-28T02:44:05.299+0000] {logging_mixin.py:188} INFO - [2024-01-28T02:44:05.298+0000] {dag.py:3036} INFO - Sync 1 DAGs
[2024-01-28T02:44:05.321+0000] {logging_mixin.py:188} INFO - [2024-01-28T02:44:05.321+0000] {dag.py:3823} INFO - Setting next_dagrun for example_nested_branch_dag to 2024-01-27 00:00:00+00:00, run_after=2024-01-28 00:00:00+00:00
[2024-01-28T02:44:05.345+0000] {processor.py:183} INFO - Processing /home/airflow/.local/lib/python3.8/site-packages/airflow/example_dags/example_nested_branch_dag.py took 0.090 seconds
[2024-01-28T02:44:35.850+0000] {processor.py:161} INFO - Started process (PID=2568) to work on /home/airflow/.local/lib/python3.8/site-packages/airflow/example_dags/example_nested_branch_dag.py
[2024-01-28T02:44:35.852+0000] {processor.py:830} INFO - Processing file /home/airflow/.local/lib/python3.8/site-packages/airflow/example_dags/example_nested_branch_dag.py for tasks to queue
[2024-01-28T02:44:35.853+0000] {logging_mixin.py:188} INFO - [2024-01-28T02:44:35.853+0000] {dagbag.py:538} INFO - Filling up the DagBag from /home/airflow/.local/lib/python3.8/site-packages/airflow/example_dags/example_nested_branch_dag.py
[2024-01-28T02:44:35.865+0000] {processor.py:840} INFO - DAG(s) 'example_nested_branch_dag' retrieved from /home/airflow/.local/lib/python3.8/site-packages/airflow/example_dags/example_nested_branch_dag.py
[2024-01-28T02:44:35.897+0000] {logging_mixin.py:188} INFO - [2024-01-28T02:44:35.897+0000] {dag.py:3036} INFO - Sync 1 DAGs
[2024-01-28T02:44:35.920+0000] {logging_mixin.py:188} INFO - [2024-01-28T02:44:35.920+0000] {dag.py:3823} INFO - Setting next_dagrun for example_nested_branch_dag to 2024-01-27 00:00:00+00:00, run_after=2024-01-28 00:00:00+00:00
[2024-01-28T02:44:35.949+0000] {processor.py:183} INFO - Processing /home/airflow/.local/lib/python3.8/site-packages/airflow/example_dags/example_nested_branch_dag.py took 0.103 seconds
[2024-01-28T02:45:06.919+0000] {processor.py:161} INFO - Started process (PID=2881) to work on /home/airflow/.local/lib/python3.8/site-packages/airflow/example_dags/example_nested_branch_dag.py
[2024-01-28T02:45:06.921+0000] {processor.py:830} INFO - Processing file /home/airflow/.local/lib/python3.8/site-packages/airflow/example_dags/example_nested_branch_dag.py for tasks to queue
[2024-01-28T02:45:06.921+0000] {logging_mixin.py:188} INFO - [2024-01-28T02:45:06.921+0000] {dagbag.py:538} INFO - Filling up the DagBag from /home/airflow/.local/lib/python3.8/site-packages/airflow/example_dags/example_nested_branch_dag.py
[2024-01-28T02:45:06.931+0000] {processor.py:840} INFO - DAG(s) 'example_nested_branch_dag' retrieved from /home/airflow/.local/lib/python3.8/site-packages/airflow/example_dags/example_nested_branch_dag.py
[2024-01-28T02:45:06.950+0000] {logging_mixin.py:188} INFO - [2024-01-28T02:45:06.950+0000] {dag.py:3036} INFO - Sync 1 DAGs
[2024-01-28T02:45:06.970+0000] {logging_mixin.py:188} INFO - [2024-01-28T02:45:06.969+0000] {dag.py:3823} INFO - Setting next_dagrun for example_nested_branch_dag to 2024-01-27 00:00:00+00:00, run_after=2024-01-28 00:00:00+00:00
[2024-01-28T02:45:06.990+0000] {processor.py:183} INFO - Processing /home/airflow/.local/lib/python3.8/site-packages/airflow/example_dags/example_nested_branch_dag.py took 0.074 seconds
[2024-01-28T02:45:37.784+0000] {processor.py:161} INFO - Started process (PID=3192) to work on /home/airflow/.local/lib/python3.8/site-packages/airflow/example_dags/example_nested_branch_dag.py
[2024-01-28T02:45:37.785+0000] {processor.py:830} INFO - Processing file /home/airflow/.local/lib/python3.8/site-packages/airflow/example_dags/example_nested_branch_dag.py for tasks to queue
[2024-01-28T02:45:37.787+0000] {logging_mixin.py:188} INFO - [2024-01-28T02:45:37.786+0000] {dagbag.py:538} INFO - Filling up the DagBag from /home/airflow/.local/lib/python3.8/site-packages/airflow/example_dags/example_nested_branch_dag.py
[2024-01-28T02:45:37.797+0000] {processor.py:840} INFO - DAG(s) 'example_nested_branch_dag' retrieved from /home/airflow/.local/lib/python3.8/site-packages/airflow/example_dags/example_nested_branch_dag.py
[2024-01-28T02:45:37.817+0000] {logging_mixin.py:188} INFO - [2024-01-28T02:45:37.816+0000] {dag.py:3036} INFO - Sync 1 DAGs
[2024-01-28T02:45:37.837+0000] {logging_mixin.py:188} INFO - [2024-01-28T02:45:37.837+0000] {dag.py:3823} INFO - Setting next_dagrun for example_nested_branch_dag to 2024-01-27 00:00:00+00:00, run_after=2024-01-28 00:00:00+00:00
[2024-01-28T02:45:37.857+0000] {processor.py:183} INFO - Processing /home/airflow/.local/lib/python3.8/site-packages/airflow/example_dags/example_nested_branch_dag.py took 0.077 seconds
[2024-01-28T02:46:08.231+0000] {processor.py:161} INFO - Started process (PID=3501) to work on /home/airflow/.local/lib/python3.8/site-packages/airflow/example_dags/example_nested_branch_dag.py
[2024-01-28T02:46:08.232+0000] {processor.py:830} INFO - Processing file /home/airflow/.local/lib/python3.8/site-packages/airflow/example_dags/example_nested_branch_dag.py for tasks to queue
[2024-01-28T02:46:08.233+0000] {logging_mixin.py:188} INFO - [2024-01-28T02:46:08.233+0000] {dagbag.py:538} INFO - Filling up the DagBag from /home/airflow/.local/lib/python3.8/site-packages/airflow/example_dags/example_nested_branch_dag.py
[2024-01-28T02:46:08.242+0000] {processor.py:840} INFO - DAG(s) 'example_nested_branch_dag' retrieved from /home/airflow/.local/lib/python3.8/site-packages/airflow/example_dags/example_nested_branch_dag.py
[2024-01-28T02:46:08.265+0000] {logging_mixin.py:188} INFO - [2024-01-28T02:46:08.265+0000] {dag.py:3036} INFO - Sync 1 DAGs
[2024-01-28T02:46:08.287+0000] {logging_mixin.py:188} INFO - [2024-01-28T02:46:08.287+0000] {dag.py:3823} INFO - Setting next_dagrun for example_nested_branch_dag to 2024-01-27 00:00:00+00:00, run_after=2024-01-28 00:00:00+00:00
[2024-01-28T02:46:08.311+0000] {processor.py:183} INFO - Processing /home/airflow/.local/lib/python3.8/site-packages/airflow/example_dags/example_nested_branch_dag.py took 0.084 seconds
[2024-01-28T02:46:38.938+0000] {processor.py:161} INFO - Started process (PID=3812) to work on /home/airflow/.local/lib/python3.8/site-packages/airflow/example_dags/example_nested_branch_dag.py
[2024-01-28T02:46:38.939+0000] {processor.py:830} INFO - Processing file /home/airflow/.local/lib/python3.8/site-packages/airflow/example_dags/example_nested_branch_dag.py for tasks to queue
[2024-01-28T02:46:38.940+0000] {logging_mixin.py:188} INFO - [2024-01-28T02:46:38.940+0000] {dagbag.py:538} INFO - Filling up the DagBag from /home/airflow/.local/lib/python3.8/site-packages/airflow/example_dags/example_nested_branch_dag.py
[2024-01-28T02:46:38.951+0000] {processor.py:840} INFO - DAG(s) 'example_nested_branch_dag' retrieved from /home/airflow/.local/lib/python3.8/site-packages/airflow/example_dags/example_nested_branch_dag.py
[2024-01-28T02:46:38.975+0000] {logging_mixin.py:188} INFO - [2024-01-28T02:46:38.975+0000] {dag.py:3036} INFO - Sync 1 DAGs
[2024-01-28T02:46:38.997+0000] {logging_mixin.py:188} INFO - [2024-01-28T02:46:38.997+0000] {dag.py:3823} INFO - Setting next_dagrun for example_nested_branch_dag to 2024-01-27 00:00:00+00:00, run_after=2024-01-28 00:00:00+00:00
[2024-01-28T02:46:39.025+0000] {processor.py:183} INFO - Processing /home/airflow/.local/lib/python3.8/site-packages/airflow/example_dags/example_nested_branch_dag.py took 0.090 seconds
[2024-01-28T02:47:16.289+0000] {processor.py:161} INFO - Started process (PID=4131) to work on /home/airflow/.local/lib/python3.8/site-packages/airflow/example_dags/example_nested_branch_dag.py
[2024-01-28T02:47:16.291+0000] {processor.py:830} INFO - Processing file /home/airflow/.local/lib/python3.8/site-packages/airflow/example_dags/example_nested_branch_dag.py for tasks to queue
[2024-01-28T02:47:16.295+0000] {logging_mixin.py:188} INFO - [2024-01-28T02:47:16.294+0000] {dagbag.py:538} INFO - Filling up the DagBag from /home/airflow/.local/lib/python3.8/site-packages/airflow/example_dags/example_nested_branch_dag.py
[2024-01-28T02:47:16.342+0000] {processor.py:840} INFO - DAG(s) 'example_nested_branch_dag' retrieved from /home/airflow/.local/lib/python3.8/site-packages/airflow/example_dags/example_nested_branch_dag.py
[2024-01-28T02:47:16.437+0000] {logging_mixin.py:188} INFO - [2024-01-28T02:47:16.437+0000] {dag.py:3036} INFO - Sync 1 DAGs
[2024-01-28T02:47:16.537+0000] {logging_mixin.py:188} INFO - [2024-01-28T02:47:16.536+0000] {dag.py:3823} INFO - Setting next_dagrun for example_nested_branch_dag to 2024-01-27 00:00:00+00:00, run_after=2024-01-28 00:00:00+00:00
[2024-01-28T02:47:16.671+0000] {processor.py:183} INFO - Processing /home/airflow/.local/lib/python3.8/site-packages/airflow/example_dags/example_nested_branch_dag.py took 0.393 seconds
[2024-01-28T02:47:47.250+0000] {processor.py:161} INFO - Started process (PID=4442) to work on /home/airflow/.local/lib/python3.8/site-packages/airflow/example_dags/example_nested_branch_dag.py
[2024-01-28T02:47:47.254+0000] {processor.py:830} INFO - Processing file /home/airflow/.local/lib/python3.8/site-packages/airflow/example_dags/example_nested_branch_dag.py for tasks to queue
[2024-01-28T02:47:47.256+0000] {logging_mixin.py:188} INFO - [2024-01-28T02:47:47.255+0000] {dagbag.py:538} INFO - Filling up the DagBag from /home/airflow/.local/lib/python3.8/site-packages/airflow/example_dags/example_nested_branch_dag.py
[2024-01-28T02:47:47.264+0000] {processor.py:840} INFO - DAG(s) 'example_nested_branch_dag' retrieved from /home/airflow/.local/lib/python3.8/site-packages/airflow/example_dags/example_nested_branch_dag.py
[2024-01-28T02:47:47.284+0000] {logging_mixin.py:188} INFO - [2024-01-28T02:47:47.283+0000] {dag.py:3036} INFO - Sync 1 DAGs
[2024-01-28T02:47:47.304+0000] {logging_mixin.py:188} INFO - [2024-01-28T02:47:47.304+0000] {dag.py:3823} INFO - Setting next_dagrun for example_nested_branch_dag to 2024-01-27 00:00:00+00:00, run_after=2024-01-28 00:00:00+00:00
[2024-01-28T02:47:47.326+0000] {processor.py:183} INFO - Processing /home/airflow/.local/lib/python3.8/site-packages/airflow/example_dags/example_nested_branch_dag.py took 0.079 seconds
[2024-01-28T02:48:18.163+0000] {processor.py:161} INFO - Started process (PID=4750) to work on /home/airflow/.local/lib/python3.8/site-packages/airflow/example_dags/example_nested_branch_dag.py
[2024-01-28T02:48:18.165+0000] {processor.py:830} INFO - Processing file /home/airflow/.local/lib/python3.8/site-packages/airflow/example_dags/example_nested_branch_dag.py for tasks to queue
[2024-01-28T02:48:18.168+0000] {logging_mixin.py:188} INFO - [2024-01-28T02:48:18.168+0000] {dagbag.py:538} INFO - Filling up the DagBag from /home/airflow/.local/lib/python3.8/site-packages/airflow/example_dags/example_nested_branch_dag.py
[2024-01-28T02:48:18.184+0000] {processor.py:840} INFO - DAG(s) 'example_nested_branch_dag' retrieved from /home/airflow/.local/lib/python3.8/site-packages/airflow/example_dags/example_nested_branch_dag.py
[2024-01-28T02:48:18.242+0000] {logging_mixin.py:188} INFO - [2024-01-28T02:48:18.242+0000] {dag.py:3036} INFO - Sync 1 DAGs
[2024-01-28T02:48:18.287+0000] {logging_mixin.py:188} INFO - [2024-01-28T02:48:18.287+0000] {dag.py:3823} INFO - Setting next_dagrun for example_nested_branch_dag to 2024-01-27 00:00:00+00:00, run_after=2024-01-28 00:00:00+00:00
[2024-01-28T02:48:18.337+0000] {processor.py:183} INFO - Processing /home/airflow/.local/lib/python3.8/site-packages/airflow/example_dags/example_nested_branch_dag.py took 0.179 seconds
[2024-01-28T02:48:48.939+0000] {processor.py:161} INFO - Started process (PID=5050) to work on /home/airflow/.local/lib/python3.8/site-packages/airflow/example_dags/example_nested_branch_dag.py
[2024-01-28T02:48:48.941+0000] {processor.py:830} INFO - Processing file /home/airflow/.local/lib/python3.8/site-packages/airflow/example_dags/example_nested_branch_dag.py for tasks to queue
[2024-01-28T02:48:48.943+0000] {logging_mixin.py:188} INFO - [2024-01-28T02:48:48.942+0000] {dagbag.py:538} INFO - Filling up the DagBag from /home/airflow/.local/lib/python3.8/site-packages/airflow/example_dags/example_nested_branch_dag.py
[2024-01-28T02:48:48.956+0000] {processor.py:840} INFO - DAG(s) 'example_nested_branch_dag' retrieved from /home/airflow/.local/lib/python3.8/site-packages/airflow/example_dags/example_nested_branch_dag.py
[2024-01-28T02:48:48.986+0000] {logging_mixin.py:188} INFO - [2024-01-28T02:48:48.985+0000] {dag.py:3036} INFO - Sync 1 DAGs
[2024-01-28T02:48:49.020+0000] {logging_mixin.py:188} INFO - [2024-01-28T02:48:49.019+0000] {dag.py:3823} INFO - Setting next_dagrun for example_nested_branch_dag to 2024-01-27 00:00:00+00:00, run_after=2024-01-28 00:00:00+00:00
[2024-01-28T02:48:49.048+0000] {processor.py:183} INFO - Processing /home/airflow/.local/lib/python3.8/site-packages/airflow/example_dags/example_nested_branch_dag.py took 0.113 seconds
[2024-01-28T02:49:19.113+0000] {processor.py:161} INFO - Started process (PID=5355) to work on /home/airflow/.local/lib/python3.8/site-packages/airflow/example_dags/example_nested_branch_dag.py
[2024-01-28T02:49:19.114+0000] {processor.py:830} INFO - Processing file /home/airflow/.local/lib/python3.8/site-packages/airflow/example_dags/example_nested_branch_dag.py for tasks to queue
[2024-01-28T02:49:19.115+0000] {logging_mixin.py:188} INFO - [2024-01-28T02:49:19.115+0000] {dagbag.py:538} INFO - Filling up the DagBag from /home/airflow/.local/lib/python3.8/site-packages/airflow/example_dags/example_nested_branch_dag.py
[2024-01-28T02:49:19.125+0000] {processor.py:840} INFO - DAG(s) 'example_nested_branch_dag' retrieved from /home/airflow/.local/lib/python3.8/site-packages/airflow/example_dags/example_nested_branch_dag.py
[2024-01-28T02:49:19.150+0000] {logging_mixin.py:188} INFO - [2024-01-28T02:49:19.150+0000] {dag.py:3036} INFO - Sync 1 DAGs
[2024-01-28T02:49:19.182+0000] {logging_mixin.py:188} INFO - [2024-01-28T02:49:19.181+0000] {dag.py:3823} INFO - Setting next_dagrun for example_nested_branch_dag to 2024-01-27 00:00:00+00:00, run_after=2024-01-28 00:00:00+00:00
[2024-01-28T02:49:19.410+0000] {processor.py:183} INFO - Processing /home/airflow/.local/lib/python3.8/site-packages/airflow/example_dags/example_nested_branch_dag.py took 0.301 seconds
[2024-01-28T02:49:49.544+0000] {processor.py:161} INFO - Started process (PID=5663) to work on /home/airflow/.local/lib/python3.8/site-packages/airflow/example_dags/example_nested_branch_dag.py
[2024-01-28T02:49:49.545+0000] {processor.py:830} INFO - Processing file /home/airflow/.local/lib/python3.8/site-packages/airflow/example_dags/example_nested_branch_dag.py for tasks to queue
[2024-01-28T02:49:49.546+0000] {logging_mixin.py:188} INFO - [2024-01-28T02:49:49.546+0000] {dagbag.py:538} INFO - Filling up the DagBag from /home/airflow/.local/lib/python3.8/site-packages/airflow/example_dags/example_nested_branch_dag.py
[2024-01-28T02:49:49.555+0000] {processor.py:840} INFO - DAG(s) 'example_nested_branch_dag' retrieved from /home/airflow/.local/lib/python3.8/site-packages/airflow/example_dags/example_nested_branch_dag.py
[2024-01-28T02:49:49.576+0000] {logging_mixin.py:188} INFO - [2024-01-28T02:49:49.575+0000] {dag.py:3036} INFO - Sync 1 DAGs
[2024-01-28T02:49:49.595+0000] {logging_mixin.py:188} INFO - [2024-01-28T02:49:49.595+0000] {dag.py:3823} INFO - Setting next_dagrun for example_nested_branch_dag to 2024-01-27 00:00:00+00:00, run_after=2024-01-28 00:00:00+00:00
[2024-01-28T02:49:49.616+0000] {processor.py:183} INFO - Processing /home/airflow/.local/lib/python3.8/site-packages/airflow/example_dags/example_nested_branch_dag.py took 0.075 seconds
[2024-01-28T02:50:19.944+0000] {processor.py:161} INFO - Started process (PID=5977) to work on /home/airflow/.local/lib/python3.8/site-packages/airflow/example_dags/example_nested_branch_dag.py
[2024-01-28T02:50:19.945+0000] {processor.py:830} INFO - Processing file /home/airflow/.local/lib/python3.8/site-packages/airflow/example_dags/example_nested_branch_dag.py for tasks to queue
[2024-01-28T02:50:19.947+0000] {logging_mixin.py:188} INFO - [2024-01-28T02:50:19.946+0000] {dagbag.py:538} INFO - Filling up the DagBag from /home/airflow/.local/lib/python3.8/site-packages/airflow/example_dags/example_nested_branch_dag.py
[2024-01-28T02:50:19.959+0000] {processor.py:840} INFO - DAG(s) 'example_nested_branch_dag' retrieved from /home/airflow/.local/lib/python3.8/site-packages/airflow/example_dags/example_nested_branch_dag.py
[2024-01-28T02:50:19.987+0000] {logging_mixin.py:188} INFO - [2024-01-28T02:50:19.986+0000] {dag.py:3036} INFO - Sync 1 DAGs
[2024-01-28T02:50:20.010+0000] {logging_mixin.py:188} INFO - [2024-01-28T02:50:20.010+0000] {dag.py:3823} INFO - Setting next_dagrun for example_nested_branch_dag to 2024-01-27 00:00:00+00:00, run_after=2024-01-28 00:00:00+00:00
[2024-01-28T02:50:20.034+0000] {processor.py:183} INFO - Processing /home/airflow/.local/lib/python3.8/site-packages/airflow/example_dags/example_nested_branch_dag.py took 0.093 seconds
[2024-01-28T02:50:50.279+0000] {processor.py:161} INFO - Started process (PID=6288) to work on /home/airflow/.local/lib/python3.8/site-packages/airflow/example_dags/example_nested_branch_dag.py
[2024-01-28T02:50:50.280+0000] {processor.py:830} INFO - Processing file /home/airflow/.local/lib/python3.8/site-packages/airflow/example_dags/example_nested_branch_dag.py for tasks to queue
[2024-01-28T02:50:50.282+0000] {logging_mixin.py:188} INFO - [2024-01-28T02:50:50.281+0000] {dagbag.py:538} INFO - Filling up the DagBag from /home/airflow/.local/lib/python3.8/site-packages/airflow/example_dags/example_nested_branch_dag.py
[2024-01-28T02:50:50.293+0000] {processor.py:840} INFO - DAG(s) 'example_nested_branch_dag' retrieved from /home/airflow/.local/lib/python3.8/site-packages/airflow/example_dags/example_nested_branch_dag.py
[2024-01-28T02:50:50.315+0000] {logging_mixin.py:188} INFO - [2024-01-28T02:50:50.315+0000] {dag.py:3036} INFO - Sync 1 DAGs
[2024-01-28T02:50:50.339+0000] {logging_mixin.py:188} INFO - [2024-01-28T02:50:50.339+0000] {dag.py:3823} INFO - Setting next_dagrun for example_nested_branch_dag to 2024-01-27 00:00:00+00:00, run_after=2024-01-28 00:00:00+00:00
[2024-01-28T02:50:50.368+0000] {processor.py:183} INFO - Processing /home/airflow/.local/lib/python3.8/site-packages/airflow/example_dags/example_nested_branch_dag.py took 0.092 seconds
[2024-01-28T02:51:22.038+0000] {processor.py:161} INFO - Started process (PID=6600) to work on /home/airflow/.local/lib/python3.8/site-packages/airflow/example_dags/example_nested_branch_dag.py
[2024-01-28T02:51:22.039+0000] {processor.py:830} INFO - Processing file /home/airflow/.local/lib/python3.8/site-packages/airflow/example_dags/example_nested_branch_dag.py for tasks to queue
[2024-01-28T02:51:22.041+0000] {logging_mixin.py:188} INFO - [2024-01-28T02:51:22.040+0000] {dagbag.py:538} INFO - Filling up the DagBag from /home/airflow/.local/lib/python3.8/site-packages/airflow/example_dags/example_nested_branch_dag.py
[2024-01-28T02:51:22.052+0000] {processor.py:840} INFO - DAG(s) 'example_nested_branch_dag' retrieved from /home/airflow/.local/lib/python3.8/site-packages/airflow/example_dags/example_nested_branch_dag.py
[2024-01-28T02:51:22.198+0000] {logging_mixin.py:188} INFO - [2024-01-28T02:51:22.198+0000] {dag.py:3036} INFO - Sync 1 DAGs
[2024-01-28T02:51:22.216+0000] {logging_mixin.py:188} INFO - [2024-01-28T02:51:22.216+0000] {dag.py:3823} INFO - Setting next_dagrun for example_nested_branch_dag to 2024-01-27 00:00:00+00:00, run_after=2024-01-28 00:00:00+00:00
[2024-01-28T02:51:22.235+0000] {processor.py:183} INFO - Processing /home/airflow/.local/lib/python3.8/site-packages/airflow/example_dags/example_nested_branch_dag.py took 0.200 seconds
[2024-01-28T02:51:53.250+0000] {processor.py:161} INFO - Started process (PID=6911) to work on /home/airflow/.local/lib/python3.8/site-packages/airflow/example_dags/example_nested_branch_dag.py
[2024-01-28T02:51:53.251+0000] {processor.py:830} INFO - Processing file /home/airflow/.local/lib/python3.8/site-packages/airflow/example_dags/example_nested_branch_dag.py for tasks to queue
[2024-01-28T02:51:53.252+0000] {logging_mixin.py:188} INFO - [2024-01-28T02:51:53.251+0000] {dagbag.py:538} INFO - Filling up the DagBag from /home/airflow/.local/lib/python3.8/site-packages/airflow/example_dags/example_nested_branch_dag.py
[2024-01-28T02:51:53.261+0000] {processor.py:840} INFO - DAG(s) 'example_nested_branch_dag' retrieved from /home/airflow/.local/lib/python3.8/site-packages/airflow/example_dags/example_nested_branch_dag.py
[2024-01-28T02:51:53.283+0000] {logging_mixin.py:188} INFO - [2024-01-28T02:51:53.283+0000] {dag.py:3036} INFO - Sync 1 DAGs
[2024-01-28T02:51:53.309+0000] {logging_mixin.py:188} INFO - [2024-01-28T02:51:53.309+0000] {dag.py:3823} INFO - Setting next_dagrun for example_nested_branch_dag to 2024-01-27 00:00:00+00:00, run_after=2024-01-28 00:00:00+00:00
[2024-01-28T02:51:53.333+0000] {processor.py:183} INFO - Processing /home/airflow/.local/lib/python3.8/site-packages/airflow/example_dags/example_nested_branch_dag.py took 0.086 seconds
[2024-01-28T02:52:23.907+0000] {processor.py:161} INFO - Started process (PID=7228) to work on /home/airflow/.local/lib/python3.8/site-packages/airflow/example_dags/example_nested_branch_dag.py
[2024-01-28T02:52:23.908+0000] {processor.py:830} INFO - Processing file /home/airflow/.local/lib/python3.8/site-packages/airflow/example_dags/example_nested_branch_dag.py for tasks to queue
[2024-01-28T02:52:23.909+0000] {logging_mixin.py:188} INFO - [2024-01-28T02:52:23.909+0000] {dagbag.py:538} INFO - Filling up the DagBag from /home/airflow/.local/lib/python3.8/site-packages/airflow/example_dags/example_nested_branch_dag.py
[2024-01-28T02:52:23.925+0000] {processor.py:840} INFO - DAG(s) 'example_nested_branch_dag' retrieved from /home/airflow/.local/lib/python3.8/site-packages/airflow/example_dags/example_nested_branch_dag.py
[2024-01-28T02:52:23.950+0000] {logging_mixin.py:188} INFO - [2024-01-28T02:52:23.950+0000] {dag.py:3036} INFO - Sync 1 DAGs
[2024-01-28T02:52:23.976+0000] {logging_mixin.py:188} INFO - [2024-01-28T02:52:23.975+0000] {dag.py:3823} INFO - Setting next_dagrun for example_nested_branch_dag to 2024-01-27 00:00:00+00:00, run_after=2024-01-28 00:00:00+00:00
[2024-01-28T02:52:24.000+0000] {processor.py:183} INFO - Processing /home/airflow/.local/lib/python3.8/site-packages/airflow/example_dags/example_nested_branch_dag.py took 0.096 seconds
[2024-01-28T02:52:54.260+0000] {processor.py:161} INFO - Started process (PID=7532) to work on /home/airflow/.local/lib/python3.8/site-packages/airflow/example_dags/example_nested_branch_dag.py
[2024-01-28T02:52:54.262+0000] {processor.py:830} INFO - Processing file /home/airflow/.local/lib/python3.8/site-packages/airflow/example_dags/example_nested_branch_dag.py for tasks to queue
[2024-01-28T02:52:54.263+0000] {logging_mixin.py:188} INFO - [2024-01-28T02:52:54.263+0000] {dagbag.py:538} INFO - Filling up the DagBag from /home/airflow/.local/lib/python3.8/site-packages/airflow/example_dags/example_nested_branch_dag.py
[2024-01-28T02:52:54.276+0000] {processor.py:840} INFO - DAG(s) 'example_nested_branch_dag' retrieved from /home/airflow/.local/lib/python3.8/site-packages/airflow/example_dags/example_nested_branch_dag.py
[2024-01-28T02:52:54.305+0000] {logging_mixin.py:188} INFO - [2024-01-28T02:52:54.305+0000] {dag.py:3036} INFO - Sync 1 DAGs
[2024-01-28T02:52:54.329+0000] {logging_mixin.py:188} INFO - [2024-01-28T02:52:54.329+0000] {dag.py:3823} INFO - Setting next_dagrun for example_nested_branch_dag to 2024-01-27 00:00:00+00:00, run_after=2024-01-28 00:00:00+00:00
[2024-01-28T02:52:54.352+0000] {processor.py:183} INFO - Processing /home/airflow/.local/lib/python3.8/site-packages/airflow/example_dags/example_nested_branch_dag.py took 0.095 seconds
[2024-01-28T02:53:24.904+0000] {processor.py:161} INFO - Started process (PID=7843) to work on /home/airflow/.local/lib/python3.8/site-packages/airflow/example_dags/example_nested_branch_dag.py
[2024-01-28T02:53:24.906+0000] {processor.py:830} INFO - Processing file /home/airflow/.local/lib/python3.8/site-packages/airflow/example_dags/example_nested_branch_dag.py for tasks to queue
[2024-01-28T02:53:24.907+0000] {logging_mixin.py:188} INFO - [2024-01-28T02:53:24.906+0000] {dagbag.py:538} INFO - Filling up the DagBag from /home/airflow/.local/lib/python3.8/site-packages/airflow/example_dags/example_nested_branch_dag.py
[2024-01-28T02:53:24.917+0000] {processor.py:840} INFO - DAG(s) 'example_nested_branch_dag' retrieved from /home/airflow/.local/lib/python3.8/site-packages/airflow/example_dags/example_nested_branch_dag.py
[2024-01-28T02:53:24.946+0000] {logging_mixin.py:188} INFO - [2024-01-28T02:53:24.946+0000] {dag.py:3036} INFO - Sync 1 DAGs
[2024-01-28T02:53:24.970+0000] {logging_mixin.py:188} INFO - [2024-01-28T02:53:24.970+0000] {dag.py:3823} INFO - Setting next_dagrun for example_nested_branch_dag to 2024-01-27 00:00:00+00:00, run_after=2024-01-28 00:00:00+00:00
[2024-01-28T02:53:24.991+0000] {processor.py:183} INFO - Processing /home/airflow/.local/lib/python3.8/site-packages/airflow/example_dags/example_nested_branch_dag.py took 0.090 seconds
[2024-01-28T02:53:55.126+0000] {processor.py:161} INFO - Started process (PID=8154) to work on /home/airflow/.local/lib/python3.8/site-packages/airflow/example_dags/example_nested_branch_dag.py
[2024-01-28T02:53:55.127+0000] {processor.py:830} INFO - Processing file /home/airflow/.local/lib/python3.8/site-packages/airflow/example_dags/example_nested_branch_dag.py for tasks to queue
[2024-01-28T02:53:55.128+0000] {logging_mixin.py:188} INFO - [2024-01-28T02:53:55.128+0000] {dagbag.py:538} INFO - Filling up the DagBag from /home/airflow/.local/lib/python3.8/site-packages/airflow/example_dags/example_nested_branch_dag.py
[2024-01-28T02:53:55.138+0000] {processor.py:840} INFO - DAG(s) 'example_nested_branch_dag' retrieved from /home/airflow/.local/lib/python3.8/site-packages/airflow/example_dags/example_nested_branch_dag.py
[2024-01-28T02:53:55.160+0000] {logging_mixin.py:188} INFO - [2024-01-28T02:53:55.159+0000] {dag.py:3036} INFO - Sync 1 DAGs
[2024-01-28T02:53:55.187+0000] {logging_mixin.py:188} INFO - [2024-01-28T02:53:55.187+0000] {dag.py:3823} INFO - Setting next_dagrun for example_nested_branch_dag to 2024-01-27 00:00:00+00:00, run_after=2024-01-28 00:00:00+00:00
[2024-01-28T02:53:55.211+0000] {processor.py:183} INFO - Processing /home/airflow/.local/lib/python3.8/site-packages/airflow/example_dags/example_nested_branch_dag.py took 0.088 seconds
[2024-01-28T02:54:25.387+0000] {processor.py:161} INFO - Started process (PID=8464) to work on /home/airflow/.local/lib/python3.8/site-packages/airflow/example_dags/example_nested_branch_dag.py
[2024-01-28T02:54:25.388+0000] {processor.py:830} INFO - Processing file /home/airflow/.local/lib/python3.8/site-packages/airflow/example_dags/example_nested_branch_dag.py for tasks to queue
[2024-01-28T02:54:25.389+0000] {logging_mixin.py:188} INFO - [2024-01-28T02:54:25.389+0000] {dagbag.py:538} INFO - Filling up the DagBag from /home/airflow/.local/lib/python3.8/site-packages/airflow/example_dags/example_nested_branch_dag.py
[2024-01-28T02:54:25.401+0000] {processor.py:840} INFO - DAG(s) 'example_nested_branch_dag' retrieved from /home/airflow/.local/lib/python3.8/site-packages/airflow/example_dags/example_nested_branch_dag.py
[2024-01-28T02:54:25.427+0000] {logging_mixin.py:188} INFO - [2024-01-28T02:54:25.427+0000] {dag.py:3036} INFO - Sync 1 DAGs
[2024-01-28T02:54:25.452+0000] {logging_mixin.py:188} INFO - [2024-01-28T02:54:25.452+0000] {dag.py:3823} INFO - Setting next_dagrun for example_nested_branch_dag to 2024-01-27 00:00:00+00:00, run_after=2024-01-28 00:00:00+00:00
[2024-01-28T02:54:25.474+0000] {processor.py:183} INFO - Processing /home/airflow/.local/lib/python3.8/site-packages/airflow/example_dags/example_nested_branch_dag.py took 0.090 seconds
[2024-01-28T02:54:55.911+0000] {processor.py:161} INFO - Started process (PID=8775) to work on /home/airflow/.local/lib/python3.8/site-packages/airflow/example_dags/example_nested_branch_dag.py
[2024-01-28T02:54:55.912+0000] {processor.py:830} INFO - Processing file /home/airflow/.local/lib/python3.8/site-packages/airflow/example_dags/example_nested_branch_dag.py for tasks to queue
[2024-01-28T02:54:55.913+0000] {logging_mixin.py:188} INFO - [2024-01-28T02:54:55.913+0000] {dagbag.py:538} INFO - Filling up the DagBag from /home/airflow/.local/lib/python3.8/site-packages/airflow/example_dags/example_nested_branch_dag.py
[2024-01-28T02:54:55.925+0000] {processor.py:840} INFO - DAG(s) 'example_nested_branch_dag' retrieved from /home/airflow/.local/lib/python3.8/site-packages/airflow/example_dags/example_nested_branch_dag.py
[2024-01-28T02:54:55.950+0000] {logging_mixin.py:188} INFO - [2024-01-28T02:54:55.950+0000] {dag.py:3036} INFO - Sync 1 DAGs
[2024-01-28T02:54:55.975+0000] {logging_mixin.py:188} INFO - [2024-01-28T02:54:55.975+0000] {dag.py:3823} INFO - Setting next_dagrun for example_nested_branch_dag to 2024-01-27 00:00:00+00:00, run_after=2024-01-28 00:00:00+00:00
[2024-01-28T02:54:55.997+0000] {processor.py:183} INFO - Processing /home/airflow/.local/lib/python3.8/site-packages/airflow/example_dags/example_nested_branch_dag.py took 0.090 seconds
[2024-01-28T02:55:36.409+0000] {processor.py:161} INFO - Started process (PID=9140) to work on /home/airflow/.local/lib/python3.8/site-packages/airflow/example_dags/example_nested_branch_dag.py
[2024-01-28T02:55:36.411+0000] {processor.py:830} INFO - Processing file /home/airflow/.local/lib/python3.8/site-packages/airflow/example_dags/example_nested_branch_dag.py for tasks to queue
[2024-01-28T02:55:36.413+0000] {logging_mixin.py:188} INFO - [2024-01-28T02:55:36.412+0000] {dagbag.py:538} INFO - Filling up the DagBag from /home/airflow/.local/lib/python3.8/site-packages/airflow/example_dags/example_nested_branch_dag.py
[2024-01-28T02:55:36.431+0000] {processor.py:840} INFO - DAG(s) 'example_nested_branch_dag' retrieved from /home/airflow/.local/lib/python3.8/site-packages/airflow/example_dags/example_nested_branch_dag.py
[2024-01-28T02:55:36.469+0000] {logging_mixin.py:188} INFO - [2024-01-28T02:55:36.468+0000] {dag.py:3036} INFO - Sync 1 DAGs
[2024-01-28T02:55:36.504+0000] {logging_mixin.py:188} INFO - [2024-01-28T02:55:36.504+0000] {dag.py:3823} INFO - Setting next_dagrun for example_nested_branch_dag to 2024-01-27 00:00:00+00:00, run_after=2024-01-28 00:00:00+00:00
[2024-01-28T02:55:36.534+0000] {processor.py:183} INFO - Processing /home/airflow/.local/lib/python3.8/site-packages/airflow/example_dags/example_nested_branch_dag.py took 0.129 seconds
[2024-01-28T02:56:06.669+0000] {processor.py:161} INFO - Started process (PID=9452) to work on /home/airflow/.local/lib/python3.8/site-packages/airflow/example_dags/example_nested_branch_dag.py
[2024-01-28T02:56:06.671+0000] {processor.py:830} INFO - Processing file /home/airflow/.local/lib/python3.8/site-packages/airflow/example_dags/example_nested_branch_dag.py for tasks to queue
[2024-01-28T02:56:06.672+0000] {logging_mixin.py:188} INFO - [2024-01-28T02:56:06.671+0000] {dagbag.py:538} INFO - Filling up the DagBag from /home/airflow/.local/lib/python3.8/site-packages/airflow/example_dags/example_nested_branch_dag.py
[2024-01-28T02:56:06.682+0000] {processor.py:840} INFO - DAG(s) 'example_nested_branch_dag' retrieved from /home/airflow/.local/lib/python3.8/site-packages/airflow/example_dags/example_nested_branch_dag.py
[2024-01-28T02:56:06.705+0000] {logging_mixin.py:188} INFO - [2024-01-28T02:56:06.705+0000] {dag.py:3036} INFO - Sync 1 DAGs
[2024-01-28T02:56:06.728+0000] {logging_mixin.py:188} INFO - [2024-01-28T02:56:06.728+0000] {dag.py:3823} INFO - Setting next_dagrun for example_nested_branch_dag to 2024-01-27 00:00:00+00:00, run_after=2024-01-28 00:00:00+00:00
[2024-01-28T02:56:06.756+0000] {processor.py:183} INFO - Processing /home/airflow/.local/lib/python3.8/site-packages/airflow/example_dags/example_nested_branch_dag.py took 0.090 seconds
[2024-01-28T02:56:37.761+0000] {processor.py:161} INFO - Started process (PID=9761) to work on /home/airflow/.local/lib/python3.8/site-packages/airflow/example_dags/example_nested_branch_dag.py
[2024-01-28T02:56:37.763+0000] {processor.py:830} INFO - Processing file /home/airflow/.local/lib/python3.8/site-packages/airflow/example_dags/example_nested_branch_dag.py for tasks to queue
[2024-01-28T02:56:37.764+0000] {logging_mixin.py:188} INFO - [2024-01-28T02:56:37.764+0000] {dagbag.py:538} INFO - Filling up the DagBag from /home/airflow/.local/lib/python3.8/site-packages/airflow/example_dags/example_nested_branch_dag.py
[2024-01-28T02:56:37.774+0000] {processor.py:840} INFO - DAG(s) 'example_nested_branch_dag' retrieved from /home/airflow/.local/lib/python3.8/site-packages/airflow/example_dags/example_nested_branch_dag.py
[2024-01-28T02:56:37.800+0000] {logging_mixin.py:188} INFO - [2024-01-28T02:56:37.799+0000] {dag.py:3036} INFO - Sync 1 DAGs
[2024-01-28T02:56:37.824+0000] {logging_mixin.py:188} INFO - [2024-01-28T02:56:37.823+0000] {dag.py:3823} INFO - Setting next_dagrun for example_nested_branch_dag to 2024-01-27 00:00:00+00:00, run_after=2024-01-28 00:00:00+00:00
[2024-01-28T02:56:37.847+0000] {processor.py:183} INFO - Processing /home/airflow/.local/lib/python3.8/site-packages/airflow/example_dags/example_nested_branch_dag.py took 0.089 seconds
[2024-01-28T02:57:09.385+0000] {processor.py:161} INFO - Started process (PID=10078) to work on /home/airflow/.local/lib/python3.8/site-packages/airflow/example_dags/example_nested_branch_dag.py
[2024-01-28T02:57:09.386+0000] {processor.py:830} INFO - Processing file /home/airflow/.local/lib/python3.8/site-packages/airflow/example_dags/example_nested_branch_dag.py for tasks to queue
[2024-01-28T02:57:09.388+0000] {logging_mixin.py:188} INFO - [2024-01-28T02:57:09.387+0000] {dagbag.py:538} INFO - Filling up the DagBag from /home/airflow/.local/lib/python3.8/site-packages/airflow/example_dags/example_nested_branch_dag.py
[2024-01-28T02:57:09.398+0000] {processor.py:840} INFO - DAG(s) 'example_nested_branch_dag' retrieved from /home/airflow/.local/lib/python3.8/site-packages/airflow/example_dags/example_nested_branch_dag.py
[2024-01-28T02:57:09.421+0000] {logging_mixin.py:188} INFO - [2024-01-28T02:57:09.421+0000] {dag.py:3036} INFO - Sync 1 DAGs
[2024-01-28T02:57:09.447+0000] {logging_mixin.py:188} INFO - [2024-01-28T02:57:09.446+0000] {dag.py:3823} INFO - Setting next_dagrun for example_nested_branch_dag to 2024-01-27 00:00:00+00:00, run_after=2024-01-28 00:00:00+00:00
[2024-01-28T02:57:09.469+0000] {processor.py:183} INFO - Processing /home/airflow/.local/lib/python3.8/site-packages/airflow/example_dags/example_nested_branch_dag.py took 0.087 seconds
[2024-01-28T02:57:40.715+0000] {processor.py:161} INFO - Started process (PID=10386) to work on /home/airflow/.local/lib/python3.8/site-packages/airflow/example_dags/example_nested_branch_dag.py
[2024-01-28T02:57:40.716+0000] {processor.py:830} INFO - Processing file /home/airflow/.local/lib/python3.8/site-packages/airflow/example_dags/example_nested_branch_dag.py for tasks to queue
[2024-01-28T02:57:40.718+0000] {logging_mixin.py:188} INFO - [2024-01-28T02:57:40.717+0000] {dagbag.py:538} INFO - Filling up the DagBag from /home/airflow/.local/lib/python3.8/site-packages/airflow/example_dags/example_nested_branch_dag.py
[2024-01-28T02:57:40.732+0000] {processor.py:840} INFO - DAG(s) 'example_nested_branch_dag' retrieved from /home/airflow/.local/lib/python3.8/site-packages/airflow/example_dags/example_nested_branch_dag.py
[2024-01-28T02:57:40.757+0000] {logging_mixin.py:188} INFO - [2024-01-28T02:57:40.757+0000] {dag.py:3036} INFO - Sync 1 DAGs
[2024-01-28T02:57:40.779+0000] {logging_mixin.py:188} INFO - [2024-01-28T02:57:40.779+0000] {dag.py:3823} INFO - Setting next_dagrun for example_nested_branch_dag to 2024-01-27 00:00:00+00:00, run_after=2024-01-28 00:00:00+00:00
[2024-01-28T02:57:40.800+0000] {processor.py:183} INFO - Processing /home/airflow/.local/lib/python3.8/site-packages/airflow/example_dags/example_nested_branch_dag.py took 0.090 seconds
[2024-01-28T02:58:11.069+0000] {processor.py:161} INFO - Started process (PID=10689) to work on /home/airflow/.local/lib/python3.8/site-packages/airflow/example_dags/example_nested_branch_dag.py
[2024-01-28T02:58:11.070+0000] {processor.py:830} INFO - Processing file /home/airflow/.local/lib/python3.8/site-packages/airflow/example_dags/example_nested_branch_dag.py for tasks to queue
[2024-01-28T02:58:11.071+0000] {logging_mixin.py:188} INFO - [2024-01-28T02:58:11.071+0000] {dagbag.py:538} INFO - Filling up the DagBag from /home/airflow/.local/lib/python3.8/site-packages/airflow/example_dags/example_nested_branch_dag.py
[2024-01-28T02:58:11.081+0000] {processor.py:840} INFO - DAG(s) 'example_nested_branch_dag' retrieved from /home/airflow/.local/lib/python3.8/site-packages/airflow/example_dags/example_nested_branch_dag.py
[2024-01-28T02:58:11.103+0000] {logging_mixin.py:188} INFO - [2024-01-28T02:58:11.103+0000] {dag.py:3036} INFO - Sync 1 DAGs
[2024-01-28T02:58:11.133+0000] {logging_mixin.py:188} INFO - [2024-01-28T02:58:11.133+0000] {dag.py:3823} INFO - Setting next_dagrun for example_nested_branch_dag to 2024-01-27 00:00:00+00:00, run_after=2024-01-28 00:00:00+00:00
[2024-01-28T02:58:11.154+0000] {processor.py:183} INFO - Processing /home/airflow/.local/lib/python3.8/site-packages/airflow/example_dags/example_nested_branch_dag.py took 0.088 seconds
