[2024-01-28T02:40:37.613+0000] {processor.py:161} INFO - Started process (PID=264) to work on /home/airflow/.local/lib/python3.8/site-packages/airflow/example_dags/example_branch_labels.py
[2024-01-28T02:40:37.615+0000] {processor.py:830} INFO - Processing file /home/airflow/.local/lib/python3.8/site-packages/airflow/example_dags/example_branch_labels.py for tasks to queue
[2024-01-28T02:40:37.617+0000] {logging_mixin.py:188} INFO - [2024-01-28T02:40:37.616+0000] {dagbag.py:538} INFO - Filling up the DagBag from /home/airflow/.local/lib/python3.8/site-packages/airflow/example_dags/example_branch_labels.py
[2024-01-28T02:40:37.633+0000] {processor.py:840} INFO - DAG(s) 'example_branch_labels' retrieved from /home/airflow/.local/lib/python3.8/site-packages/airflow/example_dags/example_branch_labels.py
[2024-01-28T02:40:37.801+0000] {logging_mixin.py:188} INFO - [2024-01-28T02:40:37.801+0000] {dag.py:3036} INFO - Sync 1 DAGs
[2024-01-28T02:40:37.837+0000] {logging_mixin.py:188} INFO - [2024-01-28T02:40:37.837+0000] {dag.py:3823} INFO - Setting next_dagrun for example_branch_labels to 2024-01-27 00:00:00+00:00, run_after=2024-01-28 00:00:00+00:00
[2024-01-28T02:40:37.875+0000] {processor.py:183} INFO - Processing /home/airflow/.local/lib/python3.8/site-packages/airflow/example_dags/example_branch_labels.py took 0.265 seconds
[2024-01-28T02:41:11.119+0000] {processor.py:161} INFO - Started process (PID=580) to work on /home/airflow/.local/lib/python3.8/site-packages/airflow/example_dags/example_branch_labels.py
[2024-01-28T02:41:11.126+0000] {processor.py:830} INFO - Processing file /home/airflow/.local/lib/python3.8/site-packages/airflow/example_dags/example_branch_labels.py for tasks to queue
[2024-01-28T02:41:11.133+0000] {logging_mixin.py:188} INFO - [2024-01-28T02:41:11.130+0000] {dagbag.py:538} INFO - Filling up the DagBag from /home/airflow/.local/lib/python3.8/site-packages/airflow/example_dags/example_branch_labels.py
[2024-01-28T02:41:11.157+0000] {processor.py:840} INFO - DAG(s) 'example_branch_labels' retrieved from /home/airflow/.local/lib/python3.8/site-packages/airflow/example_dags/example_branch_labels.py
[2024-01-28T02:41:11.205+0000] {logging_mixin.py:188} INFO - [2024-01-28T02:41:11.205+0000] {dag.py:3036} INFO - Sync 1 DAGs
[2024-01-28T02:41:11.242+0000] {logging_mixin.py:188} INFO - [2024-01-28T02:41:11.242+0000] {dag.py:3823} INFO - Setting next_dagrun for example_branch_labels to 2024-01-27 00:00:00+00:00, run_after=2024-01-28 00:00:00+00:00
[2024-01-28T02:41:11.296+0000] {processor.py:183} INFO - Processing /home/airflow/.local/lib/python3.8/site-packages/airflow/example_dags/example_branch_labels.py took 0.182 seconds
[2024-01-28T02:41:41.985+0000] {processor.py:161} INFO - Started process (PID=887) to work on /home/airflow/.local/lib/python3.8/site-packages/airflow/example_dags/example_branch_labels.py
[2024-01-28T02:41:41.986+0000] {processor.py:830} INFO - Processing file /home/airflow/.local/lib/python3.8/site-packages/airflow/example_dags/example_branch_labels.py for tasks to queue
[2024-01-28T02:41:41.987+0000] {logging_mixin.py:188} INFO - [2024-01-28T02:41:41.987+0000] {dagbag.py:538} INFO - Filling up the DagBag from /home/airflow/.local/lib/python3.8/site-packages/airflow/example_dags/example_branch_labels.py
[2024-01-28T02:41:41.996+0000] {processor.py:840} INFO - DAG(s) 'example_branch_labels' retrieved from /home/airflow/.local/lib/python3.8/site-packages/airflow/example_dags/example_branch_labels.py
[2024-01-28T02:41:42.017+0000] {logging_mixin.py:188} INFO - [2024-01-28T02:41:42.016+0000] {dag.py:3036} INFO - Sync 1 DAGs
[2024-01-28T02:41:42.041+0000] {logging_mixin.py:188} INFO - [2024-01-28T02:41:42.040+0000] {dag.py:3823} INFO - Setting next_dagrun for example_branch_labels to 2024-01-27 00:00:00+00:00, run_after=2024-01-28 00:00:00+00:00
[2024-01-28T02:41:42.061+0000] {processor.py:183} INFO - Processing /home/airflow/.local/lib/python3.8/site-packages/airflow/example_dags/example_branch_labels.py took 0.079 seconds
[2024-01-28T02:42:12.561+0000] {processor.py:161} INFO - Started process (PID=1191) to work on /home/airflow/.local/lib/python3.8/site-packages/airflow/example_dags/example_branch_labels.py
[2024-01-28T02:42:12.563+0000] {processor.py:830} INFO - Processing file /home/airflow/.local/lib/python3.8/site-packages/airflow/example_dags/example_branch_labels.py for tasks to queue
[2024-01-28T02:42:12.565+0000] {logging_mixin.py:188} INFO - [2024-01-28T02:42:12.564+0000] {dagbag.py:538} INFO - Filling up the DagBag from /home/airflow/.local/lib/python3.8/site-packages/airflow/example_dags/example_branch_labels.py
[2024-01-28T02:42:12.578+0000] {processor.py:840} INFO - DAG(s) 'example_branch_labels' retrieved from /home/airflow/.local/lib/python3.8/site-packages/airflow/example_dags/example_branch_labels.py
[2024-01-28T02:42:12.612+0000] {logging_mixin.py:188} INFO - [2024-01-28T02:42:12.612+0000] {dag.py:3036} INFO - Sync 1 DAGs
[2024-01-28T02:42:12.661+0000] {logging_mixin.py:188} INFO - [2024-01-28T02:42:12.660+0000] {dag.py:3823} INFO - Setting next_dagrun for example_branch_labels to 2024-01-27 00:00:00+00:00, run_after=2024-01-28 00:00:00+00:00
[2024-01-28T02:42:12.758+0000] {processor.py:183} INFO - Processing /home/airflow/.local/lib/python3.8/site-packages/airflow/example_dags/example_branch_labels.py took 0.202 seconds
[2024-01-28T02:42:43.110+0000] {processor.py:161} INFO - Started process (PID=1492) to work on /home/airflow/.local/lib/python3.8/site-packages/airflow/example_dags/example_branch_labels.py
[2024-01-28T02:42:43.112+0000] {processor.py:830} INFO - Processing file /home/airflow/.local/lib/python3.8/site-packages/airflow/example_dags/example_branch_labels.py for tasks to queue
[2024-01-28T02:42:43.113+0000] {logging_mixin.py:188} INFO - [2024-01-28T02:42:43.113+0000] {dagbag.py:538} INFO - Filling up the DagBag from /home/airflow/.local/lib/python3.8/site-packages/airflow/example_dags/example_branch_labels.py
[2024-01-28T02:42:43.125+0000] {processor.py:840} INFO - DAG(s) 'example_branch_labels' retrieved from /home/airflow/.local/lib/python3.8/site-packages/airflow/example_dags/example_branch_labels.py
[2024-01-28T02:42:43.157+0000] {logging_mixin.py:188} INFO - [2024-01-28T02:42:43.157+0000] {dag.py:3036} INFO - Sync 1 DAGs
[2024-01-28T02:42:43.185+0000] {logging_mixin.py:188} INFO - [2024-01-28T02:42:43.185+0000] {dag.py:3823} INFO - Setting next_dagrun for example_branch_labels to 2024-01-27 00:00:00+00:00, run_after=2024-01-28 00:00:00+00:00
[2024-01-28T02:42:43.206+0000] {processor.py:183} INFO - Processing /home/airflow/.local/lib/python3.8/site-packages/airflow/example_dags/example_branch_labels.py took 0.100 seconds
[2024-01-28T02:43:13.918+0000] {processor.py:161} INFO - Started process (PID=1800) to work on /home/airflow/.local/lib/python3.8/site-packages/airflow/example_dags/example_branch_labels.py
[2024-01-28T02:43:13.920+0000] {processor.py:830} INFO - Processing file /home/airflow/.local/lib/python3.8/site-packages/airflow/example_dags/example_branch_labels.py for tasks to queue
[2024-01-28T02:43:13.922+0000] {logging_mixin.py:188} INFO - [2024-01-28T02:43:13.921+0000] {dagbag.py:538} INFO - Filling up the DagBag from /home/airflow/.local/lib/python3.8/site-packages/airflow/example_dags/example_branch_labels.py
[2024-01-28T02:43:13.996+0000] {processor.py:840} INFO - DAG(s) 'example_branch_labels' retrieved from /home/airflow/.local/lib/python3.8/site-packages/airflow/example_dags/example_branch_labels.py
[2024-01-28T02:43:14.287+0000] {logging_mixin.py:188} INFO - [2024-01-28T02:43:14.287+0000] {dag.py:3036} INFO - Sync 1 DAGs
[2024-01-28T02:43:14.385+0000] {logging_mixin.py:188} INFO - [2024-01-28T02:43:14.384+0000] {dag.py:3823} INFO - Setting next_dagrun for example_branch_labels to 2024-01-27 00:00:00+00:00, run_after=2024-01-28 00:00:00+00:00
[2024-01-28T02:43:14.448+0000] {processor.py:183} INFO - Processing /home/airflow/.local/lib/python3.8/site-packages/airflow/example_dags/example_branch_labels.py took 0.536 seconds
[2024-01-28T02:43:45.326+0000] {processor.py:161} INFO - Started process (PID=2108) to work on /home/airflow/.local/lib/python3.8/site-packages/airflow/example_dags/example_branch_labels.py
[2024-01-28T02:43:45.327+0000] {processor.py:830} INFO - Processing file /home/airflow/.local/lib/python3.8/site-packages/airflow/example_dags/example_branch_labels.py for tasks to queue
[2024-01-28T02:43:45.328+0000] {logging_mixin.py:188} INFO - [2024-01-28T02:43:45.327+0000] {dagbag.py:538} INFO - Filling up the DagBag from /home/airflow/.local/lib/python3.8/site-packages/airflow/example_dags/example_branch_labels.py
[2024-01-28T02:43:45.337+0000] {processor.py:840} INFO - DAG(s) 'example_branch_labels' retrieved from /home/airflow/.local/lib/python3.8/site-packages/airflow/example_dags/example_branch_labels.py
[2024-01-28T02:43:45.382+0000] {logging_mixin.py:188} INFO - [2024-01-28T02:43:45.381+0000] {dag.py:3036} INFO - Sync 1 DAGs
[2024-01-28T02:43:45.456+0000] {logging_mixin.py:188} INFO - [2024-01-28T02:43:45.456+0000] {dag.py:3823} INFO - Setting next_dagrun for example_branch_labels to 2024-01-27 00:00:00+00:00, run_after=2024-01-28 00:00:00+00:00
[2024-01-28T02:43:45.492+0000] {processor.py:183} INFO - Processing /home/airflow/.local/lib/python3.8/site-packages/airflow/example_dags/example_branch_labels.py took 0.170 seconds
[2024-01-28T02:44:15.664+0000] {processor.py:161} INFO - Started process (PID=2416) to work on /home/airflow/.local/lib/python3.8/site-packages/airflow/example_dags/example_branch_labels.py
[2024-01-28T02:44:15.665+0000] {processor.py:830} INFO - Processing file /home/airflow/.local/lib/python3.8/site-packages/airflow/example_dags/example_branch_labels.py for tasks to queue
[2024-01-28T02:44:15.667+0000] {logging_mixin.py:188} INFO - [2024-01-28T02:44:15.666+0000] {dagbag.py:538} INFO - Filling up the DagBag from /home/airflow/.local/lib/python3.8/site-packages/airflow/example_dags/example_branch_labels.py
[2024-01-28T02:44:15.675+0000] {processor.py:840} INFO - DAG(s) 'example_branch_labels' retrieved from /home/airflow/.local/lib/python3.8/site-packages/airflow/example_dags/example_branch_labels.py
[2024-01-28T02:44:15.707+0000] {logging_mixin.py:188} INFO - [2024-01-28T02:44:15.706+0000] {dag.py:3036} INFO - Sync 1 DAGs
[2024-01-28T02:44:15.737+0000] {logging_mixin.py:188} INFO - [2024-01-28T02:44:15.737+0000] {dag.py:3823} INFO - Setting next_dagrun for example_branch_labels to 2024-01-27 00:00:00+00:00, run_after=2024-01-28 00:00:00+00:00
[2024-01-28T02:44:15.767+0000] {processor.py:183} INFO - Processing /home/airflow/.local/lib/python3.8/site-packages/airflow/example_dags/example_branch_labels.py took 0.106 seconds
[2024-01-28T02:44:46.306+0000] {processor.py:161} INFO - Started process (PID=2727) to work on /home/airflow/.local/lib/python3.8/site-packages/airflow/example_dags/example_branch_labels.py
[2024-01-28T02:44:46.308+0000] {processor.py:830} INFO - Processing file /home/airflow/.local/lib/python3.8/site-packages/airflow/example_dags/example_branch_labels.py for tasks to queue
[2024-01-28T02:44:46.310+0000] {logging_mixin.py:188} INFO - [2024-01-28T02:44:46.309+0000] {dagbag.py:538} INFO - Filling up the DagBag from /home/airflow/.local/lib/python3.8/site-packages/airflow/example_dags/example_branch_labels.py
[2024-01-28T02:44:46.319+0000] {processor.py:840} INFO - DAG(s) 'example_branch_labels' retrieved from /home/airflow/.local/lib/python3.8/site-packages/airflow/example_dags/example_branch_labels.py
[2024-01-28T02:44:46.372+0000] {logging_mixin.py:188} INFO - [2024-01-28T02:44:46.372+0000] {dag.py:3036} INFO - Sync 1 DAGs
[2024-01-28T02:44:46.452+0000] {logging_mixin.py:188} INFO - [2024-01-28T02:44:46.452+0000] {dag.py:3823} INFO - Setting next_dagrun for example_branch_labels to 2024-01-27 00:00:00+00:00, run_after=2024-01-28 00:00:00+00:00
[2024-01-28T02:44:46.501+0000] {processor.py:183} INFO - Processing /home/airflow/.local/lib/python3.8/site-packages/airflow/example_dags/example_branch_labels.py took 0.197 seconds
[2024-01-28T02:45:16.648+0000] {processor.py:161} INFO - Started process (PID=3038) to work on /home/airflow/.local/lib/python3.8/site-packages/airflow/example_dags/example_branch_labels.py
[2024-01-28T02:45:16.649+0000] {processor.py:830} INFO - Processing file /home/airflow/.local/lib/python3.8/site-packages/airflow/example_dags/example_branch_labels.py for tasks to queue
[2024-01-28T02:45:16.652+0000] {logging_mixin.py:188} INFO - [2024-01-28T02:45:16.651+0000] {dagbag.py:538} INFO - Filling up the DagBag from /home/airflow/.local/lib/python3.8/site-packages/airflow/example_dags/example_branch_labels.py
[2024-01-28T02:45:16.661+0000] {processor.py:840} INFO - DAG(s) 'example_branch_labels' retrieved from /home/airflow/.local/lib/python3.8/site-packages/airflow/example_dags/example_branch_labels.py
[2024-01-28T02:45:16.692+0000] {logging_mixin.py:188} INFO - [2024-01-28T02:45:16.692+0000] {dag.py:3036} INFO - Sync 1 DAGs
[2024-01-28T02:45:16.717+0000] {logging_mixin.py:188} INFO - [2024-01-28T02:45:16.717+0000] {dag.py:3823} INFO - Setting next_dagrun for example_branch_labels to 2024-01-27 00:00:00+00:00, run_after=2024-01-28 00:00:00+00:00
[2024-01-28T02:45:16.741+0000] {processor.py:183} INFO - Processing /home/airflow/.local/lib/python3.8/site-packages/airflow/example_dags/example_branch_labels.py took 0.096 seconds
[2024-01-28T02:45:47.029+0000] {processor.py:161} INFO - Started process (PID=3349) to work on /home/airflow/.local/lib/python3.8/site-packages/airflow/example_dags/example_branch_labels.py
[2024-01-28T02:45:47.031+0000] {processor.py:830} INFO - Processing file /home/airflow/.local/lib/python3.8/site-packages/airflow/example_dags/example_branch_labels.py for tasks to queue
[2024-01-28T02:45:47.033+0000] {logging_mixin.py:188} INFO - [2024-01-28T02:45:47.032+0000] {dagbag.py:538} INFO - Filling up the DagBag from /home/airflow/.local/lib/python3.8/site-packages/airflow/example_dags/example_branch_labels.py
[2024-01-28T02:45:47.040+0000] {processor.py:840} INFO - DAG(s) 'example_branch_labels' retrieved from /home/airflow/.local/lib/python3.8/site-packages/airflow/example_dags/example_branch_labels.py
[2024-01-28T02:45:47.062+0000] {logging_mixin.py:188} INFO - [2024-01-28T02:45:47.061+0000] {dag.py:3036} INFO - Sync 1 DAGs
[2024-01-28T02:45:47.084+0000] {logging_mixin.py:188} INFO - [2024-01-28T02:45:47.083+0000] {dag.py:3823} INFO - Setting next_dagrun for example_branch_labels to 2024-01-27 00:00:00+00:00, run_after=2024-01-28 00:00:00+00:00
[2024-01-28T02:45:47.112+0000] {processor.py:183} INFO - Processing /home/airflow/.local/lib/python3.8/site-packages/airflow/example_dags/example_branch_labels.py took 0.087 seconds
[2024-01-28T02:46:17.482+0000] {processor.py:161} INFO - Started process (PID=3660) to work on /home/airflow/.local/lib/python3.8/site-packages/airflow/example_dags/example_branch_labels.py
[2024-01-28T02:46:17.483+0000] {processor.py:830} INFO - Processing file /home/airflow/.local/lib/python3.8/site-packages/airflow/example_dags/example_branch_labels.py for tasks to queue
[2024-01-28T02:46:17.485+0000] {logging_mixin.py:188} INFO - [2024-01-28T02:46:17.484+0000] {dagbag.py:538} INFO - Filling up the DagBag from /home/airflow/.local/lib/python3.8/site-packages/airflow/example_dags/example_branch_labels.py
[2024-01-28T02:46:17.499+0000] {processor.py:840} INFO - DAG(s) 'example_branch_labels' retrieved from /home/airflow/.local/lib/python3.8/site-packages/airflow/example_dags/example_branch_labels.py
[2024-01-28T02:46:17.533+0000] {logging_mixin.py:188} INFO - [2024-01-28T02:46:17.532+0000] {dag.py:3036} INFO - Sync 1 DAGs
[2024-01-28T02:46:17.566+0000] {logging_mixin.py:188} INFO - [2024-01-28T02:46:17.566+0000] {dag.py:3823} INFO - Setting next_dagrun for example_branch_labels to 2024-01-27 00:00:00+00:00, run_after=2024-01-28 00:00:00+00:00
[2024-01-28T02:46:17.589+0000] {processor.py:183} INFO - Processing /home/airflow/.local/lib/python3.8/site-packages/airflow/example_dags/example_branch_labels.py took 0.111 seconds
[2024-01-28T02:46:48.265+0000] {processor.py:161} INFO - Started process (PID=3965) to work on /home/airflow/.local/lib/python3.8/site-packages/airflow/example_dags/example_branch_labels.py
[2024-01-28T02:46:48.266+0000] {processor.py:830} INFO - Processing file /home/airflow/.local/lib/python3.8/site-packages/airflow/example_dags/example_branch_labels.py for tasks to queue
[2024-01-28T02:46:48.267+0000] {logging_mixin.py:188} INFO - [2024-01-28T02:46:48.267+0000] {dagbag.py:538} INFO - Filling up the DagBag from /home/airflow/.local/lib/python3.8/site-packages/airflow/example_dags/example_branch_labels.py
[2024-01-28T02:46:48.285+0000] {processor.py:840} INFO - DAG(s) 'example_branch_labels' retrieved from /home/airflow/.local/lib/python3.8/site-packages/airflow/example_dags/example_branch_labels.py
[2024-01-28T02:46:48.332+0000] {logging_mixin.py:188} INFO - [2024-01-28T02:46:48.331+0000] {dag.py:3036} INFO - Sync 1 DAGs
[2024-01-28T02:46:48.361+0000] {logging_mixin.py:188} INFO - [2024-01-28T02:46:48.361+0000] {dag.py:3823} INFO - Setting next_dagrun for example_branch_labels to 2024-01-27 00:00:00+00:00, run_after=2024-01-28 00:00:00+00:00
[2024-01-28T02:46:48.394+0000] {processor.py:183} INFO - Processing /home/airflow/.local/lib/python3.8/site-packages/airflow/example_dags/example_branch_labels.py took 0.133 seconds
[2024-01-28T02:47:21.515+0000] {processor.py:161} INFO - Started process (PID=4279) to work on /home/airflow/.local/lib/python3.8/site-packages/airflow/example_dags/example_branch_labels.py
[2024-01-28T02:47:21.517+0000] {processor.py:830} INFO - Processing file /home/airflow/.local/lib/python3.8/site-packages/airflow/example_dags/example_branch_labels.py for tasks to queue
[2024-01-28T02:47:21.520+0000] {logging_mixin.py:188} INFO - [2024-01-28T02:47:21.519+0000] {dagbag.py:538} INFO - Filling up the DagBag from /home/airflow/.local/lib/python3.8/site-packages/airflow/example_dags/example_branch_labels.py
[2024-01-28T02:47:21.562+0000] {processor.py:840} INFO - DAG(s) 'example_branch_labels' retrieved from /home/airflow/.local/lib/python3.8/site-packages/airflow/example_dags/example_branch_labels.py
[2024-01-28T02:47:21.648+0000] {logging_mixin.py:188} INFO - [2024-01-28T02:47:21.647+0000] {dag.py:3036} INFO - Sync 1 DAGs
[2024-01-28T02:47:21.744+0000] {logging_mixin.py:188} INFO - [2024-01-28T02:47:21.744+0000] {dag.py:3823} INFO - Setting next_dagrun for example_branch_labels to 2024-01-27 00:00:00+00:00, run_after=2024-01-28 00:00:00+00:00
[2024-01-28T02:47:21.811+0000] {processor.py:183} INFO - Processing /home/airflow/.local/lib/python3.8/site-packages/airflow/example_dags/example_branch_labels.py took 0.310 seconds
[2024-01-28T02:47:52.339+0000] {processor.py:161} INFO - Started process (PID=4577) to work on /home/airflow/.local/lib/python3.8/site-packages/airflow/example_dags/example_branch_labels.py
[2024-01-28T02:47:52.341+0000] {processor.py:830} INFO - Processing file /home/airflow/.local/lib/python3.8/site-packages/airflow/example_dags/example_branch_labels.py for tasks to queue
[2024-01-28T02:47:52.342+0000] {logging_mixin.py:188} INFO - [2024-01-28T02:47:52.342+0000] {dagbag.py:538} INFO - Filling up the DagBag from /home/airflow/.local/lib/python3.8/site-packages/airflow/example_dags/example_branch_labels.py
[2024-01-28T02:47:52.351+0000] {processor.py:840} INFO - DAG(s) 'example_branch_labels' retrieved from /home/airflow/.local/lib/python3.8/site-packages/airflow/example_dags/example_branch_labels.py
[2024-01-28T02:47:52.373+0000] {logging_mixin.py:188} INFO - [2024-01-28T02:47:52.372+0000] {dag.py:3036} INFO - Sync 1 DAGs
[2024-01-28T02:47:52.400+0000] {logging_mixin.py:188} INFO - [2024-01-28T02:47:52.399+0000] {dag.py:3823} INFO - Setting next_dagrun for example_branch_labels to 2024-01-27 00:00:00+00:00, run_after=2024-01-28 00:00:00+00:00
[2024-01-28T02:47:52.425+0000] {processor.py:183} INFO - Processing /home/airflow/.local/lib/python3.8/site-packages/airflow/example_dags/example_branch_labels.py took 0.088 seconds
[2024-01-28T02:48:22.547+0000] {processor.py:161} INFO - Started process (PID=4887) to work on /home/airflow/.local/lib/python3.8/site-packages/airflow/example_dags/example_branch_labels.py
[2024-01-28T02:48:22.548+0000] {processor.py:830} INFO - Processing file /home/airflow/.local/lib/python3.8/site-packages/airflow/example_dags/example_branch_labels.py for tasks to queue
[2024-01-28T02:48:22.551+0000] {logging_mixin.py:188} INFO - [2024-01-28T02:48:22.550+0000] {dagbag.py:538} INFO - Filling up the DagBag from /home/airflow/.local/lib/python3.8/site-packages/airflow/example_dags/example_branch_labels.py
[2024-01-28T02:48:22.559+0000] {processor.py:840} INFO - DAG(s) 'example_branch_labels' retrieved from /home/airflow/.local/lib/python3.8/site-packages/airflow/example_dags/example_branch_labels.py
[2024-01-28T02:48:22.584+0000] {logging_mixin.py:188} INFO - [2024-01-28T02:48:22.583+0000] {dag.py:3036} INFO - Sync 1 DAGs
[2024-01-28T02:48:22.606+0000] {logging_mixin.py:188} INFO - [2024-01-28T02:48:22.606+0000] {dag.py:3823} INFO - Setting next_dagrun for example_branch_labels to 2024-01-27 00:00:00+00:00, run_after=2024-01-28 00:00:00+00:00
[2024-01-28T02:48:22.628+0000] {processor.py:183} INFO - Processing /home/airflow/.local/lib/python3.8/site-packages/airflow/example_dags/example_branch_labels.py took 0.084 seconds
[2024-01-28T02:48:52.858+0000] {processor.py:161} INFO - Started process (PID=5198) to work on /home/airflow/.local/lib/python3.8/site-packages/airflow/example_dags/example_branch_labels.py
[2024-01-28T02:48:52.859+0000] {processor.py:830} INFO - Processing file /home/airflow/.local/lib/python3.8/site-packages/airflow/example_dags/example_branch_labels.py for tasks to queue
[2024-01-28T02:48:52.860+0000] {logging_mixin.py:188} INFO - [2024-01-28T02:48:52.860+0000] {dagbag.py:538} INFO - Filling up the DagBag from /home/airflow/.local/lib/python3.8/site-packages/airflow/example_dags/example_branch_labels.py
[2024-01-28T02:48:52.867+0000] {processor.py:840} INFO - DAG(s) 'example_branch_labels' retrieved from /home/airflow/.local/lib/python3.8/site-packages/airflow/example_dags/example_branch_labels.py
[2024-01-28T02:48:52.887+0000] {logging_mixin.py:188} INFO - [2024-01-28T02:48:52.886+0000] {dag.py:3036} INFO - Sync 1 DAGs
[2024-01-28T02:48:52.907+0000] {logging_mixin.py:188} INFO - [2024-01-28T02:48:52.907+0000] {dag.py:3823} INFO - Setting next_dagrun for example_branch_labels to 2024-01-27 00:00:00+00:00, run_after=2024-01-28 00:00:00+00:00
[2024-01-28T02:48:52.926+0000] {processor.py:183} INFO - Processing /home/airflow/.local/lib/python3.8/site-packages/airflow/example_dags/example_branch_labels.py took 0.071 seconds
[2024-01-28T02:49:23.476+0000] {processor.py:161} INFO - Started process (PID=5482) to work on /home/airflow/.local/lib/python3.8/site-packages/airflow/example_dags/example_branch_labels.py
[2024-01-28T02:49:23.478+0000] {processor.py:830} INFO - Processing file /home/airflow/.local/lib/python3.8/site-packages/airflow/example_dags/example_branch_labels.py for tasks to queue
[2024-01-28T02:49:23.479+0000] {logging_mixin.py:188} INFO - [2024-01-28T02:49:23.479+0000] {dagbag.py:538} INFO - Filling up the DagBag from /home/airflow/.local/lib/python3.8/site-packages/airflow/example_dags/example_branch_labels.py
[2024-01-28T02:49:23.489+0000] {processor.py:840} INFO - DAG(s) 'example_branch_labels' retrieved from /home/airflow/.local/lib/python3.8/site-packages/airflow/example_dags/example_branch_labels.py
[2024-01-28T02:49:23.515+0000] {logging_mixin.py:188} INFO - [2024-01-28T02:49:23.514+0000] {dag.py:3036} INFO - Sync 1 DAGs
[2024-01-28T02:49:23.539+0000] {logging_mixin.py:188} INFO - [2024-01-28T02:49:23.539+0000] {dag.py:3823} INFO - Setting next_dagrun for example_branch_labels to 2024-01-27 00:00:00+00:00, run_after=2024-01-28 00:00:00+00:00
[2024-01-28T02:49:23.563+0000] {processor.py:183} INFO - Processing /home/airflow/.local/lib/python3.8/site-packages/airflow/example_dags/example_branch_labels.py took 0.090 seconds
[2024-01-28T02:49:53.761+0000] {processor.py:161} INFO - Started process (PID=5787) to work on /home/airflow/.local/lib/python3.8/site-packages/airflow/example_dags/example_branch_labels.py
[2024-01-28T02:49:53.762+0000] {processor.py:830} INFO - Processing file /home/airflow/.local/lib/python3.8/site-packages/airflow/example_dags/example_branch_labels.py for tasks to queue
[2024-01-28T02:49:53.763+0000] {logging_mixin.py:188} INFO - [2024-01-28T02:49:53.763+0000] {dagbag.py:538} INFO - Filling up the DagBag from /home/airflow/.local/lib/python3.8/site-packages/airflow/example_dags/example_branch_labels.py
[2024-01-28T02:49:53.772+0000] {processor.py:840} INFO - DAG(s) 'example_branch_labels' retrieved from /home/airflow/.local/lib/python3.8/site-packages/airflow/example_dags/example_branch_labels.py
[2024-01-28T02:49:53.795+0000] {logging_mixin.py:188} INFO - [2024-01-28T02:49:53.795+0000] {dag.py:3036} INFO - Sync 1 DAGs
[2024-01-28T02:49:53.819+0000] {logging_mixin.py:188} INFO - [2024-01-28T02:49:53.819+0000] {dag.py:3823} INFO - Setting next_dagrun for example_branch_labels to 2024-01-27 00:00:00+00:00, run_after=2024-01-28 00:00:00+00:00
[2024-01-28T02:49:53.843+0000] {processor.py:183} INFO - Processing /home/airflow/.local/lib/python3.8/site-packages/airflow/example_dags/example_branch_labels.py took 0.086 seconds
[2024-01-28T02:50:24.869+0000] {processor.py:161} INFO - Started process (PID=6089) to work on /home/airflow/.local/lib/python3.8/site-packages/airflow/example_dags/example_branch_labels.py
[2024-01-28T02:50:24.871+0000] {processor.py:830} INFO - Processing file /home/airflow/.local/lib/python3.8/site-packages/airflow/example_dags/example_branch_labels.py for tasks to queue
[2024-01-28T02:50:24.873+0000] {logging_mixin.py:188} INFO - [2024-01-28T02:50:24.872+0000] {dagbag.py:538} INFO - Filling up the DagBag from /home/airflow/.local/lib/python3.8/site-packages/airflow/example_dags/example_branch_labels.py
[2024-01-28T02:50:24.881+0000] {processor.py:840} INFO - DAG(s) 'example_branch_labels' retrieved from /home/airflow/.local/lib/python3.8/site-packages/airflow/example_dags/example_branch_labels.py
[2024-01-28T02:50:24.902+0000] {logging_mixin.py:188} INFO - [2024-01-28T02:50:24.902+0000] {dag.py:3036} INFO - Sync 1 DAGs
[2024-01-28T02:50:24.930+0000] {logging_mixin.py:188} INFO - [2024-01-28T02:50:24.930+0000] {dag.py:3823} INFO - Setting next_dagrun for example_branch_labels to 2024-01-27 00:00:00+00:00, run_after=2024-01-28 00:00:00+00:00
[2024-01-28T02:50:24.956+0000] {processor.py:183} INFO - Processing /home/airflow/.local/lib/python3.8/site-packages/airflow/example_dags/example_branch_labels.py took 0.091 seconds
[2024-01-28T02:50:55.266+0000] {processor.py:161} INFO - Started process (PID=6395) to work on /home/airflow/.local/lib/python3.8/site-packages/airflow/example_dags/example_branch_labels.py
[2024-01-28T02:50:55.267+0000] {processor.py:830} INFO - Processing file /home/airflow/.local/lib/python3.8/site-packages/airflow/example_dags/example_branch_labels.py for tasks to queue
[2024-01-28T02:50:55.268+0000] {logging_mixin.py:188} INFO - [2024-01-28T02:50:55.268+0000] {dagbag.py:538} INFO - Filling up the DagBag from /home/airflow/.local/lib/python3.8/site-packages/airflow/example_dags/example_branch_labels.py
[2024-01-28T02:50:55.274+0000] {processor.py:840} INFO - DAG(s) 'example_branch_labels' retrieved from /home/airflow/.local/lib/python3.8/site-packages/airflow/example_dags/example_branch_labels.py
[2024-01-28T02:50:55.295+0000] {logging_mixin.py:188} INFO - [2024-01-28T02:50:55.294+0000] {dag.py:3036} INFO - Sync 1 DAGs
[2024-01-28T02:50:55.439+0000] {logging_mixin.py:188} INFO - [2024-01-28T02:50:55.439+0000] {dag.py:3823} INFO - Setting next_dagrun for example_branch_labels to 2024-01-27 00:00:00+00:00, run_after=2024-01-28 00:00:00+00:00
[2024-01-28T02:50:55.468+0000] {processor.py:183} INFO - Processing /home/airflow/.local/lib/python3.8/site-packages/airflow/example_dags/example_branch_labels.py took 0.205 seconds
[2024-01-28T02:51:26.194+0000] {processor.py:161} INFO - Started process (PID=6705) to work on /home/airflow/.local/lib/python3.8/site-packages/airflow/example_dags/example_branch_labels.py
[2024-01-28T02:51:26.195+0000] {processor.py:830} INFO - Processing file /home/airflow/.local/lib/python3.8/site-packages/airflow/example_dags/example_branch_labels.py for tasks to queue
[2024-01-28T02:51:26.196+0000] {logging_mixin.py:188} INFO - [2024-01-28T02:51:26.196+0000] {dagbag.py:538} INFO - Filling up the DagBag from /home/airflow/.local/lib/python3.8/site-packages/airflow/example_dags/example_branch_labels.py
[2024-01-28T02:51:26.206+0000] {processor.py:840} INFO - DAG(s) 'example_branch_labels' retrieved from /home/airflow/.local/lib/python3.8/site-packages/airflow/example_dags/example_branch_labels.py
[2024-01-28T02:51:26.227+0000] {logging_mixin.py:188} INFO - [2024-01-28T02:51:26.227+0000] {dag.py:3036} INFO - Sync 1 DAGs
[2024-01-28T02:51:26.250+0000] {logging_mixin.py:188} INFO - [2024-01-28T02:51:26.250+0000] {dag.py:3823} INFO - Setting next_dagrun for example_branch_labels to 2024-01-27 00:00:00+00:00, run_after=2024-01-28 00:00:00+00:00
[2024-01-28T02:51:26.271+0000] {processor.py:183} INFO - Processing /home/airflow/.local/lib/python3.8/site-packages/airflow/example_dags/example_branch_labels.py took 0.080 seconds
[2024-01-28T02:51:56.577+0000] {processor.py:161} INFO - Started process (PID=7016) to work on /home/airflow/.local/lib/python3.8/site-packages/airflow/example_dags/example_branch_labels.py
[2024-01-28T02:51:56.578+0000] {processor.py:830} INFO - Processing file /home/airflow/.local/lib/python3.8/site-packages/airflow/example_dags/example_branch_labels.py for tasks to queue
[2024-01-28T02:51:56.580+0000] {logging_mixin.py:188} INFO - [2024-01-28T02:51:56.579+0000] {dagbag.py:538} INFO - Filling up the DagBag from /home/airflow/.local/lib/python3.8/site-packages/airflow/example_dags/example_branch_labels.py
[2024-01-28T02:51:56.590+0000] {processor.py:840} INFO - DAG(s) 'example_branch_labels' retrieved from /home/airflow/.local/lib/python3.8/site-packages/airflow/example_dags/example_branch_labels.py
[2024-01-28T02:51:56.616+0000] {logging_mixin.py:188} INFO - [2024-01-28T02:51:56.615+0000] {dag.py:3036} INFO - Sync 1 DAGs
[2024-01-28T02:51:56.640+0000] {logging_mixin.py:188} INFO - [2024-01-28T02:51:56.640+0000] {dag.py:3823} INFO - Setting next_dagrun for example_branch_labels to 2024-01-27 00:00:00+00:00, run_after=2024-01-28 00:00:00+00:00
[2024-01-28T02:51:56.665+0000] {processor.py:183} INFO - Processing /home/airflow/.local/lib/python3.8/site-packages/airflow/example_dags/example_branch_labels.py took 0.093 seconds
[2024-01-28T02:52:28.279+0000] {processor.py:161} INFO - Started process (PID=7327) to work on /home/airflow/.local/lib/python3.8/site-packages/airflow/example_dags/example_branch_labels.py
[2024-01-28T02:52:28.280+0000] {processor.py:830} INFO - Processing file /home/airflow/.local/lib/python3.8/site-packages/airflow/example_dags/example_branch_labels.py for tasks to queue
[2024-01-28T02:52:28.281+0000] {logging_mixin.py:188} INFO - [2024-01-28T02:52:28.281+0000] {dagbag.py:538} INFO - Filling up the DagBag from /home/airflow/.local/lib/python3.8/site-packages/airflow/example_dags/example_branch_labels.py
[2024-01-28T02:52:28.300+0000] {processor.py:840} INFO - DAG(s) 'example_branch_labels' retrieved from /home/airflow/.local/lib/python3.8/site-packages/airflow/example_dags/example_branch_labels.py
[2024-01-28T02:52:28.373+0000] {logging_mixin.py:188} INFO - [2024-01-28T02:52:28.373+0000] {dag.py:3036} INFO - Sync 1 DAGs
[2024-01-28T02:52:28.451+0000] {logging_mixin.py:188} INFO - [2024-01-28T02:52:28.451+0000] {dag.py:3823} INFO - Setting next_dagrun for example_branch_labels to 2024-01-27 00:00:00+00:00, run_after=2024-01-28 00:00:00+00:00
[2024-01-28T02:52:28.799+0000] {processor.py:183} INFO - Processing /home/airflow/.local/lib/python3.8/site-packages/airflow/example_dags/example_branch_labels.py took 0.525 seconds
[2024-01-28T02:52:58.915+0000] {processor.py:161} INFO - Started process (PID=7640) to work on /home/airflow/.local/lib/python3.8/site-packages/airflow/example_dags/example_branch_labels.py
[2024-01-28T02:52:58.917+0000] {processor.py:830} INFO - Processing file /home/airflow/.local/lib/python3.8/site-packages/airflow/example_dags/example_branch_labels.py for tasks to queue
[2024-01-28T02:52:58.918+0000] {logging_mixin.py:188} INFO - [2024-01-28T02:52:58.918+0000] {dagbag.py:538} INFO - Filling up the DagBag from /home/airflow/.local/lib/python3.8/site-packages/airflow/example_dags/example_branch_labels.py
[2024-01-28T02:52:58.926+0000] {processor.py:840} INFO - DAG(s) 'example_branch_labels' retrieved from /home/airflow/.local/lib/python3.8/site-packages/airflow/example_dags/example_branch_labels.py
[2024-01-28T02:52:58.952+0000] {logging_mixin.py:188} INFO - [2024-01-28T02:52:58.952+0000] {dag.py:3036} INFO - Sync 1 DAGs
[2024-01-28T02:52:58.984+0000] {logging_mixin.py:188} INFO - [2024-01-28T02:52:58.983+0000] {dag.py:3823} INFO - Setting next_dagrun for example_branch_labels to 2024-01-27 00:00:00+00:00, run_after=2024-01-28 00:00:00+00:00
[2024-01-28T02:52:59.015+0000] {processor.py:183} INFO - Processing /home/airflow/.local/lib/python3.8/site-packages/airflow/example_dags/example_branch_labels.py took 0.103 seconds
[2024-01-28T02:53:29.285+0000] {processor.py:161} INFO - Started process (PID=7954) to work on /home/airflow/.local/lib/python3.8/site-packages/airflow/example_dags/example_branch_labels.py
[2024-01-28T02:53:29.287+0000] {processor.py:830} INFO - Processing file /home/airflow/.local/lib/python3.8/site-packages/airflow/example_dags/example_branch_labels.py for tasks to queue
[2024-01-28T02:53:29.288+0000] {logging_mixin.py:188} INFO - [2024-01-28T02:53:29.288+0000] {dagbag.py:538} INFO - Filling up the DagBag from /home/airflow/.local/lib/python3.8/site-packages/airflow/example_dags/example_branch_labels.py
[2024-01-28T02:53:29.297+0000] {processor.py:840} INFO - DAG(s) 'example_branch_labels' retrieved from /home/airflow/.local/lib/python3.8/site-packages/airflow/example_dags/example_branch_labels.py
[2024-01-28T02:53:29.327+0000] {logging_mixin.py:188} INFO - [2024-01-28T02:53:29.327+0000] {dag.py:3036} INFO - Sync 1 DAGs
[2024-01-28T02:53:29.347+0000] {logging_mixin.py:188} INFO - [2024-01-28T02:53:29.347+0000] {dag.py:3823} INFO - Setting next_dagrun for example_branch_labels to 2024-01-27 00:00:00+00:00, run_after=2024-01-28 00:00:00+00:00
[2024-01-28T02:53:29.367+0000] {processor.py:183} INFO - Processing /home/airflow/.local/lib/python3.8/site-packages/airflow/example_dags/example_branch_labels.py took 0.086 seconds
[2024-01-28T02:53:59.554+0000] {processor.py:161} INFO - Started process (PID=8256) to work on /home/airflow/.local/lib/python3.8/site-packages/airflow/example_dags/example_branch_labels.py
[2024-01-28T02:53:59.555+0000] {processor.py:830} INFO - Processing file /home/airflow/.local/lib/python3.8/site-packages/airflow/example_dags/example_branch_labels.py for tasks to queue
[2024-01-28T02:53:59.556+0000] {logging_mixin.py:188} INFO - [2024-01-28T02:53:59.556+0000] {dagbag.py:538} INFO - Filling up the DagBag from /home/airflow/.local/lib/python3.8/site-packages/airflow/example_dags/example_branch_labels.py
[2024-01-28T02:53:59.563+0000] {processor.py:840} INFO - DAG(s) 'example_branch_labels' retrieved from /home/airflow/.local/lib/python3.8/site-packages/airflow/example_dags/example_branch_labels.py
[2024-01-28T02:53:59.587+0000] {logging_mixin.py:188} INFO - [2024-01-28T02:53:59.587+0000] {dag.py:3036} INFO - Sync 1 DAGs
[2024-01-28T02:53:59.610+0000] {logging_mixin.py:188} INFO - [2024-01-28T02:53:59.610+0000] {dag.py:3823} INFO - Setting next_dagrun for example_branch_labels to 2024-01-27 00:00:00+00:00, run_after=2024-01-28 00:00:00+00:00
[2024-01-28T02:53:59.633+0000] {processor.py:183} INFO - Processing /home/airflow/.local/lib/python3.8/site-packages/airflow/example_dags/example_branch_labels.py took 0.083 seconds
[2024-01-28T02:54:29.704+0000] {processor.py:161} INFO - Started process (PID=8559) to work on /home/airflow/.local/lib/python3.8/site-packages/airflow/example_dags/example_branch_labels.py
[2024-01-28T02:54:29.705+0000] {processor.py:830} INFO - Processing file /home/airflow/.local/lib/python3.8/site-packages/airflow/example_dags/example_branch_labels.py for tasks to queue
[2024-01-28T02:54:29.707+0000] {logging_mixin.py:188} INFO - [2024-01-28T02:54:29.706+0000] {dagbag.py:538} INFO - Filling up the DagBag from /home/airflow/.local/lib/python3.8/site-packages/airflow/example_dags/example_branch_labels.py
[2024-01-28T02:54:29.716+0000] {processor.py:840} INFO - DAG(s) 'example_branch_labels' retrieved from /home/airflow/.local/lib/python3.8/site-packages/airflow/example_dags/example_branch_labels.py
[2024-01-28T02:54:29.738+0000] {logging_mixin.py:188} INFO - [2024-01-28T02:54:29.737+0000] {dag.py:3036} INFO - Sync 1 DAGs
[2024-01-28T02:54:29.760+0000] {logging_mixin.py:188} INFO - [2024-01-28T02:54:29.759+0000] {dag.py:3823} INFO - Setting next_dagrun for example_branch_labels to 2024-01-27 00:00:00+00:00, run_after=2024-01-28 00:00:00+00:00
[2024-01-28T02:54:29.780+0000] {processor.py:183} INFO - Processing /home/airflow/.local/lib/python3.8/site-packages/airflow/example_dags/example_branch_labels.py took 0.082 seconds
[2024-01-28T02:55:00.148+0000] {processor.py:161} INFO - Started process (PID=8870) to work on /home/airflow/.local/lib/python3.8/site-packages/airflow/example_dags/example_branch_labels.py
[2024-01-28T02:55:00.150+0000] {processor.py:830} INFO - Processing file /home/airflow/.local/lib/python3.8/site-packages/airflow/example_dags/example_branch_labels.py for tasks to queue
[2024-01-28T02:55:00.151+0000] {logging_mixin.py:188} INFO - [2024-01-28T02:55:00.151+0000] {dagbag.py:538} INFO - Filling up the DagBag from /home/airflow/.local/lib/python3.8/site-packages/airflow/example_dags/example_branch_labels.py
[2024-01-28T02:55:00.163+0000] {processor.py:840} INFO - DAG(s) 'example_branch_labels' retrieved from /home/airflow/.local/lib/python3.8/site-packages/airflow/example_dags/example_branch_labels.py
[2024-01-28T02:55:00.188+0000] {logging_mixin.py:188} INFO - [2024-01-28T02:55:00.188+0000] {dag.py:3036} INFO - Sync 1 DAGs
[2024-01-28T02:55:00.215+0000] {logging_mixin.py:188} INFO - [2024-01-28T02:55:00.215+0000] {dag.py:3823} INFO - Setting next_dagrun for example_branch_labels to 2024-01-27 00:00:00+00:00, run_after=2024-01-28 00:00:00+00:00
[2024-01-28T02:55:00.239+0000] {processor.py:183} INFO - Processing /home/airflow/.local/lib/python3.8/site-packages/airflow/example_dags/example_branch_labels.py took 0.096 seconds
[2024-01-28T02:55:34.393+0000] {processor.py:161} INFO - Started process (PID=9057) to work on /home/airflow/.local/lib/python3.8/site-packages/airflow/example_dags/example_branch_labels.py
[2024-01-28T02:55:34.404+0000] {processor.py:830} INFO - Processing file /home/airflow/.local/lib/python3.8/site-packages/airflow/example_dags/example_branch_labels.py for tasks to queue
[2024-01-28T02:55:34.407+0000] {logging_mixin.py:188} INFO - [2024-01-28T02:55:34.406+0000] {dagbag.py:538} INFO - Filling up the DagBag from /home/airflow/.local/lib/python3.8/site-packages/airflow/example_dags/example_branch_labels.py
[2024-01-28T02:55:34.445+0000] {processor.py:840} INFO - DAG(s) 'example_branch_labels' retrieved from /home/airflow/.local/lib/python3.8/site-packages/airflow/example_dags/example_branch_labels.py
[2024-01-28T02:55:34.507+0000] {logging_mixin.py:188} INFO - [2024-01-28T02:55:34.506+0000] {dag.py:3036} INFO - Sync 1 DAGs
[2024-01-28T02:55:34.570+0000] {logging_mixin.py:188} INFO - [2024-01-28T02:55:34.570+0000] {dag.py:3823} INFO - Setting next_dagrun for example_branch_labels to 2024-01-27 00:00:00+00:00, run_after=2024-01-28 00:00:00+00:00
[2024-01-28T02:55:34.625+0000] {processor.py:183} INFO - Processing /home/airflow/.local/lib/python3.8/site-packages/airflow/example_dags/example_branch_labels.py took 0.246 seconds
[2024-01-28T02:56:05.298+0000] {processor.py:161} INFO - Started process (PID=9365) to work on /home/airflow/.local/lib/python3.8/site-packages/airflow/example_dags/example_branch_labels.py
[2024-01-28T02:56:05.300+0000] {processor.py:830} INFO - Processing file /home/airflow/.local/lib/python3.8/site-packages/airflow/example_dags/example_branch_labels.py for tasks to queue
[2024-01-28T02:56:05.301+0000] {logging_mixin.py:188} INFO - [2024-01-28T02:56:05.300+0000] {dagbag.py:538} INFO - Filling up the DagBag from /home/airflow/.local/lib/python3.8/site-packages/airflow/example_dags/example_branch_labels.py
[2024-01-28T02:56:05.310+0000] {processor.py:840} INFO - DAG(s) 'example_branch_labels' retrieved from /home/airflow/.local/lib/python3.8/site-packages/airflow/example_dags/example_branch_labels.py
[2024-01-28T02:56:05.336+0000] {logging_mixin.py:188} INFO - [2024-01-28T02:56:05.336+0000] {dag.py:3036} INFO - Sync 1 DAGs
[2024-01-28T02:56:05.361+0000] {logging_mixin.py:188} INFO - [2024-01-28T02:56:05.360+0000] {dag.py:3823} INFO - Setting next_dagrun for example_branch_labels to 2024-01-27 00:00:00+00:00, run_after=2024-01-28 00:00:00+00:00
[2024-01-28T02:56:05.384+0000] {processor.py:183} INFO - Processing /home/airflow/.local/lib/python3.8/site-packages/airflow/example_dags/example_branch_labels.py took 0.089 seconds
[2024-01-28T02:56:36.278+0000] {processor.py:161} INFO - Started process (PID=9673) to work on /home/airflow/.local/lib/python3.8/site-packages/airflow/example_dags/example_branch_labels.py
[2024-01-28T02:56:36.280+0000] {processor.py:830} INFO - Processing file /home/airflow/.local/lib/python3.8/site-packages/airflow/example_dags/example_branch_labels.py for tasks to queue
[2024-01-28T02:56:36.281+0000] {logging_mixin.py:188} INFO - [2024-01-28T02:56:36.281+0000] {dagbag.py:538} INFO - Filling up the DagBag from /home/airflow/.local/lib/python3.8/site-packages/airflow/example_dags/example_branch_labels.py
[2024-01-28T02:56:36.290+0000] {processor.py:840} INFO - DAG(s) 'example_branch_labels' retrieved from /home/airflow/.local/lib/python3.8/site-packages/airflow/example_dags/example_branch_labels.py
[2024-01-28T02:56:36.314+0000] {logging_mixin.py:188} INFO - [2024-01-28T02:56:36.314+0000] {dag.py:3036} INFO - Sync 1 DAGs
[2024-01-28T02:56:36.342+0000] {logging_mixin.py:188} INFO - [2024-01-28T02:56:36.341+0000] {dag.py:3823} INFO - Setting next_dagrun for example_branch_labels to 2024-01-27 00:00:00+00:00, run_after=2024-01-28 00:00:00+00:00
[2024-01-28T02:56:36.367+0000] {processor.py:183} INFO - Processing /home/airflow/.local/lib/python3.8/site-packages/airflow/example_dags/example_branch_labels.py took 0.092 seconds
[2024-01-28T02:57:06.416+0000] {processor.py:161} INFO - Started process (PID=9979) to work on /home/airflow/.local/lib/python3.8/site-packages/airflow/example_dags/example_branch_labels.py
[2024-01-28T02:57:06.417+0000] {processor.py:830} INFO - Processing file /home/airflow/.local/lib/python3.8/site-packages/airflow/example_dags/example_branch_labels.py for tasks to queue
[2024-01-28T02:57:06.418+0000] {logging_mixin.py:188} INFO - [2024-01-28T02:57:06.418+0000] {dagbag.py:538} INFO - Filling up the DagBag from /home/airflow/.local/lib/python3.8/site-packages/airflow/example_dags/example_branch_labels.py
[2024-01-28T02:57:06.425+0000] {processor.py:840} INFO - DAG(s) 'example_branch_labels' retrieved from /home/airflow/.local/lib/python3.8/site-packages/airflow/example_dags/example_branch_labels.py
[2024-01-28T02:57:06.445+0000] {logging_mixin.py:188} INFO - [2024-01-28T02:57:06.445+0000] {dag.py:3036} INFO - Sync 1 DAGs
[2024-01-28T02:57:06.466+0000] {logging_mixin.py:188} INFO - [2024-01-28T02:57:06.466+0000] {dag.py:3823} INFO - Setting next_dagrun for example_branch_labels to 2024-01-27 00:00:00+00:00, run_after=2024-01-28 00:00:00+00:00
[2024-01-28T02:57:06.486+0000] {processor.py:183} INFO - Processing /home/airflow/.local/lib/python3.8/site-packages/airflow/example_dags/example_branch_labels.py took 0.073 seconds
[2024-01-28T02:57:36.831+0000] {processor.py:161} INFO - Started process (PID=10288) to work on /home/airflow/.local/lib/python3.8/site-packages/airflow/example_dags/example_branch_labels.py
[2024-01-28T02:57:36.833+0000] {processor.py:830} INFO - Processing file /home/airflow/.local/lib/python3.8/site-packages/airflow/example_dags/example_branch_labels.py for tasks to queue
[2024-01-28T02:57:36.834+0000] {logging_mixin.py:188} INFO - [2024-01-28T02:57:36.833+0000] {dagbag.py:538} INFO - Filling up the DagBag from /home/airflow/.local/lib/python3.8/site-packages/airflow/example_dags/example_branch_labels.py
[2024-01-28T02:57:36.841+0000] {processor.py:840} INFO - DAG(s) 'example_branch_labels' retrieved from /home/airflow/.local/lib/python3.8/site-packages/airflow/example_dags/example_branch_labels.py
[2024-01-28T02:57:36.869+0000] {logging_mixin.py:188} INFO - [2024-01-28T02:57:36.868+0000] {dag.py:3036} INFO - Sync 1 DAGs
[2024-01-28T02:57:36.896+0000] {logging_mixin.py:188} INFO - [2024-01-28T02:57:36.896+0000] {dag.py:3823} INFO - Setting next_dagrun for example_branch_labels to 2024-01-27 00:00:00+00:00, run_after=2024-01-28 00:00:00+00:00
[2024-01-28T02:57:36.921+0000] {processor.py:183} INFO - Processing /home/airflow/.local/lib/python3.8/site-packages/airflow/example_dags/example_branch_labels.py took 0.093 seconds
[2024-01-28T02:58:08.298+0000] {processor.py:161} INFO - Started process (PID=10599) to work on /home/airflow/.local/lib/python3.8/site-packages/airflow/example_dags/example_branch_labels.py
[2024-01-28T02:58:08.300+0000] {processor.py:830} INFO - Processing file /home/airflow/.local/lib/python3.8/site-packages/airflow/example_dags/example_branch_labels.py for tasks to queue
[2024-01-28T02:58:08.301+0000] {logging_mixin.py:188} INFO - [2024-01-28T02:58:08.301+0000] {dagbag.py:538} INFO - Filling up the DagBag from /home/airflow/.local/lib/python3.8/site-packages/airflow/example_dags/example_branch_labels.py
[2024-01-28T02:58:08.320+0000] {processor.py:840} INFO - DAG(s) 'example_branch_labels' retrieved from /home/airflow/.local/lib/python3.8/site-packages/airflow/example_dags/example_branch_labels.py
[2024-01-28T02:58:08.379+0000] {logging_mixin.py:188} INFO - [2024-01-28T02:58:08.379+0000] {dag.py:3036} INFO - Sync 1 DAGs
[2024-01-28T02:58:08.437+0000] {logging_mixin.py:188} INFO - [2024-01-28T02:58:08.437+0000] {dag.py:3823} INFO - Setting next_dagrun for example_branch_labels to 2024-01-27 00:00:00+00:00, run_after=2024-01-28 00:00:00+00:00
[2024-01-28T02:58:08.486+0000] {processor.py:183} INFO - Processing /home/airflow/.local/lib/python3.8/site-packages/airflow/example_dags/example_branch_labels.py took 0.191 seconds
