[2024-01-28T02:40:47.878+0000] {processor.py:161} INFO - Started process (PID=450) to work on /home/airflow/.local/lib/python3.8/site-packages/airflow/example_dags/example_external_task_marker_dag.py
[2024-01-28T02:40:47.881+0000] {processor.py:830} INFO - Processing file /home/airflow/.local/lib/python3.8/site-packages/airflow/example_dags/example_external_task_marker_dag.py for tasks to queue
[2024-01-28T02:40:47.890+0000] {logging_mixin.py:188} INFO - [2024-01-28T02:40:47.889+0000] {dagbag.py:538} INFO - Filling up the DagBag from /home/airflow/.local/lib/python3.8/site-packages/airflow/example_dags/example_external_task_marker_dag.py
[2024-01-28T02:40:47.905+0000] {processor.py:840} INFO - DAG(s) 'example_external_task_marker_parent', 'example_external_task_marker_child' retrieved from /home/airflow/.local/lib/python3.8/site-packages/airflow/example_dags/example_external_task_marker_dag.py
[2024-01-28T02:40:48.112+0000] {logging_mixin.py:188} INFO - [2024-01-28T02:40:48.112+0000] {dag.py:3036} INFO - Sync 2 DAGs
[2024-01-28T02:40:48.128+0000] {logging_mixin.py:188} INFO - [2024-01-28T02:40:48.127+0000] {dag.py:3823} INFO - Setting next_dagrun for example_external_task_marker_child to None, run_after=None
[2024-01-28T02:40:48.133+0000] {logging_mixin.py:188} INFO - [2024-01-28T02:40:48.132+0000] {dag.py:3823} INFO - Setting next_dagrun for example_external_task_marker_parent to None, run_after=None
[2024-01-28T02:40:48.179+0000] {processor.py:183} INFO - Processing /home/airflow/.local/lib/python3.8/site-packages/airflow/example_dags/example_external_task_marker_dag.py took 0.305 seconds
[2024-01-28T02:41:21.507+0000] {processor.py:161} INFO - Started process (PID=760) to work on /home/airflow/.local/lib/python3.8/site-packages/airflow/example_dags/example_external_task_marker_dag.py
[2024-01-28T02:41:21.510+0000] {processor.py:830} INFO - Processing file /home/airflow/.local/lib/python3.8/site-packages/airflow/example_dags/example_external_task_marker_dag.py for tasks to queue
[2024-01-28T02:41:21.512+0000] {logging_mixin.py:188} INFO - [2024-01-28T02:41:21.511+0000] {dagbag.py:538} INFO - Filling up the DagBag from /home/airflow/.local/lib/python3.8/site-packages/airflow/example_dags/example_external_task_marker_dag.py
[2024-01-28T02:41:21.524+0000] {processor.py:840} INFO - DAG(s) 'example_external_task_marker_child', 'example_external_task_marker_parent' retrieved from /home/airflow/.local/lib/python3.8/site-packages/airflow/example_dags/example_external_task_marker_dag.py
[2024-01-28T02:41:21.549+0000] {logging_mixin.py:188} INFO - [2024-01-28T02:41:21.548+0000] {dag.py:3036} INFO - Sync 2 DAGs
[2024-01-28T02:41:21.563+0000] {logging_mixin.py:188} INFO - [2024-01-28T02:41:21.563+0000] {dag.py:3823} INFO - Setting next_dagrun for example_external_task_marker_child to None, run_after=None
[2024-01-28T02:41:21.567+0000] {logging_mixin.py:188} INFO - [2024-01-28T02:41:21.567+0000] {dag.py:3823} INFO - Setting next_dagrun for example_external_task_marker_parent to None, run_after=None
[2024-01-28T02:41:21.604+0000] {processor.py:183} INFO - Processing /home/airflow/.local/lib/python3.8/site-packages/airflow/example_dags/example_external_task_marker_dag.py took 0.101 seconds
[2024-01-28T02:41:52.183+0000] {processor.py:161} INFO - Started process (PID=1071) to work on /home/airflow/.local/lib/python3.8/site-packages/airflow/example_dags/example_external_task_marker_dag.py
[2024-01-28T02:41:52.184+0000] {processor.py:830} INFO - Processing file /home/airflow/.local/lib/python3.8/site-packages/airflow/example_dags/example_external_task_marker_dag.py for tasks to queue
[2024-01-28T02:41:52.188+0000] {logging_mixin.py:188} INFO - [2024-01-28T02:41:52.185+0000] {dagbag.py:538} INFO - Filling up the DagBag from /home/airflow/.local/lib/python3.8/site-packages/airflow/example_dags/example_external_task_marker_dag.py
[2024-01-28T02:41:52.197+0000] {processor.py:840} INFO - DAG(s) 'example_external_task_marker_parent', 'example_external_task_marker_child' retrieved from /home/airflow/.local/lib/python3.8/site-packages/airflow/example_dags/example_external_task_marker_dag.py
[2024-01-28T02:41:52.238+0000] {logging_mixin.py:188} INFO - [2024-01-28T02:41:52.238+0000] {dag.py:3036} INFO - Sync 2 DAGs
[2024-01-28T02:41:52.254+0000] {logging_mixin.py:188} INFO - [2024-01-28T02:41:52.253+0000] {dag.py:3823} INFO - Setting next_dagrun for example_external_task_marker_child to None, run_after=None
[2024-01-28T02:41:52.258+0000] {logging_mixin.py:188} INFO - [2024-01-28T02:41:52.258+0000] {dag.py:3823} INFO - Setting next_dagrun for example_external_task_marker_parent to None, run_after=None
[2024-01-28T02:41:52.285+0000] {processor.py:183} INFO - Processing /home/airflow/.local/lib/python3.8/site-packages/airflow/example_dags/example_external_task_marker_dag.py took 0.106 seconds
[2024-01-28T02:42:34.797+0000] {processor.py:161} INFO - Started process (PID=1388) to work on /home/airflow/.local/lib/python3.8/site-packages/airflow/example_dags/example_external_task_marker_dag.py
[2024-01-28T02:42:34.799+0000] {processor.py:830} INFO - Processing file /home/airflow/.local/lib/python3.8/site-packages/airflow/example_dags/example_external_task_marker_dag.py for tasks to queue
[2024-01-28T02:42:34.800+0000] {logging_mixin.py:188} INFO - [2024-01-28T02:42:34.799+0000] {dagbag.py:538} INFO - Filling up the DagBag from /home/airflow/.local/lib/python3.8/site-packages/airflow/example_dags/example_external_task_marker_dag.py
[2024-01-28T02:42:34.805+0000] {processor.py:840} INFO - DAG(s) 'example_external_task_marker_parent', 'example_external_task_marker_child' retrieved from /home/airflow/.local/lib/python3.8/site-packages/airflow/example_dags/example_external_task_marker_dag.py
[2024-01-28T02:42:34.829+0000] {logging_mixin.py:188} INFO - [2024-01-28T02:42:34.829+0000] {dag.py:3036} INFO - Sync 2 DAGs
[2024-01-28T02:42:34.843+0000] {logging_mixin.py:188} INFO - [2024-01-28T02:42:34.842+0000] {dag.py:3823} INFO - Setting next_dagrun for example_external_task_marker_child to None, run_after=None
[2024-01-28T02:42:34.848+0000] {logging_mixin.py:188} INFO - [2024-01-28T02:42:34.847+0000] {dag.py:3823} INFO - Setting next_dagrun for example_external_task_marker_parent to None, run_after=None
[2024-01-28T02:42:34.868+0000] {processor.py:183} INFO - Processing /home/airflow/.local/lib/python3.8/site-packages/airflow/example_dags/example_external_task_marker_dag.py took 0.073 seconds
[2024-01-28T02:43:06.641+0000] {processor.py:161} INFO - Started process (PID=1700) to work on /home/airflow/.local/lib/python3.8/site-packages/airflow/example_dags/example_external_task_marker_dag.py
[2024-01-28T02:43:06.645+0000] {processor.py:830} INFO - Processing file /home/airflow/.local/lib/python3.8/site-packages/airflow/example_dags/example_external_task_marker_dag.py for tasks to queue
[2024-01-28T02:43:06.649+0000] {logging_mixin.py:188} INFO - [2024-01-28T02:43:06.649+0000] {dagbag.py:538} INFO - Filling up the DagBag from /home/airflow/.local/lib/python3.8/site-packages/airflow/example_dags/example_external_task_marker_dag.py
[2024-01-28T02:43:06.662+0000] {processor.py:840} INFO - DAG(s) 'example_external_task_marker_child', 'example_external_task_marker_parent' retrieved from /home/airflow/.local/lib/python3.8/site-packages/airflow/example_dags/example_external_task_marker_dag.py
[2024-01-28T02:43:06.719+0000] {logging_mixin.py:188} INFO - [2024-01-28T02:43:06.718+0000] {dag.py:3036} INFO - Sync 2 DAGs
[2024-01-28T02:43:06.745+0000] {logging_mixin.py:188} INFO - [2024-01-28T02:43:06.744+0000] {dag.py:3823} INFO - Setting next_dagrun for example_external_task_marker_child to None, run_after=None
[2024-01-28T02:43:06.752+0000] {logging_mixin.py:188} INFO - [2024-01-28T02:43:06.751+0000] {dag.py:3823} INFO - Setting next_dagrun for example_external_task_marker_parent to None, run_after=None
[2024-01-28T02:43:06.800+0000] {processor.py:183} INFO - Processing /home/airflow/.local/lib/python3.8/site-packages/airflow/example_dags/example_external_task_marker_dag.py took 0.164 seconds
[2024-01-28T02:43:37.641+0000] {processor.py:161} INFO - Started process (PID=2011) to work on /home/airflow/.local/lib/python3.8/site-packages/airflow/example_dags/example_external_task_marker_dag.py
[2024-01-28T02:43:37.642+0000] {processor.py:830} INFO - Processing file /home/airflow/.local/lib/python3.8/site-packages/airflow/example_dags/example_external_task_marker_dag.py for tasks to queue
[2024-01-28T02:43:37.643+0000] {logging_mixin.py:188} INFO - [2024-01-28T02:43:37.643+0000] {dagbag.py:538} INFO - Filling up the DagBag from /home/airflow/.local/lib/python3.8/site-packages/airflow/example_dags/example_external_task_marker_dag.py
[2024-01-28T02:43:37.652+0000] {processor.py:840} INFO - DAG(s) 'example_external_task_marker_parent', 'example_external_task_marker_child' retrieved from /home/airflow/.local/lib/python3.8/site-packages/airflow/example_dags/example_external_task_marker_dag.py
[2024-01-28T02:43:37.686+0000] {logging_mixin.py:188} INFO - [2024-01-28T02:43:37.685+0000] {dag.py:3036} INFO - Sync 2 DAGs
[2024-01-28T02:43:37.703+0000] {logging_mixin.py:188} INFO - [2024-01-28T02:43:37.703+0000] {dag.py:3823} INFO - Setting next_dagrun for example_external_task_marker_child to None, run_after=None
[2024-01-28T02:43:37.707+0000] {logging_mixin.py:188} INFO - [2024-01-28T02:43:37.707+0000] {dag.py:3823} INFO - Setting next_dagrun for example_external_task_marker_parent to None, run_after=None
[2024-01-28T02:43:37.732+0000] {processor.py:183} INFO - Processing /home/airflow/.local/lib/python3.8/site-packages/airflow/example_dags/example_external_task_marker_dag.py took 0.094 seconds
[2024-01-28T02:44:08.114+0000] {processor.py:161} INFO - Started process (PID=2322) to work on /home/airflow/.local/lib/python3.8/site-packages/airflow/example_dags/example_external_task_marker_dag.py
[2024-01-28T02:44:08.115+0000] {processor.py:830} INFO - Processing file /home/airflow/.local/lib/python3.8/site-packages/airflow/example_dags/example_external_task_marker_dag.py for tasks to queue
[2024-01-28T02:44:08.116+0000] {logging_mixin.py:188} INFO - [2024-01-28T02:44:08.116+0000] {dagbag.py:538} INFO - Filling up the DagBag from /home/airflow/.local/lib/python3.8/site-packages/airflow/example_dags/example_external_task_marker_dag.py
[2024-01-28T02:44:08.122+0000] {processor.py:840} INFO - DAG(s) 'example_external_task_marker_child', 'example_external_task_marker_parent' retrieved from /home/airflow/.local/lib/python3.8/site-packages/airflow/example_dags/example_external_task_marker_dag.py
[2024-01-28T02:44:08.148+0000] {logging_mixin.py:188} INFO - [2024-01-28T02:44:08.148+0000] {dag.py:3036} INFO - Sync 2 DAGs
[2024-01-28T02:44:08.162+0000] {logging_mixin.py:188} INFO - [2024-01-28T02:44:08.162+0000] {dag.py:3823} INFO - Setting next_dagrun for example_external_task_marker_child to None, run_after=None
[2024-01-28T02:44:08.168+0000] {logging_mixin.py:188} INFO - [2024-01-28T02:44:08.167+0000] {dag.py:3823} INFO - Setting next_dagrun for example_external_task_marker_parent to None, run_after=None
[2024-01-28T02:44:08.192+0000] {processor.py:183} INFO - Processing /home/airflow/.local/lib/python3.8/site-packages/airflow/example_dags/example_external_task_marker_dag.py took 0.082 seconds
[2024-01-28T02:44:41.560+0000] {processor.py:161} INFO - Started process (PID=2633) to work on /home/airflow/.local/lib/python3.8/site-packages/airflow/example_dags/example_external_task_marker_dag.py
[2024-01-28T02:44:41.561+0000] {processor.py:830} INFO - Processing file /home/airflow/.local/lib/python3.8/site-packages/airflow/example_dags/example_external_task_marker_dag.py for tasks to queue
[2024-01-28T02:44:41.562+0000] {logging_mixin.py:188} INFO - [2024-01-28T02:44:41.562+0000] {dagbag.py:538} INFO - Filling up the DagBag from /home/airflow/.local/lib/python3.8/site-packages/airflow/example_dags/example_external_task_marker_dag.py
[2024-01-28T02:44:41.568+0000] {processor.py:840} INFO - DAG(s) 'example_external_task_marker_parent', 'example_external_task_marker_child' retrieved from /home/airflow/.local/lib/python3.8/site-packages/airflow/example_dags/example_external_task_marker_dag.py
[2024-01-28T02:44:41.590+0000] {logging_mixin.py:188} INFO - [2024-01-28T02:44:41.590+0000] {dag.py:3036} INFO - Sync 2 DAGs
[2024-01-28T02:44:42.616+0000] {logging_mixin.py:188} INFO - [2024-01-28T02:44:42.616+0000] {dag.py:3823} INFO - Setting next_dagrun for example_external_task_marker_child to None, run_after=None
[2024-01-28T02:44:42.651+0000] {logging_mixin.py:188} INFO - [2024-01-28T02:44:42.650+0000] {dag.py:3823} INFO - Setting next_dagrun for example_external_task_marker_parent to None, run_after=None
[2024-01-28T02:44:42.791+0000] {processor.py:183} INFO - Processing /home/airflow/.local/lib/python3.8/site-packages/airflow/example_dags/example_external_task_marker_dag.py took 1.234 seconds
[2024-01-28T02:45:13.901+0000] {processor.py:161} INFO - Started process (PID=2970) to work on /home/airflow/.local/lib/python3.8/site-packages/airflow/example_dags/example_external_task_marker_dag.py
[2024-01-28T02:45:13.902+0000] {processor.py:830} INFO - Processing file /home/airflow/.local/lib/python3.8/site-packages/airflow/example_dags/example_external_task_marker_dag.py for tasks to queue
[2024-01-28T02:45:13.904+0000] {logging_mixin.py:188} INFO - [2024-01-28T02:45:13.903+0000] {dagbag.py:538} INFO - Filling up the DagBag from /home/airflow/.local/lib/python3.8/site-packages/airflow/example_dags/example_external_task_marker_dag.py
[2024-01-28T02:45:13.910+0000] {processor.py:840} INFO - DAG(s) 'example_external_task_marker_parent', 'example_external_task_marker_child' retrieved from /home/airflow/.local/lib/python3.8/site-packages/airflow/example_dags/example_external_task_marker_dag.py
[2024-01-28T02:45:13.934+0000] {logging_mixin.py:188} INFO - [2024-01-28T02:45:13.934+0000] {dag.py:3036} INFO - Sync 2 DAGs
[2024-01-28T02:45:13.946+0000] {logging_mixin.py:188} INFO - [2024-01-28T02:45:13.946+0000] {dag.py:3823} INFO - Setting next_dagrun for example_external_task_marker_child to None, run_after=None
[2024-01-28T02:45:13.951+0000] {logging_mixin.py:188} INFO - [2024-01-28T02:45:13.950+0000] {dag.py:3823} INFO - Setting next_dagrun for example_external_task_marker_parent to None, run_after=None
[2024-01-28T02:45:13.973+0000] {processor.py:183} INFO - Processing /home/airflow/.local/lib/python3.8/site-packages/airflow/example_dags/example_external_task_marker_dag.py took 0.075 seconds
[2024-01-28T02:45:45.529+0000] {processor.py:161} INFO - Started process (PID=3301) to work on /home/airflow/.local/lib/python3.8/site-packages/airflow/example_dags/example_external_task_marker_dag.py
[2024-01-28T02:45:45.531+0000] {processor.py:830} INFO - Processing file /home/airflow/.local/lib/python3.8/site-packages/airflow/example_dags/example_external_task_marker_dag.py for tasks to queue
[2024-01-28T02:45:45.533+0000] {logging_mixin.py:188} INFO - [2024-01-28T02:45:45.532+0000] {dagbag.py:538} INFO - Filling up the DagBag from /home/airflow/.local/lib/python3.8/site-packages/airflow/example_dags/example_external_task_marker_dag.py
[2024-01-28T02:45:45.540+0000] {processor.py:840} INFO - DAG(s) 'example_external_task_marker_child', 'example_external_task_marker_parent' retrieved from /home/airflow/.local/lib/python3.8/site-packages/airflow/example_dags/example_external_task_marker_dag.py
[2024-01-28T02:45:45.570+0000] {logging_mixin.py:188} INFO - [2024-01-28T02:45:45.570+0000] {dag.py:3036} INFO - Sync 2 DAGs
[2024-01-28T02:45:45.583+0000] {logging_mixin.py:188} INFO - [2024-01-28T02:45:45.582+0000] {dag.py:3823} INFO - Setting next_dagrun for example_external_task_marker_child to None, run_after=None
[2024-01-28T02:45:45.588+0000] {logging_mixin.py:188} INFO - [2024-01-28T02:45:45.588+0000] {dag.py:3823} INFO - Setting next_dagrun for example_external_task_marker_parent to None, run_after=None
[2024-01-28T02:45:45.614+0000] {processor.py:183} INFO - Processing /home/airflow/.local/lib/python3.8/site-packages/airflow/example_dags/example_external_task_marker_dag.py took 0.088 seconds
[2024-01-28T02:46:16.810+0000] {processor.py:161} INFO - Started process (PID=3627) to work on /home/airflow/.local/lib/python3.8/site-packages/airflow/example_dags/example_external_task_marker_dag.py
[2024-01-28T02:46:16.813+0000] {processor.py:830} INFO - Processing file /home/airflow/.local/lib/python3.8/site-packages/airflow/example_dags/example_external_task_marker_dag.py for tasks to queue
[2024-01-28T02:46:16.815+0000] {logging_mixin.py:188} INFO - [2024-01-28T02:46:16.814+0000] {dagbag.py:538} INFO - Filling up the DagBag from /home/airflow/.local/lib/python3.8/site-packages/airflow/example_dags/example_external_task_marker_dag.py
[2024-01-28T02:46:16.821+0000] {processor.py:840} INFO - DAG(s) 'example_external_task_marker_parent', 'example_external_task_marker_child' retrieved from /home/airflow/.local/lib/python3.8/site-packages/airflow/example_dags/example_external_task_marker_dag.py
[2024-01-28T02:46:16.858+0000] {logging_mixin.py:188} INFO - [2024-01-28T02:46:16.857+0000] {dag.py:3036} INFO - Sync 2 DAGs
[2024-01-28T02:46:16.879+0000] {logging_mixin.py:188} INFO - [2024-01-28T02:46:16.879+0000] {dag.py:3823} INFO - Setting next_dagrun for example_external_task_marker_child to None, run_after=None
[2024-01-28T02:46:16.883+0000] {logging_mixin.py:188} INFO - [2024-01-28T02:46:16.883+0000] {dag.py:3823} INFO - Setting next_dagrun for example_external_task_marker_parent to None, run_after=None
[2024-01-28T02:46:16.904+0000] {processor.py:183} INFO - Processing /home/airflow/.local/lib/python3.8/site-packages/airflow/example_dags/example_external_task_marker_dag.py took 0.099 seconds
[2024-01-28T02:46:47.781+0000] {processor.py:161} INFO - Started process (PID=3938) to work on /home/airflow/.local/lib/python3.8/site-packages/airflow/example_dags/example_external_task_marker_dag.py
[2024-01-28T02:46:47.782+0000] {processor.py:830} INFO - Processing file /home/airflow/.local/lib/python3.8/site-packages/airflow/example_dags/example_external_task_marker_dag.py for tasks to queue
[2024-01-28T02:46:47.783+0000] {logging_mixin.py:188} INFO - [2024-01-28T02:46:47.783+0000] {dagbag.py:538} INFO - Filling up the DagBag from /home/airflow/.local/lib/python3.8/site-packages/airflow/example_dags/example_external_task_marker_dag.py
[2024-01-28T02:46:47.791+0000] {processor.py:840} INFO - DAG(s) 'example_external_task_marker_parent', 'example_external_task_marker_child' retrieved from /home/airflow/.local/lib/python3.8/site-packages/airflow/example_dags/example_external_task_marker_dag.py
[2024-01-28T02:46:47.857+0000] {logging_mixin.py:188} INFO - [2024-01-28T02:46:47.857+0000] {dag.py:3036} INFO - Sync 2 DAGs
[2024-01-28T02:46:47.883+0000] {logging_mixin.py:188} INFO - [2024-01-28T02:46:47.883+0000] {dag.py:3823} INFO - Setting next_dagrun for example_external_task_marker_child to None, run_after=None
[2024-01-28T02:46:47.888+0000] {logging_mixin.py:188} INFO - [2024-01-28T02:46:47.888+0000] {dag.py:3823} INFO - Setting next_dagrun for example_external_task_marker_parent to None, run_after=None
[2024-01-28T02:46:47.918+0000] {processor.py:183} INFO - Processing /home/airflow/.local/lib/python3.8/site-packages/airflow/example_dags/example_external_task_marker_dag.py took 0.140 seconds
[2024-01-28T02:47:20.765+0000] {processor.py:161} INFO - Started process (PID=4254) to work on /home/airflow/.local/lib/python3.8/site-packages/airflow/example_dags/example_external_task_marker_dag.py
[2024-01-28T02:47:20.772+0000] {processor.py:830} INFO - Processing file /home/airflow/.local/lib/python3.8/site-packages/airflow/example_dags/example_external_task_marker_dag.py for tasks to queue
[2024-01-28T02:47:20.774+0000] {logging_mixin.py:188} INFO - [2024-01-28T02:47:20.774+0000] {dagbag.py:538} INFO - Filling up the DagBag from /home/airflow/.local/lib/python3.8/site-packages/airflow/example_dags/example_external_task_marker_dag.py
[2024-01-28T02:47:20.793+0000] {processor.py:840} INFO - DAG(s) 'example_external_task_marker_child', 'example_external_task_marker_parent' retrieved from /home/airflow/.local/lib/python3.8/site-packages/airflow/example_dags/example_external_task_marker_dag.py
[2024-01-28T02:47:20.875+0000] {logging_mixin.py:188} INFO - [2024-01-28T02:47:20.865+0000] {dag.py:3036} INFO - Sync 2 DAGs
[2024-01-28T02:47:20.925+0000] {logging_mixin.py:188} INFO - [2024-01-28T02:47:20.924+0000] {dag.py:3823} INFO - Setting next_dagrun for example_external_task_marker_child to None, run_after=None
[2024-01-28T02:47:20.944+0000] {logging_mixin.py:188} INFO - [2024-01-28T02:47:20.944+0000] {dag.py:3823} INFO - Setting next_dagrun for example_external_task_marker_parent to None, run_after=None
[2024-01-28T02:47:21.027+0000] {processor.py:183} INFO - Processing /home/airflow/.local/lib/python3.8/site-packages/airflow/example_dags/example_external_task_marker_dag.py took 0.267 seconds
[2024-01-28T02:47:51.196+0000] {processor.py:161} INFO - Started process (PID=4567) to work on /home/airflow/.local/lib/python3.8/site-packages/airflow/example_dags/example_external_task_marker_dag.py
[2024-01-28T02:47:51.197+0000] {processor.py:830} INFO - Processing file /home/airflow/.local/lib/python3.8/site-packages/airflow/example_dags/example_external_task_marker_dag.py for tasks to queue
[2024-01-28T02:47:51.198+0000] {logging_mixin.py:188} INFO - [2024-01-28T02:47:51.198+0000] {dagbag.py:538} INFO - Filling up the DagBag from /home/airflow/.local/lib/python3.8/site-packages/airflow/example_dags/example_external_task_marker_dag.py
[2024-01-28T02:47:51.205+0000] {processor.py:840} INFO - DAG(s) 'example_external_task_marker_child', 'example_external_task_marker_parent' retrieved from /home/airflow/.local/lib/python3.8/site-packages/airflow/example_dags/example_external_task_marker_dag.py
[2024-01-28T02:47:51.233+0000] {logging_mixin.py:188} INFO - [2024-01-28T02:47:51.232+0000] {dag.py:3036} INFO - Sync 2 DAGs
[2024-01-28T02:47:51.247+0000] {logging_mixin.py:188} INFO - [2024-01-28T02:47:51.246+0000] {dag.py:3823} INFO - Setting next_dagrun for example_external_task_marker_child to None, run_after=None
[2024-01-28T02:47:51.251+0000] {logging_mixin.py:188} INFO - [2024-01-28T02:47:51.251+0000] {dag.py:3823} INFO - Setting next_dagrun for example_external_task_marker_parent to None, run_after=None
[2024-01-28T02:47:51.276+0000] {processor.py:183} INFO - Processing /home/airflow/.local/lib/python3.8/site-packages/airflow/example_dags/example_external_task_marker_dag.py took 0.084 seconds
[2024-01-28T02:48:21.447+0000] {processor.py:161} INFO - Started process (PID=4875) to work on /home/airflow/.local/lib/python3.8/site-packages/airflow/example_dags/example_external_task_marker_dag.py
[2024-01-28T02:48:21.448+0000] {processor.py:830} INFO - Processing file /home/airflow/.local/lib/python3.8/site-packages/airflow/example_dags/example_external_task_marker_dag.py for tasks to queue
[2024-01-28T02:48:21.449+0000] {logging_mixin.py:188} INFO - [2024-01-28T02:48:21.449+0000] {dagbag.py:538} INFO - Filling up the DagBag from /home/airflow/.local/lib/python3.8/site-packages/airflow/example_dags/example_external_task_marker_dag.py
[2024-01-28T02:48:21.456+0000] {processor.py:840} INFO - DAG(s) 'example_external_task_marker_child', 'example_external_task_marker_parent' retrieved from /home/airflow/.local/lib/python3.8/site-packages/airflow/example_dags/example_external_task_marker_dag.py
[2024-01-28T02:48:21.482+0000] {logging_mixin.py:188} INFO - [2024-01-28T02:48:21.481+0000] {dag.py:3036} INFO - Sync 2 DAGs
[2024-01-28T02:48:21.500+0000] {logging_mixin.py:188} INFO - [2024-01-28T02:48:21.499+0000] {dag.py:3823} INFO - Setting next_dagrun for example_external_task_marker_child to None, run_after=None
[2024-01-28T02:48:21.505+0000] {logging_mixin.py:188} INFO - [2024-01-28T02:48:21.504+0000] {dag.py:3823} INFO - Setting next_dagrun for example_external_task_marker_parent to None, run_after=None
[2024-01-28T02:48:21.525+0000] {processor.py:183} INFO - Processing /home/airflow/.local/lib/python3.8/site-packages/airflow/example_dags/example_external_task_marker_dag.py took 0.081 seconds
[2024-01-28T02:48:52.629+0000] {processor.py:161} INFO - Started process (PID=5186) to work on /home/airflow/.local/lib/python3.8/site-packages/airflow/example_dags/example_external_task_marker_dag.py
[2024-01-28T02:48:52.636+0000] {processor.py:830} INFO - Processing file /home/airflow/.local/lib/python3.8/site-packages/airflow/example_dags/example_external_task_marker_dag.py for tasks to queue
[2024-01-28T02:48:52.639+0000] {logging_mixin.py:188} INFO - [2024-01-28T02:48:52.638+0000] {dagbag.py:538} INFO - Filling up the DagBag from /home/airflow/.local/lib/python3.8/site-packages/airflow/example_dags/example_external_task_marker_dag.py
[2024-01-28T02:48:52.648+0000] {processor.py:840} INFO - DAG(s) 'example_external_task_marker_child', 'example_external_task_marker_parent' retrieved from /home/airflow/.local/lib/python3.8/site-packages/airflow/example_dags/example_external_task_marker_dag.py
[2024-01-28T02:48:52.696+0000] {logging_mixin.py:188} INFO - [2024-01-28T02:48:52.696+0000] {dag.py:3036} INFO - Sync 2 DAGs
[2024-01-28T02:48:52.713+0000] {logging_mixin.py:188} INFO - [2024-01-28T02:48:52.713+0000] {dag.py:3823} INFO - Setting next_dagrun for example_external_task_marker_child to None, run_after=None
[2024-01-28T02:48:52.722+0000] {logging_mixin.py:188} INFO - [2024-01-28T02:48:52.721+0000] {dag.py:3823} INFO - Setting next_dagrun for example_external_task_marker_parent to None, run_after=None
[2024-01-28T02:48:52.746+0000] {processor.py:183} INFO - Processing /home/airflow/.local/lib/python3.8/site-packages/airflow/example_dags/example_external_task_marker_dag.py took 0.121 seconds
[2024-01-28T02:49:23.723+0000] {processor.py:161} INFO - Started process (PID=5502) to work on /home/airflow/.local/lib/python3.8/site-packages/airflow/example_dags/example_external_task_marker_dag.py
[2024-01-28T02:49:23.724+0000] {processor.py:830} INFO - Processing file /home/airflow/.local/lib/python3.8/site-packages/airflow/example_dags/example_external_task_marker_dag.py for tasks to queue
[2024-01-28T02:49:23.726+0000] {logging_mixin.py:188} INFO - [2024-01-28T02:49:23.725+0000] {dagbag.py:538} INFO - Filling up the DagBag from /home/airflow/.local/lib/python3.8/site-packages/airflow/example_dags/example_external_task_marker_dag.py
[2024-01-28T02:49:23.732+0000] {processor.py:840} INFO - DAG(s) 'example_external_task_marker_parent', 'example_external_task_marker_child' retrieved from /home/airflow/.local/lib/python3.8/site-packages/airflow/example_dags/example_external_task_marker_dag.py
[2024-01-28T02:49:23.762+0000] {logging_mixin.py:188} INFO - [2024-01-28T02:49:23.761+0000] {dag.py:3036} INFO - Sync 2 DAGs
[2024-01-28T02:49:23.782+0000] {logging_mixin.py:188} INFO - [2024-01-28T02:49:23.781+0000] {dag.py:3823} INFO - Setting next_dagrun for example_external_task_marker_child to None, run_after=None
[2024-01-28T02:49:23.786+0000] {logging_mixin.py:188} INFO - [2024-01-28T02:49:23.786+0000] {dag.py:3823} INFO - Setting next_dagrun for example_external_task_marker_parent to None, run_after=None
[2024-01-28T02:49:23.811+0000] {processor.py:183} INFO - Processing /home/airflow/.local/lib/python3.8/site-packages/airflow/example_dags/example_external_task_marker_dag.py took 0.092 seconds
[2024-01-28T02:49:55.625+0000] {processor.py:161} INFO - Started process (PID=5818) to work on /home/airflow/.local/lib/python3.8/site-packages/airflow/example_dags/example_external_task_marker_dag.py
[2024-01-28T02:49:55.626+0000] {processor.py:830} INFO - Processing file /home/airflow/.local/lib/python3.8/site-packages/airflow/example_dags/example_external_task_marker_dag.py for tasks to queue
[2024-01-28T02:49:55.627+0000] {logging_mixin.py:188} INFO - [2024-01-28T02:49:55.627+0000] {dagbag.py:538} INFO - Filling up the DagBag from /home/airflow/.local/lib/python3.8/site-packages/airflow/example_dags/example_external_task_marker_dag.py
[2024-01-28T02:49:55.634+0000] {processor.py:840} INFO - DAG(s) 'example_external_task_marker_parent', 'example_external_task_marker_child' retrieved from /home/airflow/.local/lib/python3.8/site-packages/airflow/example_dags/example_external_task_marker_dag.py
[2024-01-28T02:49:55.660+0000] {logging_mixin.py:188} INFO - [2024-01-28T02:49:55.660+0000] {dag.py:3036} INFO - Sync 2 DAGs
[2024-01-28T02:49:55.672+0000] {logging_mixin.py:188} INFO - [2024-01-28T02:49:55.672+0000] {dag.py:3823} INFO - Setting next_dagrun for example_external_task_marker_child to None, run_after=None
[2024-01-28T02:49:55.677+0000] {logging_mixin.py:188} INFO - [2024-01-28T02:49:55.676+0000] {dag.py:3823} INFO - Setting next_dagrun for example_external_task_marker_parent to None, run_after=None
[2024-01-28T02:49:55.705+0000] {processor.py:183} INFO - Processing /home/airflow/.local/lib/python3.8/site-packages/airflow/example_dags/example_external_task_marker_dag.py took 0.083 seconds
[2024-01-28T02:50:27.321+0000] {processor.py:161} INFO - Started process (PID=6129) to work on /home/airflow/.local/lib/python3.8/site-packages/airflow/example_dags/example_external_task_marker_dag.py
[2024-01-28T02:50:27.322+0000] {processor.py:830} INFO - Processing file /home/airflow/.local/lib/python3.8/site-packages/airflow/example_dags/example_external_task_marker_dag.py for tasks to queue
[2024-01-28T02:50:27.323+0000] {logging_mixin.py:188} INFO - [2024-01-28T02:50:27.322+0000] {dagbag.py:538} INFO - Filling up the DagBag from /home/airflow/.local/lib/python3.8/site-packages/airflow/example_dags/example_external_task_marker_dag.py
[2024-01-28T02:50:27.329+0000] {processor.py:840} INFO - DAG(s) 'example_external_task_marker_child', 'example_external_task_marker_parent' retrieved from /home/airflow/.local/lib/python3.8/site-packages/airflow/example_dags/example_external_task_marker_dag.py
[2024-01-28T02:50:27.355+0000] {logging_mixin.py:188} INFO - [2024-01-28T02:50:27.355+0000] {dag.py:3036} INFO - Sync 2 DAGs
[2024-01-28T02:50:27.369+0000] {logging_mixin.py:188} INFO - [2024-01-28T02:50:27.369+0000] {dag.py:3823} INFO - Setting next_dagrun for example_external_task_marker_child to None, run_after=None
[2024-01-28T02:50:27.374+0000] {logging_mixin.py:188} INFO - [2024-01-28T02:50:27.373+0000] {dag.py:3823} INFO - Setting next_dagrun for example_external_task_marker_parent to None, run_after=None
[2024-01-28T02:50:27.394+0000] {processor.py:183} INFO - Processing /home/airflow/.local/lib/python3.8/site-packages/airflow/example_dags/example_external_task_marker_dag.py took 0.076 seconds
[2024-01-28T02:50:58.204+0000] {processor.py:161} INFO - Started process (PID=6434) to work on /home/airflow/.local/lib/python3.8/site-packages/airflow/example_dags/example_external_task_marker_dag.py
[2024-01-28T02:50:58.205+0000] {processor.py:830} INFO - Processing file /home/airflow/.local/lib/python3.8/site-packages/airflow/example_dags/example_external_task_marker_dag.py for tasks to queue
[2024-01-28T02:50:58.206+0000] {logging_mixin.py:188} INFO - [2024-01-28T02:50:58.206+0000] {dagbag.py:538} INFO - Filling up the DagBag from /home/airflow/.local/lib/python3.8/site-packages/airflow/example_dags/example_external_task_marker_dag.py
[2024-01-28T02:50:58.213+0000] {processor.py:840} INFO - DAG(s) 'example_external_task_marker_parent', 'example_external_task_marker_child' retrieved from /home/airflow/.local/lib/python3.8/site-packages/airflow/example_dags/example_external_task_marker_dag.py
[2024-01-28T02:50:58.241+0000] {logging_mixin.py:188} INFO - [2024-01-28T02:50:58.241+0000] {dag.py:3036} INFO - Sync 2 DAGs
[2024-01-28T02:50:58.273+0000] {logging_mixin.py:188} INFO - [2024-01-28T02:50:58.273+0000] {dag.py:3823} INFO - Setting next_dagrun for example_external_task_marker_child to None, run_after=None
[2024-01-28T02:50:58.277+0000] {logging_mixin.py:188} INFO - [2024-01-28T02:50:58.276+0000] {dag.py:3823} INFO - Setting next_dagrun for example_external_task_marker_parent to None, run_after=None
[2024-01-28T02:50:58.297+0000] {processor.py:183} INFO - Processing /home/airflow/.local/lib/python3.8/site-packages/airflow/example_dags/example_external_task_marker_dag.py took 0.098 seconds
[2024-01-28T02:51:28.477+0000] {processor.py:161} INFO - Started process (PID=6735) to work on /home/airflow/.local/lib/python3.8/site-packages/airflow/example_dags/example_external_task_marker_dag.py
[2024-01-28T02:51:28.478+0000] {processor.py:830} INFO - Processing file /home/airflow/.local/lib/python3.8/site-packages/airflow/example_dags/example_external_task_marker_dag.py for tasks to queue
[2024-01-28T02:51:28.479+0000] {logging_mixin.py:188} INFO - [2024-01-28T02:51:28.478+0000] {dagbag.py:538} INFO - Filling up the DagBag from /home/airflow/.local/lib/python3.8/site-packages/airflow/example_dags/example_external_task_marker_dag.py
[2024-01-28T02:51:28.484+0000] {processor.py:840} INFO - DAG(s) 'example_external_task_marker_parent', 'example_external_task_marker_child' retrieved from /home/airflow/.local/lib/python3.8/site-packages/airflow/example_dags/example_external_task_marker_dag.py
[2024-01-28T02:51:28.511+0000] {logging_mixin.py:188} INFO - [2024-01-28T02:51:28.510+0000] {dag.py:3036} INFO - Sync 2 DAGs
[2024-01-28T02:51:28.525+0000] {logging_mixin.py:188} INFO - [2024-01-28T02:51:28.524+0000] {dag.py:3823} INFO - Setting next_dagrun for example_external_task_marker_child to None, run_after=None
[2024-01-28T02:51:28.529+0000] {logging_mixin.py:188} INFO - [2024-01-28T02:51:28.529+0000] {dag.py:3823} INFO - Setting next_dagrun for example_external_task_marker_parent to None, run_after=None
[2024-01-28T02:51:28.552+0000] {processor.py:183} INFO - Processing /home/airflow/.local/lib/python3.8/site-packages/airflow/example_dags/example_external_task_marker_dag.py took 0.078 seconds
[2024-01-28T02:51:58.900+0000] {processor.py:161} INFO - Started process (PID=7046) to work on /home/airflow/.local/lib/python3.8/site-packages/airflow/example_dags/example_external_task_marker_dag.py
[2024-01-28T02:51:58.901+0000] {processor.py:830} INFO - Processing file /home/airflow/.local/lib/python3.8/site-packages/airflow/example_dags/example_external_task_marker_dag.py for tasks to queue
[2024-01-28T02:51:58.902+0000] {logging_mixin.py:188} INFO - [2024-01-28T02:51:58.902+0000] {dagbag.py:538} INFO - Filling up the DagBag from /home/airflow/.local/lib/python3.8/site-packages/airflow/example_dags/example_external_task_marker_dag.py
[2024-01-28T02:51:58.908+0000] {processor.py:840} INFO - DAG(s) 'example_external_task_marker_child', 'example_external_task_marker_parent' retrieved from /home/airflow/.local/lib/python3.8/site-packages/airflow/example_dags/example_external_task_marker_dag.py
[2024-01-28T02:51:58.936+0000] {logging_mixin.py:188} INFO - [2024-01-28T02:51:58.935+0000] {dag.py:3036} INFO - Sync 2 DAGs
[2024-01-28T02:51:58.948+0000] {logging_mixin.py:188} INFO - [2024-01-28T02:51:58.948+0000] {dag.py:3823} INFO - Setting next_dagrun for example_external_task_marker_child to None, run_after=None
[2024-01-28T02:51:58.953+0000] {logging_mixin.py:188} INFO - [2024-01-28T02:51:58.952+0000] {dag.py:3823} INFO - Setting next_dagrun for example_external_task_marker_parent to None, run_after=None
[2024-01-28T02:51:58.977+0000] {processor.py:183} INFO - Processing /home/airflow/.local/lib/python3.8/site-packages/airflow/example_dags/example_external_task_marker_dag.py took 0.080 seconds
[2024-01-28T02:52:29.537+0000] {processor.py:161} INFO - Started process (PID=7357) to work on /home/airflow/.local/lib/python3.8/site-packages/airflow/example_dags/example_external_task_marker_dag.py
[2024-01-28T02:52:29.539+0000] {processor.py:830} INFO - Processing file /home/airflow/.local/lib/python3.8/site-packages/airflow/example_dags/example_external_task_marker_dag.py for tasks to queue
[2024-01-28T02:52:29.554+0000] {logging_mixin.py:188} INFO - [2024-01-28T02:52:29.553+0000] {dagbag.py:538} INFO - Filling up the DagBag from /home/airflow/.local/lib/python3.8/site-packages/airflow/example_dags/example_external_task_marker_dag.py
[2024-01-28T02:52:29.568+0000] {processor.py:840} INFO - DAG(s) 'example_external_task_marker_parent', 'example_external_task_marker_child' retrieved from /home/airflow/.local/lib/python3.8/site-packages/airflow/example_dags/example_external_task_marker_dag.py
[2024-01-28T02:52:29.609+0000] {logging_mixin.py:188} INFO - [2024-01-28T02:52:29.608+0000] {dag.py:3036} INFO - Sync 2 DAGs
[2024-01-28T02:52:29.626+0000] {logging_mixin.py:188} INFO - [2024-01-28T02:52:29.626+0000] {dag.py:3823} INFO - Setting next_dagrun for example_external_task_marker_child to None, run_after=None
[2024-01-28T02:52:29.630+0000] {logging_mixin.py:188} INFO - [2024-01-28T02:52:29.630+0000] {dag.py:3823} INFO - Setting next_dagrun for example_external_task_marker_parent to None, run_after=None
[2024-01-28T02:52:30.539+0000] {processor.py:183} INFO - Processing /home/airflow/.local/lib/python3.8/site-packages/airflow/example_dags/example_external_task_marker_dag.py took 1.005 seconds
[2024-01-28T02:53:01.131+0000] {processor.py:161} INFO - Started process (PID=7665) to work on /home/airflow/.local/lib/python3.8/site-packages/airflow/example_dags/example_external_task_marker_dag.py
[2024-01-28T02:53:01.132+0000] {processor.py:830} INFO - Processing file /home/airflow/.local/lib/python3.8/site-packages/airflow/example_dags/example_external_task_marker_dag.py for tasks to queue
[2024-01-28T02:53:01.133+0000] {logging_mixin.py:188} INFO - [2024-01-28T02:53:01.133+0000] {dagbag.py:538} INFO - Filling up the DagBag from /home/airflow/.local/lib/python3.8/site-packages/airflow/example_dags/example_external_task_marker_dag.py
[2024-01-28T02:53:01.139+0000] {processor.py:840} INFO - DAG(s) 'example_external_task_marker_child', 'example_external_task_marker_parent' retrieved from /home/airflow/.local/lib/python3.8/site-packages/airflow/example_dags/example_external_task_marker_dag.py
[2024-01-28T02:53:01.162+0000] {logging_mixin.py:188} INFO - [2024-01-28T02:53:01.162+0000] {dag.py:3036} INFO - Sync 2 DAGs
[2024-01-28T02:53:01.174+0000] {logging_mixin.py:188} INFO - [2024-01-28T02:53:01.174+0000] {dag.py:3823} INFO - Setting next_dagrun for example_external_task_marker_child to None, run_after=None
[2024-01-28T02:53:01.179+0000] {logging_mixin.py:188} INFO - [2024-01-28T02:53:01.178+0000] {dag.py:3823} INFO - Setting next_dagrun for example_external_task_marker_parent to None, run_after=None
[2024-01-28T02:53:01.204+0000] {processor.py:183} INFO - Processing /home/airflow/.local/lib/python3.8/site-packages/airflow/example_dags/example_external_task_marker_dag.py took 0.075 seconds
[2024-01-28T02:53:31.529+0000] {processor.py:161} INFO - Started process (PID=7976) to work on /home/airflow/.local/lib/python3.8/site-packages/airflow/example_dags/example_external_task_marker_dag.py
[2024-01-28T02:53:31.530+0000] {processor.py:830} INFO - Processing file /home/airflow/.local/lib/python3.8/site-packages/airflow/example_dags/example_external_task_marker_dag.py for tasks to queue
[2024-01-28T02:53:31.531+0000] {logging_mixin.py:188} INFO - [2024-01-28T02:53:31.530+0000] {dagbag.py:538} INFO - Filling up the DagBag from /home/airflow/.local/lib/python3.8/site-packages/airflow/example_dags/example_external_task_marker_dag.py
[2024-01-28T02:53:31.536+0000] {processor.py:840} INFO - DAG(s) 'example_external_task_marker_parent', 'example_external_task_marker_child' retrieved from /home/airflow/.local/lib/python3.8/site-packages/airflow/example_dags/example_external_task_marker_dag.py
[2024-01-28T02:53:31.560+0000] {logging_mixin.py:188} INFO - [2024-01-28T02:53:31.560+0000] {dag.py:3036} INFO - Sync 2 DAGs
[2024-01-28T02:53:31.573+0000] {logging_mixin.py:188} INFO - [2024-01-28T02:53:31.573+0000] {dag.py:3823} INFO - Setting next_dagrun for example_external_task_marker_child to None, run_after=None
[2024-01-28T02:53:31.577+0000] {logging_mixin.py:188} INFO - [2024-01-28T02:53:31.577+0000] {dag.py:3823} INFO - Setting next_dagrun for example_external_task_marker_parent to None, run_after=None
[2024-01-28T02:53:31.599+0000] {processor.py:183} INFO - Processing /home/airflow/.local/lib/python3.8/site-packages/airflow/example_dags/example_external_task_marker_dag.py took 0.073 seconds
[2024-01-28T02:54:01.716+0000] {processor.py:161} INFO - Started process (PID=8287) to work on /home/airflow/.local/lib/python3.8/site-packages/airflow/example_dags/example_external_task_marker_dag.py
[2024-01-28T02:54:01.717+0000] {processor.py:830} INFO - Processing file /home/airflow/.local/lib/python3.8/site-packages/airflow/example_dags/example_external_task_marker_dag.py for tasks to queue
[2024-01-28T02:54:01.719+0000] {logging_mixin.py:188} INFO - [2024-01-28T02:54:01.718+0000] {dagbag.py:538} INFO - Filling up the DagBag from /home/airflow/.local/lib/python3.8/site-packages/airflow/example_dags/example_external_task_marker_dag.py
[2024-01-28T02:54:01.725+0000] {processor.py:840} INFO - DAG(s) 'example_external_task_marker_child', 'example_external_task_marker_parent' retrieved from /home/airflow/.local/lib/python3.8/site-packages/airflow/example_dags/example_external_task_marker_dag.py
[2024-01-28T02:54:01.750+0000] {logging_mixin.py:188} INFO - [2024-01-28T02:54:01.749+0000] {dag.py:3036} INFO - Sync 2 DAGs
[2024-01-28T02:54:01.762+0000] {logging_mixin.py:188} INFO - [2024-01-28T02:54:01.762+0000] {dag.py:3823} INFO - Setting next_dagrun for example_external_task_marker_child to None, run_after=None
[2024-01-28T02:54:01.766+0000] {logging_mixin.py:188} INFO - [2024-01-28T02:54:01.766+0000] {dag.py:3823} INFO - Setting next_dagrun for example_external_task_marker_parent to None, run_after=None
[2024-01-28T02:54:01.790+0000] {processor.py:183} INFO - Processing /home/airflow/.local/lib/python3.8/site-packages/airflow/example_dags/example_external_task_marker_dag.py took 0.076 seconds
[2024-01-28T02:54:32.179+0000] {processor.py:161} INFO - Started process (PID=8595) to work on /home/airflow/.local/lib/python3.8/site-packages/airflow/example_dags/example_external_task_marker_dag.py
[2024-01-28T02:54:32.180+0000] {processor.py:830} INFO - Processing file /home/airflow/.local/lib/python3.8/site-packages/airflow/example_dags/example_external_task_marker_dag.py for tasks to queue
[2024-01-28T02:54:32.181+0000] {logging_mixin.py:188} INFO - [2024-01-28T02:54:32.181+0000] {dagbag.py:538} INFO - Filling up the DagBag from /home/airflow/.local/lib/python3.8/site-packages/airflow/example_dags/example_external_task_marker_dag.py
[2024-01-28T02:54:32.189+0000] {processor.py:840} INFO - DAG(s) 'example_external_task_marker_parent', 'example_external_task_marker_child' retrieved from /home/airflow/.local/lib/python3.8/site-packages/airflow/example_dags/example_external_task_marker_dag.py
[2024-01-28T02:54:32.224+0000] {logging_mixin.py:188} INFO - [2024-01-28T02:54:32.224+0000] {dag.py:3036} INFO - Sync 2 DAGs
[2024-01-28T02:54:32.240+0000] {logging_mixin.py:188} INFO - [2024-01-28T02:54:32.239+0000] {dag.py:3823} INFO - Setting next_dagrun for example_external_task_marker_child to None, run_after=None
[2024-01-28T02:54:32.244+0000] {logging_mixin.py:188} INFO - [2024-01-28T02:54:32.244+0000] {dag.py:3823} INFO - Setting next_dagrun for example_external_task_marker_parent to None, run_after=None
[2024-01-28T02:54:32.283+0000] {processor.py:183} INFO - Processing /home/airflow/.local/lib/python3.8/site-packages/airflow/example_dags/example_external_task_marker_dag.py took 0.107 seconds
[2024-01-28T02:55:02.406+0000] {processor.py:161} INFO - Started process (PID=8900) to work on /home/airflow/.local/lib/python3.8/site-packages/airflow/example_dags/example_external_task_marker_dag.py
[2024-01-28T02:55:02.407+0000] {processor.py:830} INFO - Processing file /home/airflow/.local/lib/python3.8/site-packages/airflow/example_dags/example_external_task_marker_dag.py for tasks to queue
[2024-01-28T02:55:02.408+0000] {logging_mixin.py:188} INFO - [2024-01-28T02:55:02.408+0000] {dagbag.py:538} INFO - Filling up the DagBag from /home/airflow/.local/lib/python3.8/site-packages/airflow/example_dags/example_external_task_marker_dag.py
[2024-01-28T02:55:02.419+0000] {processor.py:840} INFO - DAG(s) 'example_external_task_marker_child', 'example_external_task_marker_parent' retrieved from /home/airflow/.local/lib/python3.8/site-packages/airflow/example_dags/example_external_task_marker_dag.py
[2024-01-28T02:55:02.469+0000] {logging_mixin.py:188} INFO - [2024-01-28T02:55:02.468+0000] {dag.py:3036} INFO - Sync 2 DAGs
[2024-01-28T02:55:02.484+0000] {logging_mixin.py:188} INFO - [2024-01-28T02:55:02.484+0000] {dag.py:3823} INFO - Setting next_dagrun for example_external_task_marker_child to None, run_after=None
[2024-01-28T02:55:02.488+0000] {logging_mixin.py:188} INFO - [2024-01-28T02:55:02.488+0000] {dag.py:3823} INFO - Setting next_dagrun for example_external_task_marker_parent to None, run_after=None
[2024-01-28T02:55:02.509+0000] {processor.py:183} INFO - Processing /home/airflow/.local/lib/python3.8/site-packages/airflow/example_dags/example_external_task_marker_dag.py took 0.107 seconds
[2024-01-28T02:55:37.363+0000] {processor.py:161} INFO - Started process (PID=9200) to work on /home/airflow/.local/lib/python3.8/site-packages/airflow/example_dags/example_external_task_marker_dag.py
[2024-01-28T02:55:37.364+0000] {processor.py:830} INFO - Processing file /home/airflow/.local/lib/python3.8/site-packages/airflow/example_dags/example_external_task_marker_dag.py for tasks to queue
[2024-01-28T02:55:37.365+0000] {logging_mixin.py:188} INFO - [2024-01-28T02:55:37.365+0000] {dagbag.py:538} INFO - Filling up the DagBag from /home/airflow/.local/lib/python3.8/site-packages/airflow/example_dags/example_external_task_marker_dag.py
[2024-01-28T02:55:37.372+0000] {processor.py:840} INFO - DAG(s) 'example_external_task_marker_parent', 'example_external_task_marker_child' retrieved from /home/airflow/.local/lib/python3.8/site-packages/airflow/example_dags/example_external_task_marker_dag.py
[2024-01-28T02:55:37.398+0000] {logging_mixin.py:188} INFO - [2024-01-28T02:55:37.398+0000] {dag.py:3036} INFO - Sync 2 DAGs
[2024-01-28T02:55:37.416+0000] {logging_mixin.py:188} INFO - [2024-01-28T02:55:37.415+0000] {dag.py:3823} INFO - Setting next_dagrun for example_external_task_marker_child to None, run_after=None
[2024-01-28T02:55:37.422+0000] {logging_mixin.py:188} INFO - [2024-01-28T02:55:37.421+0000] {dag.py:3823} INFO - Setting next_dagrun for example_external_task_marker_parent to None, run_after=None
[2024-01-28T02:55:37.450+0000] {processor.py:183} INFO - Processing /home/airflow/.local/lib/python3.8/site-packages/airflow/example_dags/example_external_task_marker_dag.py took 0.090 seconds
[2024-01-28T02:56:07.755+0000] {processor.py:161} INFO - Started process (PID=9512) to work on /home/airflow/.local/lib/python3.8/site-packages/airflow/example_dags/example_external_task_marker_dag.py
[2024-01-28T02:56:07.757+0000] {processor.py:830} INFO - Processing file /home/airflow/.local/lib/python3.8/site-packages/airflow/example_dags/example_external_task_marker_dag.py for tasks to queue
[2024-01-28T02:56:07.758+0000] {logging_mixin.py:188} INFO - [2024-01-28T02:56:07.758+0000] {dagbag.py:538} INFO - Filling up the DagBag from /home/airflow/.local/lib/python3.8/site-packages/airflow/example_dags/example_external_task_marker_dag.py
[2024-01-28T02:56:07.766+0000] {processor.py:840} INFO - DAG(s) 'example_external_task_marker_child', 'example_external_task_marker_parent' retrieved from /home/airflow/.local/lib/python3.8/site-packages/airflow/example_dags/example_external_task_marker_dag.py
[2024-01-28T02:56:07.796+0000] {logging_mixin.py:188} INFO - [2024-01-28T02:56:07.796+0000] {dag.py:3036} INFO - Sync 2 DAGs
[2024-01-28T02:56:07.810+0000] {logging_mixin.py:188} INFO - [2024-01-28T02:56:07.810+0000] {dag.py:3823} INFO - Setting next_dagrun for example_external_task_marker_child to None, run_after=None
[2024-01-28T02:56:07.814+0000] {logging_mixin.py:188} INFO - [2024-01-28T02:56:07.814+0000] {dag.py:3823} INFO - Setting next_dagrun for example_external_task_marker_parent to None, run_after=None
[2024-01-28T02:56:07.843+0000] {processor.py:183} INFO - Processing /home/airflow/.local/lib/python3.8/site-packages/airflow/example_dags/example_external_task_marker_dag.py took 0.091 seconds
[2024-01-28T02:56:38.580+0000] {processor.py:161} INFO - Started process (PID=9826) to work on /home/airflow/.local/lib/python3.8/site-packages/airflow/example_dags/example_external_task_marker_dag.py
[2024-01-28T02:56:38.581+0000] {processor.py:830} INFO - Processing file /home/airflow/.local/lib/python3.8/site-packages/airflow/example_dags/example_external_task_marker_dag.py for tasks to queue
[2024-01-28T02:56:38.582+0000] {logging_mixin.py:188} INFO - [2024-01-28T02:56:38.582+0000] {dagbag.py:538} INFO - Filling up the DagBag from /home/airflow/.local/lib/python3.8/site-packages/airflow/example_dags/example_external_task_marker_dag.py
[2024-01-28T02:56:38.588+0000] {processor.py:840} INFO - DAG(s) 'example_external_task_marker_child', 'example_external_task_marker_parent' retrieved from /home/airflow/.local/lib/python3.8/site-packages/airflow/example_dags/example_external_task_marker_dag.py
[2024-01-28T02:56:38.613+0000] {logging_mixin.py:188} INFO - [2024-01-28T02:56:38.612+0000] {dag.py:3036} INFO - Sync 2 DAGs
[2024-01-28T02:56:38.625+0000] {logging_mixin.py:188} INFO - [2024-01-28T02:56:38.624+0000] {dag.py:3823} INFO - Setting next_dagrun for example_external_task_marker_child to None, run_after=None
[2024-01-28T02:56:38.630+0000] {logging_mixin.py:188} INFO - [2024-01-28T02:56:38.629+0000] {dag.py:3823} INFO - Setting next_dagrun for example_external_task_marker_parent to None, run_after=None
[2024-01-28T02:56:38.654+0000] {processor.py:183} INFO - Processing /home/airflow/.local/lib/python3.8/site-packages/airflow/example_dags/example_external_task_marker_dag.py took 0.078 seconds
[2024-01-28T02:57:10.261+0000] {processor.py:161} INFO - Started process (PID=10138) to work on /home/airflow/.local/lib/python3.8/site-packages/airflow/example_dags/example_external_task_marker_dag.py
[2024-01-28T02:57:10.263+0000] {processor.py:830} INFO - Processing file /home/airflow/.local/lib/python3.8/site-packages/airflow/example_dags/example_external_task_marker_dag.py for tasks to queue
[2024-01-28T02:57:10.264+0000] {logging_mixin.py:188} INFO - [2024-01-28T02:57:10.264+0000] {dagbag.py:538} INFO - Filling up the DagBag from /home/airflow/.local/lib/python3.8/site-packages/airflow/example_dags/example_external_task_marker_dag.py
[2024-01-28T02:57:10.272+0000] {processor.py:840} INFO - DAG(s) 'example_external_task_marker_child', 'example_external_task_marker_parent' retrieved from /home/airflow/.local/lib/python3.8/site-packages/airflow/example_dags/example_external_task_marker_dag.py
[2024-01-28T02:57:10.300+0000] {logging_mixin.py:188} INFO - [2024-01-28T02:57:10.300+0000] {dag.py:3036} INFO - Sync 2 DAGs
[2024-01-28T02:57:10.312+0000] {logging_mixin.py:188} INFO - [2024-01-28T02:57:10.312+0000] {dag.py:3823} INFO - Setting next_dagrun for example_external_task_marker_child to None, run_after=None
[2024-01-28T02:57:10.317+0000] {logging_mixin.py:188} INFO - [2024-01-28T02:57:10.317+0000] {dag.py:3823} INFO - Setting next_dagrun for example_external_task_marker_parent to None, run_after=None
[2024-01-28T02:57:10.341+0000] {processor.py:183} INFO - Processing /home/airflow/.local/lib/python3.8/site-packages/airflow/example_dags/example_external_task_marker_dag.py took 0.084 seconds
[2024-01-28T02:57:42.202+0000] {processor.py:161} INFO - Started process (PID=10469) to work on /home/airflow/.local/lib/python3.8/site-packages/airflow/example_dags/example_external_task_marker_dag.py
[2024-01-28T02:57:42.204+0000] {processor.py:830} INFO - Processing file /home/airflow/.local/lib/python3.8/site-packages/airflow/example_dags/example_external_task_marker_dag.py for tasks to queue
[2024-01-28T02:57:42.205+0000] {logging_mixin.py:188} INFO - [2024-01-28T02:57:42.205+0000] {dagbag.py:538} INFO - Filling up the DagBag from /home/airflow/.local/lib/python3.8/site-packages/airflow/example_dags/example_external_task_marker_dag.py
[2024-01-28T02:57:42.214+0000] {processor.py:840} INFO - DAG(s) 'example_external_task_marker_parent', 'example_external_task_marker_child' retrieved from /home/airflow/.local/lib/python3.8/site-packages/airflow/example_dags/example_external_task_marker_dag.py
[2024-01-28T02:57:42.259+0000] {logging_mixin.py:188} INFO - [2024-01-28T02:57:42.258+0000] {dag.py:3036} INFO - Sync 2 DAGs
[2024-01-28T02:57:42.276+0000] {logging_mixin.py:188} INFO - [2024-01-28T02:57:42.275+0000] {dag.py:3823} INFO - Setting next_dagrun for example_external_task_marker_child to None, run_after=None
[2024-01-28T02:57:42.280+0000] {logging_mixin.py:188} INFO - [2024-01-28T02:57:42.280+0000] {dag.py:3823} INFO - Setting next_dagrun for example_external_task_marker_parent to None, run_after=None
[2024-01-28T02:57:42.305+0000] {processor.py:183} INFO - Processing /home/airflow/.local/lib/python3.8/site-packages/airflow/example_dags/example_external_task_marker_dag.py took 0.107 seconds
