[2024-01-28T02:40:47.050+0000] {processor.py:161} INFO - Started process (PID=430) to work on /home/airflow/.local/lib/python3.8/site-packages/airflow/example_dags/example_latest_only_with_trigger.py
[2024-01-28T02:40:47.052+0000] {processor.py:830} INFO - Processing file /home/airflow/.local/lib/python3.8/site-packages/airflow/example_dags/example_latest_only_with_trigger.py for tasks to queue
[2024-01-28T02:40:47.054+0000] {logging_mixin.py:188} INFO - [2024-01-28T02:40:47.053+0000] {dagbag.py:538} INFO - Filling up the DagBag from /home/airflow/.local/lib/python3.8/site-packages/airflow/example_dags/example_latest_only_with_trigger.py
[2024-01-28T02:40:47.067+0000] {processor.py:840} INFO - DAG(s) 'latest_only_with_trigger' retrieved from /home/airflow/.local/lib/python3.8/site-packages/airflow/example_dags/example_latest_only_with_trigger.py
[2024-01-28T02:40:47.214+0000] {logging_mixin.py:188} INFO - [2024-01-28T02:40:47.214+0000] {dag.py:3036} INFO - Sync 1 DAGs
[2024-01-28T02:40:47.250+0000] {logging_mixin.py:188} INFO - [2024-01-28T02:40:47.250+0000] {dag.py:3823} INFO - Setting next_dagrun for latest_only_with_trigger to 2024-01-27 20:00:00+00:00, run_after=2024-01-28 00:00:00+00:00
[2024-01-28T02:40:47.303+0000] {processor.py:183} INFO - Processing /home/airflow/.local/lib/python3.8/site-packages/airflow/example_dags/example_latest_only_with_trigger.py took 0.258 seconds
[2024-01-28T02:41:20.977+0000] {processor.py:161} INFO - Started process (PID=740) to work on /home/airflow/.local/lib/python3.8/site-packages/airflow/example_dags/example_latest_only_with_trigger.py
[2024-01-28T02:41:20.979+0000] {processor.py:830} INFO - Processing file /home/airflow/.local/lib/python3.8/site-packages/airflow/example_dags/example_latest_only_with_trigger.py for tasks to queue
[2024-01-28T02:41:20.981+0000] {logging_mixin.py:188} INFO - [2024-01-28T02:41:20.981+0000] {dagbag.py:538} INFO - Filling up the DagBag from /home/airflow/.local/lib/python3.8/site-packages/airflow/example_dags/example_latest_only_with_trigger.py
[2024-01-28T02:41:21.000+0000] {processor.py:840} INFO - DAG(s) 'latest_only_with_trigger' retrieved from /home/airflow/.local/lib/python3.8/site-packages/airflow/example_dags/example_latest_only_with_trigger.py
[2024-01-28T02:41:21.053+0000] {logging_mixin.py:188} INFO - [2024-01-28T02:41:21.053+0000] {dag.py:3036} INFO - Sync 1 DAGs
[2024-01-28T02:41:21.120+0000] {logging_mixin.py:188} INFO - [2024-01-28T02:41:21.119+0000] {dag.py:3823} INFO - Setting next_dagrun for latest_only_with_trigger to 2024-01-27 20:00:00+00:00, run_after=2024-01-28 00:00:00+00:00
[2024-01-28T02:41:21.187+0000] {processor.py:183} INFO - Processing /home/airflow/.local/lib/python3.8/site-packages/airflow/example_dags/example_latest_only_with_trigger.py took 0.221 seconds
[2024-01-28T02:41:51.959+0000] {processor.py:161} INFO - Started process (PID=1051) to work on /home/airflow/.local/lib/python3.8/site-packages/airflow/example_dags/example_latest_only_with_trigger.py
[2024-01-28T02:41:51.961+0000] {processor.py:830} INFO - Processing file /home/airflow/.local/lib/python3.8/site-packages/airflow/example_dags/example_latest_only_with_trigger.py for tasks to queue
[2024-01-28T02:41:51.962+0000] {logging_mixin.py:188} INFO - [2024-01-28T02:41:51.961+0000] {dagbag.py:538} INFO - Filling up the DagBag from /home/airflow/.local/lib/python3.8/site-packages/airflow/example_dags/example_latest_only_with_trigger.py
[2024-01-28T02:41:51.968+0000] {processor.py:840} INFO - DAG(s) 'latest_only_with_trigger' retrieved from /home/airflow/.local/lib/python3.8/site-packages/airflow/example_dags/example_latest_only_with_trigger.py
[2024-01-28T02:41:51.989+0000] {logging_mixin.py:188} INFO - [2024-01-28T02:41:51.989+0000] {dag.py:3036} INFO - Sync 1 DAGs
[2024-01-28T02:41:52.016+0000] {logging_mixin.py:188} INFO - [2024-01-28T02:41:52.016+0000] {dag.py:3823} INFO - Setting next_dagrun for latest_only_with_trigger to 2024-01-27 20:00:00+00:00, run_after=2024-01-28 00:00:00+00:00
[2024-01-28T02:41:52.040+0000] {processor.py:183} INFO - Processing /home/airflow/.local/lib/python3.8/site-packages/airflow/example_dags/example_latest_only_with_trigger.py took 0.085 seconds
[2024-01-28T02:42:34.537+0000] {processor.py:161} INFO - Started process (PID=1368) to work on /home/airflow/.local/lib/python3.8/site-packages/airflow/example_dags/example_latest_only_with_trigger.py
[2024-01-28T02:42:34.541+0000] {processor.py:830} INFO - Processing file /home/airflow/.local/lib/python3.8/site-packages/airflow/example_dags/example_latest_only_with_trigger.py for tasks to queue
[2024-01-28T02:42:34.544+0000] {logging_mixin.py:188} INFO - [2024-01-28T02:42:34.543+0000] {dagbag.py:538} INFO - Filling up the DagBag from /home/airflow/.local/lib/python3.8/site-packages/airflow/example_dags/example_latest_only_with_trigger.py
[2024-01-28T02:42:34.556+0000] {processor.py:840} INFO - DAG(s) 'latest_only_with_trigger' retrieved from /home/airflow/.local/lib/python3.8/site-packages/airflow/example_dags/example_latest_only_with_trigger.py
[2024-01-28T02:42:34.584+0000] {logging_mixin.py:188} INFO - [2024-01-28T02:42:34.584+0000] {dag.py:3036} INFO - Sync 1 DAGs
[2024-01-28T02:42:34.614+0000] {logging_mixin.py:188} INFO - [2024-01-28T02:42:34.614+0000] {dag.py:3823} INFO - Setting next_dagrun for latest_only_with_trigger to 2024-01-27 20:00:00+00:00, run_after=2024-01-28 00:00:00+00:00
[2024-01-28T02:42:34.638+0000] {processor.py:183} INFO - Processing /home/airflow/.local/lib/python3.8/site-packages/airflow/example_dags/example_latest_only_with_trigger.py took 0.109 seconds
[2024-01-28T02:43:06.176+0000] {processor.py:161} INFO - Started process (PID=1682) to work on /home/airflow/.local/lib/python3.8/site-packages/airflow/example_dags/example_latest_only_with_trigger.py
[2024-01-28T02:43:06.178+0000] {processor.py:830} INFO - Processing file /home/airflow/.local/lib/python3.8/site-packages/airflow/example_dags/example_latest_only_with_trigger.py for tasks to queue
[2024-01-28T02:43:06.179+0000] {logging_mixin.py:188} INFO - [2024-01-28T02:43:06.179+0000] {dagbag.py:538} INFO - Filling up the DagBag from /home/airflow/.local/lib/python3.8/site-packages/airflow/example_dags/example_latest_only_with_trigger.py
[2024-01-28T02:43:06.190+0000] {processor.py:840} INFO - DAG(s) 'latest_only_with_trigger' retrieved from /home/airflow/.local/lib/python3.8/site-packages/airflow/example_dags/example_latest_only_with_trigger.py
[2024-01-28T02:43:06.215+0000] {logging_mixin.py:188} INFO - [2024-01-28T02:43:06.215+0000] {dag.py:3036} INFO - Sync 1 DAGs
[2024-01-28T02:43:06.249+0000] {logging_mixin.py:188} INFO - [2024-01-28T02:43:06.248+0000] {dag.py:3823} INFO - Setting next_dagrun for latest_only_with_trigger to 2024-01-27 20:00:00+00:00, run_after=2024-01-28 00:00:00+00:00
[2024-01-28T02:43:06.297+0000] {processor.py:183} INFO - Processing /home/airflow/.local/lib/python3.8/site-packages/airflow/example_dags/example_latest_only_with_trigger.py took 0.126 seconds
[2024-01-28T02:43:36.415+0000] {processor.py:161} INFO - Started process (PID=1993) to work on /home/airflow/.local/lib/python3.8/site-packages/airflow/example_dags/example_latest_only_with_trigger.py
[2024-01-28T02:43:36.416+0000] {processor.py:830} INFO - Processing file /home/airflow/.local/lib/python3.8/site-packages/airflow/example_dags/example_latest_only_with_trigger.py for tasks to queue
[2024-01-28T02:43:36.417+0000] {logging_mixin.py:188} INFO - [2024-01-28T02:43:36.417+0000] {dagbag.py:538} INFO - Filling up the DagBag from /home/airflow/.local/lib/python3.8/site-packages/airflow/example_dags/example_latest_only_with_trigger.py
[2024-01-28T02:43:36.425+0000] {processor.py:840} INFO - DAG(s) 'latest_only_with_trigger' retrieved from /home/airflow/.local/lib/python3.8/site-packages/airflow/example_dags/example_latest_only_with_trigger.py
[2024-01-28T02:43:36.457+0000] {logging_mixin.py:188} INFO - [2024-01-28T02:43:36.456+0000] {dag.py:3036} INFO - Sync 1 DAGs
[2024-01-28T02:43:36.493+0000] {logging_mixin.py:188} INFO - [2024-01-28T02:43:36.492+0000] {dag.py:3823} INFO - Setting next_dagrun for latest_only_with_trigger to 2024-01-27 20:00:00+00:00, run_after=2024-01-28 00:00:00+00:00
[2024-01-28T02:43:36.552+0000] {processor.py:183} INFO - Processing /home/airflow/.local/lib/python3.8/site-packages/airflow/example_dags/example_latest_only_with_trigger.py took 0.141 seconds
[2024-01-28T02:44:06.960+0000] {processor.py:161} INFO - Started process (PID=2302) to work on /home/airflow/.local/lib/python3.8/site-packages/airflow/example_dags/example_latest_only_with_trigger.py
[2024-01-28T02:44:06.962+0000] {processor.py:830} INFO - Processing file /home/airflow/.local/lib/python3.8/site-packages/airflow/example_dags/example_latest_only_with_trigger.py for tasks to queue
[2024-01-28T02:44:06.963+0000] {logging_mixin.py:188} INFO - [2024-01-28T02:44:06.963+0000] {dagbag.py:538} INFO - Filling up the DagBag from /home/airflow/.local/lib/python3.8/site-packages/airflow/example_dags/example_latest_only_with_trigger.py
[2024-01-28T02:44:06.971+0000] {processor.py:840} INFO - DAG(s) 'latest_only_with_trigger' retrieved from /home/airflow/.local/lib/python3.8/site-packages/airflow/example_dags/example_latest_only_with_trigger.py
[2024-01-28T02:44:06.992+0000] {logging_mixin.py:188} INFO - [2024-01-28T02:44:06.992+0000] {dag.py:3036} INFO - Sync 1 DAGs
[2024-01-28T02:44:07.012+0000] {logging_mixin.py:188} INFO - [2024-01-28T02:44:07.012+0000] {dag.py:3823} INFO - Setting next_dagrun for latest_only_with_trigger to 2024-01-27 20:00:00+00:00, run_after=2024-01-28 00:00:00+00:00
[2024-01-28T02:44:07.036+0000] {processor.py:183} INFO - Processing /home/airflow/.local/lib/python3.8/site-packages/airflow/example_dags/example_latest_only_with_trigger.py took 0.079 seconds
[2024-01-28T02:44:37.906+0000] {processor.py:161} INFO - Started process (PID=2615) to work on /home/airflow/.local/lib/python3.8/site-packages/airflow/example_dags/example_latest_only_with_trigger.py
[2024-01-28T02:44:37.911+0000] {processor.py:830} INFO - Processing file /home/airflow/.local/lib/python3.8/site-packages/airflow/example_dags/example_latest_only_with_trigger.py for tasks to queue
[2024-01-28T02:44:37.912+0000] {logging_mixin.py:188} INFO - [2024-01-28T02:44:37.912+0000] {dagbag.py:538} INFO - Filling up the DagBag from /home/airflow/.local/lib/python3.8/site-packages/airflow/example_dags/example_latest_only_with_trigger.py
[2024-01-28T02:44:37.919+0000] {processor.py:840} INFO - DAG(s) 'latest_only_with_trigger' retrieved from /home/airflow/.local/lib/python3.8/site-packages/airflow/example_dags/example_latest_only_with_trigger.py
[2024-01-28T02:44:37.945+0000] {logging_mixin.py:188} INFO - [2024-01-28T02:44:37.944+0000] {dag.py:3036} INFO - Sync 1 DAGs
[2024-01-28T02:44:37.973+0000] {logging_mixin.py:188} INFO - [2024-01-28T02:44:37.973+0000] {dag.py:3823} INFO - Setting next_dagrun for latest_only_with_trigger to 2024-01-27 20:00:00+00:00, run_after=2024-01-28 00:00:00+00:00
[2024-01-28T02:44:38.001+0000] {processor.py:183} INFO - Processing /home/airflow/.local/lib/python3.8/site-packages/airflow/example_dags/example_latest_only_with_trigger.py took 0.098 seconds
[2024-01-28T02:45:08.403+0000] {processor.py:161} INFO - Started process (PID=2924) to work on /home/airflow/.local/lib/python3.8/site-packages/airflow/example_dags/example_latest_only_with_trigger.py
[2024-01-28T02:45:08.404+0000] {processor.py:830} INFO - Processing file /home/airflow/.local/lib/python3.8/site-packages/airflow/example_dags/example_latest_only_with_trigger.py for tasks to queue
[2024-01-28T02:45:08.406+0000] {logging_mixin.py:188} INFO - [2024-01-28T02:45:08.405+0000] {dagbag.py:538} INFO - Filling up the DagBag from /home/airflow/.local/lib/python3.8/site-packages/airflow/example_dags/example_latest_only_with_trigger.py
[2024-01-28T02:45:08.414+0000] {processor.py:840} INFO - DAG(s) 'latest_only_with_trigger' retrieved from /home/airflow/.local/lib/python3.8/site-packages/airflow/example_dags/example_latest_only_with_trigger.py
[2024-01-28T02:45:08.437+0000] {logging_mixin.py:188} INFO - [2024-01-28T02:45:08.437+0000] {dag.py:3036} INFO - Sync 1 DAGs
[2024-01-28T02:45:08.459+0000] {logging_mixin.py:188} INFO - [2024-01-28T02:45:08.459+0000] {dag.py:3823} INFO - Setting next_dagrun for latest_only_with_trigger to 2024-01-27 20:00:00+00:00, run_after=2024-01-28 00:00:00+00:00
[2024-01-28T02:45:08.481+0000] {processor.py:183} INFO - Processing /home/airflow/.local/lib/python3.8/site-packages/airflow/example_dags/example_latest_only_with_trigger.py took 0.081 seconds
[2024-01-28T02:45:39.399+0000] {processor.py:161} INFO - Started process (PID=3237) to work on /home/airflow/.local/lib/python3.8/site-packages/airflow/example_dags/example_latest_only_with_trigger.py
[2024-01-28T02:45:39.400+0000] {processor.py:830} INFO - Processing file /home/airflow/.local/lib/python3.8/site-packages/airflow/example_dags/example_latest_only_with_trigger.py for tasks to queue
[2024-01-28T02:45:39.402+0000] {logging_mixin.py:188} INFO - [2024-01-28T02:45:39.401+0000] {dagbag.py:538} INFO - Filling up the DagBag from /home/airflow/.local/lib/python3.8/site-packages/airflow/example_dags/example_latest_only_with_trigger.py
[2024-01-28T02:45:39.410+0000] {processor.py:840} INFO - DAG(s) 'latest_only_with_trigger' retrieved from /home/airflow/.local/lib/python3.8/site-packages/airflow/example_dags/example_latest_only_with_trigger.py
[2024-01-28T02:45:39.434+0000] {logging_mixin.py:188} INFO - [2024-01-28T02:45:39.433+0000] {dag.py:3036} INFO - Sync 1 DAGs
[2024-01-28T02:45:39.461+0000] {logging_mixin.py:188} INFO - [2024-01-28T02:45:39.461+0000] {dag.py:3823} INFO - Setting next_dagrun for latest_only_with_trigger to 2024-01-27 20:00:00+00:00, run_after=2024-01-28 00:00:00+00:00
[2024-01-28T02:45:39.484+0000] {processor.py:183} INFO - Processing /home/airflow/.local/lib/python3.8/site-packages/airflow/example_dags/example_latest_only_with_trigger.py took 0.088 seconds
[2024-01-28T02:46:09.712+0000] {processor.py:161} INFO - Started process (PID=3546) to work on /home/airflow/.local/lib/python3.8/site-packages/airflow/example_dags/example_latest_only_with_trigger.py
[2024-01-28T02:46:09.713+0000] {processor.py:830} INFO - Processing file /home/airflow/.local/lib/python3.8/site-packages/airflow/example_dags/example_latest_only_with_trigger.py for tasks to queue
[2024-01-28T02:46:09.714+0000] {logging_mixin.py:188} INFO - [2024-01-28T02:46:09.714+0000] {dagbag.py:538} INFO - Filling up the DagBag from /home/airflow/.local/lib/python3.8/site-packages/airflow/example_dags/example_latest_only_with_trigger.py
[2024-01-28T02:46:09.723+0000] {processor.py:840} INFO - DAG(s) 'latest_only_with_trigger' retrieved from /home/airflow/.local/lib/python3.8/site-packages/airflow/example_dags/example_latest_only_with_trigger.py
[2024-01-28T02:46:09.744+0000] {logging_mixin.py:188} INFO - [2024-01-28T02:46:09.743+0000] {dag.py:3036} INFO - Sync 1 DAGs
[2024-01-28T02:46:09.765+0000] {logging_mixin.py:188} INFO - [2024-01-28T02:46:09.764+0000] {dag.py:3823} INFO - Setting next_dagrun for latest_only_with_trigger to 2024-01-27 20:00:00+00:00, run_after=2024-01-28 00:00:00+00:00
[2024-01-28T02:46:09.787+0000] {processor.py:183} INFO - Processing /home/airflow/.local/lib/python3.8/site-packages/airflow/example_dags/example_latest_only_with_trigger.py took 0.078 seconds
[2024-01-28T02:46:40.373+0000] {processor.py:161} INFO - Started process (PID=3857) to work on /home/airflow/.local/lib/python3.8/site-packages/airflow/example_dags/example_latest_only_with_trigger.py
[2024-01-28T02:46:40.375+0000] {processor.py:830} INFO - Processing file /home/airflow/.local/lib/python3.8/site-packages/airflow/example_dags/example_latest_only_with_trigger.py for tasks to queue
[2024-01-28T02:46:40.376+0000] {logging_mixin.py:188} INFO - [2024-01-28T02:46:40.375+0000] {dagbag.py:538} INFO - Filling up the DagBag from /home/airflow/.local/lib/python3.8/site-packages/airflow/example_dags/example_latest_only_with_trigger.py
[2024-01-28T02:46:40.382+0000] {processor.py:840} INFO - DAG(s) 'latest_only_with_trigger' retrieved from /home/airflow/.local/lib/python3.8/site-packages/airflow/example_dags/example_latest_only_with_trigger.py
[2024-01-28T02:46:40.405+0000] {logging_mixin.py:188} INFO - [2024-01-28T02:46:40.405+0000] {dag.py:3036} INFO - Sync 1 DAGs
[2024-01-28T02:46:40.429+0000] {logging_mixin.py:188} INFO - [2024-01-28T02:46:40.429+0000] {dag.py:3823} INFO - Setting next_dagrun for latest_only_with_trigger to 2024-01-27 20:00:00+00:00, run_after=2024-01-28 00:00:00+00:00
[2024-01-28T02:46:40.452+0000] {processor.py:183} INFO - Processing /home/airflow/.local/lib/python3.8/site-packages/airflow/example_dags/example_latest_only_with_trigger.py took 0.082 seconds
[2024-01-28T02:47:18.234+0000] {processor.py:161} INFO - Started process (PID=4174) to work on /home/airflow/.local/lib/python3.8/site-packages/airflow/example_dags/example_latest_only_with_trigger.py
[2024-01-28T02:47:18.239+0000] {processor.py:830} INFO - Processing file /home/airflow/.local/lib/python3.8/site-packages/airflow/example_dags/example_latest_only_with_trigger.py for tasks to queue
[2024-01-28T02:47:18.240+0000] {logging_mixin.py:188} INFO - [2024-01-28T02:47:18.240+0000] {dagbag.py:538} INFO - Filling up the DagBag from /home/airflow/.local/lib/python3.8/site-packages/airflow/example_dags/example_latest_only_with_trigger.py
[2024-01-28T02:47:18.248+0000] {processor.py:840} INFO - DAG(s) 'latest_only_with_trigger' retrieved from /home/airflow/.local/lib/python3.8/site-packages/airflow/example_dags/example_latest_only_with_trigger.py
[2024-01-28T02:47:18.280+0000] {logging_mixin.py:188} INFO - [2024-01-28T02:47:18.280+0000] {dag.py:3036} INFO - Sync 1 DAGs
[2024-01-28T02:47:18.326+0000] {logging_mixin.py:188} INFO - [2024-01-28T02:47:18.324+0000] {dag.py:3823} INFO - Setting next_dagrun for latest_only_with_trigger to 2024-01-27 20:00:00+00:00, run_after=2024-01-28 00:00:00+00:00
[2024-01-28T02:47:18.368+0000] {processor.py:183} INFO - Processing /home/airflow/.local/lib/python3.8/site-packages/airflow/example_dags/example_latest_only_with_trigger.py took 0.138 seconds
[2024-01-28T02:47:48.880+0000] {processor.py:161} INFO - Started process (PID=4485) to work on /home/airflow/.local/lib/python3.8/site-packages/airflow/example_dags/example_latest_only_with_trigger.py
[2024-01-28T02:47:48.881+0000] {processor.py:830} INFO - Processing file /home/airflow/.local/lib/python3.8/site-packages/airflow/example_dags/example_latest_only_with_trigger.py for tasks to queue
[2024-01-28T02:47:48.883+0000] {logging_mixin.py:188} INFO - [2024-01-28T02:47:48.882+0000] {dagbag.py:538} INFO - Filling up the DagBag from /home/airflow/.local/lib/python3.8/site-packages/airflow/example_dags/example_latest_only_with_trigger.py
[2024-01-28T02:47:48.889+0000] {processor.py:840} INFO - DAG(s) 'latest_only_with_trigger' retrieved from /home/airflow/.local/lib/python3.8/site-packages/airflow/example_dags/example_latest_only_with_trigger.py
[2024-01-28T02:47:48.916+0000] {logging_mixin.py:188} INFO - [2024-01-28T02:47:48.916+0000] {dag.py:3036} INFO - Sync 1 DAGs
[2024-01-28T02:47:48.938+0000] {logging_mixin.py:188} INFO - [2024-01-28T02:47:48.938+0000] {dag.py:3823} INFO - Setting next_dagrun for latest_only_with_trigger to 2024-01-27 20:00:00+00:00, run_after=2024-01-28 00:00:00+00:00
[2024-01-28T02:47:48.966+0000] {processor.py:183} INFO - Processing /home/airflow/.local/lib/python3.8/site-packages/airflow/example_dags/example_latest_only_with_trigger.py took 0.089 seconds
[2024-01-28T02:48:19.462+0000] {processor.py:161} INFO - Started process (PID=4800) to work on /home/airflow/.local/lib/python3.8/site-packages/airflow/example_dags/example_latest_only_with_trigger.py
[2024-01-28T02:48:19.463+0000] {processor.py:830} INFO - Processing file /home/airflow/.local/lib/python3.8/site-packages/airflow/example_dags/example_latest_only_with_trigger.py for tasks to queue
[2024-01-28T02:48:19.465+0000] {logging_mixin.py:188} INFO - [2024-01-28T02:48:19.464+0000] {dagbag.py:538} INFO - Filling up the DagBag from /home/airflow/.local/lib/python3.8/site-packages/airflow/example_dags/example_latest_only_with_trigger.py
[2024-01-28T02:48:19.474+0000] {processor.py:840} INFO - DAG(s) 'latest_only_with_trigger' retrieved from /home/airflow/.local/lib/python3.8/site-packages/airflow/example_dags/example_latest_only_with_trigger.py
[2024-01-28T02:48:19.505+0000] {logging_mixin.py:188} INFO - [2024-01-28T02:48:19.504+0000] {dag.py:3036} INFO - Sync 1 DAGs
[2024-01-28T02:48:19.531+0000] {logging_mixin.py:188} INFO - [2024-01-28T02:48:19.531+0000] {dag.py:3823} INFO - Setting next_dagrun for latest_only_with_trigger to 2024-01-27 20:00:00+00:00, run_after=2024-01-28 00:00:00+00:00
[2024-01-28T02:48:19.558+0000] {processor.py:183} INFO - Processing /home/airflow/.local/lib/python3.8/site-packages/airflow/example_dags/example_latest_only_with_trigger.py took 0.100 seconds
[2024-01-28T02:48:50.665+0000] {processor.py:161} INFO - Started process (PID=5136) to work on /home/airflow/.local/lib/python3.8/site-packages/airflow/example_dags/example_latest_only_with_trigger.py
[2024-01-28T02:48:50.666+0000] {processor.py:830} INFO - Processing file /home/airflow/.local/lib/python3.8/site-packages/airflow/example_dags/example_latest_only_with_trigger.py for tasks to queue
[2024-01-28T02:48:50.667+0000] {logging_mixin.py:188} INFO - [2024-01-28T02:48:50.667+0000] {dagbag.py:538} INFO - Filling up the DagBag from /home/airflow/.local/lib/python3.8/site-packages/airflow/example_dags/example_latest_only_with_trigger.py
[2024-01-28T02:48:50.673+0000] {processor.py:840} INFO - DAG(s) 'latest_only_with_trigger' retrieved from /home/airflow/.local/lib/python3.8/site-packages/airflow/example_dags/example_latest_only_with_trigger.py
[2024-01-28T02:48:50.697+0000] {logging_mixin.py:188} INFO - [2024-01-28T02:48:50.696+0000] {dag.py:3036} INFO - Sync 1 DAGs
[2024-01-28T02:48:50.717+0000] {logging_mixin.py:188} INFO - [2024-01-28T02:48:50.717+0000] {dag.py:3823} INFO - Setting next_dagrun for latest_only_with_trigger to 2024-01-27 20:00:00+00:00, run_after=2024-01-28 00:00:00+00:00
[2024-01-28T02:48:50.736+0000] {processor.py:183} INFO - Processing /home/airflow/.local/lib/python3.8/site-packages/airflow/example_dags/example_latest_only_with_trigger.py took 0.075 seconds
[2024-01-28T02:49:21.352+0000] {processor.py:161} INFO - Started process (PID=5436) to work on /home/airflow/.local/lib/python3.8/site-packages/airflow/example_dags/example_latest_only_with_trigger.py
[2024-01-28T02:49:21.354+0000] {processor.py:830} INFO - Processing file /home/airflow/.local/lib/python3.8/site-packages/airflow/example_dags/example_latest_only_with_trigger.py for tasks to queue
[2024-01-28T02:49:21.355+0000] {logging_mixin.py:188} INFO - [2024-01-28T02:49:21.354+0000] {dagbag.py:538} INFO - Filling up the DagBag from /home/airflow/.local/lib/python3.8/site-packages/airflow/example_dags/example_latest_only_with_trigger.py
[2024-01-28T02:49:21.363+0000] {processor.py:840} INFO - DAG(s) 'latest_only_with_trigger' retrieved from /home/airflow/.local/lib/python3.8/site-packages/airflow/example_dags/example_latest_only_with_trigger.py
[2024-01-28T02:49:21.386+0000] {logging_mixin.py:188} INFO - [2024-01-28T02:49:21.385+0000] {dag.py:3036} INFO - Sync 1 DAGs
[2024-01-28T02:49:21.409+0000] {logging_mixin.py:188} INFO - [2024-01-28T02:49:21.409+0000] {dag.py:3823} INFO - Setting next_dagrun for latest_only_with_trigger to 2024-01-27 20:00:00+00:00, run_after=2024-01-28 00:00:00+00:00
[2024-01-28T02:49:21.563+0000] {processor.py:183} INFO - Processing /home/airflow/.local/lib/python3.8/site-packages/airflow/example_dags/example_latest_only_with_trigger.py took 0.215 seconds
[2024-01-28T02:49:52.618+0000] {processor.py:161} INFO - Started process (PID=5749) to work on /home/airflow/.local/lib/python3.8/site-packages/airflow/example_dags/example_latest_only_with_trigger.py
[2024-01-28T02:49:52.620+0000] {processor.py:830} INFO - Processing file /home/airflow/.local/lib/python3.8/site-packages/airflow/example_dags/example_latest_only_with_trigger.py for tasks to queue
[2024-01-28T02:49:52.622+0000] {logging_mixin.py:188} INFO - [2024-01-28T02:49:52.621+0000] {dagbag.py:538} INFO - Filling up the DagBag from /home/airflow/.local/lib/python3.8/site-packages/airflow/example_dags/example_latest_only_with_trigger.py
[2024-01-28T02:49:52.630+0000] {processor.py:840} INFO - DAG(s) 'latest_only_with_trigger' retrieved from /home/airflow/.local/lib/python3.8/site-packages/airflow/example_dags/example_latest_only_with_trigger.py
[2024-01-28T02:49:52.655+0000] {logging_mixin.py:188} INFO - [2024-01-28T02:49:52.655+0000] {dag.py:3036} INFO - Sync 1 DAGs
[2024-01-28T02:49:52.683+0000] {logging_mixin.py:188} INFO - [2024-01-28T02:49:52.682+0000] {dag.py:3823} INFO - Setting next_dagrun for latest_only_with_trigger to 2024-01-27 20:00:00+00:00, run_after=2024-01-28 00:00:00+00:00
[2024-01-28T02:49:52.709+0000] {processor.py:183} INFO - Processing /home/airflow/.local/lib/python3.8/site-packages/airflow/example_dags/example_latest_only_with_trigger.py took 0.097 seconds
[2024-01-28T02:50:22.858+0000] {processor.py:161} INFO - Started process (PID=6052) to work on /home/airflow/.local/lib/python3.8/site-packages/airflow/example_dags/example_latest_only_with_trigger.py
[2024-01-28T02:50:22.859+0000] {processor.py:830} INFO - Processing file /home/airflow/.local/lib/python3.8/site-packages/airflow/example_dags/example_latest_only_with_trigger.py for tasks to queue
[2024-01-28T02:50:22.860+0000] {logging_mixin.py:188} INFO - [2024-01-28T02:50:22.860+0000] {dagbag.py:538} INFO - Filling up the DagBag from /home/airflow/.local/lib/python3.8/site-packages/airflow/example_dags/example_latest_only_with_trigger.py
[2024-01-28T02:50:22.867+0000] {processor.py:840} INFO - DAG(s) 'latest_only_with_trigger' retrieved from /home/airflow/.local/lib/python3.8/site-packages/airflow/example_dags/example_latest_only_with_trigger.py
[2024-01-28T02:50:22.885+0000] {logging_mixin.py:188} INFO - [2024-01-28T02:50:22.885+0000] {dag.py:3036} INFO - Sync 1 DAGs
[2024-01-28T02:50:22.908+0000] {logging_mixin.py:188} INFO - [2024-01-28T02:50:22.907+0000] {dag.py:3823} INFO - Setting next_dagrun for latest_only_with_trigger to 2024-01-27 20:00:00+00:00, run_after=2024-01-28 00:00:00+00:00
[2024-01-28T02:50:22.932+0000] {processor.py:183} INFO - Processing /home/airflow/.local/lib/python3.8/site-packages/airflow/example_dags/example_latest_only_with_trigger.py took 0.076 seconds
[2024-01-28T02:50:53.467+0000] {processor.py:161} INFO - Started process (PID=6363) to work on /home/airflow/.local/lib/python3.8/site-packages/airflow/example_dags/example_latest_only_with_trigger.py
[2024-01-28T02:50:53.469+0000] {processor.py:830} INFO - Processing file /home/airflow/.local/lib/python3.8/site-packages/airflow/example_dags/example_latest_only_with_trigger.py for tasks to queue
[2024-01-28T02:50:53.470+0000] {logging_mixin.py:188} INFO - [2024-01-28T02:50:53.469+0000] {dagbag.py:538} INFO - Filling up the DagBag from /home/airflow/.local/lib/python3.8/site-packages/airflow/example_dags/example_latest_only_with_trigger.py
[2024-01-28T02:50:53.475+0000] {processor.py:840} INFO - DAG(s) 'latest_only_with_trigger' retrieved from /home/airflow/.local/lib/python3.8/site-packages/airflow/example_dags/example_latest_only_with_trigger.py
[2024-01-28T02:50:53.495+0000] {logging_mixin.py:188} INFO - [2024-01-28T02:50:53.495+0000] {dag.py:3036} INFO - Sync 1 DAGs
[2024-01-28T02:50:53.521+0000] {logging_mixin.py:188} INFO - [2024-01-28T02:50:53.521+0000] {dag.py:3823} INFO - Setting next_dagrun for latest_only_with_trigger to 2024-01-27 20:00:00+00:00, run_after=2024-01-28 00:00:00+00:00
[2024-01-28T02:50:53.681+0000] {processor.py:183} INFO - Processing /home/airflow/.local/lib/python3.8/site-packages/airflow/example_dags/example_latest_only_with_trigger.py took 0.218 seconds
[2024-01-28T02:51:23.869+0000] {processor.py:161} INFO - Started process (PID=6675) to work on /home/airflow/.local/lib/python3.8/site-packages/airflow/example_dags/example_latest_only_with_trigger.py
[2024-01-28T02:51:23.871+0000] {processor.py:830} INFO - Processing file /home/airflow/.local/lib/python3.8/site-packages/airflow/example_dags/example_latest_only_with_trigger.py for tasks to queue
[2024-01-28T02:51:23.872+0000] {logging_mixin.py:188} INFO - [2024-01-28T02:51:23.872+0000] {dagbag.py:538} INFO - Filling up the DagBag from /home/airflow/.local/lib/python3.8/site-packages/airflow/example_dags/example_latest_only_with_trigger.py
[2024-01-28T02:51:23.880+0000] {processor.py:840} INFO - DAG(s) 'latest_only_with_trigger' retrieved from /home/airflow/.local/lib/python3.8/site-packages/airflow/example_dags/example_latest_only_with_trigger.py
[2024-01-28T02:51:23.902+0000] {logging_mixin.py:188} INFO - [2024-01-28T02:51:23.902+0000] {dag.py:3036} INFO - Sync 1 DAGs
[2024-01-28T02:51:23.925+0000] {logging_mixin.py:188} INFO - [2024-01-28T02:51:23.925+0000] {dag.py:3823} INFO - Setting next_dagrun for latest_only_with_trigger to 2024-01-27 20:00:00+00:00, run_after=2024-01-28 00:00:00+00:00
[2024-01-28T02:51:23.952+0000] {processor.py:183} INFO - Processing /home/airflow/.local/lib/python3.8/site-packages/airflow/example_dags/example_latest_only_with_trigger.py took 0.086 seconds
[2024-01-28T02:51:54.264+0000] {processor.py:161} INFO - Started process (PID=6986) to work on /home/airflow/.local/lib/python3.8/site-packages/airflow/example_dags/example_latest_only_with_trigger.py
[2024-01-28T02:51:54.265+0000] {processor.py:830} INFO - Processing file /home/airflow/.local/lib/python3.8/site-packages/airflow/example_dags/example_latest_only_with_trigger.py for tasks to queue
[2024-01-28T02:51:54.266+0000] {logging_mixin.py:188} INFO - [2024-01-28T02:51:54.266+0000] {dagbag.py:538} INFO - Filling up the DagBag from /home/airflow/.local/lib/python3.8/site-packages/airflow/example_dags/example_latest_only_with_trigger.py
[2024-01-28T02:51:54.274+0000] {processor.py:840} INFO - DAG(s) 'latest_only_with_trigger' retrieved from /home/airflow/.local/lib/python3.8/site-packages/airflow/example_dags/example_latest_only_with_trigger.py
[2024-01-28T02:51:54.293+0000] {logging_mixin.py:188} INFO - [2024-01-28T02:51:54.293+0000] {dag.py:3036} INFO - Sync 1 DAGs
[2024-01-28T02:51:54.317+0000] {logging_mixin.py:188} INFO - [2024-01-28T02:51:54.317+0000] {dag.py:3823} INFO - Setting next_dagrun for latest_only_with_trigger to 2024-01-27 20:00:00+00:00, run_after=2024-01-28 00:00:00+00:00
[2024-01-28T02:51:54.344+0000] {processor.py:183} INFO - Processing /home/airflow/.local/lib/python3.8/site-packages/airflow/example_dags/example_latest_only_with_trigger.py took 0.082 seconds
[2024-01-28T02:52:25.724+0000] {processor.py:161} INFO - Started process (PID=7297) to work on /home/airflow/.local/lib/python3.8/site-packages/airflow/example_dags/example_latest_only_with_trigger.py
[2024-01-28T02:52:25.725+0000] {processor.py:830} INFO - Processing file /home/airflow/.local/lib/python3.8/site-packages/airflow/example_dags/example_latest_only_with_trigger.py for tasks to queue
[2024-01-28T02:52:25.726+0000] {logging_mixin.py:188} INFO - [2024-01-28T02:52:25.726+0000] {dagbag.py:538} INFO - Filling up the DagBag from /home/airflow/.local/lib/python3.8/site-packages/airflow/example_dags/example_latest_only_with_trigger.py
[2024-01-28T02:52:25.734+0000] {processor.py:840} INFO - DAG(s) 'latest_only_with_trigger' retrieved from /home/airflow/.local/lib/python3.8/site-packages/airflow/example_dags/example_latest_only_with_trigger.py
[2024-01-28T02:52:25.757+0000] {logging_mixin.py:188} INFO - [2024-01-28T02:52:25.756+0000] {dag.py:3036} INFO - Sync 1 DAGs
[2024-01-28T02:52:25.792+0000] {logging_mixin.py:188} INFO - [2024-01-28T02:52:25.792+0000] {dag.py:3823} INFO - Setting next_dagrun for latest_only_with_trigger to 2024-01-27 20:00:00+00:00, run_after=2024-01-28 00:00:00+00:00
[2024-01-28T02:52:25.843+0000] {processor.py:183} INFO - Processing /home/airflow/.local/lib/python3.8/site-packages/airflow/example_dags/example_latest_only_with_trigger.py took 0.123 seconds
[2024-01-28T02:52:56.795+0000] {processor.py:161} INFO - Started process (PID=7605) to work on /home/airflow/.local/lib/python3.8/site-packages/airflow/example_dags/example_latest_only_with_trigger.py
[2024-01-28T02:52:56.796+0000] {processor.py:830} INFO - Processing file /home/airflow/.local/lib/python3.8/site-packages/airflow/example_dags/example_latest_only_with_trigger.py for tasks to queue
[2024-01-28T02:52:56.797+0000] {logging_mixin.py:188} INFO - [2024-01-28T02:52:56.797+0000] {dagbag.py:538} INFO - Filling up the DagBag from /home/airflow/.local/lib/python3.8/site-packages/airflow/example_dags/example_latest_only_with_trigger.py
[2024-01-28T02:52:56.825+0000] {processor.py:840} INFO - DAG(s) 'latest_only_with_trigger' retrieved from /home/airflow/.local/lib/python3.8/site-packages/airflow/example_dags/example_latest_only_with_trigger.py
[2024-01-28T02:52:56.931+0000] {logging_mixin.py:188} INFO - [2024-01-28T02:52:56.930+0000] {dag.py:3036} INFO - Sync 1 DAGs
[2024-01-28T02:52:56.983+0000] {logging_mixin.py:188} INFO - [2024-01-28T02:52:56.983+0000] {dag.py:3823} INFO - Setting next_dagrun for latest_only_with_trigger to 2024-01-27 20:00:00+00:00, run_after=2024-01-28 00:00:00+00:00
[2024-01-28T02:52:57.027+0000] {processor.py:183} INFO - Processing /home/airflow/.local/lib/python3.8/site-packages/airflow/example_dags/example_latest_only_with_trigger.py took 0.235 seconds
[2024-01-28T02:53:27.907+0000] {processor.py:161} INFO - Started process (PID=7920) to work on /home/airflow/.local/lib/python3.8/site-packages/airflow/example_dags/example_latest_only_with_trigger.py
[2024-01-28T02:53:27.908+0000] {processor.py:830} INFO - Processing file /home/airflow/.local/lib/python3.8/site-packages/airflow/example_dags/example_latest_only_with_trigger.py for tasks to queue
[2024-01-28T02:53:27.909+0000] {logging_mixin.py:188} INFO - [2024-01-28T02:53:27.909+0000] {dagbag.py:538} INFO - Filling up the DagBag from /home/airflow/.local/lib/python3.8/site-packages/airflow/example_dags/example_latest_only_with_trigger.py
[2024-01-28T02:53:27.914+0000] {processor.py:840} INFO - DAG(s) 'latest_only_with_trigger' retrieved from /home/airflow/.local/lib/python3.8/site-packages/airflow/example_dags/example_latest_only_with_trigger.py
[2024-01-28T02:53:27.935+0000] {logging_mixin.py:188} INFO - [2024-01-28T02:53:27.935+0000] {dag.py:3036} INFO - Sync 1 DAGs
[2024-01-28T02:53:27.955+0000] {logging_mixin.py:188} INFO - [2024-01-28T02:53:27.954+0000] {dag.py:3823} INFO - Setting next_dagrun for latest_only_with_trigger to 2024-01-27 20:00:00+00:00, run_after=2024-01-28 00:00:00+00:00
[2024-01-28T02:53:27.978+0000] {processor.py:183} INFO - Processing /home/airflow/.local/lib/python3.8/site-packages/airflow/example_dags/example_latest_only_with_trigger.py took 0.073 seconds
[2024-01-28T02:53:58.164+0000] {processor.py:161} INFO - Started process (PID=8231) to work on /home/airflow/.local/lib/python3.8/site-packages/airflow/example_dags/example_latest_only_with_trigger.py
[2024-01-28T02:53:58.166+0000] {processor.py:830} INFO - Processing file /home/airflow/.local/lib/python3.8/site-packages/airflow/example_dags/example_latest_only_with_trigger.py for tasks to queue
[2024-01-28T02:53:58.167+0000] {logging_mixin.py:188} INFO - [2024-01-28T02:53:58.166+0000] {dagbag.py:538} INFO - Filling up the DagBag from /home/airflow/.local/lib/python3.8/site-packages/airflow/example_dags/example_latest_only_with_trigger.py
[2024-01-28T02:53:58.175+0000] {processor.py:840} INFO - DAG(s) 'latest_only_with_trigger' retrieved from /home/airflow/.local/lib/python3.8/site-packages/airflow/example_dags/example_latest_only_with_trigger.py
[2024-01-28T02:53:58.196+0000] {logging_mixin.py:188} INFO - [2024-01-28T02:53:58.196+0000] {dag.py:3036} INFO - Sync 1 DAGs
[2024-01-28T02:53:58.217+0000] {logging_mixin.py:188} INFO - [2024-01-28T02:53:58.216+0000] {dag.py:3823} INFO - Setting next_dagrun for latest_only_with_trigger to 2024-01-27 20:00:00+00:00, run_after=2024-01-28 00:00:00+00:00
[2024-01-28T02:53:58.249+0000] {processor.py:183} INFO - Processing /home/airflow/.local/lib/python3.8/site-packages/airflow/example_dags/example_latest_only_with_trigger.py took 0.088 seconds
[2024-01-28T02:54:28.446+0000] {processor.py:161} INFO - Started process (PID=8541) to work on /home/airflow/.local/lib/python3.8/site-packages/airflow/example_dags/example_latest_only_with_trigger.py
[2024-01-28T02:54:28.448+0000] {processor.py:830} INFO - Processing file /home/airflow/.local/lib/python3.8/site-packages/airflow/example_dags/example_latest_only_with_trigger.py for tasks to queue
[2024-01-28T02:54:28.449+0000] {logging_mixin.py:188} INFO - [2024-01-28T02:54:28.448+0000] {dagbag.py:538} INFO - Filling up the DagBag from /home/airflow/.local/lib/python3.8/site-packages/airflow/example_dags/example_latest_only_with_trigger.py
[2024-01-28T02:54:28.456+0000] {processor.py:840} INFO - DAG(s) 'latest_only_with_trigger' retrieved from /home/airflow/.local/lib/python3.8/site-packages/airflow/example_dags/example_latest_only_with_trigger.py
[2024-01-28T02:54:28.480+0000] {logging_mixin.py:188} INFO - [2024-01-28T02:54:28.479+0000] {dag.py:3036} INFO - Sync 1 DAGs
[2024-01-28T02:54:28.504+0000] {logging_mixin.py:188} INFO - [2024-01-28T02:54:28.504+0000] {dag.py:3823} INFO - Setting next_dagrun for latest_only_with_trigger to 2024-01-27 20:00:00+00:00, run_after=2024-01-28 00:00:00+00:00
[2024-01-28T02:54:28.534+0000] {processor.py:183} INFO - Processing /home/airflow/.local/lib/python3.8/site-packages/airflow/example_dags/example_latest_only_with_trigger.py took 0.091 seconds
[2024-01-28T02:54:58.985+0000] {processor.py:161} INFO - Started process (PID=8852) to work on /home/airflow/.local/lib/python3.8/site-packages/airflow/example_dags/example_latest_only_with_trigger.py
[2024-01-28T02:54:58.986+0000] {processor.py:830} INFO - Processing file /home/airflow/.local/lib/python3.8/site-packages/airflow/example_dags/example_latest_only_with_trigger.py for tasks to queue
[2024-01-28T02:54:58.987+0000] {logging_mixin.py:188} INFO - [2024-01-28T02:54:58.986+0000] {dagbag.py:538} INFO - Filling up the DagBag from /home/airflow/.local/lib/python3.8/site-packages/airflow/example_dags/example_latest_only_with_trigger.py
[2024-01-28T02:54:58.993+0000] {processor.py:840} INFO - DAG(s) 'latest_only_with_trigger' retrieved from /home/airflow/.local/lib/python3.8/site-packages/airflow/example_dags/example_latest_only_with_trigger.py
[2024-01-28T02:54:59.013+0000] {logging_mixin.py:188} INFO - [2024-01-28T02:54:59.013+0000] {dag.py:3036} INFO - Sync 1 DAGs
[2024-01-28T02:54:59.037+0000] {logging_mixin.py:188} INFO - [2024-01-28T02:54:59.037+0000] {dag.py:3823} INFO - Setting next_dagrun for latest_only_with_trigger to 2024-01-27 20:00:00+00:00, run_after=2024-01-28 00:00:00+00:00
[2024-01-28T02:54:59.060+0000] {processor.py:183} INFO - Processing /home/airflow/.local/lib/python3.8/site-packages/airflow/example_dags/example_latest_only_with_trigger.py took 0.079 seconds
[2024-01-28T02:55:37.067+0000] {processor.py:161} INFO - Started process (PID=9185) to work on /home/airflow/.local/lib/python3.8/site-packages/airflow/example_dags/example_latest_only_with_trigger.py
[2024-01-28T02:55:37.069+0000] {processor.py:830} INFO - Processing file /home/airflow/.local/lib/python3.8/site-packages/airflow/example_dags/example_latest_only_with_trigger.py for tasks to queue
[2024-01-28T02:55:37.071+0000] {logging_mixin.py:188} INFO - [2024-01-28T02:55:37.070+0000] {dagbag.py:538} INFO - Filling up the DagBag from /home/airflow/.local/lib/python3.8/site-packages/airflow/example_dags/example_latest_only_with_trigger.py
[2024-01-28T02:55:37.079+0000] {processor.py:840} INFO - DAG(s) 'latest_only_with_trigger' retrieved from /home/airflow/.local/lib/python3.8/site-packages/airflow/example_dags/example_latest_only_with_trigger.py
[2024-01-28T02:55:37.113+0000] {logging_mixin.py:188} INFO - [2024-01-28T02:55:37.112+0000] {dag.py:3036} INFO - Sync 1 DAGs
[2024-01-28T02:55:37.146+0000] {logging_mixin.py:188} INFO - [2024-01-28T02:55:37.146+0000] {dag.py:3823} INFO - Setting next_dagrun for latest_only_with_trigger to 2024-01-27 20:00:00+00:00, run_after=2024-01-28 00:00:00+00:00
[2024-01-28T02:55:37.203+0000] {processor.py:183} INFO - Processing /home/airflow/.local/lib/python3.8/site-packages/airflow/example_dags/example_latest_only_with_trigger.py took 0.139 seconds
[2024-01-28T02:56:07.505+0000] {processor.py:161} INFO - Started process (PID=9497) to work on /home/airflow/.local/lib/python3.8/site-packages/airflow/example_dags/example_latest_only_with_trigger.py
[2024-01-28T02:56:07.506+0000] {processor.py:830} INFO - Processing file /home/airflow/.local/lib/python3.8/site-packages/airflow/example_dags/example_latest_only_with_trigger.py for tasks to queue
[2024-01-28T02:56:07.508+0000] {logging_mixin.py:188} INFO - [2024-01-28T02:56:07.507+0000] {dagbag.py:538} INFO - Filling up the DagBag from /home/airflow/.local/lib/python3.8/site-packages/airflow/example_dags/example_latest_only_with_trigger.py
[2024-01-28T02:56:07.514+0000] {processor.py:840} INFO - DAG(s) 'latest_only_with_trigger' retrieved from /home/airflow/.local/lib/python3.8/site-packages/airflow/example_dags/example_latest_only_with_trigger.py
[2024-01-28T02:56:07.537+0000] {logging_mixin.py:188} INFO - [2024-01-28T02:56:07.537+0000] {dag.py:3036} INFO - Sync 1 DAGs
[2024-01-28T02:56:07.564+0000] {logging_mixin.py:188} INFO - [2024-01-28T02:56:07.564+0000] {dag.py:3823} INFO - Setting next_dagrun for latest_only_with_trigger to 2024-01-27 20:00:00+00:00, run_after=2024-01-28 00:00:00+00:00
[2024-01-28T02:56:07.588+0000] {processor.py:183} INFO - Processing /home/airflow/.local/lib/python3.8/site-packages/airflow/example_dags/example_latest_only_with_trigger.py took 0.085 seconds
[2024-01-28T02:56:38.284+0000] {processor.py:161} INFO - Started process (PID=9806) to work on /home/airflow/.local/lib/python3.8/site-packages/airflow/example_dags/example_latest_only_with_trigger.py
[2024-01-28T02:56:38.285+0000] {processor.py:830} INFO - Processing file /home/airflow/.local/lib/python3.8/site-packages/airflow/example_dags/example_latest_only_with_trigger.py for tasks to queue
[2024-01-28T02:56:38.286+0000] {logging_mixin.py:188} INFO - [2024-01-28T02:56:38.286+0000] {dagbag.py:538} INFO - Filling up the DagBag from /home/airflow/.local/lib/python3.8/site-packages/airflow/example_dags/example_latest_only_with_trigger.py
[2024-01-28T02:56:38.292+0000] {processor.py:840} INFO - DAG(s) 'latest_only_with_trigger' retrieved from /home/airflow/.local/lib/python3.8/site-packages/airflow/example_dags/example_latest_only_with_trigger.py
[2024-01-28T02:56:38.312+0000] {logging_mixin.py:188} INFO - [2024-01-28T02:56:38.312+0000] {dag.py:3036} INFO - Sync 1 DAGs
[2024-01-28T02:56:38.334+0000] {logging_mixin.py:188} INFO - [2024-01-28T02:56:38.333+0000] {dag.py:3823} INFO - Setting next_dagrun for latest_only_with_trigger to 2024-01-27 20:00:00+00:00, run_after=2024-01-28 00:00:00+00:00
[2024-01-28T02:56:38.360+0000] {processor.py:183} INFO - Processing /home/airflow/.local/lib/python3.8/site-packages/airflow/example_dags/example_latest_only_with_trigger.py took 0.080 seconds
[2024-01-28T02:57:10.044+0000] {processor.py:161} INFO - Started process (PID=10123) to work on /home/airflow/.local/lib/python3.8/site-packages/airflow/example_dags/example_latest_only_with_trigger.py
[2024-01-28T02:57:10.045+0000] {processor.py:830} INFO - Processing file /home/airflow/.local/lib/python3.8/site-packages/airflow/example_dags/example_latest_only_with_trigger.py for tasks to queue
[2024-01-28T02:57:10.047+0000] {logging_mixin.py:188} INFO - [2024-01-28T02:57:10.046+0000] {dagbag.py:538} INFO - Filling up the DagBag from /home/airflow/.local/lib/python3.8/site-packages/airflow/example_dags/example_latest_only_with_trigger.py
[2024-01-28T02:57:10.054+0000] {processor.py:840} INFO - DAG(s) 'latest_only_with_trigger' retrieved from /home/airflow/.local/lib/python3.8/site-packages/airflow/example_dags/example_latest_only_with_trigger.py
[2024-01-28T02:57:10.073+0000] {logging_mixin.py:188} INFO - [2024-01-28T02:57:10.073+0000] {dag.py:3036} INFO - Sync 1 DAGs
[2024-01-28T02:57:10.095+0000] {logging_mixin.py:188} INFO - [2024-01-28T02:57:10.094+0000] {dag.py:3823} INFO - Setting next_dagrun for latest_only_with_trigger to 2024-01-27 20:00:00+00:00, run_after=2024-01-28 00:00:00+00:00
[2024-01-28T02:57:10.122+0000] {processor.py:183} INFO - Processing /home/airflow/.local/lib/python3.8/site-packages/airflow/example_dags/example_latest_only_with_trigger.py took 0.081 seconds
[2024-01-28T02:57:41.952+0000] {processor.py:161} INFO - Started process (PID=10449) to work on /home/airflow/.local/lib/python3.8/site-packages/airflow/example_dags/example_latest_only_with_trigger.py
[2024-01-28T02:57:41.954+0000] {processor.py:830} INFO - Processing file /home/airflow/.local/lib/python3.8/site-packages/airflow/example_dags/example_latest_only_with_trigger.py for tasks to queue
[2024-01-28T02:57:41.956+0000] {logging_mixin.py:188} INFO - [2024-01-28T02:57:41.955+0000] {dagbag.py:538} INFO - Filling up the DagBag from /home/airflow/.local/lib/python3.8/site-packages/airflow/example_dags/example_latest_only_with_trigger.py
[2024-01-28T02:57:41.963+0000] {processor.py:840} INFO - DAG(s) 'latest_only_with_trigger' retrieved from /home/airflow/.local/lib/python3.8/site-packages/airflow/example_dags/example_latest_only_with_trigger.py
[2024-01-28T02:57:41.990+0000] {logging_mixin.py:188} INFO - [2024-01-28T02:57:41.990+0000] {dag.py:3036} INFO - Sync 1 DAGs
[2024-01-28T02:57:42.020+0000] {logging_mixin.py:188} INFO - [2024-01-28T02:57:42.020+0000] {dag.py:3823} INFO - Setting next_dagrun for latest_only_with_trigger to 2024-01-27 20:00:00+00:00, run_after=2024-01-28 00:00:00+00:00
[2024-01-28T02:57:42.046+0000] {processor.py:183} INFO - Processing /home/airflow/.local/lib/python3.8/site-packages/airflow/example_dags/example_latest_only_with_trigger.py took 0.097 seconds
[2024-01-28T02:58:13.085+0000] {processor.py:161} INFO - Started process (PID=10757) to work on /home/airflow/.local/lib/python3.8/site-packages/airflow/example_dags/example_latest_only_with_trigger.py
[2024-01-28T02:58:13.086+0000] {processor.py:830} INFO - Processing file /home/airflow/.local/lib/python3.8/site-packages/airflow/example_dags/example_latest_only_with_trigger.py for tasks to queue
[2024-01-28T02:58:13.088+0000] {logging_mixin.py:188} INFO - [2024-01-28T02:58:13.087+0000] {dagbag.py:538} INFO - Filling up the DagBag from /home/airflow/.local/lib/python3.8/site-packages/airflow/example_dags/example_latest_only_with_trigger.py
[2024-01-28T02:58:13.098+0000] {processor.py:840} INFO - DAG(s) 'latest_only_with_trigger' retrieved from /home/airflow/.local/lib/python3.8/site-packages/airflow/example_dags/example_latest_only_with_trigger.py
[2024-01-28T02:58:13.129+0000] {logging_mixin.py:188} INFO - [2024-01-28T02:58:13.129+0000] {dag.py:3036} INFO - Sync 1 DAGs
[2024-01-28T02:58:13.161+0000] {logging_mixin.py:188} INFO - [2024-01-28T02:58:13.158+0000] {dag.py:3823} INFO - Setting next_dagrun for latest_only_with_trigger to 2024-01-27 20:00:00+00:00, run_after=2024-01-28 00:00:00+00:00
[2024-01-28T02:58:13.187+0000] {processor.py:183} INFO - Processing /home/airflow/.local/lib/python3.8/site-packages/airflow/example_dags/example_latest_only_with_trigger.py took 0.105 seconds
