[2024-01-28T02:40:45.495+0000] {processor.py:161} INFO - Started process (PID=380) to work on /home/airflow/.local/lib/python3.8/site-packages/airflow/example_dags/example_branch_operator.py
[2024-01-28T02:40:45.496+0000] {processor.py:830} INFO - Processing file /home/airflow/.local/lib/python3.8/site-packages/airflow/example_dags/example_branch_operator.py for tasks to queue
[2024-01-28T02:40:45.499+0000] {logging_mixin.py:188} INFO - [2024-01-28T02:40:45.498+0000] {dagbag.py:538} INFO - Filling up the DagBag from /home/airflow/.local/lib/python3.8/site-packages/airflow/example_dags/example_branch_operator.py
[2024-01-28T02:40:45.526+0000] {processor.py:840} INFO - DAG(s) 'example_branch_operator' retrieved from /home/airflow/.local/lib/python3.8/site-packages/airflow/example_dags/example_branch_operator.py
[2024-01-28T02:40:45.683+0000] {logging_mixin.py:188} INFO - [2024-01-28T02:40:45.683+0000] {dag.py:3036} INFO - Sync 1 DAGs
[2024-01-28T02:40:45.713+0000] {logging_mixin.py:188} INFO - [2024-01-28T02:40:45.713+0000] {dag.py:3823} INFO - Setting next_dagrun for example_branch_operator to 2024-01-27 00:00:00+00:00, run_after=2024-01-28 00:00:00+00:00
[2024-01-28T02:40:45.753+0000] {processor.py:183} INFO - Processing /home/airflow/.local/lib/python3.8/site-packages/airflow/example_dags/example_branch_operator.py took 0.263 seconds
[2024-01-28T02:41:20.245+0000] {processor.py:161} INFO - Started process (PID=690) to work on /home/airflow/.local/lib/python3.8/site-packages/airflow/example_dags/example_branch_operator.py
[2024-01-28T02:41:20.249+0000] {processor.py:830} INFO - Processing file /home/airflow/.local/lib/python3.8/site-packages/airflow/example_dags/example_branch_operator.py for tasks to queue
[2024-01-28T02:41:20.251+0000] {logging_mixin.py:188} INFO - [2024-01-28T02:41:20.250+0000] {dagbag.py:538} INFO - Filling up the DagBag from /home/airflow/.local/lib/python3.8/site-packages/airflow/example_dags/example_branch_operator.py
[2024-01-28T02:41:20.281+0000] {processor.py:840} INFO - DAG(s) 'example_branch_operator' retrieved from /home/airflow/.local/lib/python3.8/site-packages/airflow/example_dags/example_branch_operator.py
[2024-01-28T02:41:20.324+0000] {logging_mixin.py:188} INFO - [2024-01-28T02:41:20.324+0000] {dag.py:3036} INFO - Sync 1 DAGs
[2024-01-28T02:41:20.368+0000] {logging_mixin.py:188} INFO - [2024-01-28T02:41:20.368+0000] {dag.py:3823} INFO - Setting next_dagrun for example_branch_operator to 2024-01-27 00:00:00+00:00, run_after=2024-01-28 00:00:00+00:00
[2024-01-28T02:41:20.400+0000] {processor.py:183} INFO - Processing /home/airflow/.local/lib/python3.8/site-packages/airflow/example_dags/example_branch_operator.py took 0.160 seconds
[2024-01-28T02:41:51.345+0000] {processor.py:161} INFO - Started process (PID=1003) to work on /home/airflow/.local/lib/python3.8/site-packages/airflow/example_dags/example_branch_operator.py
[2024-01-28T02:41:51.347+0000] {processor.py:830} INFO - Processing file /home/airflow/.local/lib/python3.8/site-packages/airflow/example_dags/example_branch_operator.py for tasks to queue
[2024-01-28T02:41:51.348+0000] {logging_mixin.py:188} INFO - [2024-01-28T02:41:51.348+0000] {dagbag.py:538} INFO - Filling up the DagBag from /home/airflow/.local/lib/python3.8/site-packages/airflow/example_dags/example_branch_operator.py
[2024-01-28T02:41:51.368+0000] {processor.py:840} INFO - DAG(s) 'example_branch_operator' retrieved from /home/airflow/.local/lib/python3.8/site-packages/airflow/example_dags/example_branch_operator.py
[2024-01-28T02:41:51.395+0000] {logging_mixin.py:188} INFO - [2024-01-28T02:41:51.394+0000] {dag.py:3036} INFO - Sync 1 DAGs
[2024-01-28T02:41:51.417+0000] {logging_mixin.py:188} INFO - [2024-01-28T02:41:51.417+0000] {dag.py:3823} INFO - Setting next_dagrun for example_branch_operator to 2024-01-27 00:00:00+00:00, run_after=2024-01-28 00:00:00+00:00
[2024-01-28T02:41:51.439+0000] {processor.py:183} INFO - Processing /home/airflow/.local/lib/python3.8/site-packages/airflow/example_dags/example_branch_operator.py took 0.098 seconds
[2024-01-28T02:42:33.480+0000] {processor.py:161} INFO - Started process (PID=1318) to work on /home/airflow/.local/lib/python3.8/site-packages/airflow/example_dags/example_branch_operator.py
[2024-01-28T02:42:33.482+0000] {processor.py:830} INFO - Processing file /home/airflow/.local/lib/python3.8/site-packages/airflow/example_dags/example_branch_operator.py for tasks to queue
[2024-01-28T02:42:33.483+0000] {logging_mixin.py:188} INFO - [2024-01-28T02:42:33.483+0000] {dagbag.py:538} INFO - Filling up the DagBag from /home/airflow/.local/lib/python3.8/site-packages/airflow/example_dags/example_branch_operator.py
[2024-01-28T02:42:33.510+0000] {processor.py:840} INFO - DAG(s) 'example_branch_operator' retrieved from /home/airflow/.local/lib/python3.8/site-packages/airflow/example_dags/example_branch_operator.py
[2024-01-28T02:42:33.544+0000] {logging_mixin.py:188} INFO - [2024-01-28T02:42:33.543+0000] {dag.py:3036} INFO - Sync 1 DAGs
[2024-01-28T02:42:33.574+0000] {logging_mixin.py:188} INFO - [2024-01-28T02:42:33.573+0000] {dag.py:3823} INFO - Setting next_dagrun for example_branch_operator to 2024-01-27 00:00:00+00:00, run_after=2024-01-28 00:00:00+00:00
[2024-01-28T02:42:33.606+0000] {processor.py:183} INFO - Processing /home/airflow/.local/lib/python3.8/site-packages/airflow/example_dags/example_branch_operator.py took 0.130 seconds
[2024-01-28T02:43:04.251+0000] {processor.py:161} INFO - Started process (PID=1632) to work on /home/airflow/.local/lib/python3.8/site-packages/airflow/example_dags/example_branch_operator.py
[2024-01-28T02:43:04.253+0000] {processor.py:830} INFO - Processing file /home/airflow/.local/lib/python3.8/site-packages/airflow/example_dags/example_branch_operator.py for tasks to queue
[2024-01-28T02:43:04.254+0000] {logging_mixin.py:188} INFO - [2024-01-28T02:43:04.254+0000] {dagbag.py:538} INFO - Filling up the DagBag from /home/airflow/.local/lib/python3.8/site-packages/airflow/example_dags/example_branch_operator.py
[2024-01-28T02:43:04.278+0000] {processor.py:840} INFO - DAG(s) 'example_branch_operator' retrieved from /home/airflow/.local/lib/python3.8/site-packages/airflow/example_dags/example_branch_operator.py
[2024-01-28T02:43:04.310+0000] {logging_mixin.py:188} INFO - [2024-01-28T02:43:04.310+0000] {dag.py:3036} INFO - Sync 1 DAGs
[2024-01-28T02:43:04.348+0000] {logging_mixin.py:188} INFO - [2024-01-28T02:43:04.348+0000] {dag.py:3823} INFO - Setting next_dagrun for example_branch_operator to 2024-01-27 00:00:00+00:00, run_after=2024-01-28 00:00:00+00:00
[2024-01-28T02:43:04.385+0000] {processor.py:183} INFO - Processing /home/airflow/.local/lib/python3.8/site-packages/airflow/example_dags/example_branch_operator.py took 0.138 seconds
[2024-01-28T02:43:34.790+0000] {processor.py:161} INFO - Started process (PID=1943) to work on /home/airflow/.local/lib/python3.8/site-packages/airflow/example_dags/example_branch_operator.py
[2024-01-28T02:43:34.791+0000] {processor.py:830} INFO - Processing file /home/airflow/.local/lib/python3.8/site-packages/airflow/example_dags/example_branch_operator.py for tasks to queue
[2024-01-28T02:43:34.792+0000] {logging_mixin.py:188} INFO - [2024-01-28T02:43:34.792+0000] {dagbag.py:538} INFO - Filling up the DagBag from /home/airflow/.local/lib/python3.8/site-packages/airflow/example_dags/example_branch_operator.py
[2024-01-28T02:43:34.809+0000] {processor.py:840} INFO - DAG(s) 'example_branch_operator' retrieved from /home/airflow/.local/lib/python3.8/site-packages/airflow/example_dags/example_branch_operator.py
[2024-01-28T02:43:34.840+0000] {logging_mixin.py:188} INFO - [2024-01-28T02:43:34.840+0000] {dag.py:3036} INFO - Sync 1 DAGs
[2024-01-28T02:43:34.868+0000] {logging_mixin.py:188} INFO - [2024-01-28T02:43:34.867+0000] {dag.py:3823} INFO - Setting next_dagrun for example_branch_operator to 2024-01-27 00:00:00+00:00, run_after=2024-01-28 00:00:00+00:00
[2024-01-28T02:43:34.893+0000] {processor.py:183} INFO - Processing /home/airflow/.local/lib/python3.8/site-packages/airflow/example_dags/example_branch_operator.py took 0.107 seconds
[2024-01-28T02:44:05.258+0000] {processor.py:161} INFO - Started process (PID=2254) to work on /home/airflow/.local/lib/python3.8/site-packages/airflow/example_dags/example_branch_operator.py
[2024-01-28T02:44:05.259+0000] {processor.py:830} INFO - Processing file /home/airflow/.local/lib/python3.8/site-packages/airflow/example_dags/example_branch_operator.py for tasks to queue
[2024-01-28T02:44:05.260+0000] {logging_mixin.py:188} INFO - [2024-01-28T02:44:05.260+0000] {dagbag.py:538} INFO - Filling up the DagBag from /home/airflow/.local/lib/python3.8/site-packages/airflow/example_dags/example_branch_operator.py
[2024-01-28T02:44:05.280+0000] {processor.py:840} INFO - DAG(s) 'example_branch_operator' retrieved from /home/airflow/.local/lib/python3.8/site-packages/airflow/example_dags/example_branch_operator.py
[2024-01-28T02:44:05.310+0000] {logging_mixin.py:188} INFO - [2024-01-28T02:44:05.310+0000] {dag.py:3036} INFO - Sync 1 DAGs
[2024-01-28T02:44:05.332+0000] {logging_mixin.py:188} INFO - [2024-01-28T02:44:05.332+0000] {dag.py:3823} INFO - Setting next_dagrun for example_branch_operator to 2024-01-27 00:00:00+00:00, run_after=2024-01-28 00:00:00+00:00
[2024-01-28T02:44:05.358+0000] {processor.py:183} INFO - Processing /home/airflow/.local/lib/python3.8/site-packages/airflow/example_dags/example_branch_operator.py took 0.104 seconds
[2024-01-28T02:44:35.731+0000] {processor.py:161} INFO - Started process (PID=2563) to work on /home/airflow/.local/lib/python3.8/site-packages/airflow/example_dags/example_branch_operator.py
[2024-01-28T02:44:35.732+0000] {processor.py:830} INFO - Processing file /home/airflow/.local/lib/python3.8/site-packages/airflow/example_dags/example_branch_operator.py for tasks to queue
[2024-01-28T02:44:35.733+0000] {logging_mixin.py:188} INFO - [2024-01-28T02:44:35.733+0000] {dagbag.py:538} INFO - Filling up the DagBag from /home/airflow/.local/lib/python3.8/site-packages/airflow/example_dags/example_branch_operator.py
[2024-01-28T02:44:35.756+0000] {processor.py:840} INFO - DAG(s) 'example_branch_operator' retrieved from /home/airflow/.local/lib/python3.8/site-packages/airflow/example_dags/example_branch_operator.py
[2024-01-28T02:44:35.794+0000] {logging_mixin.py:188} INFO - [2024-01-28T02:44:35.794+0000] {dag.py:3036} INFO - Sync 1 DAGs
[2024-01-28T02:44:35.820+0000] {logging_mixin.py:188} INFO - [2024-01-28T02:44:35.820+0000] {dag.py:3823} INFO - Setting next_dagrun for example_branch_operator to 2024-01-27 00:00:00+00:00, run_after=2024-01-28 00:00:00+00:00
[2024-01-28T02:44:35.858+0000] {processor.py:183} INFO - Processing /home/airflow/.local/lib/python3.8/site-packages/airflow/example_dags/example_branch_operator.py took 0.130 seconds
[2024-01-28T02:45:06.795+0000] {processor.py:161} INFO - Started process (PID=2874) to work on /home/airflow/.local/lib/python3.8/site-packages/airflow/example_dags/example_branch_operator.py
[2024-01-28T02:45:06.796+0000] {processor.py:830} INFO - Processing file /home/airflow/.local/lib/python3.8/site-packages/airflow/example_dags/example_branch_operator.py for tasks to queue
[2024-01-28T02:45:06.797+0000] {logging_mixin.py:188} INFO - [2024-01-28T02:45:06.797+0000] {dagbag.py:538} INFO - Filling up the DagBag from /home/airflow/.local/lib/python3.8/site-packages/airflow/example_dags/example_branch_operator.py
[2024-01-28T02:45:06.819+0000] {processor.py:840} INFO - DAG(s) 'example_branch_operator' retrieved from /home/airflow/.local/lib/python3.8/site-packages/airflow/example_dags/example_branch_operator.py
[2024-01-28T02:45:06.846+0000] {logging_mixin.py:188} INFO - [2024-01-28T02:45:06.845+0000] {dag.py:3036} INFO - Sync 1 DAGs
[2024-01-28T02:45:06.869+0000] {logging_mixin.py:188} INFO - [2024-01-28T02:45:06.869+0000] {dag.py:3823} INFO - Setting next_dagrun for example_branch_operator to 2024-01-27 00:00:00+00:00, run_after=2024-01-28 00:00:00+00:00
[2024-01-28T02:45:06.893+0000] {processor.py:183} INFO - Processing /home/airflow/.local/lib/python3.8/site-packages/airflow/example_dags/example_branch_operator.py took 0.101 seconds
[2024-01-28T02:45:37.657+0000] {processor.py:161} INFO - Started process (PID=3185) to work on /home/airflow/.local/lib/python3.8/site-packages/airflow/example_dags/example_branch_operator.py
[2024-01-28T02:45:37.659+0000] {processor.py:830} INFO - Processing file /home/airflow/.local/lib/python3.8/site-packages/airflow/example_dags/example_branch_operator.py for tasks to queue
[2024-01-28T02:45:37.660+0000] {logging_mixin.py:188} INFO - [2024-01-28T02:45:37.660+0000] {dagbag.py:538} INFO - Filling up the DagBag from /home/airflow/.local/lib/python3.8/site-packages/airflow/example_dags/example_branch_operator.py
[2024-01-28T02:45:37.678+0000] {processor.py:840} INFO - DAG(s) 'example_branch_operator' retrieved from /home/airflow/.local/lib/python3.8/site-packages/airflow/example_dags/example_branch_operator.py
[2024-01-28T02:45:37.705+0000] {logging_mixin.py:188} INFO - [2024-01-28T02:45:37.704+0000] {dag.py:3036} INFO - Sync 1 DAGs
[2024-01-28T02:45:37.734+0000] {logging_mixin.py:188} INFO - [2024-01-28T02:45:37.733+0000] {dag.py:3823} INFO - Setting next_dagrun for example_branch_operator to 2024-01-27 00:00:00+00:00, run_after=2024-01-28 00:00:00+00:00
[2024-01-28T02:45:37.760+0000] {processor.py:183} INFO - Processing /home/airflow/.local/lib/python3.8/site-packages/airflow/example_dags/example_branch_operator.py took 0.107 seconds
[2024-01-28T02:46:08.230+0000] {processor.py:161} INFO - Started process (PID=3498) to work on /home/airflow/.local/lib/python3.8/site-packages/airflow/example_dags/example_branch_operator.py
[2024-01-28T02:46:08.232+0000] {processor.py:830} INFO - Processing file /home/airflow/.local/lib/python3.8/site-packages/airflow/example_dags/example_branch_operator.py for tasks to queue
[2024-01-28T02:46:08.233+0000] {logging_mixin.py:188} INFO - [2024-01-28T02:46:08.233+0000] {dagbag.py:538} INFO - Filling up the DagBag from /home/airflow/.local/lib/python3.8/site-packages/airflow/example_dags/example_branch_operator.py
[2024-01-28T02:46:08.248+0000] {processor.py:840} INFO - DAG(s) 'example_branch_operator' retrieved from /home/airflow/.local/lib/python3.8/site-packages/airflow/example_dags/example_branch_operator.py
[2024-01-28T02:46:08.275+0000] {logging_mixin.py:188} INFO - [2024-01-28T02:46:08.274+0000] {dag.py:3036} INFO - Sync 1 DAGs
[2024-01-28T02:46:08.297+0000] {logging_mixin.py:188} INFO - [2024-01-28T02:46:08.297+0000] {dag.py:3823} INFO - Setting next_dagrun for example_branch_operator to 2024-01-27 00:00:00+00:00, run_after=2024-01-28 00:00:00+00:00
[2024-01-28T02:46:08.321+0000] {processor.py:183} INFO - Processing /home/airflow/.local/lib/python3.8/site-packages/airflow/example_dags/example_branch_operator.py took 0.094 seconds
[2024-01-28T02:46:38.939+0000] {processor.py:161} INFO - Started process (PID=3809) to work on /home/airflow/.local/lib/python3.8/site-packages/airflow/example_dags/example_branch_operator.py
[2024-01-28T02:46:38.940+0000] {processor.py:830} INFO - Processing file /home/airflow/.local/lib/python3.8/site-packages/airflow/example_dags/example_branch_operator.py for tasks to queue
[2024-01-28T02:46:38.941+0000] {logging_mixin.py:188} INFO - [2024-01-28T02:46:38.941+0000] {dagbag.py:538} INFO - Filling up the DagBag from /home/airflow/.local/lib/python3.8/site-packages/airflow/example_dags/example_branch_operator.py
[2024-01-28T02:46:38.958+0000] {processor.py:840} INFO - DAG(s) 'example_branch_operator' retrieved from /home/airflow/.local/lib/python3.8/site-packages/airflow/example_dags/example_branch_operator.py
[2024-01-28T02:46:38.987+0000] {logging_mixin.py:188} INFO - [2024-01-28T02:46:38.987+0000] {dag.py:3036} INFO - Sync 1 DAGs
[2024-01-28T02:46:39.011+0000] {logging_mixin.py:188} INFO - [2024-01-28T02:46:39.011+0000] {dag.py:3823} INFO - Setting next_dagrun for example_branch_operator to 2024-01-27 00:00:00+00:00, run_after=2024-01-28 00:00:00+00:00
[2024-01-28T02:46:39.035+0000] {processor.py:183} INFO - Processing /home/airflow/.local/lib/python3.8/site-packages/airflow/example_dags/example_branch_operator.py took 0.100 seconds
[2024-01-28T02:47:15.786+0000] {processor.py:161} INFO - Started process (PID=4124) to work on /home/airflow/.local/lib/python3.8/site-packages/airflow/example_dags/example_branch_operator.py
[2024-01-28T02:47:15.804+0000] {processor.py:830} INFO - Processing file /home/airflow/.local/lib/python3.8/site-packages/airflow/example_dags/example_branch_operator.py for tasks to queue
[2024-01-28T02:47:15.807+0000] {logging_mixin.py:188} INFO - [2024-01-28T02:47:15.807+0000] {dagbag.py:538} INFO - Filling up the DagBag from /home/airflow/.local/lib/python3.8/site-packages/airflow/example_dags/example_branch_operator.py
[2024-01-28T02:47:15.897+0000] {processor.py:840} INFO - DAG(s) 'example_branch_operator' retrieved from /home/airflow/.local/lib/python3.8/site-packages/airflow/example_dags/example_branch_operator.py
[2024-01-28T02:47:16.036+0000] {logging_mixin.py:188} INFO - [2024-01-28T02:47:16.036+0000] {dag.py:3036} INFO - Sync 1 DAGs
[2024-01-28T02:47:16.140+0000] {logging_mixin.py:188} INFO - [2024-01-28T02:47:16.139+0000] {dag.py:3823} INFO - Setting next_dagrun for example_branch_operator to 2024-01-27 00:00:00+00:00, run_after=2024-01-28 00:00:00+00:00
[2024-01-28T02:47:16.242+0000] {processor.py:183} INFO - Processing /home/airflow/.local/lib/python3.8/site-packages/airflow/example_dags/example_branch_operator.py took 0.461 seconds
[2024-01-28T02:47:46.996+0000] {processor.py:161} INFO - Started process (PID=4435) to work on /home/airflow/.local/lib/python3.8/site-packages/airflow/example_dags/example_branch_operator.py
[2024-01-28T02:47:46.998+0000] {processor.py:830} INFO - Processing file /home/airflow/.local/lib/python3.8/site-packages/airflow/example_dags/example_branch_operator.py for tasks to queue
[2024-01-28T02:47:46.999+0000] {logging_mixin.py:188} INFO - [2024-01-28T02:47:46.999+0000] {dagbag.py:538} INFO - Filling up the DagBag from /home/airflow/.local/lib/python3.8/site-packages/airflow/example_dags/example_branch_operator.py
[2024-01-28T02:47:47.033+0000] {processor.py:840} INFO - DAG(s) 'example_branch_operator' retrieved from /home/airflow/.local/lib/python3.8/site-packages/airflow/example_dags/example_branch_operator.py
[2024-01-28T02:47:47.106+0000] {logging_mixin.py:188} INFO - [2024-01-28T02:47:47.106+0000] {dag.py:3036} INFO - Sync 1 DAGs
[2024-01-28T02:47:47.166+0000] {logging_mixin.py:188} INFO - [2024-01-28T02:47:47.166+0000] {dag.py:3823} INFO - Setting next_dagrun for example_branch_operator to 2024-01-27 00:00:00+00:00, run_after=2024-01-28 00:00:00+00:00
[2024-01-28T02:47:47.207+0000] {processor.py:183} INFO - Processing /home/airflow/.local/lib/python3.8/site-packages/airflow/example_dags/example_branch_operator.py took 0.215 seconds
[2024-01-28T02:48:17.848+0000] {processor.py:161} INFO - Started process (PID=4742) to work on /home/airflow/.local/lib/python3.8/site-packages/airflow/example_dags/example_branch_operator.py
[2024-01-28T02:48:17.850+0000] {processor.py:830} INFO - Processing file /home/airflow/.local/lib/python3.8/site-packages/airflow/example_dags/example_branch_operator.py for tasks to queue
[2024-01-28T02:48:17.851+0000] {logging_mixin.py:188} INFO - [2024-01-28T02:48:17.851+0000] {dagbag.py:538} INFO - Filling up the DagBag from /home/airflow/.local/lib/python3.8/site-packages/airflow/example_dags/example_branch_operator.py
[2024-01-28T02:48:17.876+0000] {processor.py:840} INFO - DAG(s) 'example_branch_operator' retrieved from /home/airflow/.local/lib/python3.8/site-packages/airflow/example_dags/example_branch_operator.py
[2024-01-28T02:48:17.935+0000] {logging_mixin.py:188} INFO - [2024-01-28T02:48:17.929+0000] {dag.py:3036} INFO - Sync 1 DAGs
[2024-01-28T02:48:18.033+0000] {logging_mixin.py:188} INFO - [2024-01-28T02:48:18.033+0000] {dag.py:3823} INFO - Setting next_dagrun for example_branch_operator to 2024-01-27 00:00:00+00:00, run_after=2024-01-28 00:00:00+00:00
[2024-01-28T02:48:18.097+0000] {processor.py:183} INFO - Processing /home/airflow/.local/lib/python3.8/site-packages/airflow/example_dags/example_branch_operator.py took 0.253 seconds
[2024-01-28T02:48:48.782+0000] {processor.py:161} INFO - Started process (PID=5045) to work on /home/airflow/.local/lib/python3.8/site-packages/airflow/example_dags/example_branch_operator.py
[2024-01-28T02:48:48.783+0000] {processor.py:830} INFO - Processing file /home/airflow/.local/lib/python3.8/site-packages/airflow/example_dags/example_branch_operator.py for tasks to queue
[2024-01-28T02:48:48.784+0000] {logging_mixin.py:188} INFO - [2024-01-28T02:48:48.784+0000] {dagbag.py:538} INFO - Filling up the DagBag from /home/airflow/.local/lib/python3.8/site-packages/airflow/example_dags/example_branch_operator.py
[2024-01-28T02:48:48.799+0000] {processor.py:840} INFO - DAG(s) 'example_branch_operator' retrieved from /home/airflow/.local/lib/python3.8/site-packages/airflow/example_dags/example_branch_operator.py
[2024-01-28T02:48:48.831+0000] {logging_mixin.py:188} INFO - [2024-01-28T02:48:48.831+0000] {dag.py:3036} INFO - Sync 1 DAGs
[2024-01-28T02:48:48.860+0000] {logging_mixin.py:188} INFO - [2024-01-28T02:48:48.860+0000] {dag.py:3823} INFO - Setting next_dagrun for example_branch_operator to 2024-01-27 00:00:00+00:00, run_after=2024-01-28 00:00:00+00:00
[2024-01-28T02:48:48.894+0000] {processor.py:183} INFO - Processing /home/airflow/.local/lib/python3.8/site-packages/airflow/example_dags/example_branch_operator.py took 0.115 seconds
[2024-01-28T02:49:18.965+0000] {processor.py:161} INFO - Started process (PID=5347) to work on /home/airflow/.local/lib/python3.8/site-packages/airflow/example_dags/example_branch_operator.py
[2024-01-28T02:49:18.967+0000] {processor.py:830} INFO - Processing file /home/airflow/.local/lib/python3.8/site-packages/airflow/example_dags/example_branch_operator.py for tasks to queue
[2024-01-28T02:49:18.968+0000] {logging_mixin.py:188} INFO - [2024-01-28T02:49:18.967+0000] {dagbag.py:538} INFO - Filling up the DagBag from /home/airflow/.local/lib/python3.8/site-packages/airflow/example_dags/example_branch_operator.py
[2024-01-28T02:49:18.985+0000] {processor.py:840} INFO - DAG(s) 'example_branch_operator' retrieved from /home/airflow/.local/lib/python3.8/site-packages/airflow/example_dags/example_branch_operator.py
[2024-01-28T02:49:19.011+0000] {logging_mixin.py:188} INFO - [2024-01-28T02:49:19.011+0000] {dag.py:3036} INFO - Sync 1 DAGs
[2024-01-28T02:49:19.035+0000] {logging_mixin.py:188} INFO - [2024-01-28T02:49:19.035+0000] {dag.py:3823} INFO - Setting next_dagrun for example_branch_operator to 2024-01-27 00:00:00+00:00, run_after=2024-01-28 00:00:00+00:00
[2024-01-28T02:49:19.059+0000] {processor.py:183} INFO - Processing /home/airflow/.local/lib/python3.8/site-packages/airflow/example_dags/example_branch_operator.py took 0.098 seconds
[2024-01-28T02:49:49.403+0000] {processor.py:161} INFO - Started process (PID=5656) to work on /home/airflow/.local/lib/python3.8/site-packages/airflow/example_dags/example_branch_operator.py
[2024-01-28T02:49:49.404+0000] {processor.py:830} INFO - Processing file /home/airflow/.local/lib/python3.8/site-packages/airflow/example_dags/example_branch_operator.py for tasks to queue
[2024-01-28T02:49:49.405+0000] {logging_mixin.py:188} INFO - [2024-01-28T02:49:49.405+0000] {dagbag.py:538} INFO - Filling up the DagBag from /home/airflow/.local/lib/python3.8/site-packages/airflow/example_dags/example_branch_operator.py
[2024-01-28T02:49:49.426+0000] {processor.py:840} INFO - DAG(s) 'example_branch_operator' retrieved from /home/airflow/.local/lib/python3.8/site-packages/airflow/example_dags/example_branch_operator.py
[2024-01-28T02:49:49.459+0000] {logging_mixin.py:188} INFO - [2024-01-28T02:49:49.458+0000] {dag.py:3036} INFO - Sync 1 DAGs
[2024-01-28T02:49:49.479+0000] {logging_mixin.py:188} INFO - [2024-01-28T02:49:49.479+0000] {dag.py:3823} INFO - Setting next_dagrun for example_branch_operator to 2024-01-27 00:00:00+00:00, run_after=2024-01-28 00:00:00+00:00
[2024-01-28T02:49:49.501+0000] {processor.py:183} INFO - Processing /home/airflow/.local/lib/python3.8/site-packages/airflow/example_dags/example_branch_operator.py took 0.101 seconds
[2024-01-28T02:50:19.661+0000] {processor.py:161} INFO - Started process (PID=5962) to work on /home/airflow/.local/lib/python3.8/site-packages/airflow/example_dags/example_branch_operator.py
[2024-01-28T02:50:19.662+0000] {processor.py:830} INFO - Processing file /home/airflow/.local/lib/python3.8/site-packages/airflow/example_dags/example_branch_operator.py for tasks to queue
[2024-01-28T02:50:19.663+0000] {logging_mixin.py:188} INFO - [2024-01-28T02:50:19.663+0000] {dagbag.py:538} INFO - Filling up the DagBag from /home/airflow/.local/lib/python3.8/site-packages/airflow/example_dags/example_branch_operator.py
[2024-01-28T02:50:19.682+0000] {processor.py:840} INFO - DAG(s) 'example_branch_operator' retrieved from /home/airflow/.local/lib/python3.8/site-packages/airflow/example_dags/example_branch_operator.py
[2024-01-28T02:50:19.710+0000] {logging_mixin.py:188} INFO - [2024-01-28T02:50:19.710+0000] {dag.py:3036} INFO - Sync 1 DAGs
[2024-01-28T02:50:19.730+0000] {logging_mixin.py:188} INFO - [2024-01-28T02:50:19.730+0000] {dag.py:3823} INFO - Setting next_dagrun for example_branch_operator to 2024-01-27 00:00:00+00:00, run_after=2024-01-28 00:00:00+00:00
[2024-01-28T02:50:19.821+0000] {processor.py:183} INFO - Processing /home/airflow/.local/lib/python3.8/site-packages/airflow/example_dags/example_branch_operator.py took 0.163 seconds
[2024-01-28T02:50:49.989+0000] {processor.py:161} INFO - Started process (PID=6268) to work on /home/airflow/.local/lib/python3.8/site-packages/airflow/example_dags/example_branch_operator.py
[2024-01-28T02:50:49.991+0000] {processor.py:830} INFO - Processing file /home/airflow/.local/lib/python3.8/site-packages/airflow/example_dags/example_branch_operator.py for tasks to queue
[2024-01-28T02:50:49.992+0000] {logging_mixin.py:188} INFO - [2024-01-28T02:50:49.992+0000] {dagbag.py:538} INFO - Filling up the DagBag from /home/airflow/.local/lib/python3.8/site-packages/airflow/example_dags/example_branch_operator.py
[2024-01-28T02:50:50.011+0000] {processor.py:840} INFO - DAG(s) 'example_branch_operator' retrieved from /home/airflow/.local/lib/python3.8/site-packages/airflow/example_dags/example_branch_operator.py
[2024-01-28T02:50:50.039+0000] {logging_mixin.py:188} INFO - [2024-01-28T02:50:50.038+0000] {dag.py:3036} INFO - Sync 1 DAGs
[2024-01-28T02:50:50.068+0000] {logging_mixin.py:188} INFO - [2024-01-28T02:50:50.067+0000] {dag.py:3823} INFO - Setting next_dagrun for example_branch_operator to 2024-01-27 00:00:00+00:00, run_after=2024-01-28 00:00:00+00:00
[2024-01-28T02:50:50.225+0000] {processor.py:183} INFO - Processing /home/airflow/.local/lib/python3.8/site-packages/airflow/example_dags/example_branch_operator.py took 0.239 seconds
[2024-01-28T02:51:22.011+0000] {processor.py:161} INFO - Started process (PID=6595) to work on /home/airflow/.local/lib/python3.8/site-packages/airflow/example_dags/example_branch_operator.py
[2024-01-28T02:51:22.012+0000] {processor.py:830} INFO - Processing file /home/airflow/.local/lib/python3.8/site-packages/airflow/example_dags/example_branch_operator.py for tasks to queue
[2024-01-28T02:51:22.013+0000] {logging_mixin.py:188} INFO - [2024-01-28T02:51:22.013+0000] {dagbag.py:538} INFO - Filling up the DagBag from /home/airflow/.local/lib/python3.8/site-packages/airflow/example_dags/example_branch_operator.py
[2024-01-28T02:51:22.033+0000] {processor.py:840} INFO - DAG(s) 'example_branch_operator' retrieved from /home/airflow/.local/lib/python3.8/site-packages/airflow/example_dags/example_branch_operator.py
[2024-01-28T02:51:22.192+0000] {logging_mixin.py:188} INFO - [2024-01-28T02:51:22.191+0000] {dag.py:3036} INFO - Sync 1 DAGs
[2024-01-28T02:51:22.210+0000] {logging_mixin.py:188} INFO - [2024-01-28T02:51:22.210+0000] {dag.py:3823} INFO - Setting next_dagrun for example_branch_operator to 2024-01-27 00:00:00+00:00, run_after=2024-01-28 00:00:00+00:00
[2024-01-28T02:51:22.231+0000] {processor.py:183} INFO - Processing /home/airflow/.local/lib/python3.8/site-packages/airflow/example_dags/example_branch_operator.py took 0.223 seconds
[2024-01-28T02:51:53.129+0000] {processor.py:161} INFO - Started process (PID=6906) to work on /home/airflow/.local/lib/python3.8/site-packages/airflow/example_dags/example_branch_operator.py
[2024-01-28T02:51:53.130+0000] {processor.py:830} INFO - Processing file /home/airflow/.local/lib/python3.8/site-packages/airflow/example_dags/example_branch_operator.py for tasks to queue
[2024-01-28T02:51:53.131+0000] {logging_mixin.py:188} INFO - [2024-01-28T02:51:53.131+0000] {dagbag.py:538} INFO - Filling up the DagBag from /home/airflow/.local/lib/python3.8/site-packages/airflow/example_dags/example_branch_operator.py
[2024-01-28T02:51:53.150+0000] {processor.py:840} INFO - DAG(s) 'example_branch_operator' retrieved from /home/airflow/.local/lib/python3.8/site-packages/airflow/example_dags/example_branch_operator.py
[2024-01-28T02:51:53.175+0000] {logging_mixin.py:188} INFO - [2024-01-28T02:51:53.175+0000] {dag.py:3036} INFO - Sync 1 DAGs
[2024-01-28T02:51:53.198+0000] {logging_mixin.py:188} INFO - [2024-01-28T02:51:53.197+0000] {dag.py:3823} INFO - Setting next_dagrun for example_branch_operator to 2024-01-27 00:00:00+00:00, run_after=2024-01-28 00:00:00+00:00
[2024-01-28T02:51:53.219+0000] {processor.py:183} INFO - Processing /home/airflow/.local/lib/python3.8/site-packages/airflow/example_dags/example_branch_operator.py took 0.093 seconds
[2024-01-28T02:52:23.585+0000] {processor.py:161} INFO - Started process (PID=7208) to work on /home/airflow/.local/lib/python3.8/site-packages/airflow/example_dags/example_branch_operator.py
[2024-01-28T02:52:23.586+0000] {processor.py:830} INFO - Processing file /home/airflow/.local/lib/python3.8/site-packages/airflow/example_dags/example_branch_operator.py for tasks to queue
[2024-01-28T02:52:23.587+0000] {logging_mixin.py:188} INFO - [2024-01-28T02:52:23.587+0000] {dagbag.py:538} INFO - Filling up the DagBag from /home/airflow/.local/lib/python3.8/site-packages/airflow/example_dags/example_branch_operator.py
[2024-01-28T02:52:23.604+0000] {processor.py:840} INFO - DAG(s) 'example_branch_operator' retrieved from /home/airflow/.local/lib/python3.8/site-packages/airflow/example_dags/example_branch_operator.py
[2024-01-28T02:52:23.629+0000] {logging_mixin.py:188} INFO - [2024-01-28T02:52:23.629+0000] {dag.py:3036} INFO - Sync 1 DAGs
[2024-01-28T02:52:23.649+0000] {logging_mixin.py:188} INFO - [2024-01-28T02:52:23.649+0000] {dag.py:3823} INFO - Setting next_dagrun for example_branch_operator to 2024-01-27 00:00:00+00:00, run_after=2024-01-28 00:00:00+00:00
[2024-01-28T02:52:23.669+0000] {processor.py:183} INFO - Processing /home/airflow/.local/lib/python3.8/site-packages/airflow/example_dags/example_branch_operator.py took 0.087 seconds
[2024-01-28T02:52:54.025+0000] {processor.py:161} INFO - Started process (PID=7519) to work on /home/airflow/.local/lib/python3.8/site-packages/airflow/example_dags/example_branch_operator.py
[2024-01-28T02:52:54.027+0000] {processor.py:830} INFO - Processing file /home/airflow/.local/lib/python3.8/site-packages/airflow/example_dags/example_branch_operator.py for tasks to queue
[2024-01-28T02:52:54.028+0000] {logging_mixin.py:188} INFO - [2024-01-28T02:52:54.027+0000] {dagbag.py:538} INFO - Filling up the DagBag from /home/airflow/.local/lib/python3.8/site-packages/airflow/example_dags/example_branch_operator.py
[2024-01-28T02:52:54.043+0000] {processor.py:840} INFO - DAG(s) 'example_branch_operator' retrieved from /home/airflow/.local/lib/python3.8/site-packages/airflow/example_dags/example_branch_operator.py
[2024-01-28T02:52:54.067+0000] {logging_mixin.py:188} INFO - [2024-01-28T02:52:54.067+0000] {dag.py:3036} INFO - Sync 1 DAGs
[2024-01-28T02:52:54.090+0000] {logging_mixin.py:188} INFO - [2024-01-28T02:52:54.090+0000] {dag.py:3823} INFO - Setting next_dagrun for example_branch_operator to 2024-01-27 00:00:00+00:00, run_after=2024-01-28 00:00:00+00:00
[2024-01-28T02:52:54.115+0000] {processor.py:183} INFO - Processing /home/airflow/.local/lib/python3.8/site-packages/airflow/example_dags/example_branch_operator.py took 0.092 seconds
[2024-01-28T02:53:24.827+0000] {processor.py:161} INFO - Started process (PID=7838) to work on /home/airflow/.local/lib/python3.8/site-packages/airflow/example_dags/example_branch_operator.py
[2024-01-28T02:53:24.828+0000] {processor.py:830} INFO - Processing file /home/airflow/.local/lib/python3.8/site-packages/airflow/example_dags/example_branch_operator.py for tasks to queue
[2024-01-28T02:53:24.829+0000] {logging_mixin.py:188} INFO - [2024-01-28T02:53:24.829+0000] {dagbag.py:538} INFO - Filling up the DagBag from /home/airflow/.local/lib/python3.8/site-packages/airflow/example_dags/example_branch_operator.py
[2024-01-28T02:53:24.847+0000] {processor.py:840} INFO - DAG(s) 'example_branch_operator' retrieved from /home/airflow/.local/lib/python3.8/site-packages/airflow/example_dags/example_branch_operator.py
[2024-01-28T02:53:24.875+0000] {logging_mixin.py:188} INFO - [2024-01-28T02:53:24.874+0000] {dag.py:3036} INFO - Sync 1 DAGs
[2024-01-28T02:53:24.902+0000] {logging_mixin.py:188} INFO - [2024-01-28T02:53:24.902+0000] {dag.py:3823} INFO - Setting next_dagrun for example_branch_operator to 2024-01-27 00:00:00+00:00, run_after=2024-01-28 00:00:00+00:00
[2024-01-28T02:53:24.924+0000] {processor.py:183} INFO - Processing /home/airflow/.local/lib/python3.8/site-packages/airflow/example_dags/example_branch_operator.py took 0.100 seconds
[2024-01-28T02:53:55.067+0000] {processor.py:161} INFO - Started process (PID=8149) to work on /home/airflow/.local/lib/python3.8/site-packages/airflow/example_dags/example_branch_operator.py
[2024-01-28T02:53:55.068+0000] {processor.py:830} INFO - Processing file /home/airflow/.local/lib/python3.8/site-packages/airflow/example_dags/example_branch_operator.py for tasks to queue
[2024-01-28T02:53:55.070+0000] {logging_mixin.py:188} INFO - [2024-01-28T02:53:55.069+0000] {dagbag.py:538} INFO - Filling up the DagBag from /home/airflow/.local/lib/python3.8/site-packages/airflow/example_dags/example_branch_operator.py
[2024-01-28T02:53:55.088+0000] {processor.py:840} INFO - DAG(s) 'example_branch_operator' retrieved from /home/airflow/.local/lib/python3.8/site-packages/airflow/example_dags/example_branch_operator.py
[2024-01-28T02:53:55.119+0000] {logging_mixin.py:188} INFO - [2024-01-28T02:53:55.119+0000] {dag.py:3036} INFO - Sync 1 DAGs
[2024-01-28T02:53:55.142+0000] {logging_mixin.py:188} INFO - [2024-01-28T02:53:55.141+0000] {dag.py:3823} INFO - Setting next_dagrun for example_branch_operator to 2024-01-27 00:00:00+00:00, run_after=2024-01-28 00:00:00+00:00
[2024-01-28T02:53:55.165+0000] {processor.py:183} INFO - Processing /home/airflow/.local/lib/python3.8/site-packages/airflow/example_dags/example_branch_operator.py took 0.101 seconds
[2024-01-28T02:54:25.292+0000] {processor.py:161} INFO - Started process (PID=8459) to work on /home/airflow/.local/lib/python3.8/site-packages/airflow/example_dags/example_branch_operator.py
[2024-01-28T02:54:25.293+0000] {processor.py:830} INFO - Processing file /home/airflow/.local/lib/python3.8/site-packages/airflow/example_dags/example_branch_operator.py for tasks to queue
[2024-01-28T02:54:25.295+0000] {logging_mixin.py:188} INFO - [2024-01-28T02:54:25.294+0000] {dagbag.py:538} INFO - Filling up the DagBag from /home/airflow/.local/lib/python3.8/site-packages/airflow/example_dags/example_branch_operator.py
[2024-01-28T02:54:25.316+0000] {processor.py:840} INFO - DAG(s) 'example_branch_operator' retrieved from /home/airflow/.local/lib/python3.8/site-packages/airflow/example_dags/example_branch_operator.py
[2024-01-28T02:54:25.348+0000] {logging_mixin.py:188} INFO - [2024-01-28T02:54:25.348+0000] {dag.py:3036} INFO - Sync 1 DAGs
[2024-01-28T02:54:25.382+0000] {logging_mixin.py:188} INFO - [2024-01-28T02:54:25.381+0000] {dag.py:3823} INFO - Setting next_dagrun for example_branch_operator to 2024-01-27 00:00:00+00:00, run_after=2024-01-28 00:00:00+00:00
[2024-01-28T02:54:25.405+0000] {processor.py:183} INFO - Processing /home/airflow/.local/lib/python3.8/site-packages/airflow/example_dags/example_branch_operator.py took 0.117 seconds
[2024-01-28T02:54:55.909+0000] {processor.py:161} INFO - Started process (PID=8772) to work on /home/airflow/.local/lib/python3.8/site-packages/airflow/example_dags/example_branch_operator.py
[2024-01-28T02:54:55.910+0000] {processor.py:830} INFO - Processing file /home/airflow/.local/lib/python3.8/site-packages/airflow/example_dags/example_branch_operator.py for tasks to queue
[2024-01-28T02:54:55.911+0000] {logging_mixin.py:188} INFO - [2024-01-28T02:54:55.911+0000] {dagbag.py:538} INFO - Filling up the DagBag from /home/airflow/.local/lib/python3.8/site-packages/airflow/example_dags/example_branch_operator.py
[2024-01-28T02:54:55.933+0000] {processor.py:840} INFO - DAG(s) 'example_branch_operator' retrieved from /home/airflow/.local/lib/python3.8/site-packages/airflow/example_dags/example_branch_operator.py
[2024-01-28T02:54:55.964+0000] {logging_mixin.py:188} INFO - [2024-01-28T02:54:55.964+0000] {dag.py:3036} INFO - Sync 1 DAGs
[2024-01-28T02:54:55.988+0000] {logging_mixin.py:188} INFO - [2024-01-28T02:54:55.987+0000] {dag.py:3823} INFO - Setting next_dagrun for example_branch_operator to 2024-01-27 00:00:00+00:00, run_after=2024-01-28 00:00:00+00:00
[2024-01-28T02:54:56.012+0000] {processor.py:183} INFO - Processing /home/airflow/.local/lib/python3.8/site-packages/airflow/example_dags/example_branch_operator.py took 0.107 seconds
[2024-01-28T02:55:36.163+0000] {processor.py:161} INFO - Started process (PID=9135) to work on /home/airflow/.local/lib/python3.8/site-packages/airflow/example_dags/example_branch_operator.py
[2024-01-28T02:55:36.165+0000] {processor.py:830} INFO - Processing file /home/airflow/.local/lib/python3.8/site-packages/airflow/example_dags/example_branch_operator.py for tasks to queue
[2024-01-28T02:55:36.168+0000] {logging_mixin.py:188} INFO - [2024-01-28T02:55:36.167+0000] {dagbag.py:538} INFO - Filling up the DagBag from /home/airflow/.local/lib/python3.8/site-packages/airflow/example_dags/example_branch_operator.py
[2024-01-28T02:55:36.217+0000] {processor.py:840} INFO - DAG(s) 'example_branch_operator' retrieved from /home/airflow/.local/lib/python3.8/site-packages/airflow/example_dags/example_branch_operator.py
[2024-01-28T02:55:36.289+0000] {logging_mixin.py:188} INFO - [2024-01-28T02:55:36.288+0000] {dag.py:3036} INFO - Sync 1 DAGs
[2024-01-28T02:55:36.345+0000] {logging_mixin.py:188} INFO - [2024-01-28T02:55:36.344+0000] {dag.py:3823} INFO - Setting next_dagrun for example_branch_operator to 2024-01-27 00:00:00+00:00, run_after=2024-01-28 00:00:00+00:00
[2024-01-28T02:55:36.405+0000] {processor.py:183} INFO - Processing /home/airflow/.local/lib/python3.8/site-packages/airflow/example_dags/example_branch_operator.py took 0.248 seconds
[2024-01-28T02:56:06.537+0000] {processor.py:161} INFO - Started process (PID=9447) to work on /home/airflow/.local/lib/python3.8/site-packages/airflow/example_dags/example_branch_operator.py
[2024-01-28T02:56:06.538+0000] {processor.py:830} INFO - Processing file /home/airflow/.local/lib/python3.8/site-packages/airflow/example_dags/example_branch_operator.py for tasks to queue
[2024-01-28T02:56:06.539+0000] {logging_mixin.py:188} INFO - [2024-01-28T02:56:06.539+0000] {dagbag.py:538} INFO - Filling up the DagBag from /home/airflow/.local/lib/python3.8/site-packages/airflow/example_dags/example_branch_operator.py
[2024-01-28T02:56:06.556+0000] {processor.py:840} INFO - DAG(s) 'example_branch_operator' retrieved from /home/airflow/.local/lib/python3.8/site-packages/airflow/example_dags/example_branch_operator.py
[2024-01-28T02:56:06.581+0000] {logging_mixin.py:188} INFO - [2024-01-28T02:56:06.581+0000] {dag.py:3036} INFO - Sync 1 DAGs
[2024-01-28T02:56:06.601+0000] {logging_mixin.py:188} INFO - [2024-01-28T02:56:06.601+0000] {dag.py:3823} INFO - Setting next_dagrun for example_branch_operator to 2024-01-27 00:00:00+00:00, run_after=2024-01-28 00:00:00+00:00
[2024-01-28T02:56:06.622+0000] {processor.py:183} INFO - Processing /home/airflow/.local/lib/python3.8/site-packages/airflow/example_dags/example_branch_operator.py took 0.088 seconds
[2024-01-28T02:56:37.679+0000] {processor.py:161} INFO - Started process (PID=9756) to work on /home/airflow/.local/lib/python3.8/site-packages/airflow/example_dags/example_branch_operator.py
[2024-01-28T02:56:37.680+0000] {processor.py:830} INFO - Processing file /home/airflow/.local/lib/python3.8/site-packages/airflow/example_dags/example_branch_operator.py for tasks to queue
[2024-01-28T02:56:37.681+0000] {logging_mixin.py:188} INFO - [2024-01-28T02:56:37.681+0000] {dagbag.py:538} INFO - Filling up the DagBag from /home/airflow/.local/lib/python3.8/site-packages/airflow/example_dags/example_branch_operator.py
[2024-01-28T02:56:37.698+0000] {processor.py:840} INFO - DAG(s) 'example_branch_operator' retrieved from /home/airflow/.local/lib/python3.8/site-packages/airflow/example_dags/example_branch_operator.py
[2024-01-28T02:56:37.727+0000] {logging_mixin.py:188} INFO - [2024-01-28T02:56:37.727+0000] {dag.py:3036} INFO - Sync 1 DAGs
[2024-01-28T02:56:37.754+0000] {logging_mixin.py:188} INFO - [2024-01-28T02:56:37.754+0000] {dag.py:3823} INFO - Setting next_dagrun for example_branch_operator to 2024-01-27 00:00:00+00:00, run_after=2024-01-28 00:00:00+00:00
[2024-01-28T02:56:37.778+0000] {processor.py:183} INFO - Processing /home/airflow/.local/lib/python3.8/site-packages/airflow/example_dags/example_branch_operator.py took 0.103 seconds
[2024-01-28T02:57:09.366+0000] {processor.py:161} INFO - Started process (PID=10073) to work on /home/airflow/.local/lib/python3.8/site-packages/airflow/example_dags/example_branch_operator.py
[2024-01-28T02:57:09.367+0000] {processor.py:830} INFO - Processing file /home/airflow/.local/lib/python3.8/site-packages/airflow/example_dags/example_branch_operator.py for tasks to queue
[2024-01-28T02:57:09.369+0000] {logging_mixin.py:188} INFO - [2024-01-28T02:57:09.368+0000] {dagbag.py:538} INFO - Filling up the DagBag from /home/airflow/.local/lib/python3.8/site-packages/airflow/example_dags/example_branch_operator.py
[2024-01-28T02:57:09.389+0000] {processor.py:840} INFO - DAG(s) 'example_branch_operator' retrieved from /home/airflow/.local/lib/python3.8/site-packages/airflow/example_dags/example_branch_operator.py
[2024-01-28T02:57:09.415+0000] {logging_mixin.py:188} INFO - [2024-01-28T02:57:09.415+0000] {dag.py:3036} INFO - Sync 1 DAGs
[2024-01-28T02:57:09.441+0000] {logging_mixin.py:188} INFO - [2024-01-28T02:57:09.441+0000] {dag.py:3823} INFO - Setting next_dagrun for example_branch_operator to 2024-01-27 00:00:00+00:00, run_after=2024-01-28 00:00:00+00:00
[2024-01-28T02:57:09.465+0000] {processor.py:183} INFO - Processing /home/airflow/.local/lib/python3.8/site-packages/airflow/example_dags/example_branch_operator.py took 0.102 seconds
[2024-01-28T02:57:40.578+0000] {processor.py:161} INFO - Started process (PID=10381) to work on /home/airflow/.local/lib/python3.8/site-packages/airflow/example_dags/example_branch_operator.py
[2024-01-28T02:57:40.579+0000] {processor.py:830} INFO - Processing file /home/airflow/.local/lib/python3.8/site-packages/airflow/example_dags/example_branch_operator.py for tasks to queue
[2024-01-28T02:57:40.580+0000] {logging_mixin.py:188} INFO - [2024-01-28T02:57:40.580+0000] {dagbag.py:538} INFO - Filling up the DagBag from /home/airflow/.local/lib/python3.8/site-packages/airflow/example_dags/example_branch_operator.py
[2024-01-28T02:57:40.600+0000] {processor.py:840} INFO - DAG(s) 'example_branch_operator' retrieved from /home/airflow/.local/lib/python3.8/site-packages/airflow/example_dags/example_branch_operator.py
[2024-01-28T02:57:40.628+0000] {logging_mixin.py:188} INFO - [2024-01-28T02:57:40.628+0000] {dag.py:3036} INFO - Sync 1 DAGs
[2024-01-28T02:57:40.655+0000] {logging_mixin.py:188} INFO - [2024-01-28T02:57:40.655+0000] {dag.py:3823} INFO - Setting next_dagrun for example_branch_operator to 2024-01-27 00:00:00+00:00, run_after=2024-01-28 00:00:00+00:00
[2024-01-28T02:57:40.681+0000] {processor.py:183} INFO - Processing /home/airflow/.local/lib/python3.8/site-packages/airflow/example_dags/example_branch_operator.py took 0.108 seconds
[2024-01-28T02:58:11.005+0000] {processor.py:161} INFO - Started process (PID=10684) to work on /home/airflow/.local/lib/python3.8/site-packages/airflow/example_dags/example_branch_operator.py
[2024-01-28T02:58:11.006+0000] {processor.py:830} INFO - Processing file /home/airflow/.local/lib/python3.8/site-packages/airflow/example_dags/example_branch_operator.py for tasks to queue
[2024-01-28T02:58:11.007+0000] {logging_mixin.py:188} INFO - [2024-01-28T02:58:11.007+0000] {dagbag.py:538} INFO - Filling up the DagBag from /home/airflow/.local/lib/python3.8/site-packages/airflow/example_dags/example_branch_operator.py
[2024-01-28T02:58:11.026+0000] {processor.py:840} INFO - DAG(s) 'example_branch_operator' retrieved from /home/airflow/.local/lib/python3.8/site-packages/airflow/example_dags/example_branch_operator.py
[2024-01-28T02:58:11.059+0000] {logging_mixin.py:188} INFO - [2024-01-28T02:58:11.059+0000] {dag.py:3036} INFO - Sync 1 DAGs
[2024-01-28T02:58:11.082+0000] {logging_mixin.py:188} INFO - [2024-01-28T02:58:11.082+0000] {dag.py:3823} INFO - Setting next_dagrun for example_branch_operator to 2024-01-27 00:00:00+00:00, run_after=2024-01-28 00:00:00+00:00
[2024-01-28T02:58:11.103+0000] {processor.py:183} INFO - Processing /home/airflow/.local/lib/python3.8/site-packages/airflow/example_dags/example_branch_operator.py took 0.101 seconds
