[2024-01-28T02:40:37.930+0000] {processor.py:161} INFO - Started process (PID=274) to work on /home/airflow/.local/lib/python3.8/site-packages/airflow/example_dags/example_branch_operator_decorator.py
[2024-01-28T02:40:37.931+0000] {processor.py:830} INFO - Processing file /home/airflow/.local/lib/python3.8/site-packages/airflow/example_dags/example_branch_operator_decorator.py for tasks to queue
[2024-01-28T02:40:37.933+0000] {logging_mixin.py:188} INFO - [2024-01-28T02:40:37.933+0000] {dagbag.py:538} INFO - Filling up the DagBag from /home/airflow/.local/lib/python3.8/site-packages/airflow/example_dags/example_branch_operator_decorator.py
[2024-01-28T02:40:37.964+0000] {processor.py:840} INFO - DAG(s) 'example_branch_python_operator_decorator' retrieved from /home/airflow/.local/lib/python3.8/site-packages/airflow/example_dags/example_branch_operator_decorator.py
[2024-01-28T02:40:38.143+0000] {logging_mixin.py:188} INFO - [2024-01-28T02:40:38.143+0000] {dag.py:3036} INFO - Sync 1 DAGs
[2024-01-28T02:40:38.170+0000] {logging_mixin.py:188} INFO - [2024-01-28T02:40:38.169+0000] {dag.py:3823} INFO - Setting next_dagrun for example_branch_python_operator_decorator to 2024-01-27 00:00:00+00:00, run_after=2024-01-28 00:00:00+00:00
[2024-01-28T02:40:38.211+0000] {processor.py:183} INFO - Processing /home/airflow/.local/lib/python3.8/site-packages/airflow/example_dags/example_branch_operator_decorator.py took 0.284 seconds
[2024-01-28T02:41:11.389+0000] {processor.py:161} INFO - Started process (PID=590) to work on /home/airflow/.local/lib/python3.8/site-packages/airflow/example_dags/example_branch_operator_decorator.py
[2024-01-28T02:41:11.391+0000] {processor.py:830} INFO - Processing file /home/airflow/.local/lib/python3.8/site-packages/airflow/example_dags/example_branch_operator_decorator.py for tasks to queue
[2024-01-28T02:41:11.392+0000] {logging_mixin.py:188} INFO - [2024-01-28T02:41:11.392+0000] {dagbag.py:538} INFO - Filling up the DagBag from /home/airflow/.local/lib/python3.8/site-packages/airflow/example_dags/example_branch_operator_decorator.py
[2024-01-28T02:41:11.437+0000] {processor.py:840} INFO - DAG(s) 'example_branch_python_operator_decorator' retrieved from /home/airflow/.local/lib/python3.8/site-packages/airflow/example_dags/example_branch_operator_decorator.py
[2024-01-28T02:41:11.480+0000] {logging_mixin.py:188} INFO - [2024-01-28T02:41:11.480+0000] {dag.py:3036} INFO - Sync 1 DAGs
[2024-01-28T02:41:11.516+0000] {logging_mixin.py:188} INFO - [2024-01-28T02:41:11.516+0000] {dag.py:3823} INFO - Setting next_dagrun for example_branch_python_operator_decorator to 2024-01-27 00:00:00+00:00, run_after=2024-01-28 00:00:00+00:00
[2024-01-28T02:41:11.549+0000] {processor.py:183} INFO - Processing /home/airflow/.local/lib/python3.8/site-packages/airflow/example_dags/example_branch_operator_decorator.py took 0.166 seconds
[2024-01-28T02:41:42.189+0000] {processor.py:161} INFO - Started process (PID=897) to work on /home/airflow/.local/lib/python3.8/site-packages/airflow/example_dags/example_branch_operator_decorator.py
[2024-01-28T02:41:42.190+0000] {processor.py:830} INFO - Processing file /home/airflow/.local/lib/python3.8/site-packages/airflow/example_dags/example_branch_operator_decorator.py for tasks to queue
[2024-01-28T02:41:42.191+0000] {logging_mixin.py:188} INFO - [2024-01-28T02:41:42.191+0000] {dagbag.py:538} INFO - Filling up the DagBag from /home/airflow/.local/lib/python3.8/site-packages/airflow/example_dags/example_branch_operator_decorator.py
[2024-01-28T02:41:42.215+0000] {processor.py:840} INFO - DAG(s) 'example_branch_python_operator_decorator' retrieved from /home/airflow/.local/lib/python3.8/site-packages/airflow/example_dags/example_branch_operator_decorator.py
[2024-01-28T02:41:42.265+0000] {logging_mixin.py:188} INFO - [2024-01-28T02:41:42.265+0000] {dag.py:3036} INFO - Sync 1 DAGs
[2024-01-28T02:41:42.310+0000] {logging_mixin.py:188} INFO - [2024-01-28T02:41:42.309+0000] {dag.py:3823} INFO - Setting next_dagrun for example_branch_python_operator_decorator to 2024-01-27 00:00:00+00:00, run_after=2024-01-28 00:00:00+00:00
[2024-01-28T02:41:42.366+0000] {processor.py:183} INFO - Processing /home/airflow/.local/lib/python3.8/site-packages/airflow/example_dags/example_branch_operator_decorator.py took 0.180 seconds
[2024-01-28T02:42:12.996+0000] {processor.py:161} INFO - Started process (PID=1201) to work on /home/airflow/.local/lib/python3.8/site-packages/airflow/example_dags/example_branch_operator_decorator.py
[2024-01-28T02:42:12.997+0000] {processor.py:830} INFO - Processing file /home/airflow/.local/lib/python3.8/site-packages/airflow/example_dags/example_branch_operator_decorator.py for tasks to queue
[2024-01-28T02:42:12.998+0000] {logging_mixin.py:188} INFO - [2024-01-28T02:42:12.998+0000] {dagbag.py:538} INFO - Filling up the DagBag from /home/airflow/.local/lib/python3.8/site-packages/airflow/example_dags/example_branch_operator_decorator.py
[2024-01-28T02:42:13.022+0000] {processor.py:840} INFO - DAG(s) 'example_branch_python_operator_decorator' retrieved from /home/airflow/.local/lib/python3.8/site-packages/airflow/example_dags/example_branch_operator_decorator.py
[2024-01-28T02:42:13.058+0000] {logging_mixin.py:188} INFO - [2024-01-28T02:42:13.058+0000] {dag.py:3036} INFO - Sync 1 DAGs
[2024-01-28T02:42:13.086+0000] {logging_mixin.py:188} INFO - [2024-01-28T02:42:13.085+0000] {dag.py:3823} INFO - Setting next_dagrun for example_branch_python_operator_decorator to 2024-01-27 00:00:00+00:00, run_after=2024-01-28 00:00:00+00:00
[2024-01-28T02:42:13.109+0000] {processor.py:183} INFO - Processing /home/airflow/.local/lib/python3.8/site-packages/airflow/example_dags/example_branch_operator_decorator.py took 0.117 seconds
[2024-01-28T02:42:44.210+0000] {processor.py:161} INFO - Started process (PID=1510) to work on /home/airflow/.local/lib/python3.8/site-packages/airflow/example_dags/example_branch_operator_decorator.py
[2024-01-28T02:42:44.215+0000] {processor.py:830} INFO - Processing file /home/airflow/.local/lib/python3.8/site-packages/airflow/example_dags/example_branch_operator_decorator.py for tasks to queue
[2024-01-28T02:42:44.218+0000] {logging_mixin.py:188} INFO - [2024-01-28T02:42:44.216+0000] {dagbag.py:538} INFO - Filling up the DagBag from /home/airflow/.local/lib/python3.8/site-packages/airflow/example_dags/example_branch_operator_decorator.py
[2024-01-28T02:42:44.263+0000] {processor.py:840} INFO - DAG(s) 'example_branch_python_operator_decorator' retrieved from /home/airflow/.local/lib/python3.8/site-packages/airflow/example_dags/example_branch_operator_decorator.py
[2024-01-28T02:42:44.295+0000] {logging_mixin.py:188} INFO - [2024-01-28T02:42:44.295+0000] {dag.py:3036} INFO - Sync 1 DAGs
[2024-01-28T02:42:44.316+0000] {logging_mixin.py:188} INFO - [2024-01-28T02:42:44.316+0000] {dag.py:3823} INFO - Setting next_dagrun for example_branch_python_operator_decorator to 2024-01-27 00:00:00+00:00, run_after=2024-01-28 00:00:00+00:00
[2024-01-28T02:42:44.344+0000] {processor.py:183} INFO - Processing /home/airflow/.local/lib/python3.8/site-packages/airflow/example_dags/example_branch_operator_decorator.py took 0.149 seconds
[2024-01-28T02:43:14.812+0000] {processor.py:161} INFO - Started process (PID=1813) to work on /home/airflow/.local/lib/python3.8/site-packages/airflow/example_dags/example_branch_operator_decorator.py
[2024-01-28T02:43:14.815+0000] {processor.py:830} INFO - Processing file /home/airflow/.local/lib/python3.8/site-packages/airflow/example_dags/example_branch_operator_decorator.py for tasks to queue
[2024-01-28T02:43:14.819+0000] {logging_mixin.py:188} INFO - [2024-01-28T02:43:14.818+0000] {dagbag.py:538} INFO - Filling up the DagBag from /home/airflow/.local/lib/python3.8/site-packages/airflow/example_dags/example_branch_operator_decorator.py
[2024-01-28T02:43:14.854+0000] {processor.py:840} INFO - DAG(s) 'example_branch_python_operator_decorator' retrieved from /home/airflow/.local/lib/python3.8/site-packages/airflow/example_dags/example_branch_operator_decorator.py
[2024-01-28T02:43:14.977+0000] {logging_mixin.py:188} INFO - [2024-01-28T02:43:14.977+0000] {dag.py:3036} INFO - Sync 1 DAGs
[2024-01-28T02:43:15.053+0000] {logging_mixin.py:188} INFO - [2024-01-28T02:43:15.053+0000] {dag.py:3823} INFO - Setting next_dagrun for example_branch_python_operator_decorator to 2024-01-27 00:00:00+00:00, run_after=2024-01-28 00:00:00+00:00
[2024-01-28T02:43:15.085+0000] {processor.py:183} INFO - Processing /home/airflow/.local/lib/python3.8/site-packages/airflow/example_dags/example_branch_operator_decorator.py took 0.278 seconds
[2024-01-28T02:43:45.664+0000] {processor.py:161} INFO - Started process (PID=2120) to work on /home/airflow/.local/lib/python3.8/site-packages/airflow/example_dags/example_branch_operator_decorator.py
[2024-01-28T02:43:45.665+0000] {processor.py:830} INFO - Processing file /home/airflow/.local/lib/python3.8/site-packages/airflow/example_dags/example_branch_operator_decorator.py for tasks to queue
[2024-01-28T02:43:45.666+0000] {logging_mixin.py:188} INFO - [2024-01-28T02:43:45.666+0000] {dagbag.py:538} INFO - Filling up the DagBag from /home/airflow/.local/lib/python3.8/site-packages/airflow/example_dags/example_branch_operator_decorator.py
[2024-01-28T02:43:45.689+0000] {processor.py:840} INFO - DAG(s) 'example_branch_python_operator_decorator' retrieved from /home/airflow/.local/lib/python3.8/site-packages/airflow/example_dags/example_branch_operator_decorator.py
[2024-01-28T02:43:45.725+0000] {logging_mixin.py:188} INFO - [2024-01-28T02:43:45.724+0000] {dag.py:3036} INFO - Sync 1 DAGs
[2024-01-28T02:43:45.757+0000] {logging_mixin.py:188} INFO - [2024-01-28T02:43:45.757+0000] {dag.py:3823} INFO - Setting next_dagrun for example_branch_python_operator_decorator to 2024-01-27 00:00:00+00:00, run_after=2024-01-28 00:00:00+00:00
[2024-01-28T02:43:45.787+0000] {processor.py:183} INFO - Processing /home/airflow/.local/lib/python3.8/site-packages/airflow/example_dags/example_branch_operator_decorator.py took 0.127 seconds
[2024-01-28T02:44:16.914+0000] {processor.py:161} INFO - Started process (PID=2426) to work on /home/airflow/.local/lib/python3.8/site-packages/airflow/example_dags/example_branch_operator_decorator.py
[2024-01-28T02:44:16.916+0000] {processor.py:830} INFO - Processing file /home/airflow/.local/lib/python3.8/site-packages/airflow/example_dags/example_branch_operator_decorator.py for tasks to queue
[2024-01-28T02:44:16.917+0000] {logging_mixin.py:188} INFO - [2024-01-28T02:44:16.917+0000] {dagbag.py:538} INFO - Filling up the DagBag from /home/airflow/.local/lib/python3.8/site-packages/airflow/example_dags/example_branch_operator_decorator.py
[2024-01-28T02:44:17.052+0000] {processor.py:840} INFO - DAG(s) 'example_branch_python_operator_decorator' retrieved from /home/airflow/.local/lib/python3.8/site-packages/airflow/example_dags/example_branch_operator_decorator.py
[2024-01-28T02:44:17.079+0000] {logging_mixin.py:188} INFO - [2024-01-28T02:44:17.078+0000] {dag.py:3036} INFO - Sync 1 DAGs
[2024-01-28T02:44:17.103+0000] {logging_mixin.py:188} INFO - [2024-01-28T02:44:17.103+0000] {dag.py:3823} INFO - Setting next_dagrun for example_branch_python_operator_decorator to 2024-01-27 00:00:00+00:00, run_after=2024-01-28 00:00:00+00:00
[2024-01-28T02:44:17.201+0000] {processor.py:183} INFO - Processing /home/airflow/.local/lib/python3.8/site-packages/airflow/example_dags/example_branch_operator_decorator.py took 0.291 seconds
[2024-01-28T02:44:47.448+0000] {processor.py:161} INFO - Started process (PID=2737) to work on /home/airflow/.local/lib/python3.8/site-packages/airflow/example_dags/example_branch_operator_decorator.py
[2024-01-28T02:44:47.450+0000] {processor.py:830} INFO - Processing file /home/airflow/.local/lib/python3.8/site-packages/airflow/example_dags/example_branch_operator_decorator.py for tasks to queue
[2024-01-28T02:44:47.451+0000] {logging_mixin.py:188} INFO - [2024-01-28T02:44:47.451+0000] {dagbag.py:538} INFO - Filling up the DagBag from /home/airflow/.local/lib/python3.8/site-packages/airflow/example_dags/example_branch_operator_decorator.py
[2024-01-28T02:44:47.487+0000] {processor.py:840} INFO - DAG(s) 'example_branch_python_operator_decorator' retrieved from /home/airflow/.local/lib/python3.8/site-packages/airflow/example_dags/example_branch_operator_decorator.py
[2024-01-28T02:44:47.550+0000] {logging_mixin.py:188} INFO - [2024-01-28T02:44:47.550+0000] {dag.py:3036} INFO - Sync 1 DAGs
[2024-01-28T02:44:47.588+0000] {logging_mixin.py:188} INFO - [2024-01-28T02:44:47.588+0000] {dag.py:3823} INFO - Setting next_dagrun for example_branch_python_operator_decorator to 2024-01-27 00:00:00+00:00, run_after=2024-01-28 00:00:00+00:00
[2024-01-28T02:44:47.636+0000] {processor.py:183} INFO - Processing /home/airflow/.local/lib/python3.8/site-packages/airflow/example_dags/example_branch_operator_decorator.py took 0.192 seconds
[2024-01-28T02:45:17.795+0000] {processor.py:161} INFO - Started process (PID=3048) to work on /home/airflow/.local/lib/python3.8/site-packages/airflow/example_dags/example_branch_operator_decorator.py
[2024-01-28T02:45:17.796+0000] {processor.py:830} INFO - Processing file /home/airflow/.local/lib/python3.8/site-packages/airflow/example_dags/example_branch_operator_decorator.py for tasks to queue
[2024-01-28T02:45:17.798+0000] {logging_mixin.py:188} INFO - [2024-01-28T02:45:17.797+0000] {dagbag.py:538} INFO - Filling up the DagBag from /home/airflow/.local/lib/python3.8/site-packages/airflow/example_dags/example_branch_operator_decorator.py
[2024-01-28T02:45:17.819+0000] {processor.py:840} INFO - DAG(s) 'example_branch_python_operator_decorator' retrieved from /home/airflow/.local/lib/python3.8/site-packages/airflow/example_dags/example_branch_operator_decorator.py
[2024-01-28T02:45:17.847+0000] {logging_mixin.py:188} INFO - [2024-01-28T02:45:17.847+0000] {dag.py:3036} INFO - Sync 1 DAGs
[2024-01-28T02:45:17.870+0000] {logging_mixin.py:188} INFO - [2024-01-28T02:45:17.870+0000] {dag.py:3823} INFO - Setting next_dagrun for example_branch_python_operator_decorator to 2024-01-27 00:00:00+00:00, run_after=2024-01-28 00:00:00+00:00
[2024-01-28T02:45:17.896+0000] {processor.py:183} INFO - Processing /home/airflow/.local/lib/python3.8/site-packages/airflow/example_dags/example_branch_operator_decorator.py took 0.104 seconds
[2024-01-28T02:45:48.053+0000] {processor.py:161} INFO - Started process (PID=3359) to work on /home/airflow/.local/lib/python3.8/site-packages/airflow/example_dags/example_branch_operator_decorator.py
[2024-01-28T02:45:48.054+0000] {processor.py:830} INFO - Processing file /home/airflow/.local/lib/python3.8/site-packages/airflow/example_dags/example_branch_operator_decorator.py for tasks to queue
[2024-01-28T02:45:48.055+0000] {logging_mixin.py:188} INFO - [2024-01-28T02:45:48.055+0000] {dagbag.py:538} INFO - Filling up the DagBag from /home/airflow/.local/lib/python3.8/site-packages/airflow/example_dags/example_branch_operator_decorator.py
[2024-01-28T02:45:48.078+0000] {processor.py:840} INFO - DAG(s) 'example_branch_python_operator_decorator' retrieved from /home/airflow/.local/lib/python3.8/site-packages/airflow/example_dags/example_branch_operator_decorator.py
[2024-01-28T02:45:48.106+0000] {logging_mixin.py:188} INFO - [2024-01-28T02:45:48.105+0000] {dag.py:3036} INFO - Sync 1 DAGs
[2024-01-28T02:45:48.129+0000] {logging_mixin.py:188} INFO - [2024-01-28T02:45:48.129+0000] {dag.py:3823} INFO - Setting next_dagrun for example_branch_python_operator_decorator to 2024-01-27 00:00:00+00:00, run_after=2024-01-28 00:00:00+00:00
[2024-01-28T02:45:48.161+0000] {processor.py:183} INFO - Processing /home/airflow/.local/lib/python3.8/site-packages/airflow/example_dags/example_branch_operator_decorator.py took 0.113 seconds
[2024-01-28T02:46:18.518+0000] {processor.py:161} INFO - Started process (PID=3670) to work on /home/airflow/.local/lib/python3.8/site-packages/airflow/example_dags/example_branch_operator_decorator.py
[2024-01-28T02:46:18.519+0000] {processor.py:830} INFO - Processing file /home/airflow/.local/lib/python3.8/site-packages/airflow/example_dags/example_branch_operator_decorator.py for tasks to queue
[2024-01-28T02:46:18.520+0000] {logging_mixin.py:188} INFO - [2024-01-28T02:46:18.520+0000] {dagbag.py:538} INFO - Filling up the DagBag from /home/airflow/.local/lib/python3.8/site-packages/airflow/example_dags/example_branch_operator_decorator.py
[2024-01-28T02:46:18.540+0000] {processor.py:840} INFO - DAG(s) 'example_branch_python_operator_decorator' retrieved from /home/airflow/.local/lib/python3.8/site-packages/airflow/example_dags/example_branch_operator_decorator.py
[2024-01-28T02:46:18.568+0000] {logging_mixin.py:188} INFO - [2024-01-28T02:46:18.567+0000] {dag.py:3036} INFO - Sync 1 DAGs
[2024-01-28T02:46:18.589+0000] {logging_mixin.py:188} INFO - [2024-01-28T02:46:18.589+0000] {dag.py:3823} INFO - Setting next_dagrun for example_branch_python_operator_decorator to 2024-01-27 00:00:00+00:00, run_after=2024-01-28 00:00:00+00:00
[2024-01-28T02:46:18.617+0000] {processor.py:183} INFO - Processing /home/airflow/.local/lib/python3.8/site-packages/airflow/example_dags/example_branch_operator_decorator.py took 0.102 seconds
[2024-01-28T02:46:48.872+0000] {processor.py:161} INFO - Started process (PID=3981) to work on /home/airflow/.local/lib/python3.8/site-packages/airflow/example_dags/example_branch_operator_decorator.py
[2024-01-28T02:46:48.876+0000] {processor.py:830} INFO - Processing file /home/airflow/.local/lib/python3.8/site-packages/airflow/example_dags/example_branch_operator_decorator.py for tasks to queue
[2024-01-28T02:46:48.878+0000] {logging_mixin.py:188} INFO - [2024-01-28T02:46:48.877+0000] {dagbag.py:538} INFO - Filling up the DagBag from /home/airflow/.local/lib/python3.8/site-packages/airflow/example_dags/example_branch_operator_decorator.py
[2024-01-28T02:46:48.912+0000] {processor.py:840} INFO - DAG(s) 'example_branch_python_operator_decorator' retrieved from /home/airflow/.local/lib/python3.8/site-packages/airflow/example_dags/example_branch_operator_decorator.py
[2024-01-28T02:46:48.944+0000] {logging_mixin.py:188} INFO - [2024-01-28T02:46:48.943+0000] {dag.py:3036} INFO - Sync 1 DAGs
[2024-01-28T02:46:48.970+0000] {logging_mixin.py:188} INFO - [2024-01-28T02:46:48.970+0000] {dag.py:3823} INFO - Setting next_dagrun for example_branch_python_operator_decorator to 2024-01-27 00:00:00+00:00, run_after=2024-01-28 00:00:00+00:00
[2024-01-28T02:46:49.000+0000] {processor.py:183} INFO - Processing /home/airflow/.local/lib/python3.8/site-packages/airflow/example_dags/example_branch_operator_decorator.py took 0.131 seconds
[2024-01-28T02:47:21.598+0000] {processor.py:161} INFO - Started process (PID=4284) to work on /home/airflow/.local/lib/python3.8/site-packages/airflow/example_dags/example_branch_operator_decorator.py
[2024-01-28T02:47:21.600+0000] {processor.py:830} INFO - Processing file /home/airflow/.local/lib/python3.8/site-packages/airflow/example_dags/example_branch_operator_decorator.py for tasks to queue
[2024-01-28T02:47:21.602+0000] {logging_mixin.py:188} INFO - [2024-01-28T02:47:21.602+0000] {dagbag.py:538} INFO - Filling up the DagBag from /home/airflow/.local/lib/python3.8/site-packages/airflow/example_dags/example_branch_operator_decorator.py
[2024-01-28T02:47:21.699+0000] {processor.py:840} INFO - DAG(s) 'example_branch_python_operator_decorator' retrieved from /home/airflow/.local/lib/python3.8/site-packages/airflow/example_dags/example_branch_operator_decorator.py
[2024-01-28T02:47:21.800+0000] {logging_mixin.py:188} INFO - [2024-01-28T02:47:21.800+0000] {dag.py:3036} INFO - Sync 1 DAGs
[2024-01-28T02:47:21.896+0000] {logging_mixin.py:188} INFO - [2024-01-28T02:47:21.896+0000] {dag.py:3823} INFO - Setting next_dagrun for example_branch_python_operator_decorator to 2024-01-27 00:00:00+00:00, run_after=2024-01-28 00:00:00+00:00
[2024-01-28T02:47:21.977+0000] {processor.py:183} INFO - Processing /home/airflow/.local/lib/python3.8/site-packages/airflow/example_dags/example_branch_operator_decorator.py took 0.391 seconds
[2024-01-28T02:47:52.344+0000] {processor.py:161} INFO - Started process (PID=4580) to work on /home/airflow/.local/lib/python3.8/site-packages/airflow/example_dags/example_branch_operator_decorator.py
[2024-01-28T02:47:52.345+0000] {processor.py:830} INFO - Processing file /home/airflow/.local/lib/python3.8/site-packages/airflow/example_dags/example_branch_operator_decorator.py for tasks to queue
[2024-01-28T02:47:52.346+0000] {logging_mixin.py:188} INFO - [2024-01-28T02:47:52.346+0000] {dagbag.py:538} INFO - Filling up the DagBag from /home/airflow/.local/lib/python3.8/site-packages/airflow/example_dags/example_branch_operator_decorator.py
[2024-01-28T02:47:52.369+0000] {processor.py:840} INFO - DAG(s) 'example_branch_python_operator_decorator' retrieved from /home/airflow/.local/lib/python3.8/site-packages/airflow/example_dags/example_branch_operator_decorator.py
[2024-01-28T02:47:52.400+0000] {logging_mixin.py:188} INFO - [2024-01-28T02:47:52.400+0000] {dag.py:3036} INFO - Sync 1 DAGs
[2024-01-28T02:47:52.425+0000] {logging_mixin.py:188} INFO - [2024-01-28T02:47:52.425+0000] {dag.py:3823} INFO - Setting next_dagrun for example_branch_python_operator_decorator to 2024-01-27 00:00:00+00:00, run_after=2024-01-28 00:00:00+00:00
[2024-01-28T02:47:52.454+0000] {processor.py:183} INFO - Processing /home/airflow/.local/lib/python3.8/site-packages/airflow/example_dags/example_branch_operator_decorator.py took 0.114 seconds
[2024-01-28T02:48:22.549+0000] {processor.py:161} INFO - Started process (PID=4890) to work on /home/airflow/.local/lib/python3.8/site-packages/airflow/example_dags/example_branch_operator_decorator.py
[2024-01-28T02:48:22.550+0000] {processor.py:830} INFO - Processing file /home/airflow/.local/lib/python3.8/site-packages/airflow/example_dags/example_branch_operator_decorator.py for tasks to queue
[2024-01-28T02:48:22.551+0000] {logging_mixin.py:188} INFO - [2024-01-28T02:48:22.551+0000] {dagbag.py:538} INFO - Filling up the DagBag from /home/airflow/.local/lib/python3.8/site-packages/airflow/example_dags/example_branch_operator_decorator.py
[2024-01-28T02:48:22.577+0000] {processor.py:840} INFO - DAG(s) 'example_branch_python_operator_decorator' retrieved from /home/airflow/.local/lib/python3.8/site-packages/airflow/example_dags/example_branch_operator_decorator.py
[2024-01-28T02:48:22.605+0000] {logging_mixin.py:188} INFO - [2024-01-28T02:48:22.605+0000] {dag.py:3036} INFO - Sync 1 DAGs
[2024-01-28T02:48:22.627+0000] {logging_mixin.py:188} INFO - [2024-01-28T02:48:22.627+0000] {dag.py:3823} INFO - Setting next_dagrun for example_branch_python_operator_decorator to 2024-01-27 00:00:00+00:00, run_after=2024-01-28 00:00:00+00:00
[2024-01-28T02:48:22.655+0000] {processor.py:183} INFO - Processing /home/airflow/.local/lib/python3.8/site-packages/airflow/example_dags/example_branch_operator_decorator.py took 0.109 seconds
[2024-01-28T02:48:52.963+0000] {processor.py:161} INFO - Started process (PID=5203) to work on /home/airflow/.local/lib/python3.8/site-packages/airflow/example_dags/example_branch_operator_decorator.py
[2024-01-28T02:48:52.964+0000] {processor.py:830} INFO - Processing file /home/airflow/.local/lib/python3.8/site-packages/airflow/example_dags/example_branch_operator_decorator.py for tasks to queue
[2024-01-28T02:48:52.965+0000] {logging_mixin.py:188} INFO - [2024-01-28T02:48:52.965+0000] {dagbag.py:538} INFO - Filling up the DagBag from /home/airflow/.local/lib/python3.8/site-packages/airflow/example_dags/example_branch_operator_decorator.py
[2024-01-28T02:48:52.997+0000] {processor.py:840} INFO - DAG(s) 'example_branch_python_operator_decorator' retrieved from /home/airflow/.local/lib/python3.8/site-packages/airflow/example_dags/example_branch_operator_decorator.py
[2024-01-28T02:48:53.026+0000] {logging_mixin.py:188} INFO - [2024-01-28T02:48:53.026+0000] {dag.py:3036} INFO - Sync 1 DAGs
[2024-01-28T02:48:53.055+0000] {logging_mixin.py:188} INFO - [2024-01-28T02:48:53.054+0000] {dag.py:3823} INFO - Setting next_dagrun for example_branch_python_operator_decorator to 2024-01-27 00:00:00+00:00, run_after=2024-01-28 00:00:00+00:00
[2024-01-28T02:48:53.092+0000] {processor.py:183} INFO - Processing /home/airflow/.local/lib/python3.8/site-packages/airflow/example_dags/example_branch_operator_decorator.py took 0.132 seconds
[2024-01-28T02:49:23.843+0000] {processor.py:161} INFO - Started process (PID=5514) to work on /home/airflow/.local/lib/python3.8/site-packages/airflow/example_dags/example_branch_operator_decorator.py
[2024-01-28T02:49:23.844+0000] {processor.py:830} INFO - Processing file /home/airflow/.local/lib/python3.8/site-packages/airflow/example_dags/example_branch_operator_decorator.py for tasks to queue
[2024-01-28T02:49:23.845+0000] {logging_mixin.py:188} INFO - [2024-01-28T02:49:23.845+0000] {dagbag.py:538} INFO - Filling up the DagBag from /home/airflow/.local/lib/python3.8/site-packages/airflow/example_dags/example_branch_operator_decorator.py
[2024-01-28T02:49:23.864+0000] {processor.py:840} INFO - DAG(s) 'example_branch_python_operator_decorator' retrieved from /home/airflow/.local/lib/python3.8/site-packages/airflow/example_dags/example_branch_operator_decorator.py
[2024-01-28T02:49:23.889+0000] {logging_mixin.py:188} INFO - [2024-01-28T02:49:23.889+0000] {dag.py:3036} INFO - Sync 1 DAGs
[2024-01-28T02:49:23.910+0000] {logging_mixin.py:188} INFO - [2024-01-28T02:49:23.910+0000] {dag.py:3823} INFO - Setting next_dagrun for example_branch_python_operator_decorator to 2024-01-27 00:00:00+00:00, run_after=2024-01-28 00:00:00+00:00
[2024-01-28T02:49:23.936+0000] {processor.py:183} INFO - Processing /home/airflow/.local/lib/python3.8/site-packages/airflow/example_dags/example_branch_operator_decorator.py took 0.096 seconds
[2024-01-28T02:49:53.995+0000] {processor.py:161} INFO - Started process (PID=5798) to work on /home/airflow/.local/lib/python3.8/site-packages/airflow/example_dags/example_branch_operator_decorator.py
[2024-01-28T02:49:53.996+0000] {processor.py:830} INFO - Processing file /home/airflow/.local/lib/python3.8/site-packages/airflow/example_dags/example_branch_operator_decorator.py for tasks to queue
[2024-01-28T02:49:53.998+0000] {logging_mixin.py:188} INFO - [2024-01-28T02:49:53.997+0000] {dagbag.py:538} INFO - Filling up the DagBag from /home/airflow/.local/lib/python3.8/site-packages/airflow/example_dags/example_branch_operator_decorator.py
[2024-01-28T02:49:54.024+0000] {processor.py:840} INFO - DAG(s) 'example_branch_python_operator_decorator' retrieved from /home/airflow/.local/lib/python3.8/site-packages/airflow/example_dags/example_branch_operator_decorator.py
[2024-01-28T02:49:54.073+0000] {logging_mixin.py:188} INFO - [2024-01-28T02:49:54.072+0000] {dag.py:3036} INFO - Sync 1 DAGs
[2024-01-28T02:49:54.118+0000] {logging_mixin.py:188} INFO - [2024-01-28T02:49:54.117+0000] {dag.py:3823} INFO - Setting next_dagrun for example_branch_python_operator_decorator to 2024-01-27 00:00:00+00:00, run_after=2024-01-28 00:00:00+00:00
[2024-01-28T02:49:54.148+0000] {processor.py:183} INFO - Processing /home/airflow/.local/lib/python3.8/site-packages/airflow/example_dags/example_branch_operator_decorator.py took 0.157 seconds
[2024-01-28T02:50:25.113+0000] {processor.py:161} INFO - Started process (PID=6100) to work on /home/airflow/.local/lib/python3.8/site-packages/airflow/example_dags/example_branch_operator_decorator.py
[2024-01-28T02:50:25.115+0000] {processor.py:830} INFO - Processing file /home/airflow/.local/lib/python3.8/site-packages/airflow/example_dags/example_branch_operator_decorator.py for tasks to queue
[2024-01-28T02:50:25.116+0000] {logging_mixin.py:188} INFO - [2024-01-28T02:50:25.115+0000] {dagbag.py:538} INFO - Filling up the DagBag from /home/airflow/.local/lib/python3.8/site-packages/airflow/example_dags/example_branch_operator_decorator.py
[2024-01-28T02:50:25.142+0000] {processor.py:840} INFO - DAG(s) 'example_branch_python_operator_decorator' retrieved from /home/airflow/.local/lib/python3.8/site-packages/airflow/example_dags/example_branch_operator_decorator.py
[2024-01-28T02:50:25.171+0000] {logging_mixin.py:188} INFO - [2024-01-28T02:50:25.171+0000] {dag.py:3036} INFO - Sync 1 DAGs
[2024-01-28T02:50:25.374+0000] {logging_mixin.py:188} INFO - [2024-01-28T02:50:25.374+0000] {dag.py:3823} INFO - Setting next_dagrun for example_branch_python_operator_decorator to 2024-01-27 00:00:00+00:00, run_after=2024-01-28 00:00:00+00:00
[2024-01-28T02:50:25.437+0000] {processor.py:183} INFO - Processing /home/airflow/.local/lib/python3.8/site-packages/airflow/example_dags/example_branch_operator_decorator.py took 0.327 seconds
[2024-01-28T02:50:55.515+0000] {processor.py:161} INFO - Started process (PID=6403) to work on /home/airflow/.local/lib/python3.8/site-packages/airflow/example_dags/example_branch_operator_decorator.py
[2024-01-28T02:50:55.517+0000] {processor.py:830} INFO - Processing file /home/airflow/.local/lib/python3.8/site-packages/airflow/example_dags/example_branch_operator_decorator.py for tasks to queue
[2024-01-28T02:50:55.518+0000] {logging_mixin.py:188} INFO - [2024-01-28T02:50:55.517+0000] {dagbag.py:538} INFO - Filling up the DagBag from /home/airflow/.local/lib/python3.8/site-packages/airflow/example_dags/example_branch_operator_decorator.py
[2024-01-28T02:50:55.539+0000] {processor.py:840} INFO - DAG(s) 'example_branch_python_operator_decorator' retrieved from /home/airflow/.local/lib/python3.8/site-packages/airflow/example_dags/example_branch_operator_decorator.py
[2024-01-28T02:50:55.569+0000] {logging_mixin.py:188} INFO - [2024-01-28T02:50:55.569+0000] {dag.py:3036} INFO - Sync 1 DAGs
[2024-01-28T02:50:55.736+0000] {logging_mixin.py:188} INFO - [2024-01-28T02:50:55.736+0000] {dag.py:3823} INFO - Setting next_dagrun for example_branch_python_operator_decorator to 2024-01-27 00:00:00+00:00, run_after=2024-01-28 00:00:00+00:00
[2024-01-28T02:50:55.765+0000] {processor.py:183} INFO - Processing /home/airflow/.local/lib/python3.8/site-packages/airflow/example_dags/example_branch_operator_decorator.py took 0.253 seconds
[2024-01-28T02:51:26.308+0000] {processor.py:161} INFO - Started process (PID=6717) to work on /home/airflow/.local/lib/python3.8/site-packages/airflow/example_dags/example_branch_operator_decorator.py
[2024-01-28T02:51:26.309+0000] {processor.py:830} INFO - Processing file /home/airflow/.local/lib/python3.8/site-packages/airflow/example_dags/example_branch_operator_decorator.py for tasks to queue
[2024-01-28T02:51:26.310+0000] {logging_mixin.py:188} INFO - [2024-01-28T02:51:26.309+0000] {dagbag.py:538} INFO - Filling up the DagBag from /home/airflow/.local/lib/python3.8/site-packages/airflow/example_dags/example_branch_operator_decorator.py
[2024-01-28T02:51:26.329+0000] {processor.py:840} INFO - DAG(s) 'example_branch_python_operator_decorator' retrieved from /home/airflow/.local/lib/python3.8/site-packages/airflow/example_dags/example_branch_operator_decorator.py
[2024-01-28T02:51:26.356+0000] {logging_mixin.py:188} INFO - [2024-01-28T02:51:26.355+0000] {dag.py:3036} INFO - Sync 1 DAGs
[2024-01-28T02:51:26.375+0000] {logging_mixin.py:188} INFO - [2024-01-28T02:51:26.375+0000] {dag.py:3823} INFO - Setting next_dagrun for example_branch_python_operator_decorator to 2024-01-27 00:00:00+00:00, run_after=2024-01-28 00:00:00+00:00
[2024-01-28T02:51:26.396+0000] {processor.py:183} INFO - Processing /home/airflow/.local/lib/python3.8/site-packages/airflow/example_dags/example_branch_operator_decorator.py took 0.091 seconds
[2024-01-28T02:51:56.703+0000] {processor.py:161} INFO - Started process (PID=7028) to work on /home/airflow/.local/lib/python3.8/site-packages/airflow/example_dags/example_branch_operator_decorator.py
[2024-01-28T02:51:56.704+0000] {processor.py:830} INFO - Processing file /home/airflow/.local/lib/python3.8/site-packages/airflow/example_dags/example_branch_operator_decorator.py for tasks to queue
[2024-01-28T02:51:56.705+0000] {logging_mixin.py:188} INFO - [2024-01-28T02:51:56.705+0000] {dagbag.py:538} INFO - Filling up the DagBag from /home/airflow/.local/lib/python3.8/site-packages/airflow/example_dags/example_branch_operator_decorator.py
[2024-01-28T02:51:56.723+0000] {processor.py:840} INFO - DAG(s) 'example_branch_python_operator_decorator' retrieved from /home/airflow/.local/lib/python3.8/site-packages/airflow/example_dags/example_branch_operator_decorator.py
[2024-01-28T02:51:56.750+0000] {logging_mixin.py:188} INFO - [2024-01-28T02:51:56.750+0000] {dag.py:3036} INFO - Sync 1 DAGs
[2024-01-28T02:51:56.770+0000] {logging_mixin.py:188} INFO - [2024-01-28T02:51:56.769+0000] {dag.py:3823} INFO - Setting next_dagrun for example_branch_python_operator_decorator to 2024-01-27 00:00:00+00:00, run_after=2024-01-28 00:00:00+00:00
[2024-01-28T02:51:56.793+0000] {processor.py:183} INFO - Processing /home/airflow/.local/lib/python3.8/site-packages/airflow/example_dags/example_branch_operator_decorator.py took 0.093 seconds
[2024-01-28T02:52:28.882+0000] {processor.py:161} INFO - Started process (PID=7339) to work on /home/airflow/.local/lib/python3.8/site-packages/airflow/example_dags/example_branch_operator_decorator.py
[2024-01-28T02:52:28.889+0000] {processor.py:830} INFO - Processing file /home/airflow/.local/lib/python3.8/site-packages/airflow/example_dags/example_branch_operator_decorator.py for tasks to queue
[2024-01-28T02:52:28.897+0000] {logging_mixin.py:188} INFO - [2024-01-28T02:52:28.897+0000] {dagbag.py:538} INFO - Filling up the DagBag from /home/airflow/.local/lib/python3.8/site-packages/airflow/example_dags/example_branch_operator_decorator.py
[2024-01-28T02:52:28.954+0000] {processor.py:840} INFO - DAG(s) 'example_branch_python_operator_decorator' retrieved from /home/airflow/.local/lib/python3.8/site-packages/airflow/example_dags/example_branch_operator_decorator.py
[2024-01-28T02:52:29.013+0000] {logging_mixin.py:188} INFO - [2024-01-28T02:52:29.012+0000] {dag.py:3036} INFO - Sync 1 DAGs
[2024-01-28T02:52:29.067+0000] {logging_mixin.py:188} INFO - [2024-01-28T02:52:29.066+0000] {dag.py:3823} INFO - Setting next_dagrun for example_branch_python_operator_decorator to 2024-01-27 00:00:00+00:00, run_after=2024-01-28 00:00:00+00:00
[2024-01-28T02:52:29.117+0000] {processor.py:183} INFO - Processing /home/airflow/.local/lib/python3.8/site-packages/airflow/example_dags/example_branch_operator_decorator.py took 0.239 seconds
[2024-01-28T02:52:59.957+0000] {processor.py:161} INFO - Started process (PID=7650) to work on /home/airflow/.local/lib/python3.8/site-packages/airflow/example_dags/example_branch_operator_decorator.py
[2024-01-28T02:52:59.960+0000] {processor.py:830} INFO - Processing file /home/airflow/.local/lib/python3.8/site-packages/airflow/example_dags/example_branch_operator_decorator.py for tasks to queue
[2024-01-28T02:52:59.961+0000] {logging_mixin.py:188} INFO - [2024-01-28T02:52:59.961+0000] {dagbag.py:538} INFO - Filling up the DagBag from /home/airflow/.local/lib/python3.8/site-packages/airflow/example_dags/example_branch_operator_decorator.py
[2024-01-28T02:52:59.983+0000] {processor.py:840} INFO - DAG(s) 'example_branch_python_operator_decorator' retrieved from /home/airflow/.local/lib/python3.8/site-packages/airflow/example_dags/example_branch_operator_decorator.py
[2024-01-28T02:53:00.024+0000] {logging_mixin.py:188} INFO - [2024-01-28T02:53:00.023+0000] {dag.py:3036} INFO - Sync 1 DAGs
[2024-01-28T02:53:00.051+0000] {logging_mixin.py:188} INFO - [2024-01-28T02:53:00.050+0000] {dag.py:3823} INFO - Setting next_dagrun for example_branch_python_operator_decorator to 2024-01-27 00:00:00+00:00, run_after=2024-01-28 00:00:00+00:00
[2024-01-28T02:53:00.078+0000] {processor.py:183} INFO - Processing /home/airflow/.local/lib/python3.8/site-packages/airflow/example_dags/example_branch_operator_decorator.py took 0.124 seconds
[2024-01-28T02:53:30.363+0000] {processor.py:161} INFO - Started process (PID=7961) to work on /home/airflow/.local/lib/python3.8/site-packages/airflow/example_dags/example_branch_operator_decorator.py
[2024-01-28T02:53:30.364+0000] {processor.py:830} INFO - Processing file /home/airflow/.local/lib/python3.8/site-packages/airflow/example_dags/example_branch_operator_decorator.py for tasks to queue
[2024-01-28T02:53:30.365+0000] {logging_mixin.py:188} INFO - [2024-01-28T02:53:30.365+0000] {dagbag.py:538} INFO - Filling up the DagBag from /home/airflow/.local/lib/python3.8/site-packages/airflow/example_dags/example_branch_operator_decorator.py
[2024-01-28T02:53:30.388+0000] {processor.py:840} INFO - DAG(s) 'example_branch_python_operator_decorator' retrieved from /home/airflow/.local/lib/python3.8/site-packages/airflow/example_dags/example_branch_operator_decorator.py
[2024-01-28T02:53:30.419+0000] {logging_mixin.py:188} INFO - [2024-01-28T02:53:30.418+0000] {dag.py:3036} INFO - Sync 1 DAGs
[2024-01-28T02:53:30.442+0000] {logging_mixin.py:188} INFO - [2024-01-28T02:53:30.441+0000] {dag.py:3823} INFO - Setting next_dagrun for example_branch_python_operator_decorator to 2024-01-27 00:00:00+00:00, run_after=2024-01-28 00:00:00+00:00
[2024-01-28T02:53:30.465+0000] {processor.py:183} INFO - Processing /home/airflow/.local/lib/python3.8/site-packages/airflow/example_dags/example_branch_operator_decorator.py took 0.106 seconds
[2024-01-28T02:54:00.537+0000] {processor.py:161} INFO - Started process (PID=8272) to work on /home/airflow/.local/lib/python3.8/site-packages/airflow/example_dags/example_branch_operator_decorator.py
[2024-01-28T02:54:00.538+0000] {processor.py:830} INFO - Processing file /home/airflow/.local/lib/python3.8/site-packages/airflow/example_dags/example_branch_operator_decorator.py for tasks to queue
[2024-01-28T02:54:00.540+0000] {logging_mixin.py:188} INFO - [2024-01-28T02:54:00.539+0000] {dagbag.py:538} INFO - Filling up the DagBag from /home/airflow/.local/lib/python3.8/site-packages/airflow/example_dags/example_branch_operator_decorator.py
[2024-01-28T02:54:00.565+0000] {processor.py:840} INFO - DAG(s) 'example_branch_python_operator_decorator' retrieved from /home/airflow/.local/lib/python3.8/site-packages/airflow/example_dags/example_branch_operator_decorator.py
[2024-01-28T02:54:00.596+0000] {logging_mixin.py:188} INFO - [2024-01-28T02:54:00.596+0000] {dag.py:3036} INFO - Sync 1 DAGs
[2024-01-28T02:54:00.625+0000] {logging_mixin.py:188} INFO - [2024-01-28T02:54:00.625+0000] {dag.py:3823} INFO - Setting next_dagrun for example_branch_python_operator_decorator to 2024-01-27 00:00:00+00:00, run_after=2024-01-28 00:00:00+00:00
[2024-01-28T02:54:00.656+0000] {processor.py:183} INFO - Processing /home/airflow/.local/lib/python3.8/site-packages/airflow/example_dags/example_branch_operator_decorator.py took 0.123 seconds
[2024-01-28T02:54:30.857+0000] {processor.py:161} INFO - Started process (PID=8574) to work on /home/airflow/.local/lib/python3.8/site-packages/airflow/example_dags/example_branch_operator_decorator.py
[2024-01-28T02:54:30.858+0000] {processor.py:830} INFO - Processing file /home/airflow/.local/lib/python3.8/site-packages/airflow/example_dags/example_branch_operator_decorator.py for tasks to queue
[2024-01-28T02:54:30.859+0000] {logging_mixin.py:188} INFO - [2024-01-28T02:54:30.859+0000] {dagbag.py:538} INFO - Filling up the DagBag from /home/airflow/.local/lib/python3.8/site-packages/airflow/example_dags/example_branch_operator_decorator.py
[2024-01-28T02:54:30.882+0000] {processor.py:840} INFO - DAG(s) 'example_branch_python_operator_decorator' retrieved from /home/airflow/.local/lib/python3.8/site-packages/airflow/example_dags/example_branch_operator_decorator.py
[2024-01-28T02:54:30.913+0000] {logging_mixin.py:188} INFO - [2024-01-28T02:54:30.913+0000] {dag.py:3036} INFO - Sync 1 DAGs
[2024-01-28T02:54:30.935+0000] {logging_mixin.py:188} INFO - [2024-01-28T02:54:30.935+0000] {dag.py:3823} INFO - Setting next_dagrun for example_branch_python_operator_decorator to 2024-01-27 00:00:00+00:00, run_after=2024-01-28 00:00:00+00:00
[2024-01-28T02:54:30.959+0000] {processor.py:183} INFO - Processing /home/airflow/.local/lib/python3.8/site-packages/airflow/example_dags/example_branch_operator_decorator.py took 0.105 seconds
[2024-01-28T02:55:01.211+0000] {processor.py:161} INFO - Started process (PID=8882) to work on /home/airflow/.local/lib/python3.8/site-packages/airflow/example_dags/example_branch_operator_decorator.py
[2024-01-28T02:55:01.212+0000] {processor.py:830} INFO - Processing file /home/airflow/.local/lib/python3.8/site-packages/airflow/example_dags/example_branch_operator_decorator.py for tasks to queue
[2024-01-28T02:55:01.213+0000] {logging_mixin.py:188} INFO - [2024-01-28T02:55:01.212+0000] {dagbag.py:538} INFO - Filling up the DagBag from /home/airflow/.local/lib/python3.8/site-packages/airflow/example_dags/example_branch_operator_decorator.py
[2024-01-28T02:55:01.236+0000] {processor.py:840} INFO - DAG(s) 'example_branch_python_operator_decorator' retrieved from /home/airflow/.local/lib/python3.8/site-packages/airflow/example_dags/example_branch_operator_decorator.py
[2024-01-28T02:55:01.264+0000] {logging_mixin.py:188} INFO - [2024-01-28T02:55:01.263+0000] {dag.py:3036} INFO - Sync 1 DAGs
[2024-01-28T02:55:01.290+0000] {logging_mixin.py:188} INFO - [2024-01-28T02:55:01.290+0000] {dag.py:3823} INFO - Setting next_dagrun for example_branch_python_operator_decorator to 2024-01-27 00:00:00+00:00, run_after=2024-01-28 00:00:00+00:00
[2024-01-28T02:55:01.319+0000] {processor.py:183} INFO - Processing /home/airflow/.local/lib/python3.8/site-packages/airflow/example_dags/example_branch_operator_decorator.py took 0.112 seconds
[2024-01-28T02:55:34.731+0000] {processor.py:161} INFO - Started process (PID=9067) to work on /home/airflow/.local/lib/python3.8/site-packages/airflow/example_dags/example_branch_operator_decorator.py
[2024-01-28T02:55:34.734+0000] {processor.py:830} INFO - Processing file /home/airflow/.local/lib/python3.8/site-packages/airflow/example_dags/example_branch_operator_decorator.py for tasks to queue
[2024-01-28T02:55:34.735+0000] {logging_mixin.py:188} INFO - [2024-01-28T02:55:34.735+0000] {dagbag.py:538} INFO - Filling up the DagBag from /home/airflow/.local/lib/python3.8/site-packages/airflow/example_dags/example_branch_operator_decorator.py
[2024-01-28T02:55:34.775+0000] {processor.py:840} INFO - DAG(s) 'example_branch_python_operator_decorator' retrieved from /home/airflow/.local/lib/python3.8/site-packages/airflow/example_dags/example_branch_operator_decorator.py
[2024-01-28T02:55:34.828+0000] {logging_mixin.py:188} INFO - [2024-01-28T02:55:34.828+0000] {dag.py:3036} INFO - Sync 1 DAGs
[2024-01-28T02:55:34.861+0000] {logging_mixin.py:188} INFO - [2024-01-28T02:55:34.860+0000] {dag.py:3823} INFO - Setting next_dagrun for example_branch_python_operator_decorator to 2024-01-27 00:00:00+00:00, run_after=2024-01-28 00:00:00+00:00
[2024-01-28T02:55:34.884+0000] {processor.py:183} INFO - Processing /home/airflow/.local/lib/python3.8/site-packages/airflow/example_dags/example_branch_operator_decorator.py took 0.163 seconds
[2024-01-28T02:56:05.420+0000] {processor.py:161} INFO - Started process (PID=9377) to work on /home/airflow/.local/lib/python3.8/site-packages/airflow/example_dags/example_branch_operator_decorator.py
[2024-01-28T02:56:05.421+0000] {processor.py:830} INFO - Processing file /home/airflow/.local/lib/python3.8/site-packages/airflow/example_dags/example_branch_operator_decorator.py for tasks to queue
[2024-01-28T02:56:05.422+0000] {logging_mixin.py:188} INFO - [2024-01-28T02:56:05.422+0000] {dagbag.py:538} INFO - Filling up the DagBag from /home/airflow/.local/lib/python3.8/site-packages/airflow/example_dags/example_branch_operator_decorator.py
[2024-01-28T02:56:05.449+0000] {processor.py:840} INFO - DAG(s) 'example_branch_python_operator_decorator' retrieved from /home/airflow/.local/lib/python3.8/site-packages/airflow/example_dags/example_branch_operator_decorator.py
[2024-01-28T02:56:05.478+0000] {logging_mixin.py:188} INFO - [2024-01-28T02:56:05.478+0000] {dag.py:3036} INFO - Sync 1 DAGs
[2024-01-28T02:56:05.506+0000] {logging_mixin.py:188} INFO - [2024-01-28T02:56:05.505+0000] {dag.py:3823} INFO - Setting next_dagrun for example_branch_python_operator_decorator to 2024-01-27 00:00:00+00:00, run_after=2024-01-28 00:00:00+00:00
[2024-01-28T02:56:05.534+0000] {processor.py:183} INFO - Processing /home/airflow/.local/lib/python3.8/site-packages/airflow/example_dags/example_branch_operator_decorator.py took 0.118 seconds
[2024-01-28T02:56:36.510+0000] {processor.py:161} INFO - Started process (PID=9683) to work on /home/airflow/.local/lib/python3.8/site-packages/airflow/example_dags/example_branch_operator_decorator.py
[2024-01-28T02:56:36.511+0000] {processor.py:830} INFO - Processing file /home/airflow/.local/lib/python3.8/site-packages/airflow/example_dags/example_branch_operator_decorator.py for tasks to queue
[2024-01-28T02:56:36.512+0000] {logging_mixin.py:188} INFO - [2024-01-28T02:56:36.512+0000] {dagbag.py:538} INFO - Filling up the DagBag from /home/airflow/.local/lib/python3.8/site-packages/airflow/example_dags/example_branch_operator_decorator.py
[2024-01-28T02:56:36.536+0000] {processor.py:840} INFO - DAG(s) 'example_branch_python_operator_decorator' retrieved from /home/airflow/.local/lib/python3.8/site-packages/airflow/example_dags/example_branch_operator_decorator.py
[2024-01-28T02:56:36.564+0000] {logging_mixin.py:188} INFO - [2024-01-28T02:56:36.564+0000] {dag.py:3036} INFO - Sync 1 DAGs
[2024-01-28T02:56:36.584+0000] {logging_mixin.py:188} INFO - [2024-01-28T02:56:36.584+0000] {dag.py:3823} INFO - Setting next_dagrun for example_branch_python_operator_decorator to 2024-01-27 00:00:00+00:00, run_after=2024-01-28 00:00:00+00:00
[2024-01-28T02:56:36.608+0000] {processor.py:183} INFO - Processing /home/airflow/.local/lib/python3.8/site-packages/airflow/example_dags/example_branch_operator_decorator.py took 0.101 seconds
[2024-01-28T02:57:07.571+0000] {processor.py:161} INFO - Started process (PID=9992) to work on /home/airflow/.local/lib/python3.8/site-packages/airflow/example_dags/example_branch_operator_decorator.py
[2024-01-28T02:57:07.573+0000] {processor.py:830} INFO - Processing file /home/airflow/.local/lib/python3.8/site-packages/airflow/example_dags/example_branch_operator_decorator.py for tasks to queue
[2024-01-28T02:57:07.574+0000] {logging_mixin.py:188} INFO - [2024-01-28T02:57:07.573+0000] {dagbag.py:538} INFO - Filling up the DagBag from /home/airflow/.local/lib/python3.8/site-packages/airflow/example_dags/example_branch_operator_decorator.py
[2024-01-28T02:57:07.595+0000] {processor.py:840} INFO - DAG(s) 'example_branch_python_operator_decorator' retrieved from /home/airflow/.local/lib/python3.8/site-packages/airflow/example_dags/example_branch_operator_decorator.py
[2024-01-28T02:57:07.625+0000] {logging_mixin.py:188} INFO - [2024-01-28T02:57:07.625+0000] {dag.py:3036} INFO - Sync 1 DAGs
[2024-01-28T02:57:07.648+0000] {logging_mixin.py:188} INFO - [2024-01-28T02:57:07.648+0000] {dag.py:3823} INFO - Setting next_dagrun for example_branch_python_operator_decorator to 2024-01-27 00:00:00+00:00, run_after=2024-01-28 00:00:00+00:00
[2024-01-28T02:57:07.670+0000] {processor.py:183} INFO - Processing /home/airflow/.local/lib/python3.8/site-packages/airflow/example_dags/example_branch_operator_decorator.py took 0.102 seconds
[2024-01-28T02:57:37.978+0000] {processor.py:161} INFO - Started process (PID=10300) to work on /home/airflow/.local/lib/python3.8/site-packages/airflow/example_dags/example_branch_operator_decorator.py
[2024-01-28T02:57:37.980+0000] {processor.py:830} INFO - Processing file /home/airflow/.local/lib/python3.8/site-packages/airflow/example_dags/example_branch_operator_decorator.py for tasks to queue
[2024-01-28T02:57:37.981+0000] {logging_mixin.py:188} INFO - [2024-01-28T02:57:37.981+0000] {dagbag.py:538} INFO - Filling up the DagBag from /home/airflow/.local/lib/python3.8/site-packages/airflow/example_dags/example_branch_operator_decorator.py
[2024-01-28T02:57:38.004+0000] {processor.py:840} INFO - DAG(s) 'example_branch_python_operator_decorator' retrieved from /home/airflow/.local/lib/python3.8/site-packages/airflow/example_dags/example_branch_operator_decorator.py
[2024-01-28T02:57:38.034+0000] {logging_mixin.py:188} INFO - [2024-01-28T02:57:38.034+0000] {dag.py:3036} INFO - Sync 1 DAGs
[2024-01-28T02:57:38.058+0000] {logging_mixin.py:188} INFO - [2024-01-28T02:57:38.057+0000] {dag.py:3823} INFO - Setting next_dagrun for example_branch_python_operator_decorator to 2024-01-27 00:00:00+00:00, run_after=2024-01-28 00:00:00+00:00
[2024-01-28T02:57:38.087+0000] {processor.py:183} INFO - Processing /home/airflow/.local/lib/python3.8/site-packages/airflow/example_dags/example_branch_operator_decorator.py took 0.113 seconds
[2024-01-28T02:58:08.745+0000] {processor.py:161} INFO - Started process (PID=10611) to work on /home/airflow/.local/lib/python3.8/site-packages/airflow/example_dags/example_branch_operator_decorator.py
[2024-01-28T02:58:08.747+0000] {processor.py:830} INFO - Processing file /home/airflow/.local/lib/python3.8/site-packages/airflow/example_dags/example_branch_operator_decorator.py for tasks to queue
[2024-01-28T02:58:08.748+0000] {logging_mixin.py:188} INFO - [2024-01-28T02:58:08.748+0000] {dagbag.py:538} INFO - Filling up the DagBag from /home/airflow/.local/lib/python3.8/site-packages/airflow/example_dags/example_branch_operator_decorator.py
[2024-01-28T02:58:08.778+0000] {processor.py:840} INFO - DAG(s) 'example_branch_python_operator_decorator' retrieved from /home/airflow/.local/lib/python3.8/site-packages/airflow/example_dags/example_branch_operator_decorator.py
[2024-01-28T02:58:08.824+0000] {logging_mixin.py:188} INFO - [2024-01-28T02:58:08.823+0000] {dag.py:3036} INFO - Sync 1 DAGs
[2024-01-28T02:58:08.867+0000] {logging_mixin.py:188} INFO - [2024-01-28T02:58:08.867+0000] {dag.py:3823} INFO - Setting next_dagrun for example_branch_python_operator_decorator to 2024-01-27 00:00:00+00:00, run_after=2024-01-28 00:00:00+00:00
[2024-01-28T02:58:08.910+0000] {processor.py:183} INFO - Processing /home/airflow/.local/lib/python3.8/site-packages/airflow/example_dags/example_branch_operator_decorator.py took 0.169 seconds
