[2024-01-28T02:40:36.813+0000] {processor.py:161} INFO - Started process (PID=244) to work on /home/airflow/.local/lib/python3.8/site-packages/airflow/example_dags/example_short_circuit_operator.py
[2024-01-28T02:40:36.815+0000] {processor.py:830} INFO - Processing file /home/airflow/.local/lib/python3.8/site-packages/airflow/example_dags/example_short_circuit_operator.py for tasks to queue
[2024-01-28T02:40:36.817+0000] {logging_mixin.py:188} INFO - [2024-01-28T02:40:36.816+0000] {dagbag.py:538} INFO - Filling up the DagBag from /home/airflow/.local/lib/python3.8/site-packages/airflow/example_dags/example_short_circuit_operator.py
[2024-01-28T02:40:36.842+0000] {processor.py:840} INFO - DAG(s) 'example_short_circuit_operator' retrieved from /home/airflow/.local/lib/python3.8/site-packages/airflow/example_dags/example_short_circuit_operator.py
[2024-01-28T02:40:36.986+0000] {logging_mixin.py:188} INFO - [2024-01-28T02:40:36.985+0000] {dag.py:3036} INFO - Sync 1 DAGs
[2024-01-28T02:40:37.017+0000] {logging_mixin.py:188} INFO - [2024-01-28T02:40:37.016+0000] {dag.py:3823} INFO - Setting next_dagrun for example_short_circuit_operator to 2024-01-27 00:00:00+00:00, run_after=2024-01-28 00:00:00+00:00
[2024-01-28T02:40:37.080+0000] {processor.py:183} INFO - Processing /home/airflow/.local/lib/python3.8/site-packages/airflow/example_dags/example_short_circuit_operator.py took 0.271 seconds
[2024-01-28T02:41:09.599+0000] {processor.py:161} INFO - Started process (PID=555) to work on /home/airflow/.local/lib/python3.8/site-packages/airflow/example_dags/example_short_circuit_operator.py
[2024-01-28T02:41:09.602+0000] {processor.py:830} INFO - Processing file /home/airflow/.local/lib/python3.8/site-packages/airflow/example_dags/example_short_circuit_operator.py for tasks to queue
[2024-01-28T02:41:09.604+0000] {logging_mixin.py:188} INFO - [2024-01-28T02:41:09.603+0000] {dagbag.py:538} INFO - Filling up the DagBag from /home/airflow/.local/lib/python3.8/site-packages/airflow/example_dags/example_short_circuit_operator.py
[2024-01-28T02:41:09.651+0000] {processor.py:840} INFO - DAG(s) 'example_short_circuit_operator' retrieved from /home/airflow/.local/lib/python3.8/site-packages/airflow/example_dags/example_short_circuit_operator.py
[2024-01-28T02:41:09.816+0000] {logging_mixin.py:188} INFO - [2024-01-28T02:41:09.811+0000] {dag.py:3036} INFO - Sync 1 DAGs
[2024-01-28T02:41:09.905+0000] {logging_mixin.py:188} INFO - [2024-01-28T02:41:09.905+0000] {dag.py:3823} INFO - Setting next_dagrun for example_short_circuit_operator to 2024-01-27 00:00:00+00:00, run_after=2024-01-28 00:00:00+00:00
[2024-01-28T02:41:10.012+0000] {processor.py:183} INFO - Processing /home/airflow/.local/lib/python3.8/site-packages/airflow/example_dags/example_short_circuit_operator.py took 0.430 seconds
[2024-01-28T02:41:40.141+0000] {processor.py:161} INFO - Started process (PID=860) to work on /home/airflow/.local/lib/python3.8/site-packages/airflow/example_dags/example_short_circuit_operator.py
[2024-01-28T02:41:40.143+0000] {processor.py:830} INFO - Processing file /home/airflow/.local/lib/python3.8/site-packages/airflow/example_dags/example_short_circuit_operator.py for tasks to queue
[2024-01-28T02:41:40.143+0000] {logging_mixin.py:188} INFO - [2024-01-28T02:41:40.143+0000] {dagbag.py:538} INFO - Filling up the DagBag from /home/airflow/.local/lib/python3.8/site-packages/airflow/example_dags/example_short_circuit_operator.py
[2024-01-28T02:41:40.152+0000] {processor.py:840} INFO - DAG(s) 'example_short_circuit_operator' retrieved from /home/airflow/.local/lib/python3.8/site-packages/airflow/example_dags/example_short_circuit_operator.py
[2024-01-28T02:41:40.174+0000] {logging_mixin.py:188} INFO - [2024-01-28T02:41:40.174+0000] {dag.py:3036} INFO - Sync 1 DAGs
[2024-01-28T02:41:40.193+0000] {logging_mixin.py:188} INFO - [2024-01-28T02:41:40.193+0000] {dag.py:3823} INFO - Setting next_dagrun for example_short_circuit_operator to 2024-01-27 00:00:00+00:00, run_after=2024-01-28 00:00:00+00:00
[2024-01-28T02:41:40.216+0000] {processor.py:183} INFO - Processing /home/airflow/.local/lib/python3.8/site-packages/airflow/example_dags/example_short_circuit_operator.py took 0.077 seconds
[2024-01-28T02:42:10.784+0000] {processor.py:161} INFO - Started process (PID=1160) to work on /home/airflow/.local/lib/python3.8/site-packages/airflow/example_dags/example_short_circuit_operator.py
[2024-01-28T02:42:10.785+0000] {processor.py:830} INFO - Processing file /home/airflow/.local/lib/python3.8/site-packages/airflow/example_dags/example_short_circuit_operator.py for tasks to queue
[2024-01-28T02:42:10.787+0000] {logging_mixin.py:188} INFO - [2024-01-28T02:42:10.786+0000] {dagbag.py:538} INFO - Filling up the DagBag from /home/airflow/.local/lib/python3.8/site-packages/airflow/example_dags/example_short_circuit_operator.py
[2024-01-28T02:42:10.794+0000] {processor.py:840} INFO - DAG(s) 'example_short_circuit_operator' retrieved from /home/airflow/.local/lib/python3.8/site-packages/airflow/example_dags/example_short_circuit_operator.py
[2024-01-28T02:42:10.822+0000] {logging_mixin.py:188} INFO - [2024-01-28T02:42:10.822+0000] {dag.py:3036} INFO - Sync 1 DAGs
[2024-01-28T02:42:10.844+0000] {logging_mixin.py:188} INFO - [2024-01-28T02:42:10.843+0000] {dag.py:3823} INFO - Setting next_dagrun for example_short_circuit_operator to 2024-01-27 00:00:00+00:00, run_after=2024-01-28 00:00:00+00:00
[2024-01-28T02:42:10.867+0000] {processor.py:183} INFO - Processing /home/airflow/.local/lib/python3.8/site-packages/airflow/example_dags/example_short_circuit_operator.py took 0.087 seconds
[2024-01-28T02:42:41.816+0000] {processor.py:161} INFO - Started process (PID=1472) to work on /home/airflow/.local/lib/python3.8/site-packages/airflow/example_dags/example_short_circuit_operator.py
[2024-01-28T02:42:41.817+0000] {processor.py:830} INFO - Processing file /home/airflow/.local/lib/python3.8/site-packages/airflow/example_dags/example_short_circuit_operator.py for tasks to queue
[2024-01-28T02:42:41.818+0000] {logging_mixin.py:188} INFO - [2024-01-28T02:42:41.818+0000] {dagbag.py:538} INFO - Filling up the DagBag from /home/airflow/.local/lib/python3.8/site-packages/airflow/example_dags/example_short_circuit_operator.py
[2024-01-28T02:42:41.827+0000] {processor.py:840} INFO - DAG(s) 'example_short_circuit_operator' retrieved from /home/airflow/.local/lib/python3.8/site-packages/airflow/example_dags/example_short_circuit_operator.py
[2024-01-28T02:42:41.851+0000] {logging_mixin.py:188} INFO - [2024-01-28T02:42:41.851+0000] {dag.py:3036} INFO - Sync 1 DAGs
[2024-01-28T02:42:41.871+0000] {logging_mixin.py:188} INFO - [2024-01-28T02:42:41.871+0000] {dag.py:3823} INFO - Setting next_dagrun for example_short_circuit_operator to 2024-01-27 00:00:00+00:00, run_after=2024-01-28 00:00:00+00:00
[2024-01-28T02:42:41.903+0000] {processor.py:183} INFO - Processing /home/airflow/.local/lib/python3.8/site-packages/airflow/example_dags/example_short_circuit_operator.py took 0.092 seconds
[2024-01-28T02:43:11.989+0000] {processor.py:161} INFO - Started process (PID=1772) to work on /home/airflow/.local/lib/python3.8/site-packages/airflow/example_dags/example_short_circuit_operator.py
[2024-01-28T02:43:11.993+0000] {processor.py:830} INFO - Processing file /home/airflow/.local/lib/python3.8/site-packages/airflow/example_dags/example_short_circuit_operator.py for tasks to queue
[2024-01-28T02:43:11.996+0000] {logging_mixin.py:188} INFO - [2024-01-28T02:43:11.995+0000] {dagbag.py:538} INFO - Filling up the DagBag from /home/airflow/.local/lib/python3.8/site-packages/airflow/example_dags/example_short_circuit_operator.py
[2024-01-28T02:43:12.010+0000] {processor.py:840} INFO - DAG(s) 'example_short_circuit_operator' retrieved from /home/airflow/.local/lib/python3.8/site-packages/airflow/example_dags/example_short_circuit_operator.py
[2024-01-28T02:43:12.045+0000] {logging_mixin.py:188} INFO - [2024-01-28T02:43:12.044+0000] {dag.py:3036} INFO - Sync 1 DAGs
[2024-01-28T02:43:12.076+0000] {logging_mixin.py:188} INFO - [2024-01-28T02:43:12.076+0000] {dag.py:3823} INFO - Setting next_dagrun for example_short_circuit_operator to 2024-01-27 00:00:00+00:00, run_after=2024-01-28 00:00:00+00:00
[2024-01-28T02:43:12.108+0000] {processor.py:183} INFO - Processing /home/airflow/.local/lib/python3.8/site-packages/airflow/example_dags/example_short_circuit_operator.py took 0.122 seconds
[2024-01-28T02:43:43.041+0000] {processor.py:161} INFO - Started process (PID=2083) to work on /home/airflow/.local/lib/python3.8/site-packages/airflow/example_dags/example_short_circuit_operator.py
[2024-01-28T02:43:43.042+0000] {processor.py:830} INFO - Processing file /home/airflow/.local/lib/python3.8/site-packages/airflow/example_dags/example_short_circuit_operator.py for tasks to queue
[2024-01-28T02:43:43.044+0000] {logging_mixin.py:188} INFO - [2024-01-28T02:43:43.043+0000] {dagbag.py:538} INFO - Filling up the DagBag from /home/airflow/.local/lib/python3.8/site-packages/airflow/example_dags/example_short_circuit_operator.py
[2024-01-28T02:43:43.056+0000] {processor.py:840} INFO - DAG(s) 'example_short_circuit_operator' retrieved from /home/airflow/.local/lib/python3.8/site-packages/airflow/example_dags/example_short_circuit_operator.py
[2024-01-28T02:43:43.084+0000] {logging_mixin.py:188} INFO - [2024-01-28T02:43:43.083+0000] {dag.py:3036} INFO - Sync 1 DAGs
[2024-01-28T02:43:43.104+0000] {logging_mixin.py:188} INFO - [2024-01-28T02:43:43.103+0000] {dag.py:3823} INFO - Setting next_dagrun for example_short_circuit_operator to 2024-01-27 00:00:00+00:00, run_after=2024-01-28 00:00:00+00:00
[2024-01-28T02:43:43.129+0000] {processor.py:183} INFO - Processing /home/airflow/.local/lib/python3.8/site-packages/airflow/example_dags/example_short_circuit_operator.py took 0.093 seconds
[2024-01-28T02:44:13.479+0000] {processor.py:161} INFO - Started process (PID=2396) to work on /home/airflow/.local/lib/python3.8/site-packages/airflow/example_dags/example_short_circuit_operator.py
[2024-01-28T02:44:13.480+0000] {processor.py:830} INFO - Processing file /home/airflow/.local/lib/python3.8/site-packages/airflow/example_dags/example_short_circuit_operator.py for tasks to queue
[2024-01-28T02:44:13.481+0000] {logging_mixin.py:188} INFO - [2024-01-28T02:44:13.481+0000] {dagbag.py:538} INFO - Filling up the DagBag from /home/airflow/.local/lib/python3.8/site-packages/airflow/example_dags/example_short_circuit_operator.py
[2024-01-28T02:44:13.489+0000] {processor.py:840} INFO - DAG(s) 'example_short_circuit_operator' retrieved from /home/airflow/.local/lib/python3.8/site-packages/airflow/example_dags/example_short_circuit_operator.py
[2024-01-28T02:44:13.514+0000] {logging_mixin.py:188} INFO - [2024-01-28T02:44:13.514+0000] {dag.py:3036} INFO - Sync 1 DAGs
[2024-01-28T02:44:13.535+0000] {logging_mixin.py:188} INFO - [2024-01-28T02:44:13.534+0000] {dag.py:3823} INFO - Setting next_dagrun for example_short_circuit_operator to 2024-01-27 00:00:00+00:00, run_after=2024-01-28 00:00:00+00:00
[2024-01-28T02:44:13.558+0000] {processor.py:183} INFO - Processing /home/airflow/.local/lib/python3.8/site-packages/airflow/example_dags/example_short_circuit_operator.py took 0.082 seconds
[2024-01-28T02:44:44.081+0000] {processor.py:161} INFO - Started process (PID=2705) to work on /home/airflow/.local/lib/python3.8/site-packages/airflow/example_dags/example_short_circuit_operator.py
[2024-01-28T02:44:44.083+0000] {processor.py:830} INFO - Processing file /home/airflow/.local/lib/python3.8/site-packages/airflow/example_dags/example_short_circuit_operator.py for tasks to queue
[2024-01-28T02:44:44.084+0000] {logging_mixin.py:188} INFO - [2024-01-28T02:44:44.084+0000] {dagbag.py:538} INFO - Filling up the DagBag from /home/airflow/.local/lib/python3.8/site-packages/airflow/example_dags/example_short_circuit_operator.py
[2024-01-28T02:44:44.094+0000] {processor.py:840} INFO - DAG(s) 'example_short_circuit_operator' retrieved from /home/airflow/.local/lib/python3.8/site-packages/airflow/example_dags/example_short_circuit_operator.py
[2024-01-28T02:44:44.122+0000] {logging_mixin.py:188} INFO - [2024-01-28T02:44:44.122+0000] {dag.py:3036} INFO - Sync 1 DAGs
[2024-01-28T02:44:44.151+0000] {logging_mixin.py:188} INFO - [2024-01-28T02:44:44.151+0000] {dag.py:3823} INFO - Setting next_dagrun for example_short_circuit_operator to 2024-01-27 00:00:00+00:00, run_after=2024-01-28 00:00:00+00:00
[2024-01-28T02:44:44.181+0000] {processor.py:183} INFO - Processing /home/airflow/.local/lib/python3.8/site-packages/airflow/example_dags/example_short_circuit_operator.py took 0.103 seconds
[2024-01-28T02:45:14.329+0000] {processor.py:161} INFO - Started process (PID=3010) to work on /home/airflow/.local/lib/python3.8/site-packages/airflow/example_dags/example_short_circuit_operator.py
[2024-01-28T02:45:14.331+0000] {processor.py:830} INFO - Processing file /home/airflow/.local/lib/python3.8/site-packages/airflow/example_dags/example_short_circuit_operator.py for tasks to queue
[2024-01-28T02:45:14.332+0000] {logging_mixin.py:188} INFO - [2024-01-28T02:45:14.332+0000] {dagbag.py:538} INFO - Filling up the DagBag from /home/airflow/.local/lib/python3.8/site-packages/airflow/example_dags/example_short_circuit_operator.py
[2024-01-28T02:45:14.340+0000] {processor.py:840} INFO - DAG(s) 'example_short_circuit_operator' retrieved from /home/airflow/.local/lib/python3.8/site-packages/airflow/example_dags/example_short_circuit_operator.py
[2024-01-28T02:45:14.365+0000] {logging_mixin.py:188} INFO - [2024-01-28T02:45:14.365+0000] {dag.py:3036} INFO - Sync 1 DAGs
[2024-01-28T02:45:14.389+0000] {logging_mixin.py:188} INFO - [2024-01-28T02:45:14.388+0000] {dag.py:3823} INFO - Setting next_dagrun for example_short_circuit_operator to 2024-01-27 00:00:00+00:00, run_after=2024-01-28 00:00:00+00:00
[2024-01-28T02:45:14.413+0000] {processor.py:183} INFO - Processing /home/airflow/.local/lib/python3.8/site-packages/airflow/example_dags/example_short_circuit_operator.py took 0.087 seconds
[2024-01-28T02:45:44.918+0000] {processor.py:161} INFO - Started process (PID=3291) to work on /home/airflow/.local/lib/python3.8/site-packages/airflow/example_dags/example_short_circuit_operator.py
[2024-01-28T02:45:44.919+0000] {processor.py:830} INFO - Processing file /home/airflow/.local/lib/python3.8/site-packages/airflow/example_dags/example_short_circuit_operator.py for tasks to queue
[2024-01-28T02:45:44.920+0000] {logging_mixin.py:188} INFO - [2024-01-28T02:45:44.920+0000] {dagbag.py:538} INFO - Filling up the DagBag from /home/airflow/.local/lib/python3.8/site-packages/airflow/example_dags/example_short_circuit_operator.py
[2024-01-28T02:45:44.934+0000] {processor.py:840} INFO - DAG(s) 'example_short_circuit_operator' retrieved from /home/airflow/.local/lib/python3.8/site-packages/airflow/example_dags/example_short_circuit_operator.py
[2024-01-28T02:45:44.994+0000] {logging_mixin.py:188} INFO - [2024-01-28T02:45:44.994+0000] {dag.py:3036} INFO - Sync 1 DAGs
[2024-01-28T02:45:45.038+0000] {logging_mixin.py:188} INFO - [2024-01-28T02:45:45.038+0000] {dag.py:3823} INFO - Setting next_dagrun for example_short_circuit_operator to 2024-01-27 00:00:00+00:00, run_after=2024-01-28 00:00:00+00:00
[2024-01-28T02:45:45.480+0000] {processor.py:183} INFO - Processing /home/airflow/.local/lib/python3.8/site-packages/airflow/example_dags/example_short_circuit_operator.py took 0.565 seconds
[2024-01-28T02:46:16.375+0000] {processor.py:161} INFO - Started process (PID=3604) to work on /home/airflow/.local/lib/python3.8/site-packages/airflow/example_dags/example_short_circuit_operator.py
[2024-01-28T02:46:16.376+0000] {processor.py:830} INFO - Processing file /home/airflow/.local/lib/python3.8/site-packages/airflow/example_dags/example_short_circuit_operator.py for tasks to queue
[2024-01-28T02:46:16.378+0000] {logging_mixin.py:188} INFO - [2024-01-28T02:46:16.377+0000] {dagbag.py:538} INFO - Filling up the DagBag from /home/airflow/.local/lib/python3.8/site-packages/airflow/example_dags/example_short_circuit_operator.py
[2024-01-28T02:46:16.385+0000] {processor.py:840} INFO - DAG(s) 'example_short_circuit_operator' retrieved from /home/airflow/.local/lib/python3.8/site-packages/airflow/example_dags/example_short_circuit_operator.py
[2024-01-28T02:46:16.413+0000] {logging_mixin.py:188} INFO - [2024-01-28T02:46:16.412+0000] {dag.py:3036} INFO - Sync 1 DAGs
[2024-01-28T02:46:16.448+0000] {logging_mixin.py:188} INFO - [2024-01-28T02:46:16.448+0000] {dag.py:3823} INFO - Setting next_dagrun for example_short_circuit_operator to 2024-01-27 00:00:00+00:00, run_after=2024-01-28 00:00:00+00:00
[2024-01-28T02:46:16.477+0000] {processor.py:183} INFO - Processing /home/airflow/.local/lib/python3.8/site-packages/airflow/example_dags/example_short_circuit_operator.py took 0.105 seconds
[2024-01-28T02:46:47.215+0000] {processor.py:161} INFO - Started process (PID=3915) to work on /home/airflow/.local/lib/python3.8/site-packages/airflow/example_dags/example_short_circuit_operator.py
[2024-01-28T02:46:47.220+0000] {processor.py:830} INFO - Processing file /home/airflow/.local/lib/python3.8/site-packages/airflow/example_dags/example_short_circuit_operator.py for tasks to queue
[2024-01-28T02:46:47.224+0000] {logging_mixin.py:188} INFO - [2024-01-28T02:46:47.224+0000] {dagbag.py:538} INFO - Filling up the DagBag from /home/airflow/.local/lib/python3.8/site-packages/airflow/example_dags/example_short_circuit_operator.py
[2024-01-28T02:46:47.236+0000] {processor.py:840} INFO - DAG(s) 'example_short_circuit_operator' retrieved from /home/airflow/.local/lib/python3.8/site-packages/airflow/example_dags/example_short_circuit_operator.py
[2024-01-28T02:46:47.270+0000] {logging_mixin.py:188} INFO - [2024-01-28T02:46:47.269+0000] {dag.py:3036} INFO - Sync 1 DAGs
[2024-01-28T02:46:47.296+0000] {logging_mixin.py:188} INFO - [2024-01-28T02:46:47.296+0000] {dag.py:3823} INFO - Setting next_dagrun for example_short_circuit_operator to 2024-01-27 00:00:00+00:00, run_after=2024-01-28 00:00:00+00:00
[2024-01-28T02:46:47.324+0000] {processor.py:183} INFO - Processing /home/airflow/.local/lib/python3.8/site-packages/airflow/example_dags/example_short_circuit_operator.py took 0.112 seconds
[2024-01-28T02:47:19.307+0000] {processor.py:161} INFO - Started process (PID=4219) to work on /home/airflow/.local/lib/python3.8/site-packages/airflow/example_dags/example_short_circuit_operator.py
[2024-01-28T02:47:19.309+0000] {processor.py:830} INFO - Processing file /home/airflow/.local/lib/python3.8/site-packages/airflow/example_dags/example_short_circuit_operator.py for tasks to queue
[2024-01-28T02:47:19.311+0000] {logging_mixin.py:188} INFO - [2024-01-28T02:47:19.310+0000] {dagbag.py:538} INFO - Filling up the DagBag from /home/airflow/.local/lib/python3.8/site-packages/airflow/example_dags/example_short_circuit_operator.py
[2024-01-28T02:47:19.322+0000] {processor.py:840} INFO - DAG(s) 'example_short_circuit_operator' retrieved from /home/airflow/.local/lib/python3.8/site-packages/airflow/example_dags/example_short_circuit_operator.py
[2024-01-28T02:47:19.390+0000] {logging_mixin.py:188} INFO - [2024-01-28T02:47:19.383+0000] {dag.py:3036} INFO - Sync 1 DAGs
[2024-01-28T02:47:19.444+0000] {logging_mixin.py:188} INFO - [2024-01-28T02:47:19.444+0000] {dag.py:3823} INFO - Setting next_dagrun for example_short_circuit_operator to 2024-01-27 00:00:00+00:00, run_after=2024-01-28 00:00:00+00:00
[2024-01-28T02:47:19.484+0000] {processor.py:183} INFO - Processing /home/airflow/.local/lib/python3.8/site-packages/airflow/example_dags/example_short_circuit_operator.py took 0.185 seconds
[2024-01-28T02:47:49.632+0000] {processor.py:161} INFO - Started process (PID=4530) to work on /home/airflow/.local/lib/python3.8/site-packages/airflow/example_dags/example_short_circuit_operator.py
[2024-01-28T02:47:49.634+0000] {processor.py:830} INFO - Processing file /home/airflow/.local/lib/python3.8/site-packages/airflow/example_dags/example_short_circuit_operator.py for tasks to queue
[2024-01-28T02:47:49.635+0000] {logging_mixin.py:188} INFO - [2024-01-28T02:47:49.635+0000] {dagbag.py:538} INFO - Filling up the DagBag from /home/airflow/.local/lib/python3.8/site-packages/airflow/example_dags/example_short_circuit_operator.py
[2024-01-28T02:47:49.652+0000] {processor.py:840} INFO - DAG(s) 'example_short_circuit_operator' retrieved from /home/airflow/.local/lib/python3.8/site-packages/airflow/example_dags/example_short_circuit_operator.py
[2024-01-28T02:47:49.674+0000] {logging_mixin.py:188} INFO - [2024-01-28T02:47:49.674+0000] {dag.py:3036} INFO - Sync 1 DAGs
[2024-01-28T02:47:49.694+0000] {logging_mixin.py:188} INFO - [2024-01-28T02:47:49.693+0000] {dag.py:3823} INFO - Setting next_dagrun for example_short_circuit_operator to 2024-01-27 00:00:00+00:00, run_after=2024-01-28 00:00:00+00:00
[2024-01-28T02:47:49.718+0000] {processor.py:183} INFO - Processing /home/airflow/.local/lib/python3.8/site-packages/airflow/example_dags/example_short_circuit_operator.py took 0.091 seconds
[2024-01-28T02:48:19.972+0000] {processor.py:161} INFO - Started process (PID=4840) to work on /home/airflow/.local/lib/python3.8/site-packages/airflow/example_dags/example_short_circuit_operator.py
[2024-01-28T02:48:19.973+0000] {processor.py:830} INFO - Processing file /home/airflow/.local/lib/python3.8/site-packages/airflow/example_dags/example_short_circuit_operator.py for tasks to queue
[2024-01-28T02:48:19.975+0000] {logging_mixin.py:188} INFO - [2024-01-28T02:48:19.974+0000] {dagbag.py:538} INFO - Filling up the DagBag from /home/airflow/.local/lib/python3.8/site-packages/airflow/example_dags/example_short_circuit_operator.py
[2024-01-28T02:48:19.987+0000] {processor.py:840} INFO - DAG(s) 'example_short_circuit_operator' retrieved from /home/airflow/.local/lib/python3.8/site-packages/airflow/example_dags/example_short_circuit_operator.py
[2024-01-28T02:48:20.013+0000] {logging_mixin.py:188} INFO - [2024-01-28T02:48:20.012+0000] {dag.py:3036} INFO - Sync 1 DAGs
[2024-01-28T02:48:20.039+0000] {logging_mixin.py:188} INFO - [2024-01-28T02:48:20.039+0000] {dag.py:3823} INFO - Setting next_dagrun for example_short_circuit_operator to 2024-01-27 00:00:00+00:00, run_after=2024-01-28 00:00:00+00:00
[2024-01-28T02:48:20.063+0000] {processor.py:183} INFO - Processing /home/airflow/.local/lib/python3.8/site-packages/airflow/example_dags/example_short_circuit_operator.py took 0.094 seconds
[2024-01-28T02:48:51.012+0000] {processor.py:161} INFO - Started process (PID=5151) to work on /home/airflow/.local/lib/python3.8/site-packages/airflow/example_dags/example_short_circuit_operator.py
[2024-01-28T02:48:51.013+0000] {processor.py:830} INFO - Processing file /home/airflow/.local/lib/python3.8/site-packages/airflow/example_dags/example_short_circuit_operator.py for tasks to queue
[2024-01-28T02:48:51.015+0000] {logging_mixin.py:188} INFO - [2024-01-28T02:48:51.014+0000] {dagbag.py:538} INFO - Filling up the DagBag from /home/airflow/.local/lib/python3.8/site-packages/airflow/example_dags/example_short_circuit_operator.py
[2024-01-28T02:48:51.022+0000] {processor.py:840} INFO - DAG(s) 'example_short_circuit_operator' retrieved from /home/airflow/.local/lib/python3.8/site-packages/airflow/example_dags/example_short_circuit_operator.py
[2024-01-28T02:48:51.049+0000] {logging_mixin.py:188} INFO - [2024-01-28T02:48:51.049+0000] {dag.py:3036} INFO - Sync 1 DAGs
[2024-01-28T02:48:51.071+0000] {logging_mixin.py:188} INFO - [2024-01-28T02:48:51.071+0000] {dag.py:3823} INFO - Setting next_dagrun for example_short_circuit_operator to 2024-01-27 00:00:00+00:00, run_after=2024-01-28 00:00:00+00:00
[2024-01-28T02:48:51.093+0000] {processor.py:183} INFO - Processing /home/airflow/.local/lib/python3.8/site-packages/airflow/example_dags/example_short_circuit_operator.py took 0.084 seconds
[2024-01-28T02:49:22.003+0000] {processor.py:161} INFO - Started process (PID=5457) to work on /home/airflow/.local/lib/python3.8/site-packages/airflow/example_dags/example_short_circuit_operator.py
[2024-01-28T02:49:22.005+0000] {processor.py:830} INFO - Processing file /home/airflow/.local/lib/python3.8/site-packages/airflow/example_dags/example_short_circuit_operator.py for tasks to queue
[2024-01-28T02:49:22.008+0000] {logging_mixin.py:188} INFO - [2024-01-28T02:49:22.007+0000] {dagbag.py:538} INFO - Filling up the DagBag from /home/airflow/.local/lib/python3.8/site-packages/airflow/example_dags/example_short_circuit_operator.py
[2024-01-28T02:49:22.023+0000] {processor.py:840} INFO - DAG(s) 'example_short_circuit_operator' retrieved from /home/airflow/.local/lib/python3.8/site-packages/airflow/example_dags/example_short_circuit_operator.py
[2024-01-28T02:49:22.054+0000] {logging_mixin.py:188} INFO - [2024-01-28T02:49:22.054+0000] {dag.py:3036} INFO - Sync 1 DAGs
[2024-01-28T02:49:22.081+0000] {logging_mixin.py:188} INFO - [2024-01-28T02:49:22.081+0000] {dag.py:3823} INFO - Setting next_dagrun for example_short_circuit_operator to 2024-01-27 00:00:00+00:00, run_after=2024-01-28 00:00:00+00:00
[2024-01-28T02:49:22.228+0000] {processor.py:183} INFO - Processing /home/airflow/.local/lib/python3.8/site-packages/airflow/example_dags/example_short_circuit_operator.py took 0.227 seconds
[2024-01-28T02:49:52.948+0000] {processor.py:161} INFO - Started process (PID=5762) to work on /home/airflow/.local/lib/python3.8/site-packages/airflow/example_dags/example_short_circuit_operator.py
[2024-01-28T02:49:52.949+0000] {processor.py:830} INFO - Processing file /home/airflow/.local/lib/python3.8/site-packages/airflow/example_dags/example_short_circuit_operator.py for tasks to queue
[2024-01-28T02:49:52.951+0000] {logging_mixin.py:188} INFO - [2024-01-28T02:49:52.950+0000] {dagbag.py:538} INFO - Filling up the DagBag from /home/airflow/.local/lib/python3.8/site-packages/airflow/example_dags/example_short_circuit_operator.py
[2024-01-28T02:49:52.963+0000] {processor.py:840} INFO - DAG(s) 'example_short_circuit_operator' retrieved from /home/airflow/.local/lib/python3.8/site-packages/airflow/example_dags/example_short_circuit_operator.py
[2024-01-28T02:49:52.993+0000] {logging_mixin.py:188} INFO - [2024-01-28T02:49:52.993+0000] {dag.py:3036} INFO - Sync 1 DAGs
[2024-01-28T02:49:53.016+0000] {logging_mixin.py:188} INFO - [2024-01-28T02:49:53.016+0000] {dag.py:3823} INFO - Setting next_dagrun for example_short_circuit_operator to 2024-01-27 00:00:00+00:00, run_after=2024-01-28 00:00:00+00:00
[2024-01-28T02:49:53.051+0000] {processor.py:183} INFO - Processing /home/airflow/.local/lib/python3.8/site-packages/airflow/example_dags/example_short_circuit_operator.py took 0.107 seconds
[2024-01-28T02:50:24.003+0000] {processor.py:161} INFO - Started process (PID=6067) to work on /home/airflow/.local/lib/python3.8/site-packages/airflow/example_dags/example_short_circuit_operator.py
[2024-01-28T02:50:24.004+0000] {processor.py:830} INFO - Processing file /home/airflow/.local/lib/python3.8/site-packages/airflow/example_dags/example_short_circuit_operator.py for tasks to queue
[2024-01-28T02:50:24.005+0000] {logging_mixin.py:188} INFO - [2024-01-28T02:50:24.005+0000] {dagbag.py:538} INFO - Filling up the DagBag from /home/airflow/.local/lib/python3.8/site-packages/airflow/example_dags/example_short_circuit_operator.py
[2024-01-28T02:50:24.015+0000] {processor.py:840} INFO - DAG(s) 'example_short_circuit_operator' retrieved from /home/airflow/.local/lib/python3.8/site-packages/airflow/example_dags/example_short_circuit_operator.py
[2024-01-28T02:50:24.053+0000] {logging_mixin.py:188} INFO - [2024-01-28T02:50:24.050+0000] {dag.py:3036} INFO - Sync 1 DAGs
[2024-01-28T02:50:24.089+0000] {logging_mixin.py:188} INFO - [2024-01-28T02:50:24.088+0000] {dag.py:3823} INFO - Setting next_dagrun for example_short_circuit_operator to 2024-01-27 00:00:00+00:00, run_after=2024-01-28 00:00:00+00:00
[2024-01-28T02:50:24.117+0000] {processor.py:183} INFO - Processing /home/airflow/.local/lib/python3.8/site-packages/airflow/example_dags/example_short_circuit_operator.py took 0.118 seconds
[2024-01-28T02:50:54.751+0000] {processor.py:161} INFO - Started process (PID=6375) to work on /home/airflow/.local/lib/python3.8/site-packages/airflow/example_dags/example_short_circuit_operator.py
[2024-01-28T02:50:54.753+0000] {processor.py:830} INFO - Processing file /home/airflow/.local/lib/python3.8/site-packages/airflow/example_dags/example_short_circuit_operator.py for tasks to queue
[2024-01-28T02:50:54.755+0000] {logging_mixin.py:188} INFO - [2024-01-28T02:50:54.754+0000] {dagbag.py:538} INFO - Filling up the DagBag from /home/airflow/.local/lib/python3.8/site-packages/airflow/example_dags/example_short_circuit_operator.py
[2024-01-28T02:50:54.766+0000] {processor.py:840} INFO - DAG(s) 'example_short_circuit_operator' retrieved from /home/airflow/.local/lib/python3.8/site-packages/airflow/example_dags/example_short_circuit_operator.py
[2024-01-28T02:50:54.792+0000] {logging_mixin.py:188} INFO - [2024-01-28T02:50:54.792+0000] {dag.py:3036} INFO - Sync 1 DAGs
[2024-01-28T02:50:54.815+0000] {logging_mixin.py:188} INFO - [2024-01-28T02:50:54.815+0000] {dag.py:3823} INFO - Setting next_dagrun for example_short_circuit_operator to 2024-01-27 00:00:00+00:00, run_after=2024-01-28 00:00:00+00:00
[2024-01-28T02:50:54.966+0000] {processor.py:183} INFO - Processing /home/airflow/.local/lib/python3.8/site-packages/airflow/example_dags/example_short_circuit_operator.py took 0.219 seconds
[2024-01-28T02:51:25.017+0000] {processor.py:161} INFO - Started process (PID=6687) to work on /home/airflow/.local/lib/python3.8/site-packages/airflow/example_dags/example_short_circuit_operator.py
[2024-01-28T02:51:25.019+0000] {processor.py:830} INFO - Processing file /home/airflow/.local/lib/python3.8/site-packages/airflow/example_dags/example_short_circuit_operator.py for tasks to queue
[2024-01-28T02:51:25.020+0000] {logging_mixin.py:188} INFO - [2024-01-28T02:51:25.019+0000] {dagbag.py:538} INFO - Filling up the DagBag from /home/airflow/.local/lib/python3.8/site-packages/airflow/example_dags/example_short_circuit_operator.py
[2024-01-28T02:51:25.027+0000] {processor.py:840} INFO - DAG(s) 'example_short_circuit_operator' retrieved from /home/airflow/.local/lib/python3.8/site-packages/airflow/example_dags/example_short_circuit_operator.py
[2024-01-28T02:51:25.053+0000] {logging_mixin.py:188} INFO - [2024-01-28T02:51:25.053+0000] {dag.py:3036} INFO - Sync 1 DAGs
[2024-01-28T02:51:25.073+0000] {logging_mixin.py:188} INFO - [2024-01-28T02:51:25.073+0000] {dag.py:3823} INFO - Setting next_dagrun for example_short_circuit_operator to 2024-01-27 00:00:00+00:00, run_after=2024-01-28 00:00:00+00:00
[2024-01-28T02:51:25.096+0000] {processor.py:183} INFO - Processing /home/airflow/.local/lib/python3.8/site-packages/airflow/example_dags/example_short_circuit_operator.py took 0.082 seconds
[2024-01-28T02:51:55.404+0000] {processor.py:161} INFO - Started process (PID=6998) to work on /home/airflow/.local/lib/python3.8/site-packages/airflow/example_dags/example_short_circuit_operator.py
[2024-01-28T02:51:55.406+0000] {processor.py:830} INFO - Processing file /home/airflow/.local/lib/python3.8/site-packages/airflow/example_dags/example_short_circuit_operator.py for tasks to queue
[2024-01-28T02:51:55.407+0000] {logging_mixin.py:188} INFO - [2024-01-28T02:51:55.407+0000] {dagbag.py:538} INFO - Filling up the DagBag from /home/airflow/.local/lib/python3.8/site-packages/airflow/example_dags/example_short_circuit_operator.py
[2024-01-28T02:51:55.414+0000] {processor.py:840} INFO - DAG(s) 'example_short_circuit_operator' retrieved from /home/airflow/.local/lib/python3.8/site-packages/airflow/example_dags/example_short_circuit_operator.py
[2024-01-28T02:51:55.438+0000] {logging_mixin.py:188} INFO - [2024-01-28T02:51:55.438+0000] {dag.py:3036} INFO - Sync 1 DAGs
[2024-01-28T02:51:55.460+0000] {logging_mixin.py:188} INFO - [2024-01-28T02:51:55.460+0000] {dag.py:3823} INFO - Setting next_dagrun for example_short_circuit_operator to 2024-01-27 00:00:00+00:00, run_after=2024-01-28 00:00:00+00:00
[2024-01-28T02:51:55.484+0000] {processor.py:183} INFO - Processing /home/airflow/.local/lib/python3.8/site-packages/airflow/example_dags/example_short_circuit_operator.py took 0.084 seconds
[2024-01-28T02:52:25.888+0000] {processor.py:161} INFO - Started process (PID=7307) to work on /home/airflow/.local/lib/python3.8/site-packages/airflow/example_dags/example_short_circuit_operator.py
[2024-01-28T02:52:25.890+0000] {processor.py:830} INFO - Processing file /home/airflow/.local/lib/python3.8/site-packages/airflow/example_dags/example_short_circuit_operator.py for tasks to queue
[2024-01-28T02:52:25.891+0000] {logging_mixin.py:188} INFO - [2024-01-28T02:52:25.891+0000] {dagbag.py:538} INFO - Filling up the DagBag from /home/airflow/.local/lib/python3.8/site-packages/airflow/example_dags/example_short_circuit_operator.py
[2024-01-28T02:52:25.903+0000] {processor.py:840} INFO - DAG(s) 'example_short_circuit_operator' retrieved from /home/airflow/.local/lib/python3.8/site-packages/airflow/example_dags/example_short_circuit_operator.py
[2024-01-28T02:52:25.945+0000] {logging_mixin.py:188} INFO - [2024-01-28T02:52:25.944+0000] {dag.py:3036} INFO - Sync 1 DAGs
[2024-01-28T02:52:25.985+0000] {logging_mixin.py:188} INFO - [2024-01-28T02:52:25.985+0000] {dag.py:3823} INFO - Setting next_dagrun for example_short_circuit_operator to 2024-01-27 00:00:00+00:00, run_after=2024-01-28 00:00:00+00:00
[2024-01-28T02:52:26.021+0000] {processor.py:183} INFO - Processing /home/airflow/.local/lib/python3.8/site-packages/airflow/example_dags/example_short_circuit_operator.py took 0.136 seconds
[2024-01-28T02:52:57.111+0000] {processor.py:161} INFO - Started process (PID=7610) to work on /home/airflow/.local/lib/python3.8/site-packages/airflow/example_dags/example_short_circuit_operator.py
[2024-01-28T02:52:57.113+0000] {processor.py:830} INFO - Processing file /home/airflow/.local/lib/python3.8/site-packages/airflow/example_dags/example_short_circuit_operator.py for tasks to queue
[2024-01-28T02:52:57.114+0000] {logging_mixin.py:188} INFO - [2024-01-28T02:52:57.113+0000] {dagbag.py:538} INFO - Filling up the DagBag from /home/airflow/.local/lib/python3.8/site-packages/airflow/example_dags/example_short_circuit_operator.py
[2024-01-28T02:52:57.123+0000] {processor.py:840} INFO - DAG(s) 'example_short_circuit_operator' retrieved from /home/airflow/.local/lib/python3.8/site-packages/airflow/example_dags/example_short_circuit_operator.py
[2024-01-28T02:52:57.173+0000] {logging_mixin.py:188} INFO - [2024-01-28T02:52:57.172+0000] {dag.py:3036} INFO - Sync 1 DAGs
[2024-01-28T02:52:57.218+0000] {logging_mixin.py:188} INFO - [2024-01-28T02:52:57.214+0000] {dag.py:3823} INFO - Setting next_dagrun for example_short_circuit_operator to 2024-01-27 00:00:00+00:00, run_after=2024-01-28 00:00:00+00:00
[2024-01-28T02:52:57.258+0000] {processor.py:183} INFO - Processing /home/airflow/.local/lib/python3.8/site-packages/airflow/example_dags/example_short_circuit_operator.py took 0.151 seconds
[2024-01-28T02:53:27.692+0000] {processor.py:161} INFO - Started process (PID=7905) to work on /home/airflow/.local/lib/python3.8/site-packages/airflow/example_dags/example_short_circuit_operator.py
[2024-01-28T02:53:27.694+0000] {processor.py:830} INFO - Processing file /home/airflow/.local/lib/python3.8/site-packages/airflow/example_dags/example_short_circuit_operator.py for tasks to queue
[2024-01-28T02:53:27.695+0000] {logging_mixin.py:188} INFO - [2024-01-28T02:53:27.694+0000] {dagbag.py:538} INFO - Filling up the DagBag from /home/airflow/.local/lib/python3.8/site-packages/airflow/example_dags/example_short_circuit_operator.py
[2024-01-28T02:53:27.704+0000] {processor.py:840} INFO - DAG(s) 'example_short_circuit_operator' retrieved from /home/airflow/.local/lib/python3.8/site-packages/airflow/example_dags/example_short_circuit_operator.py
[2024-01-28T02:53:27.728+0000] {logging_mixin.py:188} INFO - [2024-01-28T02:53:27.728+0000] {dag.py:3036} INFO - Sync 1 DAGs
[2024-01-28T02:53:27.747+0000] {logging_mixin.py:188} INFO - [2024-01-28T02:53:27.747+0000] {dag.py:3823} INFO - Setting next_dagrun for example_short_circuit_operator to 2024-01-27 00:00:00+00:00, run_after=2024-01-28 00:00:00+00:00
[2024-01-28T02:53:27.774+0000] {processor.py:183} INFO - Processing /home/airflow/.local/lib/python3.8/site-packages/airflow/example_dags/example_short_circuit_operator.py took 0.084 seconds
[2024-01-28T02:53:57.937+0000] {processor.py:161} INFO - Started process (PID=8216) to work on /home/airflow/.local/lib/python3.8/site-packages/airflow/example_dags/example_short_circuit_operator.py
[2024-01-28T02:53:57.938+0000] {processor.py:830} INFO - Processing file /home/airflow/.local/lib/python3.8/site-packages/airflow/example_dags/example_short_circuit_operator.py for tasks to queue
[2024-01-28T02:53:57.940+0000] {logging_mixin.py:188} INFO - [2024-01-28T02:53:57.939+0000] {dagbag.py:538} INFO - Filling up the DagBag from /home/airflow/.local/lib/python3.8/site-packages/airflow/example_dags/example_short_circuit_operator.py
[2024-01-28T02:53:57.948+0000] {processor.py:840} INFO - DAG(s) 'example_short_circuit_operator' retrieved from /home/airflow/.local/lib/python3.8/site-packages/airflow/example_dags/example_short_circuit_operator.py
[2024-01-28T02:53:57.972+0000] {logging_mixin.py:188} INFO - [2024-01-28T02:53:57.972+0000] {dag.py:3036} INFO - Sync 1 DAGs
[2024-01-28T02:53:57.993+0000] {logging_mixin.py:188} INFO - [2024-01-28T02:53:57.993+0000] {dag.py:3823} INFO - Setting next_dagrun for example_short_circuit_operator to 2024-01-27 00:00:00+00:00, run_after=2024-01-28 00:00:00+00:00
[2024-01-28T02:53:58.019+0000] {processor.py:183} INFO - Processing /home/airflow/.local/lib/python3.8/site-packages/airflow/example_dags/example_short_circuit_operator.py took 0.085 seconds
[2024-01-28T02:54:28.185+0000] {processor.py:161} INFO - Started process (PID=8526) to work on /home/airflow/.local/lib/python3.8/site-packages/airflow/example_dags/example_short_circuit_operator.py
[2024-01-28T02:54:28.186+0000] {processor.py:830} INFO - Processing file /home/airflow/.local/lib/python3.8/site-packages/airflow/example_dags/example_short_circuit_operator.py for tasks to queue
[2024-01-28T02:54:28.187+0000] {logging_mixin.py:188} INFO - [2024-01-28T02:54:28.187+0000] {dagbag.py:538} INFO - Filling up the DagBag from /home/airflow/.local/lib/python3.8/site-packages/airflow/example_dags/example_short_circuit_operator.py
[2024-01-28T02:54:28.196+0000] {processor.py:840} INFO - DAG(s) 'example_short_circuit_operator' retrieved from /home/airflow/.local/lib/python3.8/site-packages/airflow/example_dags/example_short_circuit_operator.py
[2024-01-28T02:54:28.226+0000] {logging_mixin.py:188} INFO - [2024-01-28T02:54:28.226+0000] {dag.py:3036} INFO - Sync 1 DAGs
[2024-01-28T02:54:28.260+0000] {logging_mixin.py:188} INFO - [2024-01-28T02:54:28.259+0000] {dag.py:3823} INFO - Setting next_dagrun for example_short_circuit_operator to 2024-01-27 00:00:00+00:00, run_after=2024-01-28 00:00:00+00:00
[2024-01-28T02:54:28.295+0000] {processor.py:183} INFO - Processing /home/airflow/.local/lib/python3.8/site-packages/airflow/example_dags/example_short_circuit_operator.py took 0.114 seconds
[2024-01-28T02:54:58.745+0000] {processor.py:161} INFO - Started process (PID=8837) to work on /home/airflow/.local/lib/python3.8/site-packages/airflow/example_dags/example_short_circuit_operator.py
[2024-01-28T02:54:58.746+0000] {processor.py:830} INFO - Processing file /home/airflow/.local/lib/python3.8/site-packages/airflow/example_dags/example_short_circuit_operator.py for tasks to queue
[2024-01-28T02:54:58.747+0000] {logging_mixin.py:188} INFO - [2024-01-28T02:54:58.747+0000] {dagbag.py:538} INFO - Filling up the DagBag from /home/airflow/.local/lib/python3.8/site-packages/airflow/example_dags/example_short_circuit_operator.py
[2024-01-28T02:54:58.756+0000] {processor.py:840} INFO - DAG(s) 'example_short_circuit_operator' retrieved from /home/airflow/.local/lib/python3.8/site-packages/airflow/example_dags/example_short_circuit_operator.py
[2024-01-28T02:54:58.787+0000] {logging_mixin.py:188} INFO - [2024-01-28T02:54:58.786+0000] {dag.py:3036} INFO - Sync 1 DAGs
[2024-01-28T02:54:58.812+0000] {logging_mixin.py:188} INFO - [2024-01-28T02:54:58.811+0000] {dag.py:3823} INFO - Setting next_dagrun for example_short_circuit_operator to 2024-01-27 00:00:00+00:00, run_after=2024-01-28 00:00:00+00:00
[2024-01-28T02:54:58.838+0000] {processor.py:183} INFO - Processing /home/airflow/.local/lib/python3.8/site-packages/airflow/example_dags/example_short_circuit_operator.py took 0.096 seconds
[2024-01-28T02:55:33.639+0000] {processor.py:161} INFO - Started process (PID=9035) to work on /home/airflow/.local/lib/python3.8/site-packages/airflow/example_dags/example_short_circuit_operator.py
[2024-01-28T02:55:33.641+0000] {processor.py:830} INFO - Processing file /home/airflow/.local/lib/python3.8/site-packages/airflow/example_dags/example_short_circuit_operator.py for tasks to queue
[2024-01-28T02:55:33.642+0000] {logging_mixin.py:188} INFO - [2024-01-28T02:55:33.642+0000] {dagbag.py:538} INFO - Filling up the DagBag from /home/airflow/.local/lib/python3.8/site-packages/airflow/example_dags/example_short_circuit_operator.py
[2024-01-28T02:55:33.654+0000] {processor.py:840} INFO - DAG(s) 'example_short_circuit_operator' retrieved from /home/airflow/.local/lib/python3.8/site-packages/airflow/example_dags/example_short_circuit_operator.py
[2024-01-28T02:55:33.680+0000] {logging_mixin.py:188} INFO - [2024-01-28T02:55:33.680+0000] {dag.py:3036} INFO - Sync 1 DAGs
[2024-01-28T02:55:33.712+0000] {logging_mixin.py:188} INFO - [2024-01-28T02:55:33.712+0000] {dag.py:3823} INFO - Setting next_dagrun for example_short_circuit_operator to 2024-01-27 00:00:00+00:00, run_after=2024-01-28 00:00:00+00:00
[2024-01-28T02:55:33.764+0000] {processor.py:183} INFO - Processing /home/airflow/.local/lib/python3.8/site-packages/airflow/example_dags/example_short_circuit_operator.py took 0.129 seconds
[2024-01-28T02:56:04.828+0000] {processor.py:161} INFO - Started process (PID=9345) to work on /home/airflow/.local/lib/python3.8/site-packages/airflow/example_dags/example_short_circuit_operator.py
[2024-01-28T02:56:04.830+0000] {processor.py:830} INFO - Processing file /home/airflow/.local/lib/python3.8/site-packages/airflow/example_dags/example_short_circuit_operator.py for tasks to queue
[2024-01-28T02:56:04.831+0000] {logging_mixin.py:188} INFO - [2024-01-28T02:56:04.831+0000] {dagbag.py:538} INFO - Filling up the DagBag from /home/airflow/.local/lib/python3.8/site-packages/airflow/example_dags/example_short_circuit_operator.py
[2024-01-28T02:56:04.841+0000] {processor.py:840} INFO - DAG(s) 'example_short_circuit_operator' retrieved from /home/airflow/.local/lib/python3.8/site-packages/airflow/example_dags/example_short_circuit_operator.py
[2024-01-28T02:56:04.870+0000] {logging_mixin.py:188} INFO - [2024-01-28T02:56:04.870+0000] {dag.py:3036} INFO - Sync 1 DAGs
[2024-01-28T02:56:04.899+0000] {logging_mixin.py:188} INFO - [2024-01-28T02:56:04.899+0000] {dag.py:3823} INFO - Setting next_dagrun for example_short_circuit_operator to 2024-01-27 00:00:00+00:00, run_after=2024-01-28 00:00:00+00:00
[2024-01-28T02:56:04.926+0000] {processor.py:183} INFO - Processing /home/airflow/.local/lib/python3.8/site-packages/airflow/example_dags/example_short_circuit_operator.py took 0.102 seconds
[2024-01-28T02:56:35.830+0000] {processor.py:161} INFO - Started process (PID=9651) to work on /home/airflow/.local/lib/python3.8/site-packages/airflow/example_dags/example_short_circuit_operator.py
[2024-01-28T02:56:35.831+0000] {processor.py:830} INFO - Processing file /home/airflow/.local/lib/python3.8/site-packages/airflow/example_dags/example_short_circuit_operator.py for tasks to queue
[2024-01-28T02:56:35.832+0000] {logging_mixin.py:188} INFO - [2024-01-28T02:56:35.832+0000] {dagbag.py:538} INFO - Filling up the DagBag from /home/airflow/.local/lib/python3.8/site-packages/airflow/example_dags/example_short_circuit_operator.py
[2024-01-28T02:56:35.839+0000] {processor.py:840} INFO - DAG(s) 'example_short_circuit_operator' retrieved from /home/airflow/.local/lib/python3.8/site-packages/airflow/example_dags/example_short_circuit_operator.py
[2024-01-28T02:56:35.863+0000] {logging_mixin.py:188} INFO - [2024-01-28T02:56:35.863+0000] {dag.py:3036} INFO - Sync 1 DAGs
[2024-01-28T02:56:35.887+0000] {logging_mixin.py:188} INFO - [2024-01-28T02:56:35.886+0000] {dag.py:3823} INFO - Setting next_dagrun for example_short_circuit_operator to 2024-01-27 00:00:00+00:00, run_after=2024-01-28 00:00:00+00:00
[2024-01-28T02:56:35.910+0000] {processor.py:183} INFO - Processing /home/airflow/.local/lib/python3.8/site-packages/airflow/example_dags/example_short_circuit_operator.py took 0.083 seconds
[2024-01-28T02:57:06.025+0000] {processor.py:161} INFO - Started process (PID=9957) to work on /home/airflow/.local/lib/python3.8/site-packages/airflow/example_dags/example_short_circuit_operator.py
[2024-01-28T02:57:06.027+0000] {processor.py:830} INFO - Processing file /home/airflow/.local/lib/python3.8/site-packages/airflow/example_dags/example_short_circuit_operator.py for tasks to queue
[2024-01-28T02:57:06.028+0000] {logging_mixin.py:188} INFO - [2024-01-28T02:57:06.028+0000] {dagbag.py:538} INFO - Filling up the DagBag from /home/airflow/.local/lib/python3.8/site-packages/airflow/example_dags/example_short_circuit_operator.py
[2024-01-28T02:57:06.038+0000] {processor.py:840} INFO - DAG(s) 'example_short_circuit_operator' retrieved from /home/airflow/.local/lib/python3.8/site-packages/airflow/example_dags/example_short_circuit_operator.py
[2024-01-28T02:57:06.065+0000] {logging_mixin.py:188} INFO - [2024-01-28T02:57:06.065+0000] {dag.py:3036} INFO - Sync 1 DAGs
[2024-01-28T02:57:06.089+0000] {logging_mixin.py:188} INFO - [2024-01-28T02:57:06.089+0000] {dag.py:3823} INFO - Setting next_dagrun for example_short_circuit_operator to 2024-01-27 00:00:00+00:00, run_after=2024-01-28 00:00:00+00:00
[2024-01-28T02:57:06.111+0000] {processor.py:183} INFO - Processing /home/airflow/.local/lib/python3.8/site-packages/airflow/example_dags/example_short_circuit_operator.py took 0.090 seconds
[2024-01-28T02:57:36.550+0000] {processor.py:161} INFO - Started process (PID=10268) to work on /home/airflow/.local/lib/python3.8/site-packages/airflow/example_dags/example_short_circuit_operator.py
[2024-01-28T02:57:36.552+0000] {processor.py:830} INFO - Processing file /home/airflow/.local/lib/python3.8/site-packages/airflow/example_dags/example_short_circuit_operator.py for tasks to queue
[2024-01-28T02:57:36.553+0000] {logging_mixin.py:188} INFO - [2024-01-28T02:57:36.552+0000] {dagbag.py:538} INFO - Filling up the DagBag from /home/airflow/.local/lib/python3.8/site-packages/airflow/example_dags/example_short_circuit_operator.py
[2024-01-28T02:57:36.560+0000] {processor.py:840} INFO - DAG(s) 'example_short_circuit_operator' retrieved from /home/airflow/.local/lib/python3.8/site-packages/airflow/example_dags/example_short_circuit_operator.py
[2024-01-28T02:57:36.584+0000] {logging_mixin.py:188} INFO - [2024-01-28T02:57:36.584+0000] {dag.py:3036} INFO - Sync 1 DAGs
[2024-01-28T02:57:36.607+0000] {logging_mixin.py:188} INFO - [2024-01-28T02:57:36.607+0000] {dag.py:3823} INFO - Setting next_dagrun for example_short_circuit_operator to 2024-01-27 00:00:00+00:00, run_after=2024-01-28 00:00:00+00:00
[2024-01-28T02:57:36.631+0000] {processor.py:183} INFO - Processing /home/airflow/.local/lib/python3.8/site-packages/airflow/example_dags/example_short_circuit_operator.py took 0.083 seconds
[2024-01-28T02:58:07.241+0000] {processor.py:161} INFO - Started process (PID=10576) to work on /home/airflow/.local/lib/python3.8/site-packages/airflow/example_dags/example_short_circuit_operator.py
[2024-01-28T02:58:07.243+0000] {processor.py:830} INFO - Processing file /home/airflow/.local/lib/python3.8/site-packages/airflow/example_dags/example_short_circuit_operator.py for tasks to queue
[2024-01-28T02:58:07.244+0000] {logging_mixin.py:188} INFO - [2024-01-28T02:58:07.243+0000] {dagbag.py:538} INFO - Filling up the DagBag from /home/airflow/.local/lib/python3.8/site-packages/airflow/example_dags/example_short_circuit_operator.py
[2024-01-28T02:58:07.252+0000] {processor.py:840} INFO - DAG(s) 'example_short_circuit_operator' retrieved from /home/airflow/.local/lib/python3.8/site-packages/airflow/example_dags/example_short_circuit_operator.py
[2024-01-28T02:58:07.279+0000] {logging_mixin.py:188} INFO - [2024-01-28T02:58:07.278+0000] {dag.py:3036} INFO - Sync 1 DAGs
[2024-01-28T02:58:07.301+0000] {logging_mixin.py:188} INFO - [2024-01-28T02:58:07.301+0000] {dag.py:3823} INFO - Setting next_dagrun for example_short_circuit_operator to 2024-01-27 00:00:00+00:00, run_after=2024-01-28 00:00:00+00:00
[2024-01-28T02:58:07.323+0000] {processor.py:183} INFO - Processing /home/airflow/.local/lib/python3.8/site-packages/airflow/example_dags/example_short_circuit_operator.py took 0.085 seconds
