[2024-01-28T02:40:46.456+0000] {processor.py:161} INFO - Started process (PID=410) to work on /home/airflow/.local/lib/python3.8/site-packages/airflow/example_dags/example_branch_python_dop_operator_3.py
[2024-01-28T02:40:46.459+0000] {processor.py:830} INFO - Processing file /home/airflow/.local/lib/python3.8/site-packages/airflow/example_dags/example_branch_python_dop_operator_3.py for tasks to queue
[2024-01-28T02:40:46.461+0000] {logging_mixin.py:188} INFO - [2024-01-28T02:40:46.460+0000] {dagbag.py:538} INFO - Filling up the DagBag from /home/airflow/.local/lib/python3.8/site-packages/airflow/example_dags/example_branch_python_dop_operator_3.py
[2024-01-28T02:40:46.476+0000] {processor.py:840} INFO - DAG(s) 'example_branch_dop_operator_v3' retrieved from /home/airflow/.local/lib/python3.8/site-packages/airflow/example_dags/example_branch_python_dop_operator_3.py
[2024-01-28T02:40:46.639+0000] {logging_mixin.py:188} INFO - [2024-01-28T02:40:46.639+0000] {dag.py:3036} INFO - Sync 1 DAGs
[2024-01-28T02:40:46.673+0000] {logging_mixin.py:188} INFO - [2024-01-28T02:40:46.673+0000] {dag.py:3823} INFO - Setting next_dagrun for example_branch_dop_operator_v3 to 2024-01-28 02:39:00+00:00, run_after=2024-01-28 02:40:00+00:00
[2024-01-28T02:40:46.707+0000] {processor.py:183} INFO - Processing /home/airflow/.local/lib/python3.8/site-packages/airflow/example_dags/example_branch_python_dop_operator_3.py took 0.255 seconds
[2024-01-28T02:41:20.685+0000] {processor.py:161} INFO - Started process (PID=720) to work on /home/airflow/.local/lib/python3.8/site-packages/airflow/example_dags/example_branch_python_dop_operator_3.py
[2024-01-28T02:41:20.688+0000] {processor.py:830} INFO - Processing file /home/airflow/.local/lib/python3.8/site-packages/airflow/example_dags/example_branch_python_dop_operator_3.py for tasks to queue
[2024-01-28T02:41:20.690+0000] {logging_mixin.py:188} INFO - [2024-01-28T02:41:20.690+0000] {dagbag.py:538} INFO - Filling up the DagBag from /home/airflow/.local/lib/python3.8/site-packages/airflow/example_dags/example_branch_python_dop_operator_3.py
[2024-01-28T02:41:20.699+0000] {processor.py:840} INFO - DAG(s) 'example_branch_dop_operator_v3' retrieved from /home/airflow/.local/lib/python3.8/site-packages/airflow/example_dags/example_branch_python_dop_operator_3.py
[2024-01-28T02:41:20.724+0000] {logging_mixin.py:188} INFO - [2024-01-28T02:41:20.724+0000] {dag.py:3036} INFO - Sync 1 DAGs
[2024-01-28T02:41:20.752+0000] {logging_mixin.py:188} INFO - [2024-01-28T02:41:20.752+0000] {dag.py:3823} INFO - Setting next_dagrun for example_branch_dop_operator_v3 to 2024-01-28 02:40:00+00:00, run_after=2024-01-28 02:41:00+00:00
[2024-01-28T02:41:20.790+0000] {processor.py:183} INFO - Processing /home/airflow/.local/lib/python3.8/site-packages/airflow/example_dags/example_branch_python_dop_operator_3.py took 0.108 seconds
[2024-01-28T02:41:51.705+0000] {processor.py:161} INFO - Started process (PID=1031) to work on /home/airflow/.local/lib/python3.8/site-packages/airflow/example_dags/example_branch_python_dop_operator_3.py
[2024-01-28T02:41:51.709+0000] {processor.py:830} INFO - Processing file /home/airflow/.local/lib/python3.8/site-packages/airflow/example_dags/example_branch_python_dop_operator_3.py for tasks to queue
[2024-01-28T02:41:51.710+0000] {logging_mixin.py:188} INFO - [2024-01-28T02:41:51.710+0000] {dagbag.py:538} INFO - Filling up the DagBag from /home/airflow/.local/lib/python3.8/site-packages/airflow/example_dags/example_branch_python_dop_operator_3.py
[2024-01-28T02:41:51.719+0000] {processor.py:840} INFO - DAG(s) 'example_branch_dop_operator_v3' retrieved from /home/airflow/.local/lib/python3.8/site-packages/airflow/example_dags/example_branch_python_dop_operator_3.py
[2024-01-28T02:41:51.748+0000] {logging_mixin.py:188} INFO - [2024-01-28T02:41:51.747+0000] {dag.py:3036} INFO - Sync 1 DAGs
[2024-01-28T02:41:51.788+0000] {logging_mixin.py:188} INFO - [2024-01-28T02:41:51.788+0000] {dag.py:3823} INFO - Setting next_dagrun for example_branch_dop_operator_v3 to 2024-01-28 02:40:00+00:00, run_after=2024-01-28 02:41:00+00:00
[2024-01-28T02:41:51.818+0000] {processor.py:183} INFO - Processing /home/airflow/.local/lib/python3.8/site-packages/airflow/example_dags/example_branch_python_dop_operator_3.py took 0.117 seconds
[2024-01-28T02:42:34.240+0000] {processor.py:161} INFO - Started process (PID=1350) to work on /home/airflow/.local/lib/python3.8/site-packages/airflow/example_dags/example_branch_python_dop_operator_3.py
[2024-01-28T02:42:34.242+0000] {processor.py:830} INFO - Processing file /home/airflow/.local/lib/python3.8/site-packages/airflow/example_dags/example_branch_python_dop_operator_3.py for tasks to queue
[2024-01-28T02:42:34.243+0000] {logging_mixin.py:188} INFO - [2024-01-28T02:42:34.243+0000] {dagbag.py:538} INFO - Filling up the DagBag from /home/airflow/.local/lib/python3.8/site-packages/airflow/example_dags/example_branch_python_dop_operator_3.py
[2024-01-28T02:42:34.252+0000] {processor.py:840} INFO - DAG(s) 'example_branch_dop_operator_v3' retrieved from /home/airflow/.local/lib/python3.8/site-packages/airflow/example_dags/example_branch_python_dop_operator_3.py
[2024-01-28T02:42:34.271+0000] {logging_mixin.py:188} INFO - [2024-01-28T02:42:34.271+0000] {dag.py:3036} INFO - Sync 1 DAGs
[2024-01-28T02:42:34.298+0000] {logging_mixin.py:188} INFO - [2024-01-28T02:42:34.298+0000] {dag.py:3823} INFO - Setting next_dagrun for example_branch_dop_operator_v3 to 2024-01-28 02:41:00+00:00, run_after=2024-01-28 02:42:00+00:00
[2024-01-28T02:42:34.320+0000] {processor.py:183} INFO - Processing /home/airflow/.local/lib/python3.8/site-packages/airflow/example_dags/example_branch_python_dop_operator_3.py took 0.083 seconds
[2024-01-28T02:43:05.614+0000] {processor.py:161} INFO - Started process (PID=1662) to work on /home/airflow/.local/lib/python3.8/site-packages/airflow/example_dags/example_branch_python_dop_operator_3.py
[2024-01-28T02:43:05.616+0000] {processor.py:830} INFO - Processing file /home/airflow/.local/lib/python3.8/site-packages/airflow/example_dags/example_branch_python_dop_operator_3.py for tasks to queue
[2024-01-28T02:43:05.618+0000] {logging_mixin.py:188} INFO - [2024-01-28T02:43:05.617+0000] {dagbag.py:538} INFO - Filling up the DagBag from /home/airflow/.local/lib/python3.8/site-packages/airflow/example_dags/example_branch_python_dop_operator_3.py
[2024-01-28T02:43:05.627+0000] {processor.py:840} INFO - DAG(s) 'example_branch_dop_operator_v3' retrieved from /home/airflow/.local/lib/python3.8/site-packages/airflow/example_dags/example_branch_python_dop_operator_3.py
[2024-01-28T02:43:05.657+0000] {logging_mixin.py:188} INFO - [2024-01-28T02:43:05.656+0000] {dag.py:3036} INFO - Sync 1 DAGs
[2024-01-28T02:43:05.697+0000] {logging_mixin.py:188} INFO - [2024-01-28T02:43:05.697+0000] {dag.py:3823} INFO - Setting next_dagrun for example_branch_dop_operator_v3 to 2024-01-28 02:42:00+00:00, run_after=2024-01-28 02:43:00+00:00
[2024-01-28T02:43:05.725+0000] {processor.py:183} INFO - Processing /home/airflow/.local/lib/python3.8/site-packages/airflow/example_dags/example_branch_python_dop_operator_3.py took 0.113 seconds
[2024-01-28T02:43:36.075+0000] {processor.py:161} INFO - Started process (PID=1971) to work on /home/airflow/.local/lib/python3.8/site-packages/airflow/example_dags/example_branch_python_dop_operator_3.py
[2024-01-28T02:43:36.078+0000] {processor.py:830} INFO - Processing file /home/airflow/.local/lib/python3.8/site-packages/airflow/example_dags/example_branch_python_dop_operator_3.py for tasks to queue
[2024-01-28T02:43:36.080+0000] {logging_mixin.py:188} INFO - [2024-01-28T02:43:36.079+0000] {dagbag.py:538} INFO - Filling up the DagBag from /home/airflow/.local/lib/python3.8/site-packages/airflow/example_dags/example_branch_python_dop_operator_3.py
[2024-01-28T02:43:36.091+0000] {processor.py:840} INFO - DAG(s) 'example_branch_dop_operator_v3' retrieved from /home/airflow/.local/lib/python3.8/site-packages/airflow/example_dags/example_branch_python_dop_operator_3.py
[2024-01-28T02:43:36.112+0000] {logging_mixin.py:188} INFO - [2024-01-28T02:43:36.112+0000] {dag.py:3036} INFO - Sync 1 DAGs
[2024-01-28T02:43:36.149+0000] {logging_mixin.py:188} INFO - [2024-01-28T02:43:36.149+0000] {dag.py:3823} INFO - Setting next_dagrun for example_branch_dop_operator_v3 to 2024-01-28 02:42:00+00:00, run_after=2024-01-28 02:43:00+00:00
[2024-01-28T02:43:36.173+0000] {processor.py:183} INFO - Processing /home/airflow/.local/lib/python3.8/site-packages/airflow/example_dags/example_branch_python_dop_operator_3.py took 0.103 seconds
[2024-01-28T02:44:06.696+0000] {processor.py:161} INFO - Started process (PID=2282) to work on /home/airflow/.local/lib/python3.8/site-packages/airflow/example_dags/example_branch_python_dop_operator_3.py
[2024-01-28T02:44:06.697+0000] {processor.py:830} INFO - Processing file /home/airflow/.local/lib/python3.8/site-packages/airflow/example_dags/example_branch_python_dop_operator_3.py for tasks to queue
[2024-01-28T02:44:06.699+0000] {logging_mixin.py:188} INFO - [2024-01-28T02:44:06.698+0000] {dagbag.py:538} INFO - Filling up the DagBag from /home/airflow/.local/lib/python3.8/site-packages/airflow/example_dags/example_branch_python_dop_operator_3.py
[2024-01-28T02:44:06.711+0000] {processor.py:840} INFO - DAG(s) 'example_branch_dop_operator_v3' retrieved from /home/airflow/.local/lib/python3.8/site-packages/airflow/example_dags/example_branch_python_dop_operator_3.py
[2024-01-28T02:44:06.731+0000] {logging_mixin.py:188} INFO - [2024-01-28T02:44:06.731+0000] {dag.py:3036} INFO - Sync 1 DAGs
[2024-01-28T02:44:06.756+0000] {logging_mixin.py:188} INFO - [2024-01-28T02:44:06.756+0000] {dag.py:3823} INFO - Setting next_dagrun for example_branch_dop_operator_v3 to 2024-01-28 02:43:00+00:00, run_after=2024-01-28 02:44:00+00:00
[2024-01-28T02:44:06.781+0000] {processor.py:183} INFO - Processing /home/airflow/.local/lib/python3.8/site-packages/airflow/example_dags/example_branch_python_dop_operator_3.py took 0.088 seconds
[2024-01-28T02:44:37.452+0000] {processor.py:161} INFO - Started process (PID=2595) to work on /home/airflow/.local/lib/python3.8/site-packages/airflow/example_dags/example_branch_python_dop_operator_3.py
[2024-01-28T02:44:37.453+0000] {processor.py:830} INFO - Processing file /home/airflow/.local/lib/python3.8/site-packages/airflow/example_dags/example_branch_python_dop_operator_3.py for tasks to queue
[2024-01-28T02:44:37.455+0000] {logging_mixin.py:188} INFO - [2024-01-28T02:44:37.454+0000] {dagbag.py:538} INFO - Filling up the DagBag from /home/airflow/.local/lib/python3.8/site-packages/airflow/example_dags/example_branch_python_dop_operator_3.py
[2024-01-28T02:44:37.465+0000] {processor.py:840} INFO - DAG(s) 'example_branch_dop_operator_v3' retrieved from /home/airflow/.local/lib/python3.8/site-packages/airflow/example_dags/example_branch_python_dop_operator_3.py
[2024-01-28T02:44:37.489+0000] {logging_mixin.py:188} INFO - [2024-01-28T02:44:37.488+0000] {dag.py:3036} INFO - Sync 1 DAGs
[2024-01-28T02:44:37.517+0000] {logging_mixin.py:188} INFO - [2024-01-28T02:44:37.517+0000] {dag.py:3823} INFO - Setting next_dagrun for example_branch_dop_operator_v3 to 2024-01-28 02:43:00+00:00, run_after=2024-01-28 02:44:00+00:00
[2024-01-28T02:44:37.548+0000] {processor.py:183} INFO - Processing /home/airflow/.local/lib/python3.8/site-packages/airflow/example_dags/example_branch_python_dop_operator_3.py took 0.100 seconds
[2024-01-28T02:45:08.171+0000] {processor.py:161} INFO - Started process (PID=2904) to work on /home/airflow/.local/lib/python3.8/site-packages/airflow/example_dags/example_branch_python_dop_operator_3.py
[2024-01-28T02:45:08.172+0000] {processor.py:830} INFO - Processing file /home/airflow/.local/lib/python3.8/site-packages/airflow/example_dags/example_branch_python_dop_operator_3.py for tasks to queue
[2024-01-28T02:45:08.174+0000] {logging_mixin.py:188} INFO - [2024-01-28T02:45:08.173+0000] {dagbag.py:538} INFO - Filling up the DagBag from /home/airflow/.local/lib/python3.8/site-packages/airflow/example_dags/example_branch_python_dop_operator_3.py
[2024-01-28T02:45:08.186+0000] {processor.py:840} INFO - DAG(s) 'example_branch_dop_operator_v3' retrieved from /home/airflow/.local/lib/python3.8/site-packages/airflow/example_dags/example_branch_python_dop_operator_3.py
[2024-01-28T02:45:08.211+0000] {logging_mixin.py:188} INFO - [2024-01-28T02:45:08.210+0000] {dag.py:3036} INFO - Sync 1 DAGs
[2024-01-28T02:45:08.238+0000] {logging_mixin.py:188} INFO - [2024-01-28T02:45:08.237+0000] {dag.py:3823} INFO - Setting next_dagrun for example_branch_dop_operator_v3 to 2024-01-28 02:44:00+00:00, run_after=2024-01-28 02:45:00+00:00
[2024-01-28T02:45:08.260+0000] {processor.py:183} INFO - Processing /home/airflow/.local/lib/python3.8/site-packages/airflow/example_dags/example_branch_python_dop_operator_3.py took 0.092 seconds
[2024-01-28T02:45:39.055+0000] {processor.py:161} INFO - Started process (PID=3215) to work on /home/airflow/.local/lib/python3.8/site-packages/airflow/example_dags/example_branch_python_dop_operator_3.py
[2024-01-28T02:45:39.056+0000] {processor.py:830} INFO - Processing file /home/airflow/.local/lib/python3.8/site-packages/airflow/example_dags/example_branch_python_dop_operator_3.py for tasks to queue
[2024-01-28T02:45:39.057+0000] {logging_mixin.py:188} INFO - [2024-01-28T02:45:39.057+0000] {dagbag.py:538} INFO - Filling up the DagBag from /home/airflow/.local/lib/python3.8/site-packages/airflow/example_dags/example_branch_python_dop_operator_3.py
[2024-01-28T02:45:39.072+0000] {processor.py:840} INFO - DAG(s) 'example_branch_dop_operator_v3' retrieved from /home/airflow/.local/lib/python3.8/site-packages/airflow/example_dags/example_branch_python_dop_operator_3.py
[2024-01-28T02:45:39.102+0000] {logging_mixin.py:188} INFO - [2024-01-28T02:45:39.102+0000] {dag.py:3036} INFO - Sync 1 DAGs
[2024-01-28T02:45:39.145+0000] {logging_mixin.py:188} INFO - [2024-01-28T02:45:39.145+0000] {dag.py:3823} INFO - Setting next_dagrun for example_branch_dop_operator_v3 to 2024-01-28 02:44:00+00:00, run_after=2024-01-28 02:45:00+00:00
[2024-01-28T02:45:39.173+0000] {processor.py:183} INFO - Processing /home/airflow/.local/lib/python3.8/site-packages/airflow/example_dags/example_branch_python_dop_operator_3.py took 0.122 seconds
[2024-01-28T02:46:09.480+0000] {processor.py:161} INFO - Started process (PID=3526) to work on /home/airflow/.local/lib/python3.8/site-packages/airflow/example_dags/example_branch_python_dop_operator_3.py
[2024-01-28T02:46:09.482+0000] {processor.py:830} INFO - Processing file /home/airflow/.local/lib/python3.8/site-packages/airflow/example_dags/example_branch_python_dop_operator_3.py for tasks to queue
[2024-01-28T02:46:09.483+0000] {logging_mixin.py:188} INFO - [2024-01-28T02:46:09.483+0000] {dagbag.py:538} INFO - Filling up the DagBag from /home/airflow/.local/lib/python3.8/site-packages/airflow/example_dags/example_branch_python_dop_operator_3.py
[2024-01-28T02:46:09.493+0000] {processor.py:840} INFO - DAG(s) 'example_branch_dop_operator_v3' retrieved from /home/airflow/.local/lib/python3.8/site-packages/airflow/example_dags/example_branch_python_dop_operator_3.py
[2024-01-28T02:46:09.516+0000] {logging_mixin.py:188} INFO - [2024-01-28T02:46:09.516+0000] {dag.py:3036} INFO - Sync 1 DAGs
[2024-01-28T02:46:09.542+0000] {logging_mixin.py:188} INFO - [2024-01-28T02:46:09.542+0000] {dag.py:3823} INFO - Setting next_dagrun for example_branch_dop_operator_v3 to 2024-01-28 02:45:00+00:00, run_after=2024-01-28 02:46:00+00:00
[2024-01-28T02:46:09.566+0000] {processor.py:183} INFO - Processing /home/airflow/.local/lib/python3.8/site-packages/airflow/example_dags/example_branch_python_dop_operator_3.py took 0.089 seconds
[2024-01-28T02:46:40.144+0000] {processor.py:161} INFO - Started process (PID=3837) to work on /home/airflow/.local/lib/python3.8/site-packages/airflow/example_dags/example_branch_python_dop_operator_3.py
[2024-01-28T02:46:40.145+0000] {processor.py:830} INFO - Processing file /home/airflow/.local/lib/python3.8/site-packages/airflow/example_dags/example_branch_python_dop_operator_3.py for tasks to queue
[2024-01-28T02:46:40.146+0000] {logging_mixin.py:188} INFO - [2024-01-28T02:46:40.146+0000] {dagbag.py:538} INFO - Filling up the DagBag from /home/airflow/.local/lib/python3.8/site-packages/airflow/example_dags/example_branch_python_dop_operator_3.py
[2024-01-28T02:46:40.158+0000] {processor.py:840} INFO - DAG(s) 'example_branch_dop_operator_v3' retrieved from /home/airflow/.local/lib/python3.8/site-packages/airflow/example_dags/example_branch_python_dop_operator_3.py
[2024-01-28T02:46:40.181+0000] {logging_mixin.py:188} INFO - [2024-01-28T02:46:40.180+0000] {dag.py:3036} INFO - Sync 1 DAGs
[2024-01-28T02:46:40.211+0000] {logging_mixin.py:188} INFO - [2024-01-28T02:46:40.210+0000] {dag.py:3823} INFO - Setting next_dagrun for example_branch_dop_operator_v3 to 2024-01-28 02:45:00+00:00, run_after=2024-01-28 02:46:00+00:00
[2024-01-28T02:46:40.234+0000] {processor.py:183} INFO - Processing /home/airflow/.local/lib/python3.8/site-packages/airflow/example_dags/example_branch_python_dop_operator_3.py took 0.094 seconds
[2024-01-28T02:47:17.767+0000] {processor.py:161} INFO - Started process (PID=4156) to work on /home/airflow/.local/lib/python3.8/site-packages/airflow/example_dags/example_branch_python_dop_operator_3.py
[2024-01-28T02:47:17.770+0000] {processor.py:830} INFO - Processing file /home/airflow/.local/lib/python3.8/site-packages/airflow/example_dags/example_branch_python_dop_operator_3.py for tasks to queue
[2024-01-28T02:47:17.772+0000] {logging_mixin.py:188} INFO - [2024-01-28T02:47:17.771+0000] {dagbag.py:538} INFO - Filling up the DagBag from /home/airflow/.local/lib/python3.8/site-packages/airflow/example_dags/example_branch_python_dop_operator_3.py
[2024-01-28T02:47:17.816+0000] {processor.py:840} INFO - DAG(s) 'example_branch_dop_operator_v3' retrieved from /home/airflow/.local/lib/python3.8/site-packages/airflow/example_dags/example_branch_python_dop_operator_3.py
[2024-01-28T02:47:17.847+0000] {logging_mixin.py:188} INFO - [2024-01-28T02:47:17.846+0000] {dag.py:3036} INFO - Sync 1 DAGs
[2024-01-28T02:47:17.883+0000] {logging_mixin.py:188} INFO - [2024-01-28T02:47:17.883+0000] {dag.py:3823} INFO - Setting next_dagrun for example_branch_dop_operator_v3 to 2024-01-28 02:46:00+00:00, run_after=2024-01-28 02:47:00+00:00
[2024-01-28T02:47:17.920+0000] {processor.py:183} INFO - Processing /home/airflow/.local/lib/python3.8/site-packages/airflow/example_dags/example_branch_python_dop_operator_3.py took 0.166 seconds
[2024-01-28T02:47:48.608+0000] {processor.py:161} INFO - Started process (PID=4467) to work on /home/airflow/.local/lib/python3.8/site-packages/airflow/example_dags/example_branch_python_dop_operator_3.py
[2024-01-28T02:47:48.610+0000] {processor.py:830} INFO - Processing file /home/airflow/.local/lib/python3.8/site-packages/airflow/example_dags/example_branch_python_dop_operator_3.py for tasks to queue
[2024-01-28T02:47:48.611+0000] {logging_mixin.py:188} INFO - [2024-01-28T02:47:48.611+0000] {dagbag.py:538} INFO - Filling up the DagBag from /home/airflow/.local/lib/python3.8/site-packages/airflow/example_dags/example_branch_python_dop_operator_3.py
[2024-01-28T02:47:48.622+0000] {processor.py:840} INFO - DAG(s) 'example_branch_dop_operator_v3' retrieved from /home/airflow/.local/lib/python3.8/site-packages/airflow/example_dags/example_branch_python_dop_operator_3.py
[2024-01-28T02:47:48.643+0000] {logging_mixin.py:188} INFO - [2024-01-28T02:47:48.643+0000] {dag.py:3036} INFO - Sync 1 DAGs
[2024-01-28T02:47:48.668+0000] {logging_mixin.py:188} INFO - [2024-01-28T02:47:48.667+0000] {dag.py:3823} INFO - Setting next_dagrun for example_branch_dop_operator_v3 to 2024-01-28 02:46:00+00:00, run_after=2024-01-28 02:47:00+00:00
[2024-01-28T02:47:48.702+0000] {processor.py:183} INFO - Processing /home/airflow/.local/lib/python3.8/site-packages/airflow/example_dags/example_branch_python_dop_operator_3.py took 0.097 seconds
[2024-01-28T02:48:19.167+0000] {processor.py:161} INFO - Started process (PID=4780) to work on /home/airflow/.local/lib/python3.8/site-packages/airflow/example_dags/example_branch_python_dop_operator_3.py
[2024-01-28T02:48:19.168+0000] {processor.py:830} INFO - Processing file /home/airflow/.local/lib/python3.8/site-packages/airflow/example_dags/example_branch_python_dop_operator_3.py for tasks to queue
[2024-01-28T02:48:19.170+0000] {logging_mixin.py:188} INFO - [2024-01-28T02:48:19.169+0000] {dagbag.py:538} INFO - Filling up the DagBag from /home/airflow/.local/lib/python3.8/site-packages/airflow/example_dags/example_branch_python_dop_operator_3.py
[2024-01-28T02:48:19.186+0000] {processor.py:840} INFO - DAG(s) 'example_branch_dop_operator_v3' retrieved from /home/airflow/.local/lib/python3.8/site-packages/airflow/example_dags/example_branch_python_dop_operator_3.py
[2024-01-28T02:48:19.219+0000] {logging_mixin.py:188} INFO - [2024-01-28T02:48:19.219+0000] {dag.py:3036} INFO - Sync 1 DAGs
[2024-01-28T02:48:19.258+0000] {logging_mixin.py:188} INFO - [2024-01-28T02:48:19.257+0000] {dag.py:3823} INFO - Setting next_dagrun for example_branch_dop_operator_v3 to 2024-01-28 02:47:00+00:00, run_after=2024-01-28 02:48:00+00:00
[2024-01-28T02:48:19.291+0000] {processor.py:183} INFO - Processing /home/airflow/.local/lib/python3.8/site-packages/airflow/example_dags/example_branch_python_dop_operator_3.py took 0.127 seconds
[2024-01-28T02:48:49.581+0000] {processor.py:161} INFO - Started process (PID=5086) to work on /home/airflow/.local/lib/python3.8/site-packages/airflow/example_dags/example_branch_python_dop_operator_3.py
[2024-01-28T02:48:49.582+0000] {processor.py:830} INFO - Processing file /home/airflow/.local/lib/python3.8/site-packages/airflow/example_dags/example_branch_python_dop_operator_3.py for tasks to queue
[2024-01-28T02:48:49.584+0000] {logging_mixin.py:188} INFO - [2024-01-28T02:48:49.583+0000] {dagbag.py:538} INFO - Filling up the DagBag from /home/airflow/.local/lib/python3.8/site-packages/airflow/example_dags/example_branch_python_dop_operator_3.py
[2024-01-28T02:48:49.592+0000] {processor.py:840} INFO - DAG(s) 'example_branch_dop_operator_v3' retrieved from /home/airflow/.local/lib/python3.8/site-packages/airflow/example_dags/example_branch_python_dop_operator_3.py
[2024-01-28T02:48:49.615+0000] {logging_mixin.py:188} INFO - [2024-01-28T02:48:49.614+0000] {dag.py:3036} INFO - Sync 1 DAGs
[2024-01-28T02:48:49.643+0000] {logging_mixin.py:188} INFO - [2024-01-28T02:48:49.642+0000] {dag.py:3823} INFO - Setting next_dagrun for example_branch_dop_operator_v3 to 2024-01-28 02:47:00+00:00, run_after=2024-01-28 02:48:00+00:00
[2024-01-28T02:48:49.673+0000] {processor.py:183} INFO - Processing /home/airflow/.local/lib/python3.8/site-packages/airflow/example_dags/example_branch_python_dop_operator_3.py took 0.096 seconds
[2024-01-28T02:49:20.408+0000] {processor.py:161} INFO - Started process (PID=5391) to work on /home/airflow/.local/lib/python3.8/site-packages/airflow/example_dags/example_branch_python_dop_operator_3.py
[2024-01-28T02:49:20.409+0000] {processor.py:830} INFO - Processing file /home/airflow/.local/lib/python3.8/site-packages/airflow/example_dags/example_branch_python_dop_operator_3.py for tasks to queue
[2024-01-28T02:49:20.411+0000] {logging_mixin.py:188} INFO - [2024-01-28T02:49:20.410+0000] {dagbag.py:538} INFO - Filling up the DagBag from /home/airflow/.local/lib/python3.8/site-packages/airflow/example_dags/example_branch_python_dop_operator_3.py
[2024-01-28T02:49:20.421+0000] {processor.py:840} INFO - DAG(s) 'example_branch_dop_operator_v3' retrieved from /home/airflow/.local/lib/python3.8/site-packages/airflow/example_dags/example_branch_python_dop_operator_3.py
[2024-01-28T02:49:20.442+0000] {logging_mixin.py:188} INFO - [2024-01-28T02:49:20.442+0000] {dag.py:3036} INFO - Sync 1 DAGs
[2024-01-28T02:49:20.468+0000] {logging_mixin.py:188} INFO - [2024-01-28T02:49:20.468+0000] {dag.py:3823} INFO - Setting next_dagrun for example_branch_dop_operator_v3 to 2024-01-28 02:48:00+00:00, run_after=2024-01-28 02:49:00+00:00
[2024-01-28T02:49:20.499+0000] {processor.py:183} INFO - Processing /home/airflow/.local/lib/python3.8/site-packages/airflow/example_dags/example_branch_python_dop_operator_3.py took 0.094 seconds
[2024-01-28T02:49:51.126+0000] {processor.py:161} INFO - Started process (PID=5691) to work on /home/airflow/.local/lib/python3.8/site-packages/airflow/example_dags/example_branch_python_dop_operator_3.py
[2024-01-28T02:49:51.128+0000] {processor.py:830} INFO - Processing file /home/airflow/.local/lib/python3.8/site-packages/airflow/example_dags/example_branch_python_dop_operator_3.py for tasks to queue
[2024-01-28T02:49:51.129+0000] {logging_mixin.py:188} INFO - [2024-01-28T02:49:51.129+0000] {dagbag.py:538} INFO - Filling up the DagBag from /home/airflow/.local/lib/python3.8/site-packages/airflow/example_dags/example_branch_python_dop_operator_3.py
[2024-01-28T02:49:51.148+0000] {processor.py:840} INFO - DAG(s) 'example_branch_dop_operator_v3' retrieved from /home/airflow/.local/lib/python3.8/site-packages/airflow/example_dags/example_branch_python_dop_operator_3.py
[2024-01-28T02:49:51.172+0000] {logging_mixin.py:188} INFO - [2024-01-28T02:49:51.171+0000] {dag.py:3036} INFO - Sync 1 DAGs
[2024-01-28T02:49:51.203+0000] {logging_mixin.py:188} INFO - [2024-01-28T02:49:51.203+0000] {dag.py:3823} INFO - Setting next_dagrun for example_branch_dop_operator_v3 to 2024-01-28 02:48:00+00:00, run_after=2024-01-28 02:49:00+00:00
[2024-01-28T02:49:51.233+0000] {processor.py:183} INFO - Processing /home/airflow/.local/lib/python3.8/site-packages/airflow/example_dags/example_branch_python_dop_operator_3.py took 0.110 seconds
[2024-01-28T02:50:21.325+0000] {processor.py:161} INFO - Started process (PID=6004) to work on /home/airflow/.local/lib/python3.8/site-packages/airflow/example_dags/example_branch_python_dop_operator_3.py
[2024-01-28T02:50:21.326+0000] {processor.py:830} INFO - Processing file /home/airflow/.local/lib/python3.8/site-packages/airflow/example_dags/example_branch_python_dop_operator_3.py for tasks to queue
[2024-01-28T02:50:21.328+0000] {logging_mixin.py:188} INFO - [2024-01-28T02:50:21.327+0000] {dagbag.py:538} INFO - Filling up the DagBag from /home/airflow/.local/lib/python3.8/site-packages/airflow/example_dags/example_branch_python_dop_operator_3.py
[2024-01-28T02:50:21.338+0000] {processor.py:840} INFO - DAG(s) 'example_branch_dop_operator_v3' retrieved from /home/airflow/.local/lib/python3.8/site-packages/airflow/example_dags/example_branch_python_dop_operator_3.py
[2024-01-28T02:50:21.359+0000] {logging_mixin.py:188} INFO - [2024-01-28T02:50:21.359+0000] {dag.py:3036} INFO - Sync 1 DAGs
[2024-01-28T02:50:21.386+0000] {logging_mixin.py:188} INFO - [2024-01-28T02:50:21.386+0000] {dag.py:3823} INFO - Setting next_dagrun for example_branch_dop_operator_v3 to 2024-01-28 02:49:00+00:00, run_after=2024-01-28 02:50:00+00:00
[2024-01-28T02:50:21.408+0000] {processor.py:183} INFO - Processing /home/airflow/.local/lib/python3.8/site-packages/airflow/example_dags/example_branch_python_dop_operator_3.py took 0.086 seconds
[2024-01-28T02:50:51.650+0000] {processor.py:161} INFO - Started process (PID=6315) to work on /home/airflow/.local/lib/python3.8/site-packages/airflow/example_dags/example_branch_python_dop_operator_3.py
[2024-01-28T02:50:51.651+0000] {processor.py:830} INFO - Processing file /home/airflow/.local/lib/python3.8/site-packages/airflow/example_dags/example_branch_python_dop_operator_3.py for tasks to queue
[2024-01-28T02:50:51.652+0000] {logging_mixin.py:188} INFO - [2024-01-28T02:50:51.652+0000] {dagbag.py:538} INFO - Filling up the DagBag from /home/airflow/.local/lib/python3.8/site-packages/airflow/example_dags/example_branch_python_dop_operator_3.py
[2024-01-28T02:50:51.663+0000] {processor.py:840} INFO - DAG(s) 'example_branch_dop_operator_v3' retrieved from /home/airflow/.local/lib/python3.8/site-packages/airflow/example_dags/example_branch_python_dop_operator_3.py
[2024-01-28T02:50:51.693+0000] {logging_mixin.py:188} INFO - [2024-01-28T02:50:51.693+0000] {dag.py:3036} INFO - Sync 1 DAGs
[2024-01-28T02:50:51.740+0000] {logging_mixin.py:188} INFO - [2024-01-28T02:50:51.740+0000] {dag.py:3823} INFO - Setting next_dagrun for example_branch_dop_operator_v3 to 2024-01-28 02:49:00+00:00, run_after=2024-01-28 02:50:00+00:00
[2024-01-28T02:50:51.784+0000] {processor.py:183} INFO - Processing /home/airflow/.local/lib/python3.8/site-packages/airflow/example_dags/example_branch_python_dop_operator_3.py took 0.138 seconds
[2024-01-28T02:51:23.020+0000] {processor.py:161} INFO - Started process (PID=6630) to work on /home/airflow/.local/lib/python3.8/site-packages/airflow/example_dags/example_branch_python_dop_operator_3.py
[2024-01-28T02:51:23.021+0000] {processor.py:830} INFO - Processing file /home/airflow/.local/lib/python3.8/site-packages/airflow/example_dags/example_branch_python_dop_operator_3.py for tasks to queue
[2024-01-28T02:51:23.023+0000] {logging_mixin.py:188} INFO - [2024-01-28T02:51:23.023+0000] {dagbag.py:538} INFO - Filling up the DagBag from /home/airflow/.local/lib/python3.8/site-packages/airflow/example_dags/example_branch_python_dop_operator_3.py
[2024-01-28T02:51:23.033+0000] {processor.py:840} INFO - DAG(s) 'example_branch_dop_operator_v3' retrieved from /home/airflow/.local/lib/python3.8/site-packages/airflow/example_dags/example_branch_python_dop_operator_3.py
[2024-01-28T02:51:23.199+0000] {logging_mixin.py:188} INFO - [2024-01-28T02:51:23.199+0000] {dag.py:3036} INFO - Sync 1 DAGs
[2024-01-28T02:51:23.225+0000] {logging_mixin.py:188} INFO - [2024-01-28T02:51:23.225+0000] {dag.py:3823} INFO - Setting next_dagrun for example_branch_dop_operator_v3 to 2024-01-28 02:50:00+00:00, run_after=2024-01-28 02:51:00+00:00
[2024-01-28T02:51:23.250+0000] {processor.py:183} INFO - Processing /home/airflow/.local/lib/python3.8/site-packages/airflow/example_dags/example_branch_python_dop_operator_3.py took 0.233 seconds
[2024-01-28T02:51:53.708+0000] {processor.py:161} INFO - Started process (PID=6946) to work on /home/airflow/.local/lib/python3.8/site-packages/airflow/example_dags/example_branch_python_dop_operator_3.py
[2024-01-28T02:51:53.709+0000] {processor.py:830} INFO - Processing file /home/airflow/.local/lib/python3.8/site-packages/airflow/example_dags/example_branch_python_dop_operator_3.py for tasks to queue
[2024-01-28T02:51:53.710+0000] {logging_mixin.py:188} INFO - [2024-01-28T02:51:53.710+0000] {dagbag.py:538} INFO - Filling up the DagBag from /home/airflow/.local/lib/python3.8/site-packages/airflow/example_dags/example_branch_python_dop_operator_3.py
[2024-01-28T02:51:53.719+0000] {processor.py:840} INFO - DAG(s) 'example_branch_dop_operator_v3' retrieved from /home/airflow/.local/lib/python3.8/site-packages/airflow/example_dags/example_branch_python_dop_operator_3.py
[2024-01-28T02:51:53.741+0000] {logging_mixin.py:188} INFO - [2024-01-28T02:51:53.741+0000] {dag.py:3036} INFO - Sync 1 DAGs
[2024-01-28T02:51:53.768+0000] {logging_mixin.py:188} INFO - [2024-01-28T02:51:53.768+0000] {dag.py:3823} INFO - Setting next_dagrun for example_branch_dop_operator_v3 to 2024-01-28 02:50:00+00:00, run_after=2024-01-28 02:51:00+00:00
[2024-01-28T02:51:53.790+0000] {processor.py:183} INFO - Processing /home/airflow/.local/lib/python3.8/site-packages/airflow/example_dags/example_branch_python_dop_operator_3.py took 0.086 seconds
[2024-01-28T02:52:25.441+0000] {processor.py:161} INFO - Started process (PID=7277) to work on /home/airflow/.local/lib/python3.8/site-packages/airflow/example_dags/example_branch_python_dop_operator_3.py
[2024-01-28T02:52:25.443+0000] {processor.py:830} INFO - Processing file /home/airflow/.local/lib/python3.8/site-packages/airflow/example_dags/example_branch_python_dop_operator_3.py for tasks to queue
[2024-01-28T02:52:25.444+0000] {logging_mixin.py:188} INFO - [2024-01-28T02:52:25.444+0000] {dagbag.py:538} INFO - Filling up the DagBag from /home/airflow/.local/lib/python3.8/site-packages/airflow/example_dags/example_branch_python_dop_operator_3.py
[2024-01-28T02:52:25.454+0000] {processor.py:840} INFO - DAG(s) 'example_branch_dop_operator_v3' retrieved from /home/airflow/.local/lib/python3.8/site-packages/airflow/example_dags/example_branch_python_dop_operator_3.py
[2024-01-28T02:52:25.481+0000] {logging_mixin.py:188} INFO - [2024-01-28T02:52:25.480+0000] {dag.py:3036} INFO - Sync 1 DAGs
[2024-01-28T02:52:25.520+0000] {logging_mixin.py:188} INFO - [2024-01-28T02:52:25.520+0000] {dag.py:3823} INFO - Setting next_dagrun for example_branch_dop_operator_v3 to 2024-01-28 02:51:00+00:00, run_after=2024-01-28 02:52:00+00:00
[2024-01-28T02:52:25.559+0000] {processor.py:183} INFO - Processing /home/airflow/.local/lib/python3.8/site-packages/airflow/example_dags/example_branch_python_dop_operator_3.py took 0.123 seconds
[2024-01-28T02:52:56.224+0000] {processor.py:161} INFO - Started process (PID=7584) to work on /home/airflow/.local/lib/python3.8/site-packages/airflow/example_dags/example_branch_python_dop_operator_3.py
[2024-01-28T02:52:56.226+0000] {processor.py:830} INFO - Processing file /home/airflow/.local/lib/python3.8/site-packages/airflow/example_dags/example_branch_python_dop_operator_3.py for tasks to queue
[2024-01-28T02:52:56.227+0000] {logging_mixin.py:188} INFO - [2024-01-28T02:52:56.226+0000] {dagbag.py:538} INFO - Filling up the DagBag from /home/airflow/.local/lib/python3.8/site-packages/airflow/example_dags/example_branch_python_dop_operator_3.py
[2024-01-28T02:52:56.235+0000] {processor.py:840} INFO - DAG(s) 'example_branch_dop_operator_v3' retrieved from /home/airflow/.local/lib/python3.8/site-packages/airflow/example_dags/example_branch_python_dop_operator_3.py
[2024-01-28T02:52:56.258+0000] {logging_mixin.py:188} INFO - [2024-01-28T02:52:56.257+0000] {dag.py:3036} INFO - Sync 1 DAGs
[2024-01-28T02:52:56.282+0000] {logging_mixin.py:188} INFO - [2024-01-28T02:52:56.282+0000] {dag.py:3823} INFO - Setting next_dagrun for example_branch_dop_operator_v3 to 2024-01-28 02:51:00+00:00, run_after=2024-01-28 02:52:00+00:00
[2024-01-28T02:52:56.306+0000] {processor.py:183} INFO - Processing /home/airflow/.local/lib/python3.8/site-packages/airflow/example_dags/example_branch_python_dop_operator_3.py took 0.085 seconds
[2024-01-28T02:53:26.497+0000] {processor.py:161} INFO - Started process (PID=7888) to work on /home/airflow/.local/lib/python3.8/site-packages/airflow/example_dags/example_branch_python_dop_operator_3.py
[2024-01-28T02:53:26.499+0000] {processor.py:830} INFO - Processing file /home/airflow/.local/lib/python3.8/site-packages/airflow/example_dags/example_branch_python_dop_operator_3.py for tasks to queue
[2024-01-28T02:53:26.500+0000] {logging_mixin.py:188} INFO - [2024-01-28T02:53:26.500+0000] {dagbag.py:538} INFO - Filling up the DagBag from /home/airflow/.local/lib/python3.8/site-packages/airflow/example_dags/example_branch_python_dop_operator_3.py
[2024-01-28T02:53:26.511+0000] {processor.py:840} INFO - DAG(s) 'example_branch_dop_operator_v3' retrieved from /home/airflow/.local/lib/python3.8/site-packages/airflow/example_dags/example_branch_python_dop_operator_3.py
[2024-01-28T02:53:26.533+0000] {logging_mixin.py:188} INFO - [2024-01-28T02:53:26.532+0000] {dag.py:3036} INFO - Sync 1 DAGs
[2024-01-28T02:53:26.559+0000] {logging_mixin.py:188} INFO - [2024-01-28T02:53:26.558+0000] {dag.py:3823} INFO - Setting next_dagrun for example_branch_dop_operator_v3 to 2024-01-28 02:52:00+00:00, run_after=2024-01-28 02:53:00+00:00
[2024-01-28T02:53:26.581+0000] {processor.py:183} INFO - Processing /home/airflow/.local/lib/python3.8/site-packages/airflow/example_dags/example_branch_python_dop_operator_3.py took 0.088 seconds
[2024-01-28T02:53:56.745+0000] {processor.py:161} INFO - Started process (PID=8199) to work on /home/airflow/.local/lib/python3.8/site-packages/airflow/example_dags/example_branch_python_dop_operator_3.py
[2024-01-28T02:53:56.746+0000] {processor.py:830} INFO - Processing file /home/airflow/.local/lib/python3.8/site-packages/airflow/example_dags/example_branch_python_dop_operator_3.py for tasks to queue
[2024-01-28T02:53:56.747+0000] {logging_mixin.py:188} INFO - [2024-01-28T02:53:56.747+0000] {dagbag.py:538} INFO - Filling up the DagBag from /home/airflow/.local/lib/python3.8/site-packages/airflow/example_dags/example_branch_python_dop_operator_3.py
[2024-01-28T02:53:56.760+0000] {processor.py:840} INFO - DAG(s) 'example_branch_dop_operator_v3' retrieved from /home/airflow/.local/lib/python3.8/site-packages/airflow/example_dags/example_branch_python_dop_operator_3.py
[2024-01-28T02:53:56.781+0000] {logging_mixin.py:188} INFO - [2024-01-28T02:53:56.781+0000] {dag.py:3036} INFO - Sync 1 DAGs
[2024-01-28T02:53:56.809+0000] {logging_mixin.py:188} INFO - [2024-01-28T02:53:56.809+0000] {dag.py:3823} INFO - Setting next_dagrun for example_branch_dop_operator_v3 to 2024-01-28 02:52:00+00:00, run_after=2024-01-28 02:53:00+00:00
[2024-01-28T02:53:56.834+0000] {processor.py:183} INFO - Processing /home/airflow/.local/lib/python3.8/site-packages/airflow/example_dags/example_branch_python_dop_operator_3.py took 0.093 seconds
[2024-01-28T02:54:26.999+0000] {processor.py:161} INFO - Started process (PID=8509) to work on /home/airflow/.local/lib/python3.8/site-packages/airflow/example_dags/example_branch_python_dop_operator_3.py
[2024-01-28T02:54:27.001+0000] {processor.py:830} INFO - Processing file /home/airflow/.local/lib/python3.8/site-packages/airflow/example_dags/example_branch_python_dop_operator_3.py for tasks to queue
[2024-01-28T02:54:27.003+0000] {logging_mixin.py:188} INFO - [2024-01-28T02:54:27.002+0000] {dagbag.py:538} INFO - Filling up the DagBag from /home/airflow/.local/lib/python3.8/site-packages/airflow/example_dags/example_branch_python_dop_operator_3.py
[2024-01-28T02:54:27.014+0000] {processor.py:840} INFO - DAG(s) 'example_branch_dop_operator_v3' retrieved from /home/airflow/.local/lib/python3.8/site-packages/airflow/example_dags/example_branch_python_dop_operator_3.py
[2024-01-28T02:54:27.036+0000] {logging_mixin.py:188} INFO - [2024-01-28T02:54:27.036+0000] {dag.py:3036} INFO - Sync 1 DAGs
[2024-01-28T02:54:27.065+0000] {logging_mixin.py:188} INFO - [2024-01-28T02:54:27.065+0000] {dag.py:3823} INFO - Setting next_dagrun for example_branch_dop_operator_v3 to 2024-01-28 02:53:00+00:00, run_after=2024-01-28 02:54:00+00:00
[2024-01-28T02:54:27.089+0000] {processor.py:183} INFO - Processing /home/airflow/.local/lib/python3.8/site-packages/airflow/example_dags/example_branch_python_dop_operator_3.py took 0.094 seconds
[2024-01-28T02:54:57.571+0000] {processor.py:161} INFO - Started process (PID=8820) to work on /home/airflow/.local/lib/python3.8/site-packages/airflow/example_dags/example_branch_python_dop_operator_3.py
[2024-01-28T02:54:57.572+0000] {processor.py:830} INFO - Processing file /home/airflow/.local/lib/python3.8/site-packages/airflow/example_dags/example_branch_python_dop_operator_3.py for tasks to queue
[2024-01-28T02:54:57.574+0000] {logging_mixin.py:188} INFO - [2024-01-28T02:54:57.573+0000] {dagbag.py:538} INFO - Filling up the DagBag from /home/airflow/.local/lib/python3.8/site-packages/airflow/example_dags/example_branch_python_dop_operator_3.py
[2024-01-28T02:54:57.585+0000] {processor.py:840} INFO - DAG(s) 'example_branch_dop_operator_v3' retrieved from /home/airflow/.local/lib/python3.8/site-packages/airflow/example_dags/example_branch_python_dop_operator_3.py
[2024-01-28T02:54:57.608+0000] {logging_mixin.py:188} INFO - [2024-01-28T02:54:57.608+0000] {dag.py:3036} INFO - Sync 1 DAGs
[2024-01-28T02:54:57.636+0000] {logging_mixin.py:188} INFO - [2024-01-28T02:54:57.635+0000] {dag.py:3823} INFO - Setting next_dagrun for example_branch_dop_operator_v3 to 2024-01-28 02:53:00+00:00, run_after=2024-01-28 02:54:00+00:00
[2024-01-28T02:54:57.657+0000] {processor.py:183} INFO - Processing /home/airflow/.local/lib/python3.8/site-packages/airflow/example_dags/example_branch_python_dop_operator_3.py took 0.089 seconds
[2024-01-28T02:55:36.758+0000] {processor.py:161} INFO - Started process (PID=9165) to work on /home/airflow/.local/lib/python3.8/site-packages/airflow/example_dags/example_branch_python_dop_operator_3.py
[2024-01-28T02:55:36.760+0000] {processor.py:830} INFO - Processing file /home/airflow/.local/lib/python3.8/site-packages/airflow/example_dags/example_branch_python_dop_operator_3.py for tasks to queue
[2024-01-28T02:55:36.761+0000] {logging_mixin.py:188} INFO - [2024-01-28T02:55:36.761+0000] {dagbag.py:538} INFO - Filling up the DagBag from /home/airflow/.local/lib/python3.8/site-packages/airflow/example_dags/example_branch_python_dop_operator_3.py
[2024-01-28T02:55:36.776+0000] {processor.py:840} INFO - DAG(s) 'example_branch_dop_operator_v3' retrieved from /home/airflow/.local/lib/python3.8/site-packages/airflow/example_dags/example_branch_python_dop_operator_3.py
[2024-01-28T02:55:36.801+0000] {logging_mixin.py:188} INFO - [2024-01-28T02:55:36.800+0000] {dag.py:3036} INFO - Sync 1 DAGs
[2024-01-28T02:55:36.834+0000] {logging_mixin.py:188} INFO - [2024-01-28T02:55:36.834+0000] {dag.py:3823} INFO - Setting next_dagrun for example_branch_dop_operator_v3 to 2024-01-28 02:54:00+00:00, run_after=2024-01-28 02:55:00+00:00
[2024-01-28T02:55:36.875+0000] {processor.py:183} INFO - Processing /home/airflow/.local/lib/python3.8/site-packages/airflow/example_dags/example_branch_python_dop_operator_3.py took 0.120 seconds
[2024-01-28T02:56:07.055+0000] {processor.py:161} INFO - Started process (PID=9477) to work on /home/airflow/.local/lib/python3.8/site-packages/airflow/example_dags/example_branch_python_dop_operator_3.py
[2024-01-28T02:56:07.056+0000] {processor.py:830} INFO - Processing file /home/airflow/.local/lib/python3.8/site-packages/airflow/example_dags/example_branch_python_dop_operator_3.py for tasks to queue
[2024-01-28T02:56:07.057+0000] {logging_mixin.py:188} INFO - [2024-01-28T02:56:07.057+0000] {dagbag.py:538} INFO - Filling up the DagBag from /home/airflow/.local/lib/python3.8/site-packages/airflow/example_dags/example_branch_python_dop_operator_3.py
[2024-01-28T02:56:07.065+0000] {processor.py:840} INFO - DAG(s) 'example_branch_dop_operator_v3' retrieved from /home/airflow/.local/lib/python3.8/site-packages/airflow/example_dags/example_branch_python_dop_operator_3.py
[2024-01-28T02:56:07.084+0000] {logging_mixin.py:188} INFO - [2024-01-28T02:56:07.084+0000] {dag.py:3036} INFO - Sync 1 DAGs
[2024-01-28T02:56:07.109+0000] {logging_mixin.py:188} INFO - [2024-01-28T02:56:07.109+0000] {dag.py:3823} INFO - Setting next_dagrun for example_branch_dop_operator_v3 to 2024-01-28 02:55:00+00:00, run_after=2024-01-28 02:56:00+00:00
[2024-01-28T02:56:07.134+0000] {processor.py:183} INFO - Processing /home/airflow/.local/lib/python3.8/site-packages/airflow/example_dags/example_branch_python_dop_operator_3.py took 0.082 seconds
[2024-01-28T02:56:38.049+0000] {processor.py:161} INFO - Started process (PID=9786) to work on /home/airflow/.local/lib/python3.8/site-packages/airflow/example_dags/example_branch_python_dop_operator_3.py
[2024-01-28T02:56:38.050+0000] {processor.py:830} INFO - Processing file /home/airflow/.local/lib/python3.8/site-packages/airflow/example_dags/example_branch_python_dop_operator_3.py for tasks to queue
[2024-01-28T02:56:38.051+0000] {logging_mixin.py:188} INFO - [2024-01-28T02:56:38.051+0000] {dagbag.py:538} INFO - Filling up the DagBag from /home/airflow/.local/lib/python3.8/site-packages/airflow/example_dags/example_branch_python_dop_operator_3.py
[2024-01-28T02:56:38.059+0000] {processor.py:840} INFO - DAG(s) 'example_branch_dop_operator_v3' retrieved from /home/airflow/.local/lib/python3.8/site-packages/airflow/example_dags/example_branch_python_dop_operator_3.py
[2024-01-28T02:56:38.079+0000] {logging_mixin.py:188} INFO - [2024-01-28T02:56:38.079+0000] {dag.py:3036} INFO - Sync 1 DAGs
[2024-01-28T02:56:38.107+0000] {logging_mixin.py:188} INFO - [2024-01-28T02:56:38.107+0000] {dag.py:3823} INFO - Setting next_dagrun for example_branch_dop_operator_v3 to 2024-01-28 02:55:00+00:00, run_after=2024-01-28 02:56:00+00:00
[2024-01-28T02:56:38.137+0000] {processor.py:183} INFO - Processing /home/airflow/.local/lib/python3.8/site-packages/airflow/example_dags/example_branch_python_dop_operator_3.py took 0.092 seconds
[2024-01-28T02:57:09.833+0000] {processor.py:161} INFO - Started process (PID=10105) to work on /home/airflow/.local/lib/python3.8/site-packages/airflow/example_dags/example_branch_python_dop_operator_3.py
[2024-01-28T02:57:09.834+0000] {processor.py:830} INFO - Processing file /home/airflow/.local/lib/python3.8/site-packages/airflow/example_dags/example_branch_python_dop_operator_3.py for tasks to queue
[2024-01-28T02:57:09.835+0000] {logging_mixin.py:188} INFO - [2024-01-28T02:57:09.835+0000] {dagbag.py:538} INFO - Filling up the DagBag from /home/airflow/.local/lib/python3.8/site-packages/airflow/example_dags/example_branch_python_dop_operator_3.py
[2024-01-28T02:57:09.844+0000] {processor.py:840} INFO - DAG(s) 'example_branch_dop_operator_v3' retrieved from /home/airflow/.local/lib/python3.8/site-packages/airflow/example_dags/example_branch_python_dop_operator_3.py
[2024-01-28T02:57:09.863+0000] {logging_mixin.py:188} INFO - [2024-01-28T02:57:09.863+0000] {dag.py:3036} INFO - Sync 1 DAGs
[2024-01-28T02:57:09.887+0000] {logging_mixin.py:188} INFO - [2024-01-28T02:57:09.886+0000] {dag.py:3823} INFO - Setting next_dagrun for example_branch_dop_operator_v3 to 2024-01-28 02:56:00+00:00, run_after=2024-01-28 02:57:00+00:00
[2024-01-28T02:57:09.910+0000] {processor.py:183} INFO - Processing /home/airflow/.local/lib/python3.8/site-packages/airflow/example_dags/example_branch_python_dop_operator_3.py took 0.081 seconds
[2024-01-28T02:57:41.618+0000] {processor.py:161} INFO - Started process (PID=10429) to work on /home/airflow/.local/lib/python3.8/site-packages/airflow/example_dags/example_branch_python_dop_operator_3.py
[2024-01-28T02:57:41.620+0000] {processor.py:830} INFO - Processing file /home/airflow/.local/lib/python3.8/site-packages/airflow/example_dags/example_branch_python_dop_operator_3.py for tasks to queue
[2024-01-28T02:57:41.623+0000] {logging_mixin.py:188} INFO - [2024-01-28T02:57:41.623+0000] {dagbag.py:538} INFO - Filling up the DagBag from /home/airflow/.local/lib/python3.8/site-packages/airflow/example_dags/example_branch_python_dop_operator_3.py
[2024-01-28T02:57:41.634+0000] {processor.py:840} INFO - DAG(s) 'example_branch_dop_operator_v3' retrieved from /home/airflow/.local/lib/python3.8/site-packages/airflow/example_dags/example_branch_python_dop_operator_3.py
[2024-01-28T02:57:41.664+0000] {logging_mixin.py:188} INFO - [2024-01-28T02:57:41.660+0000] {dag.py:3036} INFO - Sync 1 DAGs
[2024-01-28T02:57:41.718+0000] {logging_mixin.py:188} INFO - [2024-01-28T02:57:41.717+0000] {dag.py:3823} INFO - Setting next_dagrun for example_branch_dop_operator_v3 to 2024-01-28 02:56:00+00:00, run_after=2024-01-28 02:57:00+00:00
[2024-01-28T02:57:41.757+0000] {processor.py:183} INFO - Processing /home/airflow/.local/lib/python3.8/site-packages/airflow/example_dags/example_branch_python_dop_operator_3.py took 0.145 seconds
[2024-01-28T02:58:12.063+0000] {processor.py:161} INFO - Started process (PID=10735) to work on /home/airflow/.local/lib/python3.8/site-packages/airflow/example_dags/example_branch_python_dop_operator_3.py
[2024-01-28T02:58:12.069+0000] {processor.py:830} INFO - Processing file /home/airflow/.local/lib/python3.8/site-packages/airflow/example_dags/example_branch_python_dop_operator_3.py for tasks to queue
[2024-01-28T02:58:12.071+0000] {logging_mixin.py:188} INFO - [2024-01-28T02:58:12.070+0000] {dagbag.py:538} INFO - Filling up the DagBag from /home/airflow/.local/lib/python3.8/site-packages/airflow/example_dags/example_branch_python_dop_operator_3.py
[2024-01-28T02:58:12.082+0000] {processor.py:840} INFO - DAG(s) 'example_branch_dop_operator_v3' retrieved from /home/airflow/.local/lib/python3.8/site-packages/airflow/example_dags/example_branch_python_dop_operator_3.py
[2024-01-28T02:58:12.107+0000] {logging_mixin.py:188} INFO - [2024-01-28T02:58:12.107+0000] {dag.py:3036} INFO - Sync 1 DAGs
[2024-01-28T02:58:12.146+0000] {logging_mixin.py:188} INFO - [2024-01-28T02:58:12.145+0000] {dag.py:3823} INFO - Setting next_dagrun for example_branch_dop_operator_v3 to 2024-01-28 02:57:00+00:00, run_after=2024-01-28 02:58:00+00:00
[2024-01-28T02:58:12.178+0000] {processor.py:183} INFO - Processing /home/airflow/.local/lib/python3.8/site-packages/airflow/example_dags/example_branch_python_dop_operator_3.py took 0.119 seconds
