[2024-01-28T02:40:38.931+0000] {processor.py:161} INFO - Started process (PID=300) to work on /home/airflow/.local/lib/python3.8/site-packages/airflow/example_dags/example_datasets.py
[2024-01-28T02:40:38.936+0000] {processor.py:830} INFO - Processing file /home/airflow/.local/lib/python3.8/site-packages/airflow/example_dags/example_datasets.py for tasks to queue
[2024-01-28T02:40:38.939+0000] {logging_mixin.py:188} INFO - [2024-01-28T02:40:38.939+0000] {dagbag.py:538} INFO - Filling up the DagBag from /home/airflow/.local/lib/python3.8/site-packages/airflow/example_dags/example_datasets.py
[2024-01-28T02:40:38.966+0000] {processor.py:840} INFO - DAG(s) 'dataset_consumes_1_never_scheduled', 'dataset_consumes_1_and_2', 'dataset_produces_2', 'dataset_produces_1', 'dataset_consumes_unknown_never_scheduled', 'dataset_consumes_1' retrieved from /home/airflow/.local/lib/python3.8/site-packages/airflow/example_dags/example_datasets.py
[2024-01-28T02:40:39.161+0000] {logging_mixin.py:188} INFO - [2024-01-28T02:40:39.160+0000] {dag.py:3036} INFO - Sync 6 DAGs
[2024-01-28T02:40:39.189+0000] {logging_mixin.py:188} INFO - [2024-01-28T02:40:39.189+0000] {dag.py:3823} INFO - Setting next_dagrun for dataset_consumes_1 to None, run_after=None
[2024-01-28T02:40:39.193+0000] {logging_mixin.py:188} INFO - [2024-01-28T02:40:39.192+0000] {dag.py:3823} INFO - Setting next_dagrun for dataset_consumes_1_and_2 to None, run_after=None
[2024-01-28T02:40:39.194+0000] {logging_mixin.py:188} INFO - [2024-01-28T02:40:39.194+0000] {dag.py:3823} INFO - Setting next_dagrun for dataset_consumes_1_never_scheduled to None, run_after=None
[2024-01-28T02:40:39.196+0000] {logging_mixin.py:188} INFO - [2024-01-28T02:40:39.196+0000] {dag.py:3823} INFO - Setting next_dagrun for dataset_consumes_unknown_never_scheduled to None, run_after=None
[2024-01-28T02:40:39.199+0000] {logging_mixin.py:188} INFO - [2024-01-28T02:40:39.199+0000] {dag.py:3823} INFO - Setting next_dagrun for dataset_produces_1 to 2024-01-27 00:00:00+00:00, run_after=2024-01-28 00:00:00+00:00
[2024-01-28T02:40:39.201+0000] {logging_mixin.py:188} INFO - [2024-01-28T02:40:39.201+0000] {dag.py:3823} INFO - Setting next_dagrun for dataset_produces_2 to None, run_after=None
[2024-01-28T02:40:39.315+0000] {processor.py:183} INFO - Processing /home/airflow/.local/lib/python3.8/site-packages/airflow/example_dags/example_datasets.py took 0.389 seconds
[2024-01-28T02:41:11.765+0000] {processor.py:161} INFO - Started process (PID=610) to work on /home/airflow/.local/lib/python3.8/site-packages/airflow/example_dags/example_datasets.py
[2024-01-28T02:41:11.766+0000] {processor.py:830} INFO - Processing file /home/airflow/.local/lib/python3.8/site-packages/airflow/example_dags/example_datasets.py for tasks to queue
[2024-01-28T02:41:11.767+0000] {logging_mixin.py:188} INFO - [2024-01-28T02:41:11.767+0000] {dagbag.py:538} INFO - Filling up the DagBag from /home/airflow/.local/lib/python3.8/site-packages/airflow/example_dags/example_datasets.py
[2024-01-28T02:41:11.779+0000] {processor.py:840} INFO - DAG(s) 'dataset_consumes_1_never_scheduled', 'dataset_produces_1', 'dataset_consumes_1', 'dataset_consumes_unknown_never_scheduled', 'dataset_produces_2', 'dataset_consumes_1_and_2' retrieved from /home/airflow/.local/lib/python3.8/site-packages/airflow/example_dags/example_datasets.py
[2024-01-28T02:41:11.832+0000] {logging_mixin.py:188} INFO - [2024-01-28T02:41:11.832+0000] {dag.py:3036} INFO - Sync 6 DAGs
[2024-01-28T02:41:11.868+0000] {logging_mixin.py:188} INFO - [2024-01-28T02:41:11.868+0000] {dag.py:3823} INFO - Setting next_dagrun for dataset_consumes_1 to None, run_after=None
[2024-01-28T02:41:11.873+0000] {logging_mixin.py:188} INFO - [2024-01-28T02:41:11.873+0000] {dag.py:3823} INFO - Setting next_dagrun for dataset_consumes_1_and_2 to None, run_after=None
[2024-01-28T02:41:11.875+0000] {logging_mixin.py:188} INFO - [2024-01-28T02:41:11.875+0000] {dag.py:3823} INFO - Setting next_dagrun for dataset_consumes_1_never_scheduled to None, run_after=None
[2024-01-28T02:41:11.879+0000] {logging_mixin.py:188} INFO - [2024-01-28T02:41:11.878+0000] {dag.py:3823} INFO - Setting next_dagrun for dataset_consumes_unknown_never_scheduled to None, run_after=None
[2024-01-28T02:41:11.885+0000] {logging_mixin.py:188} INFO - [2024-01-28T02:41:11.885+0000] {dag.py:3823} INFO - Setting next_dagrun for dataset_produces_1 to 2024-01-27 00:00:00+00:00, run_after=2024-01-28 00:00:00+00:00
[2024-01-28T02:41:11.889+0000] {logging_mixin.py:188} INFO - [2024-01-28T02:41:11.889+0000] {dag.py:3823} INFO - Setting next_dagrun for dataset_produces_2 to None, run_after=None
[2024-01-28T02:41:11.958+0000] {processor.py:183} INFO - Processing /home/airflow/.local/lib/python3.8/site-packages/airflow/example_dags/example_datasets.py took 0.198 seconds
[2024-01-28T02:41:42.932+0000] {processor.py:161} INFO - Started process (PID=921) to work on /home/airflow/.local/lib/python3.8/site-packages/airflow/example_dags/example_datasets.py
[2024-01-28T02:41:42.934+0000] {processor.py:830} INFO - Processing file /home/airflow/.local/lib/python3.8/site-packages/airflow/example_dags/example_datasets.py for tasks to queue
[2024-01-28T02:41:42.935+0000] {logging_mixin.py:188} INFO - [2024-01-28T02:41:42.935+0000] {dagbag.py:538} INFO - Filling up the DagBag from /home/airflow/.local/lib/python3.8/site-packages/airflow/example_dags/example_datasets.py
[2024-01-28T02:41:42.944+0000] {processor.py:840} INFO - DAG(s) 'dataset_consumes_1', 'dataset_produces_1', 'dataset_consumes_unknown_never_scheduled', 'dataset_consumes_1_never_scheduled', 'dataset_produces_2', 'dataset_consumes_1_and_2' retrieved from /home/airflow/.local/lib/python3.8/site-packages/airflow/example_dags/example_datasets.py
[2024-01-28T02:41:42.980+0000] {logging_mixin.py:188} INFO - [2024-01-28T02:41:42.980+0000] {dag.py:3036} INFO - Sync 6 DAGs
[2024-01-28T02:41:43.002+0000] {logging_mixin.py:188} INFO - [2024-01-28T02:41:43.002+0000] {dag.py:3823} INFO - Setting next_dagrun for dataset_consumes_1 to None, run_after=None
[2024-01-28T02:41:43.006+0000] {logging_mixin.py:188} INFO - [2024-01-28T02:41:43.006+0000] {dag.py:3823} INFO - Setting next_dagrun for dataset_consumes_1_and_2 to None, run_after=None
[2024-01-28T02:41:43.008+0000] {logging_mixin.py:188} INFO - [2024-01-28T02:41:43.008+0000] {dag.py:3823} INFO - Setting next_dagrun for dataset_consumes_1_never_scheduled to None, run_after=None
[2024-01-28T02:41:43.010+0000] {logging_mixin.py:188} INFO - [2024-01-28T02:41:43.009+0000] {dag.py:3823} INFO - Setting next_dagrun for dataset_consumes_unknown_never_scheduled to None, run_after=None
[2024-01-28T02:41:43.014+0000] {logging_mixin.py:188} INFO - [2024-01-28T02:41:43.013+0000] {dag.py:3823} INFO - Setting next_dagrun for dataset_produces_1 to 2024-01-27 00:00:00+00:00, run_after=2024-01-28 00:00:00+00:00
[2024-01-28T02:41:43.015+0000] {logging_mixin.py:188} INFO - [2024-01-28T02:41:43.015+0000] {dag.py:3823} INFO - Setting next_dagrun for dataset_produces_2 to None, run_after=None
[2024-01-28T02:41:43.050+0000] {processor.py:183} INFO - Processing /home/airflow/.local/lib/python3.8/site-packages/airflow/example_dags/example_datasets.py took 0.121 seconds
[2024-01-28T02:42:13.452+0000] {processor.py:161} INFO - Started process (PID=1221) to work on /home/airflow/.local/lib/python3.8/site-packages/airflow/example_dags/example_datasets.py
[2024-01-28T02:42:13.454+0000] {processor.py:830} INFO - Processing file /home/airflow/.local/lib/python3.8/site-packages/airflow/example_dags/example_datasets.py for tasks to queue
[2024-01-28T02:42:13.455+0000] {logging_mixin.py:188} INFO - [2024-01-28T02:42:13.455+0000] {dagbag.py:538} INFO - Filling up the DagBag from /home/airflow/.local/lib/python3.8/site-packages/airflow/example_dags/example_datasets.py
[2024-01-28T02:42:13.466+0000] {processor.py:840} INFO - DAG(s) 'dataset_consumes_1', 'dataset_consumes_1_and_2', 'dataset_consumes_1_never_scheduled', 'dataset_produces_2', 'dataset_produces_1', 'dataset_consumes_unknown_never_scheduled' retrieved from /home/airflow/.local/lib/python3.8/site-packages/airflow/example_dags/example_datasets.py
[2024-01-28T02:42:13.513+0000] {logging_mixin.py:188} INFO - [2024-01-28T02:42:13.513+0000] {dag.py:3036} INFO - Sync 6 DAGs
[2024-01-28T02:42:13.541+0000] {logging_mixin.py:188} INFO - [2024-01-28T02:42:13.541+0000] {dag.py:3823} INFO - Setting next_dagrun for dataset_consumes_1 to None, run_after=None
[2024-01-28T02:42:13.546+0000] {logging_mixin.py:188} INFO - [2024-01-28T02:42:13.545+0000] {dag.py:3823} INFO - Setting next_dagrun for dataset_consumes_1_and_2 to None, run_after=None
[2024-01-28T02:42:13.548+0000] {logging_mixin.py:188} INFO - [2024-01-28T02:42:13.547+0000] {dag.py:3823} INFO - Setting next_dagrun for dataset_consumes_1_never_scheduled to None, run_after=None
[2024-01-28T02:42:13.549+0000] {logging_mixin.py:188} INFO - [2024-01-28T02:42:13.549+0000] {dag.py:3823} INFO - Setting next_dagrun for dataset_consumes_unknown_never_scheduled to None, run_after=None
[2024-01-28T02:42:13.554+0000] {logging_mixin.py:188} INFO - [2024-01-28T02:42:13.554+0000] {dag.py:3823} INFO - Setting next_dagrun for dataset_produces_1 to 2024-01-27 00:00:00+00:00, run_after=2024-01-28 00:00:00+00:00
[2024-01-28T02:42:13.556+0000] {logging_mixin.py:188} INFO - [2024-01-28T02:42:13.556+0000] {dag.py:3823} INFO - Setting next_dagrun for dataset_produces_2 to None, run_after=None
[2024-01-28T02:42:13.620+0000] {processor.py:183} INFO - Processing /home/airflow/.local/lib/python3.8/site-packages/airflow/example_dags/example_datasets.py took 0.173 seconds
[2024-01-28T02:42:44.895+0000] {processor.py:161} INFO - Started process (PID=1533) to work on /home/airflow/.local/lib/python3.8/site-packages/airflow/example_dags/example_datasets.py
[2024-01-28T02:42:44.897+0000] {processor.py:830} INFO - Processing file /home/airflow/.local/lib/python3.8/site-packages/airflow/example_dags/example_datasets.py for tasks to queue
[2024-01-28T02:42:44.898+0000] {logging_mixin.py:188} INFO - [2024-01-28T02:42:44.898+0000] {dagbag.py:538} INFO - Filling up the DagBag from /home/airflow/.local/lib/python3.8/site-packages/airflow/example_dags/example_datasets.py
[2024-01-28T02:42:44.909+0000] {processor.py:840} INFO - DAG(s) 'dataset_consumes_unknown_never_scheduled', 'dataset_consumes_1_never_scheduled', 'dataset_consumes_1', 'dataset_produces_1', 'dataset_consumes_1_and_2', 'dataset_produces_2' retrieved from /home/airflow/.local/lib/python3.8/site-packages/airflow/example_dags/example_datasets.py
[2024-01-28T02:42:44.954+0000] {logging_mixin.py:188} INFO - [2024-01-28T02:42:44.954+0000] {dag.py:3036} INFO - Sync 6 DAGs
[2024-01-28T02:42:44.975+0000] {logging_mixin.py:188} INFO - [2024-01-28T02:42:44.975+0000] {dag.py:3823} INFO - Setting next_dagrun for dataset_consumes_1 to None, run_after=None
[2024-01-28T02:42:44.980+0000] {logging_mixin.py:188} INFO - [2024-01-28T02:42:44.980+0000] {dag.py:3823} INFO - Setting next_dagrun for dataset_consumes_1_and_2 to None, run_after=None
[2024-01-28T02:42:44.983+0000] {logging_mixin.py:188} INFO - [2024-01-28T02:42:44.983+0000] {dag.py:3823} INFO - Setting next_dagrun for dataset_consumes_1_never_scheduled to None, run_after=None
[2024-01-28T02:42:44.984+0000] {logging_mixin.py:188} INFO - [2024-01-28T02:42:44.984+0000] {dag.py:3823} INFO - Setting next_dagrun for dataset_consumes_unknown_never_scheduled to None, run_after=None
[2024-01-28T02:42:44.989+0000] {logging_mixin.py:188} INFO - [2024-01-28T02:42:44.988+0000] {dag.py:3823} INFO - Setting next_dagrun for dataset_produces_1 to 2024-01-27 00:00:00+00:00, run_after=2024-01-28 00:00:00+00:00
[2024-01-28T02:42:44.990+0000] {logging_mixin.py:188} INFO - [2024-01-28T02:42:44.990+0000] {dag.py:3823} INFO - Setting next_dagrun for dataset_produces_2 to None, run_after=None
[2024-01-28T02:42:45.026+0000] {processor.py:183} INFO - Processing /home/airflow/.local/lib/python3.8/site-packages/airflow/example_dags/example_datasets.py took 0.135 seconds
[2024-01-28T02:43:15.479+0000] {processor.py:161} INFO - Started process (PID=1833) to work on /home/airflow/.local/lib/python3.8/site-packages/airflow/example_dags/example_datasets.py
[2024-01-28T02:43:15.481+0000] {processor.py:830} INFO - Processing file /home/airflow/.local/lib/python3.8/site-packages/airflow/example_dags/example_datasets.py for tasks to queue
[2024-01-28T02:43:15.483+0000] {logging_mixin.py:188} INFO - [2024-01-28T02:43:15.483+0000] {dagbag.py:538} INFO - Filling up the DagBag from /home/airflow/.local/lib/python3.8/site-packages/airflow/example_dags/example_datasets.py
[2024-01-28T02:43:15.499+0000] {processor.py:840} INFO - DAG(s) 'dataset_consumes_1_and_2', 'dataset_produces_2', 'dataset_produces_1', 'dataset_consumes_1_never_scheduled', 'dataset_consumes_1', 'dataset_consumes_unknown_never_scheduled' retrieved from /home/airflow/.local/lib/python3.8/site-packages/airflow/example_dags/example_datasets.py
[2024-01-28T02:43:15.591+0000] {logging_mixin.py:188} INFO - [2024-01-28T02:43:15.591+0000] {dag.py:3036} INFO - Sync 6 DAGs
[2024-01-28T02:43:15.632+0000] {logging_mixin.py:188} INFO - [2024-01-28T02:43:15.632+0000] {dag.py:3823} INFO - Setting next_dagrun for dataset_consumes_1 to None, run_after=None
[2024-01-28T02:43:15.643+0000] {logging_mixin.py:188} INFO - [2024-01-28T02:43:15.642+0000] {dag.py:3823} INFO - Setting next_dagrun for dataset_consumes_1_and_2 to None, run_after=None
[2024-01-28T02:43:15.646+0000] {logging_mixin.py:188} INFO - [2024-01-28T02:43:15.645+0000] {dag.py:3823} INFO - Setting next_dagrun for dataset_consumes_1_never_scheduled to None, run_after=None
[2024-01-28T02:43:15.648+0000] {logging_mixin.py:188} INFO - [2024-01-28T02:43:15.648+0000] {dag.py:3823} INFO - Setting next_dagrun for dataset_consumes_unknown_never_scheduled to None, run_after=None
[2024-01-28T02:43:15.655+0000] {logging_mixin.py:188} INFO - [2024-01-28T02:43:15.655+0000] {dag.py:3823} INFO - Setting next_dagrun for dataset_produces_1 to 2024-01-27 00:00:00+00:00, run_after=2024-01-28 00:00:00+00:00
[2024-01-28T02:43:15.659+0000] {logging_mixin.py:188} INFO - [2024-01-28T02:43:15.659+0000] {dag.py:3823} INFO - Setting next_dagrun for dataset_produces_2 to None, run_after=None
[2024-01-28T02:43:15.726+0000] {processor.py:183} INFO - Processing /home/airflow/.local/lib/python3.8/site-packages/airflow/example_dags/example_datasets.py took 0.250 seconds
[2024-01-28T02:43:46.488+0000] {processor.py:161} INFO - Started process (PID=2141) to work on /home/airflow/.local/lib/python3.8/site-packages/airflow/example_dags/example_datasets.py
[2024-01-28T02:43:46.491+0000] {processor.py:830} INFO - Processing file /home/airflow/.local/lib/python3.8/site-packages/airflow/example_dags/example_datasets.py for tasks to queue
[2024-01-28T02:43:46.492+0000] {logging_mixin.py:188} INFO - [2024-01-28T02:43:46.492+0000] {dagbag.py:538} INFO - Filling up the DagBag from /home/airflow/.local/lib/python3.8/site-packages/airflow/example_dags/example_datasets.py
[2024-01-28T02:43:46.515+0000] {processor.py:840} INFO - DAG(s) 'dataset_consumes_1_never_scheduled', 'dataset_consumes_1_and_2', 'dataset_consumes_unknown_never_scheduled', 'dataset_produces_2', 'dataset_produces_1', 'dataset_consumes_1' retrieved from /home/airflow/.local/lib/python3.8/site-packages/airflow/example_dags/example_datasets.py
[2024-01-28T02:43:46.577+0000] {logging_mixin.py:188} INFO - [2024-01-28T02:43:46.577+0000] {dag.py:3036} INFO - Sync 6 DAGs
[2024-01-28T02:43:46.609+0000] {logging_mixin.py:188} INFO - [2024-01-28T02:43:46.609+0000] {dag.py:3823} INFO - Setting next_dagrun for dataset_consumes_1 to None, run_after=None
[2024-01-28T02:43:46.614+0000] {logging_mixin.py:188} INFO - [2024-01-28T02:43:46.614+0000] {dag.py:3823} INFO - Setting next_dagrun for dataset_consumes_1_and_2 to None, run_after=None
[2024-01-28T02:43:46.616+0000] {logging_mixin.py:188} INFO - [2024-01-28T02:43:46.616+0000] {dag.py:3823} INFO - Setting next_dagrun for dataset_consumes_1_never_scheduled to None, run_after=None
[2024-01-28T02:43:46.620+0000] {logging_mixin.py:188} INFO - [2024-01-28T02:43:46.620+0000] {dag.py:3823} INFO - Setting next_dagrun for dataset_consumes_unknown_never_scheduled to None, run_after=None
[2024-01-28T02:43:46.625+0000] {logging_mixin.py:188} INFO - [2024-01-28T02:43:46.625+0000] {dag.py:3823} INFO - Setting next_dagrun for dataset_produces_1 to 2024-01-27 00:00:00+00:00, run_after=2024-01-28 00:00:00+00:00
[2024-01-28T02:43:46.627+0000] {logging_mixin.py:188} INFO - [2024-01-28T02:43:46.627+0000] {dag.py:3823} INFO - Setting next_dagrun for dataset_produces_2 to None, run_after=None
[2024-01-28T02:43:46.691+0000] {processor.py:183} INFO - Processing /home/airflow/.local/lib/python3.8/site-packages/airflow/example_dags/example_datasets.py took 0.213 seconds
[2024-01-28T02:44:17.548+0000] {processor.py:161} INFO - Started process (PID=2444) to work on /home/airflow/.local/lib/python3.8/site-packages/airflow/example_dags/example_datasets.py
[2024-01-28T02:44:17.549+0000] {processor.py:830} INFO - Processing file /home/airflow/.local/lib/python3.8/site-packages/airflow/example_dags/example_datasets.py for tasks to queue
[2024-01-28T02:44:17.550+0000] {logging_mixin.py:188} INFO - [2024-01-28T02:44:17.550+0000] {dagbag.py:538} INFO - Filling up the DagBag from /home/airflow/.local/lib/python3.8/site-packages/airflow/example_dags/example_datasets.py
[2024-01-28T02:44:17.561+0000] {processor.py:840} INFO - DAG(s) 'dataset_consumes_1_and_2', 'dataset_consumes_unknown_never_scheduled', 'dataset_produces_2', 'dataset_produces_1', 'dataset_consumes_1', 'dataset_consumes_1_never_scheduled' retrieved from /home/airflow/.local/lib/python3.8/site-packages/airflow/example_dags/example_datasets.py
[2024-01-28T02:44:17.606+0000] {logging_mixin.py:188} INFO - [2024-01-28T02:44:17.606+0000] {dag.py:3036} INFO - Sync 6 DAGs
[2024-01-28T02:44:17.631+0000] {logging_mixin.py:188} INFO - [2024-01-28T02:44:17.631+0000] {dag.py:3823} INFO - Setting next_dagrun for dataset_consumes_1 to None, run_after=None
[2024-01-28T02:44:17.635+0000] {logging_mixin.py:188} INFO - [2024-01-28T02:44:17.635+0000] {dag.py:3823} INFO - Setting next_dagrun for dataset_consumes_1_and_2 to None, run_after=None
[2024-01-28T02:44:17.638+0000] {logging_mixin.py:188} INFO - [2024-01-28T02:44:17.637+0000] {dag.py:3823} INFO - Setting next_dagrun for dataset_consumes_1_never_scheduled to None, run_after=None
[2024-01-28T02:44:17.640+0000] {logging_mixin.py:188} INFO - [2024-01-28T02:44:17.640+0000] {dag.py:3823} INFO - Setting next_dagrun for dataset_consumes_unknown_never_scheduled to None, run_after=None
[2024-01-28T02:44:17.644+0000] {logging_mixin.py:188} INFO - [2024-01-28T02:44:17.644+0000] {dag.py:3823} INFO - Setting next_dagrun for dataset_produces_1 to 2024-01-27 00:00:00+00:00, run_after=2024-01-28 00:00:00+00:00
[2024-01-28T02:44:17.647+0000] {logging_mixin.py:188} INFO - [2024-01-28T02:44:17.647+0000] {dag.py:3823} INFO - Setting next_dagrun for dataset_produces_2 to None, run_after=None
[2024-01-28T02:44:17.694+0000] {processor.py:183} INFO - Processing /home/airflow/.local/lib/python3.8/site-packages/airflow/example_dags/example_datasets.py took 0.150 seconds
[2024-01-28T02:44:47.817+0000] {processor.py:161} INFO - Started process (PID=2755) to work on /home/airflow/.local/lib/python3.8/site-packages/airflow/example_dags/example_datasets.py
[2024-01-28T02:44:47.819+0000] {processor.py:830} INFO - Processing file /home/airflow/.local/lib/python3.8/site-packages/airflow/example_dags/example_datasets.py for tasks to queue
[2024-01-28T02:44:47.820+0000] {logging_mixin.py:188} INFO - [2024-01-28T02:44:47.820+0000] {dagbag.py:538} INFO - Filling up the DagBag from /home/airflow/.local/lib/python3.8/site-packages/airflow/example_dags/example_datasets.py
[2024-01-28T02:44:47.832+0000] {processor.py:840} INFO - DAG(s) 'dataset_consumes_1_and_2', 'dataset_consumes_1_never_scheduled', 'dataset_produces_1', 'dataset_produces_2', 'dataset_consumes_unknown_never_scheduled', 'dataset_consumes_1' retrieved from /home/airflow/.local/lib/python3.8/site-packages/airflow/example_dags/example_datasets.py
[2024-01-28T02:44:47.895+0000] {logging_mixin.py:188} INFO - [2024-01-28T02:44:47.894+0000] {dag.py:3036} INFO - Sync 6 DAGs
[2024-01-28T02:44:47.922+0000] {logging_mixin.py:188} INFO - [2024-01-28T02:44:47.922+0000] {dag.py:3823} INFO - Setting next_dagrun for dataset_consumes_1 to None, run_after=None
[2024-01-28T02:44:47.928+0000] {logging_mixin.py:188} INFO - [2024-01-28T02:44:47.927+0000] {dag.py:3823} INFO - Setting next_dagrun for dataset_consumes_1_and_2 to None, run_after=None
[2024-01-28T02:44:47.931+0000] {logging_mixin.py:188} INFO - [2024-01-28T02:44:47.930+0000] {dag.py:3823} INFO - Setting next_dagrun for dataset_consumes_1_never_scheduled to None, run_after=None
[2024-01-28T02:44:47.934+0000] {logging_mixin.py:188} INFO - [2024-01-28T02:44:47.933+0000] {dag.py:3823} INFO - Setting next_dagrun for dataset_consumes_unknown_never_scheduled to None, run_after=None
[2024-01-28T02:44:47.938+0000] {logging_mixin.py:188} INFO - [2024-01-28T02:44:47.938+0000] {dag.py:3823} INFO - Setting next_dagrun for dataset_produces_1 to 2024-01-27 00:00:00+00:00, run_after=2024-01-28 00:00:00+00:00
[2024-01-28T02:44:47.941+0000] {logging_mixin.py:188} INFO - [2024-01-28T02:44:47.941+0000] {dag.py:3823} INFO - Setting next_dagrun for dataset_produces_2 to None, run_after=None
[2024-01-28T02:44:48.008+0000] {processor.py:183} INFO - Processing /home/airflow/.local/lib/python3.8/site-packages/airflow/example_dags/example_datasets.py took 0.194 seconds
[2024-01-28T02:45:18.253+0000] {processor.py:161} INFO - Started process (PID=3068) to work on /home/airflow/.local/lib/python3.8/site-packages/airflow/example_dags/example_datasets.py
[2024-01-28T02:45:18.254+0000] {processor.py:830} INFO - Processing file /home/airflow/.local/lib/python3.8/site-packages/airflow/example_dags/example_datasets.py for tasks to queue
[2024-01-28T02:45:18.255+0000] {logging_mixin.py:188} INFO - [2024-01-28T02:45:18.255+0000] {dagbag.py:538} INFO - Filling up the DagBag from /home/airflow/.local/lib/python3.8/site-packages/airflow/example_dags/example_datasets.py
[2024-01-28T02:45:18.266+0000] {processor.py:840} INFO - DAG(s) 'dataset_produces_2', 'dataset_consumes_1', 'dataset_consumes_1_never_scheduled', 'dataset_consumes_1_and_2', 'dataset_consumes_unknown_never_scheduled', 'dataset_produces_1' retrieved from /home/airflow/.local/lib/python3.8/site-packages/airflow/example_dags/example_datasets.py
[2024-01-28T02:45:18.303+0000] {logging_mixin.py:188} INFO - [2024-01-28T02:45:18.303+0000] {dag.py:3036} INFO - Sync 6 DAGs
[2024-01-28T02:45:18.327+0000] {logging_mixin.py:188} INFO - [2024-01-28T02:45:18.326+0000] {dag.py:3823} INFO - Setting next_dagrun for dataset_consumes_1 to None, run_after=None
[2024-01-28T02:45:18.331+0000] {logging_mixin.py:188} INFO - [2024-01-28T02:45:18.330+0000] {dag.py:3823} INFO - Setting next_dagrun for dataset_consumes_1_and_2 to None, run_after=None
[2024-01-28T02:45:18.333+0000] {logging_mixin.py:188} INFO - [2024-01-28T02:45:18.332+0000] {dag.py:3823} INFO - Setting next_dagrun for dataset_consumes_1_never_scheduled to None, run_after=None
[2024-01-28T02:45:18.334+0000] {logging_mixin.py:188} INFO - [2024-01-28T02:45:18.334+0000] {dag.py:3823} INFO - Setting next_dagrun for dataset_consumes_unknown_never_scheduled to None, run_after=None
[2024-01-28T02:45:18.338+0000] {logging_mixin.py:188} INFO - [2024-01-28T02:45:18.338+0000] {dag.py:3823} INFO - Setting next_dagrun for dataset_produces_1 to 2024-01-27 00:00:00+00:00, run_after=2024-01-28 00:00:00+00:00
[2024-01-28T02:45:18.340+0000] {logging_mixin.py:188} INFO - [2024-01-28T02:45:18.340+0000] {dag.py:3823} INFO - Setting next_dagrun for dataset_produces_2 to None, run_after=None
[2024-01-28T02:45:18.380+0000] {processor.py:183} INFO - Processing /home/airflow/.local/lib/python3.8/site-packages/airflow/example_dags/example_datasets.py took 0.130 seconds
[2024-01-28T02:45:48.654+0000] {processor.py:161} INFO - Started process (PID=3379) to work on /home/airflow/.local/lib/python3.8/site-packages/airflow/example_dags/example_datasets.py
[2024-01-28T02:45:48.655+0000] {processor.py:830} INFO - Processing file /home/airflow/.local/lib/python3.8/site-packages/airflow/example_dags/example_datasets.py for tasks to queue
[2024-01-28T02:45:48.657+0000] {logging_mixin.py:188} INFO - [2024-01-28T02:45:48.656+0000] {dagbag.py:538} INFO - Filling up the DagBag from /home/airflow/.local/lib/python3.8/site-packages/airflow/example_dags/example_datasets.py
[2024-01-28T02:45:48.678+0000] {processor.py:840} INFO - DAG(s) 'dataset_produces_1', 'dataset_consumes_unknown_never_scheduled', 'dataset_consumes_1', 'dataset_consumes_1_never_scheduled', 'dataset_consumes_1_and_2', 'dataset_produces_2' retrieved from /home/airflow/.local/lib/python3.8/site-packages/airflow/example_dags/example_datasets.py
[2024-01-28T02:45:48.724+0000] {logging_mixin.py:188} INFO - [2024-01-28T02:45:48.724+0000] {dag.py:3036} INFO - Sync 6 DAGs
[2024-01-28T02:45:48.759+0000] {logging_mixin.py:188} INFO - [2024-01-28T02:45:48.759+0000] {dag.py:3823} INFO - Setting next_dagrun for dataset_consumes_1 to None, run_after=None
[2024-01-28T02:45:48.763+0000] {logging_mixin.py:188} INFO - [2024-01-28T02:45:48.763+0000] {dag.py:3823} INFO - Setting next_dagrun for dataset_consumes_1_and_2 to None, run_after=None
[2024-01-28T02:45:48.766+0000] {logging_mixin.py:188} INFO - [2024-01-28T02:45:48.766+0000] {dag.py:3823} INFO - Setting next_dagrun for dataset_consumes_1_never_scheduled to None, run_after=None
[2024-01-28T02:45:48.768+0000] {logging_mixin.py:188} INFO - [2024-01-28T02:45:48.768+0000] {dag.py:3823} INFO - Setting next_dagrun for dataset_consumes_unknown_never_scheduled to None, run_after=None
[2024-01-28T02:45:48.773+0000] {logging_mixin.py:188} INFO - [2024-01-28T02:45:48.773+0000] {dag.py:3823} INFO - Setting next_dagrun for dataset_produces_1 to 2024-01-27 00:00:00+00:00, run_after=2024-01-28 00:00:00+00:00
[2024-01-28T02:45:48.777+0000] {logging_mixin.py:188} INFO - [2024-01-28T02:45:48.777+0000] {dag.py:3823} INFO - Setting next_dagrun for dataset_produces_2 to None, run_after=None
[2024-01-28T02:45:48.829+0000] {processor.py:183} INFO - Processing /home/airflow/.local/lib/python3.8/site-packages/airflow/example_dags/example_datasets.py took 0.178 seconds
[2024-01-28T02:46:19.086+0000] {processor.py:161} INFO - Started process (PID=3690) to work on /home/airflow/.local/lib/python3.8/site-packages/airflow/example_dags/example_datasets.py
[2024-01-28T02:46:19.087+0000] {processor.py:830} INFO - Processing file /home/airflow/.local/lib/python3.8/site-packages/airflow/example_dags/example_datasets.py for tasks to queue
[2024-01-28T02:46:19.088+0000] {logging_mixin.py:188} INFO - [2024-01-28T02:46:19.088+0000] {dagbag.py:538} INFO - Filling up the DagBag from /home/airflow/.local/lib/python3.8/site-packages/airflow/example_dags/example_datasets.py
[2024-01-28T02:46:19.099+0000] {processor.py:840} INFO - DAG(s) 'dataset_produces_2', 'dataset_produces_1', 'dataset_consumes_1_and_2', 'dataset_consumes_1_never_scheduled', 'dataset_consumes_unknown_never_scheduled', 'dataset_consumes_1' retrieved from /home/airflow/.local/lib/python3.8/site-packages/airflow/example_dags/example_datasets.py
[2024-01-28T02:46:19.149+0000] {logging_mixin.py:188} INFO - [2024-01-28T02:46:19.149+0000] {dag.py:3036} INFO - Sync 6 DAGs
[2024-01-28T02:46:19.172+0000] {logging_mixin.py:188} INFO - [2024-01-28T02:46:19.172+0000] {dag.py:3823} INFO - Setting next_dagrun for dataset_consumes_1 to None, run_after=None
[2024-01-28T02:46:19.177+0000] {logging_mixin.py:188} INFO - [2024-01-28T02:46:19.177+0000] {dag.py:3823} INFO - Setting next_dagrun for dataset_consumes_1_and_2 to None, run_after=None
[2024-01-28T02:46:19.179+0000] {logging_mixin.py:188} INFO - [2024-01-28T02:46:19.179+0000] {dag.py:3823} INFO - Setting next_dagrun for dataset_consumes_1_never_scheduled to None, run_after=None
[2024-01-28T02:46:19.181+0000] {logging_mixin.py:188} INFO - [2024-01-28T02:46:19.181+0000] {dag.py:3823} INFO - Setting next_dagrun for dataset_consumes_unknown_never_scheduled to None, run_after=None
[2024-01-28T02:46:19.186+0000] {logging_mixin.py:188} INFO - [2024-01-28T02:46:19.185+0000] {dag.py:3823} INFO - Setting next_dagrun for dataset_produces_1 to 2024-01-27 00:00:00+00:00, run_after=2024-01-28 00:00:00+00:00
[2024-01-28T02:46:19.188+0000] {logging_mixin.py:188} INFO - [2024-01-28T02:46:19.188+0000] {dag.py:3823} INFO - Setting next_dagrun for dataset_produces_2 to None, run_after=None
[2024-01-28T02:46:19.267+0000] {processor.py:183} INFO - Processing /home/airflow/.local/lib/python3.8/site-packages/airflow/example_dags/example_datasets.py took 0.184 seconds
[2024-01-28T02:46:49.565+0000] {processor.py:161} INFO - Started process (PID=4001) to work on /home/airflow/.local/lib/python3.8/site-packages/airflow/example_dags/example_datasets.py
[2024-01-28T02:46:49.566+0000] {processor.py:830} INFO - Processing file /home/airflow/.local/lib/python3.8/site-packages/airflow/example_dags/example_datasets.py for tasks to queue
[2024-01-28T02:46:49.567+0000] {logging_mixin.py:188} INFO - [2024-01-28T02:46:49.567+0000] {dagbag.py:538} INFO - Filling up the DagBag from /home/airflow/.local/lib/python3.8/site-packages/airflow/example_dags/example_datasets.py
[2024-01-28T02:46:49.576+0000] {processor.py:840} INFO - DAG(s) 'dataset_consumes_1_and_2', 'dataset_produces_1', 'dataset_produces_2', 'dataset_consumes_1_never_scheduled', 'dataset_consumes_1', 'dataset_consumes_unknown_never_scheduled' retrieved from /home/airflow/.local/lib/python3.8/site-packages/airflow/example_dags/example_datasets.py
[2024-01-28T02:46:49.615+0000] {logging_mixin.py:188} INFO - [2024-01-28T02:46:49.615+0000] {dag.py:3036} INFO - Sync 6 DAGs
[2024-01-28T02:46:49.638+0000] {logging_mixin.py:188} INFO - [2024-01-28T02:46:49.638+0000] {dag.py:3823} INFO - Setting next_dagrun for dataset_consumes_1 to None, run_after=None
[2024-01-28T02:46:49.644+0000] {logging_mixin.py:188} INFO - [2024-01-28T02:46:49.644+0000] {dag.py:3823} INFO - Setting next_dagrun for dataset_consumes_1_and_2 to None, run_after=None
[2024-01-28T02:46:49.646+0000] {logging_mixin.py:188} INFO - [2024-01-28T02:46:49.645+0000] {dag.py:3823} INFO - Setting next_dagrun for dataset_consumes_1_never_scheduled to None, run_after=None
[2024-01-28T02:46:49.647+0000] {logging_mixin.py:188} INFO - [2024-01-28T02:46:49.647+0000] {dag.py:3823} INFO - Setting next_dagrun for dataset_consumes_unknown_never_scheduled to None, run_after=None
[2024-01-28T02:46:49.651+0000] {logging_mixin.py:188} INFO - [2024-01-28T02:46:49.650+0000] {dag.py:3823} INFO - Setting next_dagrun for dataset_produces_1 to 2024-01-27 00:00:00+00:00, run_after=2024-01-28 00:00:00+00:00
[2024-01-28T02:46:49.653+0000] {logging_mixin.py:188} INFO - [2024-01-28T02:46:49.652+0000] {dag.py:3823} INFO - Setting next_dagrun for dataset_produces_2 to None, run_after=None
[2024-01-28T02:46:49.701+0000] {processor.py:183} INFO - Processing /home/airflow/.local/lib/python3.8/site-packages/airflow/example_dags/example_datasets.py took 0.139 seconds
[2024-01-28T02:47:22.742+0000] {processor.py:161} INFO - Started process (PID=4304) to work on /home/airflow/.local/lib/python3.8/site-packages/airflow/example_dags/example_datasets.py
[2024-01-28T02:47:22.744+0000] {processor.py:830} INFO - Processing file /home/airflow/.local/lib/python3.8/site-packages/airflow/example_dags/example_datasets.py for tasks to queue
[2024-01-28T02:47:22.756+0000] {logging_mixin.py:188} INFO - [2024-01-28T02:47:22.745+0000] {dagbag.py:538} INFO - Filling up the DagBag from /home/airflow/.local/lib/python3.8/site-packages/airflow/example_dags/example_datasets.py
[2024-01-28T02:47:22.803+0000] {processor.py:840} INFO - DAG(s) 'dataset_consumes_unknown_never_scheduled', 'dataset_consumes_1_never_scheduled', 'dataset_consumes_1_and_2', 'dataset_produces_1', 'dataset_produces_2', 'dataset_consumes_1' retrieved from /home/airflow/.local/lib/python3.8/site-packages/airflow/example_dags/example_datasets.py
[2024-01-28T02:47:22.958+0000] {logging_mixin.py:188} INFO - [2024-01-28T02:47:22.957+0000] {dag.py:3036} INFO - Sync 6 DAGs
[2024-01-28T02:47:23.062+0000] {logging_mixin.py:188} INFO - [2024-01-28T02:47:23.061+0000] {dag.py:3823} INFO - Setting next_dagrun for dataset_consumes_1 to None, run_after=None
[2024-01-28T02:47:23.079+0000] {logging_mixin.py:188} INFO - [2024-01-28T02:47:23.078+0000] {dag.py:3823} INFO - Setting next_dagrun for dataset_consumes_1_and_2 to None, run_after=None
[2024-01-28T02:47:23.093+0000] {logging_mixin.py:188} INFO - [2024-01-28T02:47:23.091+0000] {dag.py:3823} INFO - Setting next_dagrun for dataset_consumes_1_never_scheduled to None, run_after=None
[2024-01-28T02:47:23.096+0000] {logging_mixin.py:188} INFO - [2024-01-28T02:47:23.096+0000] {dag.py:3823} INFO - Setting next_dagrun for dataset_consumes_unknown_never_scheduled to None, run_after=None
[2024-01-28T02:47:23.102+0000] {logging_mixin.py:188} INFO - [2024-01-28T02:47:23.102+0000] {dag.py:3823} INFO - Setting next_dagrun for dataset_produces_1 to 2024-01-27 00:00:00+00:00, run_after=2024-01-28 00:00:00+00:00
[2024-01-28T02:47:23.119+0000] {logging_mixin.py:188} INFO - [2024-01-28T02:47:23.118+0000] {dag.py:3823} INFO - Setting next_dagrun for dataset_produces_2 to None, run_after=None
[2024-01-28T02:47:23.264+0000] {processor.py:183} INFO - Processing /home/airflow/.local/lib/python3.8/site-packages/airflow/example_dags/example_datasets.py took 0.535 seconds
[2024-01-28T02:47:56.506+0000] {processor.py:161} INFO - Started process (PID=4617) to work on /home/airflow/.local/lib/python3.8/site-packages/airflow/example_dags/example_datasets.py
[2024-01-28T02:47:57.182+0000] {processor.py:830} INFO - Processing file /home/airflow/.local/lib/python3.8/site-packages/airflow/example_dags/example_datasets.py for tasks to queue
[2024-01-28T02:47:57.184+0000] {logging_mixin.py:188} INFO - [2024-01-28T02:47:57.183+0000] {dagbag.py:538} INFO - Filling up the DagBag from /home/airflow/.local/lib/python3.8/site-packages/airflow/example_dags/example_datasets.py
[2024-01-28T02:47:57.194+0000] {processor.py:840} INFO - DAG(s) 'dataset_consumes_1_and_2', 'dataset_produces_2', 'dataset_consumes_1', 'dataset_produces_1', 'dataset_consumes_unknown_never_scheduled', 'dataset_consumes_1_never_scheduled' retrieved from /home/airflow/.local/lib/python3.8/site-packages/airflow/example_dags/example_datasets.py
[2024-01-28T02:47:57.237+0000] {logging_mixin.py:188} INFO - [2024-01-28T02:47:57.237+0000] {dag.py:3036} INFO - Sync 6 DAGs
[2024-01-28T02:47:57.264+0000] {logging_mixin.py:188} INFO - [2024-01-28T02:47:57.263+0000] {dag.py:3823} INFO - Setting next_dagrun for dataset_consumes_1 to None, run_after=None
[2024-01-28T02:47:57.268+0000] {logging_mixin.py:188} INFO - [2024-01-28T02:47:57.268+0000] {dag.py:3823} INFO - Setting next_dagrun for dataset_consumes_1_and_2 to None, run_after=None
[2024-01-28T02:47:57.270+0000] {logging_mixin.py:188} INFO - [2024-01-28T02:47:57.269+0000] {dag.py:3823} INFO - Setting next_dagrun for dataset_consumes_1_never_scheduled to None, run_after=None
[2024-01-28T02:47:57.272+0000] {logging_mixin.py:188} INFO - [2024-01-28T02:47:57.271+0000] {dag.py:3823} INFO - Setting next_dagrun for dataset_consumes_unknown_never_scheduled to None, run_after=None
[2024-01-28T02:47:57.274+0000] {logging_mixin.py:188} INFO - [2024-01-28T02:47:57.274+0000] {dag.py:3823} INFO - Setting next_dagrun for dataset_produces_1 to 2024-01-27 00:00:00+00:00, run_after=2024-01-28 00:00:00+00:00
[2024-01-28T02:47:57.276+0000] {logging_mixin.py:188} INFO - [2024-01-28T02:47:57.276+0000] {dag.py:3823} INFO - Setting next_dagrun for dataset_produces_2 to None, run_after=None
[2024-01-28T02:48:00.122+0000] {processor.py:183} INFO - Processing /home/airflow/.local/lib/python3.8/site-packages/airflow/example_dags/example_datasets.py took 3.619 seconds
[2024-01-28T02:48:30.370+0000] {processor.py:161} INFO - Started process (PID=4927) to work on /home/airflow/.local/lib/python3.8/site-packages/airflow/example_dags/example_datasets.py
[2024-01-28T02:48:30.372+0000] {processor.py:830} INFO - Processing file /home/airflow/.local/lib/python3.8/site-packages/airflow/example_dags/example_datasets.py for tasks to queue
[2024-01-28T02:48:30.373+0000] {logging_mixin.py:188} INFO - [2024-01-28T02:48:30.372+0000] {dagbag.py:538} INFO - Filling up the DagBag from /home/airflow/.local/lib/python3.8/site-packages/airflow/example_dags/example_datasets.py
[2024-01-28T02:48:30.382+0000] {processor.py:840} INFO - DAG(s) 'dataset_consumes_1_never_scheduled', 'dataset_produces_1', 'dataset_consumes_1_and_2', 'dataset_produces_2', 'dataset_consumes_1', 'dataset_consumes_unknown_never_scheduled' retrieved from /home/airflow/.local/lib/python3.8/site-packages/airflow/example_dags/example_datasets.py
[2024-01-28T02:48:30.432+0000] {logging_mixin.py:188} INFO - [2024-01-28T02:48:30.431+0000] {dag.py:3036} INFO - Sync 6 DAGs
[2024-01-28T02:48:30.455+0000] {logging_mixin.py:188} INFO - [2024-01-28T02:48:30.454+0000] {dag.py:3823} INFO - Setting next_dagrun for dataset_consumes_1 to None, run_after=None
[2024-01-28T02:48:30.459+0000] {logging_mixin.py:188} INFO - [2024-01-28T02:48:30.459+0000] {dag.py:3823} INFO - Setting next_dagrun for dataset_consumes_1_and_2 to None, run_after=None
[2024-01-28T02:48:30.461+0000] {logging_mixin.py:188} INFO - [2024-01-28T02:48:30.461+0000] {dag.py:3823} INFO - Setting next_dagrun for dataset_consumes_1_never_scheduled to None, run_after=None
[2024-01-28T02:48:30.463+0000] {logging_mixin.py:188} INFO - [2024-01-28T02:48:30.463+0000] {dag.py:3823} INFO - Setting next_dagrun for dataset_consumes_unknown_never_scheduled to None, run_after=None
[2024-01-28T02:48:30.466+0000] {logging_mixin.py:188} INFO - [2024-01-28T02:48:30.466+0000] {dag.py:3823} INFO - Setting next_dagrun for dataset_produces_1 to 2024-01-27 00:00:00+00:00, run_after=2024-01-28 00:00:00+00:00
[2024-01-28T02:48:30.469+0000] {logging_mixin.py:188} INFO - [2024-01-28T02:48:30.469+0000] {dag.py:3823} INFO - Setting next_dagrun for dataset_produces_2 to None, run_after=None
[2024-01-28T02:48:30.506+0000] {processor.py:183} INFO - Processing /home/airflow/.local/lib/python3.8/site-packages/airflow/example_dags/example_datasets.py took 0.139 seconds
[2024-01-28T02:49:00.824+0000] {processor.py:161} INFO - Started process (PID=5238) to work on /home/airflow/.local/lib/python3.8/site-packages/airflow/example_dags/example_datasets.py
[2024-01-28T02:49:00.827+0000] {processor.py:830} INFO - Processing file /home/airflow/.local/lib/python3.8/site-packages/airflow/example_dags/example_datasets.py for tasks to queue
[2024-01-28T02:49:00.829+0000] {logging_mixin.py:188} INFO - [2024-01-28T02:49:00.828+0000] {dagbag.py:538} INFO - Filling up the DagBag from /home/airflow/.local/lib/python3.8/site-packages/airflow/example_dags/example_datasets.py
[2024-01-28T02:49:00.841+0000] {processor.py:840} INFO - DAG(s) 'dataset_consumes_1_never_scheduled', 'dataset_consumes_1', 'dataset_produces_2', 'dataset_consumes_unknown_never_scheduled', 'dataset_produces_1', 'dataset_consumes_1_and_2' retrieved from /home/airflow/.local/lib/python3.8/site-packages/airflow/example_dags/example_datasets.py
[2024-01-28T02:49:00.897+0000] {logging_mixin.py:188} INFO - [2024-01-28T02:49:00.897+0000] {dag.py:3036} INFO - Sync 6 DAGs
[2024-01-28T02:49:00.931+0000] {logging_mixin.py:188} INFO - [2024-01-28T02:49:00.931+0000] {dag.py:3823} INFO - Setting next_dagrun for dataset_consumes_1 to None, run_after=None
[2024-01-28T02:49:00.936+0000] {logging_mixin.py:188} INFO - [2024-01-28T02:49:00.936+0000] {dag.py:3823} INFO - Setting next_dagrun for dataset_consumes_1_and_2 to None, run_after=None
[2024-01-28T02:49:00.938+0000] {logging_mixin.py:188} INFO - [2024-01-28T02:49:00.938+0000] {dag.py:3823} INFO - Setting next_dagrun for dataset_consumes_1_never_scheduled to None, run_after=None
[2024-01-28T02:49:00.940+0000] {logging_mixin.py:188} INFO - [2024-01-28T02:49:00.939+0000] {dag.py:3823} INFO - Setting next_dagrun for dataset_consumes_unknown_never_scheduled to None, run_after=None
[2024-01-28T02:49:00.944+0000] {logging_mixin.py:188} INFO - [2024-01-28T02:49:00.944+0000] {dag.py:3823} INFO - Setting next_dagrun for dataset_produces_1 to 2024-01-27 00:00:00+00:00, run_after=2024-01-28 00:00:00+00:00
[2024-01-28T02:49:00.948+0000] {logging_mixin.py:188} INFO - [2024-01-28T02:49:00.948+0000] {dag.py:3823} INFO - Setting next_dagrun for dataset_produces_2 to None, run_after=None
[2024-01-28T02:49:01.010+0000] {processor.py:183} INFO - Processing /home/airflow/.local/lib/python3.8/site-packages/airflow/example_dags/example_datasets.py took 0.190 seconds
[2024-01-28T02:49:31.393+0000] {processor.py:161} INFO - Started process (PID=5549) to work on /home/airflow/.local/lib/python3.8/site-packages/airflow/example_dags/example_datasets.py
[2024-01-28T02:49:31.395+0000] {processor.py:830} INFO - Processing file /home/airflow/.local/lib/python3.8/site-packages/airflow/example_dags/example_datasets.py for tasks to queue
[2024-01-28T02:49:31.396+0000] {logging_mixin.py:188} INFO - [2024-01-28T02:49:31.396+0000] {dagbag.py:538} INFO - Filling up the DagBag from /home/airflow/.local/lib/python3.8/site-packages/airflow/example_dags/example_datasets.py
[2024-01-28T02:49:31.407+0000] {processor.py:840} INFO - DAG(s) 'dataset_consumes_1_and_2', 'dataset_consumes_unknown_never_scheduled', 'dataset_consumes_1', 'dataset_produces_1', 'dataset_produces_2', 'dataset_consumes_1_never_scheduled' retrieved from /home/airflow/.local/lib/python3.8/site-packages/airflow/example_dags/example_datasets.py
[2024-01-28T02:49:31.452+0000] {logging_mixin.py:188} INFO - [2024-01-28T02:49:31.452+0000] {dag.py:3036} INFO - Sync 6 DAGs
[2024-01-28T02:49:31.476+0000] {logging_mixin.py:188} INFO - [2024-01-28T02:49:31.475+0000] {dag.py:3823} INFO - Setting next_dagrun for dataset_consumes_1 to None, run_after=None
[2024-01-28T02:49:31.480+0000] {logging_mixin.py:188} INFO - [2024-01-28T02:49:31.479+0000] {dag.py:3823} INFO - Setting next_dagrun for dataset_consumes_1_and_2 to None, run_after=None
[2024-01-28T02:49:31.482+0000] {logging_mixin.py:188} INFO - [2024-01-28T02:49:31.481+0000] {dag.py:3823} INFO - Setting next_dagrun for dataset_consumes_1_never_scheduled to None, run_after=None
[2024-01-28T02:49:31.483+0000] {logging_mixin.py:188} INFO - [2024-01-28T02:49:31.483+0000] {dag.py:3823} INFO - Setting next_dagrun for dataset_consumes_unknown_never_scheduled to None, run_after=None
[2024-01-28T02:49:31.488+0000] {logging_mixin.py:188} INFO - [2024-01-28T02:49:31.488+0000] {dag.py:3823} INFO - Setting next_dagrun for dataset_produces_1 to 2024-01-27 00:00:00+00:00, run_after=2024-01-28 00:00:00+00:00
[2024-01-28T02:49:31.491+0000] {logging_mixin.py:188} INFO - [2024-01-28T02:49:31.490+0000] {dag.py:3823} INFO - Setting next_dagrun for dataset_produces_2 to None, run_after=None
[2024-01-28T02:49:31.534+0000] {processor.py:183} INFO - Processing /home/airflow/.local/lib/python3.8/site-packages/airflow/example_dags/example_datasets.py took 0.144 seconds
[2024-01-28T02:50:01.669+0000] {processor.py:161} INFO - Started process (PID=5865) to work on /home/airflow/.local/lib/python3.8/site-packages/airflow/example_dags/example_datasets.py
[2024-01-28T02:50:01.670+0000] {processor.py:830} INFO - Processing file /home/airflow/.local/lib/python3.8/site-packages/airflow/example_dags/example_datasets.py for tasks to queue
[2024-01-28T02:50:01.672+0000] {logging_mixin.py:188} INFO - [2024-01-28T02:50:01.671+0000] {dagbag.py:538} INFO - Filling up the DagBag from /home/airflow/.local/lib/python3.8/site-packages/airflow/example_dags/example_datasets.py
[2024-01-28T02:50:01.683+0000] {processor.py:840} INFO - DAG(s) 'dataset_produces_2', 'dataset_consumes_1_and_2', 'dataset_consumes_unknown_never_scheduled', 'dataset_consumes_1_never_scheduled', 'dataset_consumes_1', 'dataset_produces_1' retrieved from /home/airflow/.local/lib/python3.8/site-packages/airflow/example_dags/example_datasets.py
[2024-01-28T02:50:01.730+0000] {logging_mixin.py:188} INFO - [2024-01-28T02:50:01.730+0000] {dag.py:3036} INFO - Sync 6 DAGs
[2024-01-28T02:50:01.755+0000] {logging_mixin.py:188} INFO - [2024-01-28T02:50:01.754+0000] {dag.py:3823} INFO - Setting next_dagrun for dataset_consumes_1 to None, run_after=None
[2024-01-28T02:50:01.760+0000] {logging_mixin.py:188} INFO - [2024-01-28T02:50:01.759+0000] {dag.py:3823} INFO - Setting next_dagrun for dataset_consumes_1_and_2 to None, run_after=None
[2024-01-28T02:50:01.762+0000] {logging_mixin.py:188} INFO - [2024-01-28T02:50:01.762+0000] {dag.py:3823} INFO - Setting next_dagrun for dataset_consumes_1_never_scheduled to None, run_after=None
[2024-01-28T02:50:01.764+0000] {logging_mixin.py:188} INFO - [2024-01-28T02:50:01.764+0000] {dag.py:3823} INFO - Setting next_dagrun for dataset_consumes_unknown_never_scheduled to None, run_after=None
[2024-01-28T02:50:01.769+0000] {logging_mixin.py:188} INFO - [2024-01-28T02:50:01.768+0000] {dag.py:3823} INFO - Setting next_dagrun for dataset_produces_1 to 2024-01-27 00:00:00+00:00, run_after=2024-01-28 00:00:00+00:00
[2024-01-28T02:50:01.771+0000] {logging_mixin.py:188} INFO - [2024-01-28T02:50:01.771+0000] {dag.py:3823} INFO - Setting next_dagrun for dataset_produces_2 to None, run_after=None
[2024-01-28T02:50:01.944+0000] {processor.py:183} INFO - Processing /home/airflow/.local/lib/python3.8/site-packages/airflow/example_dags/example_datasets.py took 0.281 seconds
[2024-01-28T02:50:32.073+0000] {processor.py:161} INFO - Started process (PID=6174) to work on /home/airflow/.local/lib/python3.8/site-packages/airflow/example_dags/example_datasets.py
[2024-01-28T02:50:32.075+0000] {processor.py:830} INFO - Processing file /home/airflow/.local/lib/python3.8/site-packages/airflow/example_dags/example_datasets.py for tasks to queue
[2024-01-28T02:50:32.076+0000] {logging_mixin.py:188} INFO - [2024-01-28T02:50:32.076+0000] {dagbag.py:538} INFO - Filling up the DagBag from /home/airflow/.local/lib/python3.8/site-packages/airflow/example_dags/example_datasets.py
[2024-01-28T02:50:32.089+0000] {processor.py:840} INFO - DAG(s) 'dataset_consumes_1_never_scheduled', 'dataset_consumes_1_and_2', 'dataset_consumes_1', 'dataset_produces_2', 'dataset_produces_1', 'dataset_consumes_unknown_never_scheduled' retrieved from /home/airflow/.local/lib/python3.8/site-packages/airflow/example_dags/example_datasets.py
[2024-01-28T02:50:32.134+0000] {logging_mixin.py:188} INFO - [2024-01-28T02:50:32.134+0000] {dag.py:3036} INFO - Sync 6 DAGs
[2024-01-28T02:50:32.266+0000] {logging_mixin.py:188} INFO - [2024-01-28T02:50:32.265+0000] {dag.py:3823} INFO - Setting next_dagrun for dataset_consumes_1 to None, run_after=None
[2024-01-28T02:50:32.270+0000] {logging_mixin.py:188} INFO - [2024-01-28T02:50:32.270+0000] {dag.py:3823} INFO - Setting next_dagrun for dataset_consumes_1_and_2 to None, run_after=None
[2024-01-28T02:50:32.272+0000] {logging_mixin.py:188} INFO - [2024-01-28T02:50:32.272+0000] {dag.py:3823} INFO - Setting next_dagrun for dataset_consumes_1_never_scheduled to None, run_after=None
[2024-01-28T02:50:32.273+0000] {logging_mixin.py:188} INFO - [2024-01-28T02:50:32.273+0000] {dag.py:3823} INFO - Setting next_dagrun for dataset_consumes_unknown_never_scheduled to None, run_after=None
[2024-01-28T02:50:32.276+0000] {logging_mixin.py:188} INFO - [2024-01-28T02:50:32.276+0000] {dag.py:3823} INFO - Setting next_dagrun for dataset_produces_1 to 2024-01-27 00:00:00+00:00, run_after=2024-01-28 00:00:00+00:00
[2024-01-28T02:50:32.277+0000] {logging_mixin.py:188} INFO - [2024-01-28T02:50:32.277+0000] {dag.py:3823} INFO - Setting next_dagrun for dataset_produces_2 to None, run_after=None
[2024-01-28T02:50:32.307+0000] {processor.py:183} INFO - Processing /home/airflow/.local/lib/python3.8/site-packages/airflow/example_dags/example_datasets.py took 0.237 seconds
[2024-01-28T02:51:02.371+0000] {processor.py:161} INFO - Started process (PID=6482) to work on /home/airflow/.local/lib/python3.8/site-packages/airflow/example_dags/example_datasets.py
[2024-01-28T02:51:02.372+0000] {processor.py:830} INFO - Processing file /home/airflow/.local/lib/python3.8/site-packages/airflow/example_dags/example_datasets.py for tasks to queue
[2024-01-28T02:51:02.373+0000] {logging_mixin.py:188} INFO - [2024-01-28T02:51:02.373+0000] {dagbag.py:538} INFO - Filling up the DagBag from /home/airflow/.local/lib/python3.8/site-packages/airflow/example_dags/example_datasets.py
[2024-01-28T02:51:02.384+0000] {processor.py:840} INFO - DAG(s) 'dataset_consumes_unknown_never_scheduled', 'dataset_consumes_1_never_scheduled', 'dataset_consumes_1', 'dataset_produces_1', 'dataset_consumes_1_and_2', 'dataset_produces_2' retrieved from /home/airflow/.local/lib/python3.8/site-packages/airflow/example_dags/example_datasets.py
[2024-01-28T02:51:02.426+0000] {logging_mixin.py:188} INFO - [2024-01-28T02:51:02.426+0000] {dag.py:3036} INFO - Sync 6 DAGs
[2024-01-28T02:51:02.448+0000] {logging_mixin.py:188} INFO - [2024-01-28T02:51:02.447+0000] {dag.py:3823} INFO - Setting next_dagrun for dataset_consumes_1 to None, run_after=None
[2024-01-28T02:51:02.452+0000] {logging_mixin.py:188} INFO - [2024-01-28T02:51:02.452+0000] {dag.py:3823} INFO - Setting next_dagrun for dataset_consumes_1_and_2 to None, run_after=None
[2024-01-28T02:51:02.454+0000] {logging_mixin.py:188} INFO - [2024-01-28T02:51:02.454+0000] {dag.py:3823} INFO - Setting next_dagrun for dataset_consumes_1_never_scheduled to None, run_after=None
[2024-01-28T02:51:02.456+0000] {logging_mixin.py:188} INFO - [2024-01-28T02:51:02.456+0000] {dag.py:3823} INFO - Setting next_dagrun for dataset_consumes_unknown_never_scheduled to None, run_after=None
[2024-01-28T02:51:02.459+0000] {logging_mixin.py:188} INFO - [2024-01-28T02:51:02.459+0000] {dag.py:3823} INFO - Setting next_dagrun for dataset_produces_1 to 2024-01-27 00:00:00+00:00, run_after=2024-01-28 00:00:00+00:00
[2024-01-28T02:51:02.461+0000] {logging_mixin.py:188} INFO - [2024-01-28T02:51:02.461+0000] {dag.py:3823} INFO - Setting next_dagrun for dataset_produces_2 to None, run_after=None
[2024-01-28T02:51:02.499+0000] {processor.py:183} INFO - Processing /home/airflow/.local/lib/python3.8/site-packages/airflow/example_dags/example_datasets.py took 0.132 seconds
[2024-01-28T02:51:32.621+0000] {processor.py:161} INFO - Started process (PID=6794) to work on /home/airflow/.local/lib/python3.8/site-packages/airflow/example_dags/example_datasets.py
[2024-01-28T02:51:32.622+0000] {processor.py:830} INFO - Processing file /home/airflow/.local/lib/python3.8/site-packages/airflow/example_dags/example_datasets.py for tasks to queue
[2024-01-28T02:51:32.623+0000] {logging_mixin.py:188} INFO - [2024-01-28T02:51:32.623+0000] {dagbag.py:538} INFO - Filling up the DagBag from /home/airflow/.local/lib/python3.8/site-packages/airflow/example_dags/example_datasets.py
[2024-01-28T02:51:32.633+0000] {processor.py:840} INFO - DAG(s) 'dataset_consumes_unknown_never_scheduled', 'dataset_consumes_1_and_2', 'dataset_consumes_1_never_scheduled', 'dataset_produces_1', 'dataset_consumes_1', 'dataset_produces_2' retrieved from /home/airflow/.local/lib/python3.8/site-packages/airflow/example_dags/example_datasets.py
[2024-01-28T02:51:32.672+0000] {logging_mixin.py:188} INFO - [2024-01-28T02:51:32.672+0000] {dag.py:3036} INFO - Sync 6 DAGs
[2024-01-28T02:51:32.698+0000] {logging_mixin.py:188} INFO - [2024-01-28T02:51:32.697+0000] {dag.py:3823} INFO - Setting next_dagrun for dataset_consumes_1 to None, run_after=None
[2024-01-28T02:51:32.701+0000] {logging_mixin.py:188} INFO - [2024-01-28T02:51:32.701+0000] {dag.py:3823} INFO - Setting next_dagrun for dataset_consumes_1_and_2 to None, run_after=None
[2024-01-28T02:51:32.823+0000] {logging_mixin.py:188} INFO - [2024-01-28T02:51:32.823+0000] {dag.py:3823} INFO - Setting next_dagrun for dataset_consumes_1_never_scheduled to None, run_after=None
[2024-01-28T02:51:32.825+0000] {logging_mixin.py:188} INFO - [2024-01-28T02:51:32.825+0000] {dag.py:3823} INFO - Setting next_dagrun for dataset_consumes_unknown_never_scheduled to None, run_after=None
[2024-01-28T02:51:32.829+0000] {logging_mixin.py:188} INFO - [2024-01-28T02:51:32.829+0000] {dag.py:3823} INFO - Setting next_dagrun for dataset_produces_1 to 2024-01-27 00:00:00+00:00, run_after=2024-01-28 00:00:00+00:00
[2024-01-28T02:51:32.831+0000] {logging_mixin.py:188} INFO - [2024-01-28T02:51:32.831+0000] {dag.py:3823} INFO - Setting next_dagrun for dataset_produces_2 to None, run_after=None
[2024-01-28T02:51:32.864+0000] {processor.py:183} INFO - Processing /home/airflow/.local/lib/python3.8/site-packages/airflow/example_dags/example_datasets.py took 0.247 seconds
[2024-01-28T02:52:03.417+0000] {processor.py:161} INFO - Started process (PID=7100) to work on /home/airflow/.local/lib/python3.8/site-packages/airflow/example_dags/example_datasets.py
[2024-01-28T02:52:03.419+0000] {processor.py:830} INFO - Processing file /home/airflow/.local/lib/python3.8/site-packages/airflow/example_dags/example_datasets.py for tasks to queue
[2024-01-28T02:52:03.420+0000] {logging_mixin.py:188} INFO - [2024-01-28T02:52:03.420+0000] {dagbag.py:538} INFO - Filling up the DagBag from /home/airflow/.local/lib/python3.8/site-packages/airflow/example_dags/example_datasets.py
[2024-01-28T02:52:03.433+0000] {processor.py:840} INFO - DAG(s) 'dataset_consumes_unknown_never_scheduled', 'dataset_consumes_1_and_2', 'dataset_produces_2', 'dataset_consumes_1_never_scheduled', 'dataset_produces_1', 'dataset_consumes_1' retrieved from /home/airflow/.local/lib/python3.8/site-packages/airflow/example_dags/example_datasets.py
[2024-01-28T02:52:03.489+0000] {logging_mixin.py:188} INFO - [2024-01-28T02:52:03.489+0000] {dag.py:3036} INFO - Sync 6 DAGs
[2024-01-28T02:52:03.528+0000] {logging_mixin.py:188} INFO - [2024-01-28T02:52:03.528+0000] {dag.py:3823} INFO - Setting next_dagrun for dataset_consumes_1 to None, run_after=None
[2024-01-28T02:52:03.532+0000] {logging_mixin.py:188} INFO - [2024-01-28T02:52:03.532+0000] {dag.py:3823} INFO - Setting next_dagrun for dataset_consumes_1_and_2 to None, run_after=None
[2024-01-28T02:52:03.534+0000] {logging_mixin.py:188} INFO - [2024-01-28T02:52:03.534+0000] {dag.py:3823} INFO - Setting next_dagrun for dataset_consumes_1_never_scheduled to None, run_after=None
[2024-01-28T02:52:03.536+0000] {logging_mixin.py:188} INFO - [2024-01-28T02:52:03.536+0000] {dag.py:3823} INFO - Setting next_dagrun for dataset_consumes_unknown_never_scheduled to None, run_after=None
[2024-01-28T02:52:03.540+0000] {logging_mixin.py:188} INFO - [2024-01-28T02:52:03.540+0000] {dag.py:3823} INFO - Setting next_dagrun for dataset_produces_1 to 2024-01-27 00:00:00+00:00, run_after=2024-01-28 00:00:00+00:00
[2024-01-28T02:52:03.546+0000] {logging_mixin.py:188} INFO - [2024-01-28T02:52:03.546+0000] {dag.py:3823} INFO - Setting next_dagrun for dataset_produces_2 to None, run_after=None
[2024-01-28T02:52:03.622+0000] {processor.py:183} INFO - Processing /home/airflow/.local/lib/python3.8/site-packages/airflow/example_dags/example_datasets.py took 0.209 seconds
[2024-01-28T02:52:34.276+0000] {processor.py:161} INFO - Started process (PID=7399) to work on /home/airflow/.local/lib/python3.8/site-packages/airflow/example_dags/example_datasets.py
[2024-01-28T02:52:34.277+0000] {processor.py:830} INFO - Processing file /home/airflow/.local/lib/python3.8/site-packages/airflow/example_dags/example_datasets.py for tasks to queue
[2024-01-28T02:52:34.279+0000] {logging_mixin.py:188} INFO - [2024-01-28T02:52:34.278+0000] {dagbag.py:538} INFO - Filling up the DagBag from /home/airflow/.local/lib/python3.8/site-packages/airflow/example_dags/example_datasets.py
[2024-01-28T02:52:34.288+0000] {processor.py:840} INFO - DAG(s) 'dataset_consumes_1_never_scheduled', 'dataset_consumes_1', 'dataset_consumes_unknown_never_scheduled', 'dataset_consumes_1_and_2', 'dataset_produces_2', 'dataset_produces_1' retrieved from /home/airflow/.local/lib/python3.8/site-packages/airflow/example_dags/example_datasets.py
[2024-01-28T02:52:34.326+0000] {logging_mixin.py:188} INFO - [2024-01-28T02:52:34.325+0000] {dag.py:3036} INFO - Sync 6 DAGs
[2024-01-28T02:52:34.348+0000] {logging_mixin.py:188} INFO - [2024-01-28T02:52:34.348+0000] {dag.py:3823} INFO - Setting next_dagrun for dataset_consumes_1 to None, run_after=None
[2024-01-28T02:52:34.352+0000] {logging_mixin.py:188} INFO - [2024-01-28T02:52:34.352+0000] {dag.py:3823} INFO - Setting next_dagrun for dataset_consumes_1_and_2 to None, run_after=None
[2024-01-28T02:52:34.354+0000] {logging_mixin.py:188} INFO - [2024-01-28T02:52:34.354+0000] {dag.py:3823} INFO - Setting next_dagrun for dataset_consumes_1_never_scheduled to None, run_after=None
[2024-01-28T02:52:34.356+0000] {logging_mixin.py:188} INFO - [2024-01-28T02:52:34.355+0000] {dag.py:3823} INFO - Setting next_dagrun for dataset_consumes_unknown_never_scheduled to None, run_after=None
[2024-01-28T02:52:34.358+0000] {logging_mixin.py:188} INFO - [2024-01-28T02:52:34.358+0000] {dag.py:3823} INFO - Setting next_dagrun for dataset_produces_1 to 2024-01-27 00:00:00+00:00, run_after=2024-01-28 00:00:00+00:00
[2024-01-28T02:52:34.361+0000] {logging_mixin.py:188} INFO - [2024-01-28T02:52:34.360+0000] {dag.py:3823} INFO - Setting next_dagrun for dataset_produces_2 to None, run_after=None
[2024-01-28T02:52:34.403+0000] {processor.py:183} INFO - Processing /home/airflow/.local/lib/python3.8/site-packages/airflow/example_dags/example_datasets.py took 0.130 seconds
[2024-01-28T02:53:04.723+0000] {processor.py:161} INFO - Started process (PID=7703) to work on /home/airflow/.local/lib/python3.8/site-packages/airflow/example_dags/example_datasets.py
[2024-01-28T02:53:04.725+0000] {processor.py:830} INFO - Processing file /home/airflow/.local/lib/python3.8/site-packages/airflow/example_dags/example_datasets.py for tasks to queue
[2024-01-28T02:53:04.726+0000] {logging_mixin.py:188} INFO - [2024-01-28T02:53:04.726+0000] {dagbag.py:538} INFO - Filling up the DagBag from /home/airflow/.local/lib/python3.8/site-packages/airflow/example_dags/example_datasets.py
[2024-01-28T02:53:04.746+0000] {processor.py:840} INFO - DAG(s) 'dataset_produces_2', 'dataset_consumes_1', 'dataset_consumes_1_never_scheduled', 'dataset_consumes_unknown_never_scheduled', 'dataset_consumes_1_and_2', 'dataset_produces_1' retrieved from /home/airflow/.local/lib/python3.8/site-packages/airflow/example_dags/example_datasets.py
[2024-01-28T02:53:04.817+0000] {logging_mixin.py:188} INFO - [2024-01-28T02:53:04.817+0000] {dag.py:3036} INFO - Sync 6 DAGs
[2024-01-28T02:53:04.843+0000] {logging_mixin.py:188} INFO - [2024-01-28T02:53:04.843+0000] {dag.py:3823} INFO - Setting next_dagrun for dataset_consumes_1 to None, run_after=None
[2024-01-28T02:53:04.847+0000] {logging_mixin.py:188} INFO - [2024-01-28T02:53:04.846+0000] {dag.py:3823} INFO - Setting next_dagrun for dataset_consumes_1_and_2 to None, run_after=None
[2024-01-28T02:53:04.849+0000] {logging_mixin.py:188} INFO - [2024-01-28T02:53:04.848+0000] {dag.py:3823} INFO - Setting next_dagrun for dataset_consumes_1_never_scheduled to None, run_after=None
[2024-01-28T02:53:04.851+0000] {logging_mixin.py:188} INFO - [2024-01-28T02:53:04.850+0000] {dag.py:3823} INFO - Setting next_dagrun for dataset_consumes_unknown_never_scheduled to None, run_after=None
[2024-01-28T02:53:04.854+0000] {logging_mixin.py:188} INFO - [2024-01-28T02:53:04.854+0000] {dag.py:3823} INFO - Setting next_dagrun for dataset_produces_1 to 2024-01-27 00:00:00+00:00, run_after=2024-01-28 00:00:00+00:00
[2024-01-28T02:53:04.857+0000] {logging_mixin.py:188} INFO - [2024-01-28T02:53:04.857+0000] {dag.py:3823} INFO - Setting next_dagrun for dataset_produces_2 to None, run_after=None
[2024-01-28T02:53:04.904+0000] {processor.py:183} INFO - Processing /home/airflow/.local/lib/python3.8/site-packages/airflow/example_dags/example_datasets.py took 0.192 seconds
[2024-01-28T02:53:35.031+0000] {processor.py:161} INFO - Started process (PID=8014) to work on /home/airflow/.local/lib/python3.8/site-packages/airflow/example_dags/example_datasets.py
[2024-01-28T02:53:35.032+0000] {processor.py:830} INFO - Processing file /home/airflow/.local/lib/python3.8/site-packages/airflow/example_dags/example_datasets.py for tasks to queue
[2024-01-28T02:53:35.033+0000] {logging_mixin.py:188} INFO - [2024-01-28T02:53:35.033+0000] {dagbag.py:538} INFO - Filling up the DagBag from /home/airflow/.local/lib/python3.8/site-packages/airflow/example_dags/example_datasets.py
[2024-01-28T02:53:35.042+0000] {processor.py:840} INFO - DAG(s) 'dataset_consumes_1', 'dataset_produces_1', 'dataset_produces_2', 'dataset_consumes_1_and_2', 'dataset_consumes_1_never_scheduled', 'dataset_consumes_unknown_never_scheduled' retrieved from /home/airflow/.local/lib/python3.8/site-packages/airflow/example_dags/example_datasets.py
[2024-01-28T02:53:35.081+0000] {logging_mixin.py:188} INFO - [2024-01-28T02:53:35.080+0000] {dag.py:3036} INFO - Sync 6 DAGs
[2024-01-28T02:53:35.104+0000] {logging_mixin.py:188} INFO - [2024-01-28T02:53:35.104+0000] {dag.py:3823} INFO - Setting next_dagrun for dataset_consumes_1 to None, run_after=None
[2024-01-28T02:53:35.108+0000] {logging_mixin.py:188} INFO - [2024-01-28T02:53:35.108+0000] {dag.py:3823} INFO - Setting next_dagrun for dataset_consumes_1_and_2 to None, run_after=None
[2024-01-28T02:53:35.110+0000] {logging_mixin.py:188} INFO - [2024-01-28T02:53:35.110+0000] {dag.py:3823} INFO - Setting next_dagrun for dataset_consumes_1_never_scheduled to None, run_after=None
[2024-01-28T02:53:35.112+0000] {logging_mixin.py:188} INFO - [2024-01-28T02:53:35.112+0000] {dag.py:3823} INFO - Setting next_dagrun for dataset_consumes_unknown_never_scheduled to None, run_after=None
[2024-01-28T02:53:35.115+0000] {logging_mixin.py:188} INFO - [2024-01-28T02:53:35.114+0000] {dag.py:3823} INFO - Setting next_dagrun for dataset_produces_1 to 2024-01-27 00:00:00+00:00, run_after=2024-01-28 00:00:00+00:00
[2024-01-28T02:53:35.117+0000] {logging_mixin.py:188} INFO - [2024-01-28T02:53:35.116+0000] {dag.py:3823} INFO - Setting next_dagrun for dataset_produces_2 to None, run_after=None
[2024-01-28T02:53:35.151+0000] {processor.py:183} INFO - Processing /home/airflow/.local/lib/python3.8/site-packages/airflow/example_dags/example_datasets.py took 0.123 seconds
[2024-01-28T02:54:05.242+0000] {processor.py:161} INFO - Started process (PID=8325) to work on /home/airflow/.local/lib/python3.8/site-packages/airflow/example_dags/example_datasets.py
[2024-01-28T02:54:05.243+0000] {processor.py:830} INFO - Processing file /home/airflow/.local/lib/python3.8/site-packages/airflow/example_dags/example_datasets.py for tasks to queue
[2024-01-28T02:54:05.244+0000] {logging_mixin.py:188} INFO - [2024-01-28T02:54:05.244+0000] {dagbag.py:538} INFO - Filling up the DagBag from /home/airflow/.local/lib/python3.8/site-packages/airflow/example_dags/example_datasets.py
[2024-01-28T02:54:05.255+0000] {processor.py:840} INFO - DAG(s) 'dataset_consumes_1_and_2', 'dataset_consumes_1', 'dataset_consumes_unknown_never_scheduled', 'dataset_consumes_1_never_scheduled', 'dataset_produces_2', 'dataset_produces_1' retrieved from /home/airflow/.local/lib/python3.8/site-packages/airflow/example_dags/example_datasets.py
[2024-01-28T02:54:05.294+0000] {logging_mixin.py:188} INFO - [2024-01-28T02:54:05.293+0000] {dag.py:3036} INFO - Sync 6 DAGs
[2024-01-28T02:54:05.322+0000] {logging_mixin.py:188} INFO - [2024-01-28T02:54:05.321+0000] {dag.py:3823} INFO - Setting next_dagrun for dataset_consumes_1 to None, run_after=None
[2024-01-28T02:54:05.326+0000] {logging_mixin.py:188} INFO - [2024-01-28T02:54:05.326+0000] {dag.py:3823} INFO - Setting next_dagrun for dataset_consumes_1_and_2 to None, run_after=None
[2024-01-28T02:54:05.328+0000] {logging_mixin.py:188} INFO - [2024-01-28T02:54:05.328+0000] {dag.py:3823} INFO - Setting next_dagrun for dataset_consumes_1_never_scheduled to None, run_after=None
[2024-01-28T02:54:05.330+0000] {logging_mixin.py:188} INFO - [2024-01-28T02:54:05.330+0000] {dag.py:3823} INFO - Setting next_dagrun for dataset_consumes_unknown_never_scheduled to None, run_after=None
[2024-01-28T02:54:05.333+0000] {logging_mixin.py:188} INFO - [2024-01-28T02:54:05.333+0000] {dag.py:3823} INFO - Setting next_dagrun for dataset_produces_1 to 2024-01-27 00:00:00+00:00, run_after=2024-01-28 00:00:00+00:00
[2024-01-28T02:54:05.337+0000] {logging_mixin.py:188} INFO - [2024-01-28T02:54:05.336+0000] {dag.py:3823} INFO - Setting next_dagrun for dataset_produces_2 to None, run_after=None
[2024-01-28T02:54:05.376+0000] {processor.py:183} INFO - Processing /home/airflow/.local/lib/python3.8/site-packages/airflow/example_dags/example_datasets.py took 0.137 seconds
[2024-01-28T02:54:35.714+0000] {processor.py:161} INFO - Started process (PID=8635) to work on /home/airflow/.local/lib/python3.8/site-packages/airflow/example_dags/example_datasets.py
[2024-01-28T02:54:35.715+0000] {processor.py:830} INFO - Processing file /home/airflow/.local/lib/python3.8/site-packages/airflow/example_dags/example_datasets.py for tasks to queue
[2024-01-28T02:54:35.716+0000] {logging_mixin.py:188} INFO - [2024-01-28T02:54:35.715+0000] {dagbag.py:538} INFO - Filling up the DagBag from /home/airflow/.local/lib/python3.8/site-packages/airflow/example_dags/example_datasets.py
[2024-01-28T02:54:35.724+0000] {processor.py:840} INFO - DAG(s) 'dataset_consumes_1_never_scheduled', 'dataset_produces_2', 'dataset_consumes_1', 'dataset_consumes_1_and_2', 'dataset_consumes_unknown_never_scheduled', 'dataset_produces_1' retrieved from /home/airflow/.local/lib/python3.8/site-packages/airflow/example_dags/example_datasets.py
[2024-01-28T02:54:35.764+0000] {logging_mixin.py:188} INFO - [2024-01-28T02:54:35.764+0000] {dag.py:3036} INFO - Sync 6 DAGs
[2024-01-28T02:54:35.787+0000] {logging_mixin.py:188} INFO - [2024-01-28T02:54:35.787+0000] {dag.py:3823} INFO - Setting next_dagrun for dataset_consumes_1 to None, run_after=None
[2024-01-28T02:54:35.791+0000] {logging_mixin.py:188} INFO - [2024-01-28T02:54:35.790+0000] {dag.py:3823} INFO - Setting next_dagrun for dataset_consumes_1_and_2 to None, run_after=None
[2024-01-28T02:54:35.792+0000] {logging_mixin.py:188} INFO - [2024-01-28T02:54:35.792+0000] {dag.py:3823} INFO - Setting next_dagrun for dataset_consumes_1_never_scheduled to None, run_after=None
[2024-01-28T02:54:35.793+0000] {logging_mixin.py:188} INFO - [2024-01-28T02:54:35.793+0000] {dag.py:3823} INFO - Setting next_dagrun for dataset_consumes_unknown_never_scheduled to None, run_after=None
[2024-01-28T02:54:35.796+0000] {logging_mixin.py:188} INFO - [2024-01-28T02:54:35.796+0000] {dag.py:3823} INFO - Setting next_dagrun for dataset_produces_1 to 2024-01-27 00:00:00+00:00, run_after=2024-01-28 00:00:00+00:00
[2024-01-28T02:54:35.797+0000] {logging_mixin.py:188} INFO - [2024-01-28T02:54:35.797+0000] {dag.py:3823} INFO - Setting next_dagrun for dataset_produces_2 to None, run_after=None
[2024-01-28T02:54:35.826+0000] {processor.py:183} INFO - Processing /home/airflow/.local/lib/python3.8/site-packages/airflow/example_dags/example_datasets.py took 0.115 seconds
[2024-01-28T02:55:05.929+0000] {processor.py:161} INFO - Started process (PID=8946) to work on /home/airflow/.local/lib/python3.8/site-packages/airflow/example_dags/example_datasets.py
[2024-01-28T02:55:05.930+0000] {processor.py:830} INFO - Processing file /home/airflow/.local/lib/python3.8/site-packages/airflow/example_dags/example_datasets.py for tasks to queue
[2024-01-28T02:55:05.932+0000] {logging_mixin.py:188} INFO - [2024-01-28T02:55:05.931+0000] {dagbag.py:538} INFO - Filling up the DagBag from /home/airflow/.local/lib/python3.8/site-packages/airflow/example_dags/example_datasets.py
[2024-01-28T02:55:05.942+0000] {processor.py:840} INFO - DAG(s) 'dataset_produces_2', 'dataset_consumes_1_never_scheduled', 'dataset_consumes_1', 'dataset_consumes_unknown_never_scheduled', 'dataset_produces_1', 'dataset_consumes_1_and_2' retrieved from /home/airflow/.local/lib/python3.8/site-packages/airflow/example_dags/example_datasets.py
[2024-01-28T02:55:05.983+0000] {logging_mixin.py:188} INFO - [2024-01-28T02:55:05.983+0000] {dag.py:3036} INFO - Sync 6 DAGs
[2024-01-28T02:55:06.005+0000] {logging_mixin.py:188} INFO - [2024-01-28T02:55:06.004+0000] {dag.py:3823} INFO - Setting next_dagrun for dataset_consumes_1 to None, run_after=None
[2024-01-28T02:55:06.008+0000] {logging_mixin.py:188} INFO - [2024-01-28T02:55:06.008+0000] {dag.py:3823} INFO - Setting next_dagrun for dataset_consumes_1_and_2 to None, run_after=None
[2024-01-28T02:55:06.010+0000] {logging_mixin.py:188} INFO - [2024-01-28T02:55:06.010+0000] {dag.py:3823} INFO - Setting next_dagrun for dataset_consumes_1_never_scheduled to None, run_after=None
[2024-01-28T02:55:06.012+0000] {logging_mixin.py:188} INFO - [2024-01-28T02:55:06.012+0000] {dag.py:3823} INFO - Setting next_dagrun for dataset_consumes_unknown_never_scheduled to None, run_after=None
[2024-01-28T02:55:06.015+0000] {logging_mixin.py:188} INFO - [2024-01-28T02:55:06.015+0000] {dag.py:3823} INFO - Setting next_dagrun for dataset_produces_1 to 2024-01-27 00:00:00+00:00, run_after=2024-01-28 00:00:00+00:00
[2024-01-28T02:55:06.017+0000] {logging_mixin.py:188} INFO - [2024-01-28T02:55:06.017+0000] {dag.py:3823} INFO - Setting next_dagrun for dataset_produces_2 to None, run_after=None
[2024-01-28T02:55:06.053+0000] {processor.py:183} INFO - Processing /home/airflow/.local/lib/python3.8/site-packages/airflow/example_dags/example_datasets.py took 0.128 seconds
[2024-01-28T02:55:38.256+0000] {processor.py:161} INFO - Started process (PID=9228) to work on /home/airflow/.local/lib/python3.8/site-packages/airflow/example_dags/example_datasets.py
[2024-01-28T02:55:38.258+0000] {processor.py:830} INFO - Processing file /home/airflow/.local/lib/python3.8/site-packages/airflow/example_dags/example_datasets.py for tasks to queue
[2024-01-28T02:55:38.259+0000] {logging_mixin.py:188} INFO - [2024-01-28T02:55:38.259+0000] {dagbag.py:538} INFO - Filling up the DagBag from /home/airflow/.local/lib/python3.8/site-packages/airflow/example_dags/example_datasets.py
[2024-01-28T02:55:38.276+0000] {processor.py:840} INFO - DAG(s) 'dataset_produces_1', 'dataset_consumes_unknown_never_scheduled', 'dataset_consumes_1_and_2', 'dataset_consumes_1_never_scheduled', 'dataset_consumes_1', 'dataset_produces_2' retrieved from /home/airflow/.local/lib/python3.8/site-packages/airflow/example_dags/example_datasets.py
[2024-01-28T02:55:38.324+0000] {logging_mixin.py:188} INFO - [2024-01-28T02:55:38.324+0000] {dag.py:3036} INFO - Sync 6 DAGs
[2024-01-28T02:55:38.351+0000] {logging_mixin.py:188} INFO - [2024-01-28T02:55:38.350+0000] {dag.py:3823} INFO - Setting next_dagrun for dataset_consumes_1 to None, run_after=None
[2024-01-28T02:55:38.355+0000] {logging_mixin.py:188} INFO - [2024-01-28T02:55:38.355+0000] {dag.py:3823} INFO - Setting next_dagrun for dataset_consumes_1_and_2 to None, run_after=None
[2024-01-28T02:55:38.357+0000] {logging_mixin.py:188} INFO - [2024-01-28T02:55:38.357+0000] {dag.py:3823} INFO - Setting next_dagrun for dataset_consumes_1_never_scheduled to None, run_after=None
[2024-01-28T02:55:38.360+0000] {logging_mixin.py:188} INFO - [2024-01-28T02:55:38.359+0000] {dag.py:3823} INFO - Setting next_dagrun for dataset_consumes_unknown_never_scheduled to None, run_after=None
[2024-01-28T02:55:38.364+0000] {logging_mixin.py:188} INFO - [2024-01-28T02:55:38.364+0000] {dag.py:3823} INFO - Setting next_dagrun for dataset_produces_1 to 2024-01-27 00:00:00+00:00, run_after=2024-01-28 00:00:00+00:00
[2024-01-28T02:55:38.366+0000] {logging_mixin.py:188} INFO - [2024-01-28T02:55:38.366+0000] {dag.py:3823} INFO - Setting next_dagrun for dataset_produces_2 to None, run_after=None
[2024-01-28T02:55:38.410+0000] {processor.py:183} INFO - Processing /home/airflow/.local/lib/python3.8/site-packages/airflow/example_dags/example_datasets.py took 0.158 seconds
[2024-01-28T02:56:08.539+0000] {processor.py:161} INFO - Started process (PID=9533) to work on /home/airflow/.local/lib/python3.8/site-packages/airflow/example_dags/example_datasets.py
[2024-01-28T02:56:08.540+0000] {processor.py:830} INFO - Processing file /home/airflow/.local/lib/python3.8/site-packages/airflow/example_dags/example_datasets.py for tasks to queue
[2024-01-28T02:56:08.541+0000] {logging_mixin.py:188} INFO - [2024-01-28T02:56:08.541+0000] {dagbag.py:538} INFO - Filling up the DagBag from /home/airflow/.local/lib/python3.8/site-packages/airflow/example_dags/example_datasets.py
[2024-01-28T02:56:08.552+0000] {processor.py:840} INFO - DAG(s) 'dataset_produces_2', 'dataset_consumes_1_never_scheduled', 'dataset_consumes_1', 'dataset_produces_1', 'dataset_consumes_unknown_never_scheduled', 'dataset_consumes_1_and_2' retrieved from /home/airflow/.local/lib/python3.8/site-packages/airflow/example_dags/example_datasets.py
[2024-01-28T02:56:08.595+0000] {logging_mixin.py:188} INFO - [2024-01-28T02:56:08.594+0000] {dag.py:3036} INFO - Sync 6 DAGs
[2024-01-28T02:56:08.621+0000] {logging_mixin.py:188} INFO - [2024-01-28T02:56:08.621+0000] {dag.py:3823} INFO - Setting next_dagrun for dataset_consumes_1 to None, run_after=None
[2024-01-28T02:56:08.625+0000] {logging_mixin.py:188} INFO - [2024-01-28T02:56:08.625+0000] {dag.py:3823} INFO - Setting next_dagrun for dataset_consumes_1_and_2 to None, run_after=None
[2024-01-28T02:56:08.628+0000] {logging_mixin.py:188} INFO - [2024-01-28T02:56:08.628+0000] {dag.py:3823} INFO - Setting next_dagrun for dataset_consumes_1_never_scheduled to None, run_after=None
[2024-01-28T02:56:08.630+0000] {logging_mixin.py:188} INFO - [2024-01-28T02:56:08.630+0000] {dag.py:3823} INFO - Setting next_dagrun for dataset_consumes_unknown_never_scheduled to None, run_after=None
[2024-01-28T02:56:08.634+0000] {logging_mixin.py:188} INFO - [2024-01-28T02:56:08.633+0000] {dag.py:3823} INFO - Setting next_dagrun for dataset_produces_1 to 2024-01-27 00:00:00+00:00, run_after=2024-01-28 00:00:00+00:00
[2024-01-28T02:56:08.636+0000] {logging_mixin.py:188} INFO - [2024-01-28T02:56:08.636+0000] {dag.py:3823} INFO - Setting next_dagrun for dataset_produces_2 to None, run_after=None
[2024-01-28T02:56:08.685+0000] {processor.py:183} INFO - Processing /home/airflow/.local/lib/python3.8/site-packages/airflow/example_dags/example_datasets.py took 0.148 seconds
[2024-01-28T02:56:38.808+0000] {processor.py:161} INFO - Started process (PID=9842) to work on /home/airflow/.local/lib/python3.8/site-packages/airflow/example_dags/example_datasets.py
[2024-01-28T02:56:38.810+0000] {processor.py:830} INFO - Processing file /home/airflow/.local/lib/python3.8/site-packages/airflow/example_dags/example_datasets.py for tasks to queue
[2024-01-28T02:56:38.811+0000] {logging_mixin.py:188} INFO - [2024-01-28T02:56:38.811+0000] {dagbag.py:538} INFO - Filling up the DagBag from /home/airflow/.local/lib/python3.8/site-packages/airflow/example_dags/example_datasets.py
[2024-01-28T02:56:38.821+0000] {processor.py:840} INFO - DAG(s) 'dataset_produces_2', 'dataset_consumes_1_and_2', 'dataset_consumes_unknown_never_scheduled', 'dataset_consumes_1', 'dataset_produces_1', 'dataset_consumes_1_never_scheduled' retrieved from /home/airflow/.local/lib/python3.8/site-packages/airflow/example_dags/example_datasets.py
[2024-01-28T02:56:38.859+0000] {logging_mixin.py:188} INFO - [2024-01-28T02:56:38.859+0000] {dag.py:3036} INFO - Sync 6 DAGs
[2024-01-28T02:56:38.885+0000] {logging_mixin.py:188} INFO - [2024-01-28T02:56:38.885+0000] {dag.py:3823} INFO - Setting next_dagrun for dataset_consumes_1 to None, run_after=None
[2024-01-28T02:56:38.890+0000] {logging_mixin.py:188} INFO - [2024-01-28T02:56:38.889+0000] {dag.py:3823} INFO - Setting next_dagrun for dataset_consumes_1_and_2 to None, run_after=None
[2024-01-28T02:56:38.891+0000] {logging_mixin.py:188} INFO - [2024-01-28T02:56:38.891+0000] {dag.py:3823} INFO - Setting next_dagrun for dataset_consumes_1_never_scheduled to None, run_after=None
[2024-01-28T02:56:38.893+0000] {logging_mixin.py:188} INFO - [2024-01-28T02:56:38.893+0000] {dag.py:3823} INFO - Setting next_dagrun for dataset_consumes_unknown_never_scheduled to None, run_after=None
[2024-01-28T02:56:38.897+0000] {logging_mixin.py:188} INFO - [2024-01-28T02:56:38.897+0000] {dag.py:3823} INFO - Setting next_dagrun for dataset_produces_1 to 2024-01-27 00:00:00+00:00, run_after=2024-01-28 00:00:00+00:00
[2024-01-28T02:56:38.900+0000] {logging_mixin.py:188} INFO - [2024-01-28T02:56:38.900+0000] {dag.py:3823} INFO - Setting next_dagrun for dataset_produces_2 to None, run_after=None
[2024-01-28T02:56:38.942+0000] {processor.py:183} INFO - Processing /home/airflow/.local/lib/python3.8/site-packages/airflow/example_dags/example_datasets.py took 0.136 seconds
[2024-01-28T02:57:10.477+0000] {processor.py:161} INFO - Started process (PID=10150) to work on /home/airflow/.local/lib/python3.8/site-packages/airflow/example_dags/example_datasets.py
[2024-01-28T02:57:10.478+0000] {processor.py:830} INFO - Processing file /home/airflow/.local/lib/python3.8/site-packages/airflow/example_dags/example_datasets.py for tasks to queue
[2024-01-28T02:57:10.479+0000] {logging_mixin.py:188} INFO - [2024-01-28T02:57:10.479+0000] {dagbag.py:538} INFO - Filling up the DagBag from /home/airflow/.local/lib/python3.8/site-packages/airflow/example_dags/example_datasets.py
[2024-01-28T02:57:10.490+0000] {processor.py:840} INFO - DAG(s) 'dataset_consumes_1_and_2', 'dataset_consumes_1', 'dataset_produces_2', 'dataset_consumes_unknown_never_scheduled', 'dataset_consumes_1_never_scheduled', 'dataset_produces_1' retrieved from /home/airflow/.local/lib/python3.8/site-packages/airflow/example_dags/example_datasets.py
[2024-01-28T02:57:10.525+0000] {logging_mixin.py:188} INFO - [2024-01-28T02:57:10.525+0000] {dag.py:3036} INFO - Sync 6 DAGs
[2024-01-28T02:57:10.547+0000] {logging_mixin.py:188} INFO - [2024-01-28T02:57:10.547+0000] {dag.py:3823} INFO - Setting next_dagrun for dataset_consumes_1 to None, run_after=None
[2024-01-28T02:57:10.552+0000] {logging_mixin.py:188} INFO - [2024-01-28T02:57:10.551+0000] {dag.py:3823} INFO - Setting next_dagrun for dataset_consumes_1_and_2 to None, run_after=None
[2024-01-28T02:57:10.553+0000] {logging_mixin.py:188} INFO - [2024-01-28T02:57:10.553+0000] {dag.py:3823} INFO - Setting next_dagrun for dataset_consumes_1_never_scheduled to None, run_after=None
[2024-01-28T02:57:10.555+0000] {logging_mixin.py:188} INFO - [2024-01-28T02:57:10.555+0000] {dag.py:3823} INFO - Setting next_dagrun for dataset_consumes_unknown_never_scheduled to None, run_after=None
[2024-01-28T02:57:10.558+0000] {logging_mixin.py:188} INFO - [2024-01-28T02:57:10.558+0000] {dag.py:3823} INFO - Setting next_dagrun for dataset_produces_1 to 2024-01-27 00:00:00+00:00, run_after=2024-01-28 00:00:00+00:00
[2024-01-28T02:57:10.560+0000] {logging_mixin.py:188} INFO - [2024-01-28T02:57:10.560+0000] {dag.py:3823} INFO - Setting next_dagrun for dataset_produces_2 to None, run_after=None
[2024-01-28T02:57:10.599+0000] {processor.py:183} INFO - Processing /home/airflow/.local/lib/python3.8/site-packages/airflow/example_dags/example_datasets.py took 0.125 seconds
[2024-01-28T02:57:41.456+0000] {processor.py:161} INFO - Started process (PID=10419) to work on /home/airflow/.local/lib/python3.8/site-packages/airflow/example_dags/example_datasets.py
[2024-01-28T02:57:41.458+0000] {processor.py:830} INFO - Processing file /home/airflow/.local/lib/python3.8/site-packages/airflow/example_dags/example_datasets.py for tasks to queue
[2024-01-28T02:57:41.460+0000] {logging_mixin.py:188} INFO - [2024-01-28T02:57:41.459+0000] {dagbag.py:538} INFO - Filling up the DagBag from /home/airflow/.local/lib/python3.8/site-packages/airflow/example_dags/example_datasets.py
[2024-01-28T02:57:41.468+0000] {processor.py:840} INFO - DAG(s) 'dataset_consumes_1_and_2', 'dataset_produces_2', 'dataset_consumes_1_never_scheduled', 'dataset_consumes_unknown_never_scheduled', 'dataset_consumes_1', 'dataset_produces_1' retrieved from /home/airflow/.local/lib/python3.8/site-packages/airflow/example_dags/example_datasets.py
[2024-01-28T02:57:41.509+0000] {logging_mixin.py:188} INFO - [2024-01-28T02:57:41.509+0000] {dag.py:3036} INFO - Sync 6 DAGs
[2024-01-28T02:57:41.533+0000] {logging_mixin.py:188} INFO - [2024-01-28T02:57:41.533+0000] {dag.py:3823} INFO - Setting next_dagrun for dataset_consumes_1 to None, run_after=None
[2024-01-28T02:57:41.538+0000] {logging_mixin.py:188} INFO - [2024-01-28T02:57:41.537+0000] {dag.py:3823} INFO - Setting next_dagrun for dataset_consumes_1_and_2 to None, run_after=None
[2024-01-28T02:57:41.540+0000] {logging_mixin.py:188} INFO - [2024-01-28T02:57:41.539+0000] {dag.py:3823} INFO - Setting next_dagrun for dataset_consumes_1_never_scheduled to None, run_after=None
[2024-01-28T02:57:41.542+0000] {logging_mixin.py:188} INFO - [2024-01-28T02:57:41.542+0000] {dag.py:3823} INFO - Setting next_dagrun for dataset_consumes_unknown_never_scheduled to None, run_after=None
[2024-01-28T02:57:41.545+0000] {logging_mixin.py:188} INFO - [2024-01-28T02:57:41.545+0000] {dag.py:3823} INFO - Setting next_dagrun for dataset_produces_1 to 2024-01-27 00:00:00+00:00, run_after=2024-01-28 00:00:00+00:00
[2024-01-28T02:57:41.547+0000] {logging_mixin.py:188} INFO - [2024-01-28T02:57:41.547+0000] {dag.py:3823} INFO - Setting next_dagrun for dataset_produces_2 to None, run_after=None
[2024-01-28T02:57:41.583+0000] {processor.py:183} INFO - Processing /home/airflow/.local/lib/python3.8/site-packages/airflow/example_dags/example_datasets.py took 0.131 seconds
[2024-01-28T02:58:11.729+0000] {processor.py:161} INFO - Started process (PID=10724) to work on /home/airflow/.local/lib/python3.8/site-packages/airflow/example_dags/example_datasets.py
[2024-01-28T02:58:11.730+0000] {processor.py:830} INFO - Processing file /home/airflow/.local/lib/python3.8/site-packages/airflow/example_dags/example_datasets.py for tasks to queue
[2024-01-28T02:58:11.732+0000] {logging_mixin.py:188} INFO - [2024-01-28T02:58:11.731+0000] {dagbag.py:538} INFO - Filling up the DagBag from /home/airflow/.local/lib/python3.8/site-packages/airflow/example_dags/example_datasets.py
[2024-01-28T02:58:11.744+0000] {processor.py:840} INFO - DAG(s) 'dataset_consumes_1', 'dataset_consumes_1_never_scheduled', 'dataset_consumes_1_and_2', 'dataset_consumes_unknown_never_scheduled', 'dataset_produces_1', 'dataset_produces_2' retrieved from /home/airflow/.local/lib/python3.8/site-packages/airflow/example_dags/example_datasets.py
[2024-01-28T02:58:11.791+0000] {logging_mixin.py:188} INFO - [2024-01-28T02:58:11.791+0000] {dag.py:3036} INFO - Sync 6 DAGs
[2024-01-28T02:58:11.819+0000] {logging_mixin.py:188} INFO - [2024-01-28T02:58:11.818+0000] {dag.py:3823} INFO - Setting next_dagrun for dataset_consumes_1 to None, run_after=None
[2024-01-28T02:58:11.824+0000] {logging_mixin.py:188} INFO - [2024-01-28T02:58:11.824+0000] {dag.py:3823} INFO - Setting next_dagrun for dataset_consumes_1_and_2 to None, run_after=None
[2024-01-28T02:58:11.826+0000] {logging_mixin.py:188} INFO - [2024-01-28T02:58:11.826+0000] {dag.py:3823} INFO - Setting next_dagrun for dataset_consumes_1_never_scheduled to None, run_after=None
[2024-01-28T02:58:11.828+0000] {logging_mixin.py:188} INFO - [2024-01-28T02:58:11.827+0000] {dag.py:3823} INFO - Setting next_dagrun for dataset_consumes_unknown_never_scheduled to None, run_after=None
[2024-01-28T02:58:11.831+0000] {logging_mixin.py:188} INFO - [2024-01-28T02:58:11.831+0000] {dag.py:3823} INFO - Setting next_dagrun for dataset_produces_1 to 2024-01-27 00:00:00+00:00, run_after=2024-01-28 00:00:00+00:00
[2024-01-28T02:58:11.833+0000] {logging_mixin.py:188} INFO - [2024-01-28T02:58:11.833+0000] {dag.py:3823} INFO - Setting next_dagrun for dataset_produces_2 to None, run_after=None
[2024-01-28T02:58:11.870+0000] {processor.py:183} INFO - Processing /home/airflow/.local/lib/python3.8/site-packages/airflow/example_dags/example_datasets.py took 0.145 seconds
