[2024-01-28T02:40:38.421+0000] {processor.py:161} INFO - Started process (PID=289) to work on /home/airflow/.local/lib/python3.8/site-packages/airflow/example_dags/example_task_group.py
[2024-01-28T02:40:38.423+0000] {processor.py:830} INFO - Processing file /home/airflow/.local/lib/python3.8/site-packages/airflow/example_dags/example_task_group.py for tasks to queue
[2024-01-28T02:40:38.424+0000] {logging_mixin.py:188} INFO - [2024-01-28T02:40:38.424+0000] {dagbag.py:538} INFO - Filling up the DagBag from /home/airflow/.local/lib/python3.8/site-packages/airflow/example_dags/example_task_group.py
[2024-01-28T02:40:38.439+0000] {processor.py:840} INFO - DAG(s) 'example_task_group' retrieved from /home/airflow/.local/lib/python3.8/site-packages/airflow/example_dags/example_task_group.py
[2024-01-28T02:40:38.734+0000] {logging_mixin.py:188} INFO - [2024-01-28T02:40:38.733+0000] {dag.py:3036} INFO - Sync 1 DAGs
[2024-01-28T02:40:38.792+0000] {logging_mixin.py:188} INFO - [2024-01-28T02:40:38.791+0000] {dag.py:3823} INFO - Setting next_dagrun for example_task_group to 2024-01-27 00:00:00+00:00, run_after=2024-01-28 00:00:00+00:00
[2024-01-28T02:40:38.855+0000] {processor.py:183} INFO - Processing /home/airflow/.local/lib/python3.8/site-packages/airflow/example_dags/example_task_group.py took 0.437 seconds
[2024-01-28T02:41:11.603+0000] {processor.py:161} INFO - Started process (PID=602) to work on /home/airflow/.local/lib/python3.8/site-packages/airflow/example_dags/example_task_group.py
[2024-01-28T02:41:11.605+0000] {processor.py:830} INFO - Processing file /home/airflow/.local/lib/python3.8/site-packages/airflow/example_dags/example_task_group.py for tasks to queue
[2024-01-28T02:41:11.606+0000] {logging_mixin.py:188} INFO - [2024-01-28T02:41:11.606+0000] {dagbag.py:538} INFO - Filling up the DagBag from /home/airflow/.local/lib/python3.8/site-packages/airflow/example_dags/example_task_group.py
[2024-01-28T02:41:11.616+0000] {processor.py:840} INFO - DAG(s) 'example_task_group' retrieved from /home/airflow/.local/lib/python3.8/site-packages/airflow/example_dags/example_task_group.py
[2024-01-28T02:41:11.644+0000] {logging_mixin.py:188} INFO - [2024-01-28T02:41:11.644+0000] {dag.py:3036} INFO - Sync 1 DAGs
[2024-01-28T02:41:11.673+0000] {logging_mixin.py:188} INFO - [2024-01-28T02:41:11.672+0000] {dag.py:3823} INFO - Setting next_dagrun for example_task_group to 2024-01-27 00:00:00+00:00, run_after=2024-01-28 00:00:00+00:00
[2024-01-28T02:41:11.704+0000] {processor.py:183} INFO - Processing /home/airflow/.local/lib/python3.8/site-packages/airflow/example_dags/example_task_group.py took 0.104 seconds
[2024-01-28T02:41:42.529+0000] {processor.py:161} INFO - Started process (PID=907) to work on /home/airflow/.local/lib/python3.8/site-packages/airflow/example_dags/example_task_group.py
[2024-01-28T02:41:42.531+0000] {processor.py:830} INFO - Processing file /home/airflow/.local/lib/python3.8/site-packages/airflow/example_dags/example_task_group.py for tasks to queue
[2024-01-28T02:41:42.532+0000] {logging_mixin.py:188} INFO - [2024-01-28T02:41:42.532+0000] {dagbag.py:538} INFO - Filling up the DagBag from /home/airflow/.local/lib/python3.8/site-packages/airflow/example_dags/example_task_group.py
[2024-01-28T02:41:42.540+0000] {processor.py:840} INFO - DAG(s) 'example_task_group' retrieved from /home/airflow/.local/lib/python3.8/site-packages/airflow/example_dags/example_task_group.py
[2024-01-28T02:41:42.561+0000] {logging_mixin.py:188} INFO - [2024-01-28T02:41:42.561+0000] {dag.py:3036} INFO - Sync 1 DAGs
[2024-01-28T02:41:42.585+0000] {logging_mixin.py:188} INFO - [2024-01-28T02:41:42.585+0000] {dag.py:3823} INFO - Setting next_dagrun for example_task_group to 2024-01-27 00:00:00+00:00, run_after=2024-01-28 00:00:00+00:00
[2024-01-28T02:41:42.608+0000] {processor.py:183} INFO - Processing /home/airflow/.local/lib/python3.8/site-packages/airflow/example_dags/example_task_group.py took 0.081 seconds
[2024-01-28T02:42:13.299+0000] {processor.py:161} INFO - Started process (PID=1216) to work on /home/airflow/.local/lib/python3.8/site-packages/airflow/example_dags/example_task_group.py
[2024-01-28T02:42:13.300+0000] {processor.py:830} INFO - Processing file /home/airflow/.local/lib/python3.8/site-packages/airflow/example_dags/example_task_group.py for tasks to queue
[2024-01-28T02:42:13.302+0000] {logging_mixin.py:188} INFO - [2024-01-28T02:42:13.302+0000] {dagbag.py:538} INFO - Filling up the DagBag from /home/airflow/.local/lib/python3.8/site-packages/airflow/example_dags/example_task_group.py
[2024-01-28T02:42:13.317+0000] {processor.py:840} INFO - DAG(s) 'example_task_group' retrieved from /home/airflow/.local/lib/python3.8/site-packages/airflow/example_dags/example_task_group.py
[2024-01-28T02:42:13.351+0000] {logging_mixin.py:188} INFO - [2024-01-28T02:42:13.351+0000] {dag.py:3036} INFO - Sync 1 DAGs
[2024-01-28T02:42:13.382+0000] {logging_mixin.py:188} INFO - [2024-01-28T02:42:13.381+0000] {dag.py:3823} INFO - Setting next_dagrun for example_task_group to 2024-01-27 00:00:00+00:00, run_after=2024-01-28 00:00:00+00:00
[2024-01-28T02:42:13.411+0000] {processor.py:183} INFO - Processing /home/airflow/.local/lib/python3.8/site-packages/airflow/example_dags/example_task_group.py took 0.115 seconds
[2024-01-28T02:42:44.766+0000] {processor.py:161} INFO - Started process (PID=1528) to work on /home/airflow/.local/lib/python3.8/site-packages/airflow/example_dags/example_task_group.py
[2024-01-28T02:42:44.767+0000] {processor.py:830} INFO - Processing file /home/airflow/.local/lib/python3.8/site-packages/airflow/example_dags/example_task_group.py for tasks to queue
[2024-01-28T02:42:44.769+0000] {logging_mixin.py:188} INFO - [2024-01-28T02:42:44.768+0000] {dagbag.py:538} INFO - Filling up the DagBag from /home/airflow/.local/lib/python3.8/site-packages/airflow/example_dags/example_task_group.py
[2024-01-28T02:42:44.778+0000] {processor.py:840} INFO - DAG(s) 'example_task_group' retrieved from /home/airflow/.local/lib/python3.8/site-packages/airflow/example_dags/example_task_group.py
[2024-01-28T02:42:44.802+0000] {logging_mixin.py:188} INFO - [2024-01-28T02:42:44.802+0000] {dag.py:3036} INFO - Sync 1 DAGs
[2024-01-28T02:42:44.825+0000] {logging_mixin.py:188} INFO - [2024-01-28T02:42:44.824+0000] {dag.py:3823} INFO - Setting next_dagrun for example_task_group to 2024-01-27 00:00:00+00:00, run_after=2024-01-28 00:00:00+00:00
[2024-01-28T02:42:44.853+0000] {processor.py:183} INFO - Processing /home/airflow/.local/lib/python3.8/site-packages/airflow/example_dags/example_task_group.py took 0.091 seconds
[2024-01-28T02:43:15.268+0000] {processor.py:161} INFO - Started process (PID=1828) to work on /home/airflow/.local/lib/python3.8/site-packages/airflow/example_dags/example_task_group.py
[2024-01-28T02:43:15.270+0000] {processor.py:830} INFO - Processing file /home/airflow/.local/lib/python3.8/site-packages/airflow/example_dags/example_task_group.py for tasks to queue
[2024-01-28T02:43:15.272+0000] {logging_mixin.py:188} INFO - [2024-01-28T02:43:15.272+0000] {dagbag.py:538} INFO - Filling up the DagBag from /home/airflow/.local/lib/python3.8/site-packages/airflow/example_dags/example_task_group.py
[2024-01-28T02:43:15.287+0000] {processor.py:840} INFO - DAG(s) 'example_task_group' retrieved from /home/airflow/.local/lib/python3.8/site-packages/airflow/example_dags/example_task_group.py
[2024-01-28T02:43:15.332+0000] {logging_mixin.py:188} INFO - [2024-01-28T02:43:15.332+0000] {dag.py:3036} INFO - Sync 1 DAGs
[2024-01-28T02:43:15.370+0000] {logging_mixin.py:188} INFO - [2024-01-28T02:43:15.370+0000] {dag.py:3823} INFO - Setting next_dagrun for example_task_group to 2024-01-27 00:00:00+00:00, run_after=2024-01-28 00:00:00+00:00
[2024-01-28T02:43:15.427+0000] {processor.py:183} INFO - Processing /home/airflow/.local/lib/python3.8/site-packages/airflow/example_dags/example_task_group.py took 0.163 seconds
[2024-01-28T02:43:46.260+0000] {processor.py:161} INFO - Started process (PID=2135) to work on /home/airflow/.local/lib/python3.8/site-packages/airflow/example_dags/example_task_group.py
[2024-01-28T02:43:46.262+0000] {processor.py:830} INFO - Processing file /home/airflow/.local/lib/python3.8/site-packages/airflow/example_dags/example_task_group.py for tasks to queue
[2024-01-28T02:43:46.264+0000] {logging_mixin.py:188} INFO - [2024-01-28T02:43:46.264+0000] {dagbag.py:538} INFO - Filling up the DagBag from /home/airflow/.local/lib/python3.8/site-packages/airflow/example_dags/example_task_group.py
[2024-01-28T02:43:46.274+0000] {processor.py:840} INFO - DAG(s) 'example_task_group' retrieved from /home/airflow/.local/lib/python3.8/site-packages/airflow/example_dags/example_task_group.py
[2024-01-28T02:43:46.306+0000] {logging_mixin.py:188} INFO - [2024-01-28T02:43:46.305+0000] {dag.py:3036} INFO - Sync 1 DAGs
[2024-01-28T02:43:46.361+0000] {logging_mixin.py:188} INFO - [2024-01-28T02:43:46.361+0000] {dag.py:3823} INFO - Setting next_dagrun for example_task_group to 2024-01-27 00:00:00+00:00, run_after=2024-01-28 00:00:00+00:00
[2024-01-28T02:43:46.416+0000] {processor.py:183} INFO - Processing /home/airflow/.local/lib/python3.8/site-packages/airflow/example_dags/example_task_group.py took 0.160 seconds
[2024-01-28T02:44:17.546+0000] {processor.py:161} INFO - Started process (PID=2441) to work on /home/airflow/.local/lib/python3.8/site-packages/airflow/example_dags/example_task_group.py
[2024-01-28T02:44:17.548+0000] {processor.py:830} INFO - Processing file /home/airflow/.local/lib/python3.8/site-packages/airflow/example_dags/example_task_group.py for tasks to queue
[2024-01-28T02:44:17.549+0000] {logging_mixin.py:188} INFO - [2024-01-28T02:44:17.549+0000] {dagbag.py:538} INFO - Filling up the DagBag from /home/airflow/.local/lib/python3.8/site-packages/airflow/example_dags/example_task_group.py
[2024-01-28T02:44:17.557+0000] {processor.py:840} INFO - DAG(s) 'example_task_group' retrieved from /home/airflow/.local/lib/python3.8/site-packages/airflow/example_dags/example_task_group.py
[2024-01-28T02:44:17.582+0000] {logging_mixin.py:188} INFO - [2024-01-28T02:44:17.582+0000] {dag.py:3036} INFO - Sync 1 DAGs
[2024-01-28T02:44:17.605+0000] {logging_mixin.py:188} INFO - [2024-01-28T02:44:17.604+0000] {dag.py:3823} INFO - Setting next_dagrun for example_task_group to 2024-01-27 00:00:00+00:00, run_after=2024-01-28 00:00:00+00:00
[2024-01-28T02:44:17.634+0000] {processor.py:183} INFO - Processing /home/airflow/.local/lib/python3.8/site-packages/airflow/example_dags/example_task_group.py took 0.092 seconds
[2024-01-28T02:44:47.677+0000] {processor.py:161} INFO - Started process (PID=2750) to work on /home/airflow/.local/lib/python3.8/site-packages/airflow/example_dags/example_task_group.py
[2024-01-28T02:44:47.679+0000] {processor.py:830} INFO - Processing file /home/airflow/.local/lib/python3.8/site-packages/airflow/example_dags/example_task_group.py for tasks to queue
[2024-01-28T02:44:47.680+0000] {logging_mixin.py:188} INFO - [2024-01-28T02:44:47.680+0000] {dagbag.py:538} INFO - Filling up the DagBag from /home/airflow/.local/lib/python3.8/site-packages/airflow/example_dags/example_task_group.py
[2024-01-28T02:44:47.690+0000] {processor.py:840} INFO - DAG(s) 'example_task_group' retrieved from /home/airflow/.local/lib/python3.8/site-packages/airflow/example_dags/example_task_group.py
[2024-01-28T02:44:47.719+0000] {logging_mixin.py:188} INFO - [2024-01-28T02:44:47.719+0000] {dag.py:3036} INFO - Sync 1 DAGs
[2024-01-28T02:44:47.748+0000] {logging_mixin.py:188} INFO - [2024-01-28T02:44:47.748+0000] {dag.py:3823} INFO - Setting next_dagrun for example_task_group to 2024-01-27 00:00:00+00:00, run_after=2024-01-28 00:00:00+00:00
[2024-01-28T02:44:47.775+0000] {processor.py:183} INFO - Processing /home/airflow/.local/lib/python3.8/site-packages/airflow/example_dags/example_task_group.py took 0.101 seconds
[2024-01-28T02:45:17.900+0000] {processor.py:161} INFO - Started process (PID=3056) to work on /home/airflow/.local/lib/python3.8/site-packages/airflow/example_dags/example_task_group.py
[2024-01-28T02:45:17.901+0000] {processor.py:830} INFO - Processing file /home/airflow/.local/lib/python3.8/site-packages/airflow/example_dags/example_task_group.py for tasks to queue
[2024-01-28T02:45:17.902+0000] {logging_mixin.py:188} INFO - [2024-01-28T02:45:17.902+0000] {dagbag.py:538} INFO - Filling up the DagBag from /home/airflow/.local/lib/python3.8/site-packages/airflow/example_dags/example_task_group.py
[2024-01-28T02:45:17.913+0000] {processor.py:840} INFO - DAG(s) 'example_task_group' retrieved from /home/airflow/.local/lib/python3.8/site-packages/airflow/example_dags/example_task_group.py
[2024-01-28T02:45:17.933+0000] {logging_mixin.py:188} INFO - [2024-01-28T02:45:17.932+0000] {dag.py:3036} INFO - Sync 1 DAGs
[2024-01-28T02:45:17.953+0000] {logging_mixin.py:188} INFO - [2024-01-28T02:45:17.953+0000] {dag.py:3823} INFO - Setting next_dagrun for example_task_group to 2024-01-27 00:00:00+00:00, run_after=2024-01-28 00:00:00+00:00
[2024-01-28T02:45:17.974+0000] {processor.py:183} INFO - Processing /home/airflow/.local/lib/python3.8/site-packages/airflow/example_dags/example_task_group.py took 0.078 seconds
[2024-01-28T02:45:48.165+0000] {processor.py:161} INFO - Started process (PID=3367) to work on /home/airflow/.local/lib/python3.8/site-packages/airflow/example_dags/example_task_group.py
[2024-01-28T02:45:48.167+0000] {processor.py:830} INFO - Processing file /home/airflow/.local/lib/python3.8/site-packages/airflow/example_dags/example_task_group.py for tasks to queue
[2024-01-28T02:45:48.168+0000] {logging_mixin.py:188} INFO - [2024-01-28T02:45:48.168+0000] {dagbag.py:538} INFO - Filling up the DagBag from /home/airflow/.local/lib/python3.8/site-packages/airflow/example_dags/example_task_group.py
[2024-01-28T02:45:48.176+0000] {processor.py:840} INFO - DAG(s) 'example_task_group' retrieved from /home/airflow/.local/lib/python3.8/site-packages/airflow/example_dags/example_task_group.py
[2024-01-28T02:45:48.196+0000] {logging_mixin.py:188} INFO - [2024-01-28T02:45:48.196+0000] {dag.py:3036} INFO - Sync 1 DAGs
[2024-01-28T02:45:48.215+0000] {logging_mixin.py:188} INFO - [2024-01-28T02:45:48.214+0000] {dag.py:3823} INFO - Setting next_dagrun for example_task_group to 2024-01-27 00:00:00+00:00, run_after=2024-01-28 00:00:00+00:00
[2024-01-28T02:45:48.243+0000] {processor.py:183} INFO - Processing /home/airflow/.local/lib/python3.8/site-packages/airflow/example_dags/example_task_group.py took 0.081 seconds
[2024-01-28T02:46:18.625+0000] {processor.py:161} INFO - Started process (PID=3678) to work on /home/airflow/.local/lib/python3.8/site-packages/airflow/example_dags/example_task_group.py
[2024-01-28T02:46:18.626+0000] {processor.py:830} INFO - Processing file /home/airflow/.local/lib/python3.8/site-packages/airflow/example_dags/example_task_group.py for tasks to queue
[2024-01-28T02:46:18.628+0000] {logging_mixin.py:188} INFO - [2024-01-28T02:46:18.627+0000] {dagbag.py:538} INFO - Filling up the DagBag from /home/airflow/.local/lib/python3.8/site-packages/airflow/example_dags/example_task_group.py
[2024-01-28T02:46:18.639+0000] {processor.py:840} INFO - DAG(s) 'example_task_group' retrieved from /home/airflow/.local/lib/python3.8/site-packages/airflow/example_dags/example_task_group.py
[2024-01-28T02:46:18.667+0000] {logging_mixin.py:188} INFO - [2024-01-28T02:46:18.667+0000] {dag.py:3036} INFO - Sync 1 DAGs
[2024-01-28T02:46:18.693+0000] {logging_mixin.py:188} INFO - [2024-01-28T02:46:18.692+0000] {dag.py:3823} INFO - Setting next_dagrun for example_task_group to 2024-01-27 00:00:00+00:00, run_after=2024-01-28 00:00:00+00:00
[2024-01-28T02:46:18.713+0000] {processor.py:183} INFO - Processing /home/airflow/.local/lib/python3.8/site-packages/airflow/example_dags/example_task_group.py took 0.093 seconds
[2024-01-28T02:46:49.001+0000] {processor.py:161} INFO - Started process (PID=3989) to work on /home/airflow/.local/lib/python3.8/site-packages/airflow/example_dags/example_task_group.py
[2024-01-28T02:46:49.003+0000] {processor.py:830} INFO - Processing file /home/airflow/.local/lib/python3.8/site-packages/airflow/example_dags/example_task_group.py for tasks to queue
[2024-01-28T02:46:49.004+0000] {logging_mixin.py:188} INFO - [2024-01-28T02:46:49.004+0000] {dagbag.py:538} INFO - Filling up the DagBag from /home/airflow/.local/lib/python3.8/site-packages/airflow/example_dags/example_task_group.py
[2024-01-28T02:46:49.015+0000] {processor.py:840} INFO - DAG(s) 'example_task_group' retrieved from /home/airflow/.local/lib/python3.8/site-packages/airflow/example_dags/example_task_group.py
[2024-01-28T02:46:49.043+0000] {logging_mixin.py:188} INFO - [2024-01-28T02:46:49.043+0000] {dag.py:3036} INFO - Sync 1 DAGs
[2024-01-28T02:46:49.063+0000] {logging_mixin.py:188} INFO - [2024-01-28T02:46:49.063+0000] {dag.py:3823} INFO - Setting next_dagrun for example_task_group to 2024-01-27 00:00:00+00:00, run_after=2024-01-28 00:00:00+00:00
[2024-01-28T02:46:49.083+0000] {processor.py:183} INFO - Processing /home/airflow/.local/lib/python3.8/site-packages/airflow/example_dags/example_task_group.py took 0.086 seconds
[2024-01-28T02:47:22.270+0000] {processor.py:161} INFO - Started process (PID=4299) to work on /home/airflow/.local/lib/python3.8/site-packages/airflow/example_dags/example_task_group.py
[2024-01-28T02:47:22.273+0000] {processor.py:830} INFO - Processing file /home/airflow/.local/lib/python3.8/site-packages/airflow/example_dags/example_task_group.py for tasks to queue
[2024-01-28T02:47:22.284+0000] {logging_mixin.py:188} INFO - [2024-01-28T02:47:22.284+0000] {dagbag.py:538} INFO - Filling up the DagBag from /home/airflow/.local/lib/python3.8/site-packages/airflow/example_dags/example_task_group.py
[2024-01-28T02:47:22.318+0000] {processor.py:840} INFO - DAG(s) 'example_task_group' retrieved from /home/airflow/.local/lib/python3.8/site-packages/airflow/example_dags/example_task_group.py
[2024-01-28T02:47:22.427+0000] {logging_mixin.py:188} INFO - [2024-01-28T02:47:22.426+0000] {dag.py:3036} INFO - Sync 1 DAGs
[2024-01-28T02:47:22.519+0000] {logging_mixin.py:188} INFO - [2024-01-28T02:47:22.519+0000] {dag.py:3823} INFO - Setting next_dagrun for example_task_group to 2024-01-27 00:00:00+00:00, run_after=2024-01-28 00:00:00+00:00
[2024-01-28T02:47:22.630+0000] {processor.py:183} INFO - Processing /home/airflow/.local/lib/python3.8/site-packages/airflow/example_dags/example_task_group.py took 0.371 seconds
[2024-01-28T02:47:53.659+0000] {processor.py:161} INFO - Started process (PID=4610) to work on /home/airflow/.local/lib/python3.8/site-packages/airflow/example_dags/example_task_group.py
[2024-01-28T02:47:53.662+0000] {processor.py:830} INFO - Processing file /home/airflow/.local/lib/python3.8/site-packages/airflow/example_dags/example_task_group.py for tasks to queue
[2024-01-28T02:47:53.664+0000] {logging_mixin.py:188} INFO - [2024-01-28T02:47:53.663+0000] {dagbag.py:538} INFO - Filling up the DagBag from /home/airflow/.local/lib/python3.8/site-packages/airflow/example_dags/example_task_group.py
[2024-01-28T02:47:53.674+0000] {processor.py:840} INFO - DAG(s) 'example_task_group' retrieved from /home/airflow/.local/lib/python3.8/site-packages/airflow/example_dags/example_task_group.py
[2024-01-28T02:47:53.696+0000] {logging_mixin.py:188} INFO - [2024-01-28T02:47:53.696+0000] {dag.py:3036} INFO - Sync 1 DAGs
[2024-01-28T02:47:53.717+0000] {logging_mixin.py:188} INFO - [2024-01-28T02:47:53.716+0000] {dag.py:3823} INFO - Setting next_dagrun for example_task_group to 2024-01-27 00:00:00+00:00, run_after=2024-01-28 00:00:00+00:00
[2024-01-28T02:47:56.445+0000] {processor.py:183} INFO - Processing /home/airflow/.local/lib/python3.8/site-packages/airflow/example_dags/example_task_group.py took 2.789 seconds
[2024-01-28T02:48:26.914+0000] {processor.py:161} INFO - Started process (PID=4920) to work on /home/airflow/.local/lib/python3.8/site-packages/airflow/example_dags/example_task_group.py
[2024-01-28T02:48:26.916+0000] {processor.py:830} INFO - Processing file /home/airflow/.local/lib/python3.8/site-packages/airflow/example_dags/example_task_group.py for tasks to queue
[2024-01-28T02:48:26.917+0000] {logging_mixin.py:188} INFO - [2024-01-28T02:48:26.917+0000] {dagbag.py:538} INFO - Filling up the DagBag from /home/airflow/.local/lib/python3.8/site-packages/airflow/example_dags/example_task_group.py
[2024-01-28T02:48:26.927+0000] {processor.py:840} INFO - DAG(s) 'example_task_group' retrieved from /home/airflow/.local/lib/python3.8/site-packages/airflow/example_dags/example_task_group.py
[2024-01-28T02:48:26.949+0000] {logging_mixin.py:188} INFO - [2024-01-28T02:48:26.949+0000] {dag.py:3036} INFO - Sync 1 DAGs
[2024-01-28T02:48:26.973+0000] {logging_mixin.py:188} INFO - [2024-01-28T02:48:26.973+0000] {dag.py:3823} INFO - Setting next_dagrun for example_task_group to 2024-01-27 00:00:00+00:00, run_after=2024-01-28 00:00:00+00:00
[2024-01-28T02:48:27.004+0000] {processor.py:183} INFO - Processing /home/airflow/.local/lib/python3.8/site-packages/airflow/example_dags/example_task_group.py took 0.094 seconds
[2024-01-28T02:48:57.304+0000] {processor.py:161} INFO - Started process (PID=5228) to work on /home/airflow/.local/lib/python3.8/site-packages/airflow/example_dags/example_task_group.py
[2024-01-28T02:48:57.306+0000] {processor.py:830} INFO - Processing file /home/airflow/.local/lib/python3.8/site-packages/airflow/example_dags/example_task_group.py for tasks to queue
[2024-01-28T02:48:57.307+0000] {logging_mixin.py:188} INFO - [2024-01-28T02:48:57.307+0000] {dagbag.py:538} INFO - Filling up the DagBag from /home/airflow/.local/lib/python3.8/site-packages/airflow/example_dags/example_task_group.py
[2024-01-28T02:48:57.316+0000] {processor.py:840} INFO - DAG(s) 'example_task_group' retrieved from /home/airflow/.local/lib/python3.8/site-packages/airflow/example_dags/example_task_group.py
[2024-01-28T02:48:57.340+0000] {logging_mixin.py:188} INFO - [2024-01-28T02:48:57.340+0000] {dag.py:3036} INFO - Sync 1 DAGs
[2024-01-28T02:48:57.366+0000] {logging_mixin.py:188} INFO - [2024-01-28T02:48:57.366+0000] {dag.py:3823} INFO - Setting next_dagrun for example_task_group to 2024-01-27 00:00:00+00:00, run_after=2024-01-28 00:00:00+00:00
[2024-01-28T02:48:57.394+0000] {processor.py:183} INFO - Processing /home/airflow/.local/lib/python3.8/site-packages/airflow/example_dags/example_task_group.py took 0.093 seconds
[2024-01-28T02:49:28.223+0000] {processor.py:161} INFO - Started process (PID=5542) to work on /home/airflow/.local/lib/python3.8/site-packages/airflow/example_dags/example_task_group.py
[2024-01-28T02:49:28.224+0000] {processor.py:830} INFO - Processing file /home/airflow/.local/lib/python3.8/site-packages/airflow/example_dags/example_task_group.py for tasks to queue
[2024-01-28T02:49:28.226+0000] {logging_mixin.py:188} INFO - [2024-01-28T02:49:28.226+0000] {dagbag.py:538} INFO - Filling up the DagBag from /home/airflow/.local/lib/python3.8/site-packages/airflow/example_dags/example_task_group.py
[2024-01-28T02:49:28.236+0000] {processor.py:840} INFO - DAG(s) 'example_task_group' retrieved from /home/airflow/.local/lib/python3.8/site-packages/airflow/example_dags/example_task_group.py
[2024-01-28T02:49:28.260+0000] {logging_mixin.py:188} INFO - [2024-01-28T02:49:28.260+0000] {dag.py:3036} INFO - Sync 1 DAGs
[2024-01-28T02:49:28.280+0000] {logging_mixin.py:188} INFO - [2024-01-28T02:49:28.280+0000] {dag.py:3823} INFO - Setting next_dagrun for example_task_group to 2024-01-27 00:00:00+00:00, run_after=2024-01-28 00:00:00+00:00
[2024-01-28T02:49:28.306+0000] {processor.py:183} INFO - Processing /home/airflow/.local/lib/python3.8/site-packages/airflow/example_dags/example_task_group.py took 0.087 seconds
[2024-01-28T02:49:59.130+0000] {processor.py:161} INFO - Started process (PID=5853) to work on /home/airflow/.local/lib/python3.8/site-packages/airflow/example_dags/example_task_group.py
[2024-01-28T02:49:59.131+0000] {processor.py:830} INFO - Processing file /home/airflow/.local/lib/python3.8/site-packages/airflow/example_dags/example_task_group.py for tasks to queue
[2024-01-28T02:49:59.132+0000] {logging_mixin.py:188} INFO - [2024-01-28T02:49:59.132+0000] {dagbag.py:538} INFO - Filling up the DagBag from /home/airflow/.local/lib/python3.8/site-packages/airflow/example_dags/example_task_group.py
[2024-01-28T02:49:59.143+0000] {processor.py:840} INFO - DAG(s) 'example_task_group' retrieved from /home/airflow/.local/lib/python3.8/site-packages/airflow/example_dags/example_task_group.py
[2024-01-28T02:49:59.167+0000] {logging_mixin.py:188} INFO - [2024-01-28T02:49:59.166+0000] {dag.py:3036} INFO - Sync 1 DAGs
[2024-01-28T02:49:59.188+0000] {logging_mixin.py:188} INFO - [2024-01-28T02:49:59.187+0000] {dag.py:3823} INFO - Setting next_dagrun for example_task_group to 2024-01-27 00:00:00+00:00, run_after=2024-01-28 00:00:00+00:00
[2024-01-28T02:49:59.211+0000] {processor.py:183} INFO - Processing /home/airflow/.local/lib/python3.8/site-packages/airflow/example_dags/example_task_group.py took 0.085 seconds
[2024-01-28T02:50:29.645+0000] {processor.py:161} INFO - Started process (PID=6164) to work on /home/airflow/.local/lib/python3.8/site-packages/airflow/example_dags/example_task_group.py
[2024-01-28T02:50:29.646+0000] {processor.py:830} INFO - Processing file /home/airflow/.local/lib/python3.8/site-packages/airflow/example_dags/example_task_group.py for tasks to queue
[2024-01-28T02:50:29.648+0000] {logging_mixin.py:188} INFO - [2024-01-28T02:50:29.647+0000] {dagbag.py:538} INFO - Filling up the DagBag from /home/airflow/.local/lib/python3.8/site-packages/airflow/example_dags/example_task_group.py
[2024-01-28T02:50:29.655+0000] {processor.py:840} INFO - DAG(s) 'example_task_group' retrieved from /home/airflow/.local/lib/python3.8/site-packages/airflow/example_dags/example_task_group.py
[2024-01-28T02:50:29.676+0000] {logging_mixin.py:188} INFO - [2024-01-28T02:50:29.676+0000] {dag.py:3036} INFO - Sync 1 DAGs
[2024-01-28T02:50:29.841+0000] {logging_mixin.py:188} INFO - [2024-01-28T02:50:29.841+0000] {dag.py:3823} INFO - Setting next_dagrun for example_task_group to 2024-01-27 00:00:00+00:00, run_after=2024-01-28 00:00:00+00:00
[2024-01-28T02:50:29.869+0000] {processor.py:183} INFO - Processing /home/airflow/.local/lib/python3.8/site-packages/airflow/example_dags/example_task_group.py took 0.227 seconds
[2024-01-28T02:51:00.225+0000] {processor.py:161} INFO - Started process (PID=6475) to work on /home/airflow/.local/lib/python3.8/site-packages/airflow/example_dags/example_task_group.py
[2024-01-28T02:51:00.226+0000] {processor.py:830} INFO - Processing file /home/airflow/.local/lib/python3.8/site-packages/airflow/example_dags/example_task_group.py for tasks to queue
[2024-01-28T02:51:00.227+0000] {logging_mixin.py:188} INFO - [2024-01-28T02:51:00.227+0000] {dagbag.py:538} INFO - Filling up the DagBag from /home/airflow/.local/lib/python3.8/site-packages/airflow/example_dags/example_task_group.py
[2024-01-28T02:51:00.234+0000] {processor.py:840} INFO - DAG(s) 'example_task_group' retrieved from /home/airflow/.local/lib/python3.8/site-packages/airflow/example_dags/example_task_group.py
[2024-01-28T02:51:00.254+0000] {logging_mixin.py:188} INFO - [2024-01-28T02:51:00.253+0000] {dag.py:3036} INFO - Sync 1 DAGs
[2024-01-28T02:51:00.274+0000] {logging_mixin.py:188} INFO - [2024-01-28T02:51:00.273+0000] {dag.py:3823} INFO - Setting next_dagrun for example_task_group to 2024-01-27 00:00:00+00:00, run_after=2024-01-28 00:00:00+00:00
[2024-01-28T02:51:00.297+0000] {processor.py:183} INFO - Processing /home/airflow/.local/lib/python3.8/site-packages/airflow/example_dags/example_task_group.py took 0.075 seconds
[2024-01-28T02:51:31.303+0000] {processor.py:161} INFO - Started process (PID=6787) to work on /home/airflow/.local/lib/python3.8/site-packages/airflow/example_dags/example_task_group.py
[2024-01-28T02:51:31.304+0000] {processor.py:830} INFO - Processing file /home/airflow/.local/lib/python3.8/site-packages/airflow/example_dags/example_task_group.py for tasks to queue
[2024-01-28T02:51:31.306+0000] {logging_mixin.py:188} INFO - [2024-01-28T02:51:31.305+0000] {dagbag.py:538} INFO - Filling up the DagBag from /home/airflow/.local/lib/python3.8/site-packages/airflow/example_dags/example_task_group.py
[2024-01-28T02:51:31.318+0000] {processor.py:840} INFO - DAG(s) 'example_task_group' retrieved from /home/airflow/.local/lib/python3.8/site-packages/airflow/example_dags/example_task_group.py
[2024-01-28T02:51:31.361+0000] {logging_mixin.py:188} INFO - [2024-01-28T02:51:31.361+0000] {dag.py:3036} INFO - Sync 1 DAGs
[2024-01-28T02:51:31.384+0000] {logging_mixin.py:188} INFO - [2024-01-28T02:51:31.384+0000] {dag.py:3823} INFO - Setting next_dagrun for example_task_group to 2024-01-27 00:00:00+00:00, run_after=2024-01-28 00:00:00+00:00
[2024-01-28T02:51:31.539+0000] {processor.py:183} INFO - Processing /home/airflow/.local/lib/python3.8/site-packages/airflow/example_dags/example_task_group.py took 0.240 seconds
[2024-01-28T02:52:03.267+0000] {processor.py:161} INFO - Started process (PID=7095) to work on /home/airflow/.local/lib/python3.8/site-packages/airflow/example_dags/example_task_group.py
[2024-01-28T02:52:03.269+0000] {processor.py:830} INFO - Processing file /home/airflow/.local/lib/python3.8/site-packages/airflow/example_dags/example_task_group.py for tasks to queue
[2024-01-28T02:52:03.270+0000] {logging_mixin.py:188} INFO - [2024-01-28T02:52:03.269+0000] {dagbag.py:538} INFO - Filling up the DagBag from /home/airflow/.local/lib/python3.8/site-packages/airflow/example_dags/example_task_group.py
[2024-01-28T02:52:03.279+0000] {processor.py:840} INFO - DAG(s) 'example_task_group' retrieved from /home/airflow/.local/lib/python3.8/site-packages/airflow/example_dags/example_task_group.py
[2024-01-28T02:52:03.303+0000] {logging_mixin.py:188} INFO - [2024-01-28T02:52:03.303+0000] {dag.py:3036} INFO - Sync 1 DAGs
[2024-01-28T02:52:03.333+0000] {logging_mixin.py:188} INFO - [2024-01-28T02:52:03.333+0000] {dag.py:3823} INFO - Setting next_dagrun for example_task_group to 2024-01-27 00:00:00+00:00, run_after=2024-01-28 00:00:00+00:00
[2024-01-28T02:52:03.367+0000] {processor.py:183} INFO - Processing /home/airflow/.local/lib/python3.8/site-packages/airflow/example_dags/example_task_group.py took 0.103 seconds
[2024-01-28T02:52:34.152+0000] {processor.py:161} INFO - Started process (PID=7394) to work on /home/airflow/.local/lib/python3.8/site-packages/airflow/example_dags/example_task_group.py
[2024-01-28T02:52:34.154+0000] {processor.py:830} INFO - Processing file /home/airflow/.local/lib/python3.8/site-packages/airflow/example_dags/example_task_group.py for tasks to queue
[2024-01-28T02:52:34.155+0000] {logging_mixin.py:188} INFO - [2024-01-28T02:52:34.155+0000] {dagbag.py:538} INFO - Filling up the DagBag from /home/airflow/.local/lib/python3.8/site-packages/airflow/example_dags/example_task_group.py
[2024-01-28T02:52:34.166+0000] {processor.py:840} INFO - DAG(s) 'example_task_group' retrieved from /home/airflow/.local/lib/python3.8/site-packages/airflow/example_dags/example_task_group.py
[2024-01-28T02:52:34.192+0000] {logging_mixin.py:188} INFO - [2024-01-28T02:52:34.192+0000] {dag.py:3036} INFO - Sync 1 DAGs
[2024-01-28T02:52:34.214+0000] {logging_mixin.py:188} INFO - [2024-01-28T02:52:34.214+0000] {dag.py:3823} INFO - Setting next_dagrun for example_task_group to 2024-01-27 00:00:00+00:00, run_after=2024-01-28 00:00:00+00:00
[2024-01-28T02:52:34.243+0000] {processor.py:183} INFO - Processing /home/airflow/.local/lib/python3.8/site-packages/airflow/example_dags/example_task_group.py took 0.095 seconds
[2024-01-28T02:53:04.502+0000] {processor.py:161} INFO - Started process (PID=7698) to work on /home/airflow/.local/lib/python3.8/site-packages/airflow/example_dags/example_task_group.py
[2024-01-28T02:53:04.506+0000] {processor.py:830} INFO - Processing file /home/airflow/.local/lib/python3.8/site-packages/airflow/example_dags/example_task_group.py for tasks to queue
[2024-01-28T02:53:04.508+0000] {logging_mixin.py:188} INFO - [2024-01-28T02:53:04.507+0000] {dagbag.py:538} INFO - Filling up the DagBag from /home/airflow/.local/lib/python3.8/site-packages/airflow/example_dags/example_task_group.py
[2024-01-28T02:53:04.519+0000] {processor.py:840} INFO - DAG(s) 'example_task_group' retrieved from /home/airflow/.local/lib/python3.8/site-packages/airflow/example_dags/example_task_group.py
[2024-01-28T02:53:04.560+0000] {logging_mixin.py:188} INFO - [2024-01-28T02:53:04.559+0000] {dag.py:3036} INFO - Sync 1 DAGs
[2024-01-28T02:53:04.597+0000] {logging_mixin.py:188} INFO - [2024-01-28T02:53:04.596+0000] {dag.py:3823} INFO - Setting next_dagrun for example_task_group to 2024-01-27 00:00:00+00:00, run_after=2024-01-28 00:00:00+00:00
[2024-01-28T02:53:04.660+0000] {processor.py:183} INFO - Processing /home/airflow/.local/lib/python3.8/site-packages/airflow/example_dags/example_task_group.py took 0.162 seconds
[2024-01-28T02:53:34.913+0000] {processor.py:161} INFO - Started process (PID=8006) to work on /home/airflow/.local/lib/python3.8/site-packages/airflow/example_dags/example_task_group.py
[2024-01-28T02:53:34.914+0000] {processor.py:830} INFO - Processing file /home/airflow/.local/lib/python3.8/site-packages/airflow/example_dags/example_task_group.py for tasks to queue
[2024-01-28T02:53:34.915+0000] {logging_mixin.py:188} INFO - [2024-01-28T02:53:34.915+0000] {dagbag.py:538} INFO - Filling up the DagBag from /home/airflow/.local/lib/python3.8/site-packages/airflow/example_dags/example_task_group.py
[2024-01-28T02:53:34.922+0000] {processor.py:840} INFO - DAG(s) 'example_task_group' retrieved from /home/airflow/.local/lib/python3.8/site-packages/airflow/example_dags/example_task_group.py
[2024-01-28T02:53:34.942+0000] {logging_mixin.py:188} INFO - [2024-01-28T02:53:34.941+0000] {dag.py:3036} INFO - Sync 1 DAGs
[2024-01-28T02:53:34.962+0000] {logging_mixin.py:188} INFO - [2024-01-28T02:53:34.962+0000] {dag.py:3823} INFO - Setting next_dagrun for example_task_group to 2024-01-27 00:00:00+00:00, run_after=2024-01-28 00:00:00+00:00
[2024-01-28T02:53:34.984+0000] {processor.py:183} INFO - Processing /home/airflow/.local/lib/python3.8/site-packages/airflow/example_dags/example_task_group.py took 0.073 seconds
[2024-01-28T02:54:05.119+0000] {processor.py:161} INFO - Started process (PID=8317) to work on /home/airflow/.local/lib/python3.8/site-packages/airflow/example_dags/example_task_group.py
[2024-01-28T02:54:05.121+0000] {processor.py:830} INFO - Processing file /home/airflow/.local/lib/python3.8/site-packages/airflow/example_dags/example_task_group.py for tasks to queue
[2024-01-28T02:54:05.121+0000] {logging_mixin.py:188} INFO - [2024-01-28T02:54:05.121+0000] {dagbag.py:538} INFO - Filling up the DagBag from /home/airflow/.local/lib/python3.8/site-packages/airflow/example_dags/example_task_group.py
[2024-01-28T02:54:05.129+0000] {processor.py:840} INFO - DAG(s) 'example_task_group' retrieved from /home/airflow/.local/lib/python3.8/site-packages/airflow/example_dags/example_task_group.py
[2024-01-28T02:54:05.151+0000] {logging_mixin.py:188} INFO - [2024-01-28T02:54:05.151+0000] {dag.py:3036} INFO - Sync 1 DAGs
[2024-01-28T02:54:05.171+0000] {logging_mixin.py:188} INFO - [2024-01-28T02:54:05.171+0000] {dag.py:3823} INFO - Setting next_dagrun for example_task_group to 2024-01-27 00:00:00+00:00, run_after=2024-01-28 00:00:00+00:00
[2024-01-28T02:54:05.194+0000] {processor.py:183} INFO - Processing /home/airflow/.local/lib/python3.8/site-packages/airflow/example_dags/example_task_group.py took 0.077 seconds
[2024-01-28T02:54:35.601+0000] {processor.py:161} INFO - Started process (PID=8630) to work on /home/airflow/.local/lib/python3.8/site-packages/airflow/example_dags/example_task_group.py
[2024-01-28T02:54:35.602+0000] {processor.py:830} INFO - Processing file /home/airflow/.local/lib/python3.8/site-packages/airflow/example_dags/example_task_group.py for tasks to queue
[2024-01-28T02:54:35.603+0000] {logging_mixin.py:188} INFO - [2024-01-28T02:54:35.603+0000] {dagbag.py:538} INFO - Filling up the DagBag from /home/airflow/.local/lib/python3.8/site-packages/airflow/example_dags/example_task_group.py
[2024-01-28T02:54:35.610+0000] {processor.py:840} INFO - DAG(s) 'example_task_group' retrieved from /home/airflow/.local/lib/python3.8/site-packages/airflow/example_dags/example_task_group.py
[2024-01-28T02:54:35.634+0000] {logging_mixin.py:188} INFO - [2024-01-28T02:54:35.634+0000] {dag.py:3036} INFO - Sync 1 DAGs
[2024-01-28T02:54:35.659+0000] {logging_mixin.py:188} INFO - [2024-01-28T02:54:35.658+0000] {dag.py:3823} INFO - Setting next_dagrun for example_task_group to 2024-01-27 00:00:00+00:00, run_after=2024-01-28 00:00:00+00:00
[2024-01-28T02:54:35.685+0000] {processor.py:183} INFO - Processing /home/airflow/.local/lib/python3.8/site-packages/airflow/example_dags/example_task_group.py took 0.088 seconds
[2024-01-28T02:55:05.805+0000] {processor.py:161} INFO - Started process (PID=8941) to work on /home/airflow/.local/lib/python3.8/site-packages/airflow/example_dags/example_task_group.py
[2024-01-28T02:55:05.806+0000] {processor.py:830} INFO - Processing file /home/airflow/.local/lib/python3.8/site-packages/airflow/example_dags/example_task_group.py for tasks to queue
[2024-01-28T02:55:05.807+0000] {logging_mixin.py:188} INFO - [2024-01-28T02:55:05.807+0000] {dagbag.py:538} INFO - Filling up the DagBag from /home/airflow/.local/lib/python3.8/site-packages/airflow/example_dags/example_task_group.py
[2024-01-28T02:55:05.817+0000] {processor.py:840} INFO - DAG(s) 'example_task_group' retrieved from /home/airflow/.local/lib/python3.8/site-packages/airflow/example_dags/example_task_group.py
[2024-01-28T02:55:05.841+0000] {logging_mixin.py:188} INFO - [2024-01-28T02:55:05.840+0000] {dag.py:3036} INFO - Sync 1 DAGs
[2024-01-28T02:55:05.864+0000] {logging_mixin.py:188} INFO - [2024-01-28T02:55:05.863+0000] {dag.py:3823} INFO - Setting next_dagrun for example_task_group to 2024-01-27 00:00:00+00:00, run_after=2024-01-28 00:00:00+00:00
[2024-01-28T02:55:05.887+0000] {processor.py:183} INFO - Processing /home/airflow/.local/lib/python3.8/site-packages/airflow/example_dags/example_task_group.py took 0.085 seconds
[2024-01-28T02:55:38.001+0000] {processor.py:161} INFO - Started process (PID=9223) to work on /home/airflow/.local/lib/python3.8/site-packages/airflow/example_dags/example_task_group.py
[2024-01-28T02:55:38.003+0000] {processor.py:830} INFO - Processing file /home/airflow/.local/lib/python3.8/site-packages/airflow/example_dags/example_task_group.py for tasks to queue
[2024-01-28T02:55:38.004+0000] {logging_mixin.py:188} INFO - [2024-01-28T02:55:38.004+0000] {dagbag.py:538} INFO - Filling up the DagBag from /home/airflow/.local/lib/python3.8/site-packages/airflow/example_dags/example_task_group.py
[2024-01-28T02:55:38.012+0000] {processor.py:840} INFO - DAG(s) 'example_task_group' retrieved from /home/airflow/.local/lib/python3.8/site-packages/airflow/example_dags/example_task_group.py
[2024-01-28T02:55:38.034+0000] {logging_mixin.py:188} INFO - [2024-01-28T02:55:38.034+0000] {dag.py:3036} INFO - Sync 1 DAGs
[2024-01-28T02:55:38.055+0000] {logging_mixin.py:188} INFO - [2024-01-28T02:55:38.055+0000] {dag.py:3823} INFO - Setting next_dagrun for example_task_group to 2024-01-27 00:00:00+00:00, run_after=2024-01-28 00:00:00+00:00
[2024-01-28T02:55:38.082+0000] {processor.py:183} INFO - Processing /home/airflow/.local/lib/python3.8/site-packages/airflow/example_dags/example_task_group.py took 0.085 seconds
[2024-01-28T02:56:08.394+0000] {processor.py:161} INFO - Started process (PID=9528) to work on /home/airflow/.local/lib/python3.8/site-packages/airflow/example_dags/example_task_group.py
[2024-01-28T02:56:08.397+0000] {processor.py:830} INFO - Processing file /home/airflow/.local/lib/python3.8/site-packages/airflow/example_dags/example_task_group.py for tasks to queue
[2024-01-28T02:56:08.398+0000] {logging_mixin.py:188} INFO - [2024-01-28T02:56:08.398+0000] {dagbag.py:538} INFO - Filling up the DagBag from /home/airflow/.local/lib/python3.8/site-packages/airflow/example_dags/example_task_group.py
[2024-01-28T02:56:08.408+0000] {processor.py:840} INFO - DAG(s) 'example_task_group' retrieved from /home/airflow/.local/lib/python3.8/site-packages/airflow/example_dags/example_task_group.py
[2024-01-28T02:56:08.431+0000] {logging_mixin.py:188} INFO - [2024-01-28T02:56:08.431+0000] {dag.py:3036} INFO - Sync 1 DAGs
[2024-01-28T02:56:08.455+0000] {logging_mixin.py:188} INFO - [2024-01-28T02:56:08.455+0000] {dag.py:3823} INFO - Setting next_dagrun for example_task_group to 2024-01-27 00:00:00+00:00, run_after=2024-01-28 00:00:00+00:00
[2024-01-28T02:56:08.488+0000] {processor.py:183} INFO - Processing /home/airflow/.local/lib/python3.8/site-packages/airflow/example_dags/example_task_group.py took 0.097 seconds
[2024-01-28T02:56:38.694+0000] {processor.py:161} INFO - Started process (PID=9836) to work on /home/airflow/.local/lib/python3.8/site-packages/airflow/example_dags/example_task_group.py
[2024-01-28T02:56:38.695+0000] {processor.py:830} INFO - Processing file /home/airflow/.local/lib/python3.8/site-packages/airflow/example_dags/example_task_group.py for tasks to queue
[2024-01-28T02:56:38.696+0000] {logging_mixin.py:188} INFO - [2024-01-28T02:56:38.695+0000] {dagbag.py:538} INFO - Filling up the DagBag from /home/airflow/.local/lib/python3.8/site-packages/airflow/example_dags/example_task_group.py
[2024-01-28T02:56:38.703+0000] {processor.py:840} INFO - DAG(s) 'example_task_group' retrieved from /home/airflow/.local/lib/python3.8/site-packages/airflow/example_dags/example_task_group.py
[2024-01-28T02:56:38.726+0000] {logging_mixin.py:188} INFO - [2024-01-28T02:56:38.726+0000] {dag.py:3036} INFO - Sync 1 DAGs
[2024-01-28T02:56:38.748+0000] {logging_mixin.py:188} INFO - [2024-01-28T02:56:38.748+0000] {dag.py:3823} INFO - Setting next_dagrun for example_task_group to 2024-01-27 00:00:00+00:00, run_after=2024-01-28 00:00:00+00:00
[2024-01-28T02:56:38.771+0000] {processor.py:183} INFO - Processing /home/airflow/.local/lib/python3.8/site-packages/airflow/example_dags/example_task_group.py took 0.080 seconds
[2024-01-28T02:57:10.378+0000] {processor.py:161} INFO - Started process (PID=10145) to work on /home/airflow/.local/lib/python3.8/site-packages/airflow/example_dags/example_task_group.py
[2024-01-28T02:57:10.379+0000] {processor.py:830} INFO - Processing file /home/airflow/.local/lib/python3.8/site-packages/airflow/example_dags/example_task_group.py for tasks to queue
[2024-01-28T02:57:10.380+0000] {logging_mixin.py:188} INFO - [2024-01-28T02:57:10.380+0000] {dagbag.py:538} INFO - Filling up the DagBag from /home/airflow/.local/lib/python3.8/site-packages/airflow/example_dags/example_task_group.py
[2024-01-28T02:57:10.387+0000] {processor.py:840} INFO - DAG(s) 'example_task_group' retrieved from /home/airflow/.local/lib/python3.8/site-packages/airflow/example_dags/example_task_group.py
[2024-01-28T02:57:10.406+0000] {logging_mixin.py:188} INFO - [2024-01-28T02:57:10.406+0000] {dag.py:3036} INFO - Sync 1 DAGs
[2024-01-28T02:57:10.424+0000] {logging_mixin.py:188} INFO - [2024-01-28T02:57:10.424+0000] {dag.py:3823} INFO - Setting next_dagrun for example_task_group to 2024-01-27 00:00:00+00:00, run_after=2024-01-28 00:00:00+00:00
[2024-01-28T02:57:10.444+0000] {processor.py:183} INFO - Processing /home/airflow/.local/lib/python3.8/site-packages/airflow/example_dags/example_task_group.py took 0.069 seconds
[2024-01-28T02:57:41.346+0000] {processor.py:161} INFO - Started process (PID=10414) to work on /home/airflow/.local/lib/python3.8/site-packages/airflow/example_dags/example_task_group.py
[2024-01-28T02:57:41.348+0000] {processor.py:830} INFO - Processing file /home/airflow/.local/lib/python3.8/site-packages/airflow/example_dags/example_task_group.py for tasks to queue
[2024-01-28T02:57:41.349+0000] {logging_mixin.py:188} INFO - [2024-01-28T02:57:41.349+0000] {dagbag.py:538} INFO - Filling up the DagBag from /home/airflow/.local/lib/python3.8/site-packages/airflow/example_dags/example_task_group.py
[2024-01-28T02:57:41.356+0000] {processor.py:840} INFO - DAG(s) 'example_task_group' retrieved from /home/airflow/.local/lib/python3.8/site-packages/airflow/example_dags/example_task_group.py
[2024-01-28T02:57:41.380+0000] {logging_mixin.py:188} INFO - [2024-01-28T02:57:41.379+0000] {dag.py:3036} INFO - Sync 1 DAGs
[2024-01-28T02:57:41.402+0000] {logging_mixin.py:188} INFO - [2024-01-28T02:57:41.402+0000] {dag.py:3823} INFO - Setting next_dagrun for example_task_group to 2024-01-27 00:00:00+00:00, run_after=2024-01-28 00:00:00+00:00
[2024-01-28T02:57:41.423+0000] {processor.py:183} INFO - Processing /home/airflow/.local/lib/python3.8/site-packages/airflow/example_dags/example_task_group.py took 0.081 seconds
[2024-01-28T02:58:11.476+0000] {processor.py:161} INFO - Started process (PID=10714) to work on /home/airflow/.local/lib/python3.8/site-packages/airflow/example_dags/example_task_group.py
[2024-01-28T02:58:11.478+0000] {processor.py:830} INFO - Processing file /home/airflow/.local/lib/python3.8/site-packages/airflow/example_dags/example_task_group.py for tasks to queue
[2024-01-28T02:58:11.479+0000] {logging_mixin.py:188} INFO - [2024-01-28T02:58:11.479+0000] {dagbag.py:538} INFO - Filling up the DagBag from /home/airflow/.local/lib/python3.8/site-packages/airflow/example_dags/example_task_group.py
[2024-01-28T02:58:11.489+0000] {processor.py:840} INFO - DAG(s) 'example_task_group' retrieved from /home/airflow/.local/lib/python3.8/site-packages/airflow/example_dags/example_task_group.py
[2024-01-28T02:58:11.540+0000] {logging_mixin.py:188} INFO - [2024-01-28T02:58:11.540+0000] {dag.py:3036} INFO - Sync 1 DAGs
[2024-01-28T02:58:11.602+0000] {logging_mixin.py:188} INFO - [2024-01-28T02:58:11.602+0000] {dag.py:3823} INFO - Setting next_dagrun for example_task_group to 2024-01-27 00:00:00+00:00, run_after=2024-01-28 00:00:00+00:00
[2024-01-28T02:58:11.676+0000] {processor.py:183} INFO - Processing /home/airflow/.local/lib/python3.8/site-packages/airflow/example_dags/example_task_group.py took 0.203 seconds
