[2024-01-28T02:40:46.059+0000] {processor.py:161} INFO - Started process (PID=400) to work on /home/airflow/.local/lib/python3.8/site-packages/airflow/example_dags/example_branch_datetime_operator.py
[2024-01-28T02:40:46.063+0000] {processor.py:830} INFO - Processing file /home/airflow/.local/lib/python3.8/site-packages/airflow/example_dags/example_branch_datetime_operator.py for tasks to queue
[2024-01-28T02:40:46.064+0000] {logging_mixin.py:188} INFO - [2024-01-28T02:40:46.064+0000] {dagbag.py:538} INFO - Filling up the DagBag from /home/airflow/.local/lib/python3.8/site-packages/airflow/example_dags/example_branch_datetime_operator.py
[2024-01-28T02:40:46.111+0000] {processor.py:840} INFO - DAG(s) 'example_branch_datetime_operator', 'example_branch_datetime_operator_2', 'example_branch_datetime_operator_3' retrieved from /home/airflow/.local/lib/python3.8/site-packages/airflow/example_dags/example_branch_datetime_operator.py
[2024-01-28T02:40:46.311+0000] {logging_mixin.py:188} INFO - [2024-01-28T02:40:46.310+0000] {dag.py:3036} INFO - Sync 3 DAGs
[2024-01-28T02:40:46.341+0000] {logging_mixin.py:188} INFO - [2024-01-28T02:40:46.336+0000] {dag.py:3823} INFO - Setting next_dagrun for example_branch_datetime_operator to 2024-01-27 00:00:00+00:00, run_after=2024-01-28 00:00:00+00:00
[2024-01-28T02:40:46.362+0000] {logging_mixin.py:188} INFO - [2024-01-28T02:40:46.361+0000] {dag.py:3823} INFO - Setting next_dagrun for example_branch_datetime_operator_2 to 2024-01-27 00:00:00+00:00, run_after=2024-01-28 00:00:00+00:00
[2024-01-28T02:40:46.367+0000] {logging_mixin.py:188} INFO - [2024-01-28T02:40:46.366+0000] {dag.py:3823} INFO - Setting next_dagrun for example_branch_datetime_operator_3 to 2024-01-27 00:00:00+00:00, run_after=2024-01-28 00:00:00+00:00
[2024-01-28T02:40:46.404+0000] {processor.py:183} INFO - Processing /home/airflow/.local/lib/python3.8/site-packages/airflow/example_dags/example_branch_datetime_operator.py took 0.349 seconds
[2024-01-28T02:41:20.541+0000] {processor.py:161} INFO - Started process (PID=710) to work on /home/airflow/.local/lib/python3.8/site-packages/airflow/example_dags/example_branch_datetime_operator.py
[2024-01-28T02:41:20.543+0000] {processor.py:830} INFO - Processing file /home/airflow/.local/lib/python3.8/site-packages/airflow/example_dags/example_branch_datetime_operator.py for tasks to queue
[2024-01-28T02:41:20.544+0000] {logging_mixin.py:188} INFO - [2024-01-28T02:41:20.544+0000] {dagbag.py:538} INFO - Filling up the DagBag from /home/airflow/.local/lib/python3.8/site-packages/airflow/example_dags/example_branch_datetime_operator.py
[2024-01-28T02:41:20.555+0000] {processor.py:840} INFO - DAG(s) 'example_branch_datetime_operator_2', 'example_branch_datetime_operator', 'example_branch_datetime_operator_3' retrieved from /home/airflow/.local/lib/python3.8/site-packages/airflow/example_dags/example_branch_datetime_operator.py
[2024-01-28T02:41:20.593+0000] {logging_mixin.py:188} INFO - [2024-01-28T02:41:20.593+0000] {dag.py:3036} INFO - Sync 3 DAGs
[2024-01-28T02:41:20.616+0000] {logging_mixin.py:188} INFO - [2024-01-28T02:41:20.616+0000] {dag.py:3823} INFO - Setting next_dagrun for example_branch_datetime_operator to 2024-01-27 00:00:00+00:00, run_after=2024-01-28 00:00:00+00:00
[2024-01-28T02:41:20.622+0000] {logging_mixin.py:188} INFO - [2024-01-28T02:41:20.622+0000] {dag.py:3823} INFO - Setting next_dagrun for example_branch_datetime_operator_2 to 2024-01-27 00:00:00+00:00, run_after=2024-01-28 00:00:00+00:00
[2024-01-28T02:41:20.626+0000] {logging_mixin.py:188} INFO - [2024-01-28T02:41:20.625+0000] {dag.py:3823} INFO - Setting next_dagrun for example_branch_datetime_operator_3 to 2024-01-27 00:00:00+00:00, run_after=2024-01-28 00:00:00+00:00
[2024-01-28T02:41:20.655+0000] {processor.py:183} INFO - Processing /home/airflow/.local/lib/python3.8/site-packages/airflow/example_dags/example_branch_datetime_operator.py took 0.117 seconds
[2024-01-28T02:41:51.552+0000] {processor.py:161} INFO - Started process (PID=1021) to work on /home/airflow/.local/lib/python3.8/site-packages/airflow/example_dags/example_branch_datetime_operator.py
[2024-01-28T02:41:51.554+0000] {processor.py:830} INFO - Processing file /home/airflow/.local/lib/python3.8/site-packages/airflow/example_dags/example_branch_datetime_operator.py for tasks to queue
[2024-01-28T02:41:51.555+0000] {logging_mixin.py:188} INFO - [2024-01-28T02:41:51.554+0000] {dagbag.py:538} INFO - Filling up the DagBag from /home/airflow/.local/lib/python3.8/site-packages/airflow/example_dags/example_branch_datetime_operator.py
[2024-01-28T02:41:51.565+0000] {processor.py:840} INFO - DAG(s) 'example_branch_datetime_operator_3', 'example_branch_datetime_operator', 'example_branch_datetime_operator_2' retrieved from /home/airflow/.local/lib/python3.8/site-packages/airflow/example_dags/example_branch_datetime_operator.py
[2024-01-28T02:41:51.603+0000] {logging_mixin.py:188} INFO - [2024-01-28T02:41:51.603+0000] {dag.py:3036} INFO - Sync 3 DAGs
[2024-01-28T02:41:51.635+0000] {logging_mixin.py:188} INFO - [2024-01-28T02:41:51.634+0000] {dag.py:3823} INFO - Setting next_dagrun for example_branch_datetime_operator to 2024-01-27 00:00:00+00:00, run_after=2024-01-28 00:00:00+00:00
[2024-01-28T02:41:51.641+0000] {logging_mixin.py:188} INFO - [2024-01-28T02:41:51.640+0000] {dag.py:3823} INFO - Setting next_dagrun for example_branch_datetime_operator_2 to 2024-01-27 00:00:00+00:00, run_after=2024-01-28 00:00:00+00:00
[2024-01-28T02:41:51.645+0000] {logging_mixin.py:188} INFO - [2024-01-28T02:41:51.644+0000] {dag.py:3823} INFO - Setting next_dagrun for example_branch_datetime_operator_3 to 2024-01-27 00:00:00+00:00, run_after=2024-01-28 00:00:00+00:00
[2024-01-28T02:41:51.672+0000] {processor.py:183} INFO - Processing /home/airflow/.local/lib/python3.8/site-packages/airflow/example_dags/example_branch_datetime_operator.py took 0.123 seconds
[2024-01-28T02:42:34.121+0000] {processor.py:161} INFO - Started process (PID=1340) to work on /home/airflow/.local/lib/python3.8/site-packages/airflow/example_dags/example_branch_datetime_operator.py
[2024-01-28T02:42:34.122+0000] {processor.py:830} INFO - Processing file /home/airflow/.local/lib/python3.8/site-packages/airflow/example_dags/example_branch_datetime_operator.py for tasks to queue
[2024-01-28T02:42:34.124+0000] {logging_mixin.py:188} INFO - [2024-01-28T02:42:34.123+0000] {dagbag.py:538} INFO - Filling up the DagBag from /home/airflow/.local/lib/python3.8/site-packages/airflow/example_dags/example_branch_datetime_operator.py
[2024-01-28T02:42:34.135+0000] {processor.py:840} INFO - DAG(s) 'example_branch_datetime_operator_3', 'example_branch_datetime_operator_2', 'example_branch_datetime_operator' retrieved from /home/airflow/.local/lib/python3.8/site-packages/airflow/example_dags/example_branch_datetime_operator.py
[2024-01-28T02:42:34.166+0000] {logging_mixin.py:188} INFO - [2024-01-28T02:42:34.166+0000] {dag.py:3036} INFO - Sync 3 DAGs
[2024-01-28T02:42:34.187+0000] {logging_mixin.py:188} INFO - [2024-01-28T02:42:34.187+0000] {dag.py:3823} INFO - Setting next_dagrun for example_branch_datetime_operator to 2024-01-27 00:00:00+00:00, run_after=2024-01-28 00:00:00+00:00
[2024-01-28T02:42:34.192+0000] {logging_mixin.py:188} INFO - [2024-01-28T02:42:34.192+0000] {dag.py:3823} INFO - Setting next_dagrun for example_branch_datetime_operator_2 to 2024-01-27 00:00:00+00:00, run_after=2024-01-28 00:00:00+00:00
[2024-01-28T02:42:34.196+0000] {logging_mixin.py:188} INFO - [2024-01-28T02:42:34.195+0000] {dag.py:3823} INFO - Setting next_dagrun for example_branch_datetime_operator_3 to 2024-01-27 00:00:00+00:00, run_after=2024-01-28 00:00:00+00:00
[2024-01-28T02:42:34.217+0000] {processor.py:183} INFO - Processing /home/airflow/.local/lib/python3.8/site-packages/airflow/example_dags/example_branch_datetime_operator.py took 0.099 seconds
[2024-01-28T02:43:05.422+0000] {processor.py:161} INFO - Started process (PID=1652) to work on /home/airflow/.local/lib/python3.8/site-packages/airflow/example_dags/example_branch_datetime_operator.py
[2024-01-28T02:43:05.424+0000] {processor.py:830} INFO - Processing file /home/airflow/.local/lib/python3.8/site-packages/airflow/example_dags/example_branch_datetime_operator.py for tasks to queue
[2024-01-28T02:43:05.426+0000] {logging_mixin.py:188} INFO - [2024-01-28T02:43:05.425+0000] {dagbag.py:538} INFO - Filling up the DagBag from /home/airflow/.local/lib/python3.8/site-packages/airflow/example_dags/example_branch_datetime_operator.py
[2024-01-28T02:43:05.437+0000] {processor.py:840} INFO - DAG(s) 'example_branch_datetime_operator_3', 'example_branch_datetime_operator', 'example_branch_datetime_operator_2' retrieved from /home/airflow/.local/lib/python3.8/site-packages/airflow/example_dags/example_branch_datetime_operator.py
[2024-01-28T02:43:05.477+0000] {logging_mixin.py:188} INFO - [2024-01-28T02:43:05.477+0000] {dag.py:3036} INFO - Sync 3 DAGs
[2024-01-28T02:43:05.515+0000] {logging_mixin.py:188} INFO - [2024-01-28T02:43:05.515+0000] {dag.py:3823} INFO - Setting next_dagrun for example_branch_datetime_operator to 2024-01-27 00:00:00+00:00, run_after=2024-01-28 00:00:00+00:00
[2024-01-28T02:43:05.524+0000] {logging_mixin.py:188} INFO - [2024-01-28T02:43:05.524+0000] {dag.py:3823} INFO - Setting next_dagrun for example_branch_datetime_operator_2 to 2024-01-27 00:00:00+00:00, run_after=2024-01-28 00:00:00+00:00
[2024-01-28T02:43:05.529+0000] {logging_mixin.py:188} INFO - [2024-01-28T02:43:05.529+0000] {dag.py:3823} INFO - Setting next_dagrun for example_branch_datetime_operator_3 to 2024-01-27 00:00:00+00:00, run_after=2024-01-28 00:00:00+00:00
[2024-01-28T02:43:05.562+0000] {processor.py:183} INFO - Processing /home/airflow/.local/lib/python3.8/site-packages/airflow/example_dags/example_branch_datetime_operator.py took 0.143 seconds
[2024-01-28T02:43:35.922+0000] {processor.py:161} INFO - Started process (PID=1961) to work on /home/airflow/.local/lib/python3.8/site-packages/airflow/example_dags/example_branch_datetime_operator.py
[2024-01-28T02:43:35.923+0000] {processor.py:830} INFO - Processing file /home/airflow/.local/lib/python3.8/site-packages/airflow/example_dags/example_branch_datetime_operator.py for tasks to queue
[2024-01-28T02:43:35.925+0000] {logging_mixin.py:188} INFO - [2024-01-28T02:43:35.924+0000] {dagbag.py:538} INFO - Filling up the DagBag from /home/airflow/.local/lib/python3.8/site-packages/airflow/example_dags/example_branch_datetime_operator.py
[2024-01-28T02:43:35.940+0000] {processor.py:840} INFO - DAG(s) 'example_branch_datetime_operator_2', 'example_branch_datetime_operator', 'example_branch_datetime_operator_3' retrieved from /home/airflow/.local/lib/python3.8/site-packages/airflow/example_dags/example_branch_datetime_operator.py
[2024-01-28T02:43:35.978+0000] {logging_mixin.py:188} INFO - [2024-01-28T02:43:35.978+0000] {dag.py:3036} INFO - Sync 3 DAGs
[2024-01-28T02:43:36.003+0000] {logging_mixin.py:188} INFO - [2024-01-28T02:43:36.003+0000] {dag.py:3823} INFO - Setting next_dagrun for example_branch_datetime_operator to 2024-01-27 00:00:00+00:00, run_after=2024-01-28 00:00:00+00:00
[2024-01-28T02:43:36.008+0000] {logging_mixin.py:188} INFO - [2024-01-28T02:43:36.008+0000] {dag.py:3823} INFO - Setting next_dagrun for example_branch_datetime_operator_2 to 2024-01-27 00:00:00+00:00, run_after=2024-01-28 00:00:00+00:00
[2024-01-28T02:43:36.012+0000] {logging_mixin.py:188} INFO - [2024-01-28T02:43:36.012+0000] {dag.py:3823} INFO - Setting next_dagrun for example_branch_datetime_operator_3 to 2024-01-27 00:00:00+00:00, run_after=2024-01-28 00:00:00+00:00
[2024-01-28T02:43:36.037+0000] {processor.py:183} INFO - Processing /home/airflow/.local/lib/python3.8/site-packages/airflow/example_dags/example_branch_datetime_operator.py took 0.119 seconds
[2024-01-28T02:44:06.528+0000] {processor.py:161} INFO - Started process (PID=2272) to work on /home/airflow/.local/lib/python3.8/site-packages/airflow/example_dags/example_branch_datetime_operator.py
[2024-01-28T02:44:06.530+0000] {processor.py:830} INFO - Processing file /home/airflow/.local/lib/python3.8/site-packages/airflow/example_dags/example_branch_datetime_operator.py for tasks to queue
[2024-01-28T02:44:06.533+0000] {logging_mixin.py:188} INFO - [2024-01-28T02:44:06.532+0000] {dagbag.py:538} INFO - Filling up the DagBag from /home/airflow/.local/lib/python3.8/site-packages/airflow/example_dags/example_branch_datetime_operator.py
[2024-01-28T02:44:06.549+0000] {processor.py:840} INFO - DAG(s) 'example_branch_datetime_operator_3', 'example_branch_datetime_operator_2', 'example_branch_datetime_operator' retrieved from /home/airflow/.local/lib/python3.8/site-packages/airflow/example_dags/example_branch_datetime_operator.py
[2024-01-28T02:44:06.594+0000] {logging_mixin.py:188} INFO - [2024-01-28T02:44:06.594+0000] {dag.py:3036} INFO - Sync 3 DAGs
[2024-01-28T02:44:06.625+0000] {logging_mixin.py:188} INFO - [2024-01-28T02:44:06.624+0000] {dag.py:3823} INFO - Setting next_dagrun for example_branch_datetime_operator to 2024-01-27 00:00:00+00:00, run_after=2024-01-28 00:00:00+00:00
[2024-01-28T02:44:06.631+0000] {logging_mixin.py:188} INFO - [2024-01-28T02:44:06.631+0000] {dag.py:3823} INFO - Setting next_dagrun for example_branch_datetime_operator_2 to 2024-01-27 00:00:00+00:00, run_after=2024-01-28 00:00:00+00:00
[2024-01-28T02:44:06.634+0000] {logging_mixin.py:188} INFO - [2024-01-28T02:44:06.634+0000] {dag.py:3823} INFO - Setting next_dagrun for example_branch_datetime_operator_3 to 2024-01-27 00:00:00+00:00, run_after=2024-01-28 00:00:00+00:00
[2024-01-28T02:44:06.659+0000] {processor.py:183} INFO - Processing /home/airflow/.local/lib/python3.8/site-packages/airflow/example_dags/example_branch_datetime_operator.py took 0.133 seconds
[2024-01-28T02:44:37.241+0000] {processor.py:161} INFO - Started process (PID=2583) to work on /home/airflow/.local/lib/python3.8/site-packages/airflow/example_dags/example_branch_datetime_operator.py
[2024-01-28T02:44:37.245+0000] {processor.py:830} INFO - Processing file /home/airflow/.local/lib/python3.8/site-packages/airflow/example_dags/example_branch_datetime_operator.py for tasks to queue
[2024-01-28T02:44:37.246+0000] {logging_mixin.py:188} INFO - [2024-01-28T02:44:37.246+0000] {dagbag.py:538} INFO - Filling up the DagBag from /home/airflow/.local/lib/python3.8/site-packages/airflow/example_dags/example_branch_datetime_operator.py
[2024-01-28T02:44:37.258+0000] {processor.py:840} INFO - DAG(s) 'example_branch_datetime_operator', 'example_branch_datetime_operator_3', 'example_branch_datetime_operator_2' retrieved from /home/airflow/.local/lib/python3.8/site-packages/airflow/example_dags/example_branch_datetime_operator.py
[2024-01-28T02:44:37.296+0000] {logging_mixin.py:188} INFO - [2024-01-28T02:44:37.296+0000] {dag.py:3036} INFO - Sync 3 DAGs
[2024-01-28T02:44:37.328+0000] {logging_mixin.py:188} INFO - [2024-01-28T02:44:37.328+0000] {dag.py:3823} INFO - Setting next_dagrun for example_branch_datetime_operator to 2024-01-27 00:00:00+00:00, run_after=2024-01-28 00:00:00+00:00
[2024-01-28T02:44:37.336+0000] {logging_mixin.py:188} INFO - [2024-01-28T02:44:37.335+0000] {dag.py:3823} INFO - Setting next_dagrun for example_branch_datetime_operator_2 to 2024-01-27 00:00:00+00:00, run_after=2024-01-28 00:00:00+00:00
[2024-01-28T02:44:37.340+0000] {logging_mixin.py:188} INFO - [2024-01-28T02:44:37.339+0000] {dag.py:3823} INFO - Setting next_dagrun for example_branch_datetime_operator_3 to 2024-01-27 00:00:00+00:00, run_after=2024-01-28 00:00:00+00:00
[2024-01-28T02:44:37.403+0000] {processor.py:183} INFO - Processing /home/airflow/.local/lib/python3.8/site-packages/airflow/example_dags/example_branch_datetime_operator.py took 0.166 seconds
[2024-01-28T02:45:08.044+0000] {processor.py:161} INFO - Started process (PID=2894) to work on /home/airflow/.local/lib/python3.8/site-packages/airflow/example_dags/example_branch_datetime_operator.py
[2024-01-28T02:45:08.045+0000] {processor.py:830} INFO - Processing file /home/airflow/.local/lib/python3.8/site-packages/airflow/example_dags/example_branch_datetime_operator.py for tasks to queue
[2024-01-28T02:45:08.046+0000] {logging_mixin.py:188} INFO - [2024-01-28T02:45:08.046+0000] {dagbag.py:538} INFO - Filling up the DagBag from /home/airflow/.local/lib/python3.8/site-packages/airflow/example_dags/example_branch_datetime_operator.py
[2024-01-28T02:45:08.058+0000] {processor.py:840} INFO - DAG(s) 'example_branch_datetime_operator_2', 'example_branch_datetime_operator', 'example_branch_datetime_operator_3' retrieved from /home/airflow/.local/lib/python3.8/site-packages/airflow/example_dags/example_branch_datetime_operator.py
[2024-01-28T02:45:08.088+0000] {logging_mixin.py:188} INFO - [2024-01-28T02:45:08.088+0000] {dag.py:3036} INFO - Sync 3 DAGs
[2024-01-28T02:45:08.113+0000] {logging_mixin.py:188} INFO - [2024-01-28T02:45:08.112+0000] {dag.py:3823} INFO - Setting next_dagrun for example_branch_datetime_operator to 2024-01-27 00:00:00+00:00, run_after=2024-01-28 00:00:00+00:00
[2024-01-28T02:45:08.117+0000] {logging_mixin.py:188} INFO - [2024-01-28T02:45:08.117+0000] {dag.py:3823} INFO - Setting next_dagrun for example_branch_datetime_operator_2 to 2024-01-27 00:00:00+00:00, run_after=2024-01-28 00:00:00+00:00
[2024-01-28T02:45:08.120+0000] {logging_mixin.py:188} INFO - [2024-01-28T02:45:08.120+0000] {dag.py:3823} INFO - Setting next_dagrun for example_branch_datetime_operator_3 to 2024-01-27 00:00:00+00:00, run_after=2024-01-28 00:00:00+00:00
[2024-01-28T02:45:08.142+0000] {processor.py:183} INFO - Processing /home/airflow/.local/lib/python3.8/site-packages/airflow/example_dags/example_branch_datetime_operator.py took 0.102 seconds
[2024-01-28T02:45:38.927+0000] {processor.py:161} INFO - Started process (PID=3205) to work on /home/airflow/.local/lib/python3.8/site-packages/airflow/example_dags/example_branch_datetime_operator.py
[2024-01-28T02:45:38.929+0000] {processor.py:830} INFO - Processing file /home/airflow/.local/lib/python3.8/site-packages/airflow/example_dags/example_branch_datetime_operator.py for tasks to queue
[2024-01-28T02:45:38.930+0000] {logging_mixin.py:188} INFO - [2024-01-28T02:45:38.929+0000] {dagbag.py:538} INFO - Filling up the DagBag from /home/airflow/.local/lib/python3.8/site-packages/airflow/example_dags/example_branch_datetime_operator.py
[2024-01-28T02:45:38.944+0000] {processor.py:840} INFO - DAG(s) 'example_branch_datetime_operator', 'example_branch_datetime_operator_3', 'example_branch_datetime_operator_2' retrieved from /home/airflow/.local/lib/python3.8/site-packages/airflow/example_dags/example_branch_datetime_operator.py
[2024-01-28T02:45:38.972+0000] {logging_mixin.py:188} INFO - [2024-01-28T02:45:38.972+0000] {dag.py:3036} INFO - Sync 3 DAGs
[2024-01-28T02:45:38.995+0000] {logging_mixin.py:188} INFO - [2024-01-28T02:45:38.995+0000] {dag.py:3823} INFO - Setting next_dagrun for example_branch_datetime_operator to 2024-01-27 00:00:00+00:00, run_after=2024-01-28 00:00:00+00:00
[2024-01-28T02:45:39.000+0000] {logging_mixin.py:188} INFO - [2024-01-28T02:45:39.000+0000] {dag.py:3823} INFO - Setting next_dagrun for example_branch_datetime_operator_2 to 2024-01-27 00:00:00+00:00, run_after=2024-01-28 00:00:00+00:00
[2024-01-28T02:45:39.003+0000] {logging_mixin.py:188} INFO - [2024-01-28T02:45:39.003+0000] {dag.py:3823} INFO - Setting next_dagrun for example_branch_datetime_operator_3 to 2024-01-27 00:00:00+00:00, run_after=2024-01-28 00:00:00+00:00
[2024-01-28T02:45:39.024+0000] {processor.py:183} INFO - Processing /home/airflow/.local/lib/python3.8/site-packages/airflow/example_dags/example_branch_datetime_operator.py took 0.100 seconds
[2024-01-28T02:46:09.353+0000] {processor.py:161} INFO - Started process (PID=3516) to work on /home/airflow/.local/lib/python3.8/site-packages/airflow/example_dags/example_branch_datetime_operator.py
[2024-01-28T02:46:09.354+0000] {processor.py:830} INFO - Processing file /home/airflow/.local/lib/python3.8/site-packages/airflow/example_dags/example_branch_datetime_operator.py for tasks to queue
[2024-01-28T02:46:09.354+0000] {logging_mixin.py:188} INFO - [2024-01-28T02:46:09.354+0000] {dagbag.py:538} INFO - Filling up the DagBag from /home/airflow/.local/lib/python3.8/site-packages/airflow/example_dags/example_branch_datetime_operator.py
[2024-01-28T02:46:09.364+0000] {processor.py:840} INFO - DAG(s) 'example_branch_datetime_operator_3', 'example_branch_datetime_operator', 'example_branch_datetime_operator_2' retrieved from /home/airflow/.local/lib/python3.8/site-packages/airflow/example_dags/example_branch_datetime_operator.py
[2024-01-28T02:46:09.398+0000] {logging_mixin.py:188} INFO - [2024-01-28T02:46:09.397+0000] {dag.py:3036} INFO - Sync 3 DAGs
[2024-01-28T02:46:09.420+0000] {logging_mixin.py:188} INFO - [2024-01-28T02:46:09.420+0000] {dag.py:3823} INFO - Setting next_dagrun for example_branch_datetime_operator to 2024-01-27 00:00:00+00:00, run_after=2024-01-28 00:00:00+00:00
[2024-01-28T02:46:09.426+0000] {logging_mixin.py:188} INFO - [2024-01-28T02:46:09.426+0000] {dag.py:3823} INFO - Setting next_dagrun for example_branch_datetime_operator_2 to 2024-01-27 00:00:00+00:00, run_after=2024-01-28 00:00:00+00:00
[2024-01-28T02:46:09.429+0000] {logging_mixin.py:188} INFO - [2024-01-28T02:46:09.428+0000] {dag.py:3823} INFO - Setting next_dagrun for example_branch_datetime_operator_3 to 2024-01-27 00:00:00+00:00, run_after=2024-01-28 00:00:00+00:00
[2024-01-28T02:46:09.448+0000] {processor.py:183} INFO - Processing /home/airflow/.local/lib/python3.8/site-packages/airflow/example_dags/example_branch_datetime_operator.py took 0.099 seconds
[2024-01-28T02:46:40.013+0000] {processor.py:161} INFO - Started process (PID=3827) to work on /home/airflow/.local/lib/python3.8/site-packages/airflow/example_dags/example_branch_datetime_operator.py
[2024-01-28T02:46:40.015+0000] {processor.py:830} INFO - Processing file /home/airflow/.local/lib/python3.8/site-packages/airflow/example_dags/example_branch_datetime_operator.py for tasks to queue
[2024-01-28T02:46:40.016+0000] {logging_mixin.py:188} INFO - [2024-01-28T02:46:40.016+0000] {dagbag.py:538} INFO - Filling up the DagBag from /home/airflow/.local/lib/python3.8/site-packages/airflow/example_dags/example_branch_datetime_operator.py
[2024-01-28T02:46:40.026+0000] {processor.py:840} INFO - DAG(s) 'example_branch_datetime_operator_3', 'example_branch_datetime_operator', 'example_branch_datetime_operator_2' retrieved from /home/airflow/.local/lib/python3.8/site-packages/airflow/example_dags/example_branch_datetime_operator.py
[2024-01-28T02:46:40.059+0000] {logging_mixin.py:188} INFO - [2024-01-28T02:46:40.058+0000] {dag.py:3036} INFO - Sync 3 DAGs
[2024-01-28T02:46:40.084+0000] {logging_mixin.py:188} INFO - [2024-01-28T02:46:40.083+0000] {dag.py:3823} INFO - Setting next_dagrun for example_branch_datetime_operator to 2024-01-27 00:00:00+00:00, run_after=2024-01-28 00:00:00+00:00
[2024-01-28T02:46:40.089+0000] {logging_mixin.py:188} INFO - [2024-01-28T02:46:40.088+0000] {dag.py:3823} INFO - Setting next_dagrun for example_branch_datetime_operator_2 to 2024-01-27 00:00:00+00:00, run_after=2024-01-28 00:00:00+00:00
[2024-01-28T02:46:40.092+0000] {logging_mixin.py:188} INFO - [2024-01-28T02:46:40.092+0000] {dag.py:3823} INFO - Setting next_dagrun for example_branch_datetime_operator_3 to 2024-01-27 00:00:00+00:00, run_after=2024-01-28 00:00:00+00:00
[2024-01-28T02:46:40.113+0000] {processor.py:183} INFO - Processing /home/airflow/.local/lib/python3.8/site-packages/airflow/example_dags/example_branch_datetime_operator.py took 0.104 seconds
[2024-01-28T02:47:17.258+0000] {processor.py:161} INFO - Started process (PID=4146) to work on /home/airflow/.local/lib/python3.8/site-packages/airflow/example_dags/example_branch_datetime_operator.py
[2024-01-28T02:47:17.259+0000] {processor.py:830} INFO - Processing file /home/airflow/.local/lib/python3.8/site-packages/airflow/example_dags/example_branch_datetime_operator.py for tasks to queue
[2024-01-28T02:47:17.261+0000] {logging_mixin.py:188} INFO - [2024-01-28T02:47:17.261+0000] {dagbag.py:538} INFO - Filling up the DagBag from /home/airflow/.local/lib/python3.8/site-packages/airflow/example_dags/example_branch_datetime_operator.py
[2024-01-28T02:47:17.324+0000] {processor.py:840} INFO - DAG(s) 'example_branch_datetime_operator_3', 'example_branch_datetime_operator_2', 'example_branch_datetime_operator' retrieved from /home/airflow/.local/lib/python3.8/site-packages/airflow/example_dags/example_branch_datetime_operator.py
[2024-01-28T02:47:17.439+0000] {logging_mixin.py:188} INFO - [2024-01-28T02:47:17.438+0000] {dag.py:3036} INFO - Sync 3 DAGs
[2024-01-28T02:47:17.546+0000] {logging_mixin.py:188} INFO - [2024-01-28T02:47:17.546+0000] {dag.py:3823} INFO - Setting next_dagrun for example_branch_datetime_operator to 2024-01-27 00:00:00+00:00, run_after=2024-01-28 00:00:00+00:00
[2024-01-28T02:47:17.566+0000] {logging_mixin.py:188} INFO - [2024-01-28T02:47:17.565+0000] {dag.py:3823} INFO - Setting next_dagrun for example_branch_datetime_operator_2 to 2024-01-27 00:00:00+00:00, run_after=2024-01-28 00:00:00+00:00
[2024-01-28T02:47:17.582+0000] {logging_mixin.py:188} INFO - [2024-01-28T02:47:17.582+0000] {dag.py:3823} INFO - Setting next_dagrun for example_branch_datetime_operator_3 to 2024-01-27 00:00:00+00:00, run_after=2024-01-28 00:00:00+00:00
[2024-01-28T02:47:17.663+0000] {processor.py:183} INFO - Processing /home/airflow/.local/lib/python3.8/site-packages/airflow/example_dags/example_branch_datetime_operator.py took 0.421 seconds
[2024-01-28T02:47:48.478+0000] {processor.py:161} INFO - Started process (PID=4457) to work on /home/airflow/.local/lib/python3.8/site-packages/airflow/example_dags/example_branch_datetime_operator.py
[2024-01-28T02:47:48.479+0000] {processor.py:830} INFO - Processing file /home/airflow/.local/lib/python3.8/site-packages/airflow/example_dags/example_branch_datetime_operator.py for tasks to queue
[2024-01-28T02:47:48.480+0000] {logging_mixin.py:188} INFO - [2024-01-28T02:47:48.480+0000] {dagbag.py:538} INFO - Filling up the DagBag from /home/airflow/.local/lib/python3.8/site-packages/airflow/example_dags/example_branch_datetime_operator.py
[2024-01-28T02:47:48.490+0000] {processor.py:840} INFO - DAG(s) 'example_branch_datetime_operator_2', 'example_branch_datetime_operator', 'example_branch_datetime_operator_3' retrieved from /home/airflow/.local/lib/python3.8/site-packages/airflow/example_dags/example_branch_datetime_operator.py
[2024-01-28T02:47:48.519+0000] {logging_mixin.py:188} INFO - [2024-01-28T02:47:48.519+0000] {dag.py:3036} INFO - Sync 3 DAGs
[2024-01-28T02:47:48.543+0000] {logging_mixin.py:188} INFO - [2024-01-28T02:47:48.543+0000] {dag.py:3823} INFO - Setting next_dagrun for example_branch_datetime_operator to 2024-01-27 00:00:00+00:00, run_after=2024-01-28 00:00:00+00:00
[2024-01-28T02:47:48.548+0000] {logging_mixin.py:188} INFO - [2024-01-28T02:47:48.548+0000] {dag.py:3823} INFO - Setting next_dagrun for example_branch_datetime_operator_2 to 2024-01-27 00:00:00+00:00, run_after=2024-01-28 00:00:00+00:00
[2024-01-28T02:47:48.553+0000] {logging_mixin.py:188} INFO - [2024-01-28T02:47:48.553+0000] {dag.py:3823} INFO - Setting next_dagrun for example_branch_datetime_operator_3 to 2024-01-27 00:00:00+00:00, run_after=2024-01-28 00:00:00+00:00
[2024-01-28T02:47:48.575+0000] {processor.py:183} INFO - Processing /home/airflow/.local/lib/python3.8/site-packages/airflow/example_dags/example_branch_datetime_operator.py took 0.100 seconds
[2024-01-28T02:48:18.618+0000] {processor.py:161} INFO - Started process (PID=4765) to work on /home/airflow/.local/lib/python3.8/site-packages/airflow/example_dags/example_branch_datetime_operator.py
[2024-01-28T02:48:18.619+0000] {processor.py:830} INFO - Processing file /home/airflow/.local/lib/python3.8/site-packages/airflow/example_dags/example_branch_datetime_operator.py for tasks to queue
[2024-01-28T02:48:18.621+0000] {logging_mixin.py:188} INFO - [2024-01-28T02:48:18.620+0000] {dagbag.py:538} INFO - Filling up the DagBag from /home/airflow/.local/lib/python3.8/site-packages/airflow/example_dags/example_branch_datetime_operator.py
[2024-01-28T02:48:18.633+0000] {processor.py:840} INFO - DAG(s) 'example_branch_datetime_operator_2', 'example_branch_datetime_operator_3', 'example_branch_datetime_operator' retrieved from /home/airflow/.local/lib/python3.8/site-packages/airflow/example_dags/example_branch_datetime_operator.py
[2024-01-28T02:48:18.663+0000] {logging_mixin.py:188} INFO - [2024-01-28T02:48:18.663+0000] {dag.py:3036} INFO - Sync 3 DAGs
[2024-01-28T02:48:18.687+0000] {logging_mixin.py:188} INFO - [2024-01-28T02:48:18.686+0000] {dag.py:3823} INFO - Setting next_dagrun for example_branch_datetime_operator to 2024-01-27 00:00:00+00:00, run_after=2024-01-28 00:00:00+00:00
[2024-01-28T02:48:18.692+0000] {logging_mixin.py:188} INFO - [2024-01-28T02:48:18.692+0000] {dag.py:3823} INFO - Setting next_dagrun for example_branch_datetime_operator_2 to 2024-01-27 00:00:00+00:00, run_after=2024-01-28 00:00:00+00:00
[2024-01-28T02:48:18.696+0000] {logging_mixin.py:188} INFO - [2024-01-28T02:48:18.695+0000] {dag.py:3823} INFO - Setting next_dagrun for example_branch_datetime_operator_3 to 2024-01-27 00:00:00+00:00, run_after=2024-01-28 00:00:00+00:00
[2024-01-28T02:48:18.719+0000] {processor.py:183} INFO - Processing /home/airflow/.local/lib/python3.8/site-packages/airflow/example_dags/example_branch_datetime_operator.py took 0.105 seconds
[2024-01-28T02:48:49.170+0000] {processor.py:161} INFO - Started process (PID=5065) to work on /home/airflow/.local/lib/python3.8/site-packages/airflow/example_dags/example_branch_datetime_operator.py
[2024-01-28T02:48:49.172+0000] {processor.py:830} INFO - Processing file /home/airflow/.local/lib/python3.8/site-packages/airflow/example_dags/example_branch_datetime_operator.py for tasks to queue
[2024-01-28T02:48:49.173+0000] {logging_mixin.py:188} INFO - [2024-01-28T02:48:49.173+0000] {dagbag.py:538} INFO - Filling up the DagBag from /home/airflow/.local/lib/python3.8/site-packages/airflow/example_dags/example_branch_datetime_operator.py
[2024-01-28T02:48:49.186+0000] {processor.py:840} INFO - DAG(s) 'example_branch_datetime_operator', 'example_branch_datetime_operator_3', 'example_branch_datetime_operator_2' retrieved from /home/airflow/.local/lib/python3.8/site-packages/airflow/example_dags/example_branch_datetime_operator.py
[2024-01-28T02:48:49.225+0000] {logging_mixin.py:188} INFO - [2024-01-28T02:48:49.225+0000] {dag.py:3036} INFO - Sync 3 DAGs
[2024-01-28T02:48:49.253+0000] {logging_mixin.py:188} INFO - [2024-01-28T02:48:49.253+0000] {dag.py:3823} INFO - Setting next_dagrun for example_branch_datetime_operator to 2024-01-27 00:00:00+00:00, run_after=2024-01-28 00:00:00+00:00
[2024-01-28T02:48:49.258+0000] {logging_mixin.py:188} INFO - [2024-01-28T02:48:49.258+0000] {dag.py:3823} INFO - Setting next_dagrun for example_branch_datetime_operator_2 to 2024-01-27 00:00:00+00:00, run_after=2024-01-28 00:00:00+00:00
[2024-01-28T02:48:49.261+0000] {logging_mixin.py:188} INFO - [2024-01-28T02:48:49.261+0000] {dag.py:3823} INFO - Setting next_dagrun for example_branch_datetime_operator_3 to 2024-01-27 00:00:00+00:00, run_after=2024-01-28 00:00:00+00:00
[2024-01-28T02:48:49.284+0000] {processor.py:183} INFO - Processing /home/airflow/.local/lib/python3.8/site-packages/airflow/example_dags/example_branch_datetime_operator.py took 0.118 seconds
[2024-01-28T02:49:19.938+0000] {processor.py:161} INFO - Started process (PID=5377) to work on /home/airflow/.local/lib/python3.8/site-packages/airflow/example_dags/example_branch_datetime_operator.py
[2024-01-28T02:49:19.940+0000] {processor.py:830} INFO - Processing file /home/airflow/.local/lib/python3.8/site-packages/airflow/example_dags/example_branch_datetime_operator.py for tasks to queue
[2024-01-28T02:49:19.941+0000] {logging_mixin.py:188} INFO - [2024-01-28T02:49:19.941+0000] {dagbag.py:538} INFO - Filling up the DagBag from /home/airflow/.local/lib/python3.8/site-packages/airflow/example_dags/example_branch_datetime_operator.py
[2024-01-28T02:49:19.953+0000] {processor.py:840} INFO - DAG(s) 'example_branch_datetime_operator_3', 'example_branch_datetime_operator', 'example_branch_datetime_operator_2' retrieved from /home/airflow/.local/lib/python3.8/site-packages/airflow/example_dags/example_branch_datetime_operator.py
[2024-01-28T02:49:19.992+0000] {logging_mixin.py:188} INFO - [2024-01-28T02:49:19.991+0000] {dag.py:3036} INFO - Sync 3 DAGs
[2024-01-28T02:49:20.021+0000] {logging_mixin.py:188} INFO - [2024-01-28T02:49:20.021+0000] {dag.py:3823} INFO - Setting next_dagrun for example_branch_datetime_operator to 2024-01-27 00:00:00+00:00, run_after=2024-01-28 00:00:00+00:00
[2024-01-28T02:49:20.028+0000] {logging_mixin.py:188} INFO - [2024-01-28T02:49:20.028+0000] {dag.py:3823} INFO - Setting next_dagrun for example_branch_datetime_operator_2 to 2024-01-27 00:00:00+00:00, run_after=2024-01-28 00:00:00+00:00
[2024-01-28T02:49:20.033+0000] {logging_mixin.py:188} INFO - [2024-01-28T02:49:20.033+0000] {dag.py:3823} INFO - Setting next_dagrun for example_branch_datetime_operator_3 to 2024-01-27 00:00:00+00:00, run_after=2024-01-28 00:00:00+00:00
[2024-01-28T02:49:20.062+0000] {processor.py:183} INFO - Processing /home/airflow/.local/lib/python3.8/site-packages/airflow/example_dags/example_branch_datetime_operator.py took 0.126 seconds
[2024-01-28T02:49:50.991+0000] {processor.py:161} INFO - Started process (PID=5683) to work on /home/airflow/.local/lib/python3.8/site-packages/airflow/example_dags/example_branch_datetime_operator.py
[2024-01-28T02:49:50.992+0000] {processor.py:830} INFO - Processing file /home/airflow/.local/lib/python3.8/site-packages/airflow/example_dags/example_branch_datetime_operator.py for tasks to queue
[2024-01-28T02:49:50.994+0000] {logging_mixin.py:188} INFO - [2024-01-28T02:49:50.993+0000] {dagbag.py:538} INFO - Filling up the DagBag from /home/airflow/.local/lib/python3.8/site-packages/airflow/example_dags/example_branch_datetime_operator.py
[2024-01-28T02:49:51.006+0000] {processor.py:840} INFO - DAG(s) 'example_branch_datetime_operator_2', 'example_branch_datetime_operator', 'example_branch_datetime_operator_3' retrieved from /home/airflow/.local/lib/python3.8/site-packages/airflow/example_dags/example_branch_datetime_operator.py
[2024-01-28T02:49:51.058+0000] {logging_mixin.py:188} INFO - [2024-01-28T02:49:51.058+0000] {dag.py:3036} INFO - Sync 3 DAGs
[2024-01-28T02:49:51.088+0000] {logging_mixin.py:188} INFO - [2024-01-28T02:49:51.087+0000] {dag.py:3823} INFO - Setting next_dagrun for example_branch_datetime_operator to 2024-01-27 00:00:00+00:00, run_after=2024-01-28 00:00:00+00:00
[2024-01-28T02:49:51.093+0000] {logging_mixin.py:188} INFO - [2024-01-28T02:49:51.093+0000] {dag.py:3823} INFO - Setting next_dagrun for example_branch_datetime_operator_2 to 2024-01-27 00:00:00+00:00, run_after=2024-01-28 00:00:00+00:00
[2024-01-28T02:49:51.098+0000] {logging_mixin.py:188} INFO - [2024-01-28T02:49:51.098+0000] {dag.py:3823} INFO - Setting next_dagrun for example_branch_datetime_operator_3 to 2024-01-27 00:00:00+00:00, run_after=2024-01-28 00:00:00+00:00
[2024-01-28T02:49:51.124+0000] {processor.py:183} INFO - Processing /home/airflow/.local/lib/python3.8/site-packages/airflow/example_dags/example_branch_datetime_operator.py took 0.137 seconds
[2024-01-28T02:50:21.192+0000] {processor.py:161} INFO - Started process (PID=5994) to work on /home/airflow/.local/lib/python3.8/site-packages/airflow/example_dags/example_branch_datetime_operator.py
[2024-01-28T02:50:21.194+0000] {processor.py:830} INFO - Processing file /home/airflow/.local/lib/python3.8/site-packages/airflow/example_dags/example_branch_datetime_operator.py for tasks to queue
[2024-01-28T02:50:21.195+0000] {logging_mixin.py:188} INFO - [2024-01-28T02:50:21.195+0000] {dagbag.py:538} INFO - Filling up the DagBag from /home/airflow/.local/lib/python3.8/site-packages/airflow/example_dags/example_branch_datetime_operator.py
[2024-01-28T02:50:21.206+0000] {processor.py:840} INFO - DAG(s) 'example_branch_datetime_operator_2', 'example_branch_datetime_operator', 'example_branch_datetime_operator_3' retrieved from /home/airflow/.local/lib/python3.8/site-packages/airflow/example_dags/example_branch_datetime_operator.py
[2024-01-28T02:50:21.235+0000] {logging_mixin.py:188} INFO - [2024-01-28T02:50:21.235+0000] {dag.py:3036} INFO - Sync 3 DAGs
[2024-01-28T02:50:21.259+0000] {logging_mixin.py:188} INFO - [2024-01-28T02:50:21.258+0000] {dag.py:3823} INFO - Setting next_dagrun for example_branch_datetime_operator to 2024-01-27 00:00:00+00:00, run_after=2024-01-28 00:00:00+00:00
[2024-01-28T02:50:21.264+0000] {logging_mixin.py:188} INFO - [2024-01-28T02:50:21.263+0000] {dag.py:3823} INFO - Setting next_dagrun for example_branch_datetime_operator_2 to 2024-01-27 00:00:00+00:00, run_after=2024-01-28 00:00:00+00:00
[2024-01-28T02:50:21.267+0000] {logging_mixin.py:188} INFO - [2024-01-28T02:50:21.267+0000] {dag.py:3823} INFO - Setting next_dagrun for example_branch_datetime_operator_3 to 2024-01-27 00:00:00+00:00, run_after=2024-01-28 00:00:00+00:00
[2024-01-28T02:50:21.292+0000] {processor.py:183} INFO - Processing /home/airflow/.local/lib/python3.8/site-packages/airflow/example_dags/example_branch_datetime_operator.py took 0.104 seconds
[2024-01-28T02:50:51.521+0000] {processor.py:161} INFO - Started process (PID=6305) to work on /home/airflow/.local/lib/python3.8/site-packages/airflow/example_dags/example_branch_datetime_operator.py
[2024-01-28T02:50:51.522+0000] {processor.py:830} INFO - Processing file /home/airflow/.local/lib/python3.8/site-packages/airflow/example_dags/example_branch_datetime_operator.py for tasks to queue
[2024-01-28T02:50:51.524+0000] {logging_mixin.py:188} INFO - [2024-01-28T02:50:51.523+0000] {dagbag.py:538} INFO - Filling up the DagBag from /home/airflow/.local/lib/python3.8/site-packages/airflow/example_dags/example_branch_datetime_operator.py
[2024-01-28T02:50:51.533+0000] {processor.py:840} INFO - DAG(s) 'example_branch_datetime_operator', 'example_branch_datetime_operator_3', 'example_branch_datetime_operator_2' retrieved from /home/airflow/.local/lib/python3.8/site-packages/airflow/example_dags/example_branch_datetime_operator.py
[2024-01-28T02:50:51.560+0000] {logging_mixin.py:188} INFO - [2024-01-28T02:50:51.560+0000] {dag.py:3036} INFO - Sync 3 DAGs
[2024-01-28T02:50:51.583+0000] {logging_mixin.py:188} INFO - [2024-01-28T02:50:51.583+0000] {dag.py:3823} INFO - Setting next_dagrun for example_branch_datetime_operator to 2024-01-27 00:00:00+00:00, run_after=2024-01-28 00:00:00+00:00
[2024-01-28T02:50:51.588+0000] {logging_mixin.py:188} INFO - [2024-01-28T02:50:51.588+0000] {dag.py:3823} INFO - Setting next_dagrun for example_branch_datetime_operator_2 to 2024-01-27 00:00:00+00:00, run_after=2024-01-28 00:00:00+00:00
[2024-01-28T02:50:51.592+0000] {logging_mixin.py:188} INFO - [2024-01-28T02:50:51.592+0000] {dag.py:3823} INFO - Setting next_dagrun for example_branch_datetime_operator_3 to 2024-01-27 00:00:00+00:00, run_after=2024-01-28 00:00:00+00:00
[2024-01-28T02:50:51.623+0000] {processor.py:183} INFO - Processing /home/airflow/.local/lib/python3.8/site-packages/airflow/example_dags/example_branch_datetime_operator.py took 0.106 seconds
[2024-01-28T02:51:22.470+0000] {processor.py:161} INFO - Started process (PID=6615) to work on /home/airflow/.local/lib/python3.8/site-packages/airflow/example_dags/example_branch_datetime_operator.py
[2024-01-28T02:51:22.471+0000] {processor.py:830} INFO - Processing file /home/airflow/.local/lib/python3.8/site-packages/airflow/example_dags/example_branch_datetime_operator.py for tasks to queue
[2024-01-28T02:51:22.472+0000] {logging_mixin.py:188} INFO - [2024-01-28T02:51:22.472+0000] {dagbag.py:538} INFO - Filling up the DagBag from /home/airflow/.local/lib/python3.8/site-packages/airflow/example_dags/example_branch_datetime_operator.py
[2024-01-28T02:51:22.481+0000] {processor.py:840} INFO - DAG(s) 'example_branch_datetime_operator', 'example_branch_datetime_operator_2', 'example_branch_datetime_operator_3' retrieved from /home/airflow/.local/lib/python3.8/site-packages/airflow/example_dags/example_branch_datetime_operator.py
[2024-01-28T02:51:22.632+0000] {logging_mixin.py:188} INFO - [2024-01-28T02:51:22.632+0000] {dag.py:3036} INFO - Sync 3 DAGs
[2024-01-28T02:51:22.654+0000] {logging_mixin.py:188} INFO - [2024-01-28T02:51:22.654+0000] {dag.py:3823} INFO - Setting next_dagrun for example_branch_datetime_operator to 2024-01-27 00:00:00+00:00, run_after=2024-01-28 00:00:00+00:00
[2024-01-28T02:51:22.660+0000] {logging_mixin.py:188} INFO - [2024-01-28T02:51:22.660+0000] {dag.py:3823} INFO - Setting next_dagrun for example_branch_datetime_operator_2 to 2024-01-27 00:00:00+00:00, run_after=2024-01-28 00:00:00+00:00
[2024-01-28T02:51:22.663+0000] {logging_mixin.py:188} INFO - [2024-01-28T02:51:22.663+0000] {dag.py:3823} INFO - Setting next_dagrun for example_branch_datetime_operator_3 to 2024-01-27 00:00:00+00:00, run_after=2024-01-28 00:00:00+00:00
[2024-01-28T02:51:22.688+0000] {processor.py:183} INFO - Processing /home/airflow/.local/lib/python3.8/site-packages/airflow/example_dags/example_branch_datetime_operator.py took 0.221 seconds
[2024-01-28T02:51:53.470+0000] {processor.py:161} INFO - Started process (PID=6926) to work on /home/airflow/.local/lib/python3.8/site-packages/airflow/example_dags/example_branch_datetime_operator.py
[2024-01-28T02:51:53.471+0000] {processor.py:830} INFO - Processing file /home/airflow/.local/lib/python3.8/site-packages/airflow/example_dags/example_branch_datetime_operator.py for tasks to queue
[2024-01-28T02:51:53.472+0000] {logging_mixin.py:188} INFO - [2024-01-28T02:51:53.472+0000] {dagbag.py:538} INFO - Filling up the DagBag from /home/airflow/.local/lib/python3.8/site-packages/airflow/example_dags/example_branch_datetime_operator.py
[2024-01-28T02:51:53.484+0000] {processor.py:840} INFO - DAG(s) 'example_branch_datetime_operator_3', 'example_branch_datetime_operator', 'example_branch_datetime_operator_2' retrieved from /home/airflow/.local/lib/python3.8/site-packages/airflow/example_dags/example_branch_datetime_operator.py
[2024-01-28T02:51:53.527+0000] {logging_mixin.py:188} INFO - [2024-01-28T02:51:53.527+0000] {dag.py:3036} INFO - Sync 3 DAGs
[2024-01-28T02:51:53.557+0000] {logging_mixin.py:188} INFO - [2024-01-28T02:51:53.557+0000] {dag.py:3823} INFO - Setting next_dagrun for example_branch_datetime_operator to 2024-01-27 00:00:00+00:00, run_after=2024-01-28 00:00:00+00:00
[2024-01-28T02:51:53.562+0000] {logging_mixin.py:188} INFO - [2024-01-28T02:51:53.561+0000] {dag.py:3823} INFO - Setting next_dagrun for example_branch_datetime_operator_2 to 2024-01-27 00:00:00+00:00, run_after=2024-01-28 00:00:00+00:00
[2024-01-28T02:51:53.566+0000] {logging_mixin.py:188} INFO - [2024-01-28T02:51:53.566+0000] {dag.py:3823} INFO - Setting next_dagrun for example_branch_datetime_operator_3 to 2024-01-27 00:00:00+00:00, run_after=2024-01-28 00:00:00+00:00
[2024-01-28T02:51:53.591+0000] {processor.py:183} INFO - Processing /home/airflow/.local/lib/python3.8/site-packages/airflow/example_dags/example_branch_datetime_operator.py took 0.124 seconds
[2024-01-28T02:52:24.345+0000] {processor.py:161} INFO - Started process (PID=7243) to work on /home/airflow/.local/lib/python3.8/site-packages/airflow/example_dags/example_branch_datetime_operator.py
[2024-01-28T02:52:24.346+0000] {processor.py:830} INFO - Processing file /home/airflow/.local/lib/python3.8/site-packages/airflow/example_dags/example_branch_datetime_operator.py for tasks to queue
[2024-01-28T02:52:24.347+0000] {logging_mixin.py:188} INFO - [2024-01-28T02:52:24.347+0000] {dagbag.py:538} INFO - Filling up the DagBag from /home/airflow/.local/lib/python3.8/site-packages/airflow/example_dags/example_branch_datetime_operator.py
[2024-01-28T02:52:24.358+0000] {processor.py:840} INFO - DAG(s) 'example_branch_datetime_operator_2', 'example_branch_datetime_operator', 'example_branch_datetime_operator_3' retrieved from /home/airflow/.local/lib/python3.8/site-packages/airflow/example_dags/example_branch_datetime_operator.py
[2024-01-28T02:52:24.387+0000] {logging_mixin.py:188} INFO - [2024-01-28T02:52:24.387+0000] {dag.py:3036} INFO - Sync 3 DAGs
[2024-01-28T02:52:24.411+0000] {logging_mixin.py:188} INFO - [2024-01-28T02:52:24.411+0000] {dag.py:3823} INFO - Setting next_dagrun for example_branch_datetime_operator to 2024-01-27 00:00:00+00:00, run_after=2024-01-28 00:00:00+00:00
[2024-01-28T02:52:24.416+0000] {logging_mixin.py:188} INFO - [2024-01-28T02:52:24.416+0000] {dag.py:3823} INFO - Setting next_dagrun for example_branch_datetime_operator_2 to 2024-01-27 00:00:00+00:00, run_after=2024-01-28 00:00:00+00:00
[2024-01-28T02:52:24.420+0000] {logging_mixin.py:188} INFO - [2024-01-28T02:52:24.420+0000] {dag.py:3823} INFO - Setting next_dagrun for example_branch_datetime_operator_3 to 2024-01-27 00:00:00+00:00, run_after=2024-01-28 00:00:00+00:00
[2024-01-28T02:52:24.446+0000] {processor.py:183} INFO - Processing /home/airflow/.local/lib/python3.8/site-packages/airflow/example_dags/example_branch_datetime_operator.py took 0.105 seconds
[2024-01-28T02:52:54.519+0000] {processor.py:161} INFO - Started process (PID=7549) to work on /home/airflow/.local/lib/python3.8/site-packages/airflow/example_dags/example_branch_datetime_operator.py
[2024-01-28T02:52:54.522+0000] {processor.py:830} INFO - Processing file /home/airflow/.local/lib/python3.8/site-packages/airflow/example_dags/example_branch_datetime_operator.py for tasks to queue
[2024-01-28T02:52:54.523+0000] {logging_mixin.py:188} INFO - [2024-01-28T02:52:54.523+0000] {dagbag.py:538} INFO - Filling up the DagBag from /home/airflow/.local/lib/python3.8/site-packages/airflow/example_dags/example_branch_datetime_operator.py
[2024-01-28T02:52:54.536+0000] {processor.py:840} INFO - DAG(s) 'example_branch_datetime_operator_3', 'example_branch_datetime_operator', 'example_branch_datetime_operator_2' retrieved from /home/airflow/.local/lib/python3.8/site-packages/airflow/example_dags/example_branch_datetime_operator.py
[2024-01-28T02:52:54.566+0000] {logging_mixin.py:188} INFO - [2024-01-28T02:52:54.566+0000] {dag.py:3036} INFO - Sync 3 DAGs
[2024-01-28T02:52:54.593+0000] {logging_mixin.py:188} INFO - [2024-01-28T02:52:54.592+0000] {dag.py:3823} INFO - Setting next_dagrun for example_branch_datetime_operator to 2024-01-27 00:00:00+00:00, run_after=2024-01-28 00:00:00+00:00
[2024-01-28T02:52:54.609+0000] {logging_mixin.py:188} INFO - [2024-01-28T02:52:54.608+0000] {dag.py:3823} INFO - Setting next_dagrun for example_branch_datetime_operator_2 to 2024-01-27 00:00:00+00:00, run_after=2024-01-28 00:00:00+00:00
[2024-01-28T02:52:54.613+0000] {logging_mixin.py:188} INFO - [2024-01-28T02:52:54.612+0000] {dag.py:3823} INFO - Setting next_dagrun for example_branch_datetime_operator_3 to 2024-01-27 00:00:00+00:00, run_after=2024-01-28 00:00:00+00:00
[2024-01-28T02:52:54.648+0000] {processor.py:183} INFO - Processing /home/airflow/.local/lib/python3.8/site-packages/airflow/example_dags/example_branch_datetime_operator.py took 0.131 seconds
[2024-01-28T02:53:25.238+0000] {processor.py:161} INFO - Started process (PID=7873) to work on /home/airflow/.local/lib/python3.8/site-packages/airflow/example_dags/example_branch_datetime_operator.py
[2024-01-28T02:53:25.239+0000] {processor.py:830} INFO - Processing file /home/airflow/.local/lib/python3.8/site-packages/airflow/example_dags/example_branch_datetime_operator.py for tasks to queue
[2024-01-28T02:53:25.241+0000] {logging_mixin.py:188} INFO - [2024-01-28T02:53:25.240+0000] {dagbag.py:538} INFO - Filling up the DagBag from /home/airflow/.local/lib/python3.8/site-packages/airflow/example_dags/example_branch_datetime_operator.py
[2024-01-28T02:53:25.252+0000] {processor.py:840} INFO - DAG(s) 'example_branch_datetime_operator_3', 'example_branch_datetime_operator', 'example_branch_datetime_operator_2' retrieved from /home/airflow/.local/lib/python3.8/site-packages/airflow/example_dags/example_branch_datetime_operator.py
[2024-01-28T02:53:25.285+0000] {logging_mixin.py:188} INFO - [2024-01-28T02:53:25.285+0000] {dag.py:3036} INFO - Sync 3 DAGs
[2024-01-28T02:53:25.313+0000] {logging_mixin.py:188} INFO - [2024-01-28T02:53:25.313+0000] {dag.py:3823} INFO - Setting next_dagrun for example_branch_datetime_operator to 2024-01-27 00:00:00+00:00, run_after=2024-01-28 00:00:00+00:00
[2024-01-28T02:53:25.318+0000] {logging_mixin.py:188} INFO - [2024-01-28T02:53:25.318+0000] {dag.py:3823} INFO - Setting next_dagrun for example_branch_datetime_operator_2 to 2024-01-27 00:00:00+00:00, run_after=2024-01-28 00:00:00+00:00
[2024-01-28T02:53:25.321+0000] {logging_mixin.py:188} INFO - [2024-01-28T02:53:25.321+0000] {dag.py:3823} INFO - Setting next_dagrun for example_branch_datetime_operator_3 to 2024-01-27 00:00:00+00:00, run_after=2024-01-28 00:00:00+00:00
[2024-01-28T02:53:25.346+0000] {processor.py:183} INFO - Processing /home/airflow/.local/lib/python3.8/site-packages/airflow/example_dags/example_branch_datetime_operator.py took 0.112 seconds
[2024-01-28T02:53:55.514+0000] {processor.py:161} INFO - Started process (PID=8184) to work on /home/airflow/.local/lib/python3.8/site-packages/airflow/example_dags/example_branch_datetime_operator.py
[2024-01-28T02:53:55.515+0000] {processor.py:830} INFO - Processing file /home/airflow/.local/lib/python3.8/site-packages/airflow/example_dags/example_branch_datetime_operator.py for tasks to queue
[2024-01-28T02:53:55.516+0000] {logging_mixin.py:188} INFO - [2024-01-28T02:53:55.516+0000] {dagbag.py:538} INFO - Filling up the DagBag from /home/airflow/.local/lib/python3.8/site-packages/airflow/example_dags/example_branch_datetime_operator.py
[2024-01-28T02:53:55.528+0000] {processor.py:840} INFO - DAG(s) 'example_branch_datetime_operator', 'example_branch_datetime_operator_3', 'example_branch_datetime_operator_2' retrieved from /home/airflow/.local/lib/python3.8/site-packages/airflow/example_dags/example_branch_datetime_operator.py
[2024-01-28T02:53:55.559+0000] {logging_mixin.py:188} INFO - [2024-01-28T02:53:55.559+0000] {dag.py:3036} INFO - Sync 3 DAGs
[2024-01-28T02:53:55.581+0000] {logging_mixin.py:188} INFO - [2024-01-28T02:53:55.581+0000] {dag.py:3823} INFO - Setting next_dagrun for example_branch_datetime_operator to 2024-01-27 00:00:00+00:00, run_after=2024-01-28 00:00:00+00:00
[2024-01-28T02:53:55.586+0000] {logging_mixin.py:188} INFO - [2024-01-28T02:53:55.586+0000] {dag.py:3823} INFO - Setting next_dagrun for example_branch_datetime_operator_2 to 2024-01-27 00:00:00+00:00, run_after=2024-01-28 00:00:00+00:00
[2024-01-28T02:53:55.589+0000] {logging_mixin.py:188} INFO - [2024-01-28T02:53:55.588+0000] {dag.py:3823} INFO - Setting next_dagrun for example_branch_datetime_operator_3 to 2024-01-27 00:00:00+00:00, run_after=2024-01-28 00:00:00+00:00
[2024-01-28T02:53:55.605+0000] {processor.py:183} INFO - Processing /home/airflow/.local/lib/python3.8/site-packages/airflow/example_dags/example_branch_datetime_operator.py took 0.095 seconds
[2024-01-28T02:54:25.815+0000] {processor.py:161} INFO - Started process (PID=8496) to work on /home/airflow/.local/lib/python3.8/site-packages/airflow/example_dags/example_branch_datetime_operator.py
[2024-01-28T02:54:25.816+0000] {processor.py:830} INFO - Processing file /home/airflow/.local/lib/python3.8/site-packages/airflow/example_dags/example_branch_datetime_operator.py for tasks to queue
[2024-01-28T02:54:25.817+0000] {logging_mixin.py:188} INFO - [2024-01-28T02:54:25.817+0000] {dagbag.py:538} INFO - Filling up the DagBag from /home/airflow/.local/lib/python3.8/site-packages/airflow/example_dags/example_branch_datetime_operator.py
[2024-01-28T02:54:25.827+0000] {processor.py:840} INFO - DAG(s) 'example_branch_datetime_operator_2', 'example_branch_datetime_operator_3', 'example_branch_datetime_operator' retrieved from /home/airflow/.local/lib/python3.8/site-packages/airflow/example_dags/example_branch_datetime_operator.py
[2024-01-28T02:54:25.854+0000] {logging_mixin.py:188} INFO - [2024-01-28T02:54:25.853+0000] {dag.py:3036} INFO - Sync 3 DAGs
[2024-01-28T02:54:25.875+0000] {logging_mixin.py:188} INFO - [2024-01-28T02:54:25.875+0000] {dag.py:3823} INFO - Setting next_dagrun for example_branch_datetime_operator to 2024-01-27 00:00:00+00:00, run_after=2024-01-28 00:00:00+00:00
[2024-01-28T02:54:25.880+0000] {logging_mixin.py:188} INFO - [2024-01-28T02:54:25.880+0000] {dag.py:3823} INFO - Setting next_dagrun for example_branch_datetime_operator_2 to 2024-01-27 00:00:00+00:00, run_after=2024-01-28 00:00:00+00:00
[2024-01-28T02:54:25.882+0000] {logging_mixin.py:188} INFO - [2024-01-28T02:54:25.882+0000] {dag.py:3823} INFO - Setting next_dagrun for example_branch_datetime_operator_3 to 2024-01-27 00:00:00+00:00, run_after=2024-01-28 00:00:00+00:00
[2024-01-28T02:54:25.904+0000] {processor.py:183} INFO - Processing /home/airflow/.local/lib/python3.8/site-packages/airflow/example_dags/example_branch_datetime_operator.py took 0.092 seconds
[2024-01-28T02:54:56.326+0000] {processor.py:161} INFO - Started process (PID=8805) to work on /home/airflow/.local/lib/python3.8/site-packages/airflow/example_dags/example_branch_datetime_operator.py
[2024-01-28T02:54:56.327+0000] {processor.py:830} INFO - Processing file /home/airflow/.local/lib/python3.8/site-packages/airflow/example_dags/example_branch_datetime_operator.py for tasks to queue
[2024-01-28T02:54:56.328+0000] {logging_mixin.py:188} INFO - [2024-01-28T02:54:56.328+0000] {dagbag.py:538} INFO - Filling up the DagBag from /home/airflow/.local/lib/python3.8/site-packages/airflow/example_dags/example_branch_datetime_operator.py
[2024-01-28T02:54:56.343+0000] {processor.py:840} INFO - DAG(s) 'example_branch_datetime_operator_3', 'example_branch_datetime_operator', 'example_branch_datetime_operator_2' retrieved from /home/airflow/.local/lib/python3.8/site-packages/airflow/example_dags/example_branch_datetime_operator.py
[2024-01-28T02:54:56.369+0000] {logging_mixin.py:188} INFO - [2024-01-28T02:54:56.369+0000] {dag.py:3036} INFO - Sync 3 DAGs
[2024-01-28T02:54:56.397+0000] {logging_mixin.py:188} INFO - [2024-01-28T02:54:56.397+0000] {dag.py:3823} INFO - Setting next_dagrun for example_branch_datetime_operator to 2024-01-27 00:00:00+00:00, run_after=2024-01-28 00:00:00+00:00
[2024-01-28T02:54:56.404+0000] {logging_mixin.py:188} INFO - [2024-01-28T02:54:56.404+0000] {dag.py:3823} INFO - Setting next_dagrun for example_branch_datetime_operator_2 to 2024-01-27 00:00:00+00:00, run_after=2024-01-28 00:00:00+00:00
[2024-01-28T02:54:56.409+0000] {logging_mixin.py:188} INFO - [2024-01-28T02:54:56.408+0000] {dag.py:3823} INFO - Setting next_dagrun for example_branch_datetime_operator_3 to 2024-01-27 00:00:00+00:00, run_after=2024-01-28 00:00:00+00:00
[2024-01-28T02:54:56.426+0000] {processor.py:183} INFO - Processing /home/airflow/.local/lib/python3.8/site-packages/airflow/example_dags/example_branch_datetime_operator.py took 0.104 seconds
[2024-01-28T02:55:36.596+0000] {processor.py:161} INFO - Started process (PID=9155) to work on /home/airflow/.local/lib/python3.8/site-packages/airflow/example_dags/example_branch_datetime_operator.py
[2024-01-28T02:55:36.598+0000] {processor.py:830} INFO - Processing file /home/airflow/.local/lib/python3.8/site-packages/airflow/example_dags/example_branch_datetime_operator.py for tasks to queue
[2024-01-28T02:55:36.599+0000] {logging_mixin.py:188} INFO - [2024-01-28T02:55:36.599+0000] {dagbag.py:538} INFO - Filling up the DagBag from /home/airflow/.local/lib/python3.8/site-packages/airflow/example_dags/example_branch_datetime_operator.py
[2024-01-28T02:55:36.613+0000] {processor.py:840} INFO - DAG(s) 'example_branch_datetime_operator_2', 'example_branch_datetime_operator_3', 'example_branch_datetime_operator' retrieved from /home/airflow/.local/lib/python3.8/site-packages/airflow/example_dags/example_branch_datetime_operator.py
[2024-01-28T02:55:36.648+0000] {logging_mixin.py:188} INFO - [2024-01-28T02:55:36.647+0000] {dag.py:3036} INFO - Sync 3 DAGs
[2024-01-28T02:55:36.677+0000] {logging_mixin.py:188} INFO - [2024-01-28T02:55:36.677+0000] {dag.py:3823} INFO - Setting next_dagrun for example_branch_datetime_operator to 2024-01-27 00:00:00+00:00, run_after=2024-01-28 00:00:00+00:00
[2024-01-28T02:55:36.683+0000] {logging_mixin.py:188} INFO - [2024-01-28T02:55:36.683+0000] {dag.py:3823} INFO - Setting next_dagrun for example_branch_datetime_operator_2 to 2024-01-27 00:00:00+00:00, run_after=2024-01-28 00:00:00+00:00
[2024-01-28T02:55:36.688+0000] {logging_mixin.py:188} INFO - [2024-01-28T02:55:36.688+0000] {dag.py:3823} INFO - Setting next_dagrun for example_branch_datetime_operator_3 to 2024-01-27 00:00:00+00:00, run_after=2024-01-28 00:00:00+00:00
[2024-01-28T02:55:36.716+0000] {processor.py:183} INFO - Processing /home/airflow/.local/lib/python3.8/site-packages/airflow/example_dags/example_branch_datetime_operator.py took 0.123 seconds
[2024-01-28T02:56:06.792+0000] {processor.py:161} INFO - Started process (PID=9465) to work on /home/airflow/.local/lib/python3.8/site-packages/airflow/example_dags/example_branch_datetime_operator.py
[2024-01-28T02:56:06.793+0000] {processor.py:830} INFO - Processing file /home/airflow/.local/lib/python3.8/site-packages/airflow/example_dags/example_branch_datetime_operator.py for tasks to queue
[2024-01-28T02:56:06.795+0000] {logging_mixin.py:188} INFO - [2024-01-28T02:56:06.794+0000] {dagbag.py:538} INFO - Filling up the DagBag from /home/airflow/.local/lib/python3.8/site-packages/airflow/example_dags/example_branch_datetime_operator.py
[2024-01-28T02:56:06.807+0000] {processor.py:840} INFO - DAG(s) 'example_branch_datetime_operator_2', 'example_branch_datetime_operator_3', 'example_branch_datetime_operator' retrieved from /home/airflow/.local/lib/python3.8/site-packages/airflow/example_dags/example_branch_datetime_operator.py
[2024-01-28T02:56:06.839+0000] {logging_mixin.py:188} INFO - [2024-01-28T02:56:06.838+0000] {dag.py:3036} INFO - Sync 3 DAGs
[2024-01-28T02:56:06.863+0000] {logging_mixin.py:188} INFO - [2024-01-28T02:56:06.863+0000] {dag.py:3823} INFO - Setting next_dagrun for example_branch_datetime_operator to 2024-01-27 00:00:00+00:00, run_after=2024-01-28 00:00:00+00:00
[2024-01-28T02:56:06.868+0000] {logging_mixin.py:188} INFO - [2024-01-28T02:56:06.868+0000] {dag.py:3823} INFO - Setting next_dagrun for example_branch_datetime_operator_2 to 2024-01-27 00:00:00+00:00, run_after=2024-01-28 00:00:00+00:00
[2024-01-28T02:56:06.872+0000] {logging_mixin.py:188} INFO - [2024-01-28T02:56:06.872+0000] {dag.py:3823} INFO - Setting next_dagrun for example_branch_datetime_operator_3 to 2024-01-27 00:00:00+00:00, run_after=2024-01-28 00:00:00+00:00
[2024-01-28T02:56:06.897+0000] {processor.py:183} INFO - Processing /home/airflow/.local/lib/python3.8/site-packages/airflow/example_dags/example_branch_datetime_operator.py took 0.109 seconds
[2024-01-28T02:56:37.916+0000] {processor.py:161} INFO - Started process (PID=9776) to work on /home/airflow/.local/lib/python3.8/site-packages/airflow/example_dags/example_branch_datetime_operator.py
[2024-01-28T02:56:37.917+0000] {processor.py:830} INFO - Processing file /home/airflow/.local/lib/python3.8/site-packages/airflow/example_dags/example_branch_datetime_operator.py for tasks to queue
[2024-01-28T02:56:37.918+0000] {logging_mixin.py:188} INFO - [2024-01-28T02:56:37.917+0000] {dagbag.py:538} INFO - Filling up the DagBag from /home/airflow/.local/lib/python3.8/site-packages/airflow/example_dags/example_branch_datetime_operator.py
[2024-01-28T02:56:37.928+0000] {processor.py:840} INFO - DAG(s) 'example_branch_datetime_operator_2', 'example_branch_datetime_operator_3', 'example_branch_datetime_operator' retrieved from /home/airflow/.local/lib/python3.8/site-packages/airflow/example_dags/example_branch_datetime_operator.py
[2024-01-28T02:56:37.958+0000] {logging_mixin.py:188} INFO - [2024-01-28T02:56:37.958+0000] {dag.py:3036} INFO - Sync 3 DAGs
[2024-01-28T02:56:37.982+0000] {logging_mixin.py:188} INFO - [2024-01-28T02:56:37.981+0000] {dag.py:3823} INFO - Setting next_dagrun for example_branch_datetime_operator to 2024-01-27 00:00:00+00:00, run_after=2024-01-28 00:00:00+00:00
[2024-01-28T02:56:37.987+0000] {logging_mixin.py:188} INFO - [2024-01-28T02:56:37.987+0000] {dag.py:3823} INFO - Setting next_dagrun for example_branch_datetime_operator_2 to 2024-01-27 00:00:00+00:00, run_after=2024-01-28 00:00:00+00:00
[2024-01-28T02:56:37.990+0000] {logging_mixin.py:188} INFO - [2024-01-28T02:56:37.990+0000] {dag.py:3823} INFO - Setting next_dagrun for example_branch_datetime_operator_3 to 2024-01-27 00:00:00+00:00, run_after=2024-01-28 00:00:00+00:00
[2024-01-28T02:56:38.015+0000] {processor.py:183} INFO - Processing /home/airflow/.local/lib/python3.8/site-packages/airflow/example_dags/example_branch_datetime_operator.py took 0.104 seconds
[2024-01-28T02:57:09.596+0000] {processor.py:161} INFO - Started process (PID=10093) to work on /home/airflow/.local/lib/python3.8/site-packages/airflow/example_dags/example_branch_datetime_operator.py
[2024-01-28T02:57:09.598+0000] {processor.py:830} INFO - Processing file /home/airflow/.local/lib/python3.8/site-packages/airflow/example_dags/example_branch_datetime_operator.py for tasks to queue
[2024-01-28T02:57:09.599+0000] {logging_mixin.py:188} INFO - [2024-01-28T02:57:09.598+0000] {dagbag.py:538} INFO - Filling up the DagBag from /home/airflow/.local/lib/python3.8/site-packages/airflow/example_dags/example_branch_datetime_operator.py
[2024-01-28T02:57:09.610+0000] {processor.py:840} INFO - DAG(s) 'example_branch_datetime_operator_3', 'example_branch_datetime_operator', 'example_branch_datetime_operator_2' retrieved from /home/airflow/.local/lib/python3.8/site-packages/airflow/example_dags/example_branch_datetime_operator.py
[2024-01-28T02:57:09.637+0000] {logging_mixin.py:188} INFO - [2024-01-28T02:57:09.637+0000] {dag.py:3036} INFO - Sync 3 DAGs
[2024-01-28T02:57:09.659+0000] {logging_mixin.py:188} INFO - [2024-01-28T02:57:09.659+0000] {dag.py:3823} INFO - Setting next_dagrun for example_branch_datetime_operator to 2024-01-27 00:00:00+00:00, run_after=2024-01-28 00:00:00+00:00
[2024-01-28T02:57:09.665+0000] {logging_mixin.py:188} INFO - [2024-01-28T02:57:09.665+0000] {dag.py:3823} INFO - Setting next_dagrun for example_branch_datetime_operator_2 to 2024-01-27 00:00:00+00:00, run_after=2024-01-28 00:00:00+00:00
[2024-01-28T02:57:09.668+0000] {logging_mixin.py:188} INFO - [2024-01-28T02:57:09.667+0000] {dag.py:3823} INFO - Setting next_dagrun for example_branch_datetime_operator_3 to 2024-01-27 00:00:00+00:00, run_after=2024-01-28 00:00:00+00:00
[2024-01-28T02:57:09.688+0000] {processor.py:183} INFO - Processing /home/airflow/.local/lib/python3.8/site-packages/airflow/example_dags/example_branch_datetime_operator.py took 0.094 seconds
[2024-01-28T02:57:41.085+0000] {processor.py:161} INFO - Started process (PID=10404) to work on /home/airflow/.local/lib/python3.8/site-packages/airflow/example_dags/example_branch_datetime_operator.py
[2024-01-28T02:57:41.087+0000] {processor.py:830} INFO - Processing file /home/airflow/.local/lib/python3.8/site-packages/airflow/example_dags/example_branch_datetime_operator.py for tasks to queue
[2024-01-28T02:57:41.088+0000] {logging_mixin.py:188} INFO - [2024-01-28T02:57:41.088+0000] {dagbag.py:538} INFO - Filling up the DagBag from /home/airflow/.local/lib/python3.8/site-packages/airflow/example_dags/example_branch_datetime_operator.py
[2024-01-28T02:57:41.097+0000] {processor.py:840} INFO - DAG(s) 'example_branch_datetime_operator_3', 'example_branch_datetime_operator', 'example_branch_datetime_operator_2' retrieved from /home/airflow/.local/lib/python3.8/site-packages/airflow/example_dags/example_branch_datetime_operator.py
[2024-01-28T02:57:41.124+0000] {logging_mixin.py:188} INFO - [2024-01-28T02:57:41.124+0000] {dag.py:3036} INFO - Sync 3 DAGs
[2024-01-28T02:57:41.148+0000] {logging_mixin.py:188} INFO - [2024-01-28T02:57:41.148+0000] {dag.py:3823} INFO - Setting next_dagrun for example_branch_datetime_operator to 2024-01-27 00:00:00+00:00, run_after=2024-01-28 00:00:00+00:00
[2024-01-28T02:57:41.153+0000] {logging_mixin.py:188} INFO - [2024-01-28T02:57:41.153+0000] {dag.py:3823} INFO - Setting next_dagrun for example_branch_datetime_operator_2 to 2024-01-27 00:00:00+00:00, run_after=2024-01-28 00:00:00+00:00
[2024-01-28T02:57:41.157+0000] {logging_mixin.py:188} INFO - [2024-01-28T02:57:41.156+0000] {dag.py:3823} INFO - Setting next_dagrun for example_branch_datetime_operator_3 to 2024-01-27 00:00:00+00:00, run_after=2024-01-28 00:00:00+00:00
[2024-01-28T02:57:41.180+0000] {processor.py:183} INFO - Processing /home/airflow/.local/lib/python3.8/site-packages/airflow/example_dags/example_branch_datetime_operator.py took 0.097 seconds
[2024-01-28T02:58:11.252+0000] {processor.py:161} INFO - Started process (PID=10704) to work on /home/airflow/.local/lib/python3.8/site-packages/airflow/example_dags/example_branch_datetime_operator.py
[2024-01-28T02:58:11.253+0000] {processor.py:830} INFO - Processing file /home/airflow/.local/lib/python3.8/site-packages/airflow/example_dags/example_branch_datetime_operator.py for tasks to queue
[2024-01-28T02:58:11.254+0000] {logging_mixin.py:188} INFO - [2024-01-28T02:58:11.254+0000] {dagbag.py:538} INFO - Filling up the DagBag from /home/airflow/.local/lib/python3.8/site-packages/airflow/example_dags/example_branch_datetime_operator.py
[2024-01-28T02:58:11.271+0000] {processor.py:840} INFO - DAG(s) 'example_branch_datetime_operator_3', 'example_branch_datetime_operator_2', 'example_branch_datetime_operator' retrieved from /home/airflow/.local/lib/python3.8/site-packages/airflow/example_dags/example_branch_datetime_operator.py
[2024-01-28T02:58:11.331+0000] {logging_mixin.py:188} INFO - [2024-01-28T02:58:11.329+0000] {dag.py:3036} INFO - Sync 3 DAGs
[2024-01-28T02:58:11.373+0000] {logging_mixin.py:188} INFO - [2024-01-28T02:58:11.373+0000] {dag.py:3823} INFO - Setting next_dagrun for example_branch_datetime_operator to 2024-01-27 00:00:00+00:00, run_after=2024-01-28 00:00:00+00:00
[2024-01-28T02:58:11.380+0000] {logging_mixin.py:188} INFO - [2024-01-28T02:58:11.380+0000] {dag.py:3823} INFO - Setting next_dagrun for example_branch_datetime_operator_2 to 2024-01-27 00:00:00+00:00, run_after=2024-01-28 00:00:00+00:00
[2024-01-28T02:58:11.384+0000] {logging_mixin.py:188} INFO - [2024-01-28T02:58:11.384+0000] {dag.py:3823} INFO - Setting next_dagrun for example_branch_datetime_operator_3 to 2024-01-27 00:00:00+00:00, run_after=2024-01-28 00:00:00+00:00
[2024-01-28T02:58:11.420+0000] {processor.py:183} INFO - Processing /home/airflow/.local/lib/python3.8/site-packages/airflow/example_dags/example_branch_datetime_operator.py took 0.172 seconds
