[2024-01-28T02:40:48.102+0000] {processor.py:161} INFO - Started process (PID=455) to work on /home/airflow/.local/lib/python3.8/site-packages/airflow/example_dags/example_xcomargs.py
[2024-01-28T02:40:48.104+0000] {processor.py:830} INFO - Processing file /home/airflow/.local/lib/python3.8/site-packages/airflow/example_dags/example_xcomargs.py for tasks to queue
[2024-01-28T02:40:48.105+0000] {logging_mixin.py:188} INFO - [2024-01-28T02:40:48.105+0000] {dagbag.py:538} INFO - Filling up the DagBag from /home/airflow/.local/lib/python3.8/site-packages/airflow/example_dags/example_xcomargs.py
[2024-01-28T02:40:48.123+0000] {processor.py:840} INFO - DAG(s) 'example_xcom_args', 'example_xcom_args_with_operators' retrieved from /home/airflow/.local/lib/python3.8/site-packages/airflow/example_dags/example_xcomargs.py
[2024-01-28T02:40:48.346+0000] {logging_mixin.py:188} INFO - [2024-01-28T02:40:48.346+0000] {dag.py:3036} INFO - Sync 2 DAGs
[2024-01-28T02:40:48.380+0000] {logging_mixin.py:188} INFO - [2024-01-28T02:40:48.378+0000] {dag.py:3823} INFO - Setting next_dagrun for example_xcom_args to None, run_after=None
[2024-01-28T02:40:48.393+0000] {logging_mixin.py:188} INFO - [2024-01-28T02:40:48.393+0000] {dag.py:3823} INFO - Setting next_dagrun for example_xcom_args_with_operators to None, run_after=None
[2024-01-28T02:40:48.456+0000] {processor.py:183} INFO - Processing /home/airflow/.local/lib/python3.8/site-packages/airflow/example_dags/example_xcomargs.py took 0.359 seconds
[2024-01-28T02:41:21.618+0000] {processor.py:161} INFO - Started process (PID=765) to work on /home/airflow/.local/lib/python3.8/site-packages/airflow/example_dags/example_xcomargs.py
[2024-01-28T02:41:21.620+0000] {processor.py:830} INFO - Processing file /home/airflow/.local/lib/python3.8/site-packages/airflow/example_dags/example_xcomargs.py for tasks to queue
[2024-01-28T02:41:21.622+0000] {logging_mixin.py:188} INFO - [2024-01-28T02:41:21.621+0000] {dagbag.py:538} INFO - Filling up the DagBag from /home/airflow/.local/lib/python3.8/site-packages/airflow/example_dags/example_xcomargs.py
[2024-01-28T02:41:21.631+0000] {processor.py:840} INFO - DAG(s) 'example_xcom_args_with_operators', 'example_xcom_args' retrieved from /home/airflow/.local/lib/python3.8/site-packages/airflow/example_dags/example_xcomargs.py
[2024-01-28T02:41:21.657+0000] {logging_mixin.py:188} INFO - [2024-01-28T02:41:21.657+0000] {dag.py:3036} INFO - Sync 2 DAGs
[2024-01-28T02:41:21.674+0000] {logging_mixin.py:188} INFO - [2024-01-28T02:41:21.674+0000] {dag.py:3823} INFO - Setting next_dagrun for example_xcom_args to None, run_after=None
[2024-01-28T02:41:21.680+0000] {logging_mixin.py:188} INFO - [2024-01-28T02:41:21.680+0000] {dag.py:3823} INFO - Setting next_dagrun for example_xcom_args_with_operators to None, run_after=None
[2024-01-28T02:41:21.717+0000] {processor.py:183} INFO - Processing /home/airflow/.local/lib/python3.8/site-packages/airflow/example_dags/example_xcomargs.py took 0.103 seconds
[2024-01-28T02:41:52.286+0000] {processor.py:161} INFO - Started process (PID=1076) to work on /home/airflow/.local/lib/python3.8/site-packages/airflow/example_dags/example_xcomargs.py
[2024-01-28T02:41:52.288+0000] {processor.py:830} INFO - Processing file /home/airflow/.local/lib/python3.8/site-packages/airflow/example_dags/example_xcomargs.py for tasks to queue
[2024-01-28T02:41:52.290+0000] {logging_mixin.py:188} INFO - [2024-01-28T02:41:52.290+0000] {dagbag.py:538} INFO - Filling up the DagBag from /home/airflow/.local/lib/python3.8/site-packages/airflow/example_dags/example_xcomargs.py
[2024-01-28T02:41:52.300+0000] {processor.py:840} INFO - DAG(s) 'example_xcom_args_with_operators', 'example_xcom_args' retrieved from /home/airflow/.local/lib/python3.8/site-packages/airflow/example_dags/example_xcomargs.py
[2024-01-28T02:41:52.345+0000] {logging_mixin.py:188} INFO - [2024-01-28T02:41:52.344+0000] {dag.py:3036} INFO - Sync 2 DAGs
[2024-01-28T02:41:52.371+0000] {logging_mixin.py:188} INFO - [2024-01-28T02:41:52.371+0000] {dag.py:3823} INFO - Setting next_dagrun for example_xcom_args to None, run_after=None
[2024-01-28T02:41:52.379+0000] {logging_mixin.py:188} INFO - [2024-01-28T02:41:52.379+0000] {dag.py:3823} INFO - Setting next_dagrun for example_xcom_args_with_operators to None, run_after=None
[2024-01-28T02:41:52.406+0000] {processor.py:183} INFO - Processing /home/airflow/.local/lib/python3.8/site-packages/airflow/example_dags/example_xcomargs.py took 0.124 seconds
[2024-01-28T02:42:34.898+0000] {processor.py:161} INFO - Started process (PID=1393) to work on /home/airflow/.local/lib/python3.8/site-packages/airflow/example_dags/example_xcomargs.py
[2024-01-28T02:42:34.899+0000] {processor.py:830} INFO - Processing file /home/airflow/.local/lib/python3.8/site-packages/airflow/example_dags/example_xcomargs.py for tasks to queue
[2024-01-28T02:42:34.901+0000] {logging_mixin.py:188} INFO - [2024-01-28T02:42:34.900+0000] {dagbag.py:538} INFO - Filling up the DagBag from /home/airflow/.local/lib/python3.8/site-packages/airflow/example_dags/example_xcomargs.py
[2024-01-28T02:42:34.911+0000] {processor.py:840} INFO - DAG(s) 'example_xcom_args_with_operators', 'example_xcom_args' retrieved from /home/airflow/.local/lib/python3.8/site-packages/airflow/example_dags/example_xcomargs.py
[2024-01-28T02:42:34.937+0000] {logging_mixin.py:188} INFO - [2024-01-28T02:42:34.937+0000] {dag.py:3036} INFO - Sync 2 DAGs
[2024-01-28T02:42:34.950+0000] {logging_mixin.py:188} INFO - [2024-01-28T02:42:34.950+0000] {dag.py:3823} INFO - Setting next_dagrun for example_xcom_args to None, run_after=None
[2024-01-28T02:42:34.955+0000] {logging_mixin.py:188} INFO - [2024-01-28T02:42:34.955+0000] {dag.py:3823} INFO - Setting next_dagrun for example_xcom_args_with_operators to None, run_after=None
[2024-01-28T02:42:34.984+0000] {processor.py:183} INFO - Processing /home/airflow/.local/lib/python3.8/site-packages/airflow/example_dags/example_xcomargs.py took 0.089 seconds
[2024-01-28T02:43:06.842+0000] {processor.py:161} INFO - Started process (PID=1705) to work on /home/airflow/.local/lib/python3.8/site-packages/airflow/example_dags/example_xcomargs.py
[2024-01-28T02:43:06.852+0000] {processor.py:830} INFO - Processing file /home/airflow/.local/lib/python3.8/site-packages/airflow/example_dags/example_xcomargs.py for tasks to queue
[2024-01-28T02:43:06.853+0000] {logging_mixin.py:188} INFO - [2024-01-28T02:43:06.853+0000] {dagbag.py:538} INFO - Filling up the DagBag from /home/airflow/.local/lib/python3.8/site-packages/airflow/example_dags/example_xcomargs.py
[2024-01-28T02:43:06.865+0000] {processor.py:840} INFO - DAG(s) 'example_xcom_args', 'example_xcom_args_with_operators' retrieved from /home/airflow/.local/lib/python3.8/site-packages/airflow/example_dags/example_xcomargs.py
[2024-01-28T02:43:06.896+0000] {logging_mixin.py:188} INFO - [2024-01-28T02:43:06.896+0000] {dag.py:3036} INFO - Sync 2 DAGs
[2024-01-28T02:43:06.911+0000] {logging_mixin.py:188} INFO - [2024-01-28T02:43:06.911+0000] {dag.py:3823} INFO - Setting next_dagrun for example_xcom_args to None, run_after=None
[2024-01-28T02:43:06.917+0000] {logging_mixin.py:188} INFO - [2024-01-28T02:43:06.917+0000] {dag.py:3823} INFO - Setting next_dagrun for example_xcom_args_with_operators to None, run_after=None
[2024-01-28T02:43:06.962+0000] {processor.py:183} INFO - Processing /home/airflow/.local/lib/python3.8/site-packages/airflow/example_dags/example_xcomargs.py took 0.123 seconds
[2024-01-28T02:43:37.764+0000] {processor.py:161} INFO - Started process (PID=2016) to work on /home/airflow/.local/lib/python3.8/site-packages/airflow/example_dags/example_xcomargs.py
[2024-01-28T02:43:37.766+0000] {processor.py:830} INFO - Processing file /home/airflow/.local/lib/python3.8/site-packages/airflow/example_dags/example_xcomargs.py for tasks to queue
[2024-01-28T02:43:37.767+0000] {logging_mixin.py:188} INFO - [2024-01-28T02:43:37.766+0000] {dagbag.py:538} INFO - Filling up the DagBag from /home/airflow/.local/lib/python3.8/site-packages/airflow/example_dags/example_xcomargs.py
[2024-01-28T02:43:37.776+0000] {processor.py:840} INFO - DAG(s) 'example_xcom_args_with_operators', 'example_xcom_args' retrieved from /home/airflow/.local/lib/python3.8/site-packages/airflow/example_dags/example_xcomargs.py
[2024-01-28T02:43:37.818+0000] {logging_mixin.py:188} INFO - [2024-01-28T02:43:37.818+0000] {dag.py:3036} INFO - Sync 2 DAGs
[2024-01-28T02:43:37.834+0000] {logging_mixin.py:188} INFO - [2024-01-28T02:43:37.834+0000] {dag.py:3823} INFO - Setting next_dagrun for example_xcom_args to None, run_after=None
[2024-01-28T02:43:37.838+0000] {logging_mixin.py:188} INFO - [2024-01-28T02:43:37.838+0000] {dag.py:3823} INFO - Setting next_dagrun for example_xcom_args_with_operators to None, run_after=None
[2024-01-28T02:43:37.864+0000] {processor.py:183} INFO - Processing /home/airflow/.local/lib/python3.8/site-packages/airflow/example_dags/example_xcomargs.py took 0.104 seconds
[2024-01-28T02:44:08.226+0000] {processor.py:161} INFO - Started process (PID=2327) to work on /home/airflow/.local/lib/python3.8/site-packages/airflow/example_dags/example_xcomargs.py
[2024-01-28T02:44:08.228+0000] {processor.py:830} INFO - Processing file /home/airflow/.local/lib/python3.8/site-packages/airflow/example_dags/example_xcomargs.py for tasks to queue
[2024-01-28T02:44:08.229+0000] {logging_mixin.py:188} INFO - [2024-01-28T02:44:08.228+0000] {dagbag.py:538} INFO - Filling up the DagBag from /home/airflow/.local/lib/python3.8/site-packages/airflow/example_dags/example_xcomargs.py
[2024-01-28T02:44:08.238+0000] {processor.py:840} INFO - DAG(s) 'example_xcom_args_with_operators', 'example_xcom_args' retrieved from /home/airflow/.local/lib/python3.8/site-packages/airflow/example_dags/example_xcomargs.py
[2024-01-28T02:44:08.264+0000] {logging_mixin.py:188} INFO - [2024-01-28T02:44:08.264+0000] {dag.py:3036} INFO - Sync 2 DAGs
[2024-01-28T02:44:08.277+0000] {logging_mixin.py:188} INFO - [2024-01-28T02:44:08.277+0000] {dag.py:3823} INFO - Setting next_dagrun for example_xcom_args to None, run_after=None
[2024-01-28T02:44:08.283+0000] {logging_mixin.py:188} INFO - [2024-01-28T02:44:08.282+0000] {dag.py:3823} INFO - Setting next_dagrun for example_xcom_args_with_operators to None, run_after=None
[2024-01-28T02:44:08.308+0000] {processor.py:183} INFO - Processing /home/airflow/.local/lib/python3.8/site-packages/airflow/example_dags/example_xcomargs.py took 0.085 seconds
[2024-01-28T02:44:42.854+0000] {processor.py:161} INFO - Started process (PID=2644) to work on /home/airflow/.local/lib/python3.8/site-packages/airflow/example_dags/example_xcomargs.py
[2024-01-28T02:44:42.856+0000] {processor.py:830} INFO - Processing file /home/airflow/.local/lib/python3.8/site-packages/airflow/example_dags/example_xcomargs.py for tasks to queue
[2024-01-28T02:44:42.857+0000] {logging_mixin.py:188} INFO - [2024-01-28T02:44:42.857+0000] {dagbag.py:538} INFO - Filling up the DagBag from /home/airflow/.local/lib/python3.8/site-packages/airflow/example_dags/example_xcomargs.py
[2024-01-28T02:44:42.889+0000] {processor.py:840} INFO - DAG(s) 'example_xcom_args_with_operators', 'example_xcom_args' retrieved from /home/airflow/.local/lib/python3.8/site-packages/airflow/example_dags/example_xcomargs.py
[2024-01-28T02:44:42.976+0000] {logging_mixin.py:188} INFO - [2024-01-28T02:44:42.975+0000] {dag.py:3036} INFO - Sync 2 DAGs
[2024-01-28T02:44:43.013+0000] {logging_mixin.py:188} INFO - [2024-01-28T02:44:43.013+0000] {dag.py:3823} INFO - Setting next_dagrun for example_xcom_args to None, run_after=None
[2024-01-28T02:44:43.045+0000] {logging_mixin.py:188} INFO - [2024-01-28T02:44:43.045+0000] {dag.py:3823} INFO - Setting next_dagrun for example_xcom_args_with_operators to None, run_after=None
[2024-01-28T02:44:43.086+0000] {processor.py:183} INFO - Processing /home/airflow/.local/lib/python3.8/site-packages/airflow/example_dags/example_xcomargs.py took 0.235 seconds
[2024-01-28T02:45:13.981+0000] {processor.py:161} INFO - Started process (PID=2975) to work on /home/airflow/.local/lib/python3.8/site-packages/airflow/example_dags/example_xcomargs.py
[2024-01-28T02:45:13.983+0000] {processor.py:830} INFO - Processing file /home/airflow/.local/lib/python3.8/site-packages/airflow/example_dags/example_xcomargs.py for tasks to queue
[2024-01-28T02:45:13.985+0000] {logging_mixin.py:188} INFO - [2024-01-28T02:45:13.984+0000] {dagbag.py:538} INFO - Filling up the DagBag from /home/airflow/.local/lib/python3.8/site-packages/airflow/example_dags/example_xcomargs.py
[2024-01-28T02:45:13.996+0000] {processor.py:840} INFO - DAG(s) 'example_xcom_args', 'example_xcom_args_with_operators' retrieved from /home/airflow/.local/lib/python3.8/site-packages/airflow/example_dags/example_xcomargs.py
[2024-01-28T02:45:14.023+0000] {logging_mixin.py:188} INFO - [2024-01-28T02:45:14.022+0000] {dag.py:3036} INFO - Sync 2 DAGs
[2024-01-28T02:45:14.039+0000] {logging_mixin.py:188} INFO - [2024-01-28T02:45:14.038+0000] {dag.py:3823} INFO - Setting next_dagrun for example_xcom_args to None, run_after=None
[2024-01-28T02:45:14.044+0000] {logging_mixin.py:188} INFO - [2024-01-28T02:45:14.043+0000] {dag.py:3823} INFO - Setting next_dagrun for example_xcom_args_with_operators to None, run_after=None
[2024-01-28T02:45:14.067+0000] {processor.py:183} INFO - Processing /home/airflow/.local/lib/python3.8/site-packages/airflow/example_dags/example_xcomargs.py took 0.089 seconds
[2024-01-28T02:45:45.573+0000] {processor.py:161} INFO - Started process (PID=3306) to work on /home/airflow/.local/lib/python3.8/site-packages/airflow/example_dags/example_xcomargs.py
[2024-01-28T02:45:45.574+0000] {processor.py:830} INFO - Processing file /home/airflow/.local/lib/python3.8/site-packages/airflow/example_dags/example_xcomargs.py for tasks to queue
[2024-01-28T02:45:45.576+0000] {logging_mixin.py:188} INFO - [2024-01-28T02:45:45.575+0000] {dagbag.py:538} INFO - Filling up the DagBag from /home/airflow/.local/lib/python3.8/site-packages/airflow/example_dags/example_xcomargs.py
[2024-01-28T02:45:45.584+0000] {processor.py:840} INFO - DAG(s) 'example_xcom_args_with_operators', 'example_xcom_args' retrieved from /home/airflow/.local/lib/python3.8/site-packages/airflow/example_dags/example_xcomargs.py
[2024-01-28T02:45:45.608+0000] {logging_mixin.py:188} INFO - [2024-01-28T02:45:45.607+0000] {dag.py:3036} INFO - Sync 2 DAGs
[2024-01-28T02:45:45.620+0000] {logging_mixin.py:188} INFO - [2024-01-28T02:45:45.620+0000] {dag.py:3823} INFO - Setting next_dagrun for example_xcom_args to None, run_after=None
[2024-01-28T02:45:45.626+0000] {logging_mixin.py:188} INFO - [2024-01-28T02:45:45.625+0000] {dag.py:3823} INFO - Setting next_dagrun for example_xcom_args_with_operators to None, run_after=None
[2024-01-28T02:45:45.655+0000] {processor.py:183} INFO - Processing /home/airflow/.local/lib/python3.8/site-packages/airflow/example_dags/example_xcomargs.py took 0.085 seconds
[2024-01-28T02:46:16.873+0000] {processor.py:161} INFO - Started process (PID=3632) to work on /home/airflow/.local/lib/python3.8/site-packages/airflow/example_dags/example_xcomargs.py
[2024-01-28T02:46:16.875+0000] {processor.py:830} INFO - Processing file /home/airflow/.local/lib/python3.8/site-packages/airflow/example_dags/example_xcomargs.py for tasks to queue
[2024-01-28T02:46:16.876+0000] {logging_mixin.py:188} INFO - [2024-01-28T02:46:16.876+0000] {dagbag.py:538} INFO - Filling up the DagBag from /home/airflow/.local/lib/python3.8/site-packages/airflow/example_dags/example_xcomargs.py
[2024-01-28T02:46:16.885+0000] {processor.py:840} INFO - DAG(s) 'example_xcom_args_with_operators', 'example_xcom_args' retrieved from /home/airflow/.local/lib/python3.8/site-packages/airflow/example_dags/example_xcomargs.py
[2024-01-28T02:46:16.921+0000] {logging_mixin.py:188} INFO - [2024-01-28T02:46:16.921+0000] {dag.py:3036} INFO - Sync 2 DAGs
[2024-01-28T02:46:16.942+0000] {logging_mixin.py:188} INFO - [2024-01-28T02:46:16.942+0000] {dag.py:3823} INFO - Setting next_dagrun for example_xcom_args to None, run_after=None
[2024-01-28T02:46:16.946+0000] {logging_mixin.py:188} INFO - [2024-01-28T02:46:16.946+0000] {dag.py:3823} INFO - Setting next_dagrun for example_xcom_args_with_operators to None, run_after=None
[2024-01-28T02:46:16.966+0000] {processor.py:183} INFO - Processing /home/airflow/.local/lib/python3.8/site-packages/airflow/example_dags/example_xcomargs.py took 0.100 seconds
[2024-01-28T02:46:47.893+0000] {processor.py:161} INFO - Started process (PID=3943) to work on /home/airflow/.local/lib/python3.8/site-packages/airflow/example_dags/example_xcomargs.py
[2024-01-28T02:46:47.895+0000] {processor.py:830} INFO - Processing file /home/airflow/.local/lib/python3.8/site-packages/airflow/example_dags/example_xcomargs.py for tasks to queue
[2024-01-28T02:46:47.896+0000] {logging_mixin.py:188} INFO - [2024-01-28T02:46:47.896+0000] {dagbag.py:538} INFO - Filling up the DagBag from /home/airflow/.local/lib/python3.8/site-packages/airflow/example_dags/example_xcomargs.py
[2024-01-28T02:46:47.913+0000] {processor.py:840} INFO - DAG(s) 'example_xcom_args', 'example_xcom_args_with_operators' retrieved from /home/airflow/.local/lib/python3.8/site-packages/airflow/example_dags/example_xcomargs.py
[2024-01-28T02:46:47.955+0000] {logging_mixin.py:188} INFO - [2024-01-28T02:46:47.954+0000] {dag.py:3036} INFO - Sync 2 DAGs
[2024-01-28T02:46:47.974+0000] {logging_mixin.py:188} INFO - [2024-01-28T02:46:47.974+0000] {dag.py:3823} INFO - Setting next_dagrun for example_xcom_args to None, run_after=None
[2024-01-28T02:46:47.979+0000] {logging_mixin.py:188} INFO - [2024-01-28T02:46:47.978+0000] {dag.py:3823} INFO - Setting next_dagrun for example_xcom_args_with_operators to None, run_after=None
[2024-01-28T02:46:48.021+0000] {processor.py:183} INFO - Processing /home/airflow/.local/lib/python3.8/site-packages/airflow/example_dags/example_xcomargs.py took 0.132 seconds
[2024-01-28T02:47:21.024+0000] {processor.py:161} INFO - Started process (PID=4259) to work on /home/airflow/.local/lib/python3.8/site-packages/airflow/example_dags/example_xcomargs.py
[2024-01-28T02:47:21.062+0000] {processor.py:830} INFO - Processing file /home/airflow/.local/lib/python3.8/site-packages/airflow/example_dags/example_xcomargs.py for tasks to queue
[2024-01-28T02:47:21.064+0000] {logging_mixin.py:188} INFO - [2024-01-28T02:47:21.063+0000] {dagbag.py:538} INFO - Filling up the DagBag from /home/airflow/.local/lib/python3.8/site-packages/airflow/example_dags/example_xcomargs.py
[2024-01-28T02:47:21.093+0000] {processor.py:840} INFO - DAG(s) 'example_xcom_args', 'example_xcom_args_with_operators' retrieved from /home/airflow/.local/lib/python3.8/site-packages/airflow/example_dags/example_xcomargs.py
[2024-01-28T02:47:21.204+0000] {logging_mixin.py:188} INFO - [2024-01-28T02:47:21.204+0000] {dag.py:3036} INFO - Sync 2 DAGs
[2024-01-28T02:47:21.263+0000] {logging_mixin.py:188} INFO - [2024-01-28T02:47:21.263+0000] {dag.py:3823} INFO - Setting next_dagrun for example_xcom_args to None, run_after=None
[2024-01-28T02:47:21.281+0000] {logging_mixin.py:188} INFO - [2024-01-28T02:47:21.281+0000] {dag.py:3823} INFO - Setting next_dagrun for example_xcom_args_with_operators to None, run_after=None
[2024-01-28T02:47:21.344+0000] {processor.py:183} INFO - Processing /home/airflow/.local/lib/python3.8/site-packages/airflow/example_dags/example_xcomargs.py took 0.330 seconds
[2024-01-28T02:47:52.489+0000] {processor.py:161} INFO - Started process (PID=4590) to work on /home/airflow/.local/lib/python3.8/site-packages/airflow/example_dags/example_xcomargs.py
[2024-01-28T02:47:52.490+0000] {processor.py:830} INFO - Processing file /home/airflow/.local/lib/python3.8/site-packages/airflow/example_dags/example_xcomargs.py for tasks to queue
[2024-01-28T02:47:52.491+0000] {logging_mixin.py:188} INFO - [2024-01-28T02:47:52.491+0000] {dagbag.py:538} INFO - Filling up the DagBag from /home/airflow/.local/lib/python3.8/site-packages/airflow/example_dags/example_xcomargs.py
[2024-01-28T02:47:52.503+0000] {processor.py:840} INFO - DAG(s) 'example_xcom_args_with_operators', 'example_xcom_args' retrieved from /home/airflow/.local/lib/python3.8/site-packages/airflow/example_dags/example_xcomargs.py
[2024-01-28T02:47:52.528+0000] {logging_mixin.py:188} INFO - [2024-01-28T02:47:52.528+0000] {dag.py:3036} INFO - Sync 2 DAGs
[2024-01-28T02:47:52.542+0000] {logging_mixin.py:188} INFO - [2024-01-28T02:47:52.541+0000] {dag.py:3823} INFO - Setting next_dagrun for example_xcom_args to None, run_after=None
[2024-01-28T02:47:52.546+0000] {logging_mixin.py:188} INFO - [2024-01-28T02:47:52.546+0000] {dag.py:3823} INFO - Setting next_dagrun for example_xcom_args_with_operators to None, run_after=None
[2024-01-28T02:47:52.571+0000] {processor.py:183} INFO - Processing /home/airflow/.local/lib/python3.8/site-packages/airflow/example_dags/example_xcomargs.py took 0.086 seconds
[2024-01-28T02:48:22.696+0000] {processor.py:161} INFO - Started process (PID=4900) to work on /home/airflow/.local/lib/python3.8/site-packages/airflow/example_dags/example_xcomargs.py
[2024-01-28T02:48:22.697+0000] {processor.py:830} INFO - Processing file /home/airflow/.local/lib/python3.8/site-packages/airflow/example_dags/example_xcomargs.py for tasks to queue
[2024-01-28T02:48:22.699+0000] {logging_mixin.py:188} INFO - [2024-01-28T02:48:22.698+0000] {dagbag.py:538} INFO - Filling up the DagBag from /home/airflow/.local/lib/python3.8/site-packages/airflow/example_dags/example_xcomargs.py
[2024-01-28T02:48:22.708+0000] {processor.py:840} INFO - DAG(s) 'example_xcom_args_with_operators', 'example_xcom_args' retrieved from /home/airflow/.local/lib/python3.8/site-packages/airflow/example_dags/example_xcomargs.py
[2024-01-28T02:48:22.734+0000] {logging_mixin.py:188} INFO - [2024-01-28T02:48:22.734+0000] {dag.py:3036} INFO - Sync 2 DAGs
[2024-01-28T02:48:22.750+0000] {logging_mixin.py:188} INFO - [2024-01-28T02:48:22.750+0000] {dag.py:3823} INFO - Setting next_dagrun for example_xcom_args to None, run_after=None
[2024-01-28T02:48:22.756+0000] {logging_mixin.py:188} INFO - [2024-01-28T02:48:22.755+0000] {dag.py:3823} INFO - Setting next_dagrun for example_xcom_args_with_operators to None, run_after=None
[2024-01-28T02:48:22.781+0000] {processor.py:183} INFO - Processing /home/airflow/.local/lib/python3.8/site-packages/airflow/example_dags/example_xcomargs.py took 0.088 seconds
[2024-01-28T02:48:53.089+0000] {processor.py:161} INFO - Started process (PID=5211) to work on /home/airflow/.local/lib/python3.8/site-packages/airflow/example_dags/example_xcomargs.py
[2024-01-28T02:48:53.091+0000] {processor.py:830} INFO - Processing file /home/airflow/.local/lib/python3.8/site-packages/airflow/example_dags/example_xcomargs.py for tasks to queue
[2024-01-28T02:48:53.092+0000] {logging_mixin.py:188} INFO - [2024-01-28T02:48:53.092+0000] {dagbag.py:538} INFO - Filling up the DagBag from /home/airflow/.local/lib/python3.8/site-packages/airflow/example_dags/example_xcomargs.py
[2024-01-28T02:48:53.106+0000] {processor.py:840} INFO - DAG(s) 'example_xcom_args_with_operators', 'example_xcom_args' retrieved from /home/airflow/.local/lib/python3.8/site-packages/airflow/example_dags/example_xcomargs.py
[2024-01-28T02:48:53.135+0000] {logging_mixin.py:188} INFO - [2024-01-28T02:48:53.135+0000] {dag.py:3036} INFO - Sync 2 DAGs
[2024-01-28T02:48:53.148+0000] {logging_mixin.py:188} INFO - [2024-01-28T02:48:53.147+0000] {dag.py:3823} INFO - Setting next_dagrun for example_xcom_args to None, run_after=None
[2024-01-28T02:48:53.153+0000] {logging_mixin.py:188} INFO - [2024-01-28T02:48:53.152+0000] {dag.py:3823} INFO - Setting next_dagrun for example_xcom_args_with_operators to None, run_after=None
[2024-01-28T02:48:53.184+0000] {processor.py:183} INFO - Processing /home/airflow/.local/lib/python3.8/site-packages/airflow/example_dags/example_xcomargs.py took 0.100 seconds
[2024-01-28T02:49:23.974+0000] {processor.py:161} INFO - Started process (PID=5522) to work on /home/airflow/.local/lib/python3.8/site-packages/airflow/example_dags/example_xcomargs.py
[2024-01-28T02:49:23.981+0000] {processor.py:830} INFO - Processing file /home/airflow/.local/lib/python3.8/site-packages/airflow/example_dags/example_xcomargs.py for tasks to queue
[2024-01-28T02:49:23.982+0000] {logging_mixin.py:188} INFO - [2024-01-28T02:49:23.982+0000] {dagbag.py:538} INFO - Filling up the DagBag from /home/airflow/.local/lib/python3.8/site-packages/airflow/example_dags/example_xcomargs.py
[2024-01-28T02:49:23.994+0000] {processor.py:840} INFO - DAG(s) 'example_xcom_args_with_operators', 'example_xcom_args' retrieved from /home/airflow/.local/lib/python3.8/site-packages/airflow/example_dags/example_xcomargs.py
[2024-01-28T02:49:24.029+0000] {logging_mixin.py:188} INFO - [2024-01-28T02:49:24.029+0000] {dag.py:3036} INFO - Sync 2 DAGs
[2024-01-28T02:49:24.046+0000] {logging_mixin.py:188} INFO - [2024-01-28T02:49:24.046+0000] {dag.py:3823} INFO - Setting next_dagrun for example_xcom_args to None, run_after=None
[2024-01-28T02:49:24.051+0000] {logging_mixin.py:188} INFO - [2024-01-28T02:49:24.051+0000] {dag.py:3823} INFO - Setting next_dagrun for example_xcom_args_with_operators to None, run_after=None
[2024-01-28T02:49:24.082+0000] {processor.py:183} INFO - Processing /home/airflow/.local/lib/python3.8/site-packages/airflow/example_dags/example_xcomargs.py took 0.112 seconds
[2024-01-28T02:49:55.913+0000] {processor.py:161} INFO - Started process (PID=5833) to work on /home/airflow/.local/lib/python3.8/site-packages/airflow/example_dags/example_xcomargs.py
[2024-01-28T02:49:55.914+0000] {processor.py:830} INFO - Processing file /home/airflow/.local/lib/python3.8/site-packages/airflow/example_dags/example_xcomargs.py for tasks to queue
[2024-01-28T02:49:55.915+0000] {logging_mixin.py:188} INFO - [2024-01-28T02:49:55.915+0000] {dagbag.py:538} INFO - Filling up the DagBag from /home/airflow/.local/lib/python3.8/site-packages/airflow/example_dags/example_xcomargs.py
[2024-01-28T02:49:55.925+0000] {processor.py:840} INFO - DAG(s) 'example_xcom_args_with_operators', 'example_xcom_args' retrieved from /home/airflow/.local/lib/python3.8/site-packages/airflow/example_dags/example_xcomargs.py
[2024-01-28T02:49:55.949+0000] {logging_mixin.py:188} INFO - [2024-01-28T02:49:55.949+0000] {dag.py:3036} INFO - Sync 2 DAGs
[2024-01-28T02:49:55.962+0000] {logging_mixin.py:188} INFO - [2024-01-28T02:49:55.961+0000] {dag.py:3823} INFO - Setting next_dagrun for example_xcom_args to None, run_after=None
[2024-01-28T02:49:55.965+0000] {logging_mixin.py:188} INFO - [2024-01-28T02:49:55.965+0000] {dag.py:3823} INFO - Setting next_dagrun for example_xcom_args_with_operators to None, run_after=None
[2024-01-28T02:49:55.984+0000] {processor.py:183} INFO - Processing /home/airflow/.local/lib/python3.8/site-packages/airflow/example_dags/example_xcomargs.py took 0.075 seconds
[2024-01-28T02:50:27.425+0000] {processor.py:161} INFO - Started process (PID=6134) to work on /home/airflow/.local/lib/python3.8/site-packages/airflow/example_dags/example_xcomargs.py
[2024-01-28T02:50:27.426+0000] {processor.py:830} INFO - Processing file /home/airflow/.local/lib/python3.8/site-packages/airflow/example_dags/example_xcomargs.py for tasks to queue
[2024-01-28T02:50:27.427+0000] {logging_mixin.py:188} INFO - [2024-01-28T02:50:27.427+0000] {dagbag.py:538} INFO - Filling up the DagBag from /home/airflow/.local/lib/python3.8/site-packages/airflow/example_dags/example_xcomargs.py
[2024-01-28T02:50:27.435+0000] {processor.py:840} INFO - DAG(s) 'example_xcom_args_with_operators', 'example_xcom_args' retrieved from /home/airflow/.local/lib/python3.8/site-packages/airflow/example_dags/example_xcomargs.py
[2024-01-28T02:50:27.459+0000] {logging_mixin.py:188} INFO - [2024-01-28T02:50:27.459+0000] {dag.py:3036} INFO - Sync 2 DAGs
[2024-01-28T02:50:27.472+0000] {logging_mixin.py:188} INFO - [2024-01-28T02:50:27.471+0000] {dag.py:3823} INFO - Setting next_dagrun for example_xcom_args to None, run_after=None
[2024-01-28T02:50:27.476+0000] {logging_mixin.py:188} INFO - [2024-01-28T02:50:27.476+0000] {dag.py:3823} INFO - Setting next_dagrun for example_xcom_args_with_operators to None, run_after=None
[2024-01-28T02:50:27.655+0000] {processor.py:183} INFO - Processing /home/airflow/.local/lib/python3.8/site-packages/airflow/example_dags/example_xcomargs.py took 0.233 seconds
[2024-01-28T02:50:58.330+0000] {processor.py:161} INFO - Started process (PID=6439) to work on /home/airflow/.local/lib/python3.8/site-packages/airflow/example_dags/example_xcomargs.py
[2024-01-28T02:50:58.332+0000] {processor.py:830} INFO - Processing file /home/airflow/.local/lib/python3.8/site-packages/airflow/example_dags/example_xcomargs.py for tasks to queue
[2024-01-28T02:50:58.333+0000] {logging_mixin.py:188} INFO - [2024-01-28T02:50:58.333+0000] {dagbag.py:538} INFO - Filling up the DagBag from /home/airflow/.local/lib/python3.8/site-packages/airflow/example_dags/example_xcomargs.py
[2024-01-28T02:50:58.343+0000] {processor.py:840} INFO - DAG(s) 'example_xcom_args_with_operators', 'example_xcom_args' retrieved from /home/airflow/.local/lib/python3.8/site-packages/airflow/example_dags/example_xcomargs.py
[2024-01-28T02:50:58.370+0000] {logging_mixin.py:188} INFO - [2024-01-28T02:50:58.369+0000] {dag.py:3036} INFO - Sync 2 DAGs
[2024-01-28T02:50:58.386+0000] {logging_mixin.py:188} INFO - [2024-01-28T02:50:58.386+0000] {dag.py:3823} INFO - Setting next_dagrun for example_xcom_args to None, run_after=None
[2024-01-28T02:50:58.393+0000] {logging_mixin.py:188} INFO - [2024-01-28T02:50:58.391+0000] {dag.py:3823} INFO - Setting next_dagrun for example_xcom_args_with_operators to None, run_after=None
[2024-01-28T02:50:58.420+0000] {processor.py:183} INFO - Processing /home/airflow/.local/lib/python3.8/site-packages/airflow/example_dags/example_xcomargs.py took 0.093 seconds
[2024-01-28T02:51:28.586+0000] {processor.py:161} INFO - Started process (PID=6742) to work on /home/airflow/.local/lib/python3.8/site-packages/airflow/example_dags/example_xcomargs.py
[2024-01-28T02:51:28.587+0000] {processor.py:830} INFO - Processing file /home/airflow/.local/lib/python3.8/site-packages/airflow/example_dags/example_xcomargs.py for tasks to queue
[2024-01-28T02:51:28.588+0000] {logging_mixin.py:188} INFO - [2024-01-28T02:51:28.588+0000] {dagbag.py:538} INFO - Filling up the DagBag from /home/airflow/.local/lib/python3.8/site-packages/airflow/example_dags/example_xcomargs.py
[2024-01-28T02:51:28.596+0000] {processor.py:840} INFO - DAG(s) 'example_xcom_args_with_operators', 'example_xcom_args' retrieved from /home/airflow/.local/lib/python3.8/site-packages/airflow/example_dags/example_xcomargs.py
[2024-01-28T02:51:28.619+0000] {logging_mixin.py:188} INFO - [2024-01-28T02:51:28.619+0000] {dag.py:3036} INFO - Sync 2 DAGs
[2024-01-28T02:51:28.631+0000] {logging_mixin.py:188} INFO - [2024-01-28T02:51:28.631+0000] {dag.py:3823} INFO - Setting next_dagrun for example_xcom_args to None, run_after=None
[2024-01-28T02:51:28.635+0000] {logging_mixin.py:188} INFO - [2024-01-28T02:51:28.635+0000] {dag.py:3823} INFO - Setting next_dagrun for example_xcom_args_with_operators to None, run_after=None
[2024-01-28T02:51:28.656+0000] {processor.py:183} INFO - Processing /home/airflow/.local/lib/python3.8/site-packages/airflow/example_dags/example_xcomargs.py took 0.072 seconds
[2024-01-28T02:51:59.017+0000] {processor.py:161} INFO - Started process (PID=7053) to work on /home/airflow/.local/lib/python3.8/site-packages/airflow/example_dags/example_xcomargs.py
[2024-01-28T02:51:59.018+0000] {processor.py:830} INFO - Processing file /home/airflow/.local/lib/python3.8/site-packages/airflow/example_dags/example_xcomargs.py for tasks to queue
[2024-01-28T02:51:59.019+0000] {logging_mixin.py:188} INFO - [2024-01-28T02:51:59.019+0000] {dagbag.py:538} INFO - Filling up the DagBag from /home/airflow/.local/lib/python3.8/site-packages/airflow/example_dags/example_xcomargs.py
[2024-01-28T02:51:59.026+0000] {processor.py:840} INFO - DAG(s) 'example_xcom_args_with_operators', 'example_xcom_args' retrieved from /home/airflow/.local/lib/python3.8/site-packages/airflow/example_dags/example_xcomargs.py
[2024-01-28T02:51:59.048+0000] {logging_mixin.py:188} INFO - [2024-01-28T02:51:59.048+0000] {dag.py:3036} INFO - Sync 2 DAGs
[2024-01-28T02:51:59.060+0000] {logging_mixin.py:188} INFO - [2024-01-28T02:51:59.060+0000] {dag.py:3823} INFO - Setting next_dagrun for example_xcom_args to None, run_after=None
[2024-01-28T02:51:59.065+0000] {logging_mixin.py:188} INFO - [2024-01-28T02:51:59.065+0000] {dag.py:3823} INFO - Setting next_dagrun for example_xcom_args_with_operators to None, run_after=None
[2024-01-28T02:51:59.088+0000] {processor.py:183} INFO - Processing /home/airflow/.local/lib/python3.8/site-packages/airflow/example_dags/example_xcomargs.py took 0.074 seconds
[2024-01-28T02:52:30.568+0000] {processor.py:161} INFO - Started process (PID=7362) to work on /home/airflow/.local/lib/python3.8/site-packages/airflow/example_dags/example_xcomargs.py
[2024-01-28T02:52:30.569+0000] {processor.py:830} INFO - Processing file /home/airflow/.local/lib/python3.8/site-packages/airflow/example_dags/example_xcomargs.py for tasks to queue
[2024-01-28T02:52:30.571+0000] {logging_mixin.py:188} INFO - [2024-01-28T02:52:30.570+0000] {dagbag.py:538} INFO - Filling up the DagBag from /home/airflow/.local/lib/python3.8/site-packages/airflow/example_dags/example_xcomargs.py
[2024-01-28T02:52:30.578+0000] {processor.py:840} INFO - DAG(s) 'example_xcom_args_with_operators', 'example_xcom_args' retrieved from /home/airflow/.local/lib/python3.8/site-packages/airflow/example_dags/example_xcomargs.py
[2024-01-28T02:52:30.601+0000] {logging_mixin.py:188} INFO - [2024-01-28T02:52:30.601+0000] {dag.py:3036} INFO - Sync 2 DAGs
[2024-01-28T02:52:30.613+0000] {logging_mixin.py:188} INFO - [2024-01-28T02:52:30.612+0000] {dag.py:3823} INFO - Setting next_dagrun for example_xcom_args to None, run_after=None
[2024-01-28T02:52:30.616+0000] {logging_mixin.py:188} INFO - [2024-01-28T02:52:30.616+0000] {dag.py:3823} INFO - Setting next_dagrun for example_xcom_args_with_operators to None, run_after=None
[2024-01-28T02:52:31.718+0000] {processor.py:183} INFO - Processing /home/airflow/.local/lib/python3.8/site-packages/airflow/example_dags/example_xcomargs.py took 1.153 seconds
[2024-01-28T02:53:02.221+0000] {processor.py:161} INFO - Started process (PID=7673) to work on /home/airflow/.local/lib/python3.8/site-packages/airflow/example_dags/example_xcomargs.py
[2024-01-28T02:53:02.223+0000] {processor.py:830} INFO - Processing file /home/airflow/.local/lib/python3.8/site-packages/airflow/example_dags/example_xcomargs.py for tasks to queue
[2024-01-28T02:53:02.224+0000] {logging_mixin.py:188} INFO - [2024-01-28T02:53:02.224+0000] {dagbag.py:538} INFO - Filling up the DagBag from /home/airflow/.local/lib/python3.8/site-packages/airflow/example_dags/example_xcomargs.py
[2024-01-28T02:53:02.233+0000] {processor.py:840} INFO - DAG(s) 'example_xcom_args', 'example_xcom_args_with_operators' retrieved from /home/airflow/.local/lib/python3.8/site-packages/airflow/example_dags/example_xcomargs.py
[2024-01-28T02:53:02.272+0000] {logging_mixin.py:188} INFO - [2024-01-28T02:53:02.272+0000] {dag.py:3036} INFO - Sync 2 DAGs
[2024-01-28T02:53:02.292+0000] {logging_mixin.py:188} INFO - [2024-01-28T02:53:02.292+0000] {dag.py:3823} INFO - Setting next_dagrun for example_xcom_args to None, run_after=None
[2024-01-28T02:53:02.298+0000] {logging_mixin.py:188} INFO - [2024-01-28T02:53:02.298+0000] {dag.py:3823} INFO - Setting next_dagrun for example_xcom_args_with_operators to None, run_after=None
[2024-01-28T02:53:02.321+0000] {processor.py:183} INFO - Processing /home/airflow/.local/lib/python3.8/site-packages/airflow/example_dags/example_xcomargs.py took 0.102 seconds
[2024-01-28T02:53:32.633+0000] {processor.py:161} INFO - Started process (PID=7984) to work on /home/airflow/.local/lib/python3.8/site-packages/airflow/example_dags/example_xcomargs.py
[2024-01-28T02:53:32.635+0000] {processor.py:830} INFO - Processing file /home/airflow/.local/lib/python3.8/site-packages/airflow/example_dags/example_xcomargs.py for tasks to queue
[2024-01-28T02:53:32.637+0000] {logging_mixin.py:188} INFO - [2024-01-28T02:53:32.636+0000] {dagbag.py:538} INFO - Filling up the DagBag from /home/airflow/.local/lib/python3.8/site-packages/airflow/example_dags/example_xcomargs.py
[2024-01-28T02:53:32.649+0000] {processor.py:840} INFO - DAG(s) 'example_xcom_args_with_operators', 'example_xcom_args' retrieved from /home/airflow/.local/lib/python3.8/site-packages/airflow/example_dags/example_xcomargs.py
[2024-01-28T02:53:32.681+0000] {logging_mixin.py:188} INFO - [2024-01-28T02:53:32.680+0000] {dag.py:3036} INFO - Sync 2 DAGs
[2024-01-28T02:53:32.699+0000] {logging_mixin.py:188} INFO - [2024-01-28T02:53:32.699+0000] {dag.py:3823} INFO - Setting next_dagrun for example_xcom_args to None, run_after=None
[2024-01-28T02:53:32.705+0000] {logging_mixin.py:188} INFO - [2024-01-28T02:53:32.704+0000] {dag.py:3823} INFO - Setting next_dagrun for example_xcom_args_with_operators to None, run_after=None
[2024-01-28T02:53:32.731+0000] {processor.py:183} INFO - Processing /home/airflow/.local/lib/python3.8/site-packages/airflow/example_dags/example_xcomargs.py took 0.102 seconds
[2024-01-28T02:54:02.824+0000] {processor.py:161} INFO - Started process (PID=8292) to work on /home/airflow/.local/lib/python3.8/site-packages/airflow/example_dags/example_xcomargs.py
[2024-01-28T02:54:02.826+0000] {processor.py:830} INFO - Processing file /home/airflow/.local/lib/python3.8/site-packages/airflow/example_dags/example_xcomargs.py for tasks to queue
[2024-01-28T02:54:02.828+0000] {logging_mixin.py:188} INFO - [2024-01-28T02:54:02.827+0000] {dagbag.py:538} INFO - Filling up the DagBag from /home/airflow/.local/lib/python3.8/site-packages/airflow/example_dags/example_xcomargs.py
[2024-01-28T02:54:02.841+0000] {processor.py:840} INFO - DAG(s) 'example_xcom_args_with_operators', 'example_xcom_args' retrieved from /home/airflow/.local/lib/python3.8/site-packages/airflow/example_dags/example_xcomargs.py
[2024-01-28T02:54:02.887+0000] {logging_mixin.py:188} INFO - [2024-01-28T02:54:02.887+0000] {dag.py:3036} INFO - Sync 2 DAGs
[2024-01-28T02:54:02.903+0000] {logging_mixin.py:188} INFO - [2024-01-28T02:54:02.903+0000] {dag.py:3823} INFO - Setting next_dagrun for example_xcom_args to None, run_after=None
[2024-01-28T02:54:02.909+0000] {logging_mixin.py:188} INFO - [2024-01-28T02:54:02.908+0000] {dag.py:3823} INFO - Setting next_dagrun for example_xcom_args_with_operators to None, run_after=None
[2024-01-28T02:54:02.937+0000] {processor.py:183} INFO - Processing /home/airflow/.local/lib/python3.8/site-packages/airflow/example_dags/example_xcomargs.py took 0.118 seconds
[2024-01-28T02:54:33.333+0000] {processor.py:161} INFO - Started process (PID=8605) to work on /home/airflow/.local/lib/python3.8/site-packages/airflow/example_dags/example_xcomargs.py
[2024-01-28T02:54:33.334+0000] {processor.py:830} INFO - Processing file /home/airflow/.local/lib/python3.8/site-packages/airflow/example_dags/example_xcomargs.py for tasks to queue
[2024-01-28T02:54:33.335+0000] {logging_mixin.py:188} INFO - [2024-01-28T02:54:33.334+0000] {dagbag.py:538} INFO - Filling up the DagBag from /home/airflow/.local/lib/python3.8/site-packages/airflow/example_dags/example_xcomargs.py
[2024-01-28T02:54:33.342+0000] {processor.py:840} INFO - DAG(s) 'example_xcom_args_with_operators', 'example_xcom_args' retrieved from /home/airflow/.local/lib/python3.8/site-packages/airflow/example_dags/example_xcomargs.py
[2024-01-28T02:54:33.370+0000] {logging_mixin.py:188} INFO - [2024-01-28T02:54:33.370+0000] {dag.py:3036} INFO - Sync 2 DAGs
[2024-01-28T02:54:33.384+0000] {logging_mixin.py:188} INFO - [2024-01-28T02:54:33.383+0000] {dag.py:3823} INFO - Setting next_dagrun for example_xcom_args to None, run_after=None
[2024-01-28T02:54:33.390+0000] {logging_mixin.py:188} INFO - [2024-01-28T02:54:33.389+0000] {dag.py:3823} INFO - Setting next_dagrun for example_xcom_args_with_operators to None, run_after=None
[2024-01-28T02:54:33.415+0000] {processor.py:183} INFO - Processing /home/airflow/.local/lib/python3.8/site-packages/airflow/example_dags/example_xcomargs.py took 0.086 seconds
[2024-01-28T02:55:03.474+0000] {processor.py:161} INFO - Started process (PID=8911) to work on /home/airflow/.local/lib/python3.8/site-packages/airflow/example_dags/example_xcomargs.py
[2024-01-28T02:55:03.475+0000] {processor.py:830} INFO - Processing file /home/airflow/.local/lib/python3.8/site-packages/airflow/example_dags/example_xcomargs.py for tasks to queue
[2024-01-28T02:55:03.476+0000] {logging_mixin.py:188} INFO - [2024-01-28T02:55:03.476+0000] {dagbag.py:538} INFO - Filling up the DagBag from /home/airflow/.local/lib/python3.8/site-packages/airflow/example_dags/example_xcomargs.py
[2024-01-28T02:55:03.485+0000] {processor.py:840} INFO - DAG(s) 'example_xcom_args', 'example_xcom_args_with_operators' retrieved from /home/airflow/.local/lib/python3.8/site-packages/airflow/example_dags/example_xcomargs.py
[2024-01-28T02:55:03.510+0000] {logging_mixin.py:188} INFO - [2024-01-28T02:55:03.510+0000] {dag.py:3036} INFO - Sync 2 DAGs
[2024-01-28T02:55:03.524+0000] {logging_mixin.py:188} INFO - [2024-01-28T02:55:03.523+0000] {dag.py:3823} INFO - Setting next_dagrun for example_xcom_args to None, run_after=None
[2024-01-28T02:55:03.528+0000] {logging_mixin.py:188} INFO - [2024-01-28T02:55:03.527+0000] {dag.py:3823} INFO - Setting next_dagrun for example_xcom_args_with_operators to None, run_after=None
[2024-01-28T02:55:03.551+0000] {processor.py:183} INFO - Processing /home/airflow/.local/lib/python3.8/site-packages/airflow/example_dags/example_xcomargs.py took 0.081 seconds
[2024-01-28T02:55:38.652+0000] {processor.py:161} INFO - Started process (PID=9239) to work on /home/airflow/.local/lib/python3.8/site-packages/airflow/example_dags/example_xcomargs.py
[2024-01-28T02:55:38.654+0000] {processor.py:830} INFO - Processing file /home/airflow/.local/lib/python3.8/site-packages/airflow/example_dags/example_xcomargs.py for tasks to queue
[2024-01-28T02:55:38.655+0000] {logging_mixin.py:188} INFO - [2024-01-28T02:55:38.655+0000] {dagbag.py:538} INFO - Filling up the DagBag from /home/airflow/.local/lib/python3.8/site-packages/airflow/example_dags/example_xcomargs.py
[2024-01-28T02:55:38.664+0000] {processor.py:840} INFO - DAG(s) 'example_xcom_args_with_operators', 'example_xcom_args' retrieved from /home/airflow/.local/lib/python3.8/site-packages/airflow/example_dags/example_xcomargs.py
[2024-01-28T02:55:38.694+0000] {logging_mixin.py:188} INFO - [2024-01-28T02:55:38.694+0000] {dag.py:3036} INFO - Sync 2 DAGs
[2024-01-28T02:55:38.721+0000] {logging_mixin.py:188} INFO - [2024-01-28T02:55:38.720+0000] {dag.py:3823} INFO - Setting next_dagrun for example_xcom_args to None, run_after=None
[2024-01-28T02:55:38.733+0000] {logging_mixin.py:188} INFO - [2024-01-28T02:55:38.733+0000] {dag.py:3823} INFO - Setting next_dagrun for example_xcom_args_with_operators to None, run_after=None
[2024-01-28T02:55:38.774+0000] {processor.py:183} INFO - Processing /home/airflow/.local/lib/python3.8/site-packages/airflow/example_dags/example_xcomargs.py took 0.125 seconds
[2024-01-28T02:56:08.889+0000] {processor.py:161} INFO - Started process (PID=9543) to work on /home/airflow/.local/lib/python3.8/site-packages/airflow/example_dags/example_xcomargs.py
[2024-01-28T02:56:08.891+0000] {processor.py:830} INFO - Processing file /home/airflow/.local/lib/python3.8/site-packages/airflow/example_dags/example_xcomargs.py for tasks to queue
[2024-01-28T02:56:08.893+0000] {logging_mixin.py:188} INFO - [2024-01-28T02:56:08.892+0000] {dagbag.py:538} INFO - Filling up the DagBag from /home/airflow/.local/lib/python3.8/site-packages/airflow/example_dags/example_xcomargs.py
[2024-01-28T02:56:08.903+0000] {processor.py:840} INFO - DAG(s) 'example_xcom_args', 'example_xcom_args_with_operators' retrieved from /home/airflow/.local/lib/python3.8/site-packages/airflow/example_dags/example_xcomargs.py
[2024-01-28T02:56:08.928+0000] {logging_mixin.py:188} INFO - [2024-01-28T02:56:08.928+0000] {dag.py:3036} INFO - Sync 2 DAGs
[2024-01-28T02:56:08.942+0000] {logging_mixin.py:188} INFO - [2024-01-28T02:56:08.941+0000] {dag.py:3823} INFO - Setting next_dagrun for example_xcom_args to None, run_after=None
[2024-01-28T02:56:08.948+0000] {logging_mixin.py:188} INFO - [2024-01-28T02:56:08.947+0000] {dag.py:3823} INFO - Setting next_dagrun for example_xcom_args_with_operators to None, run_after=None
[2024-01-28T02:56:08.972+0000] {processor.py:183} INFO - Processing /home/airflow/.local/lib/python3.8/site-packages/airflow/example_dags/example_xcomargs.py took 0.086 seconds
[2024-01-28T02:56:39.117+0000] {processor.py:161} INFO - Started process (PID=9854) to work on /home/airflow/.local/lib/python3.8/site-packages/airflow/example_dags/example_xcomargs.py
[2024-01-28T02:56:39.118+0000] {processor.py:830} INFO - Processing file /home/airflow/.local/lib/python3.8/site-packages/airflow/example_dags/example_xcomargs.py for tasks to queue
[2024-01-28T02:56:39.119+0000] {logging_mixin.py:188} INFO - [2024-01-28T02:56:39.119+0000] {dagbag.py:538} INFO - Filling up the DagBag from /home/airflow/.local/lib/python3.8/site-packages/airflow/example_dags/example_xcomargs.py
[2024-01-28T02:56:39.127+0000] {processor.py:840} INFO - DAG(s) 'example_xcom_args', 'example_xcom_args_with_operators' retrieved from /home/airflow/.local/lib/python3.8/site-packages/airflow/example_dags/example_xcomargs.py
[2024-01-28T02:56:39.154+0000] {logging_mixin.py:188} INFO - [2024-01-28T02:56:39.153+0000] {dag.py:3036} INFO - Sync 2 DAGs
[2024-01-28T02:56:39.168+0000] {logging_mixin.py:188} INFO - [2024-01-28T02:56:39.168+0000] {dag.py:3823} INFO - Setting next_dagrun for example_xcom_args to None, run_after=None
[2024-01-28T02:56:39.173+0000] {logging_mixin.py:188} INFO - [2024-01-28T02:56:39.173+0000] {dag.py:3823} INFO - Setting next_dagrun for example_xcom_args_with_operators to None, run_after=None
[2024-01-28T02:56:39.197+0000] {processor.py:183} INFO - Processing /home/airflow/.local/lib/python3.8/site-packages/airflow/example_dags/example_xcomargs.py took 0.084 seconds
[2024-01-28T02:57:10.614+0000] {processor.py:161} INFO - Started process (PID=10160) to work on /home/airflow/.local/lib/python3.8/site-packages/airflow/example_dags/example_xcomargs.py
[2024-01-28T02:57:10.616+0000] {processor.py:830} INFO - Processing file /home/airflow/.local/lib/python3.8/site-packages/airflow/example_dags/example_xcomargs.py for tasks to queue
[2024-01-28T02:57:10.617+0000] {logging_mixin.py:188} INFO - [2024-01-28T02:57:10.616+0000] {dagbag.py:538} INFO - Filling up the DagBag from /home/airflow/.local/lib/python3.8/site-packages/airflow/example_dags/example_xcomargs.py
[2024-01-28T02:57:10.626+0000] {processor.py:840} INFO - DAG(s) 'example_xcom_args', 'example_xcom_args_with_operators' retrieved from /home/airflow/.local/lib/python3.8/site-packages/airflow/example_dags/example_xcomargs.py
[2024-01-28T02:57:10.651+0000] {logging_mixin.py:188} INFO - [2024-01-28T02:57:10.651+0000] {dag.py:3036} INFO - Sync 2 DAGs
[2024-01-28T02:57:10.667+0000] {logging_mixin.py:188} INFO - [2024-01-28T02:57:10.666+0000] {dag.py:3823} INFO - Setting next_dagrun for example_xcom_args to None, run_after=None
[2024-01-28T02:57:10.671+0000] {logging_mixin.py:188} INFO - [2024-01-28T02:57:10.671+0000] {dag.py:3823} INFO - Setting next_dagrun for example_xcom_args_with_operators to None, run_after=None
[2024-01-28T02:57:10.692+0000] {processor.py:183} INFO - Processing /home/airflow/.local/lib/python3.8/site-packages/airflow/example_dags/example_xcomargs.py took 0.081 seconds
[2024-01-28T02:57:42.319+0000] {processor.py:161} INFO - Started process (PID=10474) to work on /home/airflow/.local/lib/python3.8/site-packages/airflow/example_dags/example_xcomargs.py
[2024-01-28T02:57:42.321+0000] {processor.py:830} INFO - Processing file /home/airflow/.local/lib/python3.8/site-packages/airflow/example_dags/example_xcomargs.py for tasks to queue
[2024-01-28T02:57:42.322+0000] {logging_mixin.py:188} INFO - [2024-01-28T02:57:42.322+0000] {dagbag.py:538} INFO - Filling up the DagBag from /home/airflow/.local/lib/python3.8/site-packages/airflow/example_dags/example_xcomargs.py
[2024-01-28T02:57:42.333+0000] {processor.py:840} INFO - DAG(s) 'example_xcom_args_with_operators', 'example_xcom_args' retrieved from /home/airflow/.local/lib/python3.8/site-packages/airflow/example_dags/example_xcomargs.py
[2024-01-28T02:57:42.364+0000] {logging_mixin.py:188} INFO - [2024-01-28T02:57:42.363+0000] {dag.py:3036} INFO - Sync 2 DAGs
[2024-01-28T02:57:42.378+0000] {logging_mixin.py:188} INFO - [2024-01-28T02:57:42.378+0000] {dag.py:3823} INFO - Setting next_dagrun for example_xcom_args to None, run_after=None
[2024-01-28T02:57:42.382+0000] {logging_mixin.py:188} INFO - [2024-01-28T02:57:42.382+0000] {dag.py:3823} INFO - Setting next_dagrun for example_xcom_args_with_operators to None, run_after=None
[2024-01-28T02:57:42.403+0000] {processor.py:183} INFO - Processing /home/airflow/.local/lib/python3.8/site-packages/airflow/example_dags/example_xcomargs.py took 0.088 seconds
