[2024-01-28T02:40:45.234+0000] {processor.py:161} INFO - Started process (PID=372) to work on /home/airflow/.local/lib/python3.8/site-packages/airflow/example_dags/example_python_operator.py
[2024-01-28T02:40:45.236+0000] {processor.py:830} INFO - Processing file /home/airflow/.local/lib/python3.8/site-packages/airflow/example_dags/example_python_operator.py for tasks to queue
[2024-01-28T02:40:45.238+0000] {logging_mixin.py:188} INFO - [2024-01-28T02:40:45.237+0000] {dagbag.py:538} INFO - Filling up the DagBag from /home/airflow/.local/lib/python3.8/site-packages/airflow/example_dags/example_python_operator.py
[2024-01-28T02:40:45.254+0000] {processor.py:840} INFO - DAG(s) 'example_python_operator' retrieved from /home/airflow/.local/lib/python3.8/site-packages/airflow/example_dags/example_python_operator.py
[2024-01-28T02:40:45.393+0000] {logging_mixin.py:188} INFO - [2024-01-28T02:40:45.392+0000] {dag.py:3036} INFO - Sync 1 DAGs
[2024-01-28T02:40:45.405+0000] {logging_mixin.py:188} INFO - [2024-01-28T02:40:45.405+0000] {dag.py:3823} INFO - Setting next_dagrun for example_python_operator to None, run_after=None
[2024-01-28T02:40:45.447+0000] {processor.py:183} INFO - Processing /home/airflow/.local/lib/python3.8/site-packages/airflow/example_dags/example_python_operator.py took 0.216 seconds
[2024-01-28T02:41:20.056+0000] {processor.py:161} INFO - Started process (PID=680) to work on /home/airflow/.local/lib/python3.8/site-packages/airflow/example_dags/example_python_operator.py
[2024-01-28T02:41:20.060+0000] {processor.py:830} INFO - Processing file /home/airflow/.local/lib/python3.8/site-packages/airflow/example_dags/example_python_operator.py for tasks to queue
[2024-01-28T02:41:20.062+0000] {logging_mixin.py:188} INFO - [2024-01-28T02:41:20.062+0000] {dagbag.py:538} INFO - Filling up the DagBag from /home/airflow/.local/lib/python3.8/site-packages/airflow/example_dags/example_python_operator.py
[2024-01-28T02:41:20.074+0000] {processor.py:840} INFO - DAG(s) 'example_python_operator' retrieved from /home/airflow/.local/lib/python3.8/site-packages/airflow/example_dags/example_python_operator.py
[2024-01-28T02:41:20.113+0000] {logging_mixin.py:188} INFO - [2024-01-28T02:41:20.113+0000] {dag.py:3036} INFO - Sync 1 DAGs
[2024-01-28T02:41:20.139+0000] {logging_mixin.py:188} INFO - [2024-01-28T02:41:20.138+0000] {dag.py:3823} INFO - Setting next_dagrun for example_python_operator to None, run_after=None
[2024-01-28T02:41:20.173+0000] {processor.py:183} INFO - Processing /home/airflow/.local/lib/python3.8/site-packages/airflow/example_dags/example_python_operator.py took 0.122 seconds
[2024-01-28T02:41:51.127+0000] {processor.py:161} INFO - Started process (PID=991) to work on /home/airflow/.local/lib/python3.8/site-packages/airflow/example_dags/example_python_operator.py
[2024-01-28T02:41:51.129+0000] {processor.py:830} INFO - Processing file /home/airflow/.local/lib/python3.8/site-packages/airflow/example_dags/example_python_operator.py for tasks to queue
[2024-01-28T02:41:51.130+0000] {logging_mixin.py:188} INFO - [2024-01-28T02:41:51.130+0000] {dagbag.py:538} INFO - Filling up the DagBag from /home/airflow/.local/lib/python3.8/site-packages/airflow/example_dags/example_python_operator.py
[2024-01-28T02:41:51.141+0000] {processor.py:840} INFO - DAG(s) 'example_python_operator' retrieved from /home/airflow/.local/lib/python3.8/site-packages/airflow/example_dags/example_python_operator.py
[2024-01-28T02:41:51.167+0000] {logging_mixin.py:188} INFO - [2024-01-28T02:41:51.166+0000] {dag.py:3036} INFO - Sync 1 DAGs
[2024-01-28T02:41:51.179+0000] {logging_mixin.py:188} INFO - [2024-01-28T02:41:51.179+0000] {dag.py:3823} INFO - Setting next_dagrun for example_python_operator to None, run_after=None
[2024-01-28T02:41:51.203+0000] {processor.py:183} INFO - Processing /home/airflow/.local/lib/python3.8/site-packages/airflow/example_dags/example_python_operator.py took 0.079 seconds
[2024-01-28T02:42:33.347+0000] {processor.py:161} INFO - Started process (PID=1310) to work on /home/airflow/.local/lib/python3.8/site-packages/airflow/example_dags/example_python_operator.py
[2024-01-28T02:42:33.349+0000] {processor.py:830} INFO - Processing file /home/airflow/.local/lib/python3.8/site-packages/airflow/example_dags/example_python_operator.py for tasks to queue
[2024-01-28T02:42:33.350+0000] {logging_mixin.py:188} INFO - [2024-01-28T02:42:33.350+0000] {dagbag.py:538} INFO - Filling up the DagBag from /home/airflow/.local/lib/python3.8/site-packages/airflow/example_dags/example_python_operator.py
[2024-01-28T02:42:33.361+0000] {processor.py:840} INFO - DAG(s) 'example_python_operator' retrieved from /home/airflow/.local/lib/python3.8/site-packages/airflow/example_dags/example_python_operator.py
[2024-01-28T02:42:33.385+0000] {logging_mixin.py:188} INFO - [2024-01-28T02:42:33.385+0000] {dag.py:3036} INFO - Sync 1 DAGs
[2024-01-28T02:42:33.400+0000] {logging_mixin.py:188} INFO - [2024-01-28T02:42:33.400+0000] {dag.py:3823} INFO - Setting next_dagrun for example_python_operator to None, run_after=None
[2024-01-28T02:42:33.426+0000] {processor.py:183} INFO - Processing /home/airflow/.local/lib/python3.8/site-packages/airflow/example_dags/example_python_operator.py took 0.083 seconds
[2024-01-28T02:43:04.004+0000] {processor.py:161} INFO - Started process (PID=1620) to work on /home/airflow/.local/lib/python3.8/site-packages/airflow/example_dags/example_python_operator.py
[2024-01-28T02:43:04.006+0000] {processor.py:830} INFO - Processing file /home/airflow/.local/lib/python3.8/site-packages/airflow/example_dags/example_python_operator.py for tasks to queue
[2024-01-28T02:43:04.007+0000] {logging_mixin.py:188} INFO - [2024-01-28T02:43:04.007+0000] {dagbag.py:538} INFO - Filling up the DagBag from /home/airflow/.local/lib/python3.8/site-packages/airflow/example_dags/example_python_operator.py
[2024-01-28T02:43:04.020+0000] {processor.py:840} INFO - DAG(s) 'example_python_operator' retrieved from /home/airflow/.local/lib/python3.8/site-packages/airflow/example_dags/example_python_operator.py
[2024-01-28T02:43:04.042+0000] {logging_mixin.py:188} INFO - [2024-01-28T02:43:04.042+0000] {dag.py:3036} INFO - Sync 1 DAGs
[2024-01-28T02:43:04.056+0000] {logging_mixin.py:188} INFO - [2024-01-28T02:43:04.055+0000] {dag.py:3823} INFO - Setting next_dagrun for example_python_operator to None, run_after=None
[2024-01-28T02:43:04.087+0000] {processor.py:183} INFO - Processing /home/airflow/.local/lib/python3.8/site-packages/airflow/example_dags/example_python_operator.py took 0.087 seconds
[2024-01-28T02:43:34.560+0000] {processor.py:161} INFO - Started process (PID=1931) to work on /home/airflow/.local/lib/python3.8/site-packages/airflow/example_dags/example_python_operator.py
[2024-01-28T02:43:34.561+0000] {processor.py:830} INFO - Processing file /home/airflow/.local/lib/python3.8/site-packages/airflow/example_dags/example_python_operator.py for tasks to queue
[2024-01-28T02:43:34.561+0000] {logging_mixin.py:188} INFO - [2024-01-28T02:43:34.561+0000] {dagbag.py:538} INFO - Filling up the DagBag from /home/airflow/.local/lib/python3.8/site-packages/airflow/example_dags/example_python_operator.py
[2024-01-28T02:43:34.573+0000] {processor.py:840} INFO - DAG(s) 'example_python_operator' retrieved from /home/airflow/.local/lib/python3.8/site-packages/airflow/example_dags/example_python_operator.py
[2024-01-28T02:43:34.599+0000] {logging_mixin.py:188} INFO - [2024-01-28T02:43:34.599+0000] {dag.py:3036} INFO - Sync 1 DAGs
[2024-01-28T02:43:34.612+0000] {logging_mixin.py:188} INFO - [2024-01-28T02:43:34.612+0000] {dag.py:3823} INFO - Setting next_dagrun for example_python_operator to None, run_after=None
[2024-01-28T02:43:34.642+0000] {processor.py:183} INFO - Processing /home/airflow/.local/lib/python3.8/site-packages/airflow/example_dags/example_python_operator.py took 0.085 seconds
[2024-01-28T02:44:05.038+0000] {processor.py:161} INFO - Started process (PID=2242) to work on /home/airflow/.local/lib/python3.8/site-packages/airflow/example_dags/example_python_operator.py
[2024-01-28T02:44:05.039+0000] {processor.py:830} INFO - Processing file /home/airflow/.local/lib/python3.8/site-packages/airflow/example_dags/example_python_operator.py for tasks to queue
[2024-01-28T02:44:05.040+0000] {logging_mixin.py:188} INFO - [2024-01-28T02:44:05.040+0000] {dagbag.py:538} INFO - Filling up the DagBag from /home/airflow/.local/lib/python3.8/site-packages/airflow/example_dags/example_python_operator.py
[2024-01-28T02:44:05.050+0000] {processor.py:840} INFO - DAG(s) 'example_python_operator' retrieved from /home/airflow/.local/lib/python3.8/site-packages/airflow/example_dags/example_python_operator.py
[2024-01-28T02:44:05.074+0000] {logging_mixin.py:188} INFO - [2024-01-28T02:44:05.074+0000] {dag.py:3036} INFO - Sync 1 DAGs
[2024-01-28T02:44:05.085+0000] {logging_mixin.py:188} INFO - [2024-01-28T02:44:05.085+0000] {dag.py:3823} INFO - Setting next_dagrun for example_python_operator to None, run_after=None
[2024-01-28T02:44:05.109+0000] {processor.py:183} INFO - Processing /home/airflow/.local/lib/python3.8/site-packages/airflow/example_dags/example_python_operator.py took 0.074 seconds
[2024-01-28T02:44:35.466+0000] {processor.py:161} INFO - Started process (PID=2553) to work on /home/airflow/.local/lib/python3.8/site-packages/airflow/example_dags/example_python_operator.py
[2024-01-28T02:44:35.467+0000] {processor.py:830} INFO - Processing file /home/airflow/.local/lib/python3.8/site-packages/airflow/example_dags/example_python_operator.py for tasks to queue
[2024-01-28T02:44:35.468+0000] {logging_mixin.py:188} INFO - [2024-01-28T02:44:35.468+0000] {dagbag.py:538} INFO - Filling up the DagBag from /home/airflow/.local/lib/python3.8/site-packages/airflow/example_dags/example_python_operator.py
[2024-01-28T02:44:35.479+0000] {processor.py:840} INFO - DAG(s) 'example_python_operator' retrieved from /home/airflow/.local/lib/python3.8/site-packages/airflow/example_dags/example_python_operator.py
[2024-01-28T02:44:35.502+0000] {logging_mixin.py:188} INFO - [2024-01-28T02:44:35.502+0000] {dag.py:3036} INFO - Sync 1 DAGs
[2024-01-28T02:44:35.516+0000] {logging_mixin.py:188} INFO - [2024-01-28T02:44:35.515+0000] {dag.py:3823} INFO - Setting next_dagrun for example_python_operator to None, run_after=None
[2024-01-28T02:44:35.549+0000] {processor.py:183} INFO - Processing /home/airflow/.local/lib/python3.8/site-packages/airflow/example_dags/example_python_operator.py took 0.086 seconds
[2024-01-28T02:45:06.556+0000] {processor.py:161} INFO - Started process (PID=2864) to work on /home/airflow/.local/lib/python3.8/site-packages/airflow/example_dags/example_python_operator.py
[2024-01-28T02:45:06.561+0000] {processor.py:830} INFO - Processing file /home/airflow/.local/lib/python3.8/site-packages/airflow/example_dags/example_python_operator.py for tasks to queue
[2024-01-28T02:45:06.563+0000] {logging_mixin.py:188} INFO - [2024-01-28T02:45:06.563+0000] {dagbag.py:538} INFO - Filling up the DagBag from /home/airflow/.local/lib/python3.8/site-packages/airflow/example_dags/example_python_operator.py
[2024-01-28T02:45:06.585+0000] {processor.py:840} INFO - DAG(s) 'example_python_operator' retrieved from /home/airflow/.local/lib/python3.8/site-packages/airflow/example_dags/example_python_operator.py
[2024-01-28T02:45:06.614+0000] {logging_mixin.py:188} INFO - [2024-01-28T02:45:06.614+0000] {dag.py:3036} INFO - Sync 1 DAGs
[2024-01-28T02:45:06.626+0000] {logging_mixin.py:188} INFO - [2024-01-28T02:45:06.626+0000] {dag.py:3823} INFO - Setting next_dagrun for example_python_operator to None, run_after=None
[2024-01-28T02:45:06.649+0000] {processor.py:183} INFO - Processing /home/airflow/.local/lib/python3.8/site-packages/airflow/example_dags/example_python_operator.py took 0.098 seconds
[2024-01-28T02:45:37.414+0000] {processor.py:161} INFO - Started process (PID=3175) to work on /home/airflow/.local/lib/python3.8/site-packages/airflow/example_dags/example_python_operator.py
[2024-01-28T02:45:37.415+0000] {processor.py:830} INFO - Processing file /home/airflow/.local/lib/python3.8/site-packages/airflow/example_dags/example_python_operator.py for tasks to queue
[2024-01-28T02:45:37.416+0000] {logging_mixin.py:188} INFO - [2024-01-28T02:45:37.416+0000] {dagbag.py:538} INFO - Filling up the DagBag from /home/airflow/.local/lib/python3.8/site-packages/airflow/example_dags/example_python_operator.py
[2024-01-28T02:45:37.427+0000] {processor.py:840} INFO - DAG(s) 'example_python_operator' retrieved from /home/airflow/.local/lib/python3.8/site-packages/airflow/example_dags/example_python_operator.py
[2024-01-28T02:45:37.458+0000] {logging_mixin.py:188} INFO - [2024-01-28T02:45:37.458+0000] {dag.py:3036} INFO - Sync 1 DAGs
[2024-01-28T02:45:37.472+0000] {logging_mixin.py:188} INFO - [2024-01-28T02:45:37.472+0000] {dag.py:3823} INFO - Setting next_dagrun for example_python_operator to None, run_after=None
[2024-01-28T02:45:37.499+0000] {processor.py:183} INFO - Processing /home/airflow/.local/lib/python3.8/site-packages/airflow/example_dags/example_python_operator.py took 0.088 seconds
[2024-01-28T02:46:07.573+0000] {processor.py:161} INFO - Started process (PID=3482) to work on /home/airflow/.local/lib/python3.8/site-packages/airflow/example_dags/example_python_operator.py
[2024-01-28T02:46:07.574+0000] {processor.py:830} INFO - Processing file /home/airflow/.local/lib/python3.8/site-packages/airflow/example_dags/example_python_operator.py for tasks to queue
[2024-01-28T02:46:07.575+0000] {logging_mixin.py:188} INFO - [2024-01-28T02:46:07.575+0000] {dagbag.py:538} INFO - Filling up the DagBag from /home/airflow/.local/lib/python3.8/site-packages/airflow/example_dags/example_python_operator.py
[2024-01-28T02:46:07.583+0000] {processor.py:840} INFO - DAG(s) 'example_python_operator' retrieved from /home/airflow/.local/lib/python3.8/site-packages/airflow/example_dags/example_python_operator.py
[2024-01-28T02:46:07.605+0000] {logging_mixin.py:188} INFO - [2024-01-28T02:46:07.605+0000] {dag.py:3036} INFO - Sync 1 DAGs
[2024-01-28T02:46:07.616+0000] {logging_mixin.py:188} INFO - [2024-01-28T02:46:07.615+0000] {dag.py:3823} INFO - Setting next_dagrun for example_python_operator to None, run_after=None
[2024-01-28T02:46:07.639+0000] {processor.py:183} INFO - Processing /home/airflow/.local/lib/python3.8/site-packages/airflow/example_dags/example_python_operator.py took 0.069 seconds
[2024-01-28T02:46:38.360+0000] {processor.py:161} INFO - Started process (PID=3793) to work on /home/airflow/.local/lib/python3.8/site-packages/airflow/example_dags/example_python_operator.py
[2024-01-28T02:46:38.361+0000] {processor.py:830} INFO - Processing file /home/airflow/.local/lib/python3.8/site-packages/airflow/example_dags/example_python_operator.py for tasks to queue
[2024-01-28T02:46:38.362+0000] {logging_mixin.py:188} INFO - [2024-01-28T02:46:38.362+0000] {dagbag.py:538} INFO - Filling up the DagBag from /home/airflow/.local/lib/python3.8/site-packages/airflow/example_dags/example_python_operator.py
[2024-01-28T02:46:38.371+0000] {processor.py:840} INFO - DAG(s) 'example_python_operator' retrieved from /home/airflow/.local/lib/python3.8/site-packages/airflow/example_dags/example_python_operator.py
[2024-01-28T02:46:38.394+0000] {logging_mixin.py:188} INFO - [2024-01-28T02:46:38.394+0000] {dag.py:3036} INFO - Sync 1 DAGs
[2024-01-28T02:46:38.407+0000] {logging_mixin.py:188} INFO - [2024-01-28T02:46:38.407+0000] {dag.py:3823} INFO - Setting next_dagrun for example_python_operator to None, run_after=None
[2024-01-28T02:46:38.429+0000] {processor.py:183} INFO - Processing /home/airflow/.local/lib/python3.8/site-packages/airflow/example_dags/example_python_operator.py took 0.074 seconds
[2024-01-28T02:47:14.319+0000] {processor.py:161} INFO - Started process (PID=4108) to work on /home/airflow/.local/lib/python3.8/site-packages/airflow/example_dags/example_python_operator.py
[2024-01-28T02:47:14.327+0000] {processor.py:830} INFO - Processing file /home/airflow/.local/lib/python3.8/site-packages/airflow/example_dags/example_python_operator.py for tasks to queue
[2024-01-28T02:47:14.344+0000] {logging_mixin.py:188} INFO - [2024-01-28T02:47:14.331+0000] {dagbag.py:538} INFO - Filling up the DagBag from /home/airflow/.local/lib/python3.8/site-packages/airflow/example_dags/example_python_operator.py
[2024-01-28T02:47:14.460+0000] {processor.py:840} INFO - DAG(s) 'example_python_operator' retrieved from /home/airflow/.local/lib/python3.8/site-packages/airflow/example_dags/example_python_operator.py
[2024-01-28T02:47:14.768+0000] {logging_mixin.py:188} INFO - [2024-01-28T02:47:14.767+0000] {dag.py:3036} INFO - Sync 1 DAGs
[2024-01-28T02:47:14.853+0000] {logging_mixin.py:188} INFO - [2024-01-28T02:47:14.852+0000] {dag.py:3823} INFO - Setting next_dagrun for example_python_operator to None, run_after=None
[2024-01-28T02:47:15.020+0000] {processor.py:183} INFO - Processing /home/airflow/.local/lib/python3.8/site-packages/airflow/example_dags/example_python_operator.py took 0.721 seconds
[2024-01-28T02:47:45.896+0000] {processor.py:161} INFO - Started process (PID=4419) to work on /home/airflow/.local/lib/python3.8/site-packages/airflow/example_dags/example_python_operator.py
[2024-01-28T02:47:45.898+0000] {processor.py:830} INFO - Processing file /home/airflow/.local/lib/python3.8/site-packages/airflow/example_dags/example_python_operator.py for tasks to queue
[2024-01-28T02:47:45.899+0000] {logging_mixin.py:188} INFO - [2024-01-28T02:47:45.899+0000] {dagbag.py:538} INFO - Filling up the DagBag from /home/airflow/.local/lib/python3.8/site-packages/airflow/example_dags/example_python_operator.py
[2024-01-28T02:47:45.914+0000] {processor.py:840} INFO - DAG(s) 'example_python_operator' retrieved from /home/airflow/.local/lib/python3.8/site-packages/airflow/example_dags/example_python_operator.py
[2024-01-28T02:47:45.944+0000] {logging_mixin.py:188} INFO - [2024-01-28T02:47:45.944+0000] {dag.py:3036} INFO - Sync 1 DAGs
[2024-01-28T02:47:45.959+0000] {logging_mixin.py:188} INFO - [2024-01-28T02:47:45.958+0000] {dag.py:3823} INFO - Setting next_dagrun for example_python_operator to None, run_after=None
[2024-01-28T02:47:45.989+0000] {processor.py:183} INFO - Processing /home/airflow/.local/lib/python3.8/site-packages/airflow/example_dags/example_python_operator.py took 0.095 seconds
[2024-01-28T02:48:17.548+0000] {processor.py:161} INFO - Started process (PID=4732) to work on /home/airflow/.local/lib/python3.8/site-packages/airflow/example_dags/example_python_operator.py
[2024-01-28T02:48:17.550+0000] {processor.py:830} INFO - Processing file /home/airflow/.local/lib/python3.8/site-packages/airflow/example_dags/example_python_operator.py for tasks to queue
[2024-01-28T02:48:17.552+0000] {logging_mixin.py:188} INFO - [2024-01-28T02:48:17.551+0000] {dagbag.py:538} INFO - Filling up the DagBag from /home/airflow/.local/lib/python3.8/site-packages/airflow/example_dags/example_python_operator.py
[2024-01-28T02:48:17.562+0000] {processor.py:840} INFO - DAG(s) 'example_python_operator' retrieved from /home/airflow/.local/lib/python3.8/site-packages/airflow/example_dags/example_python_operator.py
[2024-01-28T02:48:17.589+0000] {logging_mixin.py:188} INFO - [2024-01-28T02:48:17.588+0000] {dag.py:3036} INFO - Sync 1 DAGs
[2024-01-28T02:48:17.608+0000] {logging_mixin.py:188} INFO - [2024-01-28T02:48:17.607+0000] {dag.py:3823} INFO - Setting next_dagrun for example_python_operator to None, run_after=None
[2024-01-28T02:48:17.658+0000] {processor.py:183} INFO - Processing /home/airflow/.local/lib/python3.8/site-packages/airflow/example_dags/example_python_operator.py took 0.113 seconds
[2024-01-28T02:48:48.537+0000] {processor.py:161} INFO - Started process (PID=5035) to work on /home/airflow/.local/lib/python3.8/site-packages/airflow/example_dags/example_python_operator.py
[2024-01-28T02:48:48.539+0000] {processor.py:830} INFO - Processing file /home/airflow/.local/lib/python3.8/site-packages/airflow/example_dags/example_python_operator.py for tasks to queue
[2024-01-28T02:48:48.540+0000] {logging_mixin.py:188} INFO - [2024-01-28T02:48:48.540+0000] {dagbag.py:538} INFO - Filling up the DagBag from /home/airflow/.local/lib/python3.8/site-packages/airflow/example_dags/example_python_operator.py
[2024-01-28T02:48:48.555+0000] {processor.py:840} INFO - DAG(s) 'example_python_operator' retrieved from /home/airflow/.local/lib/python3.8/site-packages/airflow/example_dags/example_python_operator.py
[2024-01-28T02:48:48.582+0000] {logging_mixin.py:188} INFO - [2024-01-28T02:48:48.581+0000] {dag.py:3036} INFO - Sync 1 DAGs
[2024-01-28T02:48:48.596+0000] {logging_mixin.py:188} INFO - [2024-01-28T02:48:48.595+0000] {dag.py:3823} INFO - Setting next_dagrun for example_python_operator to None, run_after=None
[2024-01-28T02:48:48.624+0000] {processor.py:183} INFO - Processing /home/airflow/.local/lib/python3.8/site-packages/airflow/example_dags/example_python_operator.py took 0.090 seconds
[2024-01-28T02:49:18.727+0000] {processor.py:161} INFO - Started process (PID=5337) to work on /home/airflow/.local/lib/python3.8/site-packages/airflow/example_dags/example_python_operator.py
[2024-01-28T02:49:18.729+0000] {processor.py:830} INFO - Processing file /home/airflow/.local/lib/python3.8/site-packages/airflow/example_dags/example_python_operator.py for tasks to queue
[2024-01-28T02:49:18.730+0000] {logging_mixin.py:188} INFO - [2024-01-28T02:49:18.730+0000] {dagbag.py:538} INFO - Filling up the DagBag from /home/airflow/.local/lib/python3.8/site-packages/airflow/example_dags/example_python_operator.py
[2024-01-28T02:49:18.740+0000] {processor.py:840} INFO - DAG(s) 'example_python_operator' retrieved from /home/airflow/.local/lib/python3.8/site-packages/airflow/example_dags/example_python_operator.py
[2024-01-28T02:49:18.762+0000] {logging_mixin.py:188} INFO - [2024-01-28T02:49:18.762+0000] {dag.py:3036} INFO - Sync 1 DAGs
[2024-01-28T02:49:18.778+0000] {logging_mixin.py:188} INFO - [2024-01-28T02:49:18.777+0000] {dag.py:3823} INFO - Setting next_dagrun for example_python_operator to None, run_after=None
[2024-01-28T02:49:18.804+0000] {processor.py:183} INFO - Processing /home/airflow/.local/lib/python3.8/site-packages/airflow/example_dags/example_python_operator.py took 0.080 seconds
[2024-01-28T02:49:49.158+0000] {processor.py:161} INFO - Started process (PID=5646) to work on /home/airflow/.local/lib/python3.8/site-packages/airflow/example_dags/example_python_operator.py
[2024-01-28T02:49:49.159+0000] {processor.py:830} INFO - Processing file /home/airflow/.local/lib/python3.8/site-packages/airflow/example_dags/example_python_operator.py for tasks to queue
[2024-01-28T02:49:49.161+0000] {logging_mixin.py:188} INFO - [2024-01-28T02:49:49.160+0000] {dagbag.py:538} INFO - Filling up the DagBag from /home/airflow/.local/lib/python3.8/site-packages/airflow/example_dags/example_python_operator.py
[2024-01-28T02:49:49.172+0000] {processor.py:840} INFO - DAG(s) 'example_python_operator' retrieved from /home/airflow/.local/lib/python3.8/site-packages/airflow/example_dags/example_python_operator.py
[2024-01-28T02:49:49.196+0000] {logging_mixin.py:188} INFO - [2024-01-28T02:49:49.195+0000] {dag.py:3036} INFO - Sync 1 DAGs
[2024-01-28T02:49:49.211+0000] {logging_mixin.py:188} INFO - [2024-01-28T02:49:49.210+0000] {dag.py:3823} INFO - Setting next_dagrun for example_python_operator to None, run_after=None
[2024-01-28T02:49:49.364+0000] {processor.py:183} INFO - Processing /home/airflow/.local/lib/python3.8/site-packages/airflow/example_dags/example_python_operator.py took 0.210 seconds
[2024-01-28T02:50:19.659+0000] {processor.py:161} INFO - Started process (PID=5959) to work on /home/airflow/.local/lib/python3.8/site-packages/airflow/example_dags/example_python_operator.py
[2024-01-28T02:50:19.660+0000] {processor.py:830} INFO - Processing file /home/airflow/.local/lib/python3.8/site-packages/airflow/example_dags/example_python_operator.py for tasks to queue
[2024-01-28T02:50:19.661+0000] {logging_mixin.py:188} INFO - [2024-01-28T02:50:19.661+0000] {dagbag.py:538} INFO - Filling up the DagBag from /home/airflow/.local/lib/python3.8/site-packages/airflow/example_dags/example_python_operator.py
[2024-01-28T02:50:19.671+0000] {processor.py:840} INFO - DAG(s) 'example_python_operator' retrieved from /home/airflow/.local/lib/python3.8/site-packages/airflow/example_dags/example_python_operator.py
[2024-01-28T02:50:19.694+0000] {logging_mixin.py:188} INFO - [2024-01-28T02:50:19.694+0000] {dag.py:3036} INFO - Sync 1 DAGs
[2024-01-28T02:50:19.706+0000] {logging_mixin.py:188} INFO - [2024-01-28T02:50:19.705+0000] {dag.py:3823} INFO - Setting next_dagrun for example_python_operator to None, run_after=None
[2024-01-28T02:50:19.817+0000] {processor.py:183} INFO - Processing /home/airflow/.local/lib/python3.8/site-packages/airflow/example_dags/example_python_operator.py took 0.162 seconds
[2024-01-28T02:50:50.164+0000] {processor.py:161} INFO - Started process (PID=6278) to work on /home/airflow/.local/lib/python3.8/site-packages/airflow/example_dags/example_python_operator.py
[2024-01-28T02:50:50.166+0000] {processor.py:830} INFO - Processing file /home/airflow/.local/lib/python3.8/site-packages/airflow/example_dags/example_python_operator.py for tasks to queue
[2024-01-28T02:50:50.167+0000] {logging_mixin.py:188} INFO - [2024-01-28T02:50:50.167+0000] {dagbag.py:538} INFO - Filling up the DagBag from /home/airflow/.local/lib/python3.8/site-packages/airflow/example_dags/example_python_operator.py
[2024-01-28T02:50:50.178+0000] {processor.py:840} INFO - DAG(s) 'example_python_operator' retrieved from /home/airflow/.local/lib/python3.8/site-packages/airflow/example_dags/example_python_operator.py
[2024-01-28T02:50:50.204+0000] {logging_mixin.py:188} INFO - [2024-01-28T02:50:50.204+0000] {dag.py:3036} INFO - Sync 1 DAGs
[2024-01-28T02:50:50.220+0000] {logging_mixin.py:188} INFO - [2024-01-28T02:50:50.220+0000] {dag.py:3823} INFO - Setting next_dagrun for example_python_operator to None, run_after=None
[2024-01-28T02:50:50.249+0000] {processor.py:183} INFO - Processing /home/airflow/.local/lib/python3.8/site-packages/airflow/example_dags/example_python_operator.py took 0.087 seconds
[2024-01-28T02:51:21.712+0000] {processor.py:161} INFO - Started process (PID=6587) to work on /home/airflow/.local/lib/python3.8/site-packages/airflow/example_dags/example_python_operator.py
[2024-01-28T02:51:21.714+0000] {processor.py:830} INFO - Processing file /home/airflow/.local/lib/python3.8/site-packages/airflow/example_dags/example_python_operator.py for tasks to queue
[2024-01-28T02:51:21.716+0000] {logging_mixin.py:188} INFO - [2024-01-28T02:51:21.715+0000] {dagbag.py:538} INFO - Filling up the DagBag from /home/airflow/.local/lib/python3.8/site-packages/airflow/example_dags/example_python_operator.py
[2024-01-28T02:51:21.737+0000] {processor.py:840} INFO - DAG(s) 'example_python_operator' retrieved from /home/airflow/.local/lib/python3.8/site-packages/airflow/example_dags/example_python_operator.py
[2024-01-28T02:51:21.933+0000] {logging_mixin.py:188} INFO - [2024-01-28T02:51:21.932+0000] {dag.py:3036} INFO - Sync 1 DAGs
[2024-01-28T02:51:21.947+0000] {logging_mixin.py:188} INFO - [2024-01-28T02:51:21.947+0000] {dag.py:3823} INFO - Setting next_dagrun for example_python_operator to None, run_after=None
[2024-01-28T02:51:21.974+0000] {processor.py:183} INFO - Processing /home/airflow/.local/lib/python3.8/site-packages/airflow/example_dags/example_python_operator.py took 0.265 seconds
[2024-01-28T02:51:52.820+0000] {processor.py:161} INFO - Started process (PID=6893) to work on /home/airflow/.local/lib/python3.8/site-packages/airflow/example_dags/example_python_operator.py
[2024-01-28T02:51:52.821+0000] {processor.py:830} INFO - Processing file /home/airflow/.local/lib/python3.8/site-packages/airflow/example_dags/example_python_operator.py for tasks to queue
[2024-01-28T02:51:52.822+0000] {logging_mixin.py:188} INFO - [2024-01-28T02:51:52.822+0000] {dagbag.py:538} INFO - Filling up the DagBag from /home/airflow/.local/lib/python3.8/site-packages/airflow/example_dags/example_python_operator.py
[2024-01-28T02:51:52.834+0000] {processor.py:840} INFO - DAG(s) 'example_python_operator' retrieved from /home/airflow/.local/lib/python3.8/site-packages/airflow/example_dags/example_python_operator.py
[2024-01-28T02:51:52.861+0000] {logging_mixin.py:188} INFO - [2024-01-28T02:51:52.861+0000] {dag.py:3036} INFO - Sync 1 DAGs
[2024-01-28T02:51:52.878+0000] {logging_mixin.py:188} INFO - [2024-01-28T02:51:52.877+0000] {dag.py:3823} INFO - Setting next_dagrun for example_python_operator to None, run_after=None
[2024-01-28T02:51:52.917+0000] {processor.py:183} INFO - Processing /home/airflow/.local/lib/python3.8/site-packages/airflow/example_dags/example_python_operator.py took 0.100 seconds
[2024-01-28T02:52:23.315+0000] {processor.py:161} INFO - Started process (PID=7196) to work on /home/airflow/.local/lib/python3.8/site-packages/airflow/example_dags/example_python_operator.py
[2024-01-28T02:52:23.316+0000] {processor.py:830} INFO - Processing file /home/airflow/.local/lib/python3.8/site-packages/airflow/example_dags/example_python_operator.py for tasks to queue
[2024-01-28T02:52:23.318+0000] {logging_mixin.py:188} INFO - [2024-01-28T02:52:23.317+0000] {dagbag.py:538} INFO - Filling up the DagBag from /home/airflow/.local/lib/python3.8/site-packages/airflow/example_dags/example_python_operator.py
[2024-01-28T02:52:23.346+0000] {processor.py:840} INFO - DAG(s) 'example_python_operator' retrieved from /home/airflow/.local/lib/python3.8/site-packages/airflow/example_dags/example_python_operator.py
[2024-01-28T02:52:23.384+0000] {logging_mixin.py:188} INFO - [2024-01-28T02:52:23.384+0000] {dag.py:3036} INFO - Sync 1 DAGs
[2024-01-28T02:52:23.402+0000] {logging_mixin.py:188} INFO - [2024-01-28T02:52:23.402+0000] {dag.py:3823} INFO - Setting next_dagrun for example_python_operator to None, run_after=None
[2024-01-28T02:52:23.438+0000] {processor.py:183} INFO - Processing /home/airflow/.local/lib/python3.8/site-packages/airflow/example_dags/example_python_operator.py took 0.127 seconds
[2024-01-28T02:52:53.755+0000] {processor.py:161} INFO - Started process (PID=7507) to work on /home/airflow/.local/lib/python3.8/site-packages/airflow/example_dags/example_python_operator.py
[2024-01-28T02:52:53.757+0000] {processor.py:830} INFO - Processing file /home/airflow/.local/lib/python3.8/site-packages/airflow/example_dags/example_python_operator.py for tasks to queue
[2024-01-28T02:52:53.759+0000] {logging_mixin.py:188} INFO - [2024-01-28T02:52:53.759+0000] {dagbag.py:538} INFO - Filling up the DagBag from /home/airflow/.local/lib/python3.8/site-packages/airflow/example_dags/example_python_operator.py
[2024-01-28T02:52:53.773+0000] {processor.py:840} INFO - DAG(s) 'example_python_operator' retrieved from /home/airflow/.local/lib/python3.8/site-packages/airflow/example_dags/example_python_operator.py
[2024-01-28T02:52:53.806+0000] {logging_mixin.py:188} INFO - [2024-01-28T02:52:53.806+0000] {dag.py:3036} INFO - Sync 1 DAGs
[2024-01-28T02:52:53.825+0000] {logging_mixin.py:188} INFO - [2024-01-28T02:52:53.824+0000] {dag.py:3823} INFO - Setting next_dagrun for example_python_operator to None, run_after=None
[2024-01-28T02:52:53.871+0000] {processor.py:183} INFO - Processing /home/airflow/.local/lib/python3.8/site-packages/airflow/example_dags/example_python_operator.py took 0.119 seconds
[2024-01-28T02:53:24.708+0000] {processor.py:161} INFO - Started process (PID=7828) to work on /home/airflow/.local/lib/python3.8/site-packages/airflow/example_dags/example_python_operator.py
[2024-01-28T02:53:24.709+0000] {processor.py:830} INFO - Processing file /home/airflow/.local/lib/python3.8/site-packages/airflow/example_dags/example_python_operator.py for tasks to queue
[2024-01-28T02:53:24.711+0000] {logging_mixin.py:188} INFO - [2024-01-28T02:53:24.710+0000] {dagbag.py:538} INFO - Filling up the DagBag from /home/airflow/.local/lib/python3.8/site-packages/airflow/example_dags/example_python_operator.py
[2024-01-28T02:53:24.725+0000] {processor.py:840} INFO - DAG(s) 'example_python_operator' retrieved from /home/airflow/.local/lib/python3.8/site-packages/airflow/example_dags/example_python_operator.py
[2024-01-28T02:53:24.756+0000] {logging_mixin.py:188} INFO - [2024-01-28T02:53:24.756+0000] {dag.py:3036} INFO - Sync 1 DAGs
[2024-01-28T02:53:24.769+0000] {logging_mixin.py:188} INFO - [2024-01-28T02:53:24.769+0000] {dag.py:3823} INFO - Setting next_dagrun for example_python_operator to None, run_after=None
[2024-01-28T02:53:24.793+0000] {processor.py:183} INFO - Processing /home/airflow/.local/lib/python3.8/site-packages/airflow/example_dags/example_python_operator.py took 0.089 seconds
[2024-01-28T02:53:54.954+0000] {processor.py:161} INFO - Started process (PID=8139) to work on /home/airflow/.local/lib/python3.8/site-packages/airflow/example_dags/example_python_operator.py
[2024-01-28T02:53:54.955+0000] {processor.py:830} INFO - Processing file /home/airflow/.local/lib/python3.8/site-packages/airflow/example_dags/example_python_operator.py for tasks to queue
[2024-01-28T02:53:54.957+0000] {logging_mixin.py:188} INFO - [2024-01-28T02:53:54.956+0000] {dagbag.py:538} INFO - Filling up the DagBag from /home/airflow/.local/lib/python3.8/site-packages/airflow/example_dags/example_python_operator.py
[2024-01-28T02:53:54.967+0000] {processor.py:840} INFO - DAG(s) 'example_python_operator' retrieved from /home/airflow/.local/lib/python3.8/site-packages/airflow/example_dags/example_python_operator.py
[2024-01-28T02:53:54.991+0000] {logging_mixin.py:188} INFO - [2024-01-28T02:53:54.991+0000] {dag.py:3036} INFO - Sync 1 DAGs
[2024-01-28T02:53:55.006+0000] {logging_mixin.py:188} INFO - [2024-01-28T02:53:55.006+0000] {dag.py:3823} INFO - Setting next_dagrun for example_python_operator to None, run_after=None
[2024-01-28T02:53:55.028+0000] {processor.py:183} INFO - Processing /home/airflow/.local/lib/python3.8/site-packages/airflow/example_dags/example_python_operator.py took 0.078 seconds
[2024-01-28T02:54:25.177+0000] {processor.py:161} INFO - Started process (PID=8449) to work on /home/airflow/.local/lib/python3.8/site-packages/airflow/example_dags/example_python_operator.py
[2024-01-28T02:54:25.179+0000] {processor.py:830} INFO - Processing file /home/airflow/.local/lib/python3.8/site-packages/airflow/example_dags/example_python_operator.py for tasks to queue
[2024-01-28T02:54:25.180+0000] {logging_mixin.py:188} INFO - [2024-01-28T02:54:25.180+0000] {dagbag.py:538} INFO - Filling up the DagBag from /home/airflow/.local/lib/python3.8/site-packages/airflow/example_dags/example_python_operator.py
[2024-01-28T02:54:25.190+0000] {processor.py:840} INFO - DAG(s) 'example_python_operator' retrieved from /home/airflow/.local/lib/python3.8/site-packages/airflow/example_dags/example_python_operator.py
[2024-01-28T02:54:25.215+0000] {logging_mixin.py:188} INFO - [2024-01-28T02:54:25.215+0000] {dag.py:3036} INFO - Sync 1 DAGs
[2024-01-28T02:54:25.229+0000] {logging_mixin.py:188} INFO - [2024-01-28T02:54:25.228+0000] {dag.py:3823} INFO - Setting next_dagrun for example_python_operator to None, run_after=None
[2024-01-28T02:54:25.255+0000] {processor.py:183} INFO - Processing /home/airflow/.local/lib/python3.8/site-packages/airflow/example_dags/example_python_operator.py took 0.081 seconds
[2024-01-28T02:54:55.695+0000] {processor.py:161} INFO - Started process (PID=8760) to work on /home/airflow/.local/lib/python3.8/site-packages/airflow/example_dags/example_python_operator.py
[2024-01-28T02:54:55.696+0000] {processor.py:830} INFO - Processing file /home/airflow/.local/lib/python3.8/site-packages/airflow/example_dags/example_python_operator.py for tasks to queue
[2024-01-28T02:54:55.698+0000] {logging_mixin.py:188} INFO - [2024-01-28T02:54:55.697+0000] {dagbag.py:538} INFO - Filling up the DagBag from /home/airflow/.local/lib/python3.8/site-packages/airflow/example_dags/example_python_operator.py
[2024-01-28T02:54:55.709+0000] {processor.py:840} INFO - DAG(s) 'example_python_operator' retrieved from /home/airflow/.local/lib/python3.8/site-packages/airflow/example_dags/example_python_operator.py
[2024-01-28T02:54:55.733+0000] {logging_mixin.py:188} INFO - [2024-01-28T02:54:55.732+0000] {dag.py:3036} INFO - Sync 1 DAGs
[2024-01-28T02:54:55.744+0000] {logging_mixin.py:188} INFO - [2024-01-28T02:54:55.744+0000] {dag.py:3823} INFO - Setting next_dagrun for example_python_operator to None, run_after=None
[2024-01-28T02:54:55.769+0000] {processor.py:183} INFO - Processing /home/airflow/.local/lib/python3.8/site-packages/airflow/example_dags/example_python_operator.py took 0.077 seconds
[2024-01-28T02:55:35.931+0000] {processor.py:161} INFO - Started process (PID=9125) to work on /home/airflow/.local/lib/python3.8/site-packages/airflow/example_dags/example_python_operator.py
[2024-01-28T02:55:35.935+0000] {processor.py:830} INFO - Processing file /home/airflow/.local/lib/python3.8/site-packages/airflow/example_dags/example_python_operator.py for tasks to queue
[2024-01-28T02:55:35.936+0000] {logging_mixin.py:188} INFO - [2024-01-28T02:55:35.936+0000] {dagbag.py:538} INFO - Filling up the DagBag from /home/airflow/.local/lib/python3.8/site-packages/airflow/example_dags/example_python_operator.py
[2024-01-28T02:55:35.953+0000] {processor.py:840} INFO - DAG(s) 'example_python_operator' retrieved from /home/airflow/.local/lib/python3.8/site-packages/airflow/example_dags/example_python_operator.py
[2024-01-28T02:55:35.987+0000] {logging_mixin.py:188} INFO - [2024-01-28T02:55:35.987+0000] {dag.py:3036} INFO - Sync 1 DAGs
[2024-01-28T02:55:36.014+0000] {logging_mixin.py:188} INFO - [2024-01-28T02:55:36.013+0000] {dag.py:3823} INFO - Setting next_dagrun for example_python_operator to None, run_after=None
[2024-01-28T02:55:36.076+0000] {processor.py:183} INFO - Processing /home/airflow/.local/lib/python3.8/site-packages/airflow/example_dags/example_python_operator.py took 0.149 seconds
[2024-01-28T02:56:06.296+0000] {processor.py:161} INFO - Started process (PID=9435) to work on /home/airflow/.local/lib/python3.8/site-packages/airflow/example_dags/example_python_operator.py
[2024-01-28T02:56:06.297+0000] {processor.py:830} INFO - Processing file /home/airflow/.local/lib/python3.8/site-packages/airflow/example_dags/example_python_operator.py for tasks to queue
[2024-01-28T02:56:06.298+0000] {logging_mixin.py:188} INFO - [2024-01-28T02:56:06.298+0000] {dagbag.py:538} INFO - Filling up the DagBag from /home/airflow/.local/lib/python3.8/site-packages/airflow/example_dags/example_python_operator.py
[2024-01-28T02:56:06.312+0000] {processor.py:840} INFO - DAG(s) 'example_python_operator' retrieved from /home/airflow/.local/lib/python3.8/site-packages/airflow/example_dags/example_python_operator.py
[2024-01-28T02:56:06.338+0000] {logging_mixin.py:188} INFO - [2024-01-28T02:56:06.337+0000] {dag.py:3036} INFO - Sync 1 DAGs
[2024-01-28T02:56:06.349+0000] {logging_mixin.py:188} INFO - [2024-01-28T02:56:06.348+0000] {dag.py:3823} INFO - Setting next_dagrun for example_python_operator to None, run_after=None
[2024-01-28T02:56:06.378+0000] {processor.py:183} INFO - Processing /home/airflow/.local/lib/python3.8/site-packages/airflow/example_dags/example_python_operator.py took 0.086 seconds
[2024-01-28T02:56:37.570+0000] {processor.py:161} INFO - Started process (PID=9746) to work on /home/airflow/.local/lib/python3.8/site-packages/airflow/example_dags/example_python_operator.py
[2024-01-28T02:56:37.571+0000] {processor.py:830} INFO - Processing file /home/airflow/.local/lib/python3.8/site-packages/airflow/example_dags/example_python_operator.py for tasks to queue
[2024-01-28T02:56:37.572+0000] {logging_mixin.py:188} INFO - [2024-01-28T02:56:37.572+0000] {dagbag.py:538} INFO - Filling up the DagBag from /home/airflow/.local/lib/python3.8/site-packages/airflow/example_dags/example_python_operator.py
[2024-01-28T02:56:37.582+0000] {processor.py:840} INFO - DAG(s) 'example_python_operator' retrieved from /home/airflow/.local/lib/python3.8/site-packages/airflow/example_dags/example_python_operator.py
[2024-01-28T02:56:37.604+0000] {logging_mixin.py:188} INFO - [2024-01-28T02:56:37.604+0000] {dag.py:3036} INFO - Sync 1 DAGs
[2024-01-28T02:56:37.618+0000] {logging_mixin.py:188} INFO - [2024-01-28T02:56:37.618+0000] {dag.py:3823} INFO - Setting next_dagrun for example_python_operator to None, run_after=None
[2024-01-28T02:56:37.646+0000] {processor.py:183} INFO - Processing /home/airflow/.local/lib/python3.8/site-packages/airflow/example_dags/example_python_operator.py took 0.080 seconds
[2024-01-28T02:57:09.256+0000] {processor.py:161} INFO - Started process (PID=10065) to work on /home/airflow/.local/lib/python3.8/site-packages/airflow/example_dags/example_python_operator.py
[2024-01-28T02:57:09.258+0000] {processor.py:830} INFO - Processing file /home/airflow/.local/lib/python3.8/site-packages/airflow/example_dags/example_python_operator.py for tasks to queue
[2024-01-28T02:57:09.259+0000] {logging_mixin.py:188} INFO - [2024-01-28T02:57:09.259+0000] {dagbag.py:538} INFO - Filling up the DagBag from /home/airflow/.local/lib/python3.8/site-packages/airflow/example_dags/example_python_operator.py
[2024-01-28T02:57:09.271+0000] {processor.py:840} INFO - DAG(s) 'example_python_operator' retrieved from /home/airflow/.local/lib/python3.8/site-packages/airflow/example_dags/example_python_operator.py
[2024-01-28T02:57:09.295+0000] {logging_mixin.py:188} INFO - [2024-01-28T02:57:09.295+0000] {dag.py:3036} INFO - Sync 1 DAGs
[2024-01-28T02:57:09.308+0000] {logging_mixin.py:188} INFO - [2024-01-28T02:57:09.308+0000] {dag.py:3823} INFO - Setting next_dagrun for example_python_operator to None, run_after=None
[2024-01-28T02:57:09.332+0000] {processor.py:183} INFO - Processing /home/airflow/.local/lib/python3.8/site-packages/airflow/example_dags/example_python_operator.py took 0.079 seconds
[2024-01-28T02:57:40.354+0000] {processor.py:161} INFO - Started process (PID=10371) to work on /home/airflow/.local/lib/python3.8/site-packages/airflow/example_dags/example_python_operator.py
[2024-01-28T02:57:40.356+0000] {processor.py:830} INFO - Processing file /home/airflow/.local/lib/python3.8/site-packages/airflow/example_dags/example_python_operator.py for tasks to queue
[2024-01-28T02:57:40.357+0000] {logging_mixin.py:188} INFO - [2024-01-28T02:57:40.357+0000] {dagbag.py:538} INFO - Filling up the DagBag from /home/airflow/.local/lib/python3.8/site-packages/airflow/example_dags/example_python_operator.py
[2024-01-28T02:57:40.368+0000] {processor.py:840} INFO - DAG(s) 'example_python_operator' retrieved from /home/airflow/.local/lib/python3.8/site-packages/airflow/example_dags/example_python_operator.py
[2024-01-28T02:57:40.389+0000] {logging_mixin.py:188} INFO - [2024-01-28T02:57:40.389+0000] {dag.py:3036} INFO - Sync 1 DAGs
[2024-01-28T02:57:40.401+0000] {logging_mixin.py:188} INFO - [2024-01-28T02:57:40.401+0000] {dag.py:3823} INFO - Setting next_dagrun for example_python_operator to None, run_after=None
[2024-01-28T02:57:40.423+0000] {processor.py:183} INFO - Processing /home/airflow/.local/lib/python3.8/site-packages/airflow/example_dags/example_python_operator.py took 0.072 seconds
[2024-01-28T02:58:10.894+0000] {processor.py:161} INFO - Started process (PID=10674) to work on /home/airflow/.local/lib/python3.8/site-packages/airflow/example_dags/example_python_operator.py
[2024-01-28T02:58:10.895+0000] {processor.py:830} INFO - Processing file /home/airflow/.local/lib/python3.8/site-packages/airflow/example_dags/example_python_operator.py for tasks to queue
[2024-01-28T02:58:10.896+0000] {logging_mixin.py:188} INFO - [2024-01-28T02:58:10.896+0000] {dagbag.py:538} INFO - Filling up the DagBag from /home/airflow/.local/lib/python3.8/site-packages/airflow/example_dags/example_python_operator.py
[2024-01-28T02:58:10.906+0000] {processor.py:840} INFO - DAG(s) 'example_python_operator' retrieved from /home/airflow/.local/lib/python3.8/site-packages/airflow/example_dags/example_python_operator.py
[2024-01-28T02:58:10.930+0000] {logging_mixin.py:188} INFO - [2024-01-28T02:58:10.930+0000] {dag.py:3036} INFO - Sync 1 DAGs
[2024-01-28T02:58:10.947+0000] {logging_mixin.py:188} INFO - [2024-01-28T02:58:10.946+0000] {dag.py:3823} INFO - Setting next_dagrun for example_python_operator to None, run_after=None
[2024-01-28T02:58:10.969+0000] {processor.py:183} INFO - Processing /home/airflow/.local/lib/python3.8/site-packages/airflow/example_dags/example_python_operator.py took 0.078 seconds
