[2024-01-28T02:40:46.754+0000] {processor.py:161} INFO - Started process (PID=420) to work on /home/airflow/.local/lib/python3.8/site-packages/airflow/example_dags/example_trigger_controller_dag.py
[2024-01-28T02:40:46.755+0000] {processor.py:830} INFO - Processing file /home/airflow/.local/lib/python3.8/site-packages/airflow/example_dags/example_trigger_controller_dag.py for tasks to queue
[2024-01-28T02:40:46.757+0000] {logging_mixin.py:188} INFO - [2024-01-28T02:40:46.756+0000] {dagbag.py:538} INFO - Filling up the DagBag from /home/airflow/.local/lib/python3.8/site-packages/airflow/example_dags/example_trigger_controller_dag.py
[2024-01-28T02:40:46.774+0000] {processor.py:840} INFO - DAG(s) 'example_trigger_controller_dag' retrieved from /home/airflow/.local/lib/python3.8/site-packages/airflow/example_dags/example_trigger_controller_dag.py
[2024-01-28T02:40:46.930+0000] {logging_mixin.py:188} INFO - [2024-01-28T02:40:46.929+0000] {dag.py:3036} INFO - Sync 1 DAGs
[2024-01-28T02:40:46.957+0000] {logging_mixin.py:188} INFO - [2024-01-28T02:40:46.956+0000] {dag.py:3823} INFO - Setting next_dagrun for example_trigger_controller_dag to 2021-01-01 00:00:00+00:00, run_after=2021-01-01 00:00:00+00:00
[2024-01-28T02:40:47.004+0000] {processor.py:183} INFO - Processing /home/airflow/.local/lib/python3.8/site-packages/airflow/example_dags/example_trigger_controller_dag.py took 0.254 seconds
[2024-01-28T02:41:20.831+0000] {processor.py:161} INFO - Started process (PID=730) to work on /home/airflow/.local/lib/python3.8/site-packages/airflow/example_dags/example_trigger_controller_dag.py
[2024-01-28T02:41:20.836+0000] {processor.py:830} INFO - Processing file /home/airflow/.local/lib/python3.8/site-packages/airflow/example_dags/example_trigger_controller_dag.py for tasks to queue
[2024-01-28T02:41:20.838+0000] {logging_mixin.py:188} INFO - [2024-01-28T02:41:20.837+0000] {dagbag.py:538} INFO - Filling up the DagBag from /home/airflow/.local/lib/python3.8/site-packages/airflow/example_dags/example_trigger_controller_dag.py
[2024-01-28T02:41:20.842+0000] {processor.py:840} INFO - DAG(s) 'example_trigger_controller_dag' retrieved from /home/airflow/.local/lib/python3.8/site-packages/airflow/example_dags/example_trigger_controller_dag.py
[2024-01-28T02:41:20.866+0000] {logging_mixin.py:188} INFO - [2024-01-28T02:41:20.865+0000] {dag.py:3036} INFO - Sync 1 DAGs
[2024-01-28T02:41:20.892+0000] {logging_mixin.py:188} INFO - [2024-01-28T02:41:20.891+0000] {dag.py:3823} INFO - Setting next_dagrun for example_trigger_controller_dag to 2021-01-01 00:00:00+00:00, run_after=2021-01-01 00:00:00+00:00
[2024-01-28T02:41:20.931+0000] {processor.py:183} INFO - Processing /home/airflow/.local/lib/python3.8/site-packages/airflow/example_dags/example_trigger_controller_dag.py took 0.104 seconds
[2024-01-28T02:41:51.857+0000] {processor.py:161} INFO - Started process (PID=1041) to work on /home/airflow/.local/lib/python3.8/site-packages/airflow/example_dags/example_trigger_controller_dag.py
[2024-01-28T02:41:51.858+0000] {processor.py:830} INFO - Processing file /home/airflow/.local/lib/python3.8/site-packages/airflow/example_dags/example_trigger_controller_dag.py for tasks to queue
[2024-01-28T02:41:51.859+0000] {logging_mixin.py:188} INFO - [2024-01-28T02:41:51.859+0000] {dagbag.py:538} INFO - Filling up the DagBag from /home/airflow/.local/lib/python3.8/site-packages/airflow/example_dags/example_trigger_controller_dag.py
[2024-01-28T02:41:51.864+0000] {processor.py:840} INFO - DAG(s) 'example_trigger_controller_dag' retrieved from /home/airflow/.local/lib/python3.8/site-packages/airflow/example_dags/example_trigger_controller_dag.py
[2024-01-28T02:41:51.887+0000] {logging_mixin.py:188} INFO - [2024-01-28T02:41:51.887+0000] {dag.py:3036} INFO - Sync 1 DAGs
[2024-01-28T02:41:51.908+0000] {logging_mixin.py:188} INFO - [2024-01-28T02:41:51.908+0000] {dag.py:3823} INFO - Setting next_dagrun for example_trigger_controller_dag to 2021-01-01 00:00:00+00:00, run_after=2021-01-01 00:00:00+00:00
[2024-01-28T02:41:51.930+0000] {processor.py:183} INFO - Processing /home/airflow/.local/lib/python3.8/site-packages/airflow/example_dags/example_trigger_controller_dag.py took 0.076 seconds
[2024-01-28T02:42:34.350+0000] {processor.py:161} INFO - Started process (PID=1358) to work on /home/airflow/.local/lib/python3.8/site-packages/airflow/example_dags/example_trigger_controller_dag.py
[2024-01-28T02:42:34.352+0000] {processor.py:830} INFO - Processing file /home/airflow/.local/lib/python3.8/site-packages/airflow/example_dags/example_trigger_controller_dag.py for tasks to queue
[2024-01-28T02:42:34.353+0000] {logging_mixin.py:188} INFO - [2024-01-28T02:42:34.353+0000] {dagbag.py:538} INFO - Filling up the DagBag from /home/airflow/.local/lib/python3.8/site-packages/airflow/example_dags/example_trigger_controller_dag.py
[2024-01-28T02:42:34.359+0000] {processor.py:840} INFO - DAG(s) 'example_trigger_controller_dag' retrieved from /home/airflow/.local/lib/python3.8/site-packages/airflow/example_dags/example_trigger_controller_dag.py
[2024-01-28T02:42:34.381+0000] {logging_mixin.py:188} INFO - [2024-01-28T02:42:34.380+0000] {dag.py:3036} INFO - Sync 1 DAGs
[2024-01-28T02:42:34.407+0000] {logging_mixin.py:188} INFO - [2024-01-28T02:42:34.407+0000] {dag.py:3823} INFO - Setting next_dagrun for example_trigger_controller_dag to 2021-01-01 00:00:00+00:00, run_after=2021-01-01 00:00:00+00:00
[2024-01-28T02:42:34.449+0000] {processor.py:183} INFO - Processing /home/airflow/.local/lib/python3.8/site-packages/airflow/example_dags/example_trigger_controller_dag.py took 0.103 seconds
[2024-01-28T02:43:05.764+0000] {processor.py:161} INFO - Started process (PID=1670) to work on /home/airflow/.local/lib/python3.8/site-packages/airflow/example_dags/example_trigger_controller_dag.py
[2024-01-28T02:43:05.771+0000] {processor.py:830} INFO - Processing file /home/airflow/.local/lib/python3.8/site-packages/airflow/example_dags/example_trigger_controller_dag.py for tasks to queue
[2024-01-28T02:43:05.773+0000] {logging_mixin.py:188} INFO - [2024-01-28T02:43:05.772+0000] {dagbag.py:538} INFO - Filling up the DagBag from /home/airflow/.local/lib/python3.8/site-packages/airflow/example_dags/example_trigger_controller_dag.py
[2024-01-28T02:43:05.791+0000] {processor.py:840} INFO - DAG(s) 'example_trigger_controller_dag' retrieved from /home/airflow/.local/lib/python3.8/site-packages/airflow/example_dags/example_trigger_controller_dag.py
[2024-01-28T02:43:05.813+0000] {logging_mixin.py:188} INFO - [2024-01-28T02:43:05.812+0000] {dag.py:3036} INFO - Sync 1 DAGs
[2024-01-28T02:43:05.870+0000] {logging_mixin.py:188} INFO - [2024-01-28T02:43:05.870+0000] {dag.py:3823} INFO - Setting next_dagrun for example_trigger_controller_dag to 2021-01-01 00:00:00+00:00, run_after=2021-01-01 00:00:00+00:00
[2024-01-28T02:43:05.931+0000] {processor.py:183} INFO - Processing /home/airflow/.local/lib/python3.8/site-packages/airflow/example_dags/example_trigger_controller_dag.py took 0.170 seconds
[2024-01-28T02:43:36.203+0000] {processor.py:161} INFO - Started process (PID=1981) to work on /home/airflow/.local/lib/python3.8/site-packages/airflow/example_dags/example_trigger_controller_dag.py
[2024-01-28T02:43:36.204+0000] {processor.py:830} INFO - Processing file /home/airflow/.local/lib/python3.8/site-packages/airflow/example_dags/example_trigger_controller_dag.py for tasks to queue
[2024-01-28T02:43:36.206+0000] {logging_mixin.py:188} INFO - [2024-01-28T02:43:36.205+0000] {dagbag.py:538} INFO - Filling up the DagBag from /home/airflow/.local/lib/python3.8/site-packages/airflow/example_dags/example_trigger_controller_dag.py
[2024-01-28T02:43:36.212+0000] {processor.py:840} INFO - DAG(s) 'example_trigger_controller_dag' retrieved from /home/airflow/.local/lib/python3.8/site-packages/airflow/example_dags/example_trigger_controller_dag.py
[2024-01-28T02:43:36.237+0000] {logging_mixin.py:188} INFO - [2024-01-28T02:43:36.237+0000] {dag.py:3036} INFO - Sync 1 DAGs
[2024-01-28T02:43:36.265+0000] {logging_mixin.py:188} INFO - [2024-01-28T02:43:36.265+0000] {dag.py:3823} INFO - Setting next_dagrun for example_trigger_controller_dag to 2021-01-01 00:00:00+00:00, run_after=2021-01-01 00:00:00+00:00
[2024-01-28T02:43:36.289+0000] {processor.py:183} INFO - Processing /home/airflow/.local/lib/python3.8/site-packages/airflow/example_dags/example_trigger_controller_dag.py took 0.089 seconds
[2024-01-28T02:44:06.827+0000] {processor.py:161} INFO - Started process (PID=2292) to work on /home/airflow/.local/lib/python3.8/site-packages/airflow/example_dags/example_trigger_controller_dag.py
[2024-01-28T02:44:06.832+0000] {processor.py:830} INFO - Processing file /home/airflow/.local/lib/python3.8/site-packages/airflow/example_dags/example_trigger_controller_dag.py for tasks to queue
[2024-01-28T02:44:06.833+0000] {logging_mixin.py:188} INFO - [2024-01-28T02:44:06.833+0000] {dagbag.py:538} INFO - Filling up the DagBag from /home/airflow/.local/lib/python3.8/site-packages/airflow/example_dags/example_trigger_controller_dag.py
[2024-01-28T02:44:06.850+0000] {processor.py:840} INFO - DAG(s) 'example_trigger_controller_dag' retrieved from /home/airflow/.local/lib/python3.8/site-packages/airflow/example_dags/example_trigger_controller_dag.py
[2024-01-28T02:44:06.879+0000] {logging_mixin.py:188} INFO - [2024-01-28T02:44:06.879+0000] {dag.py:3036} INFO - Sync 1 DAGs
[2024-01-28T02:44:06.906+0000] {logging_mixin.py:188} INFO - [2024-01-28T02:44:06.905+0000] {dag.py:3823} INFO - Setting next_dagrun for example_trigger_controller_dag to 2021-01-01 00:00:00+00:00, run_after=2021-01-01 00:00:00+00:00
[2024-01-28T02:44:06.929+0000] {processor.py:183} INFO - Processing /home/airflow/.local/lib/python3.8/site-packages/airflow/example_dags/example_trigger_controller_dag.py took 0.122 seconds
[2024-01-28T02:44:37.737+0000] {processor.py:161} INFO - Started process (PID=2605) to work on /home/airflow/.local/lib/python3.8/site-packages/airflow/example_dags/example_trigger_controller_dag.py
[2024-01-28T02:44:37.739+0000] {processor.py:830} INFO - Processing file /home/airflow/.local/lib/python3.8/site-packages/airflow/example_dags/example_trigger_controller_dag.py for tasks to queue
[2024-01-28T02:44:37.740+0000] {logging_mixin.py:188} INFO - [2024-01-28T02:44:37.740+0000] {dagbag.py:538} INFO - Filling up the DagBag from /home/airflow/.local/lib/python3.8/site-packages/airflow/example_dags/example_trigger_controller_dag.py
[2024-01-28T02:44:37.747+0000] {processor.py:840} INFO - DAG(s) 'example_trigger_controller_dag' retrieved from /home/airflow/.local/lib/python3.8/site-packages/airflow/example_dags/example_trigger_controller_dag.py
[2024-01-28T02:44:37.799+0000] {logging_mixin.py:188} INFO - [2024-01-28T02:44:37.798+0000] {dag.py:3036} INFO - Sync 1 DAGs
[2024-01-28T02:44:37.830+0000] {logging_mixin.py:188} INFO - [2024-01-28T02:44:37.829+0000] {dag.py:3823} INFO - Setting next_dagrun for example_trigger_controller_dag to 2021-01-01 00:00:00+00:00, run_after=2021-01-01 00:00:00+00:00
[2024-01-28T02:44:37.867+0000] {processor.py:183} INFO - Processing /home/airflow/.local/lib/python3.8/site-packages/airflow/example_dags/example_trigger_controller_dag.py took 0.134 seconds
[2024-01-28T02:45:08.288+0000] {processor.py:161} INFO - Started process (PID=2914) to work on /home/airflow/.local/lib/python3.8/site-packages/airflow/example_dags/example_trigger_controller_dag.py
[2024-01-28T02:45:08.290+0000] {processor.py:830} INFO - Processing file /home/airflow/.local/lib/python3.8/site-packages/airflow/example_dags/example_trigger_controller_dag.py for tasks to queue
[2024-01-28T02:45:08.291+0000] {logging_mixin.py:188} INFO - [2024-01-28T02:45:08.291+0000] {dagbag.py:538} INFO - Filling up the DagBag from /home/airflow/.local/lib/python3.8/site-packages/airflow/example_dags/example_trigger_controller_dag.py
[2024-01-28T02:45:08.296+0000] {processor.py:840} INFO - DAG(s) 'example_trigger_controller_dag' retrieved from /home/airflow/.local/lib/python3.8/site-packages/airflow/example_dags/example_trigger_controller_dag.py
[2024-01-28T02:45:08.318+0000] {logging_mixin.py:188} INFO - [2024-01-28T02:45:08.318+0000] {dag.py:3036} INFO - Sync 1 DAGs
[2024-01-28T02:45:08.340+0000] {logging_mixin.py:188} INFO - [2024-01-28T02:45:08.339+0000] {dag.py:3823} INFO - Setting next_dagrun for example_trigger_controller_dag to 2021-01-01 00:00:00+00:00, run_after=2021-01-01 00:00:00+00:00
[2024-01-28T02:45:08.361+0000] {processor.py:183} INFO - Processing /home/airflow/.local/lib/python3.8/site-packages/airflow/example_dags/example_trigger_controller_dag.py took 0.076 seconds
[2024-01-28T02:45:39.238+0000] {processor.py:161} INFO - Started process (PID=3227) to work on /home/airflow/.local/lib/python3.8/site-packages/airflow/example_dags/example_trigger_controller_dag.py
[2024-01-28T02:45:39.239+0000] {processor.py:830} INFO - Processing file /home/airflow/.local/lib/python3.8/site-packages/airflow/example_dags/example_trigger_controller_dag.py for tasks to queue
[2024-01-28T02:45:39.240+0000] {logging_mixin.py:188} INFO - [2024-01-28T02:45:39.240+0000] {dagbag.py:538} INFO - Filling up the DagBag from /home/airflow/.local/lib/python3.8/site-packages/airflow/example_dags/example_trigger_controller_dag.py
[2024-01-28T02:45:39.251+0000] {processor.py:840} INFO - DAG(s) 'example_trigger_controller_dag' retrieved from /home/airflow/.local/lib/python3.8/site-packages/airflow/example_dags/example_trigger_controller_dag.py
[2024-01-28T02:45:39.282+0000] {logging_mixin.py:188} INFO - [2024-01-28T02:45:39.282+0000] {dag.py:3036} INFO - Sync 1 DAGs
[2024-01-28T02:45:39.318+0000] {logging_mixin.py:188} INFO - [2024-01-28T02:45:39.318+0000] {dag.py:3823} INFO - Setting next_dagrun for example_trigger_controller_dag to 2021-01-01 00:00:00+00:00, run_after=2021-01-01 00:00:00+00:00
[2024-01-28T02:45:39.360+0000] {processor.py:183} INFO - Processing /home/airflow/.local/lib/python3.8/site-packages/airflow/example_dags/example_trigger_controller_dag.py took 0.126 seconds
[2024-01-28T02:46:09.607+0000] {processor.py:161} INFO - Started process (PID=3536) to work on /home/airflow/.local/lib/python3.8/site-packages/airflow/example_dags/example_trigger_controller_dag.py
[2024-01-28T02:46:09.609+0000] {processor.py:830} INFO - Processing file /home/airflow/.local/lib/python3.8/site-packages/airflow/example_dags/example_trigger_controller_dag.py for tasks to queue
[2024-01-28T02:46:09.610+0000] {logging_mixin.py:188} INFO - [2024-01-28T02:46:09.610+0000] {dagbag.py:538} INFO - Filling up the DagBag from /home/airflow/.local/lib/python3.8/site-packages/airflow/example_dags/example_trigger_controller_dag.py
[2024-01-28T02:46:09.616+0000] {processor.py:840} INFO - DAG(s) 'example_trigger_controller_dag' retrieved from /home/airflow/.local/lib/python3.8/site-packages/airflow/example_dags/example_trigger_controller_dag.py
[2024-01-28T02:46:09.638+0000] {logging_mixin.py:188} INFO - [2024-01-28T02:46:09.638+0000] {dag.py:3036} INFO - Sync 1 DAGs
[2024-01-28T02:46:09.662+0000] {logging_mixin.py:188} INFO - [2024-01-28T02:46:09.661+0000] {dag.py:3823} INFO - Setting next_dagrun for example_trigger_controller_dag to 2021-01-01 00:00:00+00:00, run_after=2021-01-01 00:00:00+00:00
[2024-01-28T02:46:09.684+0000] {processor.py:183} INFO - Processing /home/airflow/.local/lib/python3.8/site-packages/airflow/example_dags/example_trigger_controller_dag.py took 0.080 seconds
[2024-01-28T02:46:40.266+0000] {processor.py:161} INFO - Started process (PID=3847) to work on /home/airflow/.local/lib/python3.8/site-packages/airflow/example_dags/example_trigger_controller_dag.py
[2024-01-28T02:46:40.268+0000] {processor.py:830} INFO - Processing file /home/airflow/.local/lib/python3.8/site-packages/airflow/example_dags/example_trigger_controller_dag.py for tasks to queue
[2024-01-28T02:46:40.269+0000] {logging_mixin.py:188} INFO - [2024-01-28T02:46:40.269+0000] {dagbag.py:538} INFO - Filling up the DagBag from /home/airflow/.local/lib/python3.8/site-packages/airflow/example_dags/example_trigger_controller_dag.py
[2024-01-28T02:46:40.276+0000] {processor.py:840} INFO - DAG(s) 'example_trigger_controller_dag' retrieved from /home/airflow/.local/lib/python3.8/site-packages/airflow/example_dags/example_trigger_controller_dag.py
[2024-01-28T02:46:40.298+0000] {logging_mixin.py:188} INFO - [2024-01-28T02:46:40.298+0000] {dag.py:3036} INFO - Sync 1 DAGs
[2024-01-28T02:46:40.322+0000] {logging_mixin.py:188} INFO - [2024-01-28T02:46:40.321+0000] {dag.py:3823} INFO - Setting next_dagrun for example_trigger_controller_dag to 2021-01-01 00:00:00+00:00, run_after=2021-01-01 00:00:00+00:00
[2024-01-28T02:46:40.344+0000] {processor.py:183} INFO - Processing /home/airflow/.local/lib/python3.8/site-packages/airflow/example_dags/example_trigger_controller_dag.py took 0.081 seconds
[2024-01-28T02:47:18.028+0000] {processor.py:161} INFO - Started process (PID=4164) to work on /home/airflow/.local/lib/python3.8/site-packages/airflow/example_dags/example_trigger_controller_dag.py
[2024-01-28T02:47:18.030+0000] {processor.py:830} INFO - Processing file /home/airflow/.local/lib/python3.8/site-packages/airflow/example_dags/example_trigger_controller_dag.py for tasks to queue
[2024-01-28T02:47:18.031+0000] {logging_mixin.py:188} INFO - [2024-01-28T02:47:18.031+0000] {dagbag.py:538} INFO - Filling up the DagBag from /home/airflow/.local/lib/python3.8/site-packages/airflow/example_dags/example_trigger_controller_dag.py
[2024-01-28T02:47:18.039+0000] {processor.py:840} INFO - DAG(s) 'example_trigger_controller_dag' retrieved from /home/airflow/.local/lib/python3.8/site-packages/airflow/example_dags/example_trigger_controller_dag.py
[2024-01-28T02:47:18.080+0000] {logging_mixin.py:188} INFO - [2024-01-28T02:47:18.080+0000] {dag.py:3036} INFO - Sync 1 DAGs
[2024-01-28T02:47:18.126+0000] {logging_mixin.py:188} INFO - [2024-01-28T02:47:18.125+0000] {dag.py:3823} INFO - Setting next_dagrun for example_trigger_controller_dag to 2021-01-01 00:00:00+00:00, run_after=2021-01-01 00:00:00+00:00
[2024-01-28T02:47:18.160+0000] {processor.py:183} INFO - Processing /home/airflow/.local/lib/python3.8/site-packages/airflow/example_dags/example_trigger_controller_dag.py took 0.137 seconds
[2024-01-28T02:47:48.750+0000] {processor.py:161} INFO - Started process (PID=4475) to work on /home/airflow/.local/lib/python3.8/site-packages/airflow/example_dags/example_trigger_controller_dag.py
[2024-01-28T02:47:48.753+0000] {processor.py:830} INFO - Processing file /home/airflow/.local/lib/python3.8/site-packages/airflow/example_dags/example_trigger_controller_dag.py for tasks to queue
[2024-01-28T02:47:48.755+0000] {logging_mixin.py:188} INFO - [2024-01-28T02:47:48.755+0000] {dagbag.py:538} INFO - Filling up the DagBag from /home/airflow/.local/lib/python3.8/site-packages/airflow/example_dags/example_trigger_controller_dag.py
[2024-01-28T02:47:48.760+0000] {processor.py:840} INFO - DAG(s) 'example_trigger_controller_dag' retrieved from /home/airflow/.local/lib/python3.8/site-packages/airflow/example_dags/example_trigger_controller_dag.py
[2024-01-28T02:47:48.785+0000] {logging_mixin.py:188} INFO - [2024-01-28T02:47:48.784+0000] {dag.py:3036} INFO - Sync 1 DAGs
[2024-01-28T02:47:48.807+0000] {logging_mixin.py:188} INFO - [2024-01-28T02:47:48.807+0000] {dag.py:3823} INFO - Setting next_dagrun for example_trigger_controller_dag to 2021-01-01 00:00:00+00:00, run_after=2021-01-01 00:00:00+00:00
[2024-01-28T02:47:48.833+0000] {processor.py:183} INFO - Processing /home/airflow/.local/lib/python3.8/site-packages/airflow/example_dags/example_trigger_controller_dag.py took 0.086 seconds
[2024-01-28T02:48:19.331+0000] {processor.py:161} INFO - Started process (PID=4790) to work on /home/airflow/.local/lib/python3.8/site-packages/airflow/example_dags/example_trigger_controller_dag.py
[2024-01-28T02:48:19.332+0000] {processor.py:830} INFO - Processing file /home/airflow/.local/lib/python3.8/site-packages/airflow/example_dags/example_trigger_controller_dag.py for tasks to queue
[2024-01-28T02:48:19.335+0000] {logging_mixin.py:188} INFO - [2024-01-28T02:48:19.334+0000] {dagbag.py:538} INFO - Filling up the DagBag from /home/airflow/.local/lib/python3.8/site-packages/airflow/example_dags/example_trigger_controller_dag.py
[2024-01-28T02:48:19.342+0000] {processor.py:840} INFO - DAG(s) 'example_trigger_controller_dag' retrieved from /home/airflow/.local/lib/python3.8/site-packages/airflow/example_dags/example_trigger_controller_dag.py
[2024-01-28T02:48:19.379+0000] {logging_mixin.py:188} INFO - [2024-01-28T02:48:19.379+0000] {dag.py:3036} INFO - Sync 1 DAGs
[2024-01-28T02:48:19.409+0000] {logging_mixin.py:188} INFO - [2024-01-28T02:48:19.408+0000] {dag.py:3823} INFO - Setting next_dagrun for example_trigger_controller_dag to 2021-01-01 00:00:00+00:00, run_after=2021-01-01 00:00:00+00:00
[2024-01-28T02:48:19.432+0000] {processor.py:183} INFO - Processing /home/airflow/.local/lib/python3.8/site-packages/airflow/example_dags/example_trigger_controller_dag.py took 0.106 seconds
[2024-01-28T02:48:49.818+0000] {processor.py:161} INFO - Started process (PID=5096) to work on /home/airflow/.local/lib/python3.8/site-packages/airflow/example_dags/example_trigger_controller_dag.py
[2024-01-28T02:48:49.820+0000] {processor.py:830} INFO - Processing file /home/airflow/.local/lib/python3.8/site-packages/airflow/example_dags/example_trigger_controller_dag.py for tasks to queue
[2024-01-28T02:48:49.821+0000] {logging_mixin.py:188} INFO - [2024-01-28T02:48:49.820+0000] {dagbag.py:538} INFO - Filling up the DagBag from /home/airflow/.local/lib/python3.8/site-packages/airflow/example_dags/example_trigger_controller_dag.py
[2024-01-28T02:48:49.826+0000] {processor.py:840} INFO - DAG(s) 'example_trigger_controller_dag' retrieved from /home/airflow/.local/lib/python3.8/site-packages/airflow/example_dags/example_trigger_controller_dag.py
[2024-01-28T02:48:49.847+0000] {logging_mixin.py:188} INFO - [2024-01-28T02:48:49.847+0000] {dag.py:3036} INFO - Sync 1 DAGs
[2024-01-28T02:48:49.873+0000] {logging_mixin.py:188} INFO - [2024-01-28T02:48:49.872+0000] {dag.py:3823} INFO - Setting next_dagrun for example_trigger_controller_dag to 2021-01-01 00:00:00+00:00, run_after=2021-01-01 00:00:00+00:00
[2024-01-28T02:48:49.903+0000] {processor.py:183} INFO - Processing /home/airflow/.local/lib/python3.8/site-packages/airflow/example_dags/example_trigger_controller_dag.py took 0.088 seconds
[2024-01-28T02:49:20.638+0000] {processor.py:161} INFO - Started process (PID=5401) to work on /home/airflow/.local/lib/python3.8/site-packages/airflow/example_dags/example_trigger_controller_dag.py
[2024-01-28T02:49:20.639+0000] {processor.py:830} INFO - Processing file /home/airflow/.local/lib/python3.8/site-packages/airflow/example_dags/example_trigger_controller_dag.py for tasks to queue
[2024-01-28T02:49:20.640+0000] {logging_mixin.py:188} INFO - [2024-01-28T02:49:20.640+0000] {dagbag.py:538} INFO - Filling up the DagBag from /home/airflow/.local/lib/python3.8/site-packages/airflow/example_dags/example_trigger_controller_dag.py
[2024-01-28T02:49:20.646+0000] {processor.py:840} INFO - DAG(s) 'example_trigger_controller_dag' retrieved from /home/airflow/.local/lib/python3.8/site-packages/airflow/example_dags/example_trigger_controller_dag.py
[2024-01-28T02:49:20.666+0000] {logging_mixin.py:188} INFO - [2024-01-28T02:49:20.665+0000] {dag.py:3036} INFO - Sync 1 DAGs
[2024-01-28T02:49:20.688+0000] {logging_mixin.py:188} INFO - [2024-01-28T02:49:20.688+0000] {dag.py:3823} INFO - Setting next_dagrun for example_trigger_controller_dag to 2021-01-01 00:00:00+00:00, run_after=2021-01-01 00:00:00+00:00
[2024-01-28T02:49:20.713+0000] {processor.py:183} INFO - Processing /home/airflow/.local/lib/python3.8/site-packages/airflow/example_dags/example_trigger_controller_dag.py took 0.078 seconds
[2024-01-28T02:49:51.294+0000] {processor.py:161} INFO - Started process (PID=5701) to work on /home/airflow/.local/lib/python3.8/site-packages/airflow/example_dags/example_trigger_controller_dag.py
[2024-01-28T02:49:51.295+0000] {processor.py:830} INFO - Processing file /home/airflow/.local/lib/python3.8/site-packages/airflow/example_dags/example_trigger_controller_dag.py for tasks to queue
[2024-01-28T02:49:51.297+0000] {logging_mixin.py:188} INFO - [2024-01-28T02:49:51.296+0000] {dagbag.py:538} INFO - Filling up the DagBag from /home/airflow/.local/lib/python3.8/site-packages/airflow/example_dags/example_trigger_controller_dag.py
[2024-01-28T02:49:51.304+0000] {processor.py:840} INFO - DAG(s) 'example_trigger_controller_dag' retrieved from /home/airflow/.local/lib/python3.8/site-packages/airflow/example_dags/example_trigger_controller_dag.py
[2024-01-28T02:49:51.351+0000] {logging_mixin.py:188} INFO - [2024-01-28T02:49:51.351+0000] {dag.py:3036} INFO - Sync 1 DAGs
[2024-01-28T02:49:51.381+0000] {logging_mixin.py:188} INFO - [2024-01-28T02:49:51.381+0000] {dag.py:3823} INFO - Setting next_dagrun for example_trigger_controller_dag to 2021-01-01 00:00:00+00:00, run_after=2021-01-01 00:00:00+00:00
[2024-01-28T02:49:51.407+0000] {processor.py:183} INFO - Processing /home/airflow/.local/lib/python3.8/site-packages/airflow/example_dags/example_trigger_controller_dag.py took 0.118 seconds
[2024-01-28T02:50:21.446+0000] {processor.py:161} INFO - Started process (PID=6014) to work on /home/airflow/.local/lib/python3.8/site-packages/airflow/example_dags/example_trigger_controller_dag.py
[2024-01-28T02:50:21.448+0000] {processor.py:830} INFO - Processing file /home/airflow/.local/lib/python3.8/site-packages/airflow/example_dags/example_trigger_controller_dag.py for tasks to queue
[2024-01-28T02:50:21.449+0000] {logging_mixin.py:188} INFO - [2024-01-28T02:50:21.448+0000] {dagbag.py:538} INFO - Filling up the DagBag from /home/airflow/.local/lib/python3.8/site-packages/airflow/example_dags/example_trigger_controller_dag.py
[2024-01-28T02:50:21.453+0000] {processor.py:840} INFO - DAG(s) 'example_trigger_controller_dag' retrieved from /home/airflow/.local/lib/python3.8/site-packages/airflow/example_dags/example_trigger_controller_dag.py
[2024-01-28T02:50:21.469+0000] {logging_mixin.py:188} INFO - [2024-01-28T02:50:21.469+0000] {dag.py:3036} INFO - Sync 1 DAGs
[2024-01-28T02:50:21.487+0000] {logging_mixin.py:188} INFO - [2024-01-28T02:50:21.487+0000] {dag.py:3823} INFO - Setting next_dagrun for example_trigger_controller_dag to 2021-01-01 00:00:00+00:00, run_after=2021-01-01 00:00:00+00:00
[2024-01-28T02:50:21.508+0000] {processor.py:183} INFO - Processing /home/airflow/.local/lib/python3.8/site-packages/airflow/example_dags/example_trigger_controller_dag.py took 0.065 seconds
[2024-01-28T02:50:51.836+0000] {processor.py:161} INFO - Started process (PID=6325) to work on /home/airflow/.local/lib/python3.8/site-packages/airflow/example_dags/example_trigger_controller_dag.py
[2024-01-28T02:50:51.837+0000] {processor.py:830} INFO - Processing file /home/airflow/.local/lib/python3.8/site-packages/airflow/example_dags/example_trigger_controller_dag.py for tasks to queue
[2024-01-28T02:50:51.838+0000] {logging_mixin.py:188} INFO - [2024-01-28T02:50:51.838+0000] {dagbag.py:538} INFO - Filling up the DagBag from /home/airflow/.local/lib/python3.8/site-packages/airflow/example_dags/example_trigger_controller_dag.py
[2024-01-28T02:50:51.844+0000] {processor.py:840} INFO - DAG(s) 'example_trigger_controller_dag' retrieved from /home/airflow/.local/lib/python3.8/site-packages/airflow/example_dags/example_trigger_controller_dag.py
[2024-01-28T02:50:51.878+0000] {logging_mixin.py:188} INFO - [2024-01-28T02:50:51.877+0000] {dag.py:3036} INFO - Sync 1 DAGs
[2024-01-28T02:50:51.898+0000] {logging_mixin.py:188} INFO - [2024-01-28T02:50:51.898+0000] {dag.py:3823} INFO - Setting next_dagrun for example_trigger_controller_dag to 2021-01-01 00:00:00+00:00, run_after=2021-01-01 00:00:00+00:00
[2024-01-28T02:50:51.923+0000] {processor.py:183} INFO - Processing /home/airflow/.local/lib/python3.8/site-packages/airflow/example_dags/example_trigger_controller_dag.py took 0.090 seconds
[2024-01-28T02:51:23.285+0000] {processor.py:161} INFO - Started process (PID=6640) to work on /home/airflow/.local/lib/python3.8/site-packages/airflow/example_dags/example_trigger_controller_dag.py
[2024-01-28T02:51:23.286+0000] {processor.py:830} INFO - Processing file /home/airflow/.local/lib/python3.8/site-packages/airflow/example_dags/example_trigger_controller_dag.py for tasks to queue
[2024-01-28T02:51:23.288+0000] {logging_mixin.py:188} INFO - [2024-01-28T02:51:23.287+0000] {dagbag.py:538} INFO - Filling up the DagBag from /home/airflow/.local/lib/python3.8/site-packages/airflow/example_dags/example_trigger_controller_dag.py
[2024-01-28T02:51:23.293+0000] {processor.py:840} INFO - DAG(s) 'example_trigger_controller_dag' retrieved from /home/airflow/.local/lib/python3.8/site-packages/airflow/example_dags/example_trigger_controller_dag.py
[2024-01-28T02:51:23.449+0000] {logging_mixin.py:188} INFO - [2024-01-28T02:51:23.449+0000] {dag.py:3036} INFO - Sync 1 DAGs
[2024-01-28T02:51:23.471+0000] {logging_mixin.py:188} INFO - [2024-01-28T02:51:23.470+0000] {dag.py:3823} INFO - Setting next_dagrun for example_trigger_controller_dag to 2021-01-01 00:00:00+00:00, run_after=2021-01-01 00:00:00+00:00
[2024-01-28T02:51:23.491+0000] {processor.py:183} INFO - Processing /home/airflow/.local/lib/python3.8/site-packages/airflow/example_dags/example_trigger_controller_dag.py took 0.209 seconds
[2024-01-28T02:51:54.154+0000] {processor.py:161} INFO - Started process (PID=6976) to work on /home/airflow/.local/lib/python3.8/site-packages/airflow/example_dags/example_trigger_controller_dag.py
[2024-01-28T02:51:54.155+0000] {processor.py:830} INFO - Processing file /home/airflow/.local/lib/python3.8/site-packages/airflow/example_dags/example_trigger_controller_dag.py for tasks to queue
[2024-01-28T02:51:54.156+0000] {logging_mixin.py:188} INFO - [2024-01-28T02:51:54.156+0000] {dagbag.py:538} INFO - Filling up the DagBag from /home/airflow/.local/lib/python3.8/site-packages/airflow/example_dags/example_trigger_controller_dag.py
[2024-01-28T02:51:54.160+0000] {processor.py:840} INFO - DAG(s) 'example_trigger_controller_dag' retrieved from /home/airflow/.local/lib/python3.8/site-packages/airflow/example_dags/example_trigger_controller_dag.py
[2024-01-28T02:51:54.180+0000] {logging_mixin.py:188} INFO - [2024-01-28T02:51:54.180+0000] {dag.py:3036} INFO - Sync 1 DAGs
[2024-01-28T02:51:54.206+0000] {logging_mixin.py:188} INFO - [2024-01-28T02:51:54.206+0000] {dag.py:3823} INFO - Setting next_dagrun for example_trigger_controller_dag to 2021-01-01 00:00:00+00:00, run_after=2021-01-01 00:00:00+00:00
[2024-01-28T02:51:54.233+0000] {processor.py:183} INFO - Processing /home/airflow/.local/lib/python3.8/site-packages/airflow/example_dags/example_trigger_controller_dag.py took 0.083 seconds
[2024-01-28T02:52:25.597+0000] {processor.py:161} INFO - Started process (PID=7287) to work on /home/airflow/.local/lib/python3.8/site-packages/airflow/example_dags/example_trigger_controller_dag.py
[2024-01-28T02:52:25.598+0000] {processor.py:830} INFO - Processing file /home/airflow/.local/lib/python3.8/site-packages/airflow/example_dags/example_trigger_controller_dag.py for tasks to queue
[2024-01-28T02:52:25.599+0000] {logging_mixin.py:188} INFO - [2024-01-28T02:52:25.599+0000] {dagbag.py:538} INFO - Filling up the DagBag from /home/airflow/.local/lib/python3.8/site-packages/airflow/example_dags/example_trigger_controller_dag.py
[2024-01-28T02:52:25.604+0000] {processor.py:840} INFO - DAG(s) 'example_trigger_controller_dag' retrieved from /home/airflow/.local/lib/python3.8/site-packages/airflow/example_dags/example_trigger_controller_dag.py
[2024-01-28T02:52:25.629+0000] {logging_mixin.py:188} INFO - [2024-01-28T02:52:25.629+0000] {dag.py:3036} INFO - Sync 1 DAGs
[2024-01-28T02:52:25.659+0000] {logging_mixin.py:188} INFO - [2024-01-28T02:52:25.658+0000] {dag.py:3823} INFO - Setting next_dagrun for example_trigger_controller_dag to 2021-01-01 00:00:00+00:00, run_after=2021-01-01 00:00:00+00:00
[2024-01-28T02:52:25.689+0000] {processor.py:183} INFO - Processing /home/airflow/.local/lib/python3.8/site-packages/airflow/example_dags/example_trigger_controller_dag.py took 0.095 seconds
[2024-01-28T02:52:56.459+0000] {processor.py:161} INFO - Started process (PID=7594) to work on /home/airflow/.local/lib/python3.8/site-packages/airflow/example_dags/example_trigger_controller_dag.py
[2024-01-28T02:52:56.461+0000] {processor.py:830} INFO - Processing file /home/airflow/.local/lib/python3.8/site-packages/airflow/example_dags/example_trigger_controller_dag.py for tasks to queue
[2024-01-28T02:52:56.462+0000] {logging_mixin.py:188} INFO - [2024-01-28T02:52:56.462+0000] {dagbag.py:538} INFO - Filling up the DagBag from /home/airflow/.local/lib/python3.8/site-packages/airflow/example_dags/example_trigger_controller_dag.py
[2024-01-28T02:52:56.468+0000] {processor.py:840} INFO - DAG(s) 'example_trigger_controller_dag' retrieved from /home/airflow/.local/lib/python3.8/site-packages/airflow/example_dags/example_trigger_controller_dag.py
[2024-01-28T02:52:56.489+0000] {logging_mixin.py:188} INFO - [2024-01-28T02:52:56.489+0000] {dag.py:3036} INFO - Sync 1 DAGs
[2024-01-28T02:52:56.512+0000] {logging_mixin.py:188} INFO - [2024-01-28T02:52:56.512+0000] {dag.py:3823} INFO - Setting next_dagrun for example_trigger_controller_dag to 2021-01-01 00:00:00+00:00, run_after=2021-01-01 00:00:00+00:00
[2024-01-28T02:52:56.540+0000] {processor.py:183} INFO - Processing /home/airflow/.local/lib/python3.8/site-packages/airflow/example_dags/example_trigger_controller_dag.py took 0.085 seconds
[2024-01-28T02:53:26.620+0000] {processor.py:161} INFO - Started process (PID=7898) to work on /home/airflow/.local/lib/python3.8/site-packages/airflow/example_dags/example_trigger_controller_dag.py
[2024-01-28T02:53:26.622+0000] {processor.py:830} INFO - Processing file /home/airflow/.local/lib/python3.8/site-packages/airflow/example_dags/example_trigger_controller_dag.py for tasks to queue
[2024-01-28T02:53:26.623+0000] {logging_mixin.py:188} INFO - [2024-01-28T02:53:26.622+0000] {dagbag.py:538} INFO - Filling up the DagBag from /home/airflow/.local/lib/python3.8/site-packages/airflow/example_dags/example_trigger_controller_dag.py
[2024-01-28T02:53:26.628+0000] {processor.py:840} INFO - DAG(s) 'example_trigger_controller_dag' retrieved from /home/airflow/.local/lib/python3.8/site-packages/airflow/example_dags/example_trigger_controller_dag.py
[2024-01-28T02:53:26.653+0000] {logging_mixin.py:188} INFO - [2024-01-28T02:53:26.653+0000] {dag.py:3036} INFO - Sync 1 DAGs
[2024-01-28T02:53:26.672+0000] {logging_mixin.py:188} INFO - [2024-01-28T02:53:26.671+0000] {dag.py:3823} INFO - Setting next_dagrun for example_trigger_controller_dag to 2021-01-01 00:00:00+00:00, run_after=2021-01-01 00:00:00+00:00
[2024-01-28T02:53:26.693+0000] {processor.py:183} INFO - Processing /home/airflow/.local/lib/python3.8/site-packages/airflow/example_dags/example_trigger_controller_dag.py took 0.076 seconds
[2024-01-28T02:53:56.864+0000] {processor.py:161} INFO - Started process (PID=8209) to work on /home/airflow/.local/lib/python3.8/site-packages/airflow/example_dags/example_trigger_controller_dag.py
[2024-01-28T02:53:56.865+0000] {processor.py:830} INFO - Processing file /home/airflow/.local/lib/python3.8/site-packages/airflow/example_dags/example_trigger_controller_dag.py for tasks to queue
[2024-01-28T02:53:56.866+0000] {logging_mixin.py:188} INFO - [2024-01-28T02:53:56.866+0000] {dagbag.py:538} INFO - Filling up the DagBag from /home/airflow/.local/lib/python3.8/site-packages/airflow/example_dags/example_trigger_controller_dag.py
[2024-01-28T02:53:56.872+0000] {processor.py:840} INFO - DAG(s) 'example_trigger_controller_dag' retrieved from /home/airflow/.local/lib/python3.8/site-packages/airflow/example_dags/example_trigger_controller_dag.py
[2024-01-28T02:53:56.897+0000] {logging_mixin.py:188} INFO - [2024-01-28T02:53:56.897+0000] {dag.py:3036} INFO - Sync 1 DAGs
[2024-01-28T02:53:56.917+0000] {logging_mixin.py:188} INFO - [2024-01-28T02:53:56.916+0000] {dag.py:3823} INFO - Setting next_dagrun for example_trigger_controller_dag to 2021-01-01 00:00:00+00:00, run_after=2021-01-01 00:00:00+00:00
[2024-01-28T02:53:56.937+0000] {processor.py:183} INFO - Processing /home/airflow/.local/lib/python3.8/site-packages/airflow/example_dags/example_trigger_controller_dag.py took 0.076 seconds
[2024-01-28T02:54:27.136+0000] {processor.py:161} INFO - Started process (PID=8521) to work on /home/airflow/.local/lib/python3.8/site-packages/airflow/example_dags/example_trigger_controller_dag.py
[2024-01-28T02:54:27.137+0000] {processor.py:830} INFO - Processing file /home/airflow/.local/lib/python3.8/site-packages/airflow/example_dags/example_trigger_controller_dag.py for tasks to queue
[2024-01-28T02:54:27.138+0000] {logging_mixin.py:188} INFO - [2024-01-28T02:54:27.138+0000] {dagbag.py:538} INFO - Filling up the DagBag from /home/airflow/.local/lib/python3.8/site-packages/airflow/example_dags/example_trigger_controller_dag.py
[2024-01-28T02:54:27.144+0000] {processor.py:840} INFO - DAG(s) 'example_trigger_controller_dag' retrieved from /home/airflow/.local/lib/python3.8/site-packages/airflow/example_dags/example_trigger_controller_dag.py
[2024-01-28T02:54:27.160+0000] {logging_mixin.py:188} INFO - [2024-01-28T02:54:27.160+0000] {dag.py:3036} INFO - Sync 1 DAGs
[2024-01-28T02:54:27.180+0000] {logging_mixin.py:188} INFO - [2024-01-28T02:54:27.180+0000] {dag.py:3823} INFO - Setting next_dagrun for example_trigger_controller_dag to 2021-01-01 00:00:00+00:00, run_after=2021-01-01 00:00:00+00:00
[2024-01-28T02:54:27.201+0000] {processor.py:183} INFO - Processing /home/airflow/.local/lib/python3.8/site-packages/airflow/example_dags/example_trigger_controller_dag.py took 0.068 seconds
[2024-01-28T02:54:57.687+0000] {processor.py:161} INFO - Started process (PID=8830) to work on /home/airflow/.local/lib/python3.8/site-packages/airflow/example_dags/example_trigger_controller_dag.py
[2024-01-28T02:54:57.688+0000] {processor.py:830} INFO - Processing file /home/airflow/.local/lib/python3.8/site-packages/airflow/example_dags/example_trigger_controller_dag.py for tasks to queue
[2024-01-28T02:54:57.690+0000] {logging_mixin.py:188} INFO - [2024-01-28T02:54:57.689+0000] {dagbag.py:538} INFO - Filling up the DagBag from /home/airflow/.local/lib/python3.8/site-packages/airflow/example_dags/example_trigger_controller_dag.py
[2024-01-28T02:54:57.696+0000] {processor.py:840} INFO - DAG(s) 'example_trigger_controller_dag' retrieved from /home/airflow/.local/lib/python3.8/site-packages/airflow/example_dags/example_trigger_controller_dag.py
[2024-01-28T02:54:57.717+0000] {logging_mixin.py:188} INFO - [2024-01-28T02:54:57.717+0000] {dag.py:3036} INFO - Sync 1 DAGs
[2024-01-28T02:54:57.747+0000] {logging_mixin.py:188} INFO - [2024-01-28T02:54:57.746+0000] {dag.py:3823} INFO - Setting next_dagrun for example_trigger_controller_dag to 2021-01-01 00:00:00+00:00, run_after=2021-01-01 00:00:00+00:00
[2024-01-28T02:54:57.775+0000] {processor.py:183} INFO - Processing /home/airflow/.local/lib/python3.8/site-packages/airflow/example_dags/example_trigger_controller_dag.py took 0.092 seconds
[2024-01-28T02:55:36.925+0000] {processor.py:161} INFO - Started process (PID=9175) to work on /home/airflow/.local/lib/python3.8/site-packages/airflow/example_dags/example_trigger_controller_dag.py
[2024-01-28T02:55:36.927+0000] {processor.py:830} INFO - Processing file /home/airflow/.local/lib/python3.8/site-packages/airflow/example_dags/example_trigger_controller_dag.py for tasks to queue
[2024-01-28T02:55:36.929+0000] {logging_mixin.py:188} INFO - [2024-01-28T02:55:36.929+0000] {dagbag.py:538} INFO - Filling up the DagBag from /home/airflow/.local/lib/python3.8/site-packages/airflow/example_dags/example_trigger_controller_dag.py
[2024-01-28T02:55:36.937+0000] {processor.py:840} INFO - DAG(s) 'example_trigger_controller_dag' retrieved from /home/airflow/.local/lib/python3.8/site-packages/airflow/example_dags/example_trigger_controller_dag.py
[2024-01-28T02:55:36.965+0000] {logging_mixin.py:188} INFO - [2024-01-28T02:55:36.965+0000] {dag.py:3036} INFO - Sync 1 DAGs
[2024-01-28T02:55:36.992+0000] {logging_mixin.py:188} INFO - [2024-01-28T02:55:36.991+0000] {dag.py:3823} INFO - Setting next_dagrun for example_trigger_controller_dag to 2021-01-01 00:00:00+00:00, run_after=2021-01-01 00:00:00+00:00
[2024-01-28T02:55:37.025+0000] {processor.py:183} INFO - Processing /home/airflow/.local/lib/python3.8/site-packages/airflow/example_dags/example_trigger_controller_dag.py took 0.104 seconds
[2024-01-28T02:56:07.189+0000] {processor.py:161} INFO - Started process (PID=9485) to work on /home/airflow/.local/lib/python3.8/site-packages/airflow/example_dags/example_trigger_controller_dag.py
[2024-01-28T02:56:07.191+0000] {processor.py:830} INFO - Processing file /home/airflow/.local/lib/python3.8/site-packages/airflow/example_dags/example_trigger_controller_dag.py for tasks to queue
[2024-01-28T02:56:07.193+0000] {logging_mixin.py:188} INFO - [2024-01-28T02:56:07.191+0000] {dagbag.py:538} INFO - Filling up the DagBag from /home/airflow/.local/lib/python3.8/site-packages/airflow/example_dags/example_trigger_controller_dag.py
[2024-01-28T02:56:07.204+0000] {processor.py:840} INFO - DAG(s) 'example_trigger_controller_dag' retrieved from /home/airflow/.local/lib/python3.8/site-packages/airflow/example_dags/example_trigger_controller_dag.py
[2024-01-28T02:56:07.232+0000] {logging_mixin.py:188} INFO - [2024-01-28T02:56:07.232+0000] {dag.py:3036} INFO - Sync 1 DAGs
[2024-01-28T02:56:07.258+0000] {logging_mixin.py:188} INFO - [2024-01-28T02:56:07.257+0000] {dag.py:3823} INFO - Setting next_dagrun for example_trigger_controller_dag to 2021-01-01 00:00:00+00:00, run_after=2021-01-01 00:00:00+00:00
[2024-01-28T02:56:07.299+0000] {processor.py:183} INFO - Processing /home/airflow/.local/lib/python3.8/site-packages/airflow/example_dags/example_trigger_controller_dag.py took 0.113 seconds
[2024-01-28T02:56:38.171+0000] {processor.py:161} INFO - Started process (PID=9796) to work on /home/airflow/.local/lib/python3.8/site-packages/airflow/example_dags/example_trigger_controller_dag.py
[2024-01-28T02:56:38.172+0000] {processor.py:830} INFO - Processing file /home/airflow/.local/lib/python3.8/site-packages/airflow/example_dags/example_trigger_controller_dag.py for tasks to queue
[2024-01-28T02:56:38.173+0000] {logging_mixin.py:188} INFO - [2024-01-28T02:56:38.173+0000] {dagbag.py:538} INFO - Filling up the DagBag from /home/airflow/.local/lib/python3.8/site-packages/airflow/example_dags/example_trigger_controller_dag.py
[2024-01-28T02:56:38.179+0000] {processor.py:840} INFO - DAG(s) 'example_trigger_controller_dag' retrieved from /home/airflow/.local/lib/python3.8/site-packages/airflow/example_dags/example_trigger_controller_dag.py
[2024-01-28T02:56:38.200+0000] {logging_mixin.py:188} INFO - [2024-01-28T02:56:38.199+0000] {dag.py:3036} INFO - Sync 1 DAGs
[2024-01-28T02:56:38.222+0000] {logging_mixin.py:188} INFO - [2024-01-28T02:56:38.221+0000] {dag.py:3823} INFO - Setting next_dagrun for example_trigger_controller_dag to 2021-01-01 00:00:00+00:00, run_after=2021-01-01 00:00:00+00:00
[2024-01-28T02:56:38.247+0000] {processor.py:183} INFO - Processing /home/airflow/.local/lib/python3.8/site-packages/airflow/example_dags/example_trigger_controller_dag.py took 0.079 seconds
[2024-01-28T02:57:09.942+0000] {processor.py:161} INFO - Started process (PID=10115) to work on /home/airflow/.local/lib/python3.8/site-packages/airflow/example_dags/example_trigger_controller_dag.py
[2024-01-28T02:57:09.943+0000] {processor.py:830} INFO - Processing file /home/airflow/.local/lib/python3.8/site-packages/airflow/example_dags/example_trigger_controller_dag.py for tasks to queue
[2024-01-28T02:57:09.944+0000] {logging_mixin.py:188} INFO - [2024-01-28T02:57:09.943+0000] {dagbag.py:538} INFO - Filling up the DagBag from /home/airflow/.local/lib/python3.8/site-packages/airflow/example_dags/example_trigger_controller_dag.py
[2024-01-28T02:57:09.948+0000] {processor.py:840} INFO - DAG(s) 'example_trigger_controller_dag' retrieved from /home/airflow/.local/lib/python3.8/site-packages/airflow/example_dags/example_trigger_controller_dag.py
[2024-01-28T02:57:09.966+0000] {logging_mixin.py:188} INFO - [2024-01-28T02:57:09.965+0000] {dag.py:3036} INFO - Sync 1 DAGs
[2024-01-28T02:57:09.984+0000] {logging_mixin.py:188} INFO - [2024-01-28T02:57:09.984+0000] {dag.py:3823} INFO - Setting next_dagrun for example_trigger_controller_dag to 2021-01-01 00:00:00+00:00, run_after=2021-01-01 00:00:00+00:00
[2024-01-28T02:57:10.006+0000] {processor.py:183} INFO - Processing /home/airflow/.local/lib/python3.8/site-packages/airflow/example_dags/example_trigger_controller_dag.py took 0.067 seconds
[2024-01-28T02:57:41.800+0000] {processor.py:161} INFO - Started process (PID=10439) to work on /home/airflow/.local/lib/python3.8/site-packages/airflow/example_dags/example_trigger_controller_dag.py
[2024-01-28T02:57:41.801+0000] {processor.py:830} INFO - Processing file /home/airflow/.local/lib/python3.8/site-packages/airflow/example_dags/example_trigger_controller_dag.py for tasks to queue
[2024-01-28T02:57:41.803+0000] {logging_mixin.py:188} INFO - [2024-01-28T02:57:41.802+0000] {dagbag.py:538} INFO - Filling up the DagBag from /home/airflow/.local/lib/python3.8/site-packages/airflow/example_dags/example_trigger_controller_dag.py
[2024-01-28T02:57:41.810+0000] {processor.py:840} INFO - DAG(s) 'example_trigger_controller_dag' retrieved from /home/airflow/.local/lib/python3.8/site-packages/airflow/example_dags/example_trigger_controller_dag.py
[2024-01-28T02:57:41.846+0000] {logging_mixin.py:188} INFO - [2024-01-28T02:57:41.845+0000] {dag.py:3036} INFO - Sync 1 DAGs
[2024-01-28T02:57:41.879+0000] {logging_mixin.py:188} INFO - [2024-01-28T02:57:41.878+0000] {dag.py:3823} INFO - Setting next_dagrun for example_trigger_controller_dag to 2021-01-01 00:00:00+00:00, run_after=2021-01-01 00:00:00+00:00
[2024-01-28T02:57:41.905+0000] {processor.py:183} INFO - Processing /home/airflow/.local/lib/python3.8/site-packages/airflow/example_dags/example_trigger_controller_dag.py took 0.110 seconds
[2024-01-28T02:58:12.657+0000] {processor.py:161} INFO - Started process (PID=10747) to work on /home/airflow/.local/lib/python3.8/site-packages/airflow/example_dags/example_trigger_controller_dag.py
[2024-01-28T02:58:12.663+0000] {processor.py:830} INFO - Processing file /home/airflow/.local/lib/python3.8/site-packages/airflow/example_dags/example_trigger_controller_dag.py for tasks to queue
[2024-01-28T02:58:12.670+0000] {logging_mixin.py:188} INFO - [2024-01-28T02:58:12.670+0000] {dagbag.py:538} INFO - Filling up the DagBag from /home/airflow/.local/lib/python3.8/site-packages/airflow/example_dags/example_trigger_controller_dag.py
[2024-01-28T02:58:12.677+0000] {processor.py:840} INFO - DAG(s) 'example_trigger_controller_dag' retrieved from /home/airflow/.local/lib/python3.8/site-packages/airflow/example_dags/example_trigger_controller_dag.py
[2024-01-28T02:58:12.727+0000] {logging_mixin.py:188} INFO - [2024-01-28T02:58:12.727+0000] {dag.py:3036} INFO - Sync 1 DAGs
[2024-01-28T02:58:12.769+0000] {logging_mixin.py:188} INFO - [2024-01-28T02:58:12.769+0000] {dag.py:3823} INFO - Setting next_dagrun for example_trigger_controller_dag to 2021-01-01 00:00:00+00:00, run_after=2021-01-01 00:00:00+00:00
[2024-01-28T02:58:12.804+0000] {processor.py:183} INFO - Processing /home/airflow/.local/lib/python3.8/site-packages/airflow/example_dags/example_trigger_controller_dag.py took 0.151 seconds
