[2024-01-28T02:40:37.839+0000] {processor.py:161} INFO - Started process (PID=269) to work on /home/airflow/.local/lib/python3.8/site-packages/airflow/example_dags/tutorial_objectstorage.py
[2024-01-28T02:40:37.840+0000] {processor.py:830} INFO - Processing file /home/airflow/.local/lib/python3.8/site-packages/airflow/example_dags/tutorial_objectstorage.py for tasks to queue
[2024-01-28T02:40:37.842+0000] {logging_mixin.py:188} INFO - [2024-01-28T02:40:37.841+0000] {dagbag.py:538} INFO - Filling up the DagBag from /home/airflow/.local/lib/python3.8/site-packages/airflow/example_dags/tutorial_objectstorage.py
[2024-01-28T02:40:37.856+0000] {processor.py:840} INFO - DAG(s) 'tutorial_objectstorage' retrieved from /home/airflow/.local/lib/python3.8/site-packages/airflow/example_dags/tutorial_objectstorage.py
[2024-01-28T02:40:38.002+0000] {logging_mixin.py:188} INFO - [2024-01-28T02:40:38.002+0000] {dag.py:3036} INFO - Sync 1 DAGs
[2024-01-28T02:40:38.016+0000] {logging_mixin.py:188} INFO - [2024-01-28T02:40:38.016+0000] {dag.py:3823} INFO - Setting next_dagrun for tutorial_objectstorage to None, run_after=None
[2024-01-28T02:40:38.055+0000] {processor.py:183} INFO - Processing /home/airflow/.local/lib/python3.8/site-packages/airflow/example_dags/tutorial_objectstorage.py took 0.219 seconds
[2024-01-28T02:41:11.219+0000] {processor.py:161} INFO - Started process (PID=585) to work on /home/airflow/.local/lib/python3.8/site-packages/airflow/example_dags/tutorial_objectstorage.py
[2024-01-28T02:41:11.220+0000] {processor.py:830} INFO - Processing file /home/airflow/.local/lib/python3.8/site-packages/airflow/example_dags/tutorial_objectstorage.py for tasks to queue
[2024-01-28T02:41:11.222+0000] {logging_mixin.py:188} INFO - [2024-01-28T02:41:11.221+0000] {dagbag.py:538} INFO - Filling up the DagBag from /home/airflow/.local/lib/python3.8/site-packages/airflow/example_dags/tutorial_objectstorage.py
[2024-01-28T02:41:11.236+0000] {processor.py:840} INFO - DAG(s) 'tutorial_objectstorage' retrieved from /home/airflow/.local/lib/python3.8/site-packages/airflow/example_dags/tutorial_objectstorage.py
[2024-01-28T02:41:11.298+0000] {logging_mixin.py:188} INFO - [2024-01-28T02:41:11.297+0000] {dag.py:3036} INFO - Sync 1 DAGs
[2024-01-28T02:41:11.322+0000] {logging_mixin.py:188} INFO - [2024-01-28T02:41:11.322+0000] {dag.py:3823} INFO - Setting next_dagrun for tutorial_objectstorage to None, run_after=None
[2024-01-28T02:41:11.367+0000] {processor.py:183} INFO - Processing /home/airflow/.local/lib/python3.8/site-packages/airflow/example_dags/tutorial_objectstorage.py took 0.152 seconds
[2024-01-28T02:41:42.092+0000] {processor.py:161} INFO - Started process (PID=892) to work on /home/airflow/.local/lib/python3.8/site-packages/airflow/example_dags/tutorial_objectstorage.py
[2024-01-28T02:41:42.094+0000] {processor.py:830} INFO - Processing file /home/airflow/.local/lib/python3.8/site-packages/airflow/example_dags/tutorial_objectstorage.py for tasks to queue
[2024-01-28T02:41:42.094+0000] {logging_mixin.py:188} INFO - [2024-01-28T02:41:42.094+0000] {dagbag.py:538} INFO - Filling up the DagBag from /home/airflow/.local/lib/python3.8/site-packages/airflow/example_dags/tutorial_objectstorage.py
[2024-01-28T02:41:42.101+0000] {processor.py:840} INFO - DAG(s) 'tutorial_objectstorage' retrieved from /home/airflow/.local/lib/python3.8/site-packages/airflow/example_dags/tutorial_objectstorage.py
[2024-01-28T02:41:42.122+0000] {logging_mixin.py:188} INFO - [2024-01-28T02:41:42.122+0000] {dag.py:3036} INFO - Sync 1 DAGs
[2024-01-28T02:41:42.135+0000] {logging_mixin.py:188} INFO - [2024-01-28T02:41:42.134+0000] {dag.py:3823} INFO - Setting next_dagrun for tutorial_objectstorage to None, run_after=None
[2024-01-28T02:41:42.159+0000] {processor.py:183} INFO - Processing /home/airflow/.local/lib/python3.8/site-packages/airflow/example_dags/tutorial_objectstorage.py took 0.070 seconds
[2024-01-28T02:42:12.843+0000] {processor.py:161} INFO - Started process (PID=1196) to work on /home/airflow/.local/lib/python3.8/site-packages/airflow/example_dags/tutorial_objectstorage.py
[2024-01-28T02:42:12.845+0000] {processor.py:830} INFO - Processing file /home/airflow/.local/lib/python3.8/site-packages/airflow/example_dags/tutorial_objectstorage.py for tasks to queue
[2024-01-28T02:42:12.848+0000] {logging_mixin.py:188} INFO - [2024-01-28T02:42:12.848+0000] {dagbag.py:538} INFO - Filling up the DagBag from /home/airflow/.local/lib/python3.8/site-packages/airflow/example_dags/tutorial_objectstorage.py
[2024-01-28T02:42:12.876+0000] {processor.py:840} INFO - DAG(s) 'tutorial_objectstorage' retrieved from /home/airflow/.local/lib/python3.8/site-packages/airflow/example_dags/tutorial_objectstorage.py
[2024-01-28T02:42:12.917+0000] {logging_mixin.py:188} INFO - [2024-01-28T02:42:12.916+0000] {dag.py:3036} INFO - Sync 1 DAGs
[2024-01-28T02:42:12.935+0000] {logging_mixin.py:188} INFO - [2024-01-28T02:42:12.934+0000] {dag.py:3823} INFO - Setting next_dagrun for tutorial_objectstorage to None, run_after=None
[2024-01-28T02:42:12.959+0000] {processor.py:183} INFO - Processing /home/airflow/.local/lib/python3.8/site-packages/airflow/example_dags/tutorial_objectstorage.py took 0.120 seconds
[2024-01-28T02:42:43.140+0000] {processor.py:161} INFO - Started process (PID=1497) to work on /home/airflow/.local/lib/python3.8/site-packages/airflow/example_dags/tutorial_objectstorage.py
[2024-01-28T02:42:43.141+0000] {processor.py:830} INFO - Processing file /home/airflow/.local/lib/python3.8/site-packages/airflow/example_dags/tutorial_objectstorage.py for tasks to queue
[2024-01-28T02:42:43.143+0000] {logging_mixin.py:188} INFO - [2024-01-28T02:42:43.142+0000] {dagbag.py:538} INFO - Filling up the DagBag from /home/airflow/.local/lib/python3.8/site-packages/airflow/example_dags/tutorial_objectstorage.py
[2024-01-28T02:42:43.153+0000] {processor.py:840} INFO - DAG(s) 'tutorial_objectstorage' retrieved from /home/airflow/.local/lib/python3.8/site-packages/airflow/example_dags/tutorial_objectstorage.py
[2024-01-28T02:42:43.176+0000] {logging_mixin.py:188} INFO - [2024-01-28T02:42:43.176+0000] {dag.py:3036} INFO - Sync 1 DAGs
[2024-01-28T02:42:43.189+0000] {logging_mixin.py:188} INFO - [2024-01-28T02:42:43.189+0000] {dag.py:3823} INFO - Setting next_dagrun for tutorial_objectstorage to None, run_after=None
[2024-01-28T02:42:43.212+0000] {processor.py:183} INFO - Processing /home/airflow/.local/lib/python3.8/site-packages/airflow/example_dags/tutorial_objectstorage.py took 0.074 seconds
[2024-01-28T02:43:14.541+0000] {processor.py:161} INFO - Started process (PID=1808) to work on /home/airflow/.local/lib/python3.8/site-packages/airflow/example_dags/tutorial_objectstorage.py
[2024-01-28T02:43:14.543+0000] {processor.py:830} INFO - Processing file /home/airflow/.local/lib/python3.8/site-packages/airflow/example_dags/tutorial_objectstorage.py for tasks to queue
[2024-01-28T02:43:14.545+0000] {logging_mixin.py:188} INFO - [2024-01-28T02:43:14.544+0000] {dagbag.py:538} INFO - Filling up the DagBag from /home/airflow/.local/lib/python3.8/site-packages/airflow/example_dags/tutorial_objectstorage.py
[2024-01-28T02:43:14.558+0000] {processor.py:840} INFO - DAG(s) 'tutorial_objectstorage' retrieved from /home/airflow/.local/lib/python3.8/site-packages/airflow/example_dags/tutorial_objectstorage.py
[2024-01-28T02:43:14.636+0000] {logging_mixin.py:188} INFO - [2024-01-28T02:43:14.635+0000] {dag.py:3036} INFO - Sync 1 DAGs
[2024-01-28T02:43:14.698+0000] {logging_mixin.py:188} INFO - [2024-01-28T02:43:14.697+0000] {dag.py:3823} INFO - Setting next_dagrun for tutorial_objectstorage to None, run_after=None
[2024-01-28T02:43:14.749+0000] {processor.py:183} INFO - Processing /home/airflow/.local/lib/python3.8/site-packages/airflow/example_dags/tutorial_objectstorage.py took 0.213 seconds
[2024-01-28T02:43:45.535+0000] {processor.py:161} INFO - Started process (PID=2113) to work on /home/airflow/.local/lib/python3.8/site-packages/airflow/example_dags/tutorial_objectstorage.py
[2024-01-28T02:43:45.537+0000] {processor.py:830} INFO - Processing file /home/airflow/.local/lib/python3.8/site-packages/airflow/example_dags/tutorial_objectstorage.py for tasks to queue
[2024-01-28T02:43:45.538+0000] {logging_mixin.py:188} INFO - [2024-01-28T02:43:45.538+0000] {dagbag.py:538} INFO - Filling up the DagBag from /home/airflow/.local/lib/python3.8/site-packages/airflow/example_dags/tutorial_objectstorage.py
[2024-01-28T02:43:45.549+0000] {processor.py:840} INFO - DAG(s) 'tutorial_objectstorage' retrieved from /home/airflow/.local/lib/python3.8/site-packages/airflow/example_dags/tutorial_objectstorage.py
[2024-01-28T02:43:45.578+0000] {logging_mixin.py:188} INFO - [2024-01-28T02:43:45.578+0000] {dag.py:3036} INFO - Sync 1 DAGs
[2024-01-28T02:43:45.594+0000] {logging_mixin.py:188} INFO - [2024-01-28T02:43:45.594+0000] {dag.py:3823} INFO - Setting next_dagrun for tutorial_objectstorage to None, run_after=None
[2024-01-28T02:43:45.623+0000] {processor.py:183} INFO - Processing /home/airflow/.local/lib/python3.8/site-packages/airflow/example_dags/tutorial_objectstorage.py took 0.092 seconds
[2024-01-28T02:44:15.670+0000] {processor.py:161} INFO - Started process (PID=2419) to work on /home/airflow/.local/lib/python3.8/site-packages/airflow/example_dags/tutorial_objectstorage.py
[2024-01-28T02:44:15.672+0000] {processor.py:830} INFO - Processing file /home/airflow/.local/lib/python3.8/site-packages/airflow/example_dags/tutorial_objectstorage.py for tasks to queue
[2024-01-28T02:44:15.673+0000] {logging_mixin.py:188} INFO - [2024-01-28T02:44:15.673+0000] {dagbag.py:538} INFO - Filling up the DagBag from /home/airflow/.local/lib/python3.8/site-packages/airflow/example_dags/tutorial_objectstorage.py
[2024-01-28T02:44:15.683+0000] {processor.py:840} INFO - DAG(s) 'tutorial_objectstorage' retrieved from /home/airflow/.local/lib/python3.8/site-packages/airflow/example_dags/tutorial_objectstorage.py
[2024-01-28T02:44:15.712+0000] {logging_mixin.py:188} INFO - [2024-01-28T02:44:15.711+0000] {dag.py:3036} INFO - Sync 1 DAGs
[2024-01-28T02:44:15.727+0000] {logging_mixin.py:188} INFO - [2024-01-28T02:44:15.727+0000] {dag.py:3823} INFO - Setting next_dagrun for tutorial_objectstorage to None, run_after=None
[2024-01-28T02:44:15.753+0000] {processor.py:183} INFO - Processing /home/airflow/.local/lib/python3.8/site-packages/airflow/example_dags/tutorial_objectstorage.py took 0.087 seconds
[2024-01-28T02:44:46.307+0000] {processor.py:161} INFO - Started process (PID=2730) to work on /home/airflow/.local/lib/python3.8/site-packages/airflow/example_dags/tutorial_objectstorage.py
[2024-01-28T02:44:46.308+0000] {processor.py:830} INFO - Processing file /home/airflow/.local/lib/python3.8/site-packages/airflow/example_dags/tutorial_objectstorage.py for tasks to queue
[2024-01-28T02:44:46.310+0000] {logging_mixin.py:188} INFO - [2024-01-28T02:44:46.309+0000] {dagbag.py:538} INFO - Filling up the DagBag from /home/airflow/.local/lib/python3.8/site-packages/airflow/example_dags/tutorial_objectstorage.py
[2024-01-28T02:44:46.325+0000] {processor.py:840} INFO - DAG(s) 'tutorial_objectstorage' retrieved from /home/airflow/.local/lib/python3.8/site-packages/airflow/example_dags/tutorial_objectstorage.py
[2024-01-28T02:44:46.384+0000] {logging_mixin.py:188} INFO - [2024-01-28T02:44:46.384+0000] {dag.py:3036} INFO - Sync 1 DAGs
[2024-01-28T02:44:46.431+0000] {logging_mixin.py:188} INFO - [2024-01-28T02:44:46.430+0000] {dag.py:3823} INFO - Setting next_dagrun for tutorial_objectstorage to None, run_after=None
[2024-01-28T02:44:46.470+0000] {processor.py:183} INFO - Processing /home/airflow/.local/lib/python3.8/site-packages/airflow/example_dags/tutorial_objectstorage.py took 0.167 seconds
[2024-01-28T02:45:16.648+0000] {processor.py:161} INFO - Started process (PID=3041) to work on /home/airflow/.local/lib/python3.8/site-packages/airflow/example_dags/tutorial_objectstorage.py
[2024-01-28T02:45:16.650+0000] {processor.py:830} INFO - Processing file /home/airflow/.local/lib/python3.8/site-packages/airflow/example_dags/tutorial_objectstorage.py for tasks to queue
[2024-01-28T02:45:16.651+0000] {logging_mixin.py:188} INFO - [2024-01-28T02:45:16.651+0000] {dagbag.py:538} INFO - Filling up the DagBag from /home/airflow/.local/lib/python3.8/site-packages/airflow/example_dags/tutorial_objectstorage.py
[2024-01-28T02:45:16.661+0000] {processor.py:840} INFO - DAG(s) 'tutorial_objectstorage' retrieved from /home/airflow/.local/lib/python3.8/site-packages/airflow/example_dags/tutorial_objectstorage.py
[2024-01-28T02:45:16.691+0000] {logging_mixin.py:188} INFO - [2024-01-28T02:45:16.691+0000] {dag.py:3036} INFO - Sync 1 DAGs
[2024-01-28T02:45:16.707+0000] {logging_mixin.py:188} INFO - [2024-01-28T02:45:16.706+0000] {dag.py:3823} INFO - Setting next_dagrun for tutorial_objectstorage to None, run_after=None
[2024-01-28T02:45:16.730+0000] {processor.py:183} INFO - Processing /home/airflow/.local/lib/python3.8/site-packages/airflow/example_dags/tutorial_objectstorage.py took 0.085 seconds
[2024-01-28T02:45:47.030+0000] {processor.py:161} INFO - Started process (PID=3352) to work on /home/airflow/.local/lib/python3.8/site-packages/airflow/example_dags/tutorial_objectstorage.py
[2024-01-28T02:45:47.031+0000] {processor.py:830} INFO - Processing file /home/airflow/.local/lib/python3.8/site-packages/airflow/example_dags/tutorial_objectstorage.py for tasks to queue
[2024-01-28T02:45:47.032+0000] {logging_mixin.py:188} INFO - [2024-01-28T02:45:47.032+0000] {dagbag.py:538} INFO - Filling up the DagBag from /home/airflow/.local/lib/python3.8/site-packages/airflow/example_dags/tutorial_objectstorage.py
[2024-01-28T02:45:47.039+0000] {processor.py:840} INFO - DAG(s) 'tutorial_objectstorage' retrieved from /home/airflow/.local/lib/python3.8/site-packages/airflow/example_dags/tutorial_objectstorage.py
[2024-01-28T02:45:47.060+0000] {logging_mixin.py:188} INFO - [2024-01-28T02:45:47.060+0000] {dag.py:3036} INFO - Sync 1 DAGs
[2024-01-28T02:45:47.073+0000] {logging_mixin.py:188} INFO - [2024-01-28T02:45:47.073+0000] {dag.py:3823} INFO - Setting next_dagrun for tutorial_objectstorage to None, run_after=None
[2024-01-28T02:45:47.104+0000] {processor.py:183} INFO - Processing /home/airflow/.local/lib/python3.8/site-packages/airflow/example_dags/tutorial_objectstorage.py took 0.078 seconds
[2024-01-28T02:46:17.487+0000] {processor.py:161} INFO - Started process (PID=3663) to work on /home/airflow/.local/lib/python3.8/site-packages/airflow/example_dags/tutorial_objectstorage.py
[2024-01-28T02:46:17.488+0000] {processor.py:830} INFO - Processing file /home/airflow/.local/lib/python3.8/site-packages/airflow/example_dags/tutorial_objectstorage.py for tasks to queue
[2024-01-28T02:46:17.489+0000] {logging_mixin.py:188} INFO - [2024-01-28T02:46:17.489+0000] {dagbag.py:538} INFO - Filling up the DagBag from /home/airflow/.local/lib/python3.8/site-packages/airflow/example_dags/tutorial_objectstorage.py
[2024-01-28T02:46:17.499+0000] {processor.py:840} INFO - DAG(s) 'tutorial_objectstorage' retrieved from /home/airflow/.local/lib/python3.8/site-packages/airflow/example_dags/tutorial_objectstorage.py
[2024-01-28T02:46:17.529+0000] {logging_mixin.py:188} INFO - [2024-01-28T02:46:17.529+0000] {dag.py:3036} INFO - Sync 1 DAGs
[2024-01-28T02:46:17.549+0000] {logging_mixin.py:188} INFO - [2024-01-28T02:46:17.549+0000] {dag.py:3823} INFO - Setting next_dagrun for tutorial_objectstorage to None, run_after=None
[2024-01-28T02:46:17.579+0000] {processor.py:183} INFO - Processing /home/airflow/.local/lib/python3.8/site-packages/airflow/example_dags/tutorial_objectstorage.py took 0.096 seconds
[2024-01-28T02:46:48.269+0000] {processor.py:161} INFO - Started process (PID=3968) to work on /home/airflow/.local/lib/python3.8/site-packages/airflow/example_dags/tutorial_objectstorage.py
[2024-01-28T02:46:48.279+0000] {processor.py:830} INFO - Processing file /home/airflow/.local/lib/python3.8/site-packages/airflow/example_dags/tutorial_objectstorage.py for tasks to queue
[2024-01-28T02:46:48.281+0000] {logging_mixin.py:188} INFO - [2024-01-28T02:46:48.280+0000] {dagbag.py:538} INFO - Filling up the DagBag from /home/airflow/.local/lib/python3.8/site-packages/airflow/example_dags/tutorial_objectstorage.py
[2024-01-28T02:46:48.292+0000] {processor.py:840} INFO - DAG(s) 'tutorial_objectstorage' retrieved from /home/airflow/.local/lib/python3.8/site-packages/airflow/example_dags/tutorial_objectstorage.py
[2024-01-28T02:46:48.325+0000] {logging_mixin.py:188} INFO - [2024-01-28T02:46:48.324+0000] {dag.py:3036} INFO - Sync 1 DAGs
[2024-01-28T02:46:48.343+0000] {logging_mixin.py:188} INFO - [2024-01-28T02:46:48.343+0000] {dag.py:3823} INFO - Setting next_dagrun for tutorial_objectstorage to None, run_after=None
[2024-01-28T02:46:48.369+0000] {processor.py:183} INFO - Processing /home/airflow/.local/lib/python3.8/site-packages/airflow/example_dags/tutorial_objectstorage.py took 0.103 seconds
[2024-01-28T02:47:20.239+0000] {processor.py:161} INFO - Started process (PID=4239) to work on /home/airflow/.local/lib/python3.8/site-packages/airflow/example_dags/tutorial_objectstorage.py
[2024-01-28T02:47:20.241+0000] {processor.py:830} INFO - Processing file /home/airflow/.local/lib/python3.8/site-packages/airflow/example_dags/tutorial_objectstorage.py for tasks to queue
[2024-01-28T02:47:20.253+0000] {logging_mixin.py:188} INFO - [2024-01-28T02:47:20.252+0000] {dagbag.py:538} INFO - Filling up the DagBag from /home/airflow/.local/lib/python3.8/site-packages/airflow/example_dags/tutorial_objectstorage.py
[2024-01-28T02:47:20.285+0000] {processor.py:840} INFO - DAG(s) 'tutorial_objectstorage' retrieved from /home/airflow/.local/lib/python3.8/site-packages/airflow/example_dags/tutorial_objectstorage.py
[2024-01-28T02:47:20.347+0000] {logging_mixin.py:188} INFO - [2024-01-28T02:47:20.346+0000] {dag.py:3036} INFO - Sync 1 DAGs
[2024-01-28T02:47:20.413+0000] {logging_mixin.py:188} INFO - [2024-01-28T02:47:20.412+0000] {dag.py:3823} INFO - Setting next_dagrun for tutorial_objectstorage to None, run_after=None
[2024-01-28T02:47:20.485+0000] {processor.py:183} INFO - Processing /home/airflow/.local/lib/python3.8/site-packages/airflow/example_dags/tutorial_objectstorage.py took 0.251 seconds
[2024-01-28T02:47:50.836+0000] {processor.py:161} INFO - Started process (PID=4550) to work on /home/airflow/.local/lib/python3.8/site-packages/airflow/example_dags/tutorial_objectstorage.py
[2024-01-28T02:47:50.837+0000] {processor.py:830} INFO - Processing file /home/airflow/.local/lib/python3.8/site-packages/airflow/example_dags/tutorial_objectstorage.py for tasks to queue
[2024-01-28T02:47:50.839+0000] {logging_mixin.py:188} INFO - [2024-01-28T02:47:50.838+0000] {dagbag.py:538} INFO - Filling up the DagBag from /home/airflow/.local/lib/python3.8/site-packages/airflow/example_dags/tutorial_objectstorage.py
[2024-01-28T02:47:50.848+0000] {processor.py:840} INFO - DAG(s) 'tutorial_objectstorage' retrieved from /home/airflow/.local/lib/python3.8/site-packages/airflow/example_dags/tutorial_objectstorage.py
[2024-01-28T02:47:50.872+0000] {logging_mixin.py:188} INFO - [2024-01-28T02:47:50.871+0000] {dag.py:3036} INFO - Sync 1 DAGs
[2024-01-28T02:47:50.886+0000] {logging_mixin.py:188} INFO - [2024-01-28T02:47:50.886+0000] {dag.py:3823} INFO - Setting next_dagrun for tutorial_objectstorage to None, run_after=None
[2024-01-28T02:47:50.914+0000] {processor.py:183} INFO - Processing /home/airflow/.local/lib/python3.8/site-packages/airflow/example_dags/tutorial_objectstorage.py took 0.082 seconds
[2024-01-28T02:48:21.243+0000] {processor.py:161} INFO - Started process (PID=4860) to work on /home/airflow/.local/lib/python3.8/site-packages/airflow/example_dags/tutorial_objectstorage.py
[2024-01-28T02:48:21.244+0000] {processor.py:830} INFO - Processing file /home/airflow/.local/lib/python3.8/site-packages/airflow/example_dags/tutorial_objectstorage.py for tasks to queue
[2024-01-28T02:48:21.246+0000] {logging_mixin.py:188} INFO - [2024-01-28T02:48:21.245+0000] {dagbag.py:538} INFO - Filling up the DagBag from /home/airflow/.local/lib/python3.8/site-packages/airflow/example_dags/tutorial_objectstorage.py
[2024-01-28T02:48:21.254+0000] {processor.py:840} INFO - DAG(s) 'tutorial_objectstorage' retrieved from /home/airflow/.local/lib/python3.8/site-packages/airflow/example_dags/tutorial_objectstorage.py
[2024-01-28T02:48:21.274+0000] {logging_mixin.py:188} INFO - [2024-01-28T02:48:21.273+0000] {dag.py:3036} INFO - Sync 1 DAGs
[2024-01-28T02:48:21.287+0000] {logging_mixin.py:188} INFO - [2024-01-28T02:48:21.286+0000] {dag.py:3823} INFO - Setting next_dagrun for tutorial_objectstorage to None, run_after=None
[2024-01-28T02:48:21.313+0000] {processor.py:183} INFO - Processing /home/airflow/.local/lib/python3.8/site-packages/airflow/example_dags/tutorial_objectstorage.py took 0.074 seconds
[2024-01-28T02:48:52.346+0000] {processor.py:161} INFO - Started process (PID=5171) to work on /home/airflow/.local/lib/python3.8/site-packages/airflow/example_dags/tutorial_objectstorage.py
[2024-01-28T02:48:52.349+0000] {processor.py:830} INFO - Processing file /home/airflow/.local/lib/python3.8/site-packages/airflow/example_dags/tutorial_objectstorage.py for tasks to queue
[2024-01-28T02:48:52.351+0000] {logging_mixin.py:188} INFO - [2024-01-28T02:48:52.350+0000] {dagbag.py:538} INFO - Filling up the DagBag from /home/airflow/.local/lib/python3.8/site-packages/airflow/example_dags/tutorial_objectstorage.py
[2024-01-28T02:48:52.359+0000] {processor.py:840} INFO - DAG(s) 'tutorial_objectstorage' retrieved from /home/airflow/.local/lib/python3.8/site-packages/airflow/example_dags/tutorial_objectstorage.py
[2024-01-28T02:48:52.392+0000] {logging_mixin.py:188} INFO - [2024-01-28T02:48:52.392+0000] {dag.py:3036} INFO - Sync 1 DAGs
[2024-01-28T02:48:52.411+0000] {logging_mixin.py:188} INFO - [2024-01-28T02:48:52.410+0000] {dag.py:3823} INFO - Setting next_dagrun for tutorial_objectstorage to None, run_after=None
[2024-01-28T02:48:52.445+0000] {processor.py:183} INFO - Processing /home/airflow/.local/lib/python3.8/site-packages/airflow/example_dags/tutorial_objectstorage.py took 0.102 seconds
[2024-01-28T02:49:23.509+0000] {processor.py:161} INFO - Started process (PID=5487) to work on /home/airflow/.local/lib/python3.8/site-packages/airflow/example_dags/tutorial_objectstorage.py
[2024-01-28T02:49:23.511+0000] {processor.py:830} INFO - Processing file /home/airflow/.local/lib/python3.8/site-packages/airflow/example_dags/tutorial_objectstorage.py for tasks to queue
[2024-01-28T02:49:23.512+0000] {logging_mixin.py:188} INFO - [2024-01-28T02:49:23.512+0000] {dagbag.py:538} INFO - Filling up the DagBag from /home/airflow/.local/lib/python3.8/site-packages/airflow/example_dags/tutorial_objectstorage.py
[2024-01-28T02:49:23.520+0000] {processor.py:840} INFO - DAG(s) 'tutorial_objectstorage' retrieved from /home/airflow/.local/lib/python3.8/site-packages/airflow/example_dags/tutorial_objectstorage.py
[2024-01-28T02:49:23.543+0000] {logging_mixin.py:188} INFO - [2024-01-28T02:49:23.543+0000] {dag.py:3036} INFO - Sync 1 DAGs
[2024-01-28T02:49:23.555+0000] {logging_mixin.py:188} INFO - [2024-01-28T02:49:23.555+0000] {dag.py:3823} INFO - Setting next_dagrun for tutorial_objectstorage to None, run_after=None
[2024-01-28T02:49:23.585+0000] {processor.py:183} INFO - Processing /home/airflow/.local/lib/python3.8/site-packages/airflow/example_dags/tutorial_objectstorage.py took 0.080 seconds
[2024-01-28T02:49:53.876+0000] {processor.py:161} INFO - Started process (PID=5793) to work on /home/airflow/.local/lib/python3.8/site-packages/airflow/example_dags/tutorial_objectstorage.py
[2024-01-28T02:49:53.877+0000] {processor.py:830} INFO - Processing file /home/airflow/.local/lib/python3.8/site-packages/airflow/example_dags/tutorial_objectstorage.py for tasks to queue
[2024-01-28T02:49:53.879+0000] {logging_mixin.py:188} INFO - [2024-01-28T02:49:53.878+0000] {dagbag.py:538} INFO - Filling up the DagBag from /home/airflow/.local/lib/python3.8/site-packages/airflow/example_dags/tutorial_objectstorage.py
[2024-01-28T02:49:53.886+0000] {processor.py:840} INFO - DAG(s) 'tutorial_objectstorage' retrieved from /home/airflow/.local/lib/python3.8/site-packages/airflow/example_dags/tutorial_objectstorage.py
[2024-01-28T02:49:53.914+0000] {logging_mixin.py:188} INFO - [2024-01-28T02:49:53.913+0000] {dag.py:3036} INFO - Sync 1 DAGs
[2024-01-28T02:49:53.928+0000] {logging_mixin.py:188} INFO - [2024-01-28T02:49:53.927+0000] {dag.py:3823} INFO - Setting next_dagrun for tutorial_objectstorage to None, run_after=None
[2024-01-28T02:49:53.953+0000] {processor.py:183} INFO - Processing /home/airflow/.local/lib/python3.8/site-packages/airflow/example_dags/tutorial_objectstorage.py took 0.081 seconds
[2024-01-28T02:50:24.992+0000] {processor.py:161} INFO - Started process (PID=6094) to work on /home/airflow/.local/lib/python3.8/site-packages/airflow/example_dags/tutorial_objectstorage.py
[2024-01-28T02:50:24.993+0000] {processor.py:830} INFO - Processing file /home/airflow/.local/lib/python3.8/site-packages/airflow/example_dags/tutorial_objectstorage.py for tasks to queue
[2024-01-28T02:50:24.994+0000] {logging_mixin.py:188} INFO - [2024-01-28T02:50:24.994+0000] {dagbag.py:538} INFO - Filling up the DagBag from /home/airflow/.local/lib/python3.8/site-packages/airflow/example_dags/tutorial_objectstorage.py
[2024-01-28T02:50:25.002+0000] {processor.py:840} INFO - DAG(s) 'tutorial_objectstorage' retrieved from /home/airflow/.local/lib/python3.8/site-packages/airflow/example_dags/tutorial_objectstorage.py
[2024-01-28T02:50:25.024+0000] {logging_mixin.py:188} INFO - [2024-01-28T02:50:25.024+0000] {dag.py:3036} INFO - Sync 1 DAGs
[2024-01-28T02:50:25.037+0000] {logging_mixin.py:188} INFO - [2024-01-28T02:50:25.036+0000] {dag.py:3823} INFO - Setting next_dagrun for tutorial_objectstorage to None, run_after=None
[2024-01-28T02:50:25.061+0000] {processor.py:183} INFO - Processing /home/airflow/.local/lib/python3.8/site-packages/airflow/example_dags/tutorial_objectstorage.py took 0.073 seconds
[2024-01-28T02:50:55.515+0000] {processor.py:161} INFO - Started process (PID=6400) to work on /home/airflow/.local/lib/python3.8/site-packages/airflow/example_dags/tutorial_objectstorage.py
[2024-01-28T02:50:55.517+0000] {processor.py:830} INFO - Processing file /home/airflow/.local/lib/python3.8/site-packages/airflow/example_dags/tutorial_objectstorage.py for tasks to queue
[2024-01-28T02:50:55.518+0000] {logging_mixin.py:188} INFO - [2024-01-28T02:50:55.517+0000] {dagbag.py:538} INFO - Filling up the DagBag from /home/airflow/.local/lib/python3.8/site-packages/airflow/example_dags/tutorial_objectstorage.py
[2024-01-28T02:50:55.524+0000] {processor.py:840} INFO - DAG(s) 'tutorial_objectstorage' retrieved from /home/airflow/.local/lib/python3.8/site-packages/airflow/example_dags/tutorial_objectstorage.py
[2024-01-28T02:50:55.543+0000] {logging_mixin.py:188} INFO - [2024-01-28T02:50:55.543+0000] {dag.py:3036} INFO - Sync 1 DAGs
[2024-01-28T02:50:55.555+0000] {logging_mixin.py:188} INFO - [2024-01-28T02:50:55.555+0000] {dag.py:3823} INFO - Setting next_dagrun for tutorial_objectstorage to None, run_after=None
[2024-01-28T02:50:55.730+0000] {processor.py:183} INFO - Processing /home/airflow/.local/lib/python3.8/site-packages/airflow/example_dags/tutorial_objectstorage.py took 0.217 seconds
[2024-01-28T02:51:26.217+0000] {processor.py:161} INFO - Started process (PID=6710) to work on /home/airflow/.local/lib/python3.8/site-packages/airflow/example_dags/tutorial_objectstorage.py
[2024-01-28T02:51:26.219+0000] {processor.py:830} INFO - Processing file /home/airflow/.local/lib/python3.8/site-packages/airflow/example_dags/tutorial_objectstorage.py for tasks to queue
[2024-01-28T02:51:26.220+0000] {logging_mixin.py:188} INFO - [2024-01-28T02:51:26.219+0000] {dagbag.py:538} INFO - Filling up the DagBag from /home/airflow/.local/lib/python3.8/site-packages/airflow/example_dags/tutorial_objectstorage.py
[2024-01-28T02:51:26.227+0000] {processor.py:840} INFO - DAG(s) 'tutorial_objectstorage' retrieved from /home/airflow/.local/lib/python3.8/site-packages/airflow/example_dags/tutorial_objectstorage.py
[2024-01-28T02:51:26.246+0000] {logging_mixin.py:188} INFO - [2024-01-28T02:51:26.246+0000] {dag.py:3036} INFO - Sync 1 DAGs
[2024-01-28T02:51:26.257+0000] {logging_mixin.py:188} INFO - [2024-01-28T02:51:26.257+0000] {dag.py:3823} INFO - Setting next_dagrun for tutorial_objectstorage to None, run_after=None
[2024-01-28T02:51:26.279+0000] {processor.py:183} INFO - Processing /home/airflow/.local/lib/python3.8/site-packages/airflow/example_dags/tutorial_objectstorage.py took 0.065 seconds
[2024-01-28T02:51:56.609+0000] {processor.py:161} INFO - Started process (PID=7021) to work on /home/airflow/.local/lib/python3.8/site-packages/airflow/example_dags/tutorial_objectstorage.py
[2024-01-28T02:51:56.610+0000] {processor.py:830} INFO - Processing file /home/airflow/.local/lib/python3.8/site-packages/airflow/example_dags/tutorial_objectstorage.py for tasks to queue
[2024-01-28T02:51:56.611+0000] {logging_mixin.py:188} INFO - [2024-01-28T02:51:56.611+0000] {dagbag.py:538} INFO - Filling up the DagBag from /home/airflow/.local/lib/python3.8/site-packages/airflow/example_dags/tutorial_objectstorage.py
[2024-01-28T02:51:56.618+0000] {processor.py:840} INFO - DAG(s) 'tutorial_objectstorage' retrieved from /home/airflow/.local/lib/python3.8/site-packages/airflow/example_dags/tutorial_objectstorage.py
[2024-01-28T02:51:56.638+0000] {logging_mixin.py:188} INFO - [2024-01-28T02:51:56.638+0000] {dag.py:3036} INFO - Sync 1 DAGs
[2024-01-28T02:51:56.652+0000] {logging_mixin.py:188} INFO - [2024-01-28T02:51:56.652+0000] {dag.py:3823} INFO - Setting next_dagrun for tutorial_objectstorage to None, run_after=None
[2024-01-28T02:51:56.678+0000] {processor.py:183} INFO - Processing /home/airflow/.local/lib/python3.8/site-packages/airflow/example_dags/tutorial_objectstorage.py took 0.072 seconds
[2024-01-28T02:52:28.434+0000] {processor.py:161} INFO - Started process (PID=7332) to work on /home/airflow/.local/lib/python3.8/site-packages/airflow/example_dags/tutorial_objectstorage.py
[2024-01-28T02:52:28.442+0000] {processor.py:830} INFO - Processing file /home/airflow/.local/lib/python3.8/site-packages/airflow/example_dags/tutorial_objectstorage.py for tasks to queue
[2024-01-28T02:52:28.443+0000] {logging_mixin.py:188} INFO - [2024-01-28T02:52:28.443+0000] {dagbag.py:538} INFO - Filling up the DagBag from /home/airflow/.local/lib/python3.8/site-packages/airflow/example_dags/tutorial_objectstorage.py
[2024-01-28T02:52:28.455+0000] {processor.py:840} INFO - DAG(s) 'tutorial_objectstorage' retrieved from /home/airflow/.local/lib/python3.8/site-packages/airflow/example_dags/tutorial_objectstorage.py
[2024-01-28T02:52:28.483+0000] {logging_mixin.py:188} INFO - [2024-01-28T02:52:28.482+0000] {dag.py:3036} INFO - Sync 1 DAGs
[2024-01-28T02:52:28.498+0000] {logging_mixin.py:188} INFO - [2024-01-28T02:52:28.498+0000] {dag.py:3823} INFO - Setting next_dagrun for tutorial_objectstorage to None, run_after=None
[2024-01-28T02:52:28.799+0000] {processor.py:183} INFO - Processing /home/airflow/.local/lib/python3.8/site-packages/airflow/example_dags/tutorial_objectstorage.py took 0.369 seconds
[2024-01-28T02:52:58.927+0000] {processor.py:161} INFO - Started process (PID=7643) to work on /home/airflow/.local/lib/python3.8/site-packages/airflow/example_dags/tutorial_objectstorage.py
[2024-01-28T02:52:58.928+0000] {processor.py:830} INFO - Processing file /home/airflow/.local/lib/python3.8/site-packages/airflow/example_dags/tutorial_objectstorage.py for tasks to queue
[2024-01-28T02:52:58.929+0000] {logging_mixin.py:188} INFO - [2024-01-28T02:52:58.929+0000] {dagbag.py:538} INFO - Filling up the DagBag from /home/airflow/.local/lib/python3.8/site-packages/airflow/example_dags/tutorial_objectstorage.py
[2024-01-28T02:52:58.938+0000] {processor.py:840} INFO - DAG(s) 'tutorial_objectstorage' retrieved from /home/airflow/.local/lib/python3.8/site-packages/airflow/example_dags/tutorial_objectstorage.py
[2024-01-28T02:52:58.963+0000] {logging_mixin.py:188} INFO - [2024-01-28T02:52:58.962+0000] {dag.py:3036} INFO - Sync 1 DAGs
[2024-01-28T02:52:58.978+0000] {logging_mixin.py:188} INFO - [2024-01-28T02:52:58.978+0000] {dag.py:3823} INFO - Setting next_dagrun for tutorial_objectstorage to None, run_after=None
[2024-01-28T02:52:59.004+0000] {processor.py:183} INFO - Processing /home/airflow/.local/lib/python3.8/site-packages/airflow/example_dags/tutorial_objectstorage.py took 0.080 seconds
[2024-01-28T02:53:29.222+0000] {processor.py:161} INFO - Started process (PID=7949) to work on /home/airflow/.local/lib/python3.8/site-packages/airflow/example_dags/tutorial_objectstorage.py
[2024-01-28T02:53:29.223+0000] {processor.py:830} INFO - Processing file /home/airflow/.local/lib/python3.8/site-packages/airflow/example_dags/tutorial_objectstorage.py for tasks to queue
[2024-01-28T02:53:29.224+0000] {logging_mixin.py:188} INFO - [2024-01-28T02:53:29.224+0000] {dagbag.py:538} INFO - Filling up the DagBag from /home/airflow/.local/lib/python3.8/site-packages/airflow/example_dags/tutorial_objectstorage.py
[2024-01-28T02:53:29.232+0000] {processor.py:840} INFO - DAG(s) 'tutorial_objectstorage' retrieved from /home/airflow/.local/lib/python3.8/site-packages/airflow/example_dags/tutorial_objectstorage.py
[2024-01-28T02:53:29.253+0000] {logging_mixin.py:188} INFO - [2024-01-28T02:53:29.253+0000] {dag.py:3036} INFO - Sync 1 DAGs
[2024-01-28T02:53:29.271+0000] {logging_mixin.py:188} INFO - [2024-01-28T02:53:29.271+0000] {dag.py:3823} INFO - Setting next_dagrun for tutorial_objectstorage to None, run_after=None
[2024-01-28T02:53:29.298+0000] {processor.py:183} INFO - Processing /home/airflow/.local/lib/python3.8/site-packages/airflow/example_dags/tutorial_objectstorage.py took 0.079 seconds
[2024-01-28T02:53:59.668+0000] {processor.py:161} INFO - Started process (PID=8261) to work on /home/airflow/.local/lib/python3.8/site-packages/airflow/example_dags/tutorial_objectstorage.py
[2024-01-28T02:53:59.669+0000] {processor.py:830} INFO - Processing file /home/airflow/.local/lib/python3.8/site-packages/airflow/example_dags/tutorial_objectstorage.py for tasks to queue
[2024-01-28T02:53:59.670+0000] {logging_mixin.py:188} INFO - [2024-01-28T02:53:59.670+0000] {dagbag.py:538} INFO - Filling up the DagBag from /home/airflow/.local/lib/python3.8/site-packages/airflow/example_dags/tutorial_objectstorage.py
[2024-01-28T02:53:59.678+0000] {processor.py:840} INFO - DAG(s) 'tutorial_objectstorage' retrieved from /home/airflow/.local/lib/python3.8/site-packages/airflow/example_dags/tutorial_objectstorage.py
[2024-01-28T02:53:59.697+0000] {logging_mixin.py:188} INFO - [2024-01-28T02:53:59.696+0000] {dag.py:3036} INFO - Sync 1 DAGs
[2024-01-28T02:53:59.708+0000] {logging_mixin.py:188} INFO - [2024-01-28T02:53:59.708+0000] {dag.py:3823} INFO - Setting next_dagrun for tutorial_objectstorage to None, run_after=None
[2024-01-28T02:53:59.731+0000] {processor.py:183} INFO - Processing /home/airflow/.local/lib/python3.8/site-packages/airflow/example_dags/tutorial_objectstorage.py took 0.066 seconds
[2024-01-28T02:54:29.820+0000] {processor.py:161} INFO - Started process (PID=8566) to work on /home/airflow/.local/lib/python3.8/site-packages/airflow/example_dags/tutorial_objectstorage.py
[2024-01-28T02:54:29.821+0000] {processor.py:830} INFO - Processing file /home/airflow/.local/lib/python3.8/site-packages/airflow/example_dags/tutorial_objectstorage.py for tasks to queue
[2024-01-28T02:54:29.822+0000] {logging_mixin.py:188} INFO - [2024-01-28T02:54:29.822+0000] {dagbag.py:538} INFO - Filling up the DagBag from /home/airflow/.local/lib/python3.8/site-packages/airflow/example_dags/tutorial_objectstorage.py
[2024-01-28T02:54:29.829+0000] {processor.py:840} INFO - DAG(s) 'tutorial_objectstorage' retrieved from /home/airflow/.local/lib/python3.8/site-packages/airflow/example_dags/tutorial_objectstorage.py
[2024-01-28T02:54:29.849+0000] {logging_mixin.py:188} INFO - [2024-01-28T02:54:29.849+0000] {dag.py:3036} INFO - Sync 1 DAGs
[2024-01-28T02:54:29.860+0000] {logging_mixin.py:188} INFO - [2024-01-28T02:54:29.860+0000] {dag.py:3823} INFO - Setting next_dagrun for tutorial_objectstorage to None, run_after=None
[2024-01-28T02:54:29.882+0000] {processor.py:183} INFO - Processing /home/airflow/.local/lib/python3.8/site-packages/airflow/example_dags/tutorial_objectstorage.py took 0.065 seconds
[2024-01-28T02:55:00.175+0000] {processor.py:161} INFO - Started process (PID=8875) to work on /home/airflow/.local/lib/python3.8/site-packages/airflow/example_dags/tutorial_objectstorage.py
[2024-01-28T02:55:00.177+0000] {processor.py:830} INFO - Processing file /home/airflow/.local/lib/python3.8/site-packages/airflow/example_dags/tutorial_objectstorage.py for tasks to queue
[2024-01-28T02:55:00.178+0000] {logging_mixin.py:188} INFO - [2024-01-28T02:55:00.178+0000] {dagbag.py:538} INFO - Filling up the DagBag from /home/airflow/.local/lib/python3.8/site-packages/airflow/example_dags/tutorial_objectstorage.py
[2024-01-28T02:55:00.189+0000] {processor.py:840} INFO - DAG(s) 'tutorial_objectstorage' retrieved from /home/airflow/.local/lib/python3.8/site-packages/airflow/example_dags/tutorial_objectstorage.py
[2024-01-28T02:55:00.211+0000] {logging_mixin.py:188} INFO - [2024-01-28T02:55:00.211+0000] {dag.py:3036} INFO - Sync 1 DAGs
[2024-01-28T02:55:00.225+0000] {logging_mixin.py:188} INFO - [2024-01-28T02:55:00.225+0000] {dag.py:3823} INFO - Setting next_dagrun for tutorial_objectstorage to None, run_after=None
[2024-01-28T02:55:00.251+0000] {processor.py:183} INFO - Processing /home/airflow/.local/lib/python3.8/site-packages/airflow/example_dags/tutorial_objectstorage.py took 0.079 seconds
[2024-01-28T02:55:34.402+0000] {processor.py:161} INFO - Started process (PID=9060) to work on /home/airflow/.local/lib/python3.8/site-packages/airflow/example_dags/tutorial_objectstorage.py
[2024-01-28T02:55:34.414+0000] {processor.py:830} INFO - Processing file /home/airflow/.local/lib/python3.8/site-packages/airflow/example_dags/tutorial_objectstorage.py for tasks to queue
[2024-01-28T02:55:34.415+0000] {logging_mixin.py:188} INFO - [2024-01-28T02:55:34.415+0000] {dagbag.py:538} INFO - Filling up the DagBag from /home/airflow/.local/lib/python3.8/site-packages/airflow/example_dags/tutorial_objectstorage.py
[2024-01-28T02:55:34.452+0000] {processor.py:840} INFO - DAG(s) 'tutorial_objectstorage' retrieved from /home/airflow/.local/lib/python3.8/site-packages/airflow/example_dags/tutorial_objectstorage.py
[2024-01-28T02:55:34.513+0000] {logging_mixin.py:188} INFO - [2024-01-28T02:55:34.512+0000] {dag.py:3036} INFO - Sync 1 DAGs
[2024-01-28T02:55:34.543+0000] {logging_mixin.py:188} INFO - [2024-01-28T02:55:34.535+0000] {dag.py:3823} INFO - Setting next_dagrun for tutorial_objectstorage to None, run_after=None
[2024-01-28T02:55:34.646+0000] {processor.py:183} INFO - Processing /home/airflow/.local/lib/python3.8/site-packages/airflow/example_dags/tutorial_objectstorage.py took 0.248 seconds
[2024-01-28T02:56:05.332+0000] {processor.py:161} INFO - Started process (PID=9370) to work on /home/airflow/.local/lib/python3.8/site-packages/airflow/example_dags/tutorial_objectstorage.py
[2024-01-28T02:56:05.333+0000] {processor.py:830} INFO - Processing file /home/airflow/.local/lib/python3.8/site-packages/airflow/example_dags/tutorial_objectstorage.py for tasks to queue
[2024-01-28T02:56:05.334+0000] {logging_mixin.py:188} INFO - [2024-01-28T02:56:05.333+0000] {dagbag.py:538} INFO - Filling up the DagBag from /home/airflow/.local/lib/python3.8/site-packages/airflow/example_dags/tutorial_objectstorage.py
[2024-01-28T02:56:05.342+0000] {processor.py:840} INFO - DAG(s) 'tutorial_objectstorage' retrieved from /home/airflow/.local/lib/python3.8/site-packages/airflow/example_dags/tutorial_objectstorage.py
[2024-01-28T02:56:05.361+0000] {logging_mixin.py:188} INFO - [2024-01-28T02:56:05.361+0000] {dag.py:3036} INFO - Sync 1 DAGs
[2024-01-28T02:56:05.373+0000] {logging_mixin.py:188} INFO - [2024-01-28T02:56:05.373+0000] {dag.py:3823} INFO - Setting next_dagrun for tutorial_objectstorage to None, run_after=None
[2024-01-28T02:56:05.399+0000] {processor.py:183} INFO - Processing /home/airflow/.local/lib/python3.8/site-packages/airflow/example_dags/tutorial_objectstorage.py took 0.071 seconds
[2024-01-28T02:56:36.400+0000] {processor.py:161} INFO - Started process (PID=9678) to work on /home/airflow/.local/lib/python3.8/site-packages/airflow/example_dags/tutorial_objectstorage.py
[2024-01-28T02:56:36.401+0000] {processor.py:830} INFO - Processing file /home/airflow/.local/lib/python3.8/site-packages/airflow/example_dags/tutorial_objectstorage.py for tasks to queue
[2024-01-28T02:56:36.402+0000] {logging_mixin.py:188} INFO - [2024-01-28T02:56:36.402+0000] {dagbag.py:538} INFO - Filling up the DagBag from /home/airflow/.local/lib/python3.8/site-packages/airflow/example_dags/tutorial_objectstorage.py
[2024-01-28T02:56:36.409+0000] {processor.py:840} INFO - DAG(s) 'tutorial_objectstorage' retrieved from /home/airflow/.local/lib/python3.8/site-packages/airflow/example_dags/tutorial_objectstorage.py
[2024-01-28T02:56:36.433+0000] {logging_mixin.py:188} INFO - [2024-01-28T02:56:36.433+0000] {dag.py:3036} INFO - Sync 1 DAGs
[2024-01-28T02:56:36.448+0000] {logging_mixin.py:188} INFO - [2024-01-28T02:56:36.448+0000] {dag.py:3823} INFO - Setting next_dagrun for tutorial_objectstorage to None, run_after=None
[2024-01-28T02:56:36.474+0000] {processor.py:183} INFO - Processing /home/airflow/.local/lib/python3.8/site-packages/airflow/example_dags/tutorial_objectstorage.py took 0.077 seconds
[2024-01-28T02:57:06.531+0000] {processor.py:161} INFO - Started process (PID=9984) to work on /home/airflow/.local/lib/python3.8/site-packages/airflow/example_dags/tutorial_objectstorage.py
[2024-01-28T02:57:06.532+0000] {processor.py:830} INFO - Processing file /home/airflow/.local/lib/python3.8/site-packages/airflow/example_dags/tutorial_objectstorage.py for tasks to queue
[2024-01-28T02:57:06.533+0000] {logging_mixin.py:188} INFO - [2024-01-28T02:57:06.533+0000] {dagbag.py:538} INFO - Filling up the DagBag from /home/airflow/.local/lib/python3.8/site-packages/airflow/example_dags/tutorial_objectstorage.py
[2024-01-28T02:57:06.540+0000] {processor.py:840} INFO - DAG(s) 'tutorial_objectstorage' retrieved from /home/airflow/.local/lib/python3.8/site-packages/airflow/example_dags/tutorial_objectstorage.py
[2024-01-28T02:57:06.559+0000] {logging_mixin.py:188} INFO - [2024-01-28T02:57:06.558+0000] {dag.py:3036} INFO - Sync 1 DAGs
[2024-01-28T02:57:06.570+0000] {logging_mixin.py:188} INFO - [2024-01-28T02:57:06.569+0000] {dag.py:3823} INFO - Setting next_dagrun for tutorial_objectstorage to None, run_after=None
[2024-01-28T02:57:06.593+0000] {processor.py:183} INFO - Processing /home/airflow/.local/lib/python3.8/site-packages/airflow/example_dags/tutorial_objectstorage.py took 0.065 seconds
[2024-01-28T02:57:36.897+0000] {processor.py:161} INFO - Started process (PID=10293) to work on /home/airflow/.local/lib/python3.8/site-packages/airflow/example_dags/tutorial_objectstorage.py
[2024-01-28T02:57:36.899+0000] {processor.py:830} INFO - Processing file /home/airflow/.local/lib/python3.8/site-packages/airflow/example_dags/tutorial_objectstorage.py for tasks to queue
[2024-01-28T02:57:36.900+0000] {logging_mixin.py:188} INFO - [2024-01-28T02:57:36.899+0000] {dagbag.py:538} INFO - Filling up the DagBag from /home/airflow/.local/lib/python3.8/site-packages/airflow/example_dags/tutorial_objectstorage.py
[2024-01-28T02:57:36.907+0000] {processor.py:840} INFO - DAG(s) 'tutorial_objectstorage' retrieved from /home/airflow/.local/lib/python3.8/site-packages/airflow/example_dags/tutorial_objectstorage.py
[2024-01-28T02:57:36.927+0000] {logging_mixin.py:188} INFO - [2024-01-28T02:57:36.927+0000] {dag.py:3036} INFO - Sync 1 DAGs
[2024-01-28T02:57:36.944+0000] {logging_mixin.py:188} INFO - [2024-01-28T02:57:36.943+0000] {dag.py:3823} INFO - Setting next_dagrun for tutorial_objectstorage to None, run_after=None
[2024-01-28T02:57:36.964+0000] {processor.py:183} INFO - Processing /home/airflow/.local/lib/python3.8/site-packages/airflow/example_dags/tutorial_objectstorage.py took 0.070 seconds
[2024-01-28T02:58:08.533+0000] {processor.py:161} INFO - Started process (PID=10606) to work on /home/airflow/.local/lib/python3.8/site-packages/airflow/example_dags/tutorial_objectstorage.py
[2024-01-28T02:58:08.539+0000] {processor.py:830} INFO - Processing file /home/airflow/.local/lib/python3.8/site-packages/airflow/example_dags/tutorial_objectstorage.py for tasks to queue
[2024-01-28T02:58:08.541+0000] {logging_mixin.py:188} INFO - [2024-01-28T02:58:08.541+0000] {dagbag.py:538} INFO - Filling up the DagBag from /home/airflow/.local/lib/python3.8/site-packages/airflow/example_dags/tutorial_objectstorage.py
[2024-01-28T02:58:08.554+0000] {processor.py:840} INFO - DAG(s) 'tutorial_objectstorage' retrieved from /home/airflow/.local/lib/python3.8/site-packages/airflow/example_dags/tutorial_objectstorage.py
[2024-01-28T02:58:08.597+0000] {logging_mixin.py:188} INFO - [2024-01-28T02:58:08.596+0000] {dag.py:3036} INFO - Sync 1 DAGs
[2024-01-28T02:58:08.630+0000] {logging_mixin.py:188} INFO - [2024-01-28T02:58:08.630+0000] {dag.py:3823} INFO - Setting next_dagrun for tutorial_objectstorage to None, run_after=None
[2024-01-28T02:58:08.671+0000] {processor.py:183} INFO - Processing /home/airflow/.local/lib/python3.8/site-packages/airflow/example_dags/tutorial_objectstorage.py took 0.142 seconds
