[2024-01-28T02:40:43.415+0000] {processor.py:161} INFO - Started process (PID=362) to work on /home/airflow/.local/lib/python3.8/site-packages/airflow/example_dags/tutorial_taskflow_api.py
[2024-01-28T02:40:43.417+0000] {processor.py:830} INFO - Processing file /home/airflow/.local/lib/python3.8/site-packages/airflow/example_dags/tutorial_taskflow_api.py for tasks to queue
[2024-01-28T02:40:43.418+0000] {logging_mixin.py:188} INFO - [2024-01-28T02:40:43.418+0000] {dagbag.py:538} INFO - Filling up the DagBag from /home/airflow/.local/lib/python3.8/site-packages/airflow/example_dags/tutorial_taskflow_api.py
[2024-01-28T02:40:43.429+0000] {processor.py:840} INFO - DAG(s) 'tutorial_taskflow_api' retrieved from /home/airflow/.local/lib/python3.8/site-packages/airflow/example_dags/tutorial_taskflow_api.py
[2024-01-28T02:40:43.639+0000] {logging_mixin.py:188} INFO - [2024-01-28T02:40:43.638+0000] {dag.py:3036} INFO - Sync 1 DAGs
[2024-01-28T02:40:43.663+0000] {logging_mixin.py:188} INFO - [2024-01-28T02:40:43.663+0000] {dag.py:3823} INFO - Setting next_dagrun for tutorial_taskflow_api to None, run_after=None
[2024-01-28T02:40:45.194+0000] {processor.py:183} INFO - Processing /home/airflow/.local/lib/python3.8/site-packages/airflow/example_dags/tutorial_taskflow_api.py took 1.786 seconds
[2024-01-28T02:41:18.016+0000] {processor.py:161} INFO - Started process (PID=670) to work on /home/airflow/.local/lib/python3.8/site-packages/airflow/example_dags/tutorial_taskflow_api.py
[2024-01-28T02:41:18.027+0000] {processor.py:830} INFO - Processing file /home/airflow/.local/lib/python3.8/site-packages/airflow/example_dags/tutorial_taskflow_api.py for tasks to queue
[2024-01-28T02:41:18.030+0000] {logging_mixin.py:188} INFO - [2024-01-28T02:41:18.029+0000] {dagbag.py:538} INFO - Filling up the DagBag from /home/airflow/.local/lib/python3.8/site-packages/airflow/example_dags/tutorial_taskflow_api.py
[2024-01-28T02:41:18.050+0000] {processor.py:840} INFO - DAG(s) 'tutorial_taskflow_api' retrieved from /home/airflow/.local/lib/python3.8/site-packages/airflow/example_dags/tutorial_taskflow_api.py
[2024-01-28T02:41:18.086+0000] {logging_mixin.py:188} INFO - [2024-01-28T02:41:18.086+0000] {dag.py:3036} INFO - Sync 1 DAGs
[2024-01-28T02:41:18.105+0000] {logging_mixin.py:188} INFO - [2024-01-28T02:41:18.104+0000] {dag.py:3823} INFO - Setting next_dagrun for tutorial_taskflow_api to None, run_after=None
[2024-01-28T02:41:19.999+0000] {processor.py:183} INFO - Processing /home/airflow/.local/lib/python3.8/site-packages/airflow/example_dags/tutorial_taskflow_api.py took 1.987 seconds
[2024-01-28T02:41:50.069+0000] {processor.py:161} INFO - Started process (PID=981) to work on /home/airflow/.local/lib/python3.8/site-packages/airflow/example_dags/tutorial_taskflow_api.py
[2024-01-28T02:41:50.071+0000] {processor.py:830} INFO - Processing file /home/airflow/.local/lib/python3.8/site-packages/airflow/example_dags/tutorial_taskflow_api.py for tasks to queue
[2024-01-28T02:41:50.073+0000] {logging_mixin.py:188} INFO - [2024-01-28T02:41:50.072+0000] {dagbag.py:538} INFO - Filling up the DagBag from /home/airflow/.local/lib/python3.8/site-packages/airflow/example_dags/tutorial_taskflow_api.py
[2024-01-28T02:41:50.081+0000] {processor.py:840} INFO - DAG(s) 'tutorial_taskflow_api' retrieved from /home/airflow/.local/lib/python3.8/site-packages/airflow/example_dags/tutorial_taskflow_api.py
[2024-01-28T02:41:50.100+0000] {logging_mixin.py:188} INFO - [2024-01-28T02:41:50.099+0000] {dag.py:3036} INFO - Sync 1 DAGs
[2024-01-28T02:41:50.110+0000] {logging_mixin.py:188} INFO - [2024-01-28T02:41:50.110+0000] {dag.py:3823} INFO - Setting next_dagrun for tutorial_taskflow_api to None, run_after=None
[2024-01-28T02:41:50.135+0000] {processor.py:183} INFO - Processing /home/airflow/.local/lib/python3.8/site-packages/airflow/example_dags/tutorial_taskflow_api.py took 0.070 seconds
[2024-01-28T02:42:32.951+0000] {processor.py:161} INFO - Started process (PID=1298) to work on /home/airflow/.local/lib/python3.8/site-packages/airflow/example_dags/tutorial_taskflow_api.py
[2024-01-28T02:42:32.956+0000] {processor.py:830} INFO - Processing file /home/airflow/.local/lib/python3.8/site-packages/airflow/example_dags/tutorial_taskflow_api.py for tasks to queue
[2024-01-28T02:42:32.959+0000] {logging_mixin.py:188} INFO - [2024-01-28T02:42:32.958+0000] {dagbag.py:538} INFO - Filling up the DagBag from /home/airflow/.local/lib/python3.8/site-packages/airflow/example_dags/tutorial_taskflow_api.py
[2024-01-28T02:42:32.983+0000] {processor.py:840} INFO - DAG(s) 'tutorial_taskflow_api' retrieved from /home/airflow/.local/lib/python3.8/site-packages/airflow/example_dags/tutorial_taskflow_api.py
[2024-01-28T02:42:33.036+0000] {logging_mixin.py:188} INFO - [2024-01-28T02:42:33.036+0000] {dag.py:3036} INFO - Sync 1 DAGs
[2024-01-28T02:42:33.074+0000] {logging_mixin.py:188} INFO - [2024-01-28T02:42:33.073+0000] {dag.py:3823} INFO - Setting next_dagrun for tutorial_taskflow_api to None, run_after=None
[2024-01-28T02:42:33.156+0000] {processor.py:183} INFO - Processing /home/airflow/.local/lib/python3.8/site-packages/airflow/example_dags/tutorial_taskflow_api.py took 0.221 seconds
[2024-01-28T02:43:03.405+0000] {processor.py:161} INFO - Started process (PID=1604) to work on /home/airflow/.local/lib/python3.8/site-packages/airflow/example_dags/tutorial_taskflow_api.py
[2024-01-28T02:43:03.407+0000] {processor.py:830} INFO - Processing file /home/airflow/.local/lib/python3.8/site-packages/airflow/example_dags/tutorial_taskflow_api.py for tasks to queue
[2024-01-28T02:43:03.408+0000] {logging_mixin.py:188} INFO - [2024-01-28T02:43:03.408+0000] {dagbag.py:538} INFO - Filling up the DagBag from /home/airflow/.local/lib/python3.8/site-packages/airflow/example_dags/tutorial_taskflow_api.py
[2024-01-28T02:43:03.416+0000] {processor.py:840} INFO - DAG(s) 'tutorial_taskflow_api' retrieved from /home/airflow/.local/lib/python3.8/site-packages/airflow/example_dags/tutorial_taskflow_api.py
[2024-01-28T02:43:03.436+0000] {logging_mixin.py:188} INFO - [2024-01-28T02:43:03.436+0000] {dag.py:3036} INFO - Sync 1 DAGs
[2024-01-28T02:43:03.448+0000] {logging_mixin.py:188} INFO - [2024-01-28T02:43:03.448+0000] {dag.py:3823} INFO - Setting next_dagrun for tutorial_taskflow_api to None, run_after=None
[2024-01-28T02:43:03.488+0000] {processor.py:183} INFO - Processing /home/airflow/.local/lib/python3.8/site-packages/airflow/example_dags/tutorial_taskflow_api.py took 0.086 seconds
[2024-01-28T02:43:33.951+0000] {processor.py:161} INFO - Started process (PID=1917) to work on /home/airflow/.local/lib/python3.8/site-packages/airflow/example_dags/tutorial_taskflow_api.py
[2024-01-28T02:43:33.952+0000] {processor.py:830} INFO - Processing file /home/airflow/.local/lib/python3.8/site-packages/airflow/example_dags/tutorial_taskflow_api.py for tasks to queue
[2024-01-28T02:43:33.953+0000] {logging_mixin.py:188} INFO - [2024-01-28T02:43:33.953+0000] {dagbag.py:538} INFO - Filling up the DagBag from /home/airflow/.local/lib/python3.8/site-packages/airflow/example_dags/tutorial_taskflow_api.py
[2024-01-28T02:43:33.960+0000] {processor.py:840} INFO - DAG(s) 'tutorial_taskflow_api' retrieved from /home/airflow/.local/lib/python3.8/site-packages/airflow/example_dags/tutorial_taskflow_api.py
[2024-01-28T02:43:33.978+0000] {logging_mixin.py:188} INFO - [2024-01-28T02:43:33.978+0000] {dag.py:3036} INFO - Sync 1 DAGs
[2024-01-28T02:43:33.991+0000] {logging_mixin.py:188} INFO - [2024-01-28T02:43:33.990+0000] {dag.py:3823} INFO - Setting next_dagrun for tutorial_taskflow_api to None, run_after=None
[2024-01-28T02:43:34.027+0000] {processor.py:183} INFO - Processing /home/airflow/.local/lib/python3.8/site-packages/airflow/example_dags/tutorial_taskflow_api.py took 0.079 seconds
[2024-01-28T02:44:04.509+0000] {processor.py:161} INFO - Started process (PID=2226) to work on /home/airflow/.local/lib/python3.8/site-packages/airflow/example_dags/tutorial_taskflow_api.py
[2024-01-28T02:44:04.510+0000] {processor.py:830} INFO - Processing file /home/airflow/.local/lib/python3.8/site-packages/airflow/example_dags/tutorial_taskflow_api.py for tasks to queue
[2024-01-28T02:44:04.511+0000] {logging_mixin.py:188} INFO - [2024-01-28T02:44:04.511+0000] {dagbag.py:538} INFO - Filling up the DagBag from /home/airflow/.local/lib/python3.8/site-packages/airflow/example_dags/tutorial_taskflow_api.py
[2024-01-28T02:44:04.518+0000] {processor.py:840} INFO - DAG(s) 'tutorial_taskflow_api' retrieved from /home/airflow/.local/lib/python3.8/site-packages/airflow/example_dags/tutorial_taskflow_api.py
[2024-01-28T02:44:04.539+0000] {logging_mixin.py:188} INFO - [2024-01-28T02:44:04.539+0000] {dag.py:3036} INFO - Sync 1 DAGs
[2024-01-28T02:44:04.554+0000] {logging_mixin.py:188} INFO - [2024-01-28T02:44:04.554+0000] {dag.py:3823} INFO - Setting next_dagrun for tutorial_taskflow_api to None, run_after=None
[2024-01-28T02:44:04.577+0000] {processor.py:183} INFO - Processing /home/airflow/.local/lib/python3.8/site-packages/airflow/example_dags/tutorial_taskflow_api.py took 0.071 seconds
[2024-01-28T02:44:35.160+0000] {processor.py:161} INFO - Started process (PID=2539) to work on /home/airflow/.local/lib/python3.8/site-packages/airflow/example_dags/tutorial_taskflow_api.py
[2024-01-28T02:44:35.162+0000] {processor.py:830} INFO - Processing file /home/airflow/.local/lib/python3.8/site-packages/airflow/example_dags/tutorial_taskflow_api.py for tasks to queue
[2024-01-28T02:44:35.163+0000] {logging_mixin.py:188} INFO - [2024-01-28T02:44:35.163+0000] {dagbag.py:538} INFO - Filling up the DagBag from /home/airflow/.local/lib/python3.8/site-packages/airflow/example_dags/tutorial_taskflow_api.py
[2024-01-28T02:44:35.170+0000] {processor.py:840} INFO - DAG(s) 'tutorial_taskflow_api' retrieved from /home/airflow/.local/lib/python3.8/site-packages/airflow/example_dags/tutorial_taskflow_api.py
[2024-01-28T02:44:35.191+0000] {logging_mixin.py:188} INFO - [2024-01-28T02:44:35.191+0000] {dag.py:3036} INFO - Sync 1 DAGs
[2024-01-28T02:44:35.203+0000] {logging_mixin.py:188} INFO - [2024-01-28T02:44:35.203+0000] {dag.py:3823} INFO - Setting next_dagrun for tutorial_taskflow_api to None, run_after=None
[2024-01-28T02:44:35.235+0000] {processor.py:183} INFO - Processing /home/airflow/.local/lib/python3.8/site-packages/airflow/example_dags/tutorial_taskflow_api.py took 0.078 seconds
[2024-01-28T02:45:05.342+0000] {processor.py:161} INFO - Started process (PID=2850) to work on /home/airflow/.local/lib/python3.8/site-packages/airflow/example_dags/tutorial_taskflow_api.py
[2024-01-28T02:45:05.343+0000] {processor.py:830} INFO - Processing file /home/airflow/.local/lib/python3.8/site-packages/airflow/example_dags/tutorial_taskflow_api.py for tasks to queue
[2024-01-28T02:45:05.344+0000] {logging_mixin.py:188} INFO - [2024-01-28T02:45:05.344+0000] {dagbag.py:538} INFO - Filling up the DagBag from /home/airflow/.local/lib/python3.8/site-packages/airflow/example_dags/tutorial_taskflow_api.py
[2024-01-28T02:45:05.349+0000] {processor.py:840} INFO - DAG(s) 'tutorial_taskflow_api' retrieved from /home/airflow/.local/lib/python3.8/site-packages/airflow/example_dags/tutorial_taskflow_api.py
[2024-01-28T02:45:05.368+0000] {logging_mixin.py:188} INFO - [2024-01-28T02:45:05.368+0000] {dag.py:3036} INFO - Sync 1 DAGs
[2024-01-28T02:45:05.379+0000] {logging_mixin.py:188} INFO - [2024-01-28T02:45:05.378+0000] {dag.py:3823} INFO - Setting next_dagrun for tutorial_taskflow_api to None, run_after=None
[2024-01-28T02:45:05.401+0000] {processor.py:183} INFO - Processing /home/airflow/.local/lib/python3.8/site-packages/airflow/example_dags/tutorial_taskflow_api.py took 0.062 seconds
[2024-01-28T02:45:36.224+0000] {processor.py:161} INFO - Started process (PID=3159) to work on /home/airflow/.local/lib/python3.8/site-packages/airflow/example_dags/tutorial_taskflow_api.py
[2024-01-28T02:45:36.227+0000] {processor.py:830} INFO - Processing file /home/airflow/.local/lib/python3.8/site-packages/airflow/example_dags/tutorial_taskflow_api.py for tasks to queue
[2024-01-28T02:45:36.228+0000] {logging_mixin.py:188} INFO - [2024-01-28T02:45:36.228+0000] {dagbag.py:538} INFO - Filling up the DagBag from /home/airflow/.local/lib/python3.8/site-packages/airflow/example_dags/tutorial_taskflow_api.py
[2024-01-28T02:45:36.235+0000] {processor.py:840} INFO - DAG(s) 'tutorial_taskflow_api' retrieved from /home/airflow/.local/lib/python3.8/site-packages/airflow/example_dags/tutorial_taskflow_api.py
[2024-01-28T02:45:36.255+0000] {logging_mixin.py:188} INFO - [2024-01-28T02:45:36.255+0000] {dag.py:3036} INFO - Sync 1 DAGs
[2024-01-28T02:45:36.271+0000] {logging_mixin.py:188} INFO - [2024-01-28T02:45:36.271+0000] {dag.py:3823} INFO - Setting next_dagrun for tutorial_taskflow_api to None, run_after=None
[2024-01-28T02:45:36.298+0000] {processor.py:183} INFO - Processing /home/airflow/.local/lib/python3.8/site-packages/airflow/example_dags/tutorial_taskflow_api.py took 0.078 seconds
[2024-01-28T02:46:07.363+0000] {processor.py:161} INFO - Started process (PID=3470) to work on /home/airflow/.local/lib/python3.8/site-packages/airflow/example_dags/tutorial_taskflow_api.py
[2024-01-28T02:46:07.364+0000] {processor.py:830} INFO - Processing file /home/airflow/.local/lib/python3.8/site-packages/airflow/example_dags/tutorial_taskflow_api.py for tasks to queue
[2024-01-28T02:46:07.365+0000] {logging_mixin.py:188} INFO - [2024-01-28T02:46:07.365+0000] {dagbag.py:538} INFO - Filling up the DagBag from /home/airflow/.local/lib/python3.8/site-packages/airflow/example_dags/tutorial_taskflow_api.py
[2024-01-28T02:46:07.372+0000] {processor.py:840} INFO - DAG(s) 'tutorial_taskflow_api' retrieved from /home/airflow/.local/lib/python3.8/site-packages/airflow/example_dags/tutorial_taskflow_api.py
[2024-01-28T02:46:07.391+0000] {logging_mixin.py:188} INFO - [2024-01-28T02:46:07.390+0000] {dag.py:3036} INFO - Sync 1 DAGs
[2024-01-28T02:46:07.402+0000] {logging_mixin.py:188} INFO - [2024-01-28T02:46:07.401+0000] {dag.py:3823} INFO - Setting next_dagrun for tutorial_taskflow_api to None, run_after=None
[2024-01-28T02:46:07.424+0000] {processor.py:183} INFO - Processing /home/airflow/.local/lib/python3.8/site-packages/airflow/example_dags/tutorial_taskflow_api.py took 0.064 seconds
[2024-01-28T02:46:38.166+0000] {processor.py:161} INFO - Started process (PID=3781) to work on /home/airflow/.local/lib/python3.8/site-packages/airflow/example_dags/tutorial_taskflow_api.py
[2024-01-28T02:46:38.167+0000] {processor.py:830} INFO - Processing file /home/airflow/.local/lib/python3.8/site-packages/airflow/example_dags/tutorial_taskflow_api.py for tasks to queue
[2024-01-28T02:46:38.168+0000] {logging_mixin.py:188} INFO - [2024-01-28T02:46:38.168+0000] {dagbag.py:538} INFO - Filling up the DagBag from /home/airflow/.local/lib/python3.8/site-packages/airflow/example_dags/tutorial_taskflow_api.py
[2024-01-28T02:46:38.175+0000] {processor.py:840} INFO - DAG(s) 'tutorial_taskflow_api' retrieved from /home/airflow/.local/lib/python3.8/site-packages/airflow/example_dags/tutorial_taskflow_api.py
[2024-01-28T02:46:38.194+0000] {logging_mixin.py:188} INFO - [2024-01-28T02:46:38.194+0000] {dag.py:3036} INFO - Sync 1 DAGs
[2024-01-28T02:46:38.206+0000] {logging_mixin.py:188} INFO - [2024-01-28T02:46:38.206+0000] {dag.py:3823} INFO - Setting next_dagrun for tutorial_taskflow_api to None, run_after=None
[2024-01-28T02:46:38.230+0000] {processor.py:183} INFO - Processing /home/airflow/.local/lib/python3.8/site-packages/airflow/example_dags/tutorial_taskflow_api.py took 0.067 seconds
[2024-01-28T02:47:13.029+0000] {processor.py:161} INFO - Started process (PID=4098) to work on /home/airflow/.local/lib/python3.8/site-packages/airflow/example_dags/tutorial_taskflow_api.py
[2024-01-28T02:47:13.042+0000] {processor.py:830} INFO - Processing file /home/airflow/.local/lib/python3.8/site-packages/airflow/example_dags/tutorial_taskflow_api.py for tasks to queue
[2024-01-28T02:47:13.044+0000] {logging_mixin.py:188} INFO - [2024-01-28T02:47:13.043+0000] {dagbag.py:538} INFO - Filling up the DagBag from /home/airflow/.local/lib/python3.8/site-packages/airflow/example_dags/tutorial_taskflow_api.py
[2024-01-28T02:47:13.054+0000] {processor.py:840} INFO - DAG(s) 'tutorial_taskflow_api' retrieved from /home/airflow/.local/lib/python3.8/site-packages/airflow/example_dags/tutorial_taskflow_api.py
[2024-01-28T02:47:13.133+0000] {logging_mixin.py:188} INFO - [2024-01-28T02:47:13.133+0000] {dag.py:3036} INFO - Sync 1 DAGs
[2024-01-28T02:47:13.203+0000] {logging_mixin.py:188} INFO - [2024-01-28T02:47:13.202+0000] {dag.py:3823} INFO - Setting next_dagrun for tutorial_taskflow_api to None, run_after=None
[2024-01-28T02:47:13.294+0000] {processor.py:183} INFO - Processing /home/airflow/.local/lib/python3.8/site-packages/airflow/example_dags/tutorial_taskflow_api.py took 0.270 seconds
[2024-01-28T02:47:44.807+0000] {processor.py:161} INFO - Started process (PID=4409) to work on /home/airflow/.local/lib/python3.8/site-packages/airflow/example_dags/tutorial_taskflow_api.py
[2024-01-28T02:47:44.809+0000] {processor.py:830} INFO - Processing file /home/airflow/.local/lib/python3.8/site-packages/airflow/example_dags/tutorial_taskflow_api.py for tasks to queue
[2024-01-28T02:47:44.811+0000] {logging_mixin.py:188} INFO - [2024-01-28T02:47:44.810+0000] {dagbag.py:538} INFO - Filling up the DagBag from /home/airflow/.local/lib/python3.8/site-packages/airflow/example_dags/tutorial_taskflow_api.py
[2024-01-28T02:47:44.819+0000] {processor.py:840} INFO - DAG(s) 'tutorial_taskflow_api' retrieved from /home/airflow/.local/lib/python3.8/site-packages/airflow/example_dags/tutorial_taskflow_api.py
[2024-01-28T02:47:44.850+0000] {logging_mixin.py:188} INFO - [2024-01-28T02:47:44.850+0000] {dag.py:3036} INFO - Sync 1 DAGs
[2024-01-28T02:47:44.865+0000] {logging_mixin.py:188} INFO - [2024-01-28T02:47:44.865+0000] {dag.py:3823} INFO - Setting next_dagrun for tutorial_taskflow_api to None, run_after=None
[2024-01-28T02:47:44.892+0000] {processor.py:183} INFO - Processing /home/airflow/.local/lib/python3.8/site-packages/airflow/example_dags/tutorial_taskflow_api.py took 0.092 seconds
[2024-01-28T02:48:17.180+0000] {processor.py:161} INFO - Started process (PID=4720) to work on /home/airflow/.local/lib/python3.8/site-packages/airflow/example_dags/tutorial_taskflow_api.py
[2024-01-28T02:48:17.184+0000] {processor.py:830} INFO - Processing file /home/airflow/.local/lib/python3.8/site-packages/airflow/example_dags/tutorial_taskflow_api.py for tasks to queue
[2024-01-28T02:48:17.193+0000] {logging_mixin.py:188} INFO - [2024-01-28T02:48:17.193+0000] {dagbag.py:538} INFO - Filling up the DagBag from /home/airflow/.local/lib/python3.8/site-packages/airflow/example_dags/tutorial_taskflow_api.py
[2024-01-28T02:48:17.224+0000] {processor.py:840} INFO - DAG(s) 'tutorial_taskflow_api' retrieved from /home/airflow/.local/lib/python3.8/site-packages/airflow/example_dags/tutorial_taskflow_api.py
[2024-01-28T02:48:17.279+0000] {logging_mixin.py:188} INFO - [2024-01-28T02:48:17.279+0000] {dag.py:3036} INFO - Sync 1 DAGs
[2024-01-28T02:48:17.308+0000] {logging_mixin.py:188} INFO - [2024-01-28T02:48:17.305+0000] {dag.py:3823} INFO - Setting next_dagrun for tutorial_taskflow_api to None, run_after=None
[2024-01-28T02:48:17.347+0000] {processor.py:183} INFO - Processing /home/airflow/.local/lib/python3.8/site-packages/airflow/example_dags/tutorial_taskflow_api.py took 0.172 seconds
[2024-01-28T02:48:48.187+0000] {processor.py:161} INFO - Started process (PID=5025) to work on /home/airflow/.local/lib/python3.8/site-packages/airflow/example_dags/tutorial_taskflow_api.py
[2024-01-28T02:48:48.189+0000] {processor.py:830} INFO - Processing file /home/airflow/.local/lib/python3.8/site-packages/airflow/example_dags/tutorial_taskflow_api.py for tasks to queue
[2024-01-28T02:48:48.190+0000] {logging_mixin.py:188} INFO - [2024-01-28T02:48:48.190+0000] {dagbag.py:538} INFO - Filling up the DagBag from /home/airflow/.local/lib/python3.8/site-packages/airflow/example_dags/tutorial_taskflow_api.py
[2024-01-28T02:48:48.198+0000] {processor.py:840} INFO - DAG(s) 'tutorial_taskflow_api' retrieved from /home/airflow/.local/lib/python3.8/site-packages/airflow/example_dags/tutorial_taskflow_api.py
[2024-01-28T02:48:48.248+0000] {logging_mixin.py:188} INFO - [2024-01-28T02:48:48.248+0000] {dag.py:3036} INFO - Sync 1 DAGs
[2024-01-28T02:48:48.287+0000] {logging_mixin.py:188} INFO - [2024-01-28T02:48:48.286+0000] {dag.py:3823} INFO - Setting next_dagrun for tutorial_taskflow_api to None, run_after=None
[2024-01-28T02:48:48.322+0000] {processor.py:183} INFO - Processing /home/airflow/.local/lib/python3.8/site-packages/airflow/example_dags/tutorial_taskflow_api.py took 0.140 seconds
[2024-01-28T02:49:18.471+0000] {processor.py:161} INFO - Started process (PID=5327) to work on /home/airflow/.local/lib/python3.8/site-packages/airflow/example_dags/tutorial_taskflow_api.py
[2024-01-28T02:49:18.473+0000] {processor.py:830} INFO - Processing file /home/airflow/.local/lib/python3.8/site-packages/airflow/example_dags/tutorial_taskflow_api.py for tasks to queue
[2024-01-28T02:49:18.474+0000] {logging_mixin.py:188} INFO - [2024-01-28T02:49:18.474+0000] {dagbag.py:538} INFO - Filling up the DagBag from /home/airflow/.local/lib/python3.8/site-packages/airflow/example_dags/tutorial_taskflow_api.py
[2024-01-28T02:49:18.481+0000] {processor.py:840} INFO - DAG(s) 'tutorial_taskflow_api' retrieved from /home/airflow/.local/lib/python3.8/site-packages/airflow/example_dags/tutorial_taskflow_api.py
[2024-01-28T02:49:18.503+0000] {logging_mixin.py:188} INFO - [2024-01-28T02:49:18.502+0000] {dag.py:3036} INFO - Sync 1 DAGs
[2024-01-28T02:49:18.518+0000] {logging_mixin.py:188} INFO - [2024-01-28T02:49:18.518+0000] {dag.py:3823} INFO - Setting next_dagrun for tutorial_taskflow_api to None, run_after=None
[2024-01-28T02:49:18.557+0000] {processor.py:183} INFO - Processing /home/airflow/.local/lib/python3.8/site-packages/airflow/example_dags/tutorial_taskflow_api.py took 0.089 seconds
[2024-01-28T02:49:49.062+0000] {processor.py:161} INFO - Started process (PID=5638) to work on /home/airflow/.local/lib/python3.8/site-packages/airflow/example_dags/tutorial_taskflow_api.py
[2024-01-28T02:49:49.064+0000] {processor.py:830} INFO - Processing file /home/airflow/.local/lib/python3.8/site-packages/airflow/example_dags/tutorial_taskflow_api.py for tasks to queue
[2024-01-28T02:49:49.065+0000] {logging_mixin.py:188} INFO - [2024-01-28T02:49:49.065+0000] {dagbag.py:538} INFO - Filling up the DagBag from /home/airflow/.local/lib/python3.8/site-packages/airflow/example_dags/tutorial_taskflow_api.py
[2024-01-28T02:49:49.073+0000] {processor.py:840} INFO - DAG(s) 'tutorial_taskflow_api' retrieved from /home/airflow/.local/lib/python3.8/site-packages/airflow/example_dags/tutorial_taskflow_api.py
[2024-01-28T02:49:49.094+0000] {logging_mixin.py:188} INFO - [2024-01-28T02:49:49.093+0000] {dag.py:3036} INFO - Sync 1 DAGs
[2024-01-28T02:49:49.104+0000] {logging_mixin.py:188} INFO - [2024-01-28T02:49:49.104+0000] {dag.py:3823} INFO - Setting next_dagrun for tutorial_taskflow_api to None, run_after=None
[2024-01-28T02:49:49.127+0000] {processor.py:183} INFO - Processing /home/airflow/.local/lib/python3.8/site-packages/airflow/example_dags/tutorial_taskflow_api.py took 0.068 seconds
[2024-01-28T02:50:19.549+0000] {processor.py:161} INFO - Started process (PID=5949) to work on /home/airflow/.local/lib/python3.8/site-packages/airflow/example_dags/tutorial_taskflow_api.py
[2024-01-28T02:50:19.550+0000] {processor.py:830} INFO - Processing file /home/airflow/.local/lib/python3.8/site-packages/airflow/example_dags/tutorial_taskflow_api.py for tasks to queue
[2024-01-28T02:50:19.551+0000] {logging_mixin.py:188} INFO - [2024-01-28T02:50:19.551+0000] {dagbag.py:538} INFO - Filling up the DagBag from /home/airflow/.local/lib/python3.8/site-packages/airflow/example_dags/tutorial_taskflow_api.py
[2024-01-28T02:50:19.557+0000] {processor.py:840} INFO - DAG(s) 'tutorial_taskflow_api' retrieved from /home/airflow/.local/lib/python3.8/site-packages/airflow/example_dags/tutorial_taskflow_api.py
[2024-01-28T02:50:19.577+0000] {logging_mixin.py:188} INFO - [2024-01-28T02:50:19.577+0000] {dag.py:3036} INFO - Sync 1 DAGs
[2024-01-28T02:50:19.588+0000] {logging_mixin.py:188} INFO - [2024-01-28T02:50:19.588+0000] {dag.py:3823} INFO - Setting next_dagrun for tutorial_taskflow_api to None, run_after=None
[2024-01-28T02:50:19.611+0000] {processor.py:183} INFO - Processing /home/airflow/.local/lib/python3.8/site-packages/airflow/example_dags/tutorial_taskflow_api.py took 0.066 seconds
[2024-01-28T02:50:49.887+0000] {processor.py:161} INFO - Started process (PID=6258) to work on /home/airflow/.local/lib/python3.8/site-packages/airflow/example_dags/tutorial_taskflow_api.py
[2024-01-28T02:50:49.889+0000] {processor.py:830} INFO - Processing file /home/airflow/.local/lib/python3.8/site-packages/airflow/example_dags/tutorial_taskflow_api.py for tasks to queue
[2024-01-28T02:50:49.889+0000] {logging_mixin.py:188} INFO - [2024-01-28T02:50:49.889+0000] {dagbag.py:538} INFO - Filling up the DagBag from /home/airflow/.local/lib/python3.8/site-packages/airflow/example_dags/tutorial_taskflow_api.py
[2024-01-28T02:50:49.896+0000] {processor.py:840} INFO - DAG(s) 'tutorial_taskflow_api' retrieved from /home/airflow/.local/lib/python3.8/site-packages/airflow/example_dags/tutorial_taskflow_api.py
[2024-01-28T02:50:49.916+0000] {logging_mixin.py:188} INFO - [2024-01-28T02:50:49.915+0000] {dag.py:3036} INFO - Sync 1 DAGs
[2024-01-28T02:50:49.927+0000] {logging_mixin.py:188} INFO - [2024-01-28T02:50:49.926+0000] {dag.py:3823} INFO - Setting next_dagrun for tutorial_taskflow_api to None, run_after=None
[2024-01-28T02:50:49.957+0000] {processor.py:183} INFO - Processing /home/airflow/.local/lib/python3.8/site-packages/airflow/example_dags/tutorial_taskflow_api.py took 0.072 seconds
[2024-01-28T02:51:21.217+0000] {processor.py:161} INFO - Started process (PID=6572) to work on /home/airflow/.local/lib/python3.8/site-packages/airflow/example_dags/tutorial_taskflow_api.py
[2024-01-28T02:51:21.218+0000] {processor.py:830} INFO - Processing file /home/airflow/.local/lib/python3.8/site-packages/airflow/example_dags/tutorial_taskflow_api.py for tasks to queue
[2024-01-28T02:51:21.219+0000] {logging_mixin.py:188} INFO - [2024-01-28T02:51:21.219+0000] {dagbag.py:538} INFO - Filling up the DagBag from /home/airflow/.local/lib/python3.8/site-packages/airflow/example_dags/tutorial_taskflow_api.py
[2024-01-28T02:51:21.226+0000] {processor.py:840} INFO - DAG(s) 'tutorial_taskflow_api' retrieved from /home/airflow/.local/lib/python3.8/site-packages/airflow/example_dags/tutorial_taskflow_api.py
[2024-01-28T02:51:21.252+0000] {logging_mixin.py:188} INFO - [2024-01-28T02:51:21.251+0000] {dag.py:3036} INFO - Sync 1 DAGs
[2024-01-28T02:51:21.410+0000] {logging_mixin.py:188} INFO - [2024-01-28T02:51:21.410+0000] {dag.py:3823} INFO - Setting next_dagrun for tutorial_taskflow_api to None, run_after=None
[2024-01-28T02:51:21.433+0000] {processor.py:183} INFO - Processing /home/airflow/.local/lib/python3.8/site-packages/airflow/example_dags/tutorial_taskflow_api.py took 0.219 seconds
[2024-01-28T02:51:51.672+0000] {processor.py:161} INFO - Started process (PID=6875) to work on /home/airflow/.local/lib/python3.8/site-packages/airflow/example_dags/tutorial_taskflow_api.py
[2024-01-28T02:51:51.674+0000] {processor.py:830} INFO - Processing file /home/airflow/.local/lib/python3.8/site-packages/airflow/example_dags/tutorial_taskflow_api.py for tasks to queue
[2024-01-28T02:51:51.675+0000] {logging_mixin.py:188} INFO - [2024-01-28T02:51:51.674+0000] {dagbag.py:538} INFO - Filling up the DagBag from /home/airflow/.local/lib/python3.8/site-packages/airflow/example_dags/tutorial_taskflow_api.py
[2024-01-28T02:51:51.681+0000] {processor.py:840} INFO - DAG(s) 'tutorial_taskflow_api' retrieved from /home/airflow/.local/lib/python3.8/site-packages/airflow/example_dags/tutorial_taskflow_api.py
[2024-01-28T02:51:51.893+0000] {logging_mixin.py:188} INFO - [2024-01-28T02:51:51.892+0000] {dag.py:3036} INFO - Sync 1 DAGs
[2024-01-28T02:51:51.920+0000] {logging_mixin.py:188} INFO - [2024-01-28T02:51:51.920+0000] {dag.py:3823} INFO - Setting next_dagrun for tutorial_taskflow_api to None, run_after=None
[2024-01-28T02:51:51.958+0000] {processor.py:183} INFO - Processing /home/airflow/.local/lib/python3.8/site-packages/airflow/example_dags/tutorial_taskflow_api.py took 0.289 seconds
[2024-01-28T02:52:22.269+0000] {processor.py:161} INFO - Started process (PID=7188) to work on /home/airflow/.local/lib/python3.8/site-packages/airflow/example_dags/tutorial_taskflow_api.py
[2024-01-28T02:52:22.270+0000] {processor.py:830} INFO - Processing file /home/airflow/.local/lib/python3.8/site-packages/airflow/example_dags/tutorial_taskflow_api.py for tasks to queue
[2024-01-28T02:52:22.271+0000] {logging_mixin.py:188} INFO - [2024-01-28T02:52:22.271+0000] {dagbag.py:538} INFO - Filling up the DagBag from /home/airflow/.local/lib/python3.8/site-packages/airflow/example_dags/tutorial_taskflow_api.py
[2024-01-28T02:52:22.277+0000] {processor.py:840} INFO - DAG(s) 'tutorial_taskflow_api' retrieved from /home/airflow/.local/lib/python3.8/site-packages/airflow/example_dags/tutorial_taskflow_api.py
[2024-01-28T02:52:22.294+0000] {logging_mixin.py:188} INFO - [2024-01-28T02:52:22.294+0000] {dag.py:3036} INFO - Sync 1 DAGs
[2024-01-28T02:52:22.305+0000] {logging_mixin.py:188} INFO - [2024-01-28T02:52:22.305+0000] {dag.py:3823} INFO - Setting next_dagrun for tutorial_taskflow_api to None, run_after=None
[2024-01-28T02:52:22.326+0000] {processor.py:183} INFO - Processing /home/airflow/.local/lib/python3.8/site-packages/airflow/example_dags/tutorial_taskflow_api.py took 0.060 seconds
[2024-01-28T02:52:52.689+0000] {processor.py:161} INFO - Started process (PID=7497) to work on /home/airflow/.local/lib/python3.8/site-packages/airflow/example_dags/tutorial_taskflow_api.py
[2024-01-28T02:52:52.691+0000] {processor.py:830} INFO - Processing file /home/airflow/.local/lib/python3.8/site-packages/airflow/example_dags/tutorial_taskflow_api.py for tasks to queue
[2024-01-28T02:52:52.692+0000] {logging_mixin.py:188} INFO - [2024-01-28T02:52:52.692+0000] {dagbag.py:538} INFO - Filling up the DagBag from /home/airflow/.local/lib/python3.8/site-packages/airflow/example_dags/tutorial_taskflow_api.py
[2024-01-28T02:52:52.700+0000] {processor.py:840} INFO - DAG(s) 'tutorial_taskflow_api' retrieved from /home/airflow/.local/lib/python3.8/site-packages/airflow/example_dags/tutorial_taskflow_api.py
[2024-01-28T02:52:52.720+0000] {logging_mixin.py:188} INFO - [2024-01-28T02:52:52.719+0000] {dag.py:3036} INFO - Sync 1 DAGs
[2024-01-28T02:52:52.731+0000] {logging_mixin.py:188} INFO - [2024-01-28T02:52:52.731+0000] {dag.py:3823} INFO - Setting next_dagrun for tutorial_taskflow_api to None, run_after=None
[2024-01-28T02:52:52.752+0000] {processor.py:183} INFO - Processing /home/airflow/.local/lib/python3.8/site-packages/airflow/example_dags/tutorial_taskflow_api.py took 0.066 seconds
[2024-01-28T02:53:23.494+0000] {processor.py:161} INFO - Started process (PID=7810) to work on /home/airflow/.local/lib/python3.8/site-packages/airflow/example_dags/tutorial_taskflow_api.py
[2024-01-28T02:53:23.495+0000] {processor.py:830} INFO - Processing file /home/airflow/.local/lib/python3.8/site-packages/airflow/example_dags/tutorial_taskflow_api.py for tasks to queue
[2024-01-28T02:53:23.496+0000] {logging_mixin.py:188} INFO - [2024-01-28T02:53:23.496+0000] {dagbag.py:538} INFO - Filling up the DagBag from /home/airflow/.local/lib/python3.8/site-packages/airflow/example_dags/tutorial_taskflow_api.py
[2024-01-28T02:53:23.504+0000] {processor.py:840} INFO - DAG(s) 'tutorial_taskflow_api' retrieved from /home/airflow/.local/lib/python3.8/site-packages/airflow/example_dags/tutorial_taskflow_api.py
[2024-01-28T02:53:23.523+0000] {logging_mixin.py:188} INFO - [2024-01-28T02:53:23.523+0000] {dag.py:3036} INFO - Sync 1 DAGs
[2024-01-28T02:53:23.533+0000] {logging_mixin.py:188} INFO - [2024-01-28T02:53:23.533+0000] {dag.py:3823} INFO - Setting next_dagrun for tutorial_taskflow_api to None, run_after=None
[2024-01-28T02:53:23.553+0000] {processor.py:183} INFO - Processing /home/airflow/.local/lib/python3.8/site-packages/airflow/example_dags/tutorial_taskflow_api.py took 0.063 seconds
[2024-01-28T02:53:53.699+0000] {processor.py:161} INFO - Started process (PID=8119) to work on /home/airflow/.local/lib/python3.8/site-packages/airflow/example_dags/tutorial_taskflow_api.py
[2024-01-28T02:53:53.700+0000] {processor.py:830} INFO - Processing file /home/airflow/.local/lib/python3.8/site-packages/airflow/example_dags/tutorial_taskflow_api.py for tasks to queue
[2024-01-28T02:53:53.701+0000] {logging_mixin.py:188} INFO - [2024-01-28T02:53:53.701+0000] {dagbag.py:538} INFO - Filling up the DagBag from /home/airflow/.local/lib/python3.8/site-packages/airflow/example_dags/tutorial_taskflow_api.py
[2024-01-28T02:53:53.708+0000] {processor.py:840} INFO - DAG(s) 'tutorial_taskflow_api' retrieved from /home/airflow/.local/lib/python3.8/site-packages/airflow/example_dags/tutorial_taskflow_api.py
[2024-01-28T02:53:53.727+0000] {logging_mixin.py:188} INFO - [2024-01-28T02:53:53.727+0000] {dag.py:3036} INFO - Sync 1 DAGs
[2024-01-28T02:53:53.739+0000] {logging_mixin.py:188} INFO - [2024-01-28T02:53:53.739+0000] {dag.py:3823} INFO - Setting next_dagrun for tutorial_taskflow_api to None, run_after=None
[2024-01-28T02:53:53.760+0000] {processor.py:183} INFO - Processing /home/airflow/.local/lib/python3.8/site-packages/airflow/example_dags/tutorial_taskflow_api.py took 0.064 seconds
[2024-01-28T02:54:23.888+0000] {processor.py:161} INFO - Started process (PID=8428) to work on /home/airflow/.local/lib/python3.8/site-packages/airflow/example_dags/tutorial_taskflow_api.py
[2024-01-28T02:54:23.890+0000] {processor.py:830} INFO - Processing file /home/airflow/.local/lib/python3.8/site-packages/airflow/example_dags/tutorial_taskflow_api.py for tasks to queue
[2024-01-28T02:54:23.891+0000] {logging_mixin.py:188} INFO - [2024-01-28T02:54:23.890+0000] {dagbag.py:538} INFO - Filling up the DagBag from /home/airflow/.local/lib/python3.8/site-packages/airflow/example_dags/tutorial_taskflow_api.py
[2024-01-28T02:54:23.898+0000] {processor.py:840} INFO - DAG(s) 'tutorial_taskflow_api' retrieved from /home/airflow/.local/lib/python3.8/site-packages/airflow/example_dags/tutorial_taskflow_api.py
[2024-01-28T02:54:23.917+0000] {logging_mixin.py:188} INFO - [2024-01-28T02:54:23.917+0000] {dag.py:3036} INFO - Sync 1 DAGs
[2024-01-28T02:54:23.929+0000] {logging_mixin.py:188} INFO - [2024-01-28T02:54:23.929+0000] {dag.py:3823} INFO - Setting next_dagrun for tutorial_taskflow_api to None, run_after=None
[2024-01-28T02:54:23.953+0000] {processor.py:183} INFO - Processing /home/airflow/.local/lib/python3.8/site-packages/airflow/example_dags/tutorial_taskflow_api.py took 0.068 seconds
[2024-01-28T02:54:55.499+0000] {processor.py:161} INFO - Started process (PID=8742) to work on /home/airflow/.local/lib/python3.8/site-packages/airflow/example_dags/tutorial_taskflow_api.py
[2024-01-28T02:54:55.500+0000] {processor.py:830} INFO - Processing file /home/airflow/.local/lib/python3.8/site-packages/airflow/example_dags/tutorial_taskflow_api.py for tasks to queue
[2024-01-28T02:54:55.501+0000] {logging_mixin.py:188} INFO - [2024-01-28T02:54:55.501+0000] {dagbag.py:538} INFO - Filling up the DagBag from /home/airflow/.local/lib/python3.8/site-packages/airflow/example_dags/tutorial_taskflow_api.py
[2024-01-28T02:54:55.508+0000] {processor.py:840} INFO - DAG(s) 'tutorial_taskflow_api' retrieved from /home/airflow/.local/lib/python3.8/site-packages/airflow/example_dags/tutorial_taskflow_api.py
[2024-01-28T02:54:55.529+0000] {logging_mixin.py:188} INFO - [2024-01-28T02:54:55.529+0000] {dag.py:3036} INFO - Sync 1 DAGs
[2024-01-28T02:54:55.545+0000] {logging_mixin.py:188} INFO - [2024-01-28T02:54:55.545+0000] {dag.py:3823} INFO - Setting next_dagrun for tutorial_taskflow_api to None, run_after=None
[2024-01-28T02:54:55.571+0000] {processor.py:183} INFO - Processing /home/airflow/.local/lib/python3.8/site-packages/airflow/example_dags/tutorial_taskflow_api.py took 0.075 seconds
[2024-01-28T02:55:35.780+0000] {processor.py:161} INFO - Started process (PID=9115) to work on /home/airflow/.local/lib/python3.8/site-packages/airflow/example_dags/tutorial_taskflow_api.py
[2024-01-28T02:55:35.782+0000] {processor.py:830} INFO - Processing file /home/airflow/.local/lib/python3.8/site-packages/airflow/example_dags/tutorial_taskflow_api.py for tasks to queue
[2024-01-28T02:55:35.784+0000] {logging_mixin.py:188} INFO - [2024-01-28T02:55:35.783+0000] {dagbag.py:538} INFO - Filling up the DagBag from /home/airflow/.local/lib/python3.8/site-packages/airflow/example_dags/tutorial_taskflow_api.py
[2024-01-28T02:55:35.792+0000] {processor.py:840} INFO - DAG(s) 'tutorial_taskflow_api' retrieved from /home/airflow/.local/lib/python3.8/site-packages/airflow/example_dags/tutorial_taskflow_api.py
[2024-01-28T02:55:35.826+0000] {logging_mixin.py:188} INFO - [2024-01-28T02:55:35.826+0000] {dag.py:3036} INFO - Sync 1 DAGs
[2024-01-28T02:55:35.845+0000] {logging_mixin.py:188} INFO - [2024-01-28T02:55:35.845+0000] {dag.py:3823} INFO - Setting next_dagrun for tutorial_taskflow_api to None, run_after=None
[2024-01-28T02:55:35.882+0000] {processor.py:183} INFO - Processing /home/airflow/.local/lib/python3.8/site-packages/airflow/example_dags/tutorial_taskflow_api.py took 0.106 seconds
[2024-01-28T02:56:06.189+0000] {processor.py:161} INFO - Started process (PID=9427) to work on /home/airflow/.local/lib/python3.8/site-packages/airflow/example_dags/tutorial_taskflow_api.py
[2024-01-28T02:56:06.190+0000] {processor.py:830} INFO - Processing file /home/airflow/.local/lib/python3.8/site-packages/airflow/example_dags/tutorial_taskflow_api.py for tasks to queue
[2024-01-28T02:56:06.191+0000] {logging_mixin.py:188} INFO - [2024-01-28T02:56:06.191+0000] {dagbag.py:538} INFO - Filling up the DagBag from /home/airflow/.local/lib/python3.8/site-packages/airflow/example_dags/tutorial_taskflow_api.py
[2024-01-28T02:56:06.197+0000] {processor.py:840} INFO - DAG(s) 'tutorial_taskflow_api' retrieved from /home/airflow/.local/lib/python3.8/site-packages/airflow/example_dags/tutorial_taskflow_api.py
[2024-01-28T02:56:06.215+0000] {logging_mixin.py:188} INFO - [2024-01-28T02:56:06.215+0000] {dag.py:3036} INFO - Sync 1 DAGs
[2024-01-28T02:56:06.226+0000] {logging_mixin.py:188} INFO - [2024-01-28T02:56:06.226+0000] {dag.py:3823} INFO - Setting next_dagrun for tutorial_taskflow_api to None, run_after=None
[2024-01-28T02:56:06.250+0000] {processor.py:183} INFO - Processing /home/airflow/.local/lib/python3.8/site-packages/airflow/example_dags/tutorial_taskflow_api.py took 0.064 seconds
[2024-01-28T02:56:37.468+0000] {processor.py:161} INFO - Started process (PID=9736) to work on /home/airflow/.local/lib/python3.8/site-packages/airflow/example_dags/tutorial_taskflow_api.py
[2024-01-28T02:56:37.469+0000] {processor.py:830} INFO - Processing file /home/airflow/.local/lib/python3.8/site-packages/airflow/example_dags/tutorial_taskflow_api.py for tasks to queue
[2024-01-28T02:56:37.470+0000] {logging_mixin.py:188} INFO - [2024-01-28T02:56:37.470+0000] {dagbag.py:538} INFO - Filling up the DagBag from /home/airflow/.local/lib/python3.8/site-packages/airflow/example_dags/tutorial_taskflow_api.py
[2024-01-28T02:56:37.477+0000] {processor.py:840} INFO - DAG(s) 'tutorial_taskflow_api' retrieved from /home/airflow/.local/lib/python3.8/site-packages/airflow/example_dags/tutorial_taskflow_api.py
[2024-01-28T02:56:37.497+0000] {logging_mixin.py:188} INFO - [2024-01-28T02:56:37.497+0000] {dag.py:3036} INFO - Sync 1 DAGs
[2024-01-28T02:56:37.511+0000] {logging_mixin.py:188} INFO - [2024-01-28T02:56:37.511+0000] {dag.py:3823} INFO - Setting next_dagrun for tutorial_taskflow_api to None, run_after=None
[2024-01-28T02:56:37.538+0000] {processor.py:183} INFO - Processing /home/airflow/.local/lib/python3.8/site-packages/airflow/example_dags/tutorial_taskflow_api.py took 0.073 seconds
[2024-01-28T02:57:09.047+0000] {processor.py:161} INFO - Started process (PID=10053) to work on /home/airflow/.local/lib/python3.8/site-packages/airflow/example_dags/tutorial_taskflow_api.py
[2024-01-28T02:57:09.048+0000] {processor.py:830} INFO - Processing file /home/airflow/.local/lib/python3.8/site-packages/airflow/example_dags/tutorial_taskflow_api.py for tasks to queue
[2024-01-28T02:57:09.049+0000] {logging_mixin.py:188} INFO - [2024-01-28T02:57:09.049+0000] {dagbag.py:538} INFO - Filling up the DagBag from /home/airflow/.local/lib/python3.8/site-packages/airflow/example_dags/tutorial_taskflow_api.py
[2024-01-28T02:57:09.055+0000] {processor.py:840} INFO - DAG(s) 'tutorial_taskflow_api' retrieved from /home/airflow/.local/lib/python3.8/site-packages/airflow/example_dags/tutorial_taskflow_api.py
[2024-01-28T02:57:09.077+0000] {logging_mixin.py:188} INFO - [2024-01-28T02:57:09.076+0000] {dag.py:3036} INFO - Sync 1 DAGs
[2024-01-28T02:57:09.088+0000] {logging_mixin.py:188} INFO - [2024-01-28T02:57:09.088+0000] {dag.py:3823} INFO - Setting next_dagrun for tutorial_taskflow_api to None, run_after=None
[2024-01-28T02:57:09.110+0000] {processor.py:183} INFO - Processing /home/airflow/.local/lib/python3.8/site-packages/airflow/example_dags/tutorial_taskflow_api.py took 0.066 seconds
[2024-01-28T02:57:40.134+0000] {processor.py:161} INFO - Started process (PID=10359) to work on /home/airflow/.local/lib/python3.8/site-packages/airflow/example_dags/tutorial_taskflow_api.py
[2024-01-28T02:57:40.136+0000] {processor.py:830} INFO - Processing file /home/airflow/.local/lib/python3.8/site-packages/airflow/example_dags/tutorial_taskflow_api.py for tasks to queue
[2024-01-28T02:57:40.137+0000] {logging_mixin.py:188} INFO - [2024-01-28T02:57:40.136+0000] {dagbag.py:538} INFO - Filling up the DagBag from /home/airflow/.local/lib/python3.8/site-packages/airflow/example_dags/tutorial_taskflow_api.py
[2024-01-28T02:57:40.145+0000] {processor.py:840} INFO - DAG(s) 'tutorial_taskflow_api' retrieved from /home/airflow/.local/lib/python3.8/site-packages/airflow/example_dags/tutorial_taskflow_api.py
[2024-01-28T02:57:40.168+0000] {logging_mixin.py:188} INFO - [2024-01-28T02:57:40.168+0000] {dag.py:3036} INFO - Sync 1 DAGs
[2024-01-28T02:57:40.181+0000] {logging_mixin.py:188} INFO - [2024-01-28T02:57:40.181+0000] {dag.py:3823} INFO - Setting next_dagrun for tutorial_taskflow_api to None, run_after=None
[2024-01-28T02:57:40.203+0000] {processor.py:183} INFO - Processing /home/airflow/.local/lib/python3.8/site-packages/airflow/example_dags/tutorial_taskflow_api.py took 0.073 seconds
[2024-01-28T02:58:10.682+0000] {processor.py:161} INFO - Started process (PID=10664) to work on /home/airflow/.local/lib/python3.8/site-packages/airflow/example_dags/tutorial_taskflow_api.py
[2024-01-28T02:58:10.683+0000] {processor.py:830} INFO - Processing file /home/airflow/.local/lib/python3.8/site-packages/airflow/example_dags/tutorial_taskflow_api.py for tasks to queue
[2024-01-28T02:58:10.684+0000] {logging_mixin.py:188} INFO - [2024-01-28T02:58:10.684+0000] {dagbag.py:538} INFO - Filling up the DagBag from /home/airflow/.local/lib/python3.8/site-packages/airflow/example_dags/tutorial_taskflow_api.py
[2024-01-28T02:58:10.691+0000] {processor.py:840} INFO - DAG(s) 'tutorial_taskflow_api' retrieved from /home/airflow/.local/lib/python3.8/site-packages/airflow/example_dags/tutorial_taskflow_api.py
[2024-01-28T02:58:10.714+0000] {logging_mixin.py:188} INFO - [2024-01-28T02:58:10.714+0000] {dag.py:3036} INFO - Sync 1 DAGs
[2024-01-28T02:58:10.729+0000] {logging_mixin.py:188} INFO - [2024-01-28T02:58:10.728+0000] {dag.py:3823} INFO - Setting next_dagrun for tutorial_taskflow_api to None, run_after=None
[2024-01-28T02:58:10.752+0000] {processor.py:183} INFO - Processing /home/airflow/.local/lib/python3.8/site-packages/airflow/example_dags/tutorial_taskflow_api.py took 0.074 seconds
