[2024-02-28T03:26:34.995+0000] {processor.py:161} INFO - Started process (PID=165) to work on /opt/airflow/dags/sales_forecast_pipeline.py
[2024-02-28T03:26:34.998+0000] {processor.py:830} INFO - Processing file /opt/airflow/dags/sales_forecast_pipeline.py for tasks to queue
[2024-02-28T03:26:35.006+0000] {logging_mixin.py:188} INFO - [2024-02-28T03:26:35.006+0000] {dagbag.py:538} INFO - Filling up the DagBag from /opt/airflow/dags/sales_forecast_pipeline.py
[2024-02-28T03:26:38.720+0000] {logging_mixin.py:188} INFO - [2024-02-28T03:26:38.720+0000] {__init__.py:531} WARNING - Matplotlib created a temporary cache directory at /tmp/matplotlib-h6_7wc6p because the default path (/home/airflow/.cache/matplotlib) is not a writable directory; it is highly recommended to set the MPLCONFIGDIR environment variable to a writable directory, in particular to speed up the import of Matplotlib and to better support multiprocessing.
[2024-02-28T03:26:39.737+0000] {logging_mixin.py:188} INFO - [2024-02-28T03:26:39.736+0000] {font_manager.py:1547} INFO - generated new fontManager
[2024-02-28T03:26:55.245+0000] {processor.py:840} INFO - DAG(s) 'sales_forecast_pipeline' retrieved from /opt/airflow/dags/sales_forecast_pipeline.py
[2024-02-28T03:26:55.667+0000] {logging_mixin.py:188} INFO - [2024-02-28T03:26:55.665+0000] {dag.py:3036} INFO - Sync 1 DAGs
[2024-02-28T03:26:55.760+0000] {logging_mixin.py:188} INFO - [2024-02-28T03:26:55.759+0000] {dag.py:3823} INFO - Setting next_dagrun for sales_forecast_pipeline to 2024-01-01 06:00:00+00:00, run_after=2024-02-01 06:00:00+00:00
[2024-02-28T03:26:55.863+0000] {processor.py:183} INFO - Processing /opt/airflow/dags/sales_forecast_pipeline.py took 20.840 seconds
[2024-02-28T03:27:26.250+0000] {processor.py:161} INFO - Started process (PID=501) to work on /opt/airflow/dags/sales_forecast_pipeline.py
[2024-02-28T03:27:26.269+0000] {processor.py:830} INFO - Processing file /opt/airflow/dags/sales_forecast_pipeline.py for tasks to queue
[2024-02-28T03:27:26.272+0000] {logging_mixin.py:188} INFO - [2024-02-28T03:27:26.271+0000] {dagbag.py:538} INFO - Filling up the DagBag from /opt/airflow/dags/sales_forecast_pipeline.py
[2024-02-28T03:27:28.942+0000] {logging_mixin.py:188} INFO - [2024-02-28T03:27:28.941+0000] {__init__.py:531} WARNING - Matplotlib created a temporary cache directory at /tmp/matplotlib-8h9175sb because the default path (/home/airflow/.cache/matplotlib) is not a writable directory; it is highly recommended to set the MPLCONFIGDIR environment variable to a writable directory, in particular to speed up the import of Matplotlib and to better support multiprocessing.
[2024-02-28T03:27:29.439+0000] {logging_mixin.py:188} INFO - [2024-02-28T03:27:29.439+0000] {font_manager.py:1547} INFO - generated new fontManager
[2024-02-28T03:27:31.344+0000] {processor.py:840} INFO - DAG(s) 'sales_forecast_pipeline' retrieved from /opt/airflow/dags/sales_forecast_pipeline.py
[2024-02-28T03:27:31.364+0000] {logging_mixin.py:188} INFO - [2024-02-28T03:27:31.364+0000] {dag.py:3036} INFO - Sync 1 DAGs
[2024-02-28T03:27:31.410+0000] {logging_mixin.py:188} INFO - [2024-02-28T03:27:31.409+0000] {dag.py:3823} INFO - Setting next_dagrun for sales_forecast_pipeline to 2024-02-01 06:00:00+00:00, run_after=2024-03-01 06:00:00+00:00
[2024-02-28T03:27:31.472+0000] {processor.py:183} INFO - Processing /opt/airflow/dags/sales_forecast_pipeline.py took 5.315 seconds
[2024-02-28T03:28:01.603+0000] {processor.py:161} INFO - Started process (PID=826) to work on /opt/airflow/dags/sales_forecast_pipeline.py
[2024-02-28T03:28:01.605+0000] {processor.py:830} INFO - Processing file /opt/airflow/dags/sales_forecast_pipeline.py for tasks to queue
[2024-02-28T03:28:01.607+0000] {logging_mixin.py:188} INFO - [2024-02-28T03:28:01.606+0000] {dagbag.py:538} INFO - Filling up the DagBag from /opt/airflow/dags/sales_forecast_pipeline.py
[2024-02-28T03:28:08.038+0000] {logging_mixin.py:188} INFO - [2024-02-28T03:28:08.038+0000] {__init__.py:531} WARNING - Matplotlib created a temporary cache directory at /tmp/matplotlib-uyjkfdhh because the default path (/home/airflow/.cache/matplotlib) is not a writable directory; it is highly recommended to set the MPLCONFIGDIR environment variable to a writable directory, in particular to speed up the import of Matplotlib and to better support multiprocessing.
[2024-02-28T03:28:10.208+0000] {logging_mixin.py:188} INFO - [2024-02-28T03:28:10.208+0000] {font_manager.py:1547} INFO - generated new fontManager
[2024-02-28T03:28:13.943+0000] {processor.py:840} INFO - DAG(s) 'sales_forecast_pipeline' retrieved from /opt/airflow/dags/sales_forecast_pipeline.py
[2024-02-28T03:28:13.986+0000] {logging_mixin.py:188} INFO - [2024-02-28T03:28:13.986+0000] {dag.py:3036} INFO - Sync 1 DAGs
[2024-02-28T03:28:14.058+0000] {logging_mixin.py:188} INFO - [2024-02-28T03:28:14.057+0000] {dag.py:3823} INFO - Setting next_dagrun for sales_forecast_pipeline to 2024-02-01 06:00:00+00:00, run_after=2024-03-01 06:00:00+00:00
[2024-02-28T03:28:14.118+0000] {processor.py:183} INFO - Processing /opt/airflow/dags/sales_forecast_pipeline.py took 12.522 seconds
[2024-02-28T03:28:44.601+0000] {processor.py:161} INFO - Started process (PID=1166) to work on /opt/airflow/dags/sales_forecast_pipeline.py
[2024-02-28T03:28:44.603+0000] {processor.py:830} INFO - Processing file /opt/airflow/dags/sales_forecast_pipeline.py for tasks to queue
[2024-02-28T03:28:44.612+0000] {logging_mixin.py:188} INFO - [2024-02-28T03:28:44.611+0000] {dagbag.py:538} INFO - Filling up the DagBag from /opt/airflow/dags/sales_forecast_pipeline.py
[2024-02-28T03:28:48.017+0000] {logging_mixin.py:188} INFO - [2024-02-28T03:28:48.016+0000] {__init__.py:531} WARNING - Matplotlib created a temporary cache directory at /tmp/matplotlib-2ip625o0 because the default path (/home/airflow/.cache/matplotlib) is not a writable directory; it is highly recommended to set the MPLCONFIGDIR environment variable to a writable directory, in particular to speed up the import of Matplotlib and to better support multiprocessing.
[2024-02-28T03:28:48.668+0000] {logging_mixin.py:188} INFO - [2024-02-28T03:28:48.667+0000] {font_manager.py:1547} INFO - generated new fontManager
[2024-02-28T03:28:51.394+0000] {processor.py:840} INFO - DAG(s) 'sales_forecast_pipeline' retrieved from /opt/airflow/dags/sales_forecast_pipeline.py
[2024-02-28T03:28:51.421+0000] {logging_mixin.py:188} INFO - [2024-02-28T03:28:51.420+0000] {dag.py:3036} INFO - Sync 1 DAGs
[2024-02-28T03:28:51.492+0000] {logging_mixin.py:188} INFO - [2024-02-28T03:28:51.485+0000] {dag.py:3823} INFO - Setting next_dagrun for sales_forecast_pipeline to 2024-02-01 06:00:00+00:00, run_after=2024-03-01 06:00:00+00:00
[2024-02-28T03:28:51.596+0000] {processor.py:183} INFO - Processing /opt/airflow/dags/sales_forecast_pipeline.py took 7.000 seconds
[2024-02-28T03:29:21.891+0000] {processor.py:161} INFO - Started process (PID=1490) to work on /opt/airflow/dags/sales_forecast_pipeline.py
[2024-02-28T03:29:21.892+0000] {processor.py:830} INFO - Processing file /opt/airflow/dags/sales_forecast_pipeline.py for tasks to queue
[2024-02-28T03:29:21.894+0000] {logging_mixin.py:188} INFO - [2024-02-28T03:29:21.893+0000] {dagbag.py:538} INFO - Filling up the DagBag from /opt/airflow/dags/sales_forecast_pipeline.py
[2024-02-28T03:29:23.364+0000] {logging_mixin.py:188} INFO - [2024-02-28T03:29:23.364+0000] {__init__.py:531} WARNING - Matplotlib created a temporary cache directory at /tmp/matplotlib-uayylyv2 because the default path (/home/airflow/.cache/matplotlib) is not a writable directory; it is highly recommended to set the MPLCONFIGDIR environment variable to a writable directory, in particular to speed up the import of Matplotlib and to better support multiprocessing.
[2024-02-28T03:29:23.796+0000] {logging_mixin.py:188} INFO - [2024-02-28T03:29:23.795+0000] {font_manager.py:1547} INFO - generated new fontManager
[2024-02-28T03:29:25.824+0000] {processor.py:840} INFO - DAG(s) 'sales_forecast_pipeline' retrieved from /opt/airflow/dags/sales_forecast_pipeline.py
[2024-02-28T03:29:25.850+0000] {logging_mixin.py:188} INFO - [2024-02-28T03:29:25.849+0000] {dag.py:3036} INFO - Sync 1 DAGs
[2024-02-28T03:29:25.886+0000] {logging_mixin.py:188} INFO - [2024-02-28T03:29:25.886+0000] {dag.py:3823} INFO - Setting next_dagrun for sales_forecast_pipeline to 2024-02-01 06:00:00+00:00, run_after=2024-03-01 06:00:00+00:00
[2024-02-28T03:29:25.916+0000] {processor.py:183} INFO - Processing /opt/airflow/dags/sales_forecast_pipeline.py took 4.030 seconds
[2024-02-28T03:29:56.694+0000] {processor.py:161} INFO - Started process (PID=1818) to work on /opt/airflow/dags/sales_forecast_pipeline.py
[2024-02-28T03:29:56.695+0000] {processor.py:830} INFO - Processing file /opt/airflow/dags/sales_forecast_pipeline.py for tasks to queue
[2024-02-28T03:29:56.696+0000] {logging_mixin.py:188} INFO - [2024-02-28T03:29:56.696+0000] {dagbag.py:538} INFO - Filling up the DagBag from /opt/airflow/dags/sales_forecast_pipeline.py
[2024-02-28T03:29:57.126+0000] {logging_mixin.py:188} INFO - [2024-02-28T03:29:57.125+0000] {__init__.py:531} WARNING - Matplotlib created a temporary cache directory at /tmp/matplotlib-1_9ekeq1 because the default path (/home/airflow/.cache/matplotlib) is not a writable directory; it is highly recommended to set the MPLCONFIGDIR environment variable to a writable directory, in particular to speed up the import of Matplotlib and to better support multiprocessing.
[2024-02-28T03:29:57.293+0000] {logging_mixin.py:188} INFO - [2024-02-28T03:29:57.293+0000] {font_manager.py:1547} INFO - generated new fontManager
[2024-02-28T03:29:58.069+0000] {processor.py:840} INFO - DAG(s) 'sales_forecast_pipeline' retrieved from /opt/airflow/dags/sales_forecast_pipeline.py
[2024-02-28T03:29:58.123+0000] {logging_mixin.py:188} INFO - [2024-02-28T03:29:58.120+0000] {dag.py:3036} INFO - Sync 1 DAGs
[2024-02-28T03:29:58.171+0000] {logging_mixin.py:188} INFO - [2024-02-28T03:29:58.170+0000] {dag.py:3823} INFO - Setting next_dagrun for sales_forecast_pipeline to 2024-02-01 06:00:00+00:00, run_after=2024-03-01 06:00:00+00:00
[2024-02-28T03:29:58.293+0000] {processor.py:183} INFO - Processing /opt/airflow/dags/sales_forecast_pipeline.py took 1.602 seconds
[2024-02-28T03:30:28.891+0000] {processor.py:161} INFO - Started process (PID=2126) to work on /opt/airflow/dags/sales_forecast_pipeline.py
[2024-02-28T03:30:28.893+0000] {processor.py:830} INFO - Processing file /opt/airflow/dags/sales_forecast_pipeline.py for tasks to queue
[2024-02-28T03:30:28.895+0000] {logging_mixin.py:188} INFO - [2024-02-28T03:30:28.894+0000] {dagbag.py:538} INFO - Filling up the DagBag from /opt/airflow/dags/sales_forecast_pipeline.py
[2024-02-28T03:30:29.567+0000] {logging_mixin.py:188} INFO - [2024-02-28T03:30:29.566+0000] {__init__.py:531} WARNING - Matplotlib created a temporary cache directory at /tmp/matplotlib-zbdrrfam because the default path (/home/airflow/.cache/matplotlib) is not a writable directory; it is highly recommended to set the MPLCONFIGDIR environment variable to a writable directory, in particular to speed up the import of Matplotlib and to better support multiprocessing.
[2024-02-28T03:30:29.991+0000] {logging_mixin.py:188} INFO - [2024-02-28T03:30:29.990+0000] {font_manager.py:1547} INFO - generated new fontManager
[2024-02-28T03:30:31.487+0000] {processor.py:840} INFO - DAG(s) 'sales_forecast_pipeline' retrieved from /opt/airflow/dags/sales_forecast_pipeline.py
[2024-02-28T03:30:31.570+0000] {logging_mixin.py:188} INFO - [2024-02-28T03:30:31.562+0000] {dag.py:3036} INFO - Sync 1 DAGs
[2024-02-28T03:30:31.611+0000] {logging_mixin.py:188} INFO - [2024-02-28T03:30:31.610+0000] {dag.py:3823} INFO - Setting next_dagrun for sales_forecast_pipeline to 2024-02-01 06:00:00+00:00, run_after=2024-03-01 06:00:00+00:00
[2024-02-28T03:30:31.669+0000] {processor.py:183} INFO - Processing /opt/airflow/dags/sales_forecast_pipeline.py took 2.782 seconds
[2024-02-28T03:31:02.689+0000] {processor.py:161} INFO - Started process (PID=2497) to work on /opt/airflow/dags/sales_forecast_pipeline.py
[2024-02-28T03:31:02.691+0000] {processor.py:830} INFO - Processing file /opt/airflow/dags/sales_forecast_pipeline.py for tasks to queue
[2024-02-28T03:31:02.692+0000] {logging_mixin.py:188} INFO - [2024-02-28T03:31:02.691+0000] {dagbag.py:538} INFO - Filling up the DagBag from /opt/airflow/dags/sales_forecast_pipeline.py
[2024-02-28T03:31:03.327+0000] {logging_mixin.py:188} INFO - [2024-02-28T03:31:03.327+0000] {__init__.py:531} WARNING - Matplotlib created a temporary cache directory at /tmp/matplotlib-zkpl14bd because the default path (/home/airflow/.cache/matplotlib) is not a writable directory; it is highly recommended to set the MPLCONFIGDIR environment variable to a writable directory, in particular to speed up the import of Matplotlib and to better support multiprocessing.
[2024-02-28T03:31:03.581+0000] {logging_mixin.py:188} INFO - [2024-02-28T03:31:03.581+0000] {font_manager.py:1547} INFO - generated new fontManager
[2024-02-28T03:31:04.680+0000] {processor.py:840} INFO - DAG(s) 'sales_forecast_pipeline' retrieved from /opt/airflow/dags/sales_forecast_pipeline.py
[2024-02-28T03:31:04.697+0000] {logging_mixin.py:188} INFO - [2024-02-28T03:31:04.697+0000] {dag.py:3036} INFO - Sync 1 DAGs
[2024-02-28T03:31:04.722+0000] {logging_mixin.py:188} INFO - [2024-02-28T03:31:04.722+0000] {dag.py:3823} INFO - Setting next_dagrun for sales_forecast_pipeline to 2024-02-01 06:00:00+00:00, run_after=2024-03-01 06:00:00+00:00
[2024-02-28T03:31:04.751+0000] {processor.py:183} INFO - Processing /opt/airflow/dags/sales_forecast_pipeline.py took 2.066 seconds
[2024-02-28T03:31:35.163+0000] {processor.py:161} INFO - Started process (PID=2861) to work on /opt/airflow/dags/sales_forecast_pipeline.py
[2024-02-28T03:31:35.165+0000] {processor.py:830} INFO - Processing file /opt/airflow/dags/sales_forecast_pipeline.py for tasks to queue
[2024-02-28T03:31:35.166+0000] {logging_mixin.py:188} INFO - [2024-02-28T03:31:35.166+0000] {dagbag.py:538} INFO - Filling up the DagBag from /opt/airflow/dags/sales_forecast_pipeline.py
[2024-02-28T03:31:36.003+0000] {logging_mixin.py:188} INFO - [2024-02-28T03:31:36.002+0000] {__init__.py:531} WARNING - Matplotlib created a temporary cache directory at /tmp/matplotlib-lupii8l0 because the default path (/home/airflow/.cache/matplotlib) is not a writable directory; it is highly recommended to set the MPLCONFIGDIR environment variable to a writable directory, in particular to speed up the import of Matplotlib and to better support multiprocessing.
[2024-02-28T03:31:36.380+0000] {logging_mixin.py:188} INFO - [2024-02-28T03:31:36.379+0000] {font_manager.py:1547} INFO - generated new fontManager
[2024-02-28T03:31:37.704+0000] {processor.py:840} INFO - DAG(s) 'sales_forecast_pipeline' retrieved from /opt/airflow/dags/sales_forecast_pipeline.py
[2024-02-28T03:31:37.735+0000] {logging_mixin.py:188} INFO - [2024-02-28T03:31:37.734+0000] {dag.py:3036} INFO - Sync 1 DAGs
[2024-02-28T03:31:37.756+0000] {logging_mixin.py:188} INFO - [2024-02-28T03:31:37.756+0000] {dag.py:3823} INFO - Setting next_dagrun for sales_forecast_pipeline to 2024-02-01 06:00:00+00:00, run_after=2024-03-01 06:00:00+00:00
[2024-02-28T03:31:37.780+0000] {processor.py:183} INFO - Processing /opt/airflow/dags/sales_forecast_pipeline.py took 2.621 seconds
[2024-02-28T03:32:14.860+0000] {processor.py:161} INFO - Started process (PID=3218) to work on /opt/airflow/dags/sales_forecast_pipeline.py
[2024-02-28T03:32:14.861+0000] {processor.py:830} INFO - Processing file /opt/airflow/dags/sales_forecast_pipeline.py for tasks to queue
[2024-02-28T03:32:14.863+0000] {logging_mixin.py:188} INFO - [2024-02-28T03:32:14.862+0000] {dagbag.py:538} INFO - Filling up the DagBag from /opt/airflow/dags/sales_forecast_pipeline.py
[2024-02-28T03:32:15.533+0000] {logging_mixin.py:188} INFO - [2024-02-28T03:32:15.532+0000] {__init__.py:531} WARNING - Matplotlib created a temporary cache directory at /tmp/matplotlib-ac6pzlyh because the default path (/home/airflow/.cache/matplotlib) is not a writable directory; it is highly recommended to set the MPLCONFIGDIR environment variable to a writable directory, in particular to speed up the import of Matplotlib and to better support multiprocessing.
[2024-02-28T03:32:15.746+0000] {logging_mixin.py:188} INFO - [2024-02-28T03:32:15.745+0000] {font_manager.py:1547} INFO - generated new fontManager
[2024-02-28T03:32:16.812+0000] {processor.py:840} INFO - DAG(s) 'sales_forecast_pipeline' retrieved from /opt/airflow/dags/sales_forecast_pipeline.py
[2024-02-28T03:32:16.837+0000] {logging_mixin.py:188} INFO - [2024-02-28T03:32:16.836+0000] {dag.py:3036} INFO - Sync 1 DAGs
[2024-02-28T03:32:16.878+0000] {logging_mixin.py:188} INFO - [2024-02-28T03:32:16.877+0000] {dag.py:3823} INFO - Setting next_dagrun for sales_forecast_pipeline to 2024-02-01 06:00:00+00:00, run_after=2024-03-01 06:00:00+00:00
[2024-02-28T03:32:16.905+0000] {processor.py:183} INFO - Processing /opt/airflow/dags/sales_forecast_pipeline.py took 2.049 seconds
[2024-02-28T03:32:47.430+0000] {processor.py:161} INFO - Started process (PID=3536) to work on /opt/airflow/dags/sales_forecast_pipeline.py
[2024-02-28T03:32:47.432+0000] {processor.py:830} INFO - Processing file /opt/airflow/dags/sales_forecast_pipeline.py for tasks to queue
[2024-02-28T03:32:47.434+0000] {logging_mixin.py:188} INFO - [2024-02-28T03:32:47.434+0000] {dagbag.py:538} INFO - Filling up the DagBag from /opt/airflow/dags/sales_forecast_pipeline.py
[2024-02-28T03:32:48.012+0000] {logging_mixin.py:188} INFO - [2024-02-28T03:32:48.012+0000] {__init__.py:531} WARNING - Matplotlib created a temporary cache directory at /tmp/matplotlib-cpp9ak2x because the default path (/home/airflow/.cache/matplotlib) is not a writable directory; it is highly recommended to set the MPLCONFIGDIR environment variable to a writable directory, in particular to speed up the import of Matplotlib and to better support multiprocessing.
[2024-02-28T03:32:48.200+0000] {logging_mixin.py:188} INFO - [2024-02-28T03:32:48.200+0000] {font_manager.py:1547} INFO - generated new fontManager
[2024-02-28T03:32:49.137+0000] {processor.py:840} INFO - DAG(s) 'sales_forecast_pipeline' retrieved from /opt/airflow/dags/sales_forecast_pipeline.py
[2024-02-28T03:32:49.158+0000] {logging_mixin.py:188} INFO - [2024-02-28T03:32:49.157+0000] {dag.py:3036} INFO - Sync 1 DAGs
[2024-02-28T03:32:49.183+0000] {logging_mixin.py:188} INFO - [2024-02-28T03:32:49.183+0000] {dag.py:3823} INFO - Setting next_dagrun for sales_forecast_pipeline to 2024-02-01 06:00:00+00:00, run_after=2024-03-01 06:00:00+00:00
[2024-02-28T03:32:49.207+0000] {processor.py:183} INFO - Processing /opt/airflow/dags/sales_forecast_pipeline.py took 1.786 seconds
[2024-02-28T03:33:19.318+0000] {processor.py:161} INFO - Started process (PID=3862) to work on /opt/airflow/dags/sales_forecast_pipeline.py
[2024-02-28T03:33:19.319+0000] {processor.py:830} INFO - Processing file /opt/airflow/dags/sales_forecast_pipeline.py for tasks to queue
[2024-02-28T03:33:19.320+0000] {logging_mixin.py:188} INFO - [2024-02-28T03:33:19.320+0000] {dagbag.py:538} INFO - Filling up the DagBag from /opt/airflow/dags/sales_forecast_pipeline.py
[2024-02-28T03:33:19.969+0000] {logging_mixin.py:188} INFO - [2024-02-28T03:33:19.969+0000] {__init__.py:531} WARNING - Matplotlib created a temporary cache directory at /tmp/matplotlib-e0c72jus because the default path (/home/airflow/.cache/matplotlib) is not a writable directory; it is highly recommended to set the MPLCONFIGDIR environment variable to a writable directory, in particular to speed up the import of Matplotlib and to better support multiprocessing.
[2024-02-28T03:33:20.195+0000] {logging_mixin.py:188} INFO - [2024-02-28T03:33:20.194+0000] {font_manager.py:1547} INFO - generated new fontManager
[2024-02-28T03:33:21.222+0000] {processor.py:840} INFO - DAG(s) 'sales_forecast_pipeline' retrieved from /opt/airflow/dags/sales_forecast_pipeline.py
[2024-02-28T03:33:21.239+0000] {logging_mixin.py:188} INFO - [2024-02-28T03:33:21.238+0000] {dag.py:3036} INFO - Sync 1 DAGs
[2024-02-28T03:33:21.261+0000] {logging_mixin.py:188} INFO - [2024-02-28T03:33:21.261+0000] {dag.py:3823} INFO - Setting next_dagrun for sales_forecast_pipeline to 2024-02-01 06:00:00+00:00, run_after=2024-03-01 06:00:00+00:00
[2024-02-28T03:33:21.283+0000] {processor.py:183} INFO - Processing /opt/airflow/dags/sales_forecast_pipeline.py took 1.968 seconds
[2024-02-28T03:33:51.532+0000] {processor.py:161} INFO - Started process (PID=4173) to work on /opt/airflow/dags/sales_forecast_pipeline.py
[2024-02-28T03:33:51.533+0000] {processor.py:830} INFO - Processing file /opt/airflow/dags/sales_forecast_pipeline.py for tasks to queue
[2024-02-28T03:33:51.534+0000] {logging_mixin.py:188} INFO - [2024-02-28T03:33:51.534+0000] {dagbag.py:538} INFO - Filling up the DagBag from /opt/airflow/dags/sales_forecast_pipeline.py
[2024-02-28T03:33:52.293+0000] {logging_mixin.py:188} INFO - [2024-02-28T03:33:52.292+0000] {__init__.py:531} WARNING - Matplotlib created a temporary cache directory at /tmp/matplotlib-yns4zhwn because the default path (/home/airflow/.cache/matplotlib) is not a writable directory; it is highly recommended to set the MPLCONFIGDIR environment variable to a writable directory, in particular to speed up the import of Matplotlib and to better support multiprocessing.
[2024-02-28T03:33:52.739+0000] {logging_mixin.py:188} INFO - [2024-02-28T03:33:52.739+0000] {font_manager.py:1547} INFO - generated new fontManager
[2024-02-28T03:33:53.840+0000] {processor.py:840} INFO - DAG(s) 'sales_forecast_pipeline' retrieved from /opt/airflow/dags/sales_forecast_pipeline.py
[2024-02-28T03:33:53.861+0000] {logging_mixin.py:188} INFO - [2024-02-28T03:33:53.860+0000] {dag.py:3036} INFO - Sync 1 DAGs
[2024-02-28T03:33:53.884+0000] {logging_mixin.py:188} INFO - [2024-02-28T03:33:53.884+0000] {dag.py:3823} INFO - Setting next_dagrun for sales_forecast_pipeline to 2024-02-01 06:00:00+00:00, run_after=2024-03-01 06:00:00+00:00
[2024-02-28T03:33:53.914+0000] {processor.py:183} INFO - Processing /opt/airflow/dags/sales_forecast_pipeline.py took 2.385 seconds
[2024-02-28T03:34:24.305+0000] {processor.py:161} INFO - Started process (PID=4514) to work on /opt/airflow/dags/sales_forecast_pipeline.py
[2024-02-28T03:34:24.310+0000] {processor.py:830} INFO - Processing file /opt/airflow/dags/sales_forecast_pipeline.py for tasks to queue
[2024-02-28T03:34:24.320+0000] {logging_mixin.py:188} INFO - [2024-02-28T03:34:24.312+0000] {dagbag.py:538} INFO - Filling up the DagBag from /opt/airflow/dags/sales_forecast_pipeline.py
[2024-02-28T03:34:26.326+0000] {logging_mixin.py:188} INFO - [2024-02-28T03:34:26.325+0000] {__init__.py:531} WARNING - Matplotlib created a temporary cache directory at /tmp/matplotlib-_zgqf9ab because the default path (/home/airflow/.cache/matplotlib) is not a writable directory; it is highly recommended to set the MPLCONFIGDIR environment variable to a writable directory, in particular to speed up the import of Matplotlib and to better support multiprocessing.
[2024-02-28T03:34:26.845+0000] {logging_mixin.py:188} INFO - [2024-02-28T03:34:26.844+0000] {font_manager.py:1547} INFO - generated new fontManager
[2024-02-28T03:34:28.083+0000] {processor.py:840} INFO - DAG(s) 'sales_forecast_pipeline' retrieved from /opt/airflow/dags/sales_forecast_pipeline.py
[2024-02-28T03:34:28.107+0000] {logging_mixin.py:188} INFO - [2024-02-28T03:34:28.106+0000] {dag.py:3036} INFO - Sync 1 DAGs
[2024-02-28T03:34:28.140+0000] {logging_mixin.py:188} INFO - [2024-02-28T03:34:28.139+0000] {dag.py:3823} INFO - Setting next_dagrun for sales_forecast_pipeline to 2024-02-01 06:00:00+00:00, run_after=2024-03-01 06:00:00+00:00
[2024-02-28T03:34:28.174+0000] {processor.py:183} INFO - Processing /opt/airflow/dags/sales_forecast_pipeline.py took 3.873 seconds
[2024-02-28T03:34:58.252+0000] {processor.py:161} INFO - Started process (PID=4835) to work on /opt/airflow/dags/sales_forecast_pipeline.py
[2024-02-28T03:34:58.254+0000] {processor.py:830} INFO - Processing file /opt/airflow/dags/sales_forecast_pipeline.py for tasks to queue
[2024-02-28T03:34:58.255+0000] {logging_mixin.py:188} INFO - [2024-02-28T03:34:58.254+0000] {dagbag.py:538} INFO - Filling up the DagBag from /opt/airflow/dags/sales_forecast_pipeline.py
[2024-02-28T03:34:58.725+0000] {logging_mixin.py:188} INFO - [2024-02-28T03:34:58.725+0000] {__init__.py:531} WARNING - Matplotlib created a temporary cache directory at /tmp/matplotlib-wg_v5mxy because the default path (/home/airflow/.cache/matplotlib) is not a writable directory; it is highly recommended to set the MPLCONFIGDIR environment variable to a writable directory, in particular to speed up the import of Matplotlib and to better support multiprocessing.
[2024-02-28T03:34:58.958+0000] {logging_mixin.py:188} INFO - [2024-02-28T03:34:58.958+0000] {font_manager.py:1547} INFO - generated new fontManager
[2024-02-28T03:35:00.238+0000] {processor.py:840} INFO - DAG(s) 'sales_forecast_pipeline' retrieved from /opt/airflow/dags/sales_forecast_pipeline.py
[2024-02-28T03:35:00.253+0000] {logging_mixin.py:188} INFO - [2024-02-28T03:35:00.253+0000] {dag.py:3036} INFO - Sync 1 DAGs
[2024-02-28T03:35:00.280+0000] {logging_mixin.py:188} INFO - [2024-02-28T03:35:00.280+0000] {dag.py:3823} INFO - Setting next_dagrun for sales_forecast_pipeline to 2024-02-01 06:00:00+00:00, run_after=2024-03-01 06:00:00+00:00
[2024-02-28T03:35:00.308+0000] {processor.py:183} INFO - Processing /opt/airflow/dags/sales_forecast_pipeline.py took 2.059 seconds
[2024-02-28T03:35:30.763+0000] {processor.py:161} INFO - Started process (PID=5146) to work on /opt/airflow/dags/sales_forecast_pipeline.py
[2024-02-28T03:35:30.765+0000] {processor.py:830} INFO - Processing file /opt/airflow/dags/sales_forecast_pipeline.py for tasks to queue
[2024-02-28T03:35:30.772+0000] {logging_mixin.py:188} INFO - [2024-02-28T03:35:30.771+0000] {dagbag.py:538} INFO - Filling up the DagBag from /opt/airflow/dags/sales_forecast_pipeline.py
[2024-02-28T03:35:31.574+0000] {logging_mixin.py:188} INFO - [2024-02-28T03:35:31.573+0000] {__init__.py:531} WARNING - Matplotlib created a temporary cache directory at /tmp/matplotlib-njgetm8w because the default path (/home/airflow/.cache/matplotlib) is not a writable directory; it is highly recommended to set the MPLCONFIGDIR environment variable to a writable directory, in particular to speed up the import of Matplotlib and to better support multiprocessing.
[2024-02-28T03:35:31.801+0000] {logging_mixin.py:188} INFO - [2024-02-28T03:35:31.801+0000] {font_manager.py:1547} INFO - generated new fontManager
[2024-02-28T03:35:33.111+0000] {processor.py:840} INFO - DAG(s) 'sales_forecast_pipeline' retrieved from /opt/airflow/dags/sales_forecast_pipeline.py
[2024-02-28T03:35:33.133+0000] {logging_mixin.py:188} INFO - [2024-02-28T03:35:33.132+0000] {dag.py:3036} INFO - Sync 1 DAGs
[2024-02-28T03:35:33.158+0000] {logging_mixin.py:188} INFO - [2024-02-28T03:35:33.158+0000] {dag.py:3823} INFO - Setting next_dagrun for sales_forecast_pipeline to 2024-02-01 06:00:00+00:00, run_after=2024-03-01 06:00:00+00:00
[2024-02-28T03:35:33.184+0000] {processor.py:183} INFO - Processing /opt/airflow/dags/sales_forecast_pipeline.py took 2.424 seconds
