[2024-02-28T03:27:35.993+0000] {taskinstance.py:1956} INFO - Dependencies all met for dep_context=non-requeueable deps ti=<TaskInstance: sales_forecast_pipeline.descriptive_analysis scheduled__2024-01-01T06:00:00+00:00 [queued]>
[2024-02-28T03:27:36.010+0000] {taskinstance.py:1956} INFO - Dependencies all met for dep_context=requeueable deps ti=<TaskInstance: sales_forecast_pipeline.descriptive_analysis scheduled__2024-01-01T06:00:00+00:00 [queued]>
[2024-02-28T03:27:36.011+0000] {taskinstance.py:2170} INFO - Starting attempt 1 of 1
[2024-02-28T03:27:36.035+0000] {taskinstance.py:2191} INFO - Executing <Task(PythonOperator): descriptive_analysis> on 2024-01-01 06:00:00+00:00
[2024-02-28T03:27:36.047+0000] {standard_task_runner.py:60} INFO - Started process 619 to run task
[2024-02-28T03:27:36.052+0000] {standard_task_runner.py:87} INFO - Running: ['***', 'tasks', 'run', 'sales_forecast_pipeline', 'descriptive_analysis', 'scheduled__2024-01-01T06:00:00+00:00', '--job-id', '46', '--raw', '--subdir', 'DAGS_FOLDER/sales_forecast_pipeline.py', '--cfg-path', '/tmp/tmpgr4wycf7']
[2024-02-28T03:27:36.054+0000] {standard_task_runner.py:88} INFO - Job 46: Subtask descriptive_analysis
[2024-02-28T03:27:36.163+0000] {task_command.py:423} INFO - Running <TaskInstance: sales_forecast_pipeline.descriptive_analysis scheduled__2024-01-01T06:00:00+00:00 [running]> on host 15313af250a4
[2024-02-28T03:27:36.352+0000] {taskinstance.py:2480} INFO - Exporting env vars: AIRFLOW_CTX_DAG_OWNER='***' AIRFLOW_CTX_DAG_ID='sales_forecast_pipeline' AIRFLOW_CTX_TASK_ID='descriptive_analysis' AIRFLOW_CTX_EXECUTION_DATE='2024-01-01T06:00:00+00:00' AIRFLOW_CTX_TRY_NUMBER='1' AIRFLOW_CTX_DAG_RUN_ID='scheduled__2024-01-01T06:00:00+00:00'
[2024-02-28T03:27:45.260+0000] {logging_mixin.py:188} WARNING - /opt/***/dags/eda.py:38 RuntimeWarning: More than 20 figures have been opened. Figures created through the pyplot interface (`matplotlib.pyplot.figure`) are retained until explicitly closed and may consume too much memory. (To control this warning, see the rcParam `figure.max_open_warning`). Consider using `matplotlib.pyplot.close()`.
[2024-02-28T03:27:59.061+0000] {category.py:223} INFO - Using categorical units to plot a list of strings that are all parsable as floats or dates. If these strings should be plotted as numbers, cast to the appropriate data type before plotting.
[2024-02-28T03:27:59.067+0000] {category.py:223} INFO - Using categorical units to plot a list of strings that are all parsable as floats or dates. If these strings should be plotted as numbers, cast to the appropriate data type before plotting.
[2024-02-28T03:27:59.378+0000] {category.py:223} INFO - Using categorical units to plot a list of strings that are all parsable as floats or dates. If these strings should be plotted as numbers, cast to the appropriate data type before plotting.
[2024-02-28T03:27:59.384+0000] {category.py:223} INFO - Using categorical units to plot a list of strings that are all parsable as floats or dates. If these strings should be plotted as numbers, cast to the appropriate data type before plotting.
[2024-02-28T03:27:59.795+0000] {category.py:223} INFO - Using categorical units to plot a list of strings that are all parsable as floats or dates. If these strings should be plotted as numbers, cast to the appropriate data type before plotting.
[2024-02-28T03:27:59.803+0000] {category.py:223} INFO - Using categorical units to plot a list of strings that are all parsable as floats or dates. If these strings should be plotted as numbers, cast to the appropriate data type before plotting.
[2024-02-28T03:28:00.283+0000] {category.py:223} INFO - Using categorical units to plot a list of strings that are all parsable as floats or dates. If these strings should be plotted as numbers, cast to the appropriate data type before plotting.
[2024-02-28T03:28:00.291+0000] {category.py:223} INFO - Using categorical units to plot a list of strings that are all parsable as floats or dates. If these strings should be plotted as numbers, cast to the appropriate data type before plotting.
[2024-02-28T03:28:00.701+0000] {category.py:223} INFO - Using categorical units to plot a list of strings that are all parsable as floats or dates. If these strings should be plotted as numbers, cast to the appropriate data type before plotting.
[2024-02-28T03:28:00.708+0000] {category.py:223} INFO - Using categorical units to plot a list of strings that are all parsable as floats or dates. If these strings should be plotted as numbers, cast to the appropriate data type before plotting.
[2024-02-28T03:28:01.340+0000] {category.py:223} INFO - Using categorical units to plot a list of strings that are all parsable as floats or dates. If these strings should be plotted as numbers, cast to the appropriate data type before plotting.
[2024-02-28T03:28:01.349+0000] {category.py:223} INFO - Using categorical units to plot a list of strings that are all parsable as floats or dates. If these strings should be plotted as numbers, cast to the appropriate data type before plotting.
[2024-02-28T03:28:02.431+0000] {category.py:223} INFO - Using categorical units to plot a list of strings that are all parsable as floats or dates. If these strings should be plotted as numbers, cast to the appropriate data type before plotting.
[2024-02-28T03:28:02.442+0000] {category.py:223} INFO - Using categorical units to plot a list of strings that are all parsable as floats or dates. If these strings should be plotted as numbers, cast to the appropriate data type before plotting.
[2024-02-28T03:28:04.113+0000] {category.py:223} INFO - Using categorical units to plot a list of strings that are all parsable as floats or dates. If these strings should be plotted as numbers, cast to the appropriate data type before plotting.
[2024-02-28T03:28:04.131+0000] {category.py:223} INFO - Using categorical units to plot a list of strings that are all parsable as floats or dates. If these strings should be plotted as numbers, cast to the appropriate data type before plotting.
[2024-02-28T03:28:05.736+0000] {category.py:223} INFO - Using categorical units to plot a list of strings that are all parsable as floats or dates. If these strings should be plotted as numbers, cast to the appropriate data type before plotting.
[2024-02-28T03:28:05.775+0000] {category.py:223} INFO - Using categorical units to plot a list of strings that are all parsable as floats or dates. If these strings should be plotted as numbers, cast to the appropriate data type before plotting.
[2024-02-28T03:28:08.586+0000] {category.py:223} INFO - Using categorical units to plot a list of strings that are all parsable as floats or dates. If these strings should be plotted as numbers, cast to the appropriate data type before plotting.
[2024-02-28T03:28:08.678+0000] {category.py:223} INFO - Using categorical units to plot a list of strings that are all parsable as floats or dates. If these strings should be plotted as numbers, cast to the appropriate data type before plotting.
[2024-02-28T03:28:11.685+0000] {category.py:223} INFO - Using categorical units to plot a list of strings that are all parsable as floats or dates. If these strings should be plotted as numbers, cast to the appropriate data type before plotting.
[2024-02-28T03:28:11.710+0000] {category.py:223} INFO - Using categorical units to plot a list of strings that are all parsable as floats or dates. If these strings should be plotted as numbers, cast to the appropriate data type before plotting.
[2024-02-28T03:28:12.794+0000] {category.py:223} INFO - Using categorical units to plot a list of strings that are all parsable as floats or dates. If these strings should be plotted as numbers, cast to the appropriate data type before plotting.
[2024-02-28T03:28:12.805+0000] {category.py:223} INFO - Using categorical units to plot a list of strings that are all parsable as floats or dates. If these strings should be plotted as numbers, cast to the appropriate data type before plotting.
[2024-02-28T03:28:14.561+0000] {category.py:223} INFO - Using categorical units to plot a list of strings that are all parsable as floats or dates. If these strings should be plotted as numbers, cast to the appropriate data type before plotting.
[2024-02-28T03:28:14.600+0000] {category.py:223} INFO - Using categorical units to plot a list of strings that are all parsable as floats or dates. If these strings should be plotted as numbers, cast to the appropriate data type before plotting.
[2024-02-28T03:28:15.801+0000] {category.py:223} INFO - Using categorical units to plot a list of strings that are all parsable as floats or dates. If these strings should be plotted as numbers, cast to the appropriate data type before plotting.
[2024-02-28T03:28:15.820+0000] {category.py:223} INFO - Using categorical units to plot a list of strings that are all parsable as floats or dates. If these strings should be plotted as numbers, cast to the appropriate data type before plotting.
[2024-02-28T03:28:16.736+0000] {category.py:223} INFO - Using categorical units to plot a list of strings that are all parsable as floats or dates. If these strings should be plotted as numbers, cast to the appropriate data type before plotting.
[2024-02-28T03:28:16.760+0000] {category.py:223} INFO - Using categorical units to plot a list of strings that are all parsable as floats or dates. If these strings should be plotted as numbers, cast to the appropriate data type before plotting.
[2024-02-28T03:28:17.693+0000] {category.py:223} INFO - Using categorical units to plot a list of strings that are all parsable as floats or dates. If these strings should be plotted as numbers, cast to the appropriate data type before plotting.
[2024-02-28T03:28:17.718+0000] {category.py:223} INFO - Using categorical units to plot a list of strings that are all parsable as floats or dates. If these strings should be plotted as numbers, cast to the appropriate data type before plotting.
[2024-02-28T03:28:18.367+0000] {category.py:223} INFO - Using categorical units to plot a list of strings that are all parsable as floats or dates. If these strings should be plotted as numbers, cast to the appropriate data type before plotting.
[2024-02-28T03:28:18.374+0000] {category.py:223} INFO - Using categorical units to plot a list of strings that are all parsable as floats or dates. If these strings should be plotted as numbers, cast to the appropriate data type before plotting.
[2024-02-28T03:28:19.065+0000] {category.py:223} INFO - Using categorical units to plot a list of strings that are all parsable as floats or dates. If these strings should be plotted as numbers, cast to the appropriate data type before plotting.
[2024-02-28T03:28:19.084+0000] {category.py:223} INFO - Using categorical units to plot a list of strings that are all parsable as floats or dates. If these strings should be plotted as numbers, cast to the appropriate data type before plotting.
[2024-02-28T03:28:19.729+0000] {category.py:223} INFO - Using categorical units to plot a list of strings that are all parsable as floats or dates. If these strings should be plotted as numbers, cast to the appropriate data type before plotting.
[2024-02-28T03:28:19.741+0000] {category.py:223} INFO - Using categorical units to plot a list of strings that are all parsable as floats or dates. If these strings should be plotted as numbers, cast to the appropriate data type before plotting.
[2024-02-28T03:28:20.428+0000] {category.py:223} INFO - Using categorical units to plot a list of strings that are all parsable as floats or dates. If these strings should be plotted as numbers, cast to the appropriate data type before plotting.
[2024-02-28T03:28:20.445+0000] {category.py:223} INFO - Using categorical units to plot a list of strings that are all parsable as floats or dates. If these strings should be plotted as numbers, cast to the appropriate data type before plotting.
[2024-02-28T03:28:21.557+0000] {category.py:223} INFO - Using categorical units to plot a list of strings that are all parsable as floats or dates. If these strings should be plotted as numbers, cast to the appropriate data type before plotting.
[2024-02-28T03:28:21.585+0000] {category.py:223} INFO - Using categorical units to plot a list of strings that are all parsable as floats or dates. If these strings should be plotted as numbers, cast to the appropriate data type before plotting.
[2024-02-28T03:28:22.934+0000] {category.py:223} INFO - Using categorical units to plot a list of strings that are all parsable as floats or dates. If these strings should be plotted as numbers, cast to the appropriate data type before plotting.
[2024-02-28T03:28:22.963+0000] {category.py:223} INFO - Using categorical units to plot a list of strings that are all parsable as floats or dates. If these strings should be plotted as numbers, cast to the appropriate data type before plotting.
[2024-02-28T03:28:24.246+0000] {category.py:223} INFO - Using categorical units to plot a list of strings that are all parsable as floats or dates. If these strings should be plotted as numbers, cast to the appropriate data type before plotting.
[2024-02-28T03:28:24.259+0000] {category.py:223} INFO - Using categorical units to plot a list of strings that are all parsable as floats or dates. If these strings should be plotted as numbers, cast to the appropriate data type before plotting.
[2024-02-28T03:28:24.772+0000] {category.py:223} INFO - Using categorical units to plot a list of strings that are all parsable as floats or dates. If these strings should be plotted as numbers, cast to the appropriate data type before plotting.
[2024-02-28T03:28:24.781+0000] {category.py:223} INFO - Using categorical units to plot a list of strings that are all parsable as floats or dates. If these strings should be plotted as numbers, cast to the appropriate data type before plotting.
[2024-02-28T03:28:25.394+0000] {python.py:201} INFO - Done. Returned value was: None
[2024-02-28T03:28:25.409+0000] {taskinstance.py:1138} INFO - Marking task as SUCCESS. dag_id=sales_forecast_pipeline, task_id=descriptive_analysis, execution_date=20240101T060000, start_date=20240228T032735, end_date=20240228T032825
[2024-02-28T03:28:33.100+0000] {local_task_job_runner.py:234} INFO - Task exited with return code 0
[2024-02-28T03:28:33.296+0000] {taskinstance.py:3280} INFO - 1 downstream tasks scheduled from follow-on schedule check
