[2024-01-27T02:36:05.812+0000] {processor.py:161} INFO - Started process (PID=12359) to work on /opt/airflow/dags/etl.py
[2024-01-27T02:36:05.814+0000] {processor.py:830} INFO - Processing file /opt/airflow/dags/etl.py for tasks to queue
[2024-01-27T02:36:05.816+0000] {logging_mixin.py:188} INFO - [2024-01-27T02:36:05.815+0000] {dagbag.py:538} INFO - Filling up the DagBag from /opt/airflow/dags/etl.py
[2024-01-27T02:36:06.418+0000] {processor.py:842} WARNING - No viable dags retrieved from /opt/airflow/dags/etl.py
[2024-01-27T02:36:06.436+0000] {processor.py:183} INFO - Processing /opt/airflow/dags/etl.py took 0.628 seconds
[2024-01-27T02:36:41.187+0000] {processor.py:161} INFO - Started process (PID=12646) to work on /opt/airflow/dags/etl.py
[2024-01-27T02:36:41.189+0000] {processor.py:830} INFO - Processing file /opt/airflow/dags/etl.py for tasks to queue
[2024-01-27T02:36:41.191+0000] {logging_mixin.py:188} INFO - [2024-01-27T02:36:41.190+0000] {dagbag.py:538} INFO - Filling up the DagBag from /opt/airflow/dags/etl.py
[2024-01-27T02:36:45.633+0000] {processor.py:842} WARNING - No viable dags retrieved from /opt/airflow/dags/etl.py
[2024-01-27T02:36:46.673+0000] {processor.py:183} INFO - Processing /opt/airflow/dags/etl.py took 5.491 seconds
[2024-01-27T02:37:53.670+0000] {processor.py:161} INFO - Started process (PID=12941) to work on /opt/airflow/dags/etl.py
[2024-01-27T02:37:53.672+0000] {processor.py:830} INFO - Processing file /opt/airflow/dags/etl.py for tasks to queue
[2024-01-27T02:37:53.674+0000] {logging_mixin.py:188} INFO - [2024-01-27T02:37:53.674+0000] {dagbag.py:538} INFO - Filling up the DagBag from /opt/airflow/dags/etl.py
[2024-01-27T02:37:58.943+0000] {processor.py:842} WARNING - No viable dags retrieved from /opt/airflow/dags/etl.py
[2024-01-27T02:37:58.997+0000] {processor.py:183} INFO - Processing /opt/airflow/dags/etl.py took 5.335 seconds
[2024-01-27T02:38:46.814+0000] {processor.py:161} INFO - Started process (PID=13226) to work on /opt/airflow/dags/etl.py
[2024-01-27T02:38:46.818+0000] {processor.py:830} INFO - Processing file /opt/airflow/dags/etl.py for tasks to queue
[2024-01-27T02:38:46.821+0000] {logging_mixin.py:188} INFO - [2024-01-27T02:38:46.821+0000] {dagbag.py:538} INFO - Filling up the DagBag from /opt/airflow/dags/etl.py
[2024-01-27T02:38:57.904+0000] {processor.py:842} WARNING - No viable dags retrieved from /opt/airflow/dags/etl.py
[2024-01-27T02:38:57.926+0000] {processor.py:183} INFO - Processing /opt/airflow/dags/etl.py took 11.117 seconds
[2024-01-27T02:47:04.129+0000] {processor.py:161} INFO - Started process (PID=183) to work on /opt/airflow/dags/etl.py
[2024-01-27T02:47:04.187+0000] {processor.py:830} INFO - Processing file /opt/airflow/dags/etl.py for tasks to queue
[2024-01-27T02:47:04.213+0000] {logging_mixin.py:188} INFO - [2024-01-27T02:47:04.212+0000] {dagbag.py:538} INFO - Filling up the DagBag from /opt/airflow/dags/etl.py
[2024-01-27T02:47:11.626+0000] {processor.py:842} WARNING - No viable dags retrieved from /opt/airflow/dags/etl.py
[2024-01-27T02:47:11.682+0000] {processor.py:183} INFO - Processing /opt/airflow/dags/etl.py took 7.694 seconds
[2024-01-27T02:48:25.462+0000] {processor.py:161} INFO - Started process (PID=475) to work on /opt/airflow/dags/etl.py
[2024-01-27T02:48:25.464+0000] {processor.py:830} INFO - Processing file /opt/airflow/dags/etl.py for tasks to queue
[2024-01-27T02:48:25.466+0000] {logging_mixin.py:188} INFO - [2024-01-27T02:48:25.465+0000] {dagbag.py:538} INFO - Filling up the DagBag from /opt/airflow/dags/etl.py
[2024-01-27T02:48:27.459+0000] {processor.py:842} WARNING - No viable dags retrieved from /opt/airflow/dags/etl.py
[2024-01-27T02:48:27.736+0000] {processor.py:183} INFO - Processing /opt/airflow/dags/etl.py took 2.279 seconds
[2024-01-27T02:48:58.643+0000] {processor.py:161} INFO - Started process (PID=761) to work on /opt/airflow/dags/etl.py
[2024-01-27T02:48:58.645+0000] {processor.py:830} INFO - Processing file /opt/airflow/dags/etl.py for tasks to queue
[2024-01-27T02:48:58.658+0000] {logging_mixin.py:188} INFO - [2024-01-27T02:48:58.650+0000] {dagbag.py:538} INFO - Filling up the DagBag from /opt/airflow/dags/etl.py
[2024-01-27T02:49:00.174+0000] {processor.py:842} WARNING - No viable dags retrieved from /opt/airflow/dags/etl.py
[2024-01-27T02:49:00.343+0000] {processor.py:183} INFO - Processing /opt/airflow/dags/etl.py took 1.714 seconds
[2024-01-27T02:49:35.621+0000] {processor.py:161} INFO - Started process (PID=1055) to work on /opt/airflow/dags/etl.py
[2024-01-27T02:49:35.623+0000] {processor.py:830} INFO - Processing file /opt/airflow/dags/etl.py for tasks to queue
[2024-01-27T02:49:35.625+0000] {logging_mixin.py:188} INFO - [2024-01-27T02:49:35.624+0000] {dagbag.py:538} INFO - Filling up the DagBag from /opt/airflow/dags/etl.py
[2024-01-27T02:49:37.204+0000] {processor.py:842} WARNING - No viable dags retrieved from /opt/airflow/dags/etl.py
[2024-01-27T02:49:37.273+0000] {processor.py:183} INFO - Processing /opt/airflow/dags/etl.py took 1.657 seconds
[2024-01-27T02:50:14.506+0000] {processor.py:161} INFO - Started process (PID=1309) to work on /opt/airflow/dags/etl.py
[2024-01-27T02:50:14.517+0000] {processor.py:830} INFO - Processing file /opt/airflow/dags/etl.py for tasks to queue
[2024-01-27T02:50:14.522+0000] {logging_mixin.py:188} INFO - [2024-01-27T02:50:14.521+0000] {dagbag.py:538} INFO - Filling up the DagBag from /opt/airflow/dags/etl.py
[2024-01-27T02:50:23.683+0000] {processor.py:842} WARNING - No viable dags retrieved from /opt/airflow/dags/etl.py
[2024-01-27T02:50:23.773+0000] {processor.py:183} INFO - Processing /opt/airflow/dags/etl.py took 9.270 seconds
[2024-01-27T02:51:13.507+0000] {processor.py:161} INFO - Started process (PID=1613) to work on /opt/airflow/dags/etl.py
[2024-01-27T02:51:13.512+0000] {processor.py:830} INFO - Processing file /opt/airflow/dags/etl.py for tasks to queue
[2024-01-27T02:51:13.515+0000] {logging_mixin.py:188} INFO - [2024-01-27T02:51:13.514+0000] {dagbag.py:538} INFO - Filling up the DagBag from /opt/airflow/dags/etl.py
[2024-01-27T02:51:20.580+0000] {processor.py:842} WARNING - No viable dags retrieved from /opt/airflow/dags/etl.py
[2024-01-27T02:51:20.620+0000] {processor.py:183} INFO - Processing /opt/airflow/dags/etl.py took 7.170 seconds
[2024-01-27T02:51:53.197+0000] {processor.py:161} INFO - Started process (PID=1854) to work on /opt/airflow/dags/etl.py
[2024-01-27T02:51:53.207+0000] {processor.py:830} INFO - Processing file /opt/airflow/dags/etl.py for tasks to queue
[2024-01-27T02:51:53.218+0000] {logging_mixin.py:188} INFO - [2024-01-27T02:51:53.215+0000] {dagbag.py:538} INFO - Filling up the DagBag from /opt/airflow/dags/etl.py
[2024-01-27T02:51:57.363+0000] {processor.py:842} WARNING - No viable dags retrieved from /opt/airflow/dags/etl.py
[2024-01-27T02:51:57.461+0000] {processor.py:183} INFO - Processing /opt/airflow/dags/etl.py took 4.317 seconds
[2024-01-27T02:52:29.774+0000] {processor.py:161} INFO - Started process (PID=2151) to work on /opt/airflow/dags/etl.py
[2024-01-27T02:52:29.780+0000] {processor.py:830} INFO - Processing file /opt/airflow/dags/etl.py for tasks to queue
[2024-01-27T02:52:29.791+0000] {logging_mixin.py:188} INFO - [2024-01-27T02:52:29.790+0000] {dagbag.py:538} INFO - Filling up the DagBag from /opt/airflow/dags/etl.py
[2024-01-27T02:52:31.071+0000] {processor.py:842} WARNING - No viable dags retrieved from /opt/airflow/dags/etl.py
[2024-01-27T02:52:31.113+0000] {processor.py:183} INFO - Processing /opt/airflow/dags/etl.py took 1.344 seconds
[2024-01-27T02:53:01.546+0000] {processor.py:161} INFO - Started process (PID=2460) to work on /opt/airflow/dags/etl.py
[2024-01-27T02:53:01.548+0000] {processor.py:830} INFO - Processing file /opt/airflow/dags/etl.py for tasks to queue
[2024-01-27T02:53:01.549+0000] {logging_mixin.py:188} INFO - [2024-01-27T02:53:01.549+0000] {dagbag.py:538} INFO - Filling up the DagBag from /opt/airflow/dags/etl.py
[2024-01-27T02:53:01.961+0000] {processor.py:842} WARNING - No viable dags retrieved from /opt/airflow/dags/etl.py
[2024-01-27T02:53:01.975+0000] {processor.py:183} INFO - Processing /opt/airflow/dags/etl.py took 0.431 seconds
[2024-01-27T02:53:32.117+0000] {processor.py:161} INFO - Started process (PID=2749) to work on /opt/airflow/dags/etl.py
[2024-01-27T02:53:32.121+0000] {processor.py:830} INFO - Processing file /opt/airflow/dags/etl.py for tasks to queue
[2024-01-27T02:53:32.122+0000] {logging_mixin.py:188} INFO - [2024-01-27T02:53:32.122+0000] {dagbag.py:538} INFO - Filling up the DagBag from /opt/airflow/dags/etl.py
[2024-01-27T02:53:32.598+0000] {processor.py:842} WARNING - No viable dags retrieved from /opt/airflow/dags/etl.py
[2024-01-27T02:53:32.611+0000] {processor.py:183} INFO - Processing /opt/airflow/dags/etl.py took 0.496 seconds
[2024-01-27T02:54:06.110+0000] {processor.py:161} INFO - Started process (PID=3030) to work on /opt/airflow/dags/etl.py
[2024-01-27T02:54:06.112+0000] {processor.py:830} INFO - Processing file /opt/airflow/dags/etl.py for tasks to queue
[2024-01-27T02:54:06.113+0000] {logging_mixin.py:188} INFO - [2024-01-27T02:54:06.113+0000] {dagbag.py:538} INFO - Filling up the DagBag from /opt/airflow/dags/etl.py
[2024-01-27T02:54:06.709+0000] {processor.py:842} WARNING - No viable dags retrieved from /opt/airflow/dags/etl.py
[2024-01-27T02:54:06.725+0000] {processor.py:183} INFO - Processing /opt/airflow/dags/etl.py took 0.619 seconds
[2024-01-27T02:54:37.423+0000] {processor.py:161} INFO - Started process (PID=3334) to work on /opt/airflow/dags/etl.py
[2024-01-27T02:54:37.424+0000] {processor.py:830} INFO - Processing file /opt/airflow/dags/etl.py for tasks to queue
[2024-01-27T02:54:37.426+0000] {logging_mixin.py:188} INFO - [2024-01-27T02:54:37.425+0000] {dagbag.py:538} INFO - Filling up the DagBag from /opt/airflow/dags/etl.py
[2024-01-27T02:54:37.850+0000] {processor.py:842} WARNING - No viable dags retrieved from /opt/airflow/dags/etl.py
[2024-01-27T02:54:37.861+0000] {processor.py:183} INFO - Processing /opt/airflow/dags/etl.py took 0.442 seconds
[2024-01-27T02:55:09.059+0000] {processor.py:161} INFO - Started process (PID=3633) to work on /opt/airflow/dags/etl.py
[2024-01-27T02:55:09.060+0000] {processor.py:830} INFO - Processing file /opt/airflow/dags/etl.py for tasks to queue
[2024-01-27T02:55:09.062+0000] {logging_mixin.py:188} INFO - [2024-01-27T02:55:09.061+0000] {dagbag.py:538} INFO - Filling up the DagBag from /opt/airflow/dags/etl.py
[2024-01-27T02:55:09.574+0000] {processor.py:842} WARNING - No viable dags retrieved from /opt/airflow/dags/etl.py
[2024-01-27T02:55:09.588+0000] {processor.py:183} INFO - Processing /opt/airflow/dags/etl.py took 0.532 seconds
[2024-01-27T02:55:40.032+0000] {processor.py:161} INFO - Started process (PID=3904) to work on /opt/airflow/dags/etl.py
[2024-01-27T02:55:40.033+0000] {processor.py:830} INFO - Processing file /opt/airflow/dags/etl.py for tasks to queue
[2024-01-27T02:55:40.034+0000] {logging_mixin.py:188} INFO - [2024-01-27T02:55:40.034+0000] {dagbag.py:538} INFO - Filling up the DagBag from /opt/airflow/dags/etl.py
[2024-01-27T02:55:40.563+0000] {processor.py:842} WARNING - No viable dags retrieved from /opt/airflow/dags/etl.py
[2024-01-27T02:55:40.582+0000] {processor.py:183} INFO - Processing /opt/airflow/dags/etl.py took 0.553 seconds
[2024-01-27T02:56:11.124+0000] {processor.py:161} INFO - Started process (PID=4188) to work on /opt/airflow/dags/etl.py
[2024-01-27T02:56:11.125+0000] {processor.py:830} INFO - Processing file /opt/airflow/dags/etl.py for tasks to queue
[2024-01-27T02:56:11.127+0000] {logging_mixin.py:188} INFO - [2024-01-27T02:56:11.126+0000] {dagbag.py:538} INFO - Filling up the DagBag from /opt/airflow/dags/etl.py
[2024-01-27T02:56:11.586+0000] {processor.py:842} WARNING - No viable dags retrieved from /opt/airflow/dags/etl.py
[2024-01-27T02:56:11.601+0000] {processor.py:183} INFO - Processing /opt/airflow/dags/etl.py took 0.481 seconds
[2024-01-27T02:56:41.908+0000] {processor.py:161} INFO - Started process (PID=4477) to work on /opt/airflow/dags/etl.py
[2024-01-27T02:56:41.909+0000] {processor.py:830} INFO - Processing file /opt/airflow/dags/etl.py for tasks to queue
[2024-01-27T02:56:41.911+0000] {logging_mixin.py:188} INFO - [2024-01-27T02:56:41.910+0000] {dagbag.py:538} INFO - Filling up the DagBag from /opt/airflow/dags/etl.py
[2024-01-27T02:56:42.359+0000] {processor.py:842} WARNING - No viable dags retrieved from /opt/airflow/dags/etl.py
[2024-01-27T02:56:42.371+0000] {processor.py:183} INFO - Processing /opt/airflow/dags/etl.py took 0.467 seconds
[2024-01-27T02:57:12.489+0000] {processor.py:161} INFO - Started process (PID=4791) to work on /opt/airflow/dags/etl.py
[2024-01-27T02:57:12.491+0000] {processor.py:830} INFO - Processing file /opt/airflow/dags/etl.py for tasks to queue
[2024-01-27T02:57:12.493+0000] {logging_mixin.py:188} INFO - [2024-01-27T02:57:12.493+0000] {dagbag.py:538} INFO - Filling up the DagBag from /opt/airflow/dags/etl.py
[2024-01-27T02:57:13.074+0000] {processor.py:842} WARNING - No viable dags retrieved from /opt/airflow/dags/etl.py
[2024-01-27T02:57:13.085+0000] {processor.py:183} INFO - Processing /opt/airflow/dags/etl.py took 0.604 seconds
[2024-01-27T02:57:43.910+0000] {processor.py:161} INFO - Started process (PID=5111) to work on /opt/airflow/dags/etl.py
[2024-01-27T02:57:43.912+0000] {processor.py:830} INFO - Processing file /opt/airflow/dags/etl.py for tasks to queue
[2024-01-27T02:57:43.913+0000] {logging_mixin.py:188} INFO - [2024-01-27T02:57:43.913+0000] {dagbag.py:538} INFO - Filling up the DagBag from /opt/airflow/dags/etl.py
[2024-01-27T02:57:44.301+0000] {processor.py:842} WARNING - No viable dags retrieved from /opt/airflow/dags/etl.py
[2024-01-27T02:57:44.314+0000] {processor.py:183} INFO - Processing /opt/airflow/dags/etl.py took 0.406 seconds
[2024-01-27T02:58:14.961+0000] {processor.py:161} INFO - Started process (PID=5420) to work on /opt/airflow/dags/etl.py
[2024-01-27T02:58:14.975+0000] {processor.py:830} INFO - Processing file /opt/airflow/dags/etl.py for tasks to queue
[2024-01-27T02:58:14.979+0000] {logging_mixin.py:188} INFO - [2024-01-27T02:58:14.977+0000] {dagbag.py:538} INFO - Filling up the DagBag from /opt/airflow/dags/etl.py
[2024-01-27T02:58:16.218+0000] {processor.py:842} WARNING - No viable dags retrieved from /opt/airflow/dags/etl.py
[2024-01-27T02:58:16.271+0000] {processor.py:183} INFO - Processing /opt/airflow/dags/etl.py took 1.318 seconds
[2024-01-27T02:58:47.199+0000] {processor.py:161} INFO - Started process (PID=5736) to work on /opt/airflow/dags/etl.py
[2024-01-27T02:58:47.201+0000] {processor.py:830} INFO - Processing file /opt/airflow/dags/etl.py for tasks to queue
[2024-01-27T02:58:47.205+0000] {logging_mixin.py:188} INFO - [2024-01-27T02:58:47.205+0000] {dagbag.py:538} INFO - Filling up the DagBag from /opt/airflow/dags/etl.py
[2024-01-27T02:58:47.823+0000] {processor.py:842} WARNING - No viable dags retrieved from /opt/airflow/dags/etl.py
[2024-01-27T02:58:47.847+0000] {processor.py:183} INFO - Processing /opt/airflow/dags/etl.py took 0.652 seconds
[2024-01-27T02:59:22.116+0000] {processor.py:161} INFO - Started process (PID=6036) to work on /opt/airflow/dags/etl.py
[2024-01-27T02:59:22.117+0000] {processor.py:830} INFO - Processing file /opt/airflow/dags/etl.py for tasks to queue
[2024-01-27T02:59:22.118+0000] {logging_mixin.py:188} INFO - [2024-01-27T02:59:22.118+0000] {dagbag.py:538} INFO - Filling up the DagBag from /opt/airflow/dags/etl.py
[2024-01-27T02:59:22.630+0000] {processor.py:842} WARNING - No viable dags retrieved from /opt/airflow/dags/etl.py
[2024-01-27T02:59:22.647+0000] {processor.py:183} INFO - Processing /opt/airflow/dags/etl.py took 0.535 seconds
[2024-01-27T02:59:53.473+0000] {processor.py:161} INFO - Started process (PID=6341) to work on /opt/airflow/dags/etl.py
[2024-01-27T02:59:53.475+0000] {processor.py:830} INFO - Processing file /opt/airflow/dags/etl.py for tasks to queue
[2024-01-27T02:59:53.476+0000] {logging_mixin.py:188} INFO - [2024-01-27T02:59:53.475+0000] {dagbag.py:538} INFO - Filling up the DagBag from /opt/airflow/dags/etl.py
[2024-01-27T02:59:53.932+0000] {processor.py:842} WARNING - No viable dags retrieved from /opt/airflow/dags/etl.py
[2024-01-27T02:59:53.946+0000] {processor.py:183} INFO - Processing /opt/airflow/dags/etl.py took 0.477 seconds
[2024-01-27T03:00:24.323+0000] {processor.py:161} INFO - Started process (PID=6652) to work on /opt/airflow/dags/etl.py
[2024-01-27T03:00:24.324+0000] {processor.py:830} INFO - Processing file /opt/airflow/dags/etl.py for tasks to queue
[2024-01-27T03:00:24.325+0000] {logging_mixin.py:188} INFO - [2024-01-27T03:00:24.325+0000] {dagbag.py:538} INFO - Filling up the DagBag from /opt/airflow/dags/etl.py
[2024-01-27T03:00:24.812+0000] {processor.py:842} WARNING - No viable dags retrieved from /opt/airflow/dags/etl.py
[2024-01-27T03:00:24.823+0000] {processor.py:183} INFO - Processing /opt/airflow/dags/etl.py took 0.505 seconds
[2024-01-27T03:00:55.151+0000] {processor.py:161} INFO - Started process (PID=6928) to work on /opt/airflow/dags/etl.py
[2024-01-27T03:00:55.153+0000] {processor.py:830} INFO - Processing file /opt/airflow/dags/etl.py for tasks to queue
[2024-01-27T03:00:55.154+0000] {logging_mixin.py:188} INFO - [2024-01-27T03:00:55.153+0000] {dagbag.py:538} INFO - Filling up the DagBag from /opt/airflow/dags/etl.py
[2024-01-27T03:00:55.840+0000] {processor.py:842} WARNING - No viable dags retrieved from /opt/airflow/dags/etl.py
[2024-01-27T03:00:55.859+0000] {processor.py:183} INFO - Processing /opt/airflow/dags/etl.py took 0.712 seconds
[2024-01-27T03:01:27.578+0000] {processor.py:161} INFO - Started process (PID=7251) to work on /opt/airflow/dags/etl.py
[2024-01-27T03:01:27.579+0000] {processor.py:830} INFO - Processing file /opt/airflow/dags/etl.py for tasks to queue
[2024-01-27T03:01:27.583+0000] {logging_mixin.py:188} INFO - [2024-01-27T03:01:27.582+0000] {dagbag.py:538} INFO - Filling up the DagBag from /opt/airflow/dags/etl.py
[2024-01-27T03:01:28.310+0000] {processor.py:842} WARNING - No viable dags retrieved from /opt/airflow/dags/etl.py
[2024-01-27T03:01:28.335+0000] {processor.py:183} INFO - Processing /opt/airflow/dags/etl.py took 0.764 seconds
[2024-01-27T03:02:01.296+0000] {processor.py:161} INFO - Started process (PID=7576) to work on /opt/airflow/dags/etl.py
[2024-01-27T03:02:01.298+0000] {processor.py:830} INFO - Processing file /opt/airflow/dags/etl.py for tasks to queue
[2024-01-27T03:02:01.300+0000] {logging_mixin.py:188} INFO - [2024-01-27T03:02:01.300+0000] {dagbag.py:538} INFO - Filling up the DagBag from /opt/airflow/dags/etl.py
[2024-01-27T03:02:01.876+0000] {processor.py:842} WARNING - No viable dags retrieved from /opt/airflow/dags/etl.py
[2024-01-27T03:02:01.890+0000] {processor.py:183} INFO - Processing /opt/airflow/dags/etl.py took 0.600 seconds
[2024-01-27T03:02:32.355+0000] {processor.py:161} INFO - Started process (PID=7881) to work on /opt/airflow/dags/etl.py
[2024-01-27T03:02:32.356+0000] {processor.py:830} INFO - Processing file /opt/airflow/dags/etl.py for tasks to queue
[2024-01-27T03:02:32.357+0000] {logging_mixin.py:188} INFO - [2024-01-27T03:02:32.357+0000] {dagbag.py:538} INFO - Filling up the DagBag from /opt/airflow/dags/etl.py
[2024-01-27T03:02:32.765+0000] {processor.py:842} WARNING - No viable dags retrieved from /opt/airflow/dags/etl.py
[2024-01-27T03:02:32.779+0000] {processor.py:183} INFO - Processing /opt/airflow/dags/etl.py took 0.427 seconds
[2024-01-27T03:03:03.703+0000] {processor.py:161} INFO - Started process (PID=8151) to work on /opt/airflow/dags/etl.py
[2024-01-27T03:03:03.718+0000] {processor.py:830} INFO - Processing file /opt/airflow/dags/etl.py for tasks to queue
[2024-01-27T03:03:03.724+0000] {logging_mixin.py:188} INFO - [2024-01-27T03:03:03.723+0000] {dagbag.py:538} INFO - Filling up the DagBag from /opt/airflow/dags/etl.py
[2024-01-27T03:03:07.355+0000] {processor.py:842} WARNING - No viable dags retrieved from /opt/airflow/dags/etl.py
[2024-01-27T03:03:07.398+0000] {processor.py:183} INFO - Processing /opt/airflow/dags/etl.py took 3.701 seconds
[2024-01-27T03:03:37.627+0000] {processor.py:161} INFO - Started process (PID=8463) to work on /opt/airflow/dags/etl.py
[2024-01-27T03:03:37.632+0000] {processor.py:830} INFO - Processing file /opt/airflow/dags/etl.py for tasks to queue
[2024-01-27T03:03:37.634+0000] {logging_mixin.py:188} INFO - [2024-01-27T03:03:37.633+0000] {dagbag.py:538} INFO - Filling up the DagBag from /opt/airflow/dags/etl.py
[2024-01-27T03:03:38.079+0000] {processor.py:842} WARNING - No viable dags retrieved from /opt/airflow/dags/etl.py
[2024-01-27T03:03:38.091+0000] {processor.py:183} INFO - Processing /opt/airflow/dags/etl.py took 0.467 seconds
[2024-01-27T03:04:08.317+0000] {processor.py:161} INFO - Started process (PID=8774) to work on /opt/airflow/dags/etl.py
[2024-01-27T03:04:08.319+0000] {processor.py:830} INFO - Processing file /opt/airflow/dags/etl.py for tasks to queue
[2024-01-27T03:04:08.320+0000] {logging_mixin.py:188} INFO - [2024-01-27T03:04:08.320+0000] {dagbag.py:538} INFO - Filling up the DagBag from /opt/airflow/dags/etl.py
[2024-01-27T03:04:08.752+0000] {processor.py:842} WARNING - No viable dags retrieved from /opt/airflow/dags/etl.py
[2024-01-27T03:04:08.765+0000] {processor.py:183} INFO - Processing /opt/airflow/dags/etl.py took 0.452 seconds
[2024-01-27T03:04:39.549+0000] {processor.py:161} INFO - Started process (PID=9090) to work on /opt/airflow/dags/etl.py
[2024-01-27T03:04:39.551+0000] {processor.py:830} INFO - Processing file /opt/airflow/dags/etl.py for tasks to queue
[2024-01-27T03:04:39.552+0000] {logging_mixin.py:188} INFO - [2024-01-27T03:04:39.551+0000] {dagbag.py:538} INFO - Filling up the DagBag from /opt/airflow/dags/etl.py
[2024-01-27T03:04:40.048+0000] {processor.py:842} WARNING - No viable dags retrieved from /opt/airflow/dags/etl.py
[2024-01-27T03:04:40.062+0000] {processor.py:183} INFO - Processing /opt/airflow/dags/etl.py took 0.517 seconds
[2024-01-27T03:05:10.232+0000] {processor.py:161} INFO - Started process (PID=9401) to work on /opt/airflow/dags/etl.py
[2024-01-27T03:05:10.233+0000] {processor.py:830} INFO - Processing file /opt/airflow/dags/etl.py for tasks to queue
[2024-01-27T03:05:10.234+0000] {logging_mixin.py:188} INFO - [2024-01-27T03:05:10.234+0000] {dagbag.py:538} INFO - Filling up the DagBag from /opt/airflow/dags/etl.py
[2024-01-27T03:05:10.668+0000] {processor.py:842} WARNING - No viable dags retrieved from /opt/airflow/dags/etl.py
[2024-01-27T03:05:10.681+0000] {processor.py:183} INFO - Processing /opt/airflow/dags/etl.py took 0.453 seconds
[2024-01-27T03:05:40.841+0000] {processor.py:161} INFO - Started process (PID=9722) to work on /opt/airflow/dags/etl.py
[2024-01-27T03:05:40.842+0000] {processor.py:830} INFO - Processing file /opt/airflow/dags/etl.py for tasks to queue
[2024-01-27T03:05:40.843+0000] {logging_mixin.py:188} INFO - [2024-01-27T03:05:40.843+0000] {dagbag.py:538} INFO - Filling up the DagBag from /opt/airflow/dags/etl.py
[2024-01-27T03:05:41.250+0000] {processor.py:842} WARNING - No viable dags retrieved from /opt/airflow/dags/etl.py
[2024-01-27T03:05:41.264+0000] {processor.py:183} INFO - Processing /opt/airflow/dags/etl.py took 0.430 seconds
[2024-01-27T03:06:12.045+0000] {processor.py:161} INFO - Started process (PID=10033) to work on /opt/airflow/dags/etl.py
[2024-01-27T03:06:12.047+0000] {processor.py:830} INFO - Processing file /opt/airflow/dags/etl.py for tasks to queue
[2024-01-27T03:06:12.048+0000] {logging_mixin.py:188} INFO - [2024-01-27T03:06:12.048+0000] {dagbag.py:538} INFO - Filling up the DagBag from /opt/airflow/dags/etl.py
[2024-01-27T03:06:12.492+0000] {processor.py:842} WARNING - No viable dags retrieved from /opt/airflow/dags/etl.py
[2024-01-27T03:06:12.509+0000] {processor.py:183} INFO - Processing /opt/airflow/dags/etl.py took 0.468 seconds
[2024-01-27T03:06:42.746+0000] {processor.py:161} INFO - Started process (PID=10357) to work on /opt/airflow/dags/etl.py
[2024-01-27T03:06:42.747+0000] {processor.py:830} INFO - Processing file /opt/airflow/dags/etl.py for tasks to queue
[2024-01-27T03:06:42.748+0000] {logging_mixin.py:188} INFO - [2024-01-27T03:06:42.748+0000] {dagbag.py:538} INFO - Filling up the DagBag from /opt/airflow/dags/etl.py
[2024-01-27T03:06:43.109+0000] {processor.py:842} WARNING - No viable dags retrieved from /opt/airflow/dags/etl.py
[2024-01-27T03:06:43.128+0000] {processor.py:183} INFO - Processing /opt/airflow/dags/etl.py took 0.385 seconds
[2024-01-27T03:07:13.259+0000] {processor.py:161} INFO - Started process (PID=10675) to work on /opt/airflow/dags/etl.py
[2024-01-27T03:07:13.263+0000] {processor.py:830} INFO - Processing file /opt/airflow/dags/etl.py for tasks to queue
[2024-01-27T03:07:13.266+0000] {logging_mixin.py:188} INFO - [2024-01-27T03:07:13.265+0000] {dagbag.py:538} INFO - Filling up the DagBag from /opt/airflow/dags/etl.py
[2024-01-27T03:07:13.607+0000] {processor.py:842} WARNING - No viable dags retrieved from /opt/airflow/dags/etl.py
[2024-01-27T03:07:13.621+0000] {processor.py:183} INFO - Processing /opt/airflow/dags/etl.py took 0.366 seconds
[2024-01-27T03:07:43.896+0000] {processor.py:161} INFO - Started process (PID=10986) to work on /opt/airflow/dags/etl.py
[2024-01-27T03:07:43.897+0000] {processor.py:830} INFO - Processing file /opt/airflow/dags/etl.py for tasks to queue
[2024-01-27T03:07:43.909+0000] {logging_mixin.py:188} INFO - [2024-01-27T03:07:43.908+0000] {dagbag.py:538} INFO - Filling up the DagBag from /opt/airflow/dags/etl.py
[2024-01-27T03:07:44.274+0000] {processor.py:842} WARNING - No viable dags retrieved from /opt/airflow/dags/etl.py
[2024-01-27T03:07:44.291+0000] {processor.py:183} INFO - Processing /opt/airflow/dags/etl.py took 0.401 seconds
[2024-01-27T03:08:14.959+0000] {processor.py:161} INFO - Started process (PID=11310) to work on /opt/airflow/dags/etl.py
[2024-01-27T03:08:14.961+0000] {processor.py:830} INFO - Processing file /opt/airflow/dags/etl.py for tasks to queue
[2024-01-27T03:08:14.963+0000] {logging_mixin.py:188} INFO - [2024-01-27T03:08:14.962+0000] {dagbag.py:538} INFO - Filling up the DagBag from /opt/airflow/dags/etl.py
[2024-01-27T03:08:15.222+0000] {processor.py:842} WARNING - No viable dags retrieved from /opt/airflow/dags/etl.py
[2024-01-27T03:08:15.237+0000] {processor.py:183} INFO - Processing /opt/airflow/dags/etl.py took 0.283 seconds
[2024-01-27T03:08:45.684+0000] {processor.py:161} INFO - Started process (PID=11613) to work on /opt/airflow/dags/etl.py
[2024-01-27T03:08:45.685+0000] {processor.py:830} INFO - Processing file /opt/airflow/dags/etl.py for tasks to queue
[2024-01-27T03:08:45.687+0000] {logging_mixin.py:188} INFO - [2024-01-27T03:08:45.686+0000] {dagbag.py:538} INFO - Filling up the DagBag from /opt/airflow/dags/etl.py
[2024-01-27T03:08:46.007+0000] {processor.py:842} WARNING - No viable dags retrieved from /opt/airflow/dags/etl.py
[2024-01-27T03:08:46.025+0000] {processor.py:183} INFO - Processing /opt/airflow/dags/etl.py took 0.346 seconds
[2024-01-27T03:09:16.730+0000] {processor.py:161} INFO - Started process (PID=11918) to work on /opt/airflow/dags/etl.py
[2024-01-27T03:09:16.731+0000] {processor.py:830} INFO - Processing file /opt/airflow/dags/etl.py for tasks to queue
[2024-01-27T03:09:16.732+0000] {logging_mixin.py:188} INFO - [2024-01-27T03:09:16.732+0000] {dagbag.py:538} INFO - Filling up the DagBag from /opt/airflow/dags/etl.py
[2024-01-27T03:09:17.010+0000] {processor.py:842} WARNING - No viable dags retrieved from /opt/airflow/dags/etl.py
[2024-01-27T03:09:17.023+0000] {processor.py:183} INFO - Processing /opt/airflow/dags/etl.py took 0.296 seconds
[2024-01-27T03:09:48.003+0000] {processor.py:161} INFO - Started process (PID=12239) to work on /opt/airflow/dags/etl.py
[2024-01-27T03:09:48.005+0000] {processor.py:830} INFO - Processing file /opt/airflow/dags/etl.py for tasks to queue
[2024-01-27T03:09:48.006+0000] {logging_mixin.py:188} INFO - [2024-01-27T03:09:48.006+0000] {dagbag.py:538} INFO - Filling up the DagBag from /opt/airflow/dags/etl.py
[2024-01-27T03:09:48.261+0000] {processor.py:842} WARNING - No viable dags retrieved from /opt/airflow/dags/etl.py
[2024-01-27T03:09:48.275+0000] {processor.py:183} INFO - Processing /opt/airflow/dags/etl.py took 0.275 seconds
[2024-01-27T03:10:19.247+0000] {processor.py:161} INFO - Started process (PID=12550) to work on /opt/airflow/dags/etl.py
[2024-01-27T03:10:19.261+0000] {processor.py:830} INFO - Processing file /opt/airflow/dags/etl.py for tasks to queue
[2024-01-27T03:10:19.276+0000] {logging_mixin.py:188} INFO - [2024-01-27T03:10:19.275+0000] {dagbag.py:538} INFO - Filling up the DagBag from /opt/airflow/dags/etl.py
[2024-01-27T03:10:19.802+0000] {processor.py:842} WARNING - No viable dags retrieved from /opt/airflow/dags/etl.py
[2024-01-27T03:10:19.819+0000] {processor.py:183} INFO - Processing /opt/airflow/dags/etl.py took 0.576 seconds
[2024-01-27T03:10:50.426+0000] {processor.py:161} INFO - Started process (PID=12861) to work on /opt/airflow/dags/etl.py
[2024-01-27T03:10:50.427+0000] {processor.py:830} INFO - Processing file /opt/airflow/dags/etl.py for tasks to queue
[2024-01-27T03:10:50.428+0000] {logging_mixin.py:188} INFO - [2024-01-27T03:10:50.428+0000] {dagbag.py:538} INFO - Filling up the DagBag from /opt/airflow/dags/etl.py
[2024-01-27T03:10:50.688+0000] {processor.py:842} WARNING - No viable dags retrieved from /opt/airflow/dags/etl.py
[2024-01-27T03:10:50.703+0000] {processor.py:183} INFO - Processing /opt/airflow/dags/etl.py took 0.280 seconds
[2024-01-27T03:11:21.399+0000] {processor.py:161} INFO - Started process (PID=13172) to work on /opt/airflow/dags/etl.py
[2024-01-27T03:11:21.401+0000] {processor.py:830} INFO - Processing file /opt/airflow/dags/etl.py for tasks to queue
[2024-01-27T03:11:21.403+0000] {logging_mixin.py:188} INFO - [2024-01-27T03:11:21.402+0000] {dagbag.py:538} INFO - Filling up the DagBag from /opt/airflow/dags/etl.py
[2024-01-27T03:11:21.687+0000] {processor.py:842} WARNING - No viable dags retrieved from /opt/airflow/dags/etl.py
[2024-01-27T03:11:21.700+0000] {processor.py:183} INFO - Processing /opt/airflow/dags/etl.py took 0.305 seconds
[2024-01-27T03:11:51.811+0000] {processor.py:161} INFO - Started process (PID=13483) to work on /opt/airflow/dags/etl.py
[2024-01-27T03:11:51.812+0000] {processor.py:830} INFO - Processing file /opt/airflow/dags/etl.py for tasks to queue
[2024-01-27T03:11:51.813+0000] {logging_mixin.py:188} INFO - [2024-01-27T03:11:51.813+0000] {dagbag.py:538} INFO - Filling up the DagBag from /opt/airflow/dags/etl.py
[2024-01-27T03:11:52.060+0000] {processor.py:842} WARNING - No viable dags retrieved from /opt/airflow/dags/etl.py
[2024-01-27T03:11:52.074+0000] {processor.py:183} INFO - Processing /opt/airflow/dags/etl.py took 0.266 seconds
[2024-01-27T03:12:22.134+0000] {processor.py:161} INFO - Started process (PID=13797) to work on /opt/airflow/dags/etl.py
[2024-01-27T03:12:22.136+0000] {processor.py:830} INFO - Processing file /opt/airflow/dags/etl.py for tasks to queue
[2024-01-27T03:12:22.137+0000] {logging_mixin.py:188} INFO - [2024-01-27T03:12:22.137+0000] {dagbag.py:538} INFO - Filling up the DagBag from /opt/airflow/dags/etl.py
[2024-01-27T03:12:22.372+0000] {processor.py:842} WARNING - No viable dags retrieved from /opt/airflow/dags/etl.py
[2024-01-27T03:12:22.386+0000] {processor.py:183} INFO - Processing /opt/airflow/dags/etl.py took 0.256 seconds
