[2024-01-27T03:01:54.444+0000] {processor.py:161} INFO - Started process (PID=7421) to work on /opt/airflow/dags/forecast.py
[2024-01-27T03:01:54.448+0000] {processor.py:830} INFO - Processing file /opt/airflow/dags/forecast.py for tasks to queue
[2024-01-27T03:01:54.451+0000] {logging_mixin.py:188} INFO - [2024-01-27T03:01:54.450+0000] {dagbag.py:538} INFO - Filling up the DagBag from /opt/airflow/dags/forecast.py
[2024-01-27T03:01:55.241+0000] {logging_mixin.py:188} INFO - [2024-01-27T03:01:55.240+0000] {__init__.py:531} WARNING - Matplotlib created a temporary cache directory at /tmp/matplotlib-zr8dzuyu because the default path (/home/airflow/.cache/matplotlib) is not a writable directory; it is highly recommended to set the MPLCONFIGDIR environment variable to a writable directory, in particular to speed up the import of Matplotlib and to better support multiprocessing.
[2024-01-27T03:01:55.625+0000] {logging_mixin.py:188} INFO - [2024-01-27T03:01:55.625+0000] {font_manager.py:1547} INFO - generated new fontManager
[2024-01-27T03:01:58.276+0000] {processor.py:842} WARNING - No viable dags retrieved from /opt/airflow/dags/forecast.py
[2024-01-27T03:01:58.292+0000] {processor.py:183} INFO - Processing /opt/airflow/dags/forecast.py took 3.853 seconds
[2024-01-27T03:02:28.870+0000] {processor.py:161} INFO - Started process (PID=7795) to work on /opt/airflow/dags/forecast.py
[2024-01-27T03:02:28.871+0000] {processor.py:830} INFO - Processing file /opt/airflow/dags/forecast.py for tasks to queue
[2024-01-27T03:02:28.872+0000] {logging_mixin.py:188} INFO - [2024-01-27T03:02:28.872+0000] {dagbag.py:538} INFO - Filling up the DagBag from /opt/airflow/dags/forecast.py
[2024-01-27T03:02:29.222+0000] {logging_mixin.py:188} INFO - [2024-01-27T03:02:29.222+0000] {__init__.py:531} WARNING - Matplotlib created a temporary cache directory at /tmp/matplotlib-s6gp7115 because the default path (/home/airflow/.cache/matplotlib) is not a writable directory; it is highly recommended to set the MPLCONFIGDIR environment variable to a writable directory, in particular to speed up the import of Matplotlib and to better support multiprocessing.
[2024-01-27T03:02:29.430+0000] {logging_mixin.py:188} INFO - [2024-01-27T03:02:29.430+0000] {font_manager.py:1547} INFO - generated new fontManager
[2024-01-27T03:02:30.498+0000] {processor.py:842} WARNING - No viable dags retrieved from /opt/airflow/dags/forecast.py
[2024-01-27T03:02:30.509+0000] {processor.py:183} INFO - Processing /opt/airflow/dags/forecast.py took 1.647 seconds
[2024-01-27T03:03:00.855+0000] {processor.py:161} INFO - Started process (PID=8126) to work on /opt/airflow/dags/forecast.py
[2024-01-27T03:03:00.858+0000] {processor.py:830} INFO - Processing file /opt/airflow/dags/forecast.py for tasks to queue
[2024-01-27T03:03:00.864+0000] {logging_mixin.py:188} INFO - [2024-01-27T03:03:00.863+0000] {dagbag.py:538} INFO - Filling up the DagBag from /opt/airflow/dags/forecast.py
[2024-01-27T03:03:02.121+0000] {logging_mixin.py:188} INFO - [2024-01-27T03:03:02.121+0000] {__init__.py:531} WARNING - Matplotlib created a temporary cache directory at /tmp/matplotlib-97ciy2m0 because the default path (/home/airflow/.cache/matplotlib) is not a writable directory; it is highly recommended to set the MPLCONFIGDIR environment variable to a writable directory, in particular to speed up the import of Matplotlib and to better support multiprocessing.
[2024-01-27T03:03:03.133+0000] {logging_mixin.py:188} INFO - [2024-01-27T03:03:03.132+0000] {font_manager.py:1547} INFO - generated new fontManager
[2024-01-27T03:03:09.934+0000] {processor.py:842} WARNING - No viable dags retrieved from /opt/airflow/dags/forecast.py
[2024-01-27T03:03:09.969+0000] {processor.py:183} INFO - Processing /opt/airflow/dags/forecast.py took 9.104 seconds
[2024-01-27T03:03:40.325+0000] {processor.py:161} INFO - Started process (PID=8484) to work on /opt/airflow/dags/forecast.py
[2024-01-27T03:03:40.327+0000] {processor.py:830} INFO - Processing file /opt/airflow/dags/forecast.py for tasks to queue
[2024-01-27T03:03:40.328+0000] {logging_mixin.py:188} INFO - [2024-01-27T03:03:40.328+0000] {dagbag.py:538} INFO - Filling up the DagBag from /opt/airflow/dags/forecast.py
[2024-01-27T03:03:40.658+0000] {logging_mixin.py:188} INFO - [2024-01-27T03:03:40.658+0000] {__init__.py:531} WARNING - Matplotlib created a temporary cache directory at /tmp/matplotlib-ahol81rg because the default path (/home/airflow/.cache/matplotlib) is not a writable directory; it is highly recommended to set the MPLCONFIGDIR environment variable to a writable directory, in particular to speed up the import of Matplotlib and to better support multiprocessing.
[2024-01-27T03:03:40.908+0000] {logging_mixin.py:188} INFO - [2024-01-27T03:03:40.907+0000] {font_manager.py:1547} INFO - generated new fontManager
[2024-01-27T03:03:42.156+0000] {processor.py:842} WARNING - No viable dags retrieved from /opt/airflow/dags/forecast.py
[2024-01-27T03:03:42.169+0000] {processor.py:183} INFO - Processing /opt/airflow/dags/forecast.py took 1.847 seconds
[2024-01-27T03:04:12.301+0000] {processor.py:161} INFO - Started process (PID=8833) to work on /opt/airflow/dags/forecast.py
[2024-01-27T03:04:12.303+0000] {processor.py:830} INFO - Processing file /opt/airflow/dags/forecast.py for tasks to queue
[2024-01-27T03:04:12.304+0000] {logging_mixin.py:188} INFO - [2024-01-27T03:04:12.303+0000] {dagbag.py:538} INFO - Filling up the DagBag from /opt/airflow/dags/forecast.py
[2024-01-27T03:04:12.569+0000] {logging_mixin.py:188} INFO - [2024-01-27T03:04:12.569+0000] {__init__.py:531} WARNING - Matplotlib created a temporary cache directory at /tmp/matplotlib-idgm_a89 because the default path (/home/airflow/.cache/matplotlib) is not a writable directory; it is highly recommended to set the MPLCONFIGDIR environment variable to a writable directory, in particular to speed up the import of Matplotlib and to better support multiprocessing.
[2024-01-27T03:04:12.785+0000] {logging_mixin.py:188} INFO - [2024-01-27T03:04:12.784+0000] {font_manager.py:1547} INFO - generated new fontManager
[2024-01-27T03:04:13.948+0000] {processor.py:842} WARNING - No viable dags retrieved from /opt/airflow/dags/forecast.py
[2024-01-27T03:04:13.960+0000] {processor.py:183} INFO - Processing /opt/airflow/dags/forecast.py took 1.662 seconds
[2024-01-27T03:04:44.515+0000] {processor.py:161} INFO - Started process (PID=9146) to work on /opt/airflow/dags/forecast.py
[2024-01-27T03:04:44.516+0000] {processor.py:830} INFO - Processing file /opt/airflow/dags/forecast.py for tasks to queue
[2024-01-27T03:04:44.518+0000] {logging_mixin.py:188} INFO - [2024-01-27T03:04:44.517+0000] {dagbag.py:538} INFO - Filling up the DagBag from /opt/airflow/dags/forecast.py
[2024-01-27T03:04:44.897+0000] {logging_mixin.py:188} INFO - [2024-01-27T03:04:44.897+0000] {__init__.py:531} WARNING - Matplotlib created a temporary cache directory at /tmp/matplotlib-035yn11k because the default path (/home/airflow/.cache/matplotlib) is not a writable directory; it is highly recommended to set the MPLCONFIGDIR environment variable to a writable directory, in particular to speed up the import of Matplotlib and to better support multiprocessing.
[2024-01-27T03:04:45.123+0000] {logging_mixin.py:188} INFO - [2024-01-27T03:04:45.122+0000] {font_manager.py:1547} INFO - generated new fontManager
[2024-01-27T03:04:46.201+0000] {processor.py:842} WARNING - No viable dags retrieved from /opt/airflow/dags/forecast.py
[2024-01-27T03:04:46.214+0000] {processor.py:183} INFO - Processing /opt/airflow/dags/forecast.py took 1.703 seconds
[2024-01-27T03:05:16.725+0000] {processor.py:161} INFO - Started process (PID=9468) to work on /opt/airflow/dags/forecast.py
[2024-01-27T03:05:16.726+0000] {processor.py:830} INFO - Processing file /opt/airflow/dags/forecast.py for tasks to queue
[2024-01-27T03:05:16.727+0000] {logging_mixin.py:188} INFO - [2024-01-27T03:05:16.727+0000] {dagbag.py:538} INFO - Filling up the DagBag from /opt/airflow/dags/forecast.py
[2024-01-27T03:05:16.999+0000] {logging_mixin.py:188} INFO - [2024-01-27T03:05:16.999+0000] {__init__.py:531} WARNING - Matplotlib created a temporary cache directory at /tmp/matplotlib-j8goetlw because the default path (/home/airflow/.cache/matplotlib) is not a writable directory; it is highly recommended to set the MPLCONFIGDIR environment variable to a writable directory, in particular to speed up the import of Matplotlib and to better support multiprocessing.
[2024-01-27T03:05:17.211+0000] {logging_mixin.py:188} INFO - [2024-01-27T03:05:17.211+0000] {font_manager.py:1547} INFO - generated new fontManager
[2024-01-27T03:05:18.376+0000] {processor.py:842} WARNING - No viable dags retrieved from /opt/airflow/dags/forecast.py
[2024-01-27T03:05:18.387+0000] {processor.py:183} INFO - Processing /opt/airflow/dags/forecast.py took 1.665 seconds
[2024-01-27T03:05:48.566+0000] {processor.py:161} INFO - Started process (PID=9779) to work on /opt/airflow/dags/forecast.py
[2024-01-27T03:05:48.567+0000] {processor.py:830} INFO - Processing file /opt/airflow/dags/forecast.py for tasks to queue
[2024-01-27T03:05:48.568+0000] {logging_mixin.py:188} INFO - [2024-01-27T03:05:48.568+0000] {dagbag.py:538} INFO - Filling up the DagBag from /opt/airflow/dags/forecast.py
[2024-01-27T03:05:48.836+0000] {logging_mixin.py:188} INFO - [2024-01-27T03:05:48.835+0000] {__init__.py:531} WARNING - Matplotlib created a temporary cache directory at /tmp/matplotlib-upkejcja because the default path (/home/airflow/.cache/matplotlib) is not a writable directory; it is highly recommended to set the MPLCONFIGDIR environment variable to a writable directory, in particular to speed up the import of Matplotlib and to better support multiprocessing.
[2024-01-27T03:05:49.025+0000] {logging_mixin.py:188} INFO - [2024-01-27T03:05:49.025+0000] {font_manager.py:1547} INFO - generated new fontManager
[2024-01-27T03:05:50.279+0000] {processor.py:842} WARNING - No viable dags retrieved from /opt/airflow/dags/forecast.py
[2024-01-27T03:05:50.293+0000] {processor.py:183} INFO - Processing /opt/airflow/dags/forecast.py took 1.730 seconds
[2024-01-27T03:06:20.500+0000] {processor.py:161} INFO - Started process (PID=10090) to work on /opt/airflow/dags/forecast.py
[2024-01-27T03:06:20.501+0000] {processor.py:830} INFO - Processing file /opt/airflow/dags/forecast.py for tasks to queue
[2024-01-27T03:06:20.502+0000] {logging_mixin.py:188} INFO - [2024-01-27T03:06:20.502+0000] {dagbag.py:538} INFO - Filling up the DagBag from /opt/airflow/dags/forecast.py
[2024-01-27T03:06:20.746+0000] {logging_mixin.py:188} INFO - [2024-01-27T03:06:20.746+0000] {__init__.py:531} WARNING - Matplotlib created a temporary cache directory at /tmp/matplotlib-rlg6r_z0 because the default path (/home/airflow/.cache/matplotlib) is not a writable directory; it is highly recommended to set the MPLCONFIGDIR environment variable to a writable directory, in particular to speed up the import of Matplotlib and to better support multiprocessing.
[2024-01-27T03:06:20.932+0000] {logging_mixin.py:188} INFO - [2024-01-27T03:06:20.931+0000] {font_manager.py:1547} INFO - generated new fontManager
[2024-01-27T03:06:21.931+0000] {processor.py:842} WARNING - No viable dags retrieved from /opt/airflow/dags/forecast.py
[2024-01-27T03:06:21.945+0000] {processor.py:183} INFO - Processing /opt/airflow/dags/forecast.py took 1.448 seconds
[2024-01-27T03:06:52.680+0000] {processor.py:161} INFO - Started process (PID=10401) to work on /opt/airflow/dags/forecast.py
[2024-01-27T03:06:52.682+0000] {processor.py:830} INFO - Processing file /opt/airflow/dags/forecast.py for tasks to queue
[2024-01-27T03:06:52.683+0000] {logging_mixin.py:188} INFO - [2024-01-27T03:06:52.683+0000] {dagbag.py:538} INFO - Filling up the DagBag from /opt/airflow/dags/forecast.py
[2024-01-27T03:06:52.813+0000] {logging_mixin.py:188} INFO - [2024-01-27T03:06:52.813+0000] {__init__.py:531} WARNING - Matplotlib created a temporary cache directory at /tmp/matplotlib-f89kttel because the default path (/home/airflow/.cache/matplotlib) is not a writable directory; it is highly recommended to set the MPLCONFIGDIR environment variable to a writable directory, in particular to speed up the import of Matplotlib and to better support multiprocessing.
[2024-01-27T03:06:53.025+0000] {logging_mixin.py:188} INFO - [2024-01-27T03:06:53.024+0000] {font_manager.py:1547} INFO - generated new fontManager
[2024-01-27T03:06:54.339+0000] {processor.py:842} WARNING - No viable dags retrieved from /opt/airflow/dags/forecast.py
[2024-01-27T03:06:54.352+0000] {processor.py:183} INFO - Processing /opt/airflow/dags/forecast.py took 1.674 seconds
[2024-01-27T03:07:25.170+0000] {processor.py:161} INFO - Started process (PID=10712) to work on /opt/airflow/dags/forecast.py
[2024-01-27T03:07:25.171+0000] {processor.py:830} INFO - Processing file /opt/airflow/dags/forecast.py for tasks to queue
[2024-01-27T03:07:25.172+0000] {logging_mixin.py:188} INFO - [2024-01-27T03:07:25.172+0000] {dagbag.py:538} INFO - Filling up the DagBag from /opt/airflow/dags/forecast.py
[2024-01-27T03:07:25.334+0000] {logging_mixin.py:188} INFO - [2024-01-27T03:07:25.334+0000] {__init__.py:531} WARNING - Matplotlib created a temporary cache directory at /tmp/matplotlib-tlojo7pf because the default path (/home/airflow/.cache/matplotlib) is not a writable directory; it is highly recommended to set the MPLCONFIGDIR environment variable to a writable directory, in particular to speed up the import of Matplotlib and to better support multiprocessing.
[2024-01-27T03:07:25.571+0000] {logging_mixin.py:188} INFO - [2024-01-27T03:07:25.570+0000] {font_manager.py:1547} INFO - generated new fontManager
[2024-01-27T03:07:26.792+0000] {processor.py:842} WARNING - No viable dags retrieved from /opt/airflow/dags/forecast.py
[2024-01-27T03:07:26.810+0000] {processor.py:183} INFO - Processing /opt/airflow/dags/forecast.py took 1.645 seconds
[2024-01-27T03:07:56.885+0000] {processor.py:161} INFO - Started process (PID=11043) to work on /opt/airflow/dags/forecast.py
[2024-01-27T03:07:56.886+0000] {processor.py:830} INFO - Processing file /opt/airflow/dags/forecast.py for tasks to queue
[2024-01-27T03:07:56.888+0000] {logging_mixin.py:188} INFO - [2024-01-27T03:07:56.887+0000] {dagbag.py:538} INFO - Filling up the DagBag from /opt/airflow/dags/forecast.py
[2024-01-27T03:07:57.034+0000] {logging_mixin.py:188} INFO - [2024-01-27T03:07:57.034+0000] {__init__.py:531} WARNING - Matplotlib created a temporary cache directory at /tmp/matplotlib-7hp_48gm because the default path (/home/airflow/.cache/matplotlib) is not a writable directory; it is highly recommended to set the MPLCONFIGDIR environment variable to a writable directory, in particular to speed up the import of Matplotlib and to better support multiprocessing.
[2024-01-27T03:07:57.251+0000] {logging_mixin.py:188} INFO - [2024-01-27T03:07:57.250+0000] {font_manager.py:1547} INFO - generated new fontManager
[2024-01-27T03:07:58.523+0000] {processor.py:842} WARNING - No viable dags retrieved from /opt/airflow/dags/forecast.py
[2024-01-27T03:07:58.533+0000] {processor.py:183} INFO - Processing /opt/airflow/dags/forecast.py took 1.653 seconds
[2024-01-27T03:08:29.442+0000] {processor.py:161} INFO - Started process (PID=11374) to work on /opt/airflow/dags/forecast.py
[2024-01-27T03:08:29.443+0000] {processor.py:830} INFO - Processing file /opt/airflow/dags/forecast.py for tasks to queue
[2024-01-27T03:08:29.445+0000] {logging_mixin.py:188} INFO - [2024-01-27T03:08:29.444+0000] {dagbag.py:538} INFO - Filling up the DagBag from /opt/airflow/dags/forecast.py
[2024-01-27T03:08:29.591+0000] {logging_mixin.py:188} INFO - [2024-01-27T03:08:29.591+0000] {__init__.py:531} WARNING - Matplotlib created a temporary cache directory at /tmp/matplotlib-ipc2g17w because the default path (/home/airflow/.cache/matplotlib) is not a writable directory; it is highly recommended to set the MPLCONFIGDIR environment variable to a writable directory, in particular to speed up the import of Matplotlib and to better support multiprocessing.
[2024-01-27T03:08:29.872+0000] {logging_mixin.py:188} INFO - [2024-01-27T03:08:29.872+0000] {font_manager.py:1547} INFO - generated new fontManager
[2024-01-27T03:08:30.966+0000] {processor.py:842} WARNING - No viable dags retrieved from /opt/airflow/dags/forecast.py
[2024-01-27T03:08:30.979+0000] {processor.py:183} INFO - Processing /opt/airflow/dags/forecast.py took 1.540 seconds
[2024-01-27T03:09:01.123+0000] {processor.py:161} INFO - Started process (PID=11695) to work on /opt/airflow/dags/forecast.py
[2024-01-27T03:09:01.124+0000] {processor.py:830} INFO - Processing file /opt/airflow/dags/forecast.py for tasks to queue
[2024-01-27T03:09:01.126+0000] {logging_mixin.py:188} INFO - [2024-01-27T03:09:01.125+0000] {dagbag.py:538} INFO - Filling up the DagBag from /opt/airflow/dags/forecast.py
[2024-01-27T03:09:01.269+0000] {logging_mixin.py:188} INFO - [2024-01-27T03:09:01.268+0000] {__init__.py:531} WARNING - Matplotlib created a temporary cache directory at /tmp/matplotlib-w8z7bdjd because the default path (/home/airflow/.cache/matplotlib) is not a writable directory; it is highly recommended to set the MPLCONFIGDIR environment variable to a writable directory, in particular to speed up the import of Matplotlib and to better support multiprocessing.
[2024-01-27T03:09:01.473+0000] {logging_mixin.py:188} INFO - [2024-01-27T03:09:01.473+0000] {font_manager.py:1547} INFO - generated new fontManager
[2024-01-27T03:09:02.629+0000] {processor.py:842} WARNING - No viable dags retrieved from /opt/airflow/dags/forecast.py
[2024-01-27T03:09:02.640+0000] {processor.py:183} INFO - Processing /opt/airflow/dags/forecast.py took 1.520 seconds
[2024-01-27T03:09:33.513+0000] {processor.py:161} INFO - Started process (PID=12046) to work on /opt/airflow/dags/forecast.py
[2024-01-27T03:09:33.514+0000] {processor.py:830} INFO - Processing file /opt/airflow/dags/forecast.py for tasks to queue
[2024-01-27T03:09:33.515+0000] {logging_mixin.py:188} INFO - [2024-01-27T03:09:33.515+0000] {dagbag.py:538} INFO - Filling up the DagBag from /opt/airflow/dags/forecast.py
[2024-01-27T03:09:33.645+0000] {logging_mixin.py:188} INFO - [2024-01-27T03:09:33.645+0000] {__init__.py:531} WARNING - Matplotlib created a temporary cache directory at /tmp/matplotlib-zfbjyufd because the default path (/home/airflow/.cache/matplotlib) is not a writable directory; it is highly recommended to set the MPLCONFIGDIR environment variable to a writable directory, in particular to speed up the import of Matplotlib and to better support multiprocessing.
[2024-01-27T03:09:33.852+0000] {logging_mixin.py:188} INFO - [2024-01-27T03:09:33.852+0000] {font_manager.py:1547} INFO - generated new fontManager
[2024-01-27T03:09:35.305+0000] {processor.py:842} WARNING - No viable dags retrieved from /opt/airflow/dags/forecast.py
[2024-01-27T03:09:35.345+0000] {processor.py:183} INFO - Processing /opt/airflow/dags/forecast.py took 1.836 seconds
[2024-01-27T03:10:06.270+0000] {processor.py:161} INFO - Started process (PID=12376) to work on /opt/airflow/dags/forecast.py
[2024-01-27T03:10:06.271+0000] {processor.py:830} INFO - Processing file /opt/airflow/dags/forecast.py for tasks to queue
[2024-01-27T03:10:06.272+0000] {logging_mixin.py:188} INFO - [2024-01-27T03:10:06.271+0000] {dagbag.py:538} INFO - Filling up the DagBag from /opt/airflow/dags/forecast.py
[2024-01-27T03:10:06.399+0000] {logging_mixin.py:188} INFO - [2024-01-27T03:10:06.399+0000] {__init__.py:531} WARNING - Matplotlib created a temporary cache directory at /tmp/matplotlib-cnu7cidk because the default path (/home/airflow/.cache/matplotlib) is not a writable directory; it is highly recommended to set the MPLCONFIGDIR environment variable to a writable directory, in particular to speed up the import of Matplotlib and to better support multiprocessing.
[2024-01-27T03:10:06.637+0000] {logging_mixin.py:188} INFO - [2024-01-27T03:10:06.637+0000] {font_manager.py:1547} INFO - generated new fontManager
[2024-01-27T03:10:07.935+0000] {processor.py:842} WARNING - No viable dags retrieved from /opt/airflow/dags/forecast.py
[2024-01-27T03:10:07.953+0000] {processor.py:183} INFO - Processing /opt/airflow/dags/forecast.py took 1.688 seconds
[2024-01-27T03:10:38.584+0000] {processor.py:161} INFO - Started process (PID=12687) to work on /opt/airflow/dags/forecast.py
[2024-01-27T03:10:38.585+0000] {processor.py:830} INFO - Processing file /opt/airflow/dags/forecast.py for tasks to queue
[2024-01-27T03:10:38.586+0000] {logging_mixin.py:188} INFO - [2024-01-27T03:10:38.586+0000] {dagbag.py:538} INFO - Filling up the DagBag from /opt/airflow/dags/forecast.py
[2024-01-27T03:10:38.733+0000] {logging_mixin.py:188} INFO - [2024-01-27T03:10:38.733+0000] {__init__.py:531} WARNING - Matplotlib created a temporary cache directory at /tmp/matplotlib-5k3lzpul because the default path (/home/airflow/.cache/matplotlib) is not a writable directory; it is highly recommended to set the MPLCONFIGDIR environment variable to a writable directory, in particular to speed up the import of Matplotlib and to better support multiprocessing.
[2024-01-27T03:10:38.970+0000] {logging_mixin.py:188} INFO - [2024-01-27T03:10:38.969+0000] {font_manager.py:1547} INFO - generated new fontManager
[2024-01-27T03:10:40.460+0000] {processor.py:842} WARNING - No viable dags retrieved from /opt/airflow/dags/forecast.py
[2024-01-27T03:10:40.472+0000] {processor.py:183} INFO - Processing /opt/airflow/dags/forecast.py took 1.893 seconds
[2024-01-27T03:11:10.921+0000] {processor.py:161} INFO - Started process (PID=13005) to work on /opt/airflow/dags/forecast.py
[2024-01-27T03:11:10.923+0000] {processor.py:830} INFO - Processing file /opt/airflow/dags/forecast.py for tasks to queue
[2024-01-27T03:11:10.924+0000] {logging_mixin.py:188} INFO - [2024-01-27T03:11:10.923+0000] {dagbag.py:538} INFO - Filling up the DagBag from /opt/airflow/dags/forecast.py
[2024-01-27T03:11:11.045+0000] {logging_mixin.py:188} INFO - [2024-01-27T03:11:11.044+0000] {__init__.py:531} WARNING - Matplotlib created a temporary cache directory at /tmp/matplotlib-f53z501h because the default path (/home/airflow/.cache/matplotlib) is not a writable directory; it is highly recommended to set the MPLCONFIGDIR environment variable to a writable directory, in particular to speed up the import of Matplotlib and to better support multiprocessing.
[2024-01-27T03:11:11.253+0000] {logging_mixin.py:188} INFO - [2024-01-27T03:11:11.253+0000] {font_manager.py:1547} INFO - generated new fontManager
[2024-01-27T03:11:12.564+0000] {processor.py:842} WARNING - No viable dags retrieved from /opt/airflow/dags/forecast.py
[2024-01-27T03:11:12.577+0000] {processor.py:183} INFO - Processing /opt/airflow/dags/forecast.py took 1.659 seconds
[2024-01-27T03:11:42.858+0000] {processor.py:161} INFO - Started process (PID=13317) to work on /opt/airflow/dags/forecast.py
[2024-01-27T03:11:42.859+0000] {processor.py:830} INFO - Processing file /opt/airflow/dags/forecast.py for tasks to queue
[2024-01-27T03:11:42.860+0000] {logging_mixin.py:188} INFO - [2024-01-27T03:11:42.860+0000] {dagbag.py:538} INFO - Filling up the DagBag from /opt/airflow/dags/forecast.py
[2024-01-27T03:11:42.984+0000] {logging_mixin.py:188} INFO - [2024-01-27T03:11:42.984+0000] {__init__.py:531} WARNING - Matplotlib created a temporary cache directory at /tmp/matplotlib-ihmy_uej because the default path (/home/airflow/.cache/matplotlib) is not a writable directory; it is highly recommended to set the MPLCONFIGDIR environment variable to a writable directory, in particular to speed up the import of Matplotlib and to better support multiprocessing.
[2024-01-27T03:11:43.224+0000] {logging_mixin.py:188} INFO - [2024-01-27T03:11:43.224+0000] {font_manager.py:1547} INFO - generated new fontManager
[2024-01-27T03:11:44.456+0000] {processor.py:842} WARNING - No viable dags retrieved from /opt/airflow/dags/forecast.py
[2024-01-27T03:11:44.468+0000] {processor.py:183} INFO - Processing /opt/airflow/dags/forecast.py took 1.613 seconds
[2024-01-27T03:12:14.653+0000] {processor.py:161} INFO - Started process (PID=13676) to work on /opt/airflow/dags/forecast.py
[2024-01-27T03:12:14.654+0000] {processor.py:830} INFO - Processing file /opt/airflow/dags/forecast.py for tasks to queue
[2024-01-27T03:12:14.655+0000] {logging_mixin.py:188} INFO - [2024-01-27T03:12:14.655+0000] {dagbag.py:538} INFO - Filling up the DagBag from /opt/airflow/dags/forecast.py
[2024-01-27T03:12:14.779+0000] {logging_mixin.py:188} INFO - [2024-01-27T03:12:14.779+0000] {__init__.py:531} WARNING - Matplotlib created a temporary cache directory at /tmp/matplotlib-uy3_6460 because the default path (/home/airflow/.cache/matplotlib) is not a writable directory; it is highly recommended to set the MPLCONFIGDIR environment variable to a writable directory, in particular to speed up the import of Matplotlib and to better support multiprocessing.
[2024-01-27T03:12:14.988+0000] {logging_mixin.py:188} INFO - [2024-01-27T03:12:14.988+0000] {font_manager.py:1547} INFO - generated new fontManager
[2024-01-27T03:12:16.245+0000] {processor.py:842} WARNING - No viable dags retrieved from /opt/airflow/dags/forecast.py
[2024-01-27T03:12:16.258+0000] {processor.py:183} INFO - Processing /opt/airflow/dags/forecast.py took 1.609 seconds
