[2024-01-28T02:40:32.722+0000] {processor.py:161} INFO - Started process (PID=198) to work on /opt/airflow/dags/forecast.py
[2024-01-28T02:40:32.724+0000] {processor.py:830} INFO - Processing file /opt/airflow/dags/forecast.py for tasks to queue
[2024-01-28T02:40:32.726+0000] {logging_mixin.py:188} INFO - [2024-01-28T02:40:32.725+0000] {dagbag.py:538} INFO - Filling up the DagBag from /opt/airflow/dags/forecast.py
[2024-01-28T02:40:32.919+0000] {logging_mixin.py:188} INFO - [2024-01-28T02:40:32.918+0000] {__init__.py:531} WARNING - Matplotlib created a temporary cache directory at /tmp/matplotlib-_bcr0afm because the default path (/home/airflow/.cache/matplotlib) is not a writable directory; it is highly recommended to set the MPLCONFIGDIR environment variable to a writable directory, in particular to speed up the import of Matplotlib and to better support multiprocessing.
[2024-01-28T02:40:33.163+0000] {logging_mixin.py:188} INFO - [2024-01-28T02:40:33.161+0000] {font_manager.py:1547} INFO - generated new fontManager
[2024-01-28T02:40:36.670+0000] {processor.py:842} WARNING - No viable dags retrieved from /opt/airflow/dags/forecast.py
[2024-01-28T02:40:36.705+0000] {processor.py:183} INFO - Processing /opt/airflow/dags/forecast.py took 3.987 seconds
[2024-01-28T02:41:06.831+0000] {processor.py:161} INFO - Started process (PID=531) to work on /opt/airflow/dags/forecast.py
[2024-01-28T02:41:06.832+0000] {processor.py:830} INFO - Processing file /opt/airflow/dags/forecast.py for tasks to queue
[2024-01-28T02:41:06.833+0000] {logging_mixin.py:188} INFO - [2024-01-28T02:41:06.833+0000] {dagbag.py:538} INFO - Filling up the DagBag from /opt/airflow/dags/forecast.py
[2024-01-28T02:41:07.036+0000] {logging_mixin.py:188} INFO - [2024-01-28T02:41:07.035+0000] {__init__.py:531} WARNING - Matplotlib created a temporary cache directory at /tmp/matplotlib-4oy0enj4 because the default path (/home/airflow/.cache/matplotlib) is not a writable directory; it is highly recommended to set the MPLCONFIGDIR environment variable to a writable directory, in particular to speed up the import of Matplotlib and to better support multiprocessing.
[2024-01-28T02:41:07.491+0000] {logging_mixin.py:188} INFO - [2024-01-28T02:41:07.491+0000] {font_manager.py:1547} INFO - generated new fontManager
[2024-01-28T02:41:11.030+0000] {processor.py:842} WARNING - No viable dags retrieved from /opt/airflow/dags/forecast.py
[2024-01-28T02:41:11.050+0000] {processor.py:183} INFO - Processing /opt/airflow/dags/forecast.py took 4.223 seconds
[2024-01-28T02:41:41.761+0000] {processor.py:161} INFO - Started process (PID=872) to work on /opt/airflow/dags/forecast.py
[2024-01-28T02:41:41.762+0000] {processor.py:830} INFO - Processing file /opt/airflow/dags/forecast.py for tasks to queue
[2024-01-28T02:41:41.763+0000] {logging_mixin.py:188} INFO - [2024-01-28T02:41:41.763+0000] {dagbag.py:538} INFO - Filling up the DagBag from /opt/airflow/dags/forecast.py
[2024-01-28T02:41:41.892+0000] {logging_mixin.py:188} INFO - [2024-01-28T02:41:41.892+0000] {__init__.py:531} WARNING - Matplotlib created a temporary cache directory at /tmp/matplotlib-kg575a9u because the default path (/home/airflow/.cache/matplotlib) is not a writable directory; it is highly recommended to set the MPLCONFIGDIR environment variable to a writable directory, in particular to speed up the import of Matplotlib and to better support multiprocessing.
[2024-01-28T02:41:42.099+0000] {logging_mixin.py:188} INFO - [2024-01-28T02:41:42.099+0000] {font_manager.py:1547} INFO - generated new fontManager
[2024-01-28T02:41:43.446+0000] {processor.py:842} WARNING - No viable dags retrieved from /opt/airflow/dags/forecast.py
[2024-01-28T02:41:43.459+0000] {processor.py:183} INFO - Processing /opt/airflow/dags/forecast.py took 1.702 seconds
[2024-01-28T02:42:13.811+0000] {processor.py:161} INFO - Started process (PID=1231) to work on /opt/airflow/dags/forecast.py
[2024-01-28T02:42:13.814+0000] {processor.py:830} INFO - Processing file /opt/airflow/dags/forecast.py for tasks to queue
[2024-01-28T02:42:13.816+0000] {logging_mixin.py:188} INFO - [2024-01-28T02:42:13.815+0000] {dagbag.py:538} INFO - Filling up the DagBag from /opt/airflow/dags/forecast.py
[2024-01-28T02:42:14.335+0000] {logging_mixin.py:188} INFO - [2024-01-28T02:42:14.335+0000] {__init__.py:531} WARNING - Matplotlib created a temporary cache directory at /tmp/matplotlib-09xgf56_ because the default path (/home/airflow/.cache/matplotlib) is not a writable directory; it is highly recommended to set the MPLCONFIGDIR environment variable to a writable directory, in particular to speed up the import of Matplotlib and to better support multiprocessing.
[2024-01-28T02:42:14.872+0000] {logging_mixin.py:188} INFO - [2024-01-28T02:42:14.872+0000] {font_manager.py:1547} INFO - generated new fontManager
[2024-01-28T02:42:16.420+0000] {processor.py:842} WARNING - No viable dags retrieved from /opt/airflow/dags/forecast.py
[2024-01-28T02:42:16.433+0000] {processor.py:183} INFO - Processing /opt/airflow/dags/forecast.py took 2.633 seconds
[2024-01-28T02:42:46.523+0000] {processor.py:161} INFO - Started process (PID=1560) to work on /opt/airflow/dags/forecast.py
[2024-01-28T02:42:46.524+0000] {processor.py:830} INFO - Processing file /opt/airflow/dags/forecast.py for tasks to queue
[2024-01-28T02:42:46.525+0000] {logging_mixin.py:188} INFO - [2024-01-28T02:42:46.525+0000] {dagbag.py:538} INFO - Filling up the DagBag from /opt/airflow/dags/forecast.py
[2024-01-28T02:42:46.660+0000] {logging_mixin.py:188} INFO - [2024-01-28T02:42:46.660+0000] {__init__.py:531} WARNING - Matplotlib created a temporary cache directory at /tmp/matplotlib-3hxvqpm4 because the default path (/home/airflow/.cache/matplotlib) is not a writable directory; it is highly recommended to set the MPLCONFIGDIR environment variable to a writable directory, in particular to speed up the import of Matplotlib and to better support multiprocessing.
[2024-01-28T02:42:46.857+0000] {logging_mixin.py:188} INFO - [2024-01-28T02:42:46.857+0000] {font_manager.py:1547} INFO - generated new fontManager
[2024-01-28T02:42:48.341+0000] {processor.py:842} WARNING - No viable dags retrieved from /opt/airflow/dags/forecast.py
[2024-01-28T02:42:48.357+0000] {processor.py:183} INFO - Processing /opt/airflow/dags/forecast.py took 1.837 seconds
[2024-01-28T02:43:18.494+0000] {processor.py:161} INFO - Started process (PID=1869) to work on /opt/airflow/dags/forecast.py
[2024-01-28T02:43:18.497+0000] {processor.py:830} INFO - Processing file /opt/airflow/dags/forecast.py for tasks to queue
[2024-01-28T02:43:18.498+0000] {logging_mixin.py:188} INFO - [2024-01-28T02:43:18.498+0000] {dagbag.py:538} INFO - Filling up the DagBag from /opt/airflow/dags/forecast.py
[2024-01-28T02:43:18.744+0000] {logging_mixin.py:188} INFO - [2024-01-28T02:43:18.744+0000] {__init__.py:531} WARNING - Matplotlib created a temporary cache directory at /tmp/matplotlib-im4474cs because the default path (/home/airflow/.cache/matplotlib) is not a writable directory; it is highly recommended to set the MPLCONFIGDIR environment variable to a writable directory, in particular to speed up the import of Matplotlib and to better support multiprocessing.
[2024-01-28T02:43:19.017+0000] {logging_mixin.py:188} INFO - [2024-01-28T02:43:19.016+0000] {font_manager.py:1547} INFO - generated new fontManager
[2024-01-28T02:43:20.323+0000] {processor.py:842} WARNING - No viable dags retrieved from /opt/airflow/dags/forecast.py
[2024-01-28T02:43:20.335+0000] {processor.py:183} INFO - Processing /opt/airflow/dags/forecast.py took 1.847 seconds
[2024-01-28T02:43:50.859+0000] {processor.py:161} INFO - Started process (PID=2177) to work on /opt/airflow/dags/forecast.py
[2024-01-28T02:43:50.860+0000] {processor.py:830} INFO - Processing file /opt/airflow/dags/forecast.py for tasks to queue
[2024-01-28T02:43:50.861+0000] {logging_mixin.py:188} INFO - [2024-01-28T02:43:50.861+0000] {dagbag.py:538} INFO - Filling up the DagBag from /opt/airflow/dags/forecast.py
[2024-01-28T02:43:51.009+0000] {logging_mixin.py:188} INFO - [2024-01-28T02:43:51.009+0000] {__init__.py:531} WARNING - Matplotlib created a temporary cache directory at /tmp/matplotlib-x6puazz_ because the default path (/home/airflow/.cache/matplotlib) is not a writable directory; it is highly recommended to set the MPLCONFIGDIR environment variable to a writable directory, in particular to speed up the import of Matplotlib and to better support multiprocessing.
[2024-01-28T02:43:51.317+0000] {logging_mixin.py:188} INFO - [2024-01-28T02:43:51.316+0000] {font_manager.py:1547} INFO - generated new fontManager
[2024-01-28T02:43:52.982+0000] {processor.py:842} WARNING - No viable dags retrieved from /opt/airflow/dags/forecast.py
[2024-01-28T02:43:52.993+0000] {processor.py:183} INFO - Processing /opt/airflow/dags/forecast.py took 2.137 seconds
[2024-01-28T02:44:23.234+0000] {processor.py:161} INFO - Started process (PID=2488) to work on /opt/airflow/dags/forecast.py
[2024-01-28T02:44:23.236+0000] {processor.py:830} INFO - Processing file /opt/airflow/dags/forecast.py for tasks to queue
[2024-01-28T02:44:23.237+0000] {logging_mixin.py:188} INFO - [2024-01-28T02:44:23.237+0000] {dagbag.py:538} INFO - Filling up the DagBag from /opt/airflow/dags/forecast.py
[2024-01-28T02:44:23.395+0000] {logging_mixin.py:188} INFO - [2024-01-28T02:44:23.395+0000] {__init__.py:531} WARNING - Matplotlib created a temporary cache directory at /tmp/matplotlib-794ifzkd because the default path (/home/airflow/.cache/matplotlib) is not a writable directory; it is highly recommended to set the MPLCONFIGDIR environment variable to a writable directory, in particular to speed up the import of Matplotlib and to better support multiprocessing.
[2024-01-28T02:44:23.855+0000] {logging_mixin.py:188} INFO - [2024-01-28T02:44:23.854+0000] {font_manager.py:1547} INFO - generated new fontManager
[2024-01-28T02:44:25.485+0000] {processor.py:842} WARNING - No viable dags retrieved from /opt/airflow/dags/forecast.py
[2024-01-28T02:44:25.521+0000] {processor.py:183} INFO - Processing /opt/airflow/dags/forecast.py took 2.290 seconds
[2024-01-28T02:44:56.210+0000] {processor.py:161} INFO - Started process (PID=2796) to work on /opt/airflow/dags/forecast.py
[2024-01-28T02:44:56.211+0000] {processor.py:830} INFO - Processing file /opt/airflow/dags/forecast.py for tasks to queue
[2024-01-28T02:44:56.212+0000] {logging_mixin.py:188} INFO - [2024-01-28T02:44:56.212+0000] {dagbag.py:538} INFO - Filling up the DagBag from /opt/airflow/dags/forecast.py
[2024-01-28T02:44:56.334+0000] {logging_mixin.py:188} INFO - [2024-01-28T02:44:56.334+0000] {__init__.py:531} WARNING - Matplotlib created a temporary cache directory at /tmp/matplotlib-t4hmrgh8 because the default path (/home/airflow/.cache/matplotlib) is not a writable directory; it is highly recommended to set the MPLCONFIGDIR environment variable to a writable directory, in particular to speed up the import of Matplotlib and to better support multiprocessing.
[2024-01-28T02:44:56.782+0000] {logging_mixin.py:188} INFO - [2024-01-28T02:44:56.781+0000] {font_manager.py:1547} INFO - generated new fontManager
[2024-01-28T02:44:58.452+0000] {processor.py:842} WARNING - No viable dags retrieved from /opt/airflow/dags/forecast.py
[2024-01-28T02:44:58.592+0000] {processor.py:183} INFO - Processing /opt/airflow/dags/forecast.py took 2.386 seconds
[2024-01-28T02:45:28.812+0000] {processor.py:161} INFO - Started process (PID=3107) to work on /opt/airflow/dags/forecast.py
[2024-01-28T02:45:28.816+0000] {processor.py:830} INFO - Processing file /opt/airflow/dags/forecast.py for tasks to queue
[2024-01-28T02:45:28.818+0000] {logging_mixin.py:188} INFO - [2024-01-28T02:45:28.817+0000] {dagbag.py:538} INFO - Filling up the DagBag from /opt/airflow/dags/forecast.py
[2024-01-28T02:45:29.225+0000] {logging_mixin.py:188} INFO - [2024-01-28T02:45:29.223+0000] {__init__.py:531} WARNING - Matplotlib created a temporary cache directory at /tmp/matplotlib-xoat_fbs because the default path (/home/airflow/.cache/matplotlib) is not a writable directory; it is highly recommended to set the MPLCONFIGDIR environment variable to a writable directory, in particular to speed up the import of Matplotlib and to better support multiprocessing.
[2024-01-28T02:45:29.478+0000] {logging_mixin.py:188} INFO - [2024-01-28T02:45:29.478+0000] {font_manager.py:1547} INFO - generated new fontManager
[2024-01-28T02:45:30.757+0000] {processor.py:842} WARNING - No viable dags retrieved from /opt/airflow/dags/forecast.py
[2024-01-28T02:45:30.807+0000] {processor.py:183} INFO - Processing /opt/airflow/dags/forecast.py took 2.005 seconds
[2024-01-28T02:46:01.270+0000] {processor.py:161} INFO - Started process (PID=3418) to work on /opt/airflow/dags/forecast.py
[2024-01-28T02:46:01.271+0000] {processor.py:830} INFO - Processing file /opt/airflow/dags/forecast.py for tasks to queue
[2024-01-28T02:46:01.272+0000] {logging_mixin.py:188} INFO - [2024-01-28T02:46:01.272+0000] {dagbag.py:538} INFO - Filling up the DagBag from /opt/airflow/dags/forecast.py
[2024-01-28T02:46:01.538+0000] {logging_mixin.py:188} INFO - [2024-01-28T02:46:01.538+0000] {__init__.py:531} WARNING - Matplotlib created a temporary cache directory at /tmp/matplotlib-xznug4kf because the default path (/home/airflow/.cache/matplotlib) is not a writable directory; it is highly recommended to set the MPLCONFIGDIR environment variable to a writable directory, in particular to speed up the import of Matplotlib and to better support multiprocessing.
[2024-01-28T02:46:01.766+0000] {logging_mixin.py:188} INFO - [2024-01-28T02:46:01.765+0000] {font_manager.py:1547} INFO - generated new fontManager
[2024-01-28T02:46:02.859+0000] {processor.py:842} WARNING - No viable dags retrieved from /opt/airflow/dags/forecast.py
[2024-01-28T02:46:02.872+0000] {processor.py:183} INFO - Processing /opt/airflow/dags/forecast.py took 1.607 seconds
[2024-01-28T02:46:33.115+0000] {processor.py:161} INFO - Started process (PID=3729) to work on /opt/airflow/dags/forecast.py
[2024-01-28T02:46:33.116+0000] {processor.py:830} INFO - Processing file /opt/airflow/dags/forecast.py for tasks to queue
[2024-01-28T02:46:33.117+0000] {logging_mixin.py:188} INFO - [2024-01-28T02:46:33.117+0000] {dagbag.py:538} INFO - Filling up the DagBag from /opt/airflow/dags/forecast.py
[2024-01-28T02:46:33.396+0000] {logging_mixin.py:188} INFO - [2024-01-28T02:46:33.396+0000] {__init__.py:531} WARNING - Matplotlib created a temporary cache directory at /tmp/matplotlib-3k52xcx5 because the default path (/home/airflow/.cache/matplotlib) is not a writable directory; it is highly recommended to set the MPLCONFIGDIR environment variable to a writable directory, in particular to speed up the import of Matplotlib and to better support multiprocessing.
[2024-01-28T02:46:33.588+0000] {logging_mixin.py:188} INFO - [2024-01-28T02:46:33.588+0000] {font_manager.py:1547} INFO - generated new fontManager
[2024-01-28T02:46:34.686+0000] {processor.py:842} WARNING - No viable dags retrieved from /opt/airflow/dags/forecast.py
[2024-01-28T02:46:34.722+0000] {processor.py:183} INFO - Processing /opt/airflow/dags/forecast.py took 1.610 seconds
[2024-01-28T02:47:04.910+0000] {processor.py:161} INFO - Started process (PID=4037) to work on /opt/airflow/dags/forecast.py
[2024-01-28T02:47:04.913+0000] {processor.py:830} INFO - Processing file /opt/airflow/dags/forecast.py for tasks to queue
[2024-01-28T02:47:04.915+0000] {logging_mixin.py:188} INFO - [2024-01-28T02:47:04.914+0000] {dagbag.py:538} INFO - Filling up the DagBag from /opt/airflow/dags/forecast.py
[2024-01-28T02:47:05.335+0000] {logging_mixin.py:188} INFO - [2024-01-28T02:47:05.334+0000] {__init__.py:531} WARNING - Matplotlib created a temporary cache directory at /tmp/matplotlib-jcvwyokg because the default path (/home/airflow/.cache/matplotlib) is not a writable directory; it is highly recommended to set the MPLCONFIGDIR environment variable to a writable directory, in particular to speed up the import of Matplotlib and to better support multiprocessing.
[2024-01-28T02:47:05.602+0000] {logging_mixin.py:188} INFO - [2024-01-28T02:47:05.602+0000] {font_manager.py:1547} INFO - generated new fontManager
[2024-01-28T02:47:10.026+0000] {processor.py:842} WARNING - No viable dags retrieved from /opt/airflow/dags/forecast.py
[2024-01-28T02:47:10.094+0000] {processor.py:183} INFO - Processing /opt/airflow/dags/forecast.py took 5.188 seconds
[2024-01-28T02:47:41.000+0000] {processor.py:161} INFO - Started process (PID=4348) to work on /opt/airflow/dags/forecast.py
[2024-01-28T02:47:41.002+0000] {processor.py:830} INFO - Processing file /opt/airflow/dags/forecast.py for tasks to queue
[2024-01-28T02:47:41.006+0000] {logging_mixin.py:188} INFO - [2024-01-28T02:47:41.005+0000] {dagbag.py:538} INFO - Filling up the DagBag from /opt/airflow/dags/forecast.py
[2024-01-28T02:47:41.660+0000] {logging_mixin.py:188} INFO - [2024-01-28T02:47:41.660+0000] {__init__.py:531} WARNING - Matplotlib created a temporary cache directory at /tmp/matplotlib-23to2ixu because the default path (/home/airflow/.cache/matplotlib) is not a writable directory; it is highly recommended to set the MPLCONFIGDIR environment variable to a writable directory, in particular to speed up the import of Matplotlib and to better support multiprocessing.
[2024-01-28T02:47:41.877+0000] {logging_mixin.py:188} INFO - [2024-01-28T02:47:41.877+0000] {font_manager.py:1547} INFO - generated new fontManager
[2024-01-28T02:47:43.391+0000] {processor.py:842} WARNING - No viable dags retrieved from /opt/airflow/dags/forecast.py
[2024-01-28T02:47:43.416+0000] {processor.py:183} INFO - Processing /opt/airflow/dags/forecast.py took 2.422 seconds
[2024-01-28T02:48:13.531+0000] {processor.py:161} INFO - Started process (PID=4669) to work on /opt/airflow/dags/forecast.py
[2024-01-28T02:48:13.533+0000] {processor.py:830} INFO - Processing file /opt/airflow/dags/forecast.py for tasks to queue
[2024-01-28T02:48:13.534+0000] {logging_mixin.py:188} INFO - [2024-01-28T02:48:13.534+0000] {dagbag.py:538} INFO - Filling up the DagBag from /opt/airflow/dags/forecast.py
[2024-01-28T02:48:13.944+0000] {logging_mixin.py:188} INFO - [2024-01-28T02:48:13.943+0000] {__init__.py:531} WARNING - Matplotlib created a temporary cache directory at /tmp/matplotlib-a_0tar4_ because the default path (/home/airflow/.cache/matplotlib) is not a writable directory; it is highly recommended to set the MPLCONFIGDIR environment variable to a writable directory, in particular to speed up the import of Matplotlib and to better support multiprocessing.
[2024-01-28T02:48:14.162+0000] {logging_mixin.py:188} INFO - [2024-01-28T02:48:14.161+0000] {font_manager.py:1547} INFO - generated new fontManager
[2024-01-28T02:48:16.208+0000] {processor.py:842} WARNING - No viable dags retrieved from /opt/airflow/dags/forecast.py
[2024-01-28T02:48:16.257+0000] {processor.py:183} INFO - Processing /opt/airflow/dags/forecast.py took 2.725 seconds
[2024-01-28T02:48:46.856+0000] {processor.py:161} INFO - Started process (PID=5006) to work on /opt/airflow/dags/forecast.py
[2024-01-28T02:48:46.859+0000] {processor.py:830} INFO - Processing file /opt/airflow/dags/forecast.py for tasks to queue
[2024-01-28T02:48:46.860+0000] {logging_mixin.py:188} INFO - [2024-01-28T02:48:46.860+0000] {dagbag.py:538} INFO - Filling up the DagBag from /opt/airflow/dags/forecast.py
[2024-01-28T02:48:47.245+0000] {logging_mixin.py:188} INFO - [2024-01-28T02:48:47.245+0000] {__init__.py:531} WARNING - Matplotlib created a temporary cache directory at /tmp/matplotlib-7aot0zrw because the default path (/home/airflow/.cache/matplotlib) is not a writable directory; it is highly recommended to set the MPLCONFIGDIR environment variable to a writable directory, in particular to speed up the import of Matplotlib and to better support multiprocessing.
[2024-01-28T02:48:47.503+0000] {logging_mixin.py:188} INFO - [2024-01-28T02:48:47.503+0000] {font_manager.py:1547} INFO - generated new fontManager
[2024-01-28T02:48:48.961+0000] {processor.py:842} WARNING - No viable dags retrieved from /opt/airflow/dags/forecast.py
[2024-01-28T02:48:48.989+0000] {processor.py:183} INFO - Processing /opt/airflow/dags/forecast.py took 2.139 seconds
[2024-01-28T02:49:19.105+0000] {processor.py:161} INFO - Started process (PID=5352) to work on /opt/airflow/dags/forecast.py
[2024-01-28T02:49:19.107+0000] {processor.py:830} INFO - Processing file /opt/airflow/dags/forecast.py for tasks to queue
[2024-01-28T02:49:19.108+0000] {logging_mixin.py:188} INFO - [2024-01-28T02:49:19.108+0000] {dagbag.py:538} INFO - Filling up the DagBag from /opt/airflow/dags/forecast.py
[2024-01-28T02:49:19.462+0000] {logging_mixin.py:188} INFO - [2024-01-28T02:49:19.461+0000] {__init__.py:531} WARNING - Matplotlib created a temporary cache directory at /tmp/matplotlib-s7__f5jo because the default path (/home/airflow/.cache/matplotlib) is not a writable directory; it is highly recommended to set the MPLCONFIGDIR environment variable to a writable directory, in particular to speed up the import of Matplotlib and to better support multiprocessing.
[2024-01-28T02:49:19.731+0000] {logging_mixin.py:188} INFO - [2024-01-28T02:49:19.730+0000] {font_manager.py:1547} INFO - generated new fontManager
[2024-01-28T02:49:20.944+0000] {processor.py:842} WARNING - No viable dags retrieved from /opt/airflow/dags/forecast.py
[2024-01-28T02:49:20.955+0000] {processor.py:183} INFO - Processing /opt/airflow/dags/forecast.py took 1.853 seconds
[2024-01-28T02:49:51.331+0000] {processor.py:161} INFO - Started process (PID=5706) to work on /opt/airflow/dags/forecast.py
[2024-01-28T02:49:51.332+0000] {processor.py:830} INFO - Processing file /opt/airflow/dags/forecast.py for tasks to queue
[2024-01-28T02:49:51.334+0000] {logging_mixin.py:188} INFO - [2024-01-28T02:49:51.333+0000] {dagbag.py:538} INFO - Filling up the DagBag from /opt/airflow/dags/forecast.py
[2024-01-28T02:49:51.753+0000] {logging_mixin.py:188} INFO - [2024-01-28T02:49:51.753+0000] {__init__.py:531} WARNING - Matplotlib created a temporary cache directory at /tmp/matplotlib-aht6kmwm because the default path (/home/airflow/.cache/matplotlib) is not a writable directory; it is highly recommended to set the MPLCONFIGDIR environment variable to a writable directory, in particular to speed up the import of Matplotlib and to better support multiprocessing.
[2024-01-28T02:49:52.091+0000] {logging_mixin.py:188} INFO - [2024-01-28T02:49:52.090+0000] {font_manager.py:1547} INFO - generated new fontManager
[2024-01-28T02:49:53.428+0000] {processor.py:842} WARNING - No viable dags retrieved from /opt/airflow/dags/forecast.py
[2024-01-28T02:49:53.439+0000] {processor.py:183} INFO - Processing /opt/airflow/dags/forecast.py took 2.114 seconds
[2024-01-28T02:50:23.994+0000] {processor.py:161} INFO - Started process (PID=6064) to work on /opt/airflow/dags/forecast.py
[2024-01-28T02:50:23.995+0000] {processor.py:830} INFO - Processing file /opt/airflow/dags/forecast.py for tasks to queue
[2024-01-28T02:50:23.996+0000] {logging_mixin.py:188} INFO - [2024-01-28T02:50:23.996+0000] {dagbag.py:538} INFO - Filling up the DagBag from /opt/airflow/dags/forecast.py
[2024-01-28T02:50:24.301+0000] {logging_mixin.py:188} INFO - [2024-01-28T02:50:24.300+0000] {__init__.py:531} WARNING - Matplotlib created a temporary cache directory at /tmp/matplotlib-_e9p2t1f because the default path (/home/airflow/.cache/matplotlib) is not a writable directory; it is highly recommended to set the MPLCONFIGDIR environment variable to a writable directory, in particular to speed up the import of Matplotlib and to better support multiprocessing.
[2024-01-28T02:50:24.705+0000] {logging_mixin.py:188} INFO - [2024-01-28T02:50:24.705+0000] {font_manager.py:1547} INFO - generated new fontManager
[2024-01-28T02:50:26.918+0000] {processor.py:842} WARNING - No viable dags retrieved from /opt/airflow/dags/forecast.py
[2024-01-28T02:50:26.943+0000] {processor.py:183} INFO - Processing /opt/airflow/dags/forecast.py took 2.952 seconds
[2024-01-28T02:50:57.063+0000] {processor.py:161} INFO - Started process (PID=6418) to work on /opt/airflow/dags/forecast.py
[2024-01-28T02:50:57.064+0000] {processor.py:830} INFO - Processing file /opt/airflow/dags/forecast.py for tasks to queue
[2024-01-28T02:50:57.065+0000] {logging_mixin.py:188} INFO - [2024-01-28T02:50:57.065+0000] {dagbag.py:538} INFO - Filling up the DagBag from /opt/airflow/dags/forecast.py
[2024-01-28T02:50:57.311+0000] {logging_mixin.py:188} INFO - [2024-01-28T02:50:57.311+0000] {__init__.py:531} WARNING - Matplotlib created a temporary cache directory at /tmp/matplotlib-txpgzxnq because the default path (/home/airflow/.cache/matplotlib) is not a writable directory; it is highly recommended to set the MPLCONFIGDIR environment variable to a writable directory, in particular to speed up the import of Matplotlib and to better support multiprocessing.
[2024-01-28T02:50:57.494+0000] {logging_mixin.py:188} INFO - [2024-01-28T02:50:57.494+0000] {font_manager.py:1547} INFO - generated new fontManager
[2024-01-28T02:50:58.699+0000] {processor.py:842} WARNING - No viable dags retrieved from /opt/airflow/dags/forecast.py
[2024-01-28T02:50:58.712+0000] {processor.py:183} INFO - Processing /opt/airflow/dags/forecast.py took 1.653 seconds
[2024-01-28T02:51:28.810+0000] {processor.py:161} INFO - Started process (PID=6762) to work on /opt/airflow/dags/forecast.py
[2024-01-28T02:51:28.811+0000] {processor.py:830} INFO - Processing file /opt/airflow/dags/forecast.py for tasks to queue
[2024-01-28T02:51:28.812+0000] {logging_mixin.py:188} INFO - [2024-01-28T02:51:28.812+0000] {dagbag.py:538} INFO - Filling up the DagBag from /opt/airflow/dags/forecast.py
[2024-01-28T02:51:29.033+0000] {logging_mixin.py:188} INFO - [2024-01-28T02:51:29.033+0000] {__init__.py:531} WARNING - Matplotlib created a temporary cache directory at /tmp/matplotlib-xbbrlm63 because the default path (/home/airflow/.cache/matplotlib) is not a writable directory; it is highly recommended to set the MPLCONFIGDIR environment variable to a writable directory, in particular to speed up the import of Matplotlib and to better support multiprocessing.
[2024-01-28T02:51:29.208+0000] {logging_mixin.py:188} INFO - [2024-01-28T02:51:29.208+0000] {font_manager.py:1547} INFO - generated new fontManager
[2024-01-28T02:51:30.209+0000] {processor.py:842} WARNING - No viable dags retrieved from /opt/airflow/dags/forecast.py
[2024-01-28T02:51:30.220+0000] {processor.py:183} INFO - Processing /opt/airflow/dags/forecast.py took 1.412 seconds
[2024-01-28T02:52:01.217+0000] {processor.py:161} INFO - Started process (PID=7073) to work on /opt/airflow/dags/forecast.py
[2024-01-28T02:52:01.218+0000] {processor.py:830} INFO - Processing file /opt/airflow/dags/forecast.py for tasks to queue
[2024-01-28T02:52:01.219+0000] {logging_mixin.py:188} INFO - [2024-01-28T02:52:01.219+0000] {dagbag.py:538} INFO - Filling up the DagBag from /opt/airflow/dags/forecast.py
[2024-01-28T02:52:01.335+0000] {logging_mixin.py:188} INFO - [2024-01-28T02:52:01.335+0000] {__init__.py:531} WARNING - Matplotlib created a temporary cache directory at /tmp/matplotlib-rhlgn189 because the default path (/home/airflow/.cache/matplotlib) is not a writable directory; it is highly recommended to set the MPLCONFIGDIR environment variable to a writable directory, in particular to speed up the import of Matplotlib and to better support multiprocessing.
[2024-01-28T02:52:01.508+0000] {logging_mixin.py:188} INFO - [2024-01-28T02:52:01.508+0000] {font_manager.py:1547} INFO - generated new fontManager
[2024-01-28T02:52:02.875+0000] {processor.py:842} WARNING - No viable dags retrieved from /opt/airflow/dags/forecast.py
[2024-01-28T02:52:02.895+0000] {processor.py:183} INFO - Processing /opt/airflow/dags/forecast.py took 1.681 seconds
[2024-01-28T02:52:33.871+0000] {processor.py:161} INFO - Started process (PID=7384) to work on /opt/airflow/dags/forecast.py
[2024-01-28T02:52:33.872+0000] {processor.py:830} INFO - Processing file /opt/airflow/dags/forecast.py for tasks to queue
[2024-01-28T02:52:33.873+0000] {logging_mixin.py:188} INFO - [2024-01-28T02:52:33.872+0000] {dagbag.py:538} INFO - Filling up the DagBag from /opt/airflow/dags/forecast.py
[2024-01-28T02:52:33.992+0000] {logging_mixin.py:188} INFO - [2024-01-28T02:52:33.991+0000] {__init__.py:531} WARNING - Matplotlib created a temporary cache directory at /tmp/matplotlib-yt6miihg because the default path (/home/airflow/.cache/matplotlib) is not a writable directory; it is highly recommended to set the MPLCONFIGDIR environment variable to a writable directory, in particular to speed up the import of Matplotlib and to better support multiprocessing.
[2024-01-28T02:52:34.230+0000] {logging_mixin.py:188} INFO - [2024-01-28T02:52:34.230+0000] {font_manager.py:1547} INFO - generated new fontManager
[2024-01-28T02:52:36.241+0000] {processor.py:842} WARNING - No viable dags retrieved from /opt/airflow/dags/forecast.py
[2024-01-28T02:52:36.355+0000] {processor.py:183} INFO - Processing /opt/airflow/dags/forecast.py took 2.488 seconds
[2024-01-28T02:53:06.769+0000] {processor.py:161} INFO - Started process (PID=7710) to work on /opt/airflow/dags/forecast.py
[2024-01-28T02:53:06.770+0000] {processor.py:830} INFO - Processing file /opt/airflow/dags/forecast.py for tasks to queue
[2024-01-28T02:53:06.772+0000] {logging_mixin.py:188} INFO - [2024-01-28T02:53:06.771+0000] {dagbag.py:538} INFO - Filling up the DagBag from /opt/airflow/dags/forecast.py
[2024-01-28T02:53:06.902+0000] {logging_mixin.py:188} INFO - [2024-01-28T02:53:06.902+0000] {__init__.py:531} WARNING - Matplotlib created a temporary cache directory at /tmp/matplotlib-8h2sy1w9 because the default path (/home/airflow/.cache/matplotlib) is not a writable directory; it is highly recommended to set the MPLCONFIGDIR environment variable to a writable directory, in particular to speed up the import of Matplotlib and to better support multiprocessing.
[2024-01-28T02:53:07.072+0000] {logging_mixin.py:188} INFO - [2024-01-28T02:53:07.071+0000] {font_manager.py:1547} INFO - generated new fontManager
[2024-01-28T02:53:08.424+0000] {processor.py:842} WARNING - No viable dags retrieved from /opt/airflow/dags/forecast.py
[2024-01-28T02:53:08.435+0000] {processor.py:183} INFO - Processing /opt/airflow/dags/forecast.py took 1.670 seconds
[2024-01-28T02:53:39.299+0000] {processor.py:161} INFO - Started process (PID=8026) to work on /opt/airflow/dags/forecast.py
[2024-01-28T02:53:39.300+0000] {processor.py:830} INFO - Processing file /opt/airflow/dags/forecast.py for tasks to queue
[2024-01-28T02:53:39.301+0000] {logging_mixin.py:188} INFO - [2024-01-28T02:53:39.301+0000] {dagbag.py:538} INFO - Filling up the DagBag from /opt/airflow/dags/forecast.py
[2024-01-28T02:53:39.414+0000] {logging_mixin.py:188} INFO - [2024-01-28T02:53:39.414+0000] {__init__.py:531} WARNING - Matplotlib created a temporary cache directory at /tmp/matplotlib-21klo49h because the default path (/home/airflow/.cache/matplotlib) is not a writable directory; it is highly recommended to set the MPLCONFIGDIR environment variable to a writable directory, in particular to speed up the import of Matplotlib and to better support multiprocessing.
[2024-01-28T02:53:39.588+0000] {logging_mixin.py:188} INFO - [2024-01-28T02:53:39.588+0000] {font_manager.py:1547} INFO - generated new fontManager
[2024-01-28T02:53:40.578+0000] {processor.py:842} WARNING - No viable dags retrieved from /opt/airflow/dags/forecast.py
[2024-01-28T02:53:40.588+0000] {processor.py:183} INFO - Processing /opt/airflow/dags/forecast.py took 1.292 seconds
[2024-01-28T02:54:11.529+0000] {processor.py:161} INFO - Started process (PID=8337) to work on /opt/airflow/dags/forecast.py
[2024-01-28T02:54:11.530+0000] {processor.py:830} INFO - Processing file /opt/airflow/dags/forecast.py for tasks to queue
[2024-01-28T02:54:11.531+0000] {logging_mixin.py:188} INFO - [2024-01-28T02:54:11.530+0000] {dagbag.py:538} INFO - Filling up the DagBag from /opt/airflow/dags/forecast.py
[2024-01-28T02:54:11.641+0000] {logging_mixin.py:188} INFO - [2024-01-28T02:54:11.640+0000] {__init__.py:531} WARNING - Matplotlib created a temporary cache directory at /tmp/matplotlib-xlmt9ol2 because the default path (/home/airflow/.cache/matplotlib) is not a writable directory; it is highly recommended to set the MPLCONFIGDIR environment variable to a writable directory, in particular to speed up the import of Matplotlib and to better support multiprocessing.
[2024-01-28T02:54:11.813+0000] {logging_mixin.py:188} INFO - [2024-01-28T02:54:11.813+0000] {font_manager.py:1547} INFO - generated new fontManager
[2024-01-28T02:54:12.983+0000] {processor.py:842} WARNING - No viable dags retrieved from /opt/airflow/dags/forecast.py
[2024-01-28T02:54:13.004+0000] {processor.py:183} INFO - Processing /opt/airflow/dags/forecast.py took 1.479 seconds
[2024-01-28T02:54:43.997+0000] {processor.py:161} INFO - Started process (PID=8647) to work on /opt/airflow/dags/forecast.py
[2024-01-28T02:54:43.999+0000] {processor.py:830} INFO - Processing file /opt/airflow/dags/forecast.py for tasks to queue
[2024-01-28T02:54:43.999+0000] {logging_mixin.py:188} INFO - [2024-01-28T02:54:43.999+0000] {dagbag.py:538} INFO - Filling up the DagBag from /opt/airflow/dags/forecast.py
[2024-01-28T02:54:44.121+0000] {logging_mixin.py:188} INFO - [2024-01-28T02:54:44.121+0000] {__init__.py:531} WARNING - Matplotlib created a temporary cache directory at /tmp/matplotlib-k0iy85qv because the default path (/home/airflow/.cache/matplotlib) is not a writable directory; it is highly recommended to set the MPLCONFIGDIR environment variable to a writable directory, in particular to speed up the import of Matplotlib and to better support multiprocessing.
[2024-01-28T02:54:44.292+0000] {logging_mixin.py:188} INFO - [2024-01-28T02:54:44.292+0000] {font_manager.py:1547} INFO - generated new fontManager
[2024-01-28T02:54:45.412+0000] {processor.py:842} WARNING - No viable dags retrieved from /opt/airflow/dags/forecast.py
[2024-01-28T02:54:45.425+0000] {processor.py:183} INFO - Processing /opt/airflow/dags/forecast.py took 1.430 seconds
[2024-01-28T02:55:15.950+0000] {processor.py:161} INFO - Started process (PID=8958) to work on /opt/airflow/dags/forecast.py
[2024-01-28T02:55:15.952+0000] {processor.py:830} INFO - Processing file /opt/airflow/dags/forecast.py for tasks to queue
[2024-01-28T02:55:15.954+0000] {logging_mixin.py:188} INFO - [2024-01-28T02:55:15.954+0000] {dagbag.py:538} INFO - Filling up the DagBag from /opt/airflow/dags/forecast.py
[2024-01-28T02:55:16.343+0000] {logging_mixin.py:188} INFO - [2024-01-28T02:55:16.343+0000] {__init__.py:531} WARNING - Matplotlib created a temporary cache directory at /tmp/matplotlib-r9lktpyr because the default path (/home/airflow/.cache/matplotlib) is not a writable directory; it is highly recommended to set the MPLCONFIGDIR environment variable to a writable directory, in particular to speed up the import of Matplotlib and to better support multiprocessing.
[2024-01-28T02:55:16.697+0000] {logging_mixin.py:188} INFO - [2024-01-28T02:55:16.696+0000] {font_manager.py:1547} INFO - generated new fontManager
[2024-01-28T02:55:24.481+0000] {processor.py:842} WARNING - No viable dags retrieved from /opt/airflow/dags/forecast.py
[2024-01-28T02:55:26.374+0000] {processor.py:183} INFO - Processing /opt/airflow/dags/forecast.py took 10.435 seconds
[2024-01-28T02:55:59.043+0000] {processor.py:161} INFO - Started process (PID=9269) to work on /opt/airflow/dags/forecast.py
[2024-01-28T02:55:59.044+0000] {processor.py:830} INFO - Processing file /opt/airflow/dags/forecast.py for tasks to queue
[2024-01-28T02:55:59.045+0000] {logging_mixin.py:188} INFO - [2024-01-28T02:55:59.044+0000] {dagbag.py:538} INFO - Filling up the DagBag from /opt/airflow/dags/forecast.py
[2024-01-28T02:55:59.151+0000] {logging_mixin.py:188} INFO - [2024-01-28T02:55:59.151+0000] {__init__.py:531} WARNING - Matplotlib created a temporary cache directory at /tmp/matplotlib-vs1hwq04 because the default path (/home/airflow/.cache/matplotlib) is not a writable directory; it is highly recommended to set the MPLCONFIGDIR environment variable to a writable directory, in particular to speed up the import of Matplotlib and to better support multiprocessing.
[2024-01-28T02:55:59.340+0000] {logging_mixin.py:188} INFO - [2024-01-28T02:55:59.340+0000] {font_manager.py:1547} INFO - generated new fontManager
[2024-01-28T02:56:00.414+0000] {processor.py:842} WARNING - No viable dags retrieved from /opt/airflow/dags/forecast.py
[2024-01-28T02:56:00.427+0000] {processor.py:183} INFO - Processing /opt/airflow/dags/forecast.py took 1.387 seconds
[2024-01-28T02:56:30.565+0000] {processor.py:161} INFO - Started process (PID=9579) to work on /opt/airflow/dags/forecast.py
[2024-01-28T02:56:30.566+0000] {processor.py:830} INFO - Processing file /opt/airflow/dags/forecast.py for tasks to queue
[2024-01-28T02:56:30.567+0000] {logging_mixin.py:188} INFO - [2024-01-28T02:56:30.567+0000] {dagbag.py:538} INFO - Filling up the DagBag from /opt/airflow/dags/forecast.py
[2024-01-28T02:56:30.671+0000] {logging_mixin.py:188} INFO - [2024-01-28T02:56:30.671+0000] {__init__.py:531} WARNING - Matplotlib created a temporary cache directory at /tmp/matplotlib-9wsgr8k2 because the default path (/home/airflow/.cache/matplotlib) is not a writable directory; it is highly recommended to set the MPLCONFIGDIR environment variable to a writable directory, in particular to speed up the import of Matplotlib and to better support multiprocessing.
[2024-01-28T02:56:30.838+0000] {logging_mixin.py:188} INFO - [2024-01-28T02:56:30.838+0000] {font_manager.py:1547} INFO - generated new fontManager
[2024-01-28T02:56:31.844+0000] {processor.py:842} WARNING - No viable dags retrieved from /opt/airflow/dags/forecast.py
[2024-01-28T02:56:31.854+0000] {processor.py:183} INFO - Processing /opt/airflow/dags/forecast.py took 1.291 seconds
[2024-01-28T02:57:02.099+0000] {processor.py:161} INFO - Started process (PID=9897) to work on /opt/airflow/dags/forecast.py
[2024-01-28T02:57:02.100+0000] {processor.py:830} INFO - Processing file /opt/airflow/dags/forecast.py for tasks to queue
[2024-01-28T02:57:02.101+0000] {logging_mixin.py:188} INFO - [2024-01-28T02:57:02.101+0000] {dagbag.py:538} INFO - Filling up the DagBag from /opt/airflow/dags/forecast.py
[2024-01-28T02:57:02.214+0000] {logging_mixin.py:188} INFO - [2024-01-28T02:57:02.214+0000] {__init__.py:531} WARNING - Matplotlib created a temporary cache directory at /tmp/matplotlib-uh7eldkb because the default path (/home/airflow/.cache/matplotlib) is not a writable directory; it is highly recommended to set the MPLCONFIGDIR environment variable to a writable directory, in particular to speed up the import of Matplotlib and to better support multiprocessing.
[2024-01-28T02:57:02.416+0000] {logging_mixin.py:188} INFO - [2024-01-28T02:57:02.415+0000] {font_manager.py:1547} INFO - generated new fontManager
[2024-01-28T02:57:03.480+0000] {processor.py:842} WARNING - No viable dags retrieved from /opt/airflow/dags/forecast.py
[2024-01-28T02:57:03.492+0000] {processor.py:183} INFO - Processing /opt/airflow/dags/forecast.py took 1.396 seconds
[2024-01-28T02:57:33.712+0000] {processor.py:161} INFO - Started process (PID=10213) to work on /opt/airflow/dags/forecast.py
[2024-01-28T02:57:33.714+0000] {processor.py:830} INFO - Processing file /opt/airflow/dags/forecast.py for tasks to queue
[2024-01-28T02:57:33.714+0000] {logging_mixin.py:188} INFO - [2024-01-28T02:57:33.714+0000] {dagbag.py:538} INFO - Filling up the DagBag from /opt/airflow/dags/forecast.py
[2024-01-28T02:57:33.842+0000] {logging_mixin.py:188} INFO - [2024-01-28T02:57:33.841+0000] {__init__.py:531} WARNING - Matplotlib created a temporary cache directory at /tmp/matplotlib-hi4pky71 because the default path (/home/airflow/.cache/matplotlib) is not a writable directory; it is highly recommended to set the MPLCONFIGDIR environment variable to a writable directory, in particular to speed up the import of Matplotlib and to better support multiprocessing.
[2024-01-28T02:57:34.019+0000] {logging_mixin.py:188} INFO - [2024-01-28T02:57:34.018+0000] {font_manager.py:1547} INFO - generated new fontManager
[2024-01-28T02:57:35.226+0000] {processor.py:842} WARNING - No viable dags retrieved from /opt/airflow/dags/forecast.py
[2024-01-28T02:57:35.239+0000] {processor.py:183} INFO - Processing /opt/airflow/dags/forecast.py took 1.531 seconds
[2024-01-28T02:58:05.983+0000] {processor.py:161} INFO - Started process (PID=10537) to work on /opt/airflow/dags/forecast.py
[2024-01-28T02:58:05.984+0000] {processor.py:830} INFO - Processing file /opt/airflow/dags/forecast.py for tasks to queue
[2024-01-28T02:58:05.986+0000] {logging_mixin.py:188} INFO - [2024-01-28T02:58:05.985+0000] {dagbag.py:538} INFO - Filling up the DagBag from /opt/airflow/dags/forecast.py
[2024-01-28T02:58:06.183+0000] {logging_mixin.py:188} INFO - [2024-01-28T02:58:06.183+0000] {__init__.py:531} WARNING - Matplotlib created a temporary cache directory at /tmp/matplotlib-z54t2zlg because the default path (/home/airflow/.cache/matplotlib) is not a writable directory; it is highly recommended to set the MPLCONFIGDIR environment variable to a writable directory, in particular to speed up the import of Matplotlib and to better support multiprocessing.
[2024-01-28T02:58:06.425+0000] {logging_mixin.py:188} INFO - [2024-01-28T02:58:06.423+0000] {font_manager.py:1547} INFO - generated new fontManager
[2024-01-28T02:58:08.440+0000] {processor.py:842} WARNING - No viable dags retrieved from /opt/airflow/dags/forecast.py
[2024-01-28T02:58:08.462+0000] {processor.py:183} INFO - Processing /opt/airflow/dags/forecast.py took 2.482 seconds
