[2024-02-28T03:27:01.807+0000] {processor.py:161} INFO - Started process (PID=311) to work on /home/airflow/.local/lib/python3.8/site-packages/airflow/example_dags/example_skip_dag.py
[2024-02-28T03:27:01.809+0000] {processor.py:830} INFO - Processing file /home/airflow/.local/lib/python3.8/site-packages/airflow/example_dags/example_skip_dag.py for tasks to queue
[2024-02-28T03:27:01.810+0000] {logging_mixin.py:188} INFO - [2024-02-28T03:27:01.810+0000] {dagbag.py:538} INFO - Filling up the DagBag from /home/airflow/.local/lib/python3.8/site-packages/airflow/example_dags/example_skip_dag.py
[2024-02-28T03:27:01.897+0000] {processor.py:840} INFO - DAG(s) 'example_skip_dag' retrieved from /home/airflow/.local/lib/python3.8/site-packages/airflow/example_dags/example_skip_dag.py
[2024-02-28T03:27:02.186+0000] {logging_mixin.py:188} INFO - [2024-02-28T03:27:02.185+0000] {dag.py:3036} INFO - Sync 1 DAGs
[2024-02-28T03:27:02.267+0000] {logging_mixin.py:188} INFO - [2024-02-28T03:27:02.267+0000] {dag.py:3823} INFO - Setting next_dagrun for example_skip_dag to 2024-02-27 00:00:00+00:00, run_after=2024-02-28 00:00:00+00:00
[2024-02-28T03:27:02.328+0000] {processor.py:183} INFO - Processing /home/airflow/.local/lib/python3.8/site-packages/airflow/example_dags/example_skip_dag.py took 0.541 seconds
[2024-02-28T03:27:36.468+0000] {processor.py:161} INFO - Started process (PID=630) to work on /home/airflow/.local/lib/python3.8/site-packages/airflow/example_dags/example_skip_dag.py
[2024-02-28T03:27:36.473+0000] {processor.py:830} INFO - Processing file /home/airflow/.local/lib/python3.8/site-packages/airflow/example_dags/example_skip_dag.py for tasks to queue
[2024-02-28T03:27:36.475+0000] {logging_mixin.py:188} INFO - [2024-02-28T03:27:36.475+0000] {dagbag.py:538} INFO - Filling up the DagBag from /home/airflow/.local/lib/python3.8/site-packages/airflow/example_dags/example_skip_dag.py
[2024-02-28T03:27:36.487+0000] {processor.py:840} INFO - DAG(s) 'example_skip_dag' retrieved from /home/airflow/.local/lib/python3.8/site-packages/airflow/example_dags/example_skip_dag.py
[2024-02-28T03:27:36.533+0000] {logging_mixin.py:188} INFO - [2024-02-28T03:27:36.533+0000] {dag.py:3036} INFO - Sync 1 DAGs
[2024-02-28T03:27:36.595+0000] {logging_mixin.py:188} INFO - [2024-02-28T03:27:36.593+0000] {dag.py:3823} INFO - Setting next_dagrun for example_skip_dag to 2024-02-27 00:00:00+00:00, run_after=2024-02-28 00:00:00+00:00
[2024-02-28T03:27:36.641+0000] {processor.py:183} INFO - Processing /home/airflow/.local/lib/python3.8/site-packages/airflow/example_dags/example_skip_dag.py took 0.178 seconds
[2024-02-28T03:28:18.321+0000] {processor.py:161} INFO - Started process (PID=952) to work on /home/airflow/.local/lib/python3.8/site-packages/airflow/example_dags/example_skip_dag.py
[2024-02-28T03:28:18.322+0000] {processor.py:830} INFO - Processing file /home/airflow/.local/lib/python3.8/site-packages/airflow/example_dags/example_skip_dag.py for tasks to queue
[2024-02-28T03:28:18.324+0000] {logging_mixin.py:188} INFO - [2024-02-28T03:28:18.323+0000] {dagbag.py:538} INFO - Filling up the DagBag from /home/airflow/.local/lib/python3.8/site-packages/airflow/example_dags/example_skip_dag.py
[2024-02-28T03:28:18.333+0000] {processor.py:840} INFO - DAG(s) 'example_skip_dag' retrieved from /home/airflow/.local/lib/python3.8/site-packages/airflow/example_dags/example_skip_dag.py
[2024-02-28T03:28:18.364+0000] {logging_mixin.py:188} INFO - [2024-02-28T03:28:18.363+0000] {dag.py:3036} INFO - Sync 1 DAGs
[2024-02-28T03:28:18.392+0000] {logging_mixin.py:188} INFO - [2024-02-28T03:28:18.391+0000] {dag.py:3823} INFO - Setting next_dagrun for example_skip_dag to 2024-02-27 00:00:00+00:00, run_after=2024-02-28 00:00:00+00:00
[2024-02-28T03:28:18.422+0000] {processor.py:183} INFO - Processing /home/airflow/.local/lib/python3.8/site-packages/airflow/example_dags/example_skip_dag.py took 0.104 seconds
[2024-02-28T03:28:56.237+0000] {processor.py:161} INFO - Started process (PID=1273) to work on /home/airflow/.local/lib/python3.8/site-packages/airflow/example_dags/example_skip_dag.py
[2024-02-28T03:28:56.240+0000] {processor.py:830} INFO - Processing file /home/airflow/.local/lib/python3.8/site-packages/airflow/example_dags/example_skip_dag.py for tasks to queue
[2024-02-28T03:28:56.241+0000] {logging_mixin.py:188} INFO - [2024-02-28T03:28:56.241+0000] {dagbag.py:538} INFO - Filling up the DagBag from /home/airflow/.local/lib/python3.8/site-packages/airflow/example_dags/example_skip_dag.py
[2024-02-28T03:28:56.263+0000] {processor.py:840} INFO - DAG(s) 'example_skip_dag' retrieved from /home/airflow/.local/lib/python3.8/site-packages/airflow/example_dags/example_skip_dag.py
[2024-02-28T03:28:56.334+0000] {logging_mixin.py:188} INFO - [2024-02-28T03:28:56.334+0000] {dag.py:3036} INFO - Sync 1 DAGs
[2024-02-28T03:28:56.372+0000] {logging_mixin.py:188} INFO - [2024-02-28T03:28:56.372+0000] {dag.py:3823} INFO - Setting next_dagrun for example_skip_dag to 2024-02-27 00:00:00+00:00, run_after=2024-02-28 00:00:00+00:00
[2024-02-28T03:28:56.407+0000] {processor.py:183} INFO - Processing /home/airflow/.local/lib/python3.8/site-packages/airflow/example_dags/example_skip_dag.py took 0.174 seconds
[2024-02-28T03:29:27.930+0000] {processor.py:161} INFO - Started process (PID=1584) to work on /home/airflow/.local/lib/python3.8/site-packages/airflow/example_dags/example_skip_dag.py
[2024-02-28T03:29:27.932+0000] {processor.py:830} INFO - Processing file /home/airflow/.local/lib/python3.8/site-packages/airflow/example_dags/example_skip_dag.py for tasks to queue
[2024-02-28T03:29:27.934+0000] {logging_mixin.py:188} INFO - [2024-02-28T03:29:27.933+0000] {dagbag.py:538} INFO - Filling up the DagBag from /home/airflow/.local/lib/python3.8/site-packages/airflow/example_dags/example_skip_dag.py
[2024-02-28T03:29:27.945+0000] {processor.py:840} INFO - DAG(s) 'example_skip_dag' retrieved from /home/airflow/.local/lib/python3.8/site-packages/airflow/example_dags/example_skip_dag.py
[2024-02-28T03:29:27.976+0000] {logging_mixin.py:188} INFO - [2024-02-28T03:29:27.976+0000] {dag.py:3036} INFO - Sync 1 DAGs
[2024-02-28T03:29:28.015+0000] {logging_mixin.py:188} INFO - [2024-02-28T03:29:28.015+0000] {dag.py:3823} INFO - Setting next_dagrun for example_skip_dag to 2024-02-27 00:00:00+00:00, run_after=2024-02-28 00:00:00+00:00
[2024-02-28T03:29:28.055+0000] {processor.py:183} INFO - Processing /home/airflow/.local/lib/python3.8/site-packages/airflow/example_dags/example_skip_dag.py took 0.130 seconds
[2024-02-28T03:29:59.312+0000] {processor.py:161} INFO - Started process (PID=1896) to work on /home/airflow/.local/lib/python3.8/site-packages/airflow/example_dags/example_skip_dag.py
[2024-02-28T03:29:59.313+0000] {processor.py:830} INFO - Processing file /home/airflow/.local/lib/python3.8/site-packages/airflow/example_dags/example_skip_dag.py for tasks to queue
[2024-02-28T03:29:59.315+0000] {logging_mixin.py:188} INFO - [2024-02-28T03:29:59.314+0000] {dagbag.py:538} INFO - Filling up the DagBag from /home/airflow/.local/lib/python3.8/site-packages/airflow/example_dags/example_skip_dag.py
[2024-02-28T03:29:59.321+0000] {processor.py:840} INFO - DAG(s) 'example_skip_dag' retrieved from /home/airflow/.local/lib/python3.8/site-packages/airflow/example_dags/example_skip_dag.py
[2024-02-28T03:29:59.345+0000] {logging_mixin.py:188} INFO - [2024-02-28T03:29:59.345+0000] {dag.py:3036} INFO - Sync 1 DAGs
[2024-02-28T03:29:59.364+0000] {logging_mixin.py:188} INFO - [2024-02-28T03:29:59.364+0000] {dag.py:3823} INFO - Setting next_dagrun for example_skip_dag to 2024-02-27 00:00:00+00:00, run_after=2024-02-28 00:00:00+00:00
[2024-02-28T03:29:59.386+0000] {processor.py:183} INFO - Processing /home/airflow/.local/lib/python3.8/site-packages/airflow/example_dags/example_skip_dag.py took 0.077 seconds
[2024-02-28T03:30:31.893+0000] {processor.py:161} INFO - Started process (PID=2205) to work on /home/airflow/.local/lib/python3.8/site-packages/airflow/example_dags/example_skip_dag.py
[2024-02-28T03:30:31.895+0000] {processor.py:830} INFO - Processing file /home/airflow/.local/lib/python3.8/site-packages/airflow/example_dags/example_skip_dag.py for tasks to queue
[2024-02-28T03:30:31.910+0000] {logging_mixin.py:188} INFO - [2024-02-28T03:30:31.909+0000] {dagbag.py:538} INFO - Filling up the DagBag from /home/airflow/.local/lib/python3.8/site-packages/airflow/example_dags/example_skip_dag.py
[2024-02-28T03:30:31.927+0000] {processor.py:840} INFO - DAG(s) 'example_skip_dag' retrieved from /home/airflow/.local/lib/python3.8/site-packages/airflow/example_dags/example_skip_dag.py
[2024-02-28T03:30:31.998+0000] {logging_mixin.py:188} INFO - [2024-02-28T03:30:31.997+0000] {dag.py:3036} INFO - Sync 1 DAGs
[2024-02-28T03:30:32.060+0000] {logging_mixin.py:188} INFO - [2024-02-28T03:30:32.060+0000] {dag.py:3823} INFO - Setting next_dagrun for example_skip_dag to 2024-02-27 00:00:00+00:00, run_after=2024-02-28 00:00:00+00:00
[2024-02-28T03:30:32.121+0000] {processor.py:183} INFO - Processing /home/airflow/.local/lib/python3.8/site-packages/airflow/example_dags/example_skip_dag.py took 0.235 seconds
[2024-02-28T03:31:02.991+0000] {processor.py:161} INFO - Started process (PID=2511) to work on /home/airflow/.local/lib/python3.8/site-packages/airflow/example_dags/example_skip_dag.py
[2024-02-28T03:31:02.992+0000] {processor.py:830} INFO - Processing file /home/airflow/.local/lib/python3.8/site-packages/airflow/example_dags/example_skip_dag.py for tasks to queue
[2024-02-28T03:31:02.994+0000] {logging_mixin.py:188} INFO - [2024-02-28T03:31:02.993+0000] {dagbag.py:538} INFO - Filling up the DagBag from /home/airflow/.local/lib/python3.8/site-packages/airflow/example_dags/example_skip_dag.py
[2024-02-28T03:31:03.004+0000] {processor.py:840} INFO - DAG(s) 'example_skip_dag' retrieved from /home/airflow/.local/lib/python3.8/site-packages/airflow/example_dags/example_skip_dag.py
[2024-02-28T03:31:03.030+0000] {logging_mixin.py:188} INFO - [2024-02-28T03:31:03.029+0000] {dag.py:3036} INFO - Sync 1 DAGs
[2024-02-28T03:31:03.057+0000] {logging_mixin.py:188} INFO - [2024-02-28T03:31:03.056+0000] {dag.py:3823} INFO - Setting next_dagrun for example_skip_dag to 2024-02-27 00:00:00+00:00, run_after=2024-02-28 00:00:00+00:00
[2024-02-28T03:31:03.085+0000] {processor.py:183} INFO - Processing /home/airflow/.local/lib/python3.8/site-packages/airflow/example_dags/example_skip_dag.py took 0.098 seconds
[2024-02-28T03:31:33.155+0000] {processor.py:161} INFO - Started process (PID=2816) to work on /home/airflow/.local/lib/python3.8/site-packages/airflow/example_dags/example_skip_dag.py
[2024-02-28T03:31:33.156+0000] {processor.py:830} INFO - Processing file /home/airflow/.local/lib/python3.8/site-packages/airflow/example_dags/example_skip_dag.py for tasks to queue
[2024-02-28T03:31:33.157+0000] {logging_mixin.py:188} INFO - [2024-02-28T03:31:33.157+0000] {dagbag.py:538} INFO - Filling up the DagBag from /home/airflow/.local/lib/python3.8/site-packages/airflow/example_dags/example_skip_dag.py
[2024-02-28T03:31:33.172+0000] {processor.py:840} INFO - DAG(s) 'example_skip_dag' retrieved from /home/airflow/.local/lib/python3.8/site-packages/airflow/example_dags/example_skip_dag.py
[2024-02-28T03:31:33.201+0000] {logging_mixin.py:188} INFO - [2024-02-28T03:31:33.200+0000] {dag.py:3036} INFO - Sync 1 DAGs
[2024-02-28T03:31:33.223+0000] {logging_mixin.py:188} INFO - [2024-02-28T03:31:33.222+0000] {dag.py:3823} INFO - Setting next_dagrun for example_skip_dag to 2024-02-27 00:00:00+00:00, run_after=2024-02-28 00:00:00+00:00
[2024-02-28T03:31:33.245+0000] {processor.py:183} INFO - Processing /home/airflow/.local/lib/python3.8/site-packages/airflow/example_dags/example_skip_dag.py took 0.095 seconds
[2024-02-28T03:32:13.046+0000] {processor.py:161} INFO - Started process (PID=3133) to work on /home/airflow/.local/lib/python3.8/site-packages/airflow/example_dags/example_skip_dag.py
[2024-02-28T03:32:13.048+0000] {processor.py:830} INFO - Processing file /home/airflow/.local/lib/python3.8/site-packages/airflow/example_dags/example_skip_dag.py for tasks to queue
[2024-02-28T03:32:13.049+0000] {logging_mixin.py:188} INFO - [2024-02-28T03:32:13.049+0000] {dagbag.py:538} INFO - Filling up the DagBag from /home/airflow/.local/lib/python3.8/site-packages/airflow/example_dags/example_skip_dag.py
[2024-02-28T03:32:13.069+0000] {processor.py:840} INFO - DAG(s) 'example_skip_dag' retrieved from /home/airflow/.local/lib/python3.8/site-packages/airflow/example_dags/example_skip_dag.py
[2024-02-28T03:32:13.106+0000] {logging_mixin.py:188} INFO - [2024-02-28T03:32:13.105+0000] {dag.py:3036} INFO - Sync 1 DAGs
[2024-02-28T03:32:13.152+0000] {logging_mixin.py:188} INFO - [2024-02-28T03:32:13.151+0000] {dag.py:3823} INFO - Setting next_dagrun for example_skip_dag to 2024-02-27 00:00:00+00:00, run_after=2024-02-28 00:00:00+00:00
[2024-02-28T03:32:13.177+0000] {processor.py:183} INFO - Processing /home/airflow/.local/lib/python3.8/site-packages/airflow/example_dags/example_skip_dag.py took 0.142 seconds
[2024-02-28T03:32:44.174+0000] {processor.py:161} INFO - Started process (PID=3443) to work on /home/airflow/.local/lib/python3.8/site-packages/airflow/example_dags/example_skip_dag.py
[2024-02-28T03:32:44.175+0000] {processor.py:830} INFO - Processing file /home/airflow/.local/lib/python3.8/site-packages/airflow/example_dags/example_skip_dag.py for tasks to queue
[2024-02-28T03:32:44.176+0000] {logging_mixin.py:188} INFO - [2024-02-28T03:32:44.176+0000] {dagbag.py:538} INFO - Filling up the DagBag from /home/airflow/.local/lib/python3.8/site-packages/airflow/example_dags/example_skip_dag.py
[2024-02-28T03:32:44.182+0000] {processor.py:840} INFO - DAG(s) 'example_skip_dag' retrieved from /home/airflow/.local/lib/python3.8/site-packages/airflow/example_dags/example_skip_dag.py
[2024-02-28T03:32:44.205+0000] {logging_mixin.py:188} INFO - [2024-02-28T03:32:44.204+0000] {dag.py:3036} INFO - Sync 1 DAGs
[2024-02-28T03:32:44.225+0000] {logging_mixin.py:188} INFO - [2024-02-28T03:32:44.225+0000] {dag.py:3823} INFO - Setting next_dagrun for example_skip_dag to 2024-02-27 00:00:00+00:00, run_after=2024-02-28 00:00:00+00:00
[2024-02-28T03:32:44.249+0000] {processor.py:183} INFO - Processing /home/airflow/.local/lib/python3.8/site-packages/airflow/example_dags/example_skip_dag.py took 0.078 seconds
[2024-02-28T03:33:15.178+0000] {processor.py:161} INFO - Started process (PID=3748) to work on /home/airflow/.local/lib/python3.8/site-packages/airflow/example_dags/example_skip_dag.py
[2024-02-28T03:33:15.179+0000] {processor.py:830} INFO - Processing file /home/airflow/.local/lib/python3.8/site-packages/airflow/example_dags/example_skip_dag.py for tasks to queue
[2024-02-28T03:33:15.180+0000] {logging_mixin.py:188} INFO - [2024-02-28T03:33:15.180+0000] {dagbag.py:538} INFO - Filling up the DagBag from /home/airflow/.local/lib/python3.8/site-packages/airflow/example_dags/example_skip_dag.py
[2024-02-28T03:33:15.188+0000] {processor.py:840} INFO - DAG(s) 'example_skip_dag' retrieved from /home/airflow/.local/lib/python3.8/site-packages/airflow/example_dags/example_skip_dag.py
[2024-02-28T03:33:15.209+0000] {logging_mixin.py:188} INFO - [2024-02-28T03:33:15.208+0000] {dag.py:3036} INFO - Sync 1 DAGs
[2024-02-28T03:33:15.229+0000] {logging_mixin.py:188} INFO - [2024-02-28T03:33:15.229+0000] {dag.py:3823} INFO - Setting next_dagrun for example_skip_dag to 2024-02-27 00:00:00+00:00, run_after=2024-02-28 00:00:00+00:00
[2024-02-28T03:33:15.252+0000] {processor.py:183} INFO - Processing /home/airflow/.local/lib/python3.8/site-packages/airflow/example_dags/example_skip_dag.py took 0.077 seconds
[2024-02-28T03:33:45.393+0000] {processor.py:161} INFO - Started process (PID=4056) to work on /home/airflow/.local/lib/python3.8/site-packages/airflow/example_dags/example_skip_dag.py
[2024-02-28T03:33:45.394+0000] {processor.py:830} INFO - Processing file /home/airflow/.local/lib/python3.8/site-packages/airflow/example_dags/example_skip_dag.py for tasks to queue
[2024-02-28T03:33:45.395+0000] {logging_mixin.py:188} INFO - [2024-02-28T03:33:45.394+0000] {dagbag.py:538} INFO - Filling up the DagBag from /home/airflow/.local/lib/python3.8/site-packages/airflow/example_dags/example_skip_dag.py
[2024-02-28T03:33:45.401+0000] {processor.py:840} INFO - DAG(s) 'example_skip_dag' retrieved from /home/airflow/.local/lib/python3.8/site-packages/airflow/example_dags/example_skip_dag.py
[2024-02-28T03:33:45.420+0000] {logging_mixin.py:188} INFO - [2024-02-28T03:33:45.420+0000] {dag.py:3036} INFO - Sync 1 DAGs
[2024-02-28T03:33:45.439+0000] {logging_mixin.py:188} INFO - [2024-02-28T03:33:45.438+0000] {dag.py:3823} INFO - Setting next_dagrun for example_skip_dag to 2024-02-27 00:00:00+00:00, run_after=2024-02-28 00:00:00+00:00
[2024-02-28T03:33:45.461+0000] {processor.py:183} INFO - Processing /home/airflow/.local/lib/python3.8/site-packages/airflow/example_dags/example_skip_dag.py took 0.071 seconds
[2024-02-28T03:34:16.263+0000] {processor.py:161} INFO - Started process (PID=4367) to work on /home/airflow/.local/lib/python3.8/site-packages/airflow/example_dags/example_skip_dag.py
[2024-02-28T03:34:16.265+0000] {processor.py:830} INFO - Processing file /home/airflow/.local/lib/python3.8/site-packages/airflow/example_dags/example_skip_dag.py for tasks to queue
[2024-02-28T03:34:16.266+0000] {logging_mixin.py:188} INFO - [2024-02-28T03:34:16.265+0000] {dagbag.py:538} INFO - Filling up the DagBag from /home/airflow/.local/lib/python3.8/site-packages/airflow/example_dags/example_skip_dag.py
[2024-02-28T03:34:16.275+0000] {processor.py:840} INFO - DAG(s) 'example_skip_dag' retrieved from /home/airflow/.local/lib/python3.8/site-packages/airflow/example_dags/example_skip_dag.py
[2024-02-28T03:34:16.298+0000] {logging_mixin.py:188} INFO - [2024-02-28T03:34:16.297+0000] {dag.py:3036} INFO - Sync 1 DAGs
[2024-02-28T03:34:16.322+0000] {logging_mixin.py:188} INFO - [2024-02-28T03:34:16.321+0000] {dag.py:3823} INFO - Setting next_dagrun for example_skip_dag to 2024-02-27 00:00:00+00:00, run_after=2024-02-28 00:00:00+00:00
[2024-02-28T03:34:16.349+0000] {processor.py:183} INFO - Processing /home/airflow/.local/lib/python3.8/site-packages/airflow/example_dags/example_skip_dag.py took 0.088 seconds
[2024-02-28T03:34:46.552+0000] {processor.py:161} INFO - Started process (PID=4676) to work on /home/airflow/.local/lib/python3.8/site-packages/airflow/example_dags/example_skip_dag.py
[2024-02-28T03:34:46.554+0000] {processor.py:830} INFO - Processing file /home/airflow/.local/lib/python3.8/site-packages/airflow/example_dags/example_skip_dag.py for tasks to queue
[2024-02-28T03:34:46.555+0000] {logging_mixin.py:188} INFO - [2024-02-28T03:34:46.555+0000] {dagbag.py:538} INFO - Filling up the DagBag from /home/airflow/.local/lib/python3.8/site-packages/airflow/example_dags/example_skip_dag.py
[2024-02-28T03:34:46.564+0000] {processor.py:840} INFO - DAG(s) 'example_skip_dag' retrieved from /home/airflow/.local/lib/python3.8/site-packages/airflow/example_dags/example_skip_dag.py
[2024-02-28T03:34:46.598+0000] {logging_mixin.py:188} INFO - [2024-02-28T03:34:46.598+0000] {dag.py:3036} INFO - Sync 1 DAGs
[2024-02-28T03:34:46.621+0000] {logging_mixin.py:188} INFO - [2024-02-28T03:34:46.621+0000] {dag.py:3823} INFO - Setting next_dagrun for example_skip_dag to 2024-02-27 00:00:00+00:00, run_after=2024-02-28 00:00:00+00:00
[2024-02-28T03:34:46.651+0000] {processor.py:183} INFO - Processing /home/airflow/.local/lib/python3.8/site-packages/airflow/example_dags/example_skip_dag.py took 0.105 seconds
[2024-02-28T03:35:17.055+0000] {processor.py:161} INFO - Started process (PID=4989) to work on /home/airflow/.local/lib/python3.8/site-packages/airflow/example_dags/example_skip_dag.py
[2024-02-28T03:35:17.056+0000] {processor.py:830} INFO - Processing file /home/airflow/.local/lib/python3.8/site-packages/airflow/example_dags/example_skip_dag.py for tasks to queue
[2024-02-28T03:35:17.057+0000] {logging_mixin.py:188} INFO - [2024-02-28T03:35:17.057+0000] {dagbag.py:538} INFO - Filling up the DagBag from /home/airflow/.local/lib/python3.8/site-packages/airflow/example_dags/example_skip_dag.py
[2024-02-28T03:35:17.063+0000] {processor.py:840} INFO - DAG(s) 'example_skip_dag' retrieved from /home/airflow/.local/lib/python3.8/site-packages/airflow/example_dags/example_skip_dag.py
[2024-02-28T03:35:17.082+0000] {logging_mixin.py:188} INFO - [2024-02-28T03:35:17.082+0000] {dag.py:3036} INFO - Sync 1 DAGs
[2024-02-28T03:35:17.103+0000] {logging_mixin.py:188} INFO - [2024-02-28T03:35:17.103+0000] {dag.py:3823} INFO - Setting next_dagrun for example_skip_dag to 2024-02-27 00:00:00+00:00, run_after=2024-02-28 00:00:00+00:00
[2024-02-28T03:35:17.127+0000] {processor.py:183} INFO - Processing /home/airflow/.local/lib/python3.8/site-packages/airflow/example_dags/example_skip_dag.py took 0.074 seconds
[2024-02-28T03:35:47.336+0000] {processor.py:161} INFO - Started process (PID=5299) to work on /home/airflow/.local/lib/python3.8/site-packages/airflow/example_dags/example_skip_dag.py
[2024-02-28T03:35:47.338+0000] {processor.py:830} INFO - Processing file /home/airflow/.local/lib/python3.8/site-packages/airflow/example_dags/example_skip_dag.py for tasks to queue
[2024-02-28T03:35:47.339+0000] {logging_mixin.py:188} INFO - [2024-02-28T03:35:47.338+0000] {dagbag.py:538} INFO - Filling up the DagBag from /home/airflow/.local/lib/python3.8/site-packages/airflow/example_dags/example_skip_dag.py
[2024-02-28T03:35:47.347+0000] {processor.py:840} INFO - DAG(s) 'example_skip_dag' retrieved from /home/airflow/.local/lib/python3.8/site-packages/airflow/example_dags/example_skip_dag.py
[2024-02-28T03:35:47.369+0000] {logging_mixin.py:188} INFO - [2024-02-28T03:35:47.369+0000] {dag.py:3036} INFO - Sync 1 DAGs
[2024-02-28T03:35:47.394+0000] {logging_mixin.py:188} INFO - [2024-02-28T03:35:47.394+0000] {dag.py:3823} INFO - Setting next_dagrun for example_skip_dag to 2024-02-27 00:00:00+00:00, run_after=2024-02-28 00:00:00+00:00
[2024-02-28T03:35:47.417+0000] {processor.py:183} INFO - Processing /home/airflow/.local/lib/python3.8/site-packages/airflow/example_dags/example_skip_dag.py took 0.083 seconds
