[2024-02-28T03:27:02.611+0000] {processor.py:161} INFO - Started process (PID=326) to work on /home/airflow/.local/lib/python3.8/site-packages/airflow/example_dags/example_setup_teardown_taskflow.py
[2024-02-28T03:27:02.612+0000] {processor.py:830} INFO - Processing file /home/airflow/.local/lib/python3.8/site-packages/airflow/example_dags/example_setup_teardown_taskflow.py for tasks to queue
[2024-02-28T03:27:02.614+0000] {logging_mixin.py:188} INFO - [2024-02-28T03:27:02.613+0000] {dagbag.py:538} INFO - Filling up the DagBag from /home/airflow/.local/lib/python3.8/site-packages/airflow/example_dags/example_setup_teardown_taskflow.py
[2024-02-28T03:27:02.647+0000] {processor.py:840} INFO - DAG(s) 'example_setup_teardown_taskflow' retrieved from /home/airflow/.local/lib/python3.8/site-packages/airflow/example_dags/example_setup_teardown_taskflow.py
[2024-02-28T03:27:03.029+0000] {logging_mixin.py:188} INFO - [2024-02-28T03:27:03.028+0000] {dag.py:3036} INFO - Sync 1 DAGs
[2024-02-28T03:27:03.123+0000] {logging_mixin.py:188} INFO - [2024-02-28T03:27:03.123+0000] {dag.py:3823} INFO - Setting next_dagrun for example_setup_teardown_taskflow to 2024-02-27 00:00:00+00:00, run_after=2024-02-28 00:00:00+00:00
[2024-02-28T03:27:03.165+0000] {processor.py:183} INFO - Processing /home/airflow/.local/lib/python3.8/site-packages/airflow/example_dags/example_setup_teardown_taskflow.py took 0.567 seconds
[2024-02-28T03:27:36.928+0000] {processor.py:161} INFO - Started process (PID=648) to work on /home/airflow/.local/lib/python3.8/site-packages/airflow/example_dags/example_setup_teardown_taskflow.py
[2024-02-28T03:27:36.930+0000] {processor.py:830} INFO - Processing file /home/airflow/.local/lib/python3.8/site-packages/airflow/example_dags/example_setup_teardown_taskflow.py for tasks to queue
[2024-02-28T03:27:36.932+0000] {logging_mixin.py:188} INFO - [2024-02-28T03:27:36.931+0000] {dagbag.py:538} INFO - Filling up the DagBag from /home/airflow/.local/lib/python3.8/site-packages/airflow/example_dags/example_setup_teardown_taskflow.py
[2024-02-28T03:27:36.951+0000] {processor.py:840} INFO - DAG(s) 'example_setup_teardown_taskflow' retrieved from /home/airflow/.local/lib/python3.8/site-packages/airflow/example_dags/example_setup_teardown_taskflow.py
[2024-02-28T03:27:36.991+0000] {logging_mixin.py:188} INFO - [2024-02-28T03:27:36.991+0000] {dag.py:3036} INFO - Sync 1 DAGs
[2024-02-28T03:27:37.039+0000] {logging_mixin.py:188} INFO - [2024-02-28T03:27:37.039+0000] {dag.py:3823} INFO - Setting next_dagrun for example_setup_teardown_taskflow to 2024-02-27 00:00:00+00:00, run_after=2024-02-28 00:00:00+00:00
[2024-02-28T03:27:37.086+0000] {processor.py:183} INFO - Processing /home/airflow/.local/lib/python3.8/site-packages/airflow/example_dags/example_setup_teardown_taskflow.py took 0.162 seconds
[2024-02-28T03:28:18.619+0000] {processor.py:161} INFO - Started process (PID=965) to work on /home/airflow/.local/lib/python3.8/site-packages/airflow/example_dags/example_setup_teardown_taskflow.py
[2024-02-28T03:28:18.622+0000] {processor.py:830} INFO - Processing file /home/airflow/.local/lib/python3.8/site-packages/airflow/example_dags/example_setup_teardown_taskflow.py for tasks to queue
[2024-02-28T03:28:18.624+0000] {logging_mixin.py:188} INFO - [2024-02-28T03:28:18.623+0000] {dagbag.py:538} INFO - Filling up the DagBag from /home/airflow/.local/lib/python3.8/site-packages/airflow/example_dags/example_setup_teardown_taskflow.py
[2024-02-28T03:28:18.639+0000] {processor.py:840} INFO - DAG(s) 'example_setup_teardown_taskflow' retrieved from /home/airflow/.local/lib/python3.8/site-packages/airflow/example_dags/example_setup_teardown_taskflow.py
[2024-02-28T03:28:18.674+0000] {logging_mixin.py:188} INFO - [2024-02-28T03:28:18.674+0000] {dag.py:3036} INFO - Sync 1 DAGs
[2024-02-28T03:28:18.721+0000] {logging_mixin.py:188} INFO - [2024-02-28T03:28:18.721+0000] {dag.py:3823} INFO - Setting next_dagrun for example_setup_teardown_taskflow to 2024-02-27 00:00:00+00:00, run_after=2024-02-28 00:00:00+00:00
[2024-02-28T03:28:18.763+0000] {processor.py:183} INFO - Processing /home/airflow/.local/lib/python3.8/site-packages/airflow/example_dags/example_setup_teardown_taskflow.py took 0.149 seconds
[2024-02-28T03:28:56.688+0000] {processor.py:161} INFO - Started process (PID=1289) to work on /home/airflow/.local/lib/python3.8/site-packages/airflow/example_dags/example_setup_teardown_taskflow.py
[2024-02-28T03:28:56.690+0000] {processor.py:830} INFO - Processing file /home/airflow/.local/lib/python3.8/site-packages/airflow/example_dags/example_setup_teardown_taskflow.py for tasks to queue
[2024-02-28T03:28:56.691+0000] {logging_mixin.py:188} INFO - [2024-02-28T03:28:56.691+0000] {dagbag.py:538} INFO - Filling up the DagBag from /home/airflow/.local/lib/python3.8/site-packages/airflow/example_dags/example_setup_teardown_taskflow.py
[2024-02-28T03:28:56.718+0000] {processor.py:840} INFO - DAG(s) 'example_setup_teardown_taskflow' retrieved from /home/airflow/.local/lib/python3.8/site-packages/airflow/example_dags/example_setup_teardown_taskflow.py
[2024-02-28T03:28:56.749+0000] {logging_mixin.py:188} INFO - [2024-02-28T03:28:56.749+0000] {dag.py:3036} INFO - Sync 1 DAGs
[2024-02-28T03:28:56.786+0000] {logging_mixin.py:188} INFO - [2024-02-28T03:28:56.786+0000] {dag.py:3823} INFO - Setting next_dagrun for example_setup_teardown_taskflow to 2024-02-27 00:00:00+00:00, run_after=2024-02-28 00:00:00+00:00
[2024-02-28T03:28:56.858+0000] {processor.py:183} INFO - Processing /home/airflow/.local/lib/python3.8/site-packages/airflow/example_dags/example_setup_teardown_taskflow.py took 0.176 seconds
[2024-02-28T03:29:28.541+0000] {processor.py:161} INFO - Started process (PID=1605) to work on /home/airflow/.local/lib/python3.8/site-packages/airflow/example_dags/example_setup_teardown_taskflow.py
[2024-02-28T03:29:28.552+0000] {processor.py:830} INFO - Processing file /home/airflow/.local/lib/python3.8/site-packages/airflow/example_dags/example_setup_teardown_taskflow.py for tasks to queue
[2024-02-28T03:29:28.564+0000] {logging_mixin.py:188} INFO - [2024-02-28T03:29:28.563+0000] {dagbag.py:538} INFO - Filling up the DagBag from /home/airflow/.local/lib/python3.8/site-packages/airflow/example_dags/example_setup_teardown_taskflow.py
[2024-02-28T03:29:28.592+0000] {processor.py:840} INFO - DAG(s) 'example_setup_teardown_taskflow' retrieved from /home/airflow/.local/lib/python3.8/site-packages/airflow/example_dags/example_setup_teardown_taskflow.py
[2024-02-28T03:29:28.639+0000] {logging_mixin.py:188} INFO - [2024-02-28T03:29:28.639+0000] {dag.py:3036} INFO - Sync 1 DAGs
[2024-02-28T03:29:28.692+0000] {logging_mixin.py:188} INFO - [2024-02-28T03:29:28.691+0000] {dag.py:3823} INFO - Setting next_dagrun for example_setup_teardown_taskflow to 2024-02-27 00:00:00+00:00, run_after=2024-02-28 00:00:00+00:00
[2024-02-28T03:29:28.735+0000] {processor.py:183} INFO - Processing /home/airflow/.local/lib/python3.8/site-packages/airflow/example_dags/example_setup_teardown_taskflow.py took 0.203 seconds
[2024-02-28T03:29:59.613+0000] {processor.py:161} INFO - Started process (PID=1911) to work on /home/airflow/.local/lib/python3.8/site-packages/airflow/example_dags/example_setup_teardown_taskflow.py
[2024-02-28T03:29:59.614+0000] {processor.py:830} INFO - Processing file /home/airflow/.local/lib/python3.8/site-packages/airflow/example_dags/example_setup_teardown_taskflow.py for tasks to queue
[2024-02-28T03:29:59.615+0000] {logging_mixin.py:188} INFO - [2024-02-28T03:29:59.615+0000] {dagbag.py:538} INFO - Filling up the DagBag from /home/airflow/.local/lib/python3.8/site-packages/airflow/example_dags/example_setup_teardown_taskflow.py
[2024-02-28T03:29:59.627+0000] {processor.py:840} INFO - DAG(s) 'example_setup_teardown_taskflow' retrieved from /home/airflow/.local/lib/python3.8/site-packages/airflow/example_dags/example_setup_teardown_taskflow.py
[2024-02-28T03:29:59.656+0000] {logging_mixin.py:188} INFO - [2024-02-28T03:29:59.656+0000] {dag.py:3036} INFO - Sync 1 DAGs
[2024-02-28T03:29:59.680+0000] {logging_mixin.py:188} INFO - [2024-02-28T03:29:59.680+0000] {dag.py:3823} INFO - Setting next_dagrun for example_setup_teardown_taskflow to 2024-02-27 00:00:00+00:00, run_after=2024-02-28 00:00:00+00:00
[2024-02-28T03:29:59.718+0000] {processor.py:183} INFO - Processing /home/airflow/.local/lib/python3.8/site-packages/airflow/example_dags/example_setup_teardown_taskflow.py took 0.109 seconds
[2024-02-28T03:30:32.325+0000] {processor.py:161} INFO - Started process (PID=2220) to work on /home/airflow/.local/lib/python3.8/site-packages/airflow/example_dags/example_setup_teardown_taskflow.py
[2024-02-28T03:30:32.327+0000] {processor.py:830} INFO - Processing file /home/airflow/.local/lib/python3.8/site-packages/airflow/example_dags/example_setup_teardown_taskflow.py for tasks to queue
[2024-02-28T03:30:32.329+0000] {logging_mixin.py:188} INFO - [2024-02-28T03:30:32.328+0000] {dagbag.py:538} INFO - Filling up the DagBag from /home/airflow/.local/lib/python3.8/site-packages/airflow/example_dags/example_setup_teardown_taskflow.py
[2024-02-28T03:30:32.350+0000] {processor.py:840} INFO - DAG(s) 'example_setup_teardown_taskflow' retrieved from /home/airflow/.local/lib/python3.8/site-packages/airflow/example_dags/example_setup_teardown_taskflow.py
[2024-02-28T03:30:32.384+0000] {logging_mixin.py:188} INFO - [2024-02-28T03:30:32.384+0000] {dag.py:3036} INFO - Sync 1 DAGs
[2024-02-28T03:30:32.414+0000] {logging_mixin.py:188} INFO - [2024-02-28T03:30:32.414+0000] {dag.py:3823} INFO - Setting next_dagrun for example_setup_teardown_taskflow to 2024-02-27 00:00:00+00:00, run_after=2024-02-28 00:00:00+00:00
[2024-02-28T03:30:32.470+0000] {processor.py:183} INFO - Processing /home/airflow/.local/lib/python3.8/site-packages/airflow/example_dags/example_setup_teardown_taskflow.py took 0.156 seconds
[2024-02-28T03:31:03.454+0000] {processor.py:161} INFO - Started process (PID=2528) to work on /home/airflow/.local/lib/python3.8/site-packages/airflow/example_dags/example_setup_teardown_taskflow.py
[2024-02-28T03:31:03.456+0000] {processor.py:830} INFO - Processing file /home/airflow/.local/lib/python3.8/site-packages/airflow/example_dags/example_setup_teardown_taskflow.py for tasks to queue
[2024-02-28T03:31:03.457+0000] {logging_mixin.py:188} INFO - [2024-02-28T03:31:03.457+0000] {dagbag.py:538} INFO - Filling up the DagBag from /home/airflow/.local/lib/python3.8/site-packages/airflow/example_dags/example_setup_teardown_taskflow.py
[2024-02-28T03:31:03.465+0000] {processor.py:840} INFO - DAG(s) 'example_setup_teardown_taskflow' retrieved from /home/airflow/.local/lib/python3.8/site-packages/airflow/example_dags/example_setup_teardown_taskflow.py
[2024-02-28T03:31:03.489+0000] {logging_mixin.py:188} INFO - [2024-02-28T03:31:03.489+0000] {dag.py:3036} INFO - Sync 1 DAGs
[2024-02-28T03:31:03.511+0000] {logging_mixin.py:188} INFO - [2024-02-28T03:31:03.511+0000] {dag.py:3823} INFO - Setting next_dagrun for example_setup_teardown_taskflow to 2024-02-27 00:00:00+00:00, run_after=2024-02-28 00:00:00+00:00
[2024-02-28T03:31:03.529+0000] {processor.py:183} INFO - Processing /home/airflow/.local/lib/python3.8/site-packages/airflow/example_dags/example_setup_teardown_taskflow.py took 0.079 seconds
[2024-02-28T03:31:34.323+0000] {processor.py:161} INFO - Started process (PID=2831) to work on /home/airflow/.local/lib/python3.8/site-packages/airflow/example_dags/example_setup_teardown_taskflow.py
[2024-02-28T03:31:34.324+0000] {processor.py:830} INFO - Processing file /home/airflow/.local/lib/python3.8/site-packages/airflow/example_dags/example_setup_teardown_taskflow.py for tasks to queue
[2024-02-28T03:31:34.326+0000] {logging_mixin.py:188} INFO - [2024-02-28T03:31:34.325+0000] {dagbag.py:538} INFO - Filling up the DagBag from /home/airflow/.local/lib/python3.8/site-packages/airflow/example_dags/example_setup_teardown_taskflow.py
[2024-02-28T03:31:34.337+0000] {processor.py:840} INFO - DAG(s) 'example_setup_teardown_taskflow' retrieved from /home/airflow/.local/lib/python3.8/site-packages/airflow/example_dags/example_setup_teardown_taskflow.py
[2024-02-28T03:31:34.362+0000] {logging_mixin.py:188} INFO - [2024-02-28T03:31:34.362+0000] {dag.py:3036} INFO - Sync 1 DAGs
[2024-02-28T03:31:34.392+0000] {logging_mixin.py:188} INFO - [2024-02-28T03:31:34.391+0000] {dag.py:3823} INFO - Setting next_dagrun for example_setup_teardown_taskflow to 2024-02-27 00:00:00+00:00, run_after=2024-02-28 00:00:00+00:00
[2024-02-28T03:31:34.419+0000] {processor.py:183} INFO - Processing /home/airflow/.local/lib/python3.8/site-packages/airflow/example_dags/example_setup_teardown_taskflow.py took 0.100 seconds
[2024-02-28T03:32:13.294+0000] {processor.py:161} INFO - Started process (PID=3148) to work on /home/airflow/.local/lib/python3.8/site-packages/airflow/example_dags/example_setup_teardown_taskflow.py
[2024-02-28T03:32:13.296+0000] {processor.py:830} INFO - Processing file /home/airflow/.local/lib/python3.8/site-packages/airflow/example_dags/example_setup_teardown_taskflow.py for tasks to queue
[2024-02-28T03:32:13.297+0000] {logging_mixin.py:188} INFO - [2024-02-28T03:32:13.297+0000] {dagbag.py:538} INFO - Filling up the DagBag from /home/airflow/.local/lib/python3.8/site-packages/airflow/example_dags/example_setup_teardown_taskflow.py
[2024-02-28T03:32:13.322+0000] {processor.py:840} INFO - DAG(s) 'example_setup_teardown_taskflow' retrieved from /home/airflow/.local/lib/python3.8/site-packages/airflow/example_dags/example_setup_teardown_taskflow.py
[2024-02-28T03:32:13.423+0000] {logging_mixin.py:188} INFO - [2024-02-28T03:32:13.422+0000] {dag.py:3036} INFO - Sync 1 DAGs
[2024-02-28T03:32:13.506+0000] {logging_mixin.py:188} INFO - [2024-02-28T03:32:13.506+0000] {dag.py:3823} INFO - Setting next_dagrun for example_setup_teardown_taskflow to 2024-02-27 00:00:00+00:00, run_after=2024-02-28 00:00:00+00:00
[2024-02-28T03:32:13.580+0000] {processor.py:183} INFO - Processing /home/airflow/.local/lib/python3.8/site-packages/airflow/example_dags/example_setup_teardown_taskflow.py took 0.290 seconds
[2024-02-28T03:32:44.393+0000] {processor.py:161} INFO - Started process (PID=3458) to work on /home/airflow/.local/lib/python3.8/site-packages/airflow/example_dags/example_setup_teardown_taskflow.py
[2024-02-28T03:32:44.394+0000] {processor.py:830} INFO - Processing file /home/airflow/.local/lib/python3.8/site-packages/airflow/example_dags/example_setup_teardown_taskflow.py for tasks to queue
[2024-02-28T03:32:44.395+0000] {logging_mixin.py:188} INFO - [2024-02-28T03:32:44.395+0000] {dagbag.py:538} INFO - Filling up the DagBag from /home/airflow/.local/lib/python3.8/site-packages/airflow/example_dags/example_setup_teardown_taskflow.py
[2024-02-28T03:32:44.406+0000] {processor.py:840} INFO - DAG(s) 'example_setup_teardown_taskflow' retrieved from /home/airflow/.local/lib/python3.8/site-packages/airflow/example_dags/example_setup_teardown_taskflow.py
[2024-02-28T03:32:44.427+0000] {logging_mixin.py:188} INFO - [2024-02-28T03:32:44.427+0000] {dag.py:3036} INFO - Sync 1 DAGs
[2024-02-28T03:32:44.449+0000] {logging_mixin.py:188} INFO - [2024-02-28T03:32:44.449+0000] {dag.py:3823} INFO - Setting next_dagrun for example_setup_teardown_taskflow to 2024-02-27 00:00:00+00:00, run_after=2024-02-28 00:00:00+00:00
[2024-02-28T03:32:44.471+0000] {processor.py:183} INFO - Processing /home/airflow/.local/lib/python3.8/site-packages/airflow/example_dags/example_setup_teardown_taskflow.py took 0.082 seconds
[2024-02-28T03:33:15.575+0000] {processor.py:161} INFO - Started process (PID=3765) to work on /home/airflow/.local/lib/python3.8/site-packages/airflow/example_dags/example_setup_teardown_taskflow.py
[2024-02-28T03:33:15.576+0000] {processor.py:830} INFO - Processing file /home/airflow/.local/lib/python3.8/site-packages/airflow/example_dags/example_setup_teardown_taskflow.py for tasks to queue
[2024-02-28T03:33:15.577+0000] {logging_mixin.py:188} INFO - [2024-02-28T03:33:15.576+0000] {dagbag.py:538} INFO - Filling up the DagBag from /home/airflow/.local/lib/python3.8/site-packages/airflow/example_dags/example_setup_teardown_taskflow.py
[2024-02-28T03:33:15.585+0000] {processor.py:840} INFO - DAG(s) 'example_setup_teardown_taskflow' retrieved from /home/airflow/.local/lib/python3.8/site-packages/airflow/example_dags/example_setup_teardown_taskflow.py
[2024-02-28T03:33:15.610+0000] {logging_mixin.py:188} INFO - [2024-02-28T03:33:15.610+0000] {dag.py:3036} INFO - Sync 1 DAGs
[2024-02-28T03:33:15.637+0000] {logging_mixin.py:188} INFO - [2024-02-28T03:33:15.637+0000] {dag.py:3823} INFO - Setting next_dagrun for example_setup_teardown_taskflow to 2024-02-27 00:00:00+00:00, run_after=2024-02-28 00:00:00+00:00
[2024-02-28T03:33:15.664+0000] {processor.py:183} INFO - Processing /home/airflow/.local/lib/python3.8/site-packages/airflow/example_dags/example_setup_teardown_taskflow.py took 0.092 seconds
[2024-02-28T03:33:45.778+0000] {processor.py:161} INFO - Started process (PID=4071) to work on /home/airflow/.local/lib/python3.8/site-packages/airflow/example_dags/example_setup_teardown_taskflow.py
[2024-02-28T03:33:45.780+0000] {processor.py:830} INFO - Processing file /home/airflow/.local/lib/python3.8/site-packages/airflow/example_dags/example_setup_teardown_taskflow.py for tasks to queue
[2024-02-28T03:33:45.781+0000] {logging_mixin.py:188} INFO - [2024-02-28T03:33:45.780+0000] {dagbag.py:538} INFO - Filling up the DagBag from /home/airflow/.local/lib/python3.8/site-packages/airflow/example_dags/example_setup_teardown_taskflow.py
[2024-02-28T03:33:45.789+0000] {processor.py:840} INFO - DAG(s) 'example_setup_teardown_taskflow' retrieved from /home/airflow/.local/lib/python3.8/site-packages/airflow/example_dags/example_setup_teardown_taskflow.py
[2024-02-28T03:33:45.808+0000] {logging_mixin.py:188} INFO - [2024-02-28T03:33:45.808+0000] {dag.py:3036} INFO - Sync 1 DAGs
[2024-02-28T03:33:45.827+0000] {logging_mixin.py:188} INFO - [2024-02-28T03:33:45.827+0000] {dag.py:3823} INFO - Setting next_dagrun for example_setup_teardown_taskflow to 2024-02-27 00:00:00+00:00, run_after=2024-02-28 00:00:00+00:00
[2024-02-28T03:33:45.851+0000] {processor.py:183} INFO - Processing /home/airflow/.local/lib/python3.8/site-packages/airflow/example_dags/example_setup_teardown_taskflow.py took 0.076 seconds
[2024-02-28T03:34:16.403+0000] {processor.py:161} INFO - Started process (PID=4380) to work on /home/airflow/.local/lib/python3.8/site-packages/airflow/example_dags/example_setup_teardown_taskflow.py
[2024-02-28T03:34:16.404+0000] {processor.py:830} INFO - Processing file /home/airflow/.local/lib/python3.8/site-packages/airflow/example_dags/example_setup_teardown_taskflow.py for tasks to queue
[2024-02-28T03:34:16.406+0000] {logging_mixin.py:188} INFO - [2024-02-28T03:34:16.405+0000] {dagbag.py:538} INFO - Filling up the DagBag from /home/airflow/.local/lib/python3.8/site-packages/airflow/example_dags/example_setup_teardown_taskflow.py
[2024-02-28T03:34:16.418+0000] {processor.py:840} INFO - DAG(s) 'example_setup_teardown_taskflow' retrieved from /home/airflow/.local/lib/python3.8/site-packages/airflow/example_dags/example_setup_teardown_taskflow.py
[2024-02-28T03:34:16.446+0000] {logging_mixin.py:188} INFO - [2024-02-28T03:34:16.445+0000] {dag.py:3036} INFO - Sync 1 DAGs
[2024-02-28T03:34:16.480+0000] {logging_mixin.py:188} INFO - [2024-02-28T03:34:16.480+0000] {dag.py:3823} INFO - Setting next_dagrun for example_setup_teardown_taskflow to 2024-02-27 00:00:00+00:00, run_after=2024-02-28 00:00:00+00:00
[2024-02-28T03:34:16.509+0000] {processor.py:183} INFO - Processing /home/airflow/.local/lib/python3.8/site-packages/airflow/example_dags/example_setup_teardown_taskflow.py took 0.108 seconds
[2024-02-28T03:34:46.680+0000] {processor.py:161} INFO - Started process (PID=4686) to work on /home/airflow/.local/lib/python3.8/site-packages/airflow/example_dags/example_setup_teardown_taskflow.py
[2024-02-28T03:34:46.681+0000] {processor.py:830} INFO - Processing file /home/airflow/.local/lib/python3.8/site-packages/airflow/example_dags/example_setup_teardown_taskflow.py for tasks to queue
[2024-02-28T03:34:46.682+0000] {logging_mixin.py:188} INFO - [2024-02-28T03:34:46.682+0000] {dagbag.py:538} INFO - Filling up the DagBag from /home/airflow/.local/lib/python3.8/site-packages/airflow/example_dags/example_setup_teardown_taskflow.py
[2024-02-28T03:34:46.691+0000] {processor.py:840} INFO - DAG(s) 'example_setup_teardown_taskflow' retrieved from /home/airflow/.local/lib/python3.8/site-packages/airflow/example_dags/example_setup_teardown_taskflow.py
[2024-02-28T03:34:46.714+0000] {logging_mixin.py:188} INFO - [2024-02-28T03:34:46.714+0000] {dag.py:3036} INFO - Sync 1 DAGs
[2024-02-28T03:34:46.737+0000] {logging_mixin.py:188} INFO - [2024-02-28T03:34:46.736+0000] {dag.py:3823} INFO - Setting next_dagrun for example_setup_teardown_taskflow to 2024-02-27 00:00:00+00:00, run_after=2024-02-28 00:00:00+00:00
[2024-02-28T03:34:46.771+0000] {processor.py:183} INFO - Processing /home/airflow/.local/lib/python3.8/site-packages/airflow/example_dags/example_setup_teardown_taskflow.py took 0.095 seconds
[2024-02-28T03:35:17.285+0000] {processor.py:161} INFO - Started process (PID=5002) to work on /home/airflow/.local/lib/python3.8/site-packages/airflow/example_dags/example_setup_teardown_taskflow.py
[2024-02-28T03:35:17.287+0000] {processor.py:830} INFO - Processing file /home/airflow/.local/lib/python3.8/site-packages/airflow/example_dags/example_setup_teardown_taskflow.py for tasks to queue
[2024-02-28T03:35:17.288+0000] {logging_mixin.py:188} INFO - [2024-02-28T03:35:17.287+0000] {dagbag.py:538} INFO - Filling up the DagBag from /home/airflow/.local/lib/python3.8/site-packages/airflow/example_dags/example_setup_teardown_taskflow.py
[2024-02-28T03:35:17.298+0000] {processor.py:840} INFO - DAG(s) 'example_setup_teardown_taskflow' retrieved from /home/airflow/.local/lib/python3.8/site-packages/airflow/example_dags/example_setup_teardown_taskflow.py
[2024-02-28T03:35:17.322+0000] {logging_mixin.py:188} INFO - [2024-02-28T03:35:17.322+0000] {dag.py:3036} INFO - Sync 1 DAGs
[2024-02-28T03:35:17.346+0000] {logging_mixin.py:188} INFO - [2024-02-28T03:35:17.345+0000] {dag.py:3823} INFO - Setting next_dagrun for example_setup_teardown_taskflow to 2024-02-27 00:00:00+00:00, run_after=2024-02-28 00:00:00+00:00
[2024-02-28T03:35:17.373+0000] {processor.py:183} INFO - Processing /home/airflow/.local/lib/python3.8/site-packages/airflow/example_dags/example_setup_teardown_taskflow.py took 0.092 seconds
[2024-02-28T03:35:47.624+0000] {processor.py:161} INFO - Started process (PID=5314) to work on /home/airflow/.local/lib/python3.8/site-packages/airflow/example_dags/example_setup_teardown_taskflow.py
[2024-02-28T03:35:47.626+0000] {processor.py:830} INFO - Processing file /home/airflow/.local/lib/python3.8/site-packages/airflow/example_dags/example_setup_teardown_taskflow.py for tasks to queue
[2024-02-28T03:35:47.627+0000] {logging_mixin.py:188} INFO - [2024-02-28T03:35:47.626+0000] {dagbag.py:538} INFO - Filling up the DagBag from /home/airflow/.local/lib/python3.8/site-packages/airflow/example_dags/example_setup_teardown_taskflow.py
[2024-02-28T03:35:47.642+0000] {processor.py:840} INFO - DAG(s) 'example_setup_teardown_taskflow' retrieved from /home/airflow/.local/lib/python3.8/site-packages/airflow/example_dags/example_setup_teardown_taskflow.py
[2024-02-28T03:35:47.666+0000] {logging_mixin.py:188} INFO - [2024-02-28T03:35:47.666+0000] {dag.py:3036} INFO - Sync 1 DAGs
[2024-02-28T03:35:47.698+0000] {logging_mixin.py:188} INFO - [2024-02-28T03:35:47.698+0000] {dag.py:3823} INFO - Setting next_dagrun for example_setup_teardown_taskflow to 2024-02-27 00:00:00+00:00, run_after=2024-02-28 00:00:00+00:00
[2024-02-28T03:35:47.723+0000] {processor.py:183} INFO - Processing /home/airflow/.local/lib/python3.8/site-packages/airflow/example_dags/example_setup_teardown_taskflow.py took 0.102 seconds
