[2024-02-28T03:27:01.115+0000] {processor.py:161} INFO - Started process (PID=300) to work on /home/airflow/.local/lib/python3.8/site-packages/airflow/example_dags/example_datasets.py
[2024-02-28T03:27:01.117+0000] {processor.py:830} INFO - Processing file /home/airflow/.local/lib/python3.8/site-packages/airflow/example_dags/example_datasets.py for tasks to queue
[2024-02-28T03:27:01.118+0000] {logging_mixin.py:188} INFO - [2024-02-28T03:27:01.118+0000] {dagbag.py:538} INFO - Filling up the DagBag from /home/airflow/.local/lib/python3.8/site-packages/airflow/example_dags/example_datasets.py
[2024-02-28T03:27:01.145+0000] {processor.py:840} INFO - DAG(s) 'dataset_consumes_1_and_2', 'dataset_consumes_1_never_scheduled', 'dataset_consumes_1', 'dataset_produces_2', 'dataset_produces_1', 'dataset_consumes_unknown_never_scheduled' retrieved from /home/airflow/.local/lib/python3.8/site-packages/airflow/example_dags/example_datasets.py
[2024-02-28T03:27:01.539+0000] {logging_mixin.py:188} INFO - [2024-02-28T03:27:01.538+0000] {dag.py:3036} INFO - Sync 6 DAGs
[2024-02-28T03:27:01.687+0000] {logging_mixin.py:188} INFO - [2024-02-28T03:27:01.687+0000] {dag.py:3823} INFO - Setting next_dagrun for dataset_consumes_1 to None, run_after=None
[2024-02-28T03:27:01.708+0000] {logging_mixin.py:188} INFO - [2024-02-28T03:27:01.708+0000] {dag.py:3823} INFO - Setting next_dagrun for dataset_consumes_1_and_2 to None, run_after=None
[2024-02-28T03:27:01.750+0000] {logging_mixin.py:188} INFO - [2024-02-28T03:27:01.749+0000] {dag.py:3823} INFO - Setting next_dagrun for dataset_consumes_1_never_scheduled to None, run_after=None
[2024-02-28T03:27:01.761+0000] {logging_mixin.py:188} INFO - [2024-02-28T03:27:01.760+0000] {dag.py:3823} INFO - Setting next_dagrun for dataset_consumes_unknown_never_scheduled to None, run_after=None
[2024-02-28T03:27:01.791+0000] {logging_mixin.py:188} INFO - [2024-02-28T03:27:01.791+0000] {dag.py:3823} INFO - Setting next_dagrun for dataset_produces_1 to 2024-02-27 00:00:00+00:00, run_after=2024-02-28 00:00:00+00:00
[2024-02-28T03:27:01.794+0000] {logging_mixin.py:188} INFO - [2024-02-28T03:27:01.794+0000] {dag.py:3823} INFO - Setting next_dagrun for dataset_produces_2 to None, run_after=None
[2024-02-28T03:27:01.919+0000] {processor.py:183} INFO - Processing /home/airflow/.local/lib/python3.8/site-packages/airflow/example_dags/example_datasets.py took 0.808 seconds
[2024-02-28T03:27:36.187+0000] {processor.py:161} INFO - Started process (PID=622) to work on /home/airflow/.local/lib/python3.8/site-packages/airflow/example_dags/example_datasets.py
[2024-02-28T03:27:36.189+0000] {processor.py:830} INFO - Processing file /home/airflow/.local/lib/python3.8/site-packages/airflow/example_dags/example_datasets.py for tasks to queue
[2024-02-28T03:27:36.193+0000] {logging_mixin.py:188} INFO - [2024-02-28T03:27:36.193+0000] {dagbag.py:538} INFO - Filling up the DagBag from /home/airflow/.local/lib/python3.8/site-packages/airflow/example_dags/example_datasets.py
[2024-02-28T03:27:36.216+0000] {processor.py:840} INFO - DAG(s) 'dataset_produces_1', 'dataset_consumes_unknown_never_scheduled', 'dataset_consumes_1', 'dataset_produces_2', 'dataset_consumes_1_and_2', 'dataset_consumes_1_never_scheduled' retrieved from /home/airflow/.local/lib/python3.8/site-packages/airflow/example_dags/example_datasets.py
[2024-02-28T03:27:36.316+0000] {logging_mixin.py:188} INFO - [2024-02-28T03:27:36.316+0000] {dag.py:3036} INFO - Sync 6 DAGs
[2024-02-28T03:27:36.385+0000] {logging_mixin.py:188} INFO - [2024-02-28T03:27:36.385+0000] {dag.py:3823} INFO - Setting next_dagrun for dataset_consumes_1 to None, run_after=None
[2024-02-28T03:27:36.392+0000] {logging_mixin.py:188} INFO - [2024-02-28T03:27:36.391+0000] {dag.py:3823} INFO - Setting next_dagrun for dataset_consumes_1_and_2 to None, run_after=None
[2024-02-28T03:27:36.404+0000] {logging_mixin.py:188} INFO - [2024-02-28T03:27:36.404+0000] {dag.py:3823} INFO - Setting next_dagrun for dataset_consumes_1_never_scheduled to None, run_after=None
[2024-02-28T03:27:36.407+0000] {logging_mixin.py:188} INFO - [2024-02-28T03:27:36.406+0000] {dag.py:3823} INFO - Setting next_dagrun for dataset_consumes_unknown_never_scheduled to None, run_after=None
[2024-02-28T03:27:36.419+0000] {logging_mixin.py:188} INFO - [2024-02-28T03:27:36.418+0000] {dag.py:3823} INFO - Setting next_dagrun for dataset_produces_1 to 2024-02-27 00:00:00+00:00, run_after=2024-02-28 00:00:00+00:00
[2024-02-28T03:27:36.424+0000] {logging_mixin.py:188} INFO - [2024-02-28T03:27:36.424+0000] {dag.py:3823} INFO - Setting next_dagrun for dataset_produces_2 to None, run_after=None
[2024-02-28T03:27:36.521+0000] {processor.py:183} INFO - Processing /home/airflow/.local/lib/python3.8/site-packages/airflow/example_dags/example_datasets.py took 0.339 seconds
[2024-02-28T03:28:18.047+0000] {processor.py:161} INFO - Started process (PID=940) to work on /home/airflow/.local/lib/python3.8/site-packages/airflow/example_dags/example_datasets.py
[2024-02-28T03:28:18.049+0000] {processor.py:830} INFO - Processing file /home/airflow/.local/lib/python3.8/site-packages/airflow/example_dags/example_datasets.py for tasks to queue
[2024-02-28T03:28:18.050+0000] {logging_mixin.py:188} INFO - [2024-02-28T03:28:18.050+0000] {dagbag.py:538} INFO - Filling up the DagBag from /home/airflow/.local/lib/python3.8/site-packages/airflow/example_dags/example_datasets.py
[2024-02-28T03:28:18.067+0000] {processor.py:840} INFO - DAG(s) 'dataset_consumes_1_and_2', 'dataset_consumes_1', 'dataset_produces_1', 'dataset_produces_2', 'dataset_consumes_unknown_never_scheduled', 'dataset_consumes_1_never_scheduled' retrieved from /home/airflow/.local/lib/python3.8/site-packages/airflow/example_dags/example_datasets.py
[2024-02-28T03:28:18.127+0000] {logging_mixin.py:188} INFO - [2024-02-28T03:28:18.127+0000] {dag.py:3036} INFO - Sync 6 DAGs
[2024-02-28T03:28:18.157+0000] {logging_mixin.py:188} INFO - [2024-02-28T03:28:18.157+0000] {dag.py:3823} INFO - Setting next_dagrun for dataset_consumes_1 to None, run_after=None
[2024-02-28T03:28:18.170+0000] {logging_mixin.py:188} INFO - [2024-02-28T03:28:18.170+0000] {dag.py:3823} INFO - Setting next_dagrun for dataset_consumes_1_and_2 to None, run_after=None
[2024-02-28T03:28:18.172+0000] {logging_mixin.py:188} INFO - [2024-02-28T03:28:18.172+0000] {dag.py:3823} INFO - Setting next_dagrun for dataset_consumes_1_never_scheduled to None, run_after=None
[2024-02-28T03:28:18.176+0000] {logging_mixin.py:188} INFO - [2024-02-28T03:28:18.175+0000] {dag.py:3823} INFO - Setting next_dagrun for dataset_consumes_unknown_never_scheduled to None, run_after=None
[2024-02-28T03:28:18.194+0000] {logging_mixin.py:188} INFO - [2024-02-28T03:28:18.194+0000] {dag.py:3823} INFO - Setting next_dagrun for dataset_produces_1 to 2024-02-27 00:00:00+00:00, run_after=2024-02-28 00:00:00+00:00
[2024-02-28T03:28:18.201+0000] {logging_mixin.py:188} INFO - [2024-02-28T03:28:18.201+0000] {dag.py:3823} INFO - Setting next_dagrun for dataset_produces_2 to None, run_after=None
[2024-02-28T03:28:18.267+0000] {processor.py:183} INFO - Processing /home/airflow/.local/lib/python3.8/site-packages/airflow/example_dags/example_datasets.py took 0.228 seconds
[2024-02-28T03:28:55.890+0000] {processor.py:161} INFO - Started process (PID=1262) to work on /home/airflow/.local/lib/python3.8/site-packages/airflow/example_dags/example_datasets.py
[2024-02-28T03:28:55.891+0000] {processor.py:830} INFO - Processing file /home/airflow/.local/lib/python3.8/site-packages/airflow/example_dags/example_datasets.py for tasks to queue
[2024-02-28T03:28:55.893+0000] {logging_mixin.py:188} INFO - [2024-02-28T03:28:55.893+0000] {dagbag.py:538} INFO - Filling up the DagBag from /home/airflow/.local/lib/python3.8/site-packages/airflow/example_dags/example_datasets.py
[2024-02-28T03:28:55.910+0000] {processor.py:840} INFO - DAG(s) 'dataset_produces_2', 'dataset_consumes_unknown_never_scheduled', 'dataset_consumes_1_never_scheduled', 'dataset_produces_1', 'dataset_consumes_1_and_2', 'dataset_consumes_1' retrieved from /home/airflow/.local/lib/python3.8/site-packages/airflow/example_dags/example_datasets.py
[2024-02-28T03:28:55.985+0000] {logging_mixin.py:188} INFO - [2024-02-28T03:28:55.984+0000] {dag.py:3036} INFO - Sync 6 DAGs
[2024-02-28T03:28:56.039+0000] {logging_mixin.py:188} INFO - [2024-02-28T03:28:56.038+0000] {dag.py:3823} INFO - Setting next_dagrun for dataset_consumes_1 to None, run_after=None
[2024-02-28T03:28:56.052+0000] {logging_mixin.py:188} INFO - [2024-02-28T03:28:56.051+0000] {dag.py:3823} INFO - Setting next_dagrun for dataset_consumes_1_and_2 to None, run_after=None
[2024-02-28T03:28:56.060+0000] {logging_mixin.py:188} INFO - [2024-02-28T03:28:56.060+0000] {dag.py:3823} INFO - Setting next_dagrun for dataset_consumes_1_never_scheduled to None, run_after=None
[2024-02-28T03:28:56.065+0000] {logging_mixin.py:188} INFO - [2024-02-28T03:28:56.065+0000] {dag.py:3823} INFO - Setting next_dagrun for dataset_consumes_unknown_never_scheduled to None, run_after=None
[2024-02-28T03:28:56.071+0000] {logging_mixin.py:188} INFO - [2024-02-28T03:28:56.071+0000] {dag.py:3823} INFO - Setting next_dagrun for dataset_produces_1 to 2024-02-27 00:00:00+00:00, run_after=2024-02-28 00:00:00+00:00
[2024-02-28T03:28:56.080+0000] {logging_mixin.py:188} INFO - [2024-02-28T03:28:56.080+0000] {dag.py:3823} INFO - Setting next_dagrun for dataset_produces_2 to None, run_after=None
[2024-02-28T03:28:56.190+0000] {processor.py:183} INFO - Processing /home/airflow/.local/lib/python3.8/site-packages/airflow/example_dags/example_datasets.py took 0.307 seconds
[2024-02-28T03:29:27.485+0000] {processor.py:161} INFO - Started process (PID=1572) to work on /home/airflow/.local/lib/python3.8/site-packages/airflow/example_dags/example_datasets.py
[2024-02-28T03:29:27.487+0000] {processor.py:830} INFO - Processing file /home/airflow/.local/lib/python3.8/site-packages/airflow/example_dags/example_datasets.py for tasks to queue
[2024-02-28T03:29:27.488+0000] {logging_mixin.py:188} INFO - [2024-02-28T03:29:27.488+0000] {dagbag.py:538} INFO - Filling up the DagBag from /home/airflow/.local/lib/python3.8/site-packages/airflow/example_dags/example_datasets.py
[2024-02-28T03:29:27.505+0000] {processor.py:840} INFO - DAG(s) 'dataset_produces_1', 'dataset_produces_2', 'dataset_consumes_1_never_scheduled', 'dataset_consumes_1', 'dataset_consumes_1_and_2', 'dataset_consumes_unknown_never_scheduled' retrieved from /home/airflow/.local/lib/python3.8/site-packages/airflow/example_dags/example_datasets.py
[2024-02-28T03:29:27.576+0000] {logging_mixin.py:188} INFO - [2024-02-28T03:29:27.576+0000] {dag.py:3036} INFO - Sync 6 DAGs
[2024-02-28T03:29:27.617+0000] {logging_mixin.py:188} INFO - [2024-02-28T03:29:27.617+0000] {dag.py:3823} INFO - Setting next_dagrun for dataset_consumes_1 to None, run_after=None
[2024-02-28T03:29:27.625+0000] {logging_mixin.py:188} INFO - [2024-02-28T03:29:27.624+0000] {dag.py:3823} INFO - Setting next_dagrun for dataset_consumes_1_and_2 to None, run_after=None
[2024-02-28T03:29:27.627+0000] {logging_mixin.py:188} INFO - [2024-02-28T03:29:27.626+0000] {dag.py:3823} INFO - Setting next_dagrun for dataset_consumes_1_never_scheduled to None, run_after=None
[2024-02-28T03:29:27.629+0000] {logging_mixin.py:188} INFO - [2024-02-28T03:29:27.628+0000] {dag.py:3823} INFO - Setting next_dagrun for dataset_consumes_unknown_never_scheduled to None, run_after=None
[2024-02-28T03:29:27.635+0000] {logging_mixin.py:188} INFO - [2024-02-28T03:29:27.634+0000] {dag.py:3823} INFO - Setting next_dagrun for dataset_produces_1 to 2024-02-27 00:00:00+00:00, run_after=2024-02-28 00:00:00+00:00
[2024-02-28T03:29:27.638+0000] {logging_mixin.py:188} INFO - [2024-02-28T03:29:27.638+0000] {dag.py:3823} INFO - Setting next_dagrun for dataset_produces_2 to None, run_after=None
[2024-02-28T03:29:27.697+0000] {processor.py:183} INFO - Processing /home/airflow/.local/lib/python3.8/site-packages/airflow/example_dags/example_datasets.py took 0.218 seconds
[2024-02-28T03:29:59.017+0000] {processor.py:161} INFO - Started process (PID=1884) to work on /home/airflow/.local/lib/python3.8/site-packages/airflow/example_dags/example_datasets.py
[2024-02-28T03:29:59.019+0000] {processor.py:830} INFO - Processing file /home/airflow/.local/lib/python3.8/site-packages/airflow/example_dags/example_datasets.py for tasks to queue
[2024-02-28T03:29:59.020+0000] {logging_mixin.py:188} INFO - [2024-02-28T03:29:59.019+0000] {dagbag.py:538} INFO - Filling up the DagBag from /home/airflow/.local/lib/python3.8/site-packages/airflow/example_dags/example_datasets.py
[2024-02-28T03:29:59.028+0000] {processor.py:840} INFO - DAG(s) 'dataset_consumes_unknown_never_scheduled', 'dataset_consumes_1_never_scheduled', 'dataset_consumes_1', 'dataset_produces_1', 'dataset_produces_2', 'dataset_consumes_1_and_2' retrieved from /home/airflow/.local/lib/python3.8/site-packages/airflow/example_dags/example_datasets.py
[2024-02-28T03:29:59.076+0000] {logging_mixin.py:188} INFO - [2024-02-28T03:29:59.076+0000] {dag.py:3036} INFO - Sync 6 DAGs
[2024-02-28T03:29:59.120+0000] {logging_mixin.py:188} INFO - [2024-02-28T03:29:59.119+0000] {dag.py:3823} INFO - Setting next_dagrun for dataset_consumes_1 to None, run_after=None
[2024-02-28T03:29:59.126+0000] {logging_mixin.py:188} INFO - [2024-02-28T03:29:59.126+0000] {dag.py:3823} INFO - Setting next_dagrun for dataset_consumes_1_and_2 to None, run_after=None
[2024-02-28T03:29:59.131+0000] {logging_mixin.py:188} INFO - [2024-02-28T03:29:59.130+0000] {dag.py:3823} INFO - Setting next_dagrun for dataset_consumes_1_never_scheduled to None, run_after=None
[2024-02-28T03:29:59.133+0000] {logging_mixin.py:188} INFO - [2024-02-28T03:29:59.133+0000] {dag.py:3823} INFO - Setting next_dagrun for dataset_consumes_unknown_never_scheduled to None, run_after=None
[2024-02-28T03:29:59.140+0000] {logging_mixin.py:188} INFO - [2024-02-28T03:29:59.140+0000] {dag.py:3823} INFO - Setting next_dagrun for dataset_produces_1 to 2024-02-27 00:00:00+00:00, run_after=2024-02-28 00:00:00+00:00
[2024-02-28T03:29:59.143+0000] {logging_mixin.py:188} INFO - [2024-02-28T03:29:59.142+0000] {dag.py:3823} INFO - Setting next_dagrun for dataset_produces_2 to None, run_after=None
[2024-02-28T03:29:59.179+0000] {processor.py:183} INFO - Processing /home/airflow/.local/lib/python3.8/site-packages/airflow/example_dags/example_datasets.py took 0.164 seconds
[2024-02-28T03:30:31.375+0000] {processor.py:161} INFO - Started process (PID=2195) to work on /home/airflow/.local/lib/python3.8/site-packages/airflow/example_dags/example_datasets.py
[2024-02-28T03:30:31.377+0000] {processor.py:830} INFO - Processing file /home/airflow/.local/lib/python3.8/site-packages/airflow/example_dags/example_datasets.py for tasks to queue
[2024-02-28T03:30:31.381+0000] {logging_mixin.py:188} INFO - [2024-02-28T03:30:31.379+0000] {dagbag.py:538} INFO - Filling up the DagBag from /home/airflow/.local/lib/python3.8/site-packages/airflow/example_dags/example_datasets.py
[2024-02-28T03:30:31.410+0000] {processor.py:840} INFO - DAG(s) 'dataset_produces_2', 'dataset_consumes_1_and_2', 'dataset_consumes_1_never_scheduled', 'dataset_produces_1', 'dataset_consumes_unknown_never_scheduled', 'dataset_consumes_1' retrieved from /home/airflow/.local/lib/python3.8/site-packages/airflow/example_dags/example_datasets.py
[2024-02-28T03:30:31.588+0000] {logging_mixin.py:188} INFO - [2024-02-28T03:30:31.588+0000] {dag.py:3036} INFO - Sync 6 DAGs
[2024-02-28T03:30:31.627+0000] {logging_mixin.py:188} INFO - [2024-02-28T03:30:31.625+0000] {dag.py:3823} INFO - Setting next_dagrun for dataset_consumes_1 to None, run_after=None
[2024-02-28T03:30:31.639+0000] {logging_mixin.py:188} INFO - [2024-02-28T03:30:31.639+0000] {dag.py:3823} INFO - Setting next_dagrun for dataset_consumes_1_and_2 to None, run_after=None
[2024-02-28T03:30:31.646+0000] {logging_mixin.py:188} INFO - [2024-02-28T03:30:31.646+0000] {dag.py:3823} INFO - Setting next_dagrun for dataset_consumes_1_never_scheduled to None, run_after=None
[2024-02-28T03:30:31.650+0000] {logging_mixin.py:188} INFO - [2024-02-28T03:30:31.650+0000] {dag.py:3823} INFO - Setting next_dagrun for dataset_consumes_unknown_never_scheduled to None, run_after=None
[2024-02-28T03:30:31.656+0000] {logging_mixin.py:188} INFO - [2024-02-28T03:30:31.656+0000] {dag.py:3823} INFO - Setting next_dagrun for dataset_produces_1 to 2024-02-27 00:00:00+00:00, run_after=2024-02-28 00:00:00+00:00
[2024-02-28T03:30:31.663+0000] {logging_mixin.py:188} INFO - [2024-02-28T03:30:31.663+0000] {dag.py:3823} INFO - Setting next_dagrun for dataset_produces_2 to None, run_after=None
[2024-02-28T03:30:31.818+0000] {processor.py:183} INFO - Processing /home/airflow/.local/lib/python3.8/site-packages/airflow/example_dags/example_datasets.py took 0.447 seconds
[2024-02-28T03:31:02.694+0000] {processor.py:161} INFO - Started process (PID=2500) to work on /home/airflow/.local/lib/python3.8/site-packages/airflow/example_dags/example_datasets.py
[2024-02-28T03:31:02.696+0000] {processor.py:830} INFO - Processing file /home/airflow/.local/lib/python3.8/site-packages/airflow/example_dags/example_datasets.py for tasks to queue
[2024-02-28T03:31:02.698+0000] {logging_mixin.py:188} INFO - [2024-02-28T03:31:02.697+0000] {dagbag.py:538} INFO - Filling up the DagBag from /home/airflow/.local/lib/python3.8/site-packages/airflow/example_dags/example_datasets.py
[2024-02-28T03:31:02.708+0000] {processor.py:840} INFO - DAG(s) 'dataset_consumes_1_and_2', 'dataset_produces_2', 'dataset_consumes_1_never_scheduled', 'dataset_consumes_unknown_never_scheduled', 'dataset_produces_1', 'dataset_consumes_1' retrieved from /home/airflow/.local/lib/python3.8/site-packages/airflow/example_dags/example_datasets.py
[2024-02-28T03:31:02.751+0000] {logging_mixin.py:188} INFO - [2024-02-28T03:31:02.751+0000] {dag.py:3036} INFO - Sync 6 DAGs
[2024-02-28T03:31:02.774+0000] {logging_mixin.py:188} INFO - [2024-02-28T03:31:02.773+0000] {dag.py:3823} INFO - Setting next_dagrun for dataset_consumes_1 to None, run_after=None
[2024-02-28T03:31:02.779+0000] {logging_mixin.py:188} INFO - [2024-02-28T03:31:02.778+0000] {dag.py:3823} INFO - Setting next_dagrun for dataset_consumes_1_and_2 to None, run_after=None
[2024-02-28T03:31:02.781+0000] {logging_mixin.py:188} INFO - [2024-02-28T03:31:02.781+0000] {dag.py:3823} INFO - Setting next_dagrun for dataset_consumes_1_never_scheduled to None, run_after=None
[2024-02-28T03:31:02.783+0000] {logging_mixin.py:188} INFO - [2024-02-28T03:31:02.783+0000] {dag.py:3823} INFO - Setting next_dagrun for dataset_consumes_unknown_never_scheduled to None, run_after=None
[2024-02-28T03:31:02.787+0000] {logging_mixin.py:188} INFO - [2024-02-28T03:31:02.787+0000] {dag.py:3823} INFO - Setting next_dagrun for dataset_produces_1 to 2024-02-27 00:00:00+00:00, run_after=2024-02-28 00:00:00+00:00
[2024-02-28T03:31:02.789+0000] {logging_mixin.py:188} INFO - [2024-02-28T03:31:02.789+0000] {dag.py:3823} INFO - Setting next_dagrun for dataset_produces_2 to None, run_after=None
[2024-02-28T03:31:02.830+0000] {processor.py:183} INFO - Processing /home/airflow/.local/lib/python3.8/site-packages/airflow/example_dags/example_datasets.py took 0.139 seconds
[2024-02-28T03:31:33.009+0000] {processor.py:161} INFO - Started process (PID=2808) to work on /home/airflow/.local/lib/python3.8/site-packages/airflow/example_dags/example_datasets.py
[2024-02-28T03:31:33.010+0000] {processor.py:830} INFO - Processing file /home/airflow/.local/lib/python3.8/site-packages/airflow/example_dags/example_datasets.py for tasks to queue
[2024-02-28T03:31:33.012+0000] {logging_mixin.py:188} INFO - [2024-02-28T03:31:33.012+0000] {dagbag.py:538} INFO - Filling up the DagBag from /home/airflow/.local/lib/python3.8/site-packages/airflow/example_dags/example_datasets.py
[2024-02-28T03:31:33.022+0000] {processor.py:840} INFO - DAG(s) 'dataset_produces_1', 'dataset_consumes_1_and_2', 'dataset_consumes_unknown_never_scheduled', 'dataset_consumes_1_never_scheduled', 'dataset_consumes_1', 'dataset_produces_2' retrieved from /home/airflow/.local/lib/python3.8/site-packages/airflow/example_dags/example_datasets.py
[2024-02-28T03:31:33.061+0000] {logging_mixin.py:188} INFO - [2024-02-28T03:31:33.061+0000] {dag.py:3036} INFO - Sync 6 DAGs
[2024-02-28T03:31:33.086+0000] {logging_mixin.py:188} INFO - [2024-02-28T03:31:33.086+0000] {dag.py:3823} INFO - Setting next_dagrun for dataset_consumes_1 to None, run_after=None
[2024-02-28T03:31:33.092+0000] {logging_mixin.py:188} INFO - [2024-02-28T03:31:33.091+0000] {dag.py:3823} INFO - Setting next_dagrun for dataset_consumes_1_and_2 to None, run_after=None
[2024-02-28T03:31:33.093+0000] {logging_mixin.py:188} INFO - [2024-02-28T03:31:33.093+0000] {dag.py:3823} INFO - Setting next_dagrun for dataset_consumes_1_never_scheduled to None, run_after=None
[2024-02-28T03:31:33.097+0000] {logging_mixin.py:188} INFO - [2024-02-28T03:31:33.097+0000] {dag.py:3823} INFO - Setting next_dagrun for dataset_consumes_unknown_never_scheduled to None, run_after=None
[2024-02-28T03:31:33.101+0000] {logging_mixin.py:188} INFO - [2024-02-28T03:31:33.100+0000] {dag.py:3823} INFO - Setting next_dagrun for dataset_produces_1 to 2024-02-27 00:00:00+00:00, run_after=2024-02-28 00:00:00+00:00
[2024-02-28T03:31:33.103+0000] {logging_mixin.py:188} INFO - [2024-02-28T03:31:33.102+0000] {dag.py:3823} INFO - Setting next_dagrun for dataset_produces_2 to None, run_after=None
[2024-02-28T03:31:33.163+0000] {processor.py:183} INFO - Processing /home/airflow/.local/lib/python3.8/site-packages/airflow/example_dags/example_datasets.py took 0.158 seconds
[2024-02-28T03:32:12.554+0000] {processor.py:161} INFO - Started process (PID=3123) to work on /home/airflow/.local/lib/python3.8/site-packages/airflow/example_dags/example_datasets.py
[2024-02-28T03:32:12.556+0000] {processor.py:830} INFO - Processing file /home/airflow/.local/lib/python3.8/site-packages/airflow/example_dags/example_datasets.py for tasks to queue
[2024-02-28T03:32:12.557+0000] {logging_mixin.py:188} INFO - [2024-02-28T03:32:12.557+0000] {dagbag.py:538} INFO - Filling up the DagBag from /home/airflow/.local/lib/python3.8/site-packages/airflow/example_dags/example_datasets.py
[2024-02-28T03:32:12.571+0000] {processor.py:840} INFO - DAG(s) 'dataset_consumes_unknown_never_scheduled', 'dataset_produces_1', 'dataset_consumes_1_and_2', 'dataset_produces_2', 'dataset_consumes_1_never_scheduled', 'dataset_consumes_1' retrieved from /home/airflow/.local/lib/python3.8/site-packages/airflow/example_dags/example_datasets.py
[2024-02-28T03:32:12.651+0000] {logging_mixin.py:188} INFO - [2024-02-28T03:32:12.651+0000] {dag.py:3036} INFO - Sync 6 DAGs
[2024-02-28T03:32:12.697+0000] {logging_mixin.py:188} INFO - [2024-02-28T03:32:12.696+0000] {dag.py:3823} INFO - Setting next_dagrun for dataset_consumes_1 to None, run_after=None
[2024-02-28T03:32:12.715+0000] {logging_mixin.py:188} INFO - [2024-02-28T03:32:12.714+0000] {dag.py:3823} INFO - Setting next_dagrun for dataset_consumes_1_and_2 to None, run_after=None
[2024-02-28T03:32:12.717+0000] {logging_mixin.py:188} INFO - [2024-02-28T03:32:12.717+0000] {dag.py:3823} INFO - Setting next_dagrun for dataset_consumes_1_never_scheduled to None, run_after=None
[2024-02-28T03:32:12.725+0000] {logging_mixin.py:188} INFO - [2024-02-28T03:32:12.725+0000] {dag.py:3823} INFO - Setting next_dagrun for dataset_consumes_unknown_never_scheduled to None, run_after=None
[2024-02-28T03:32:12.755+0000] {logging_mixin.py:188} INFO - [2024-02-28T03:32:12.754+0000] {dag.py:3823} INFO - Setting next_dagrun for dataset_produces_1 to 2024-02-27 00:00:00+00:00, run_after=2024-02-28 00:00:00+00:00
[2024-02-28T03:32:12.767+0000] {logging_mixin.py:188} INFO - [2024-02-28T03:32:12.763+0000] {dag.py:3823} INFO - Setting next_dagrun for dataset_produces_2 to None, run_after=None
[2024-02-28T03:32:12.864+0000] {processor.py:183} INFO - Processing /home/airflow/.local/lib/python3.8/site-packages/airflow/example_dags/example_datasets.py took 0.314 seconds
[2024-02-28T03:32:42.947+0000] {processor.py:161} INFO - Started process (PID=3422) to work on /home/airflow/.local/lib/python3.8/site-packages/airflow/example_dags/example_datasets.py
[2024-02-28T03:32:42.948+0000] {processor.py:830} INFO - Processing file /home/airflow/.local/lib/python3.8/site-packages/airflow/example_dags/example_datasets.py for tasks to queue
[2024-02-28T03:32:42.949+0000] {logging_mixin.py:188} INFO - [2024-02-28T03:32:42.949+0000] {dagbag.py:538} INFO - Filling up the DagBag from /home/airflow/.local/lib/python3.8/site-packages/airflow/example_dags/example_datasets.py
[2024-02-28T03:32:42.958+0000] {processor.py:840} INFO - DAG(s) 'dataset_consumes_1_and_2', 'dataset_consumes_1', 'dataset_produces_1', 'dataset_consumes_unknown_never_scheduled', 'dataset_produces_2', 'dataset_consumes_1_never_scheduled' retrieved from /home/airflow/.local/lib/python3.8/site-packages/airflow/example_dags/example_datasets.py
[2024-02-28T03:32:42.998+0000] {logging_mixin.py:188} INFO - [2024-02-28T03:32:42.998+0000] {dag.py:3036} INFO - Sync 6 DAGs
[2024-02-28T03:32:43.018+0000] {logging_mixin.py:188} INFO - [2024-02-28T03:32:43.018+0000] {dag.py:3823} INFO - Setting next_dagrun for dataset_consumes_1 to None, run_after=None
[2024-02-28T03:32:43.022+0000] {logging_mixin.py:188} INFO - [2024-02-28T03:32:43.021+0000] {dag.py:3823} INFO - Setting next_dagrun for dataset_consumes_1_and_2 to None, run_after=None
[2024-02-28T03:32:43.023+0000] {logging_mixin.py:188} INFO - [2024-02-28T03:32:43.023+0000] {dag.py:3823} INFO - Setting next_dagrun for dataset_consumes_1_never_scheduled to None, run_after=None
[2024-02-28T03:32:43.025+0000] {logging_mixin.py:188} INFO - [2024-02-28T03:32:43.024+0000] {dag.py:3823} INFO - Setting next_dagrun for dataset_consumes_unknown_never_scheduled to None, run_after=None
[2024-02-28T03:32:43.027+0000] {logging_mixin.py:188} INFO - [2024-02-28T03:32:43.027+0000] {dag.py:3823} INFO - Setting next_dagrun for dataset_produces_1 to 2024-02-27 00:00:00+00:00, run_after=2024-02-28 00:00:00+00:00
[2024-02-28T03:32:43.029+0000] {logging_mixin.py:188} INFO - [2024-02-28T03:32:43.029+0000] {dag.py:3823} INFO - Setting next_dagrun for dataset_produces_2 to None, run_after=None
[2024-02-28T03:32:43.064+0000] {processor.py:183} INFO - Processing /home/airflow/.local/lib/python3.8/site-packages/airflow/example_dags/example_datasets.py took 0.120 seconds
[2024-02-28T03:33:13.942+0000] {processor.py:161} INFO - Started process (PID=3733) to work on /home/airflow/.local/lib/python3.8/site-packages/airflow/example_dags/example_datasets.py
[2024-02-28T03:33:13.943+0000] {processor.py:830} INFO - Processing file /home/airflow/.local/lib/python3.8/site-packages/airflow/example_dags/example_datasets.py for tasks to queue
[2024-02-28T03:33:13.944+0000] {logging_mixin.py:188} INFO - [2024-02-28T03:33:13.943+0000] {dagbag.py:538} INFO - Filling up the DagBag from /home/airflow/.local/lib/python3.8/site-packages/airflow/example_dags/example_datasets.py
[2024-02-28T03:33:13.953+0000] {processor.py:840} INFO - DAG(s) 'dataset_produces_2', 'dataset_consumes_1', 'dataset_consumes_1_and_2', 'dataset_consumes_unknown_never_scheduled', 'dataset_produces_1', 'dataset_consumes_1_never_scheduled' retrieved from /home/airflow/.local/lib/python3.8/site-packages/airflow/example_dags/example_datasets.py
[2024-02-28T03:33:14.003+0000] {logging_mixin.py:188} INFO - [2024-02-28T03:33:14.002+0000] {dag.py:3036} INFO - Sync 6 DAGs
[2024-02-28T03:33:14.025+0000] {logging_mixin.py:188} INFO - [2024-02-28T03:33:14.025+0000] {dag.py:3823} INFO - Setting next_dagrun for dataset_consumes_1 to None, run_after=None
[2024-02-28T03:33:14.030+0000] {logging_mixin.py:188} INFO - [2024-02-28T03:33:14.030+0000] {dag.py:3823} INFO - Setting next_dagrun for dataset_consumes_1_and_2 to None, run_after=None
[2024-02-28T03:33:14.033+0000] {logging_mixin.py:188} INFO - [2024-02-28T03:33:14.033+0000] {dag.py:3823} INFO - Setting next_dagrun for dataset_consumes_1_never_scheduled to None, run_after=None
[2024-02-28T03:33:14.035+0000] {logging_mixin.py:188} INFO - [2024-02-28T03:33:14.035+0000] {dag.py:3823} INFO - Setting next_dagrun for dataset_consumes_unknown_never_scheduled to None, run_after=None
[2024-02-28T03:33:14.038+0000] {logging_mixin.py:188} INFO - [2024-02-28T03:33:14.038+0000] {dag.py:3823} INFO - Setting next_dagrun for dataset_produces_1 to 2024-02-27 00:00:00+00:00, run_after=2024-02-28 00:00:00+00:00
[2024-02-28T03:33:14.041+0000] {logging_mixin.py:188} INFO - [2024-02-28T03:33:14.041+0000] {dag.py:3823} INFO - Setting next_dagrun for dataset_produces_2 to None, run_after=None
[2024-02-28T03:33:14.079+0000] {processor.py:183} INFO - Processing /home/airflow/.local/lib/python3.8/site-packages/airflow/example_dags/example_datasets.py took 0.141 seconds
[2024-02-28T03:33:45.122+0000] {processor.py:161} INFO - Started process (PID=4044) to work on /home/airflow/.local/lib/python3.8/site-packages/airflow/example_dags/example_datasets.py
[2024-02-28T03:33:45.123+0000] {processor.py:830} INFO - Processing file /home/airflow/.local/lib/python3.8/site-packages/airflow/example_dags/example_datasets.py for tasks to queue
[2024-02-28T03:33:45.124+0000] {logging_mixin.py:188} INFO - [2024-02-28T03:33:45.124+0000] {dagbag.py:538} INFO - Filling up the DagBag from /home/airflow/.local/lib/python3.8/site-packages/airflow/example_dags/example_datasets.py
[2024-02-28T03:33:45.133+0000] {processor.py:840} INFO - DAG(s) 'dataset_produces_1', 'dataset_consumes_1', 'dataset_consumes_1_never_scheduled', 'dataset_produces_2', 'dataset_consumes_1_and_2', 'dataset_consumes_unknown_never_scheduled' retrieved from /home/airflow/.local/lib/python3.8/site-packages/airflow/example_dags/example_datasets.py
[2024-02-28T03:33:45.174+0000] {logging_mixin.py:188} INFO - [2024-02-28T03:33:45.174+0000] {dag.py:3036} INFO - Sync 6 DAGs
[2024-02-28T03:33:45.200+0000] {logging_mixin.py:188} INFO - [2024-02-28T03:33:45.200+0000] {dag.py:3823} INFO - Setting next_dagrun for dataset_consumes_1 to None, run_after=None
[2024-02-28T03:33:45.204+0000] {logging_mixin.py:188} INFO - [2024-02-28T03:33:45.203+0000] {dag.py:3823} INFO - Setting next_dagrun for dataset_consumes_1_and_2 to None, run_after=None
[2024-02-28T03:33:45.205+0000] {logging_mixin.py:188} INFO - [2024-02-28T03:33:45.205+0000] {dag.py:3823} INFO - Setting next_dagrun for dataset_consumes_1_never_scheduled to None, run_after=None
[2024-02-28T03:33:45.207+0000] {logging_mixin.py:188} INFO - [2024-02-28T03:33:45.207+0000] {dag.py:3823} INFO - Setting next_dagrun for dataset_consumes_unknown_never_scheduled to None, run_after=None
[2024-02-28T03:33:45.211+0000] {logging_mixin.py:188} INFO - [2024-02-28T03:33:45.210+0000] {dag.py:3823} INFO - Setting next_dagrun for dataset_produces_1 to 2024-02-27 00:00:00+00:00, run_after=2024-02-28 00:00:00+00:00
[2024-02-28T03:33:45.212+0000] {logging_mixin.py:188} INFO - [2024-02-28T03:33:45.212+0000] {dag.py:3823} INFO - Setting next_dagrun for dataset_produces_2 to None, run_after=None
[2024-02-28T03:33:45.251+0000] {processor.py:183} INFO - Processing /home/airflow/.local/lib/python3.8/site-packages/airflow/example_dags/example_datasets.py took 0.133 seconds
[2024-02-28T03:34:15.974+0000] {processor.py:161} INFO - Started process (PID=4355) to work on /home/airflow/.local/lib/python3.8/site-packages/airflow/example_dags/example_datasets.py
[2024-02-28T03:34:15.976+0000] {processor.py:830} INFO - Processing file /home/airflow/.local/lib/python3.8/site-packages/airflow/example_dags/example_datasets.py for tasks to queue
[2024-02-28T03:34:15.977+0000] {logging_mixin.py:188} INFO - [2024-02-28T03:34:15.977+0000] {dagbag.py:538} INFO - Filling up the DagBag from /home/airflow/.local/lib/python3.8/site-packages/airflow/example_dags/example_datasets.py
[2024-02-28T03:34:15.991+0000] {processor.py:840} INFO - DAG(s) 'dataset_consumes_unknown_never_scheduled', 'dataset_produces_2', 'dataset_consumes_1_never_scheduled', 'dataset_consumes_1_and_2', 'dataset_consumes_1', 'dataset_produces_1' retrieved from /home/airflow/.local/lib/python3.8/site-packages/airflow/example_dags/example_datasets.py
[2024-02-28T03:34:16.030+0000] {logging_mixin.py:188} INFO - [2024-02-28T03:34:16.029+0000] {dag.py:3036} INFO - Sync 6 DAGs
[2024-02-28T03:34:16.054+0000] {logging_mixin.py:188} INFO - [2024-02-28T03:34:16.054+0000] {dag.py:3823} INFO - Setting next_dagrun for dataset_consumes_1 to None, run_after=None
[2024-02-28T03:34:16.058+0000] {logging_mixin.py:188} INFO - [2024-02-28T03:34:16.058+0000] {dag.py:3823} INFO - Setting next_dagrun for dataset_consumes_1_and_2 to None, run_after=None
[2024-02-28T03:34:16.060+0000] {logging_mixin.py:188} INFO - [2024-02-28T03:34:16.060+0000] {dag.py:3823} INFO - Setting next_dagrun for dataset_consumes_1_never_scheduled to None, run_after=None
[2024-02-28T03:34:16.062+0000] {logging_mixin.py:188} INFO - [2024-02-28T03:34:16.061+0000] {dag.py:3823} INFO - Setting next_dagrun for dataset_consumes_unknown_never_scheduled to None, run_after=None
[2024-02-28T03:34:16.065+0000] {logging_mixin.py:188} INFO - [2024-02-28T03:34:16.065+0000] {dag.py:3823} INFO - Setting next_dagrun for dataset_produces_1 to 2024-02-27 00:00:00+00:00, run_after=2024-02-28 00:00:00+00:00
[2024-02-28T03:34:16.067+0000] {logging_mixin.py:188} INFO - [2024-02-28T03:34:16.067+0000] {dag.py:3823} INFO - Setting next_dagrun for dataset_produces_2 to None, run_after=None
[2024-02-28T03:34:16.111+0000] {processor.py:183} INFO - Processing /home/airflow/.local/lib/python3.8/site-packages/airflow/example_dags/example_datasets.py took 0.140 seconds
[2024-02-28T03:34:46.211+0000] {processor.py:161} INFO - Started process (PID=4663) to work on /home/airflow/.local/lib/python3.8/site-packages/airflow/example_dags/example_datasets.py
[2024-02-28T03:34:46.212+0000] {processor.py:830} INFO - Processing file /home/airflow/.local/lib/python3.8/site-packages/airflow/example_dags/example_datasets.py for tasks to queue
[2024-02-28T03:34:46.213+0000] {logging_mixin.py:188} INFO - [2024-02-28T03:34:46.213+0000] {dagbag.py:538} INFO - Filling up the DagBag from /home/airflow/.local/lib/python3.8/site-packages/airflow/example_dags/example_datasets.py
[2024-02-28T03:34:46.222+0000] {processor.py:840} INFO - DAG(s) 'dataset_produces_2', 'dataset_produces_1', 'dataset_consumes_1', 'dataset_consumes_1_and_2', 'dataset_consumes_1_never_scheduled', 'dataset_consumes_unknown_never_scheduled' retrieved from /home/airflow/.local/lib/python3.8/site-packages/airflow/example_dags/example_datasets.py
[2024-02-28T03:34:46.262+0000] {logging_mixin.py:188} INFO - [2024-02-28T03:34:46.262+0000] {dag.py:3036} INFO - Sync 6 DAGs
[2024-02-28T03:34:46.285+0000] {logging_mixin.py:188} INFO - [2024-02-28T03:34:46.285+0000] {dag.py:3823} INFO - Setting next_dagrun for dataset_consumes_1 to None, run_after=None
[2024-02-28T03:34:46.291+0000] {logging_mixin.py:188} INFO - [2024-02-28T03:34:46.291+0000] {dag.py:3823} INFO - Setting next_dagrun for dataset_consumes_1_and_2 to None, run_after=None
[2024-02-28T03:34:46.294+0000] {logging_mixin.py:188} INFO - [2024-02-28T03:34:46.294+0000] {dag.py:3823} INFO - Setting next_dagrun for dataset_consumes_1_never_scheduled to None, run_after=None
[2024-02-28T03:34:46.296+0000] {logging_mixin.py:188} INFO - [2024-02-28T03:34:46.296+0000] {dag.py:3823} INFO - Setting next_dagrun for dataset_consumes_unknown_never_scheduled to None, run_after=None
[2024-02-28T03:34:46.300+0000] {logging_mixin.py:188} INFO - [2024-02-28T03:34:46.299+0000] {dag.py:3823} INFO - Setting next_dagrun for dataset_produces_1 to 2024-02-27 00:00:00+00:00, run_after=2024-02-28 00:00:00+00:00
[2024-02-28T03:34:46.302+0000] {logging_mixin.py:188} INFO - [2024-02-28T03:34:46.301+0000] {dag.py:3823} INFO - Setting next_dagrun for dataset_produces_2 to None, run_after=None
[2024-02-28T03:34:46.348+0000] {processor.py:183} INFO - Processing /home/airflow/.local/lib/python3.8/site-packages/airflow/example_dags/example_datasets.py took 0.140 seconds
[2024-02-28T03:35:16.723+0000] {processor.py:161} INFO - Started process (PID=4977) to work on /home/airflow/.local/lib/python3.8/site-packages/airflow/example_dags/example_datasets.py
[2024-02-28T03:35:16.724+0000] {processor.py:830} INFO - Processing file /home/airflow/.local/lib/python3.8/site-packages/airflow/example_dags/example_datasets.py for tasks to queue
[2024-02-28T03:35:16.726+0000] {logging_mixin.py:188} INFO - [2024-02-28T03:35:16.725+0000] {dagbag.py:538} INFO - Filling up the DagBag from /home/airflow/.local/lib/python3.8/site-packages/airflow/example_dags/example_datasets.py
[2024-02-28T03:35:16.738+0000] {processor.py:840} INFO - DAG(s) 'dataset_consumes_unknown_never_scheduled', 'dataset_consumes_1_never_scheduled', 'dataset_consumes_1_and_2', 'dataset_consumes_1', 'dataset_produces_1', 'dataset_produces_2' retrieved from /home/airflow/.local/lib/python3.8/site-packages/airflow/example_dags/example_datasets.py
[2024-02-28T03:35:16.788+0000] {logging_mixin.py:188} INFO - [2024-02-28T03:35:16.788+0000] {dag.py:3036} INFO - Sync 6 DAGs
[2024-02-28T03:35:16.820+0000] {logging_mixin.py:188} INFO - [2024-02-28T03:35:16.819+0000] {dag.py:3823} INFO - Setting next_dagrun for dataset_consumes_1 to None, run_after=None
[2024-02-28T03:35:16.827+0000] {logging_mixin.py:188} INFO - [2024-02-28T03:35:16.827+0000] {dag.py:3823} INFO - Setting next_dagrun for dataset_consumes_1_and_2 to None, run_after=None
[2024-02-28T03:35:16.831+0000] {logging_mixin.py:188} INFO - [2024-02-28T03:35:16.830+0000] {dag.py:3823} INFO - Setting next_dagrun for dataset_consumes_1_never_scheduled to None, run_after=None
[2024-02-28T03:35:16.833+0000] {logging_mixin.py:188} INFO - [2024-02-28T03:35:16.833+0000] {dag.py:3823} INFO - Setting next_dagrun for dataset_consumes_unknown_never_scheduled to None, run_after=None
[2024-02-28T03:35:16.839+0000] {logging_mixin.py:188} INFO - [2024-02-28T03:35:16.838+0000] {dag.py:3823} INFO - Setting next_dagrun for dataset_produces_1 to 2024-02-27 00:00:00+00:00, run_after=2024-02-28 00:00:00+00:00
[2024-02-28T03:35:16.841+0000] {logging_mixin.py:188} INFO - [2024-02-28T03:35:16.841+0000] {dag.py:3823} INFO - Setting next_dagrun for dataset_produces_2 to None, run_after=None
[2024-02-28T03:35:16.887+0000] {processor.py:183} INFO - Processing /home/airflow/.local/lib/python3.8/site-packages/airflow/example_dags/example_datasets.py took 0.172 seconds
[2024-02-28T03:35:47.047+0000] {processor.py:161} INFO - Started process (PID=5286) to work on /home/airflow/.local/lib/python3.8/site-packages/airflow/example_dags/example_datasets.py
[2024-02-28T03:35:47.049+0000] {processor.py:830} INFO - Processing file /home/airflow/.local/lib/python3.8/site-packages/airflow/example_dags/example_datasets.py for tasks to queue
[2024-02-28T03:35:47.051+0000] {logging_mixin.py:188} INFO - [2024-02-28T03:35:47.050+0000] {dagbag.py:538} INFO - Filling up the DagBag from /home/airflow/.local/lib/python3.8/site-packages/airflow/example_dags/example_datasets.py
[2024-02-28T03:35:47.063+0000] {processor.py:840} INFO - DAG(s) 'dataset_consumes_unknown_never_scheduled', 'dataset_produces_2', 'dataset_produces_1', 'dataset_consumes_1_and_2', 'dataset_consumes_1_never_scheduled', 'dataset_consumes_1' retrieved from /home/airflow/.local/lib/python3.8/site-packages/airflow/example_dags/example_datasets.py
[2024-02-28T03:35:47.110+0000] {logging_mixin.py:188} INFO - [2024-02-28T03:35:47.109+0000] {dag.py:3036} INFO - Sync 6 DAGs
[2024-02-28T03:35:47.138+0000] {logging_mixin.py:188} INFO - [2024-02-28T03:35:47.137+0000] {dag.py:3823} INFO - Setting next_dagrun for dataset_consumes_1 to None, run_after=None
[2024-02-28T03:35:47.142+0000] {logging_mixin.py:188} INFO - [2024-02-28T03:35:47.142+0000] {dag.py:3823} INFO - Setting next_dagrun for dataset_consumes_1_and_2 to None, run_after=None
[2024-02-28T03:35:47.144+0000] {logging_mixin.py:188} INFO - [2024-02-28T03:35:47.144+0000] {dag.py:3823} INFO - Setting next_dagrun for dataset_consumes_1_never_scheduled to None, run_after=None
[2024-02-28T03:35:47.146+0000] {logging_mixin.py:188} INFO - [2024-02-28T03:35:47.146+0000] {dag.py:3823} INFO - Setting next_dagrun for dataset_consumes_unknown_never_scheduled to None, run_after=None
[2024-02-28T03:35:47.149+0000] {logging_mixin.py:188} INFO - [2024-02-28T03:35:47.149+0000] {dag.py:3823} INFO - Setting next_dagrun for dataset_produces_1 to 2024-02-27 00:00:00+00:00, run_after=2024-02-28 00:00:00+00:00
[2024-02-28T03:35:47.151+0000] {logging_mixin.py:188} INFO - [2024-02-28T03:35:47.151+0000] {dag.py:3823} INFO - Setting next_dagrun for dataset_produces_2 to None, run_after=None
[2024-02-28T03:35:47.182+0000] {processor.py:183} INFO - Processing /home/airflow/.local/lib/python3.8/site-packages/airflow/example_dags/example_datasets.py took 0.140 seconds
