[2024-02-28T03:26:58.411+0000] {processor.py:161} INFO - Started process (PID=247) to work on /home/airflow/.local/lib/python3.8/site-packages/airflow/example_dags/example_short_circuit_operator.py
[2024-02-28T03:26:58.440+0000] {processor.py:830} INFO - Processing file /home/airflow/.local/lib/python3.8/site-packages/airflow/example_dags/example_short_circuit_operator.py for tasks to queue
[2024-02-28T03:26:58.462+0000] {logging_mixin.py:188} INFO - [2024-02-28T03:26:58.461+0000] {dagbag.py:538} INFO - Filling up the DagBag from /home/airflow/.local/lib/python3.8/site-packages/airflow/example_dags/example_short_circuit_operator.py
[2024-02-28T03:26:58.535+0000] {processor.py:840} INFO - DAG(s) 'example_short_circuit_operator' retrieved from /home/airflow/.local/lib/python3.8/site-packages/airflow/example_dags/example_short_circuit_operator.py
[2024-02-28T03:26:59.128+0000] {logging_mixin.py:188} INFO - [2024-02-28T03:26:59.127+0000] {dag.py:3036} INFO - Sync 1 DAGs
[2024-02-28T03:26:59.173+0000] {logging_mixin.py:188} INFO - [2024-02-28T03:26:59.173+0000] {dag.py:3823} INFO - Setting next_dagrun for example_short_circuit_operator to 2024-02-27 00:00:00+00:00, run_after=2024-02-28 00:00:00+00:00
[2024-02-28T03:26:59.211+0000] {processor.py:183} INFO - Processing /home/airflow/.local/lib/python3.8/site-packages/airflow/example_dags/example_short_circuit_operator.py took 0.804 seconds
[2024-02-28T03:27:33.090+0000] {processor.py:161} INFO - Started process (PID=566) to work on /home/airflow/.local/lib/python3.8/site-packages/airflow/example_dags/example_short_circuit_operator.py
[2024-02-28T03:27:33.101+0000] {processor.py:830} INFO - Processing file /home/airflow/.local/lib/python3.8/site-packages/airflow/example_dags/example_short_circuit_operator.py for tasks to queue
[2024-02-28T03:27:33.115+0000] {logging_mixin.py:188} INFO - [2024-02-28T03:27:33.104+0000] {dagbag.py:538} INFO - Filling up the DagBag from /home/airflow/.local/lib/python3.8/site-packages/airflow/example_dags/example_short_circuit_operator.py
[2024-02-28T03:27:33.182+0000] {processor.py:840} INFO - DAG(s) 'example_short_circuit_operator' retrieved from /home/airflow/.local/lib/python3.8/site-packages/airflow/example_dags/example_short_circuit_operator.py
[2024-02-28T03:27:33.223+0000] {logging_mixin.py:188} INFO - [2024-02-28T03:27:33.223+0000] {dag.py:3036} INFO - Sync 1 DAGs
[2024-02-28T03:27:33.269+0000] {logging_mixin.py:188} INFO - [2024-02-28T03:27:33.269+0000] {dag.py:3823} INFO - Setting next_dagrun for example_short_circuit_operator to 2024-02-27 00:00:00+00:00, run_after=2024-02-28 00:00:00+00:00
[2024-02-28T03:27:33.309+0000] {processor.py:183} INFO - Processing /home/airflow/.local/lib/python3.8/site-packages/airflow/example_dags/example_short_circuit_operator.py took 0.223 seconds
[2024-02-28T03:28:14.803+0000] {processor.py:161} INFO - Started process (PID=886) to work on /home/airflow/.local/lib/python3.8/site-packages/airflow/example_dags/example_short_circuit_operator.py
[2024-02-28T03:28:14.831+0000] {processor.py:830} INFO - Processing file /home/airflow/.local/lib/python3.8/site-packages/airflow/example_dags/example_short_circuit_operator.py for tasks to queue
[2024-02-28T03:28:14.839+0000] {logging_mixin.py:188} INFO - [2024-02-28T03:28:14.838+0000] {dagbag.py:538} INFO - Filling up the DagBag from /home/airflow/.local/lib/python3.8/site-packages/airflow/example_dags/example_short_circuit_operator.py
[2024-02-28T03:28:14.867+0000] {processor.py:840} INFO - DAG(s) 'example_short_circuit_operator' retrieved from /home/airflow/.local/lib/python3.8/site-packages/airflow/example_dags/example_short_circuit_operator.py
[2024-02-28T03:28:14.936+0000] {logging_mixin.py:188} INFO - [2024-02-28T03:28:14.936+0000] {dag.py:3036} INFO - Sync 1 DAGs
[2024-02-28T03:28:14.985+0000] {logging_mixin.py:188} INFO - [2024-02-28T03:28:14.985+0000] {dag.py:3823} INFO - Setting next_dagrun for example_short_circuit_operator to 2024-02-27 00:00:00+00:00, run_after=2024-02-28 00:00:00+00:00
[2024-02-28T03:28:15.026+0000] {processor.py:183} INFO - Processing /home/airflow/.local/lib/python3.8/site-packages/airflow/example_dags/example_short_circuit_operator.py took 0.229 seconds
[2024-02-28T03:28:52.772+0000] {processor.py:161} INFO - Started process (PID=1208) to work on /home/airflow/.local/lib/python3.8/site-packages/airflow/example_dags/example_short_circuit_operator.py
[2024-02-28T03:28:52.774+0000] {processor.py:830} INFO - Processing file /home/airflow/.local/lib/python3.8/site-packages/airflow/example_dags/example_short_circuit_operator.py for tasks to queue
[2024-02-28T03:28:52.782+0000] {logging_mixin.py:188} INFO - [2024-02-28T03:28:52.777+0000] {dagbag.py:538} INFO - Filling up the DagBag from /home/airflow/.local/lib/python3.8/site-packages/airflow/example_dags/example_short_circuit_operator.py
[2024-02-28T03:28:52.801+0000] {processor.py:840} INFO - DAG(s) 'example_short_circuit_operator' retrieved from /home/airflow/.local/lib/python3.8/site-packages/airflow/example_dags/example_short_circuit_operator.py
[2024-02-28T03:28:52.843+0000] {logging_mixin.py:188} INFO - [2024-02-28T03:28:52.842+0000] {dag.py:3036} INFO - Sync 1 DAGs
[2024-02-28T03:28:52.882+0000] {logging_mixin.py:188} INFO - [2024-02-28T03:28:52.881+0000] {dag.py:3823} INFO - Setting next_dagrun for example_short_circuit_operator to 2024-02-27 00:00:00+00:00, run_after=2024-02-28 00:00:00+00:00
[2024-02-28T03:28:53.026+0000] {processor.py:183} INFO - Processing /home/airflow/.local/lib/python3.8/site-packages/airflow/example_dags/example_short_circuit_operator.py took 0.260 seconds
[2024-02-28T03:29:25.627+0000] {processor.py:161} INFO - Started process (PID=1515) to work on /home/airflow/.local/lib/python3.8/site-packages/airflow/example_dags/example_short_circuit_operator.py
[2024-02-28T03:29:25.629+0000] {processor.py:830} INFO - Processing file /home/airflow/.local/lib/python3.8/site-packages/airflow/example_dags/example_short_circuit_operator.py for tasks to queue
[2024-02-28T03:29:25.630+0000] {logging_mixin.py:188} INFO - [2024-02-28T03:29:25.630+0000] {dagbag.py:538} INFO - Filling up the DagBag from /home/airflow/.local/lib/python3.8/site-packages/airflow/example_dags/example_short_circuit_operator.py
[2024-02-28T03:29:25.644+0000] {processor.py:840} INFO - DAG(s) 'example_short_circuit_operator' retrieved from /home/airflow/.local/lib/python3.8/site-packages/airflow/example_dags/example_short_circuit_operator.py
[2024-02-28T03:29:25.684+0000] {logging_mixin.py:188} INFO - [2024-02-28T03:29:25.683+0000] {dag.py:3036} INFO - Sync 1 DAGs
[2024-02-28T03:29:25.729+0000] {logging_mixin.py:188} INFO - [2024-02-28T03:29:25.729+0000] {dag.py:3823} INFO - Setting next_dagrun for example_short_circuit_operator to 2024-02-27 00:00:00+00:00, run_after=2024-02-28 00:00:00+00:00
[2024-02-28T03:29:25.775+0000] {processor.py:183} INFO - Processing /home/airflow/.local/lib/python3.8/site-packages/airflow/example_dags/example_short_circuit_operator.py took 0.153 seconds
[2024-02-28T03:29:58.361+0000] {processor.py:161} INFO - Started process (PID=1834) to work on /home/airflow/.local/lib/python3.8/site-packages/airflow/example_dags/example_short_circuit_operator.py
[2024-02-28T03:29:58.362+0000] {processor.py:830} INFO - Processing file /home/airflow/.local/lib/python3.8/site-packages/airflow/example_dags/example_short_circuit_operator.py for tasks to queue
[2024-02-28T03:29:58.363+0000] {logging_mixin.py:188} INFO - [2024-02-28T03:29:58.363+0000] {dagbag.py:538} INFO - Filling up the DagBag from /home/airflow/.local/lib/python3.8/site-packages/airflow/example_dags/example_short_circuit_operator.py
[2024-02-28T03:29:58.377+0000] {processor.py:840} INFO - DAG(s) 'example_short_circuit_operator' retrieved from /home/airflow/.local/lib/python3.8/site-packages/airflow/example_dags/example_short_circuit_operator.py
[2024-02-28T03:29:58.404+0000] {logging_mixin.py:188} INFO - [2024-02-28T03:29:58.403+0000] {dag.py:3036} INFO - Sync 1 DAGs
[2024-02-28T03:29:58.429+0000] {logging_mixin.py:188} INFO - [2024-02-28T03:29:58.429+0000] {dag.py:3823} INFO - Setting next_dagrun for example_short_circuit_operator to 2024-02-27 00:00:00+00:00, run_after=2024-02-28 00:00:00+00:00
[2024-02-28T03:29:58.454+0000] {processor.py:183} INFO - Processing /home/airflow/.local/lib/python3.8/site-packages/airflow/example_dags/example_short_circuit_operator.py took 0.096 seconds
[2024-02-28T03:30:29.226+0000] {processor.py:161} INFO - Started process (PID=2140) to work on /home/airflow/.local/lib/python3.8/site-packages/airflow/example_dags/example_short_circuit_operator.py
[2024-02-28T03:30:29.228+0000] {processor.py:830} INFO - Processing file /home/airflow/.local/lib/python3.8/site-packages/airflow/example_dags/example_short_circuit_operator.py for tasks to queue
[2024-02-28T03:30:29.229+0000] {logging_mixin.py:188} INFO - [2024-02-28T03:30:29.228+0000] {dagbag.py:538} INFO - Filling up the DagBag from /home/airflow/.local/lib/python3.8/site-packages/airflow/example_dags/example_short_circuit_operator.py
[2024-02-28T03:30:29.237+0000] {processor.py:840} INFO - DAG(s) 'example_short_circuit_operator' retrieved from /home/airflow/.local/lib/python3.8/site-packages/airflow/example_dags/example_short_circuit_operator.py
[2024-02-28T03:30:29.269+0000] {logging_mixin.py:188} INFO - [2024-02-28T03:30:29.268+0000] {dag.py:3036} INFO - Sync 1 DAGs
[2024-02-28T03:30:29.293+0000] {logging_mixin.py:188} INFO - [2024-02-28T03:30:29.293+0000] {dag.py:3823} INFO - Setting next_dagrun for example_short_circuit_operator to 2024-02-27 00:00:00+00:00, run_after=2024-02-28 00:00:00+00:00
[2024-02-28T03:30:29.335+0000] {processor.py:183} INFO - Processing /home/airflow/.local/lib/python3.8/site-packages/airflow/example_dags/example_short_circuit_operator.py took 0.112 seconds
[2024-02-28T03:30:59.622+0000] {processor.py:161} INFO - Started process (PID=2445) to work on /home/airflow/.local/lib/python3.8/site-packages/airflow/example_dags/example_short_circuit_operator.py
[2024-02-28T03:30:59.623+0000] {processor.py:830} INFO - Processing file /home/airflow/.local/lib/python3.8/site-packages/airflow/example_dags/example_short_circuit_operator.py for tasks to queue
[2024-02-28T03:30:59.624+0000] {logging_mixin.py:188} INFO - [2024-02-28T03:30:59.624+0000] {dagbag.py:538} INFO - Filling up the DagBag from /home/airflow/.local/lib/python3.8/site-packages/airflow/example_dags/example_short_circuit_operator.py
[2024-02-28T03:30:59.639+0000] {processor.py:840} INFO - DAG(s) 'example_short_circuit_operator' retrieved from /home/airflow/.local/lib/python3.8/site-packages/airflow/example_dags/example_short_circuit_operator.py
[2024-02-28T03:30:59.671+0000] {logging_mixin.py:188} INFO - [2024-02-28T03:30:59.671+0000] {dag.py:3036} INFO - Sync 1 DAGs
[2024-02-28T03:30:59.704+0000] {logging_mixin.py:188} INFO - [2024-02-28T03:30:59.704+0000] {dag.py:3823} INFO - Setting next_dagrun for example_short_circuit_operator to 2024-02-27 00:00:00+00:00, run_after=2024-02-28 00:00:00+00:00
[2024-02-28T03:30:59.737+0000] {processor.py:183} INFO - Processing /home/airflow/.local/lib/python3.8/site-packages/airflow/example_dags/example_short_circuit_operator.py took 0.120 seconds
[2024-02-28T03:31:30.406+0000] {processor.py:161} INFO - Started process (PID=2752) to work on /home/airflow/.local/lib/python3.8/site-packages/airflow/example_dags/example_short_circuit_operator.py
[2024-02-28T03:31:30.407+0000] {processor.py:830} INFO - Processing file /home/airflow/.local/lib/python3.8/site-packages/airflow/example_dags/example_short_circuit_operator.py for tasks to queue
[2024-02-28T03:31:30.408+0000] {logging_mixin.py:188} INFO - [2024-02-28T03:31:30.408+0000] {dagbag.py:538} INFO - Filling up the DagBag from /home/airflow/.local/lib/python3.8/site-packages/airflow/example_dags/example_short_circuit_operator.py
[2024-02-28T03:31:30.418+0000] {processor.py:840} INFO - DAG(s) 'example_short_circuit_operator' retrieved from /home/airflow/.local/lib/python3.8/site-packages/airflow/example_dags/example_short_circuit_operator.py
[2024-02-28T03:31:30.443+0000] {logging_mixin.py:188} INFO - [2024-02-28T03:31:30.443+0000] {dag.py:3036} INFO - Sync 1 DAGs
[2024-02-28T03:31:30.465+0000] {logging_mixin.py:188} INFO - [2024-02-28T03:31:30.465+0000] {dag.py:3823} INFO - Setting next_dagrun for example_short_circuit_operator to 2024-02-27 00:00:00+00:00, run_after=2024-02-28 00:00:00+00:00
[2024-02-28T03:31:30.490+0000] {processor.py:183} INFO - Processing /home/airflow/.local/lib/python3.8/site-packages/airflow/example_dags/example_short_circuit_operator.py took 0.088 seconds
[2024-02-28T03:32:03.811+0000] {processor.py:161} INFO - Started process (PID=3057) to work on /home/airflow/.local/lib/python3.8/site-packages/airflow/example_dags/example_short_circuit_operator.py
[2024-02-28T03:32:03.812+0000] {processor.py:830} INFO - Processing file /home/airflow/.local/lib/python3.8/site-packages/airflow/example_dags/example_short_circuit_operator.py for tasks to queue
[2024-02-28T03:32:03.813+0000] {logging_mixin.py:188} INFO - [2024-02-28T03:32:03.813+0000] {dagbag.py:538} INFO - Filling up the DagBag from /home/airflow/.local/lib/python3.8/site-packages/airflow/example_dags/example_short_circuit_operator.py
[2024-02-28T03:32:03.820+0000] {processor.py:840} INFO - DAG(s) 'example_short_circuit_operator' retrieved from /home/airflow/.local/lib/python3.8/site-packages/airflow/example_dags/example_short_circuit_operator.py
[2024-02-28T03:32:03.876+0000] {logging_mixin.py:188} INFO - [2024-02-28T03:32:03.876+0000] {dag.py:3036} INFO - Sync 1 DAGs
[2024-02-28T03:32:03.899+0000] {logging_mixin.py:188} INFO - [2024-02-28T03:32:03.899+0000] {dag.py:3823} INFO - Setting next_dagrun for example_short_circuit_operator to 2024-02-27 00:00:00+00:00, run_after=2024-02-28 00:00:00+00:00
[2024-02-28T03:32:06.625+0000] {processor.py:183} INFO - Processing /home/airflow/.local/lib/python3.8/site-packages/airflow/example_dags/example_short_circuit_operator.py took 2.817 seconds
[2024-02-28T03:32:37.332+0000] {processor.py:161} INFO - Started process (PID=3369) to work on /home/airflow/.local/lib/python3.8/site-packages/airflow/example_dags/example_short_circuit_operator.py
[2024-02-28T03:32:37.334+0000] {processor.py:830} INFO - Processing file /home/airflow/.local/lib/python3.8/site-packages/airflow/example_dags/example_short_circuit_operator.py for tasks to queue
[2024-02-28T03:32:37.335+0000] {logging_mixin.py:188} INFO - [2024-02-28T03:32:37.335+0000] {dagbag.py:538} INFO - Filling up the DagBag from /home/airflow/.local/lib/python3.8/site-packages/airflow/example_dags/example_short_circuit_operator.py
[2024-02-28T03:32:37.346+0000] {processor.py:840} INFO - DAG(s) 'example_short_circuit_operator' retrieved from /home/airflow/.local/lib/python3.8/site-packages/airflow/example_dags/example_short_circuit_operator.py
[2024-02-28T03:32:37.371+0000] {logging_mixin.py:188} INFO - [2024-02-28T03:32:37.371+0000] {dag.py:3036} INFO - Sync 1 DAGs
[2024-02-28T03:32:37.395+0000] {logging_mixin.py:188} INFO - [2024-02-28T03:32:37.395+0000] {dag.py:3823} INFO - Setting next_dagrun for example_short_circuit_operator to 2024-02-27 00:00:00+00:00, run_after=2024-02-28 00:00:00+00:00
[2024-02-28T03:32:37.419+0000] {processor.py:183} INFO - Processing /home/airflow/.local/lib/python3.8/site-packages/airflow/example_dags/example_short_circuit_operator.py took 0.090 seconds
[2024-02-28T03:33:08.287+0000] {processor.py:161} INFO - Started process (PID=3679) to work on /home/airflow/.local/lib/python3.8/site-packages/airflow/example_dags/example_short_circuit_operator.py
[2024-02-28T03:33:08.288+0000] {processor.py:830} INFO - Processing file /home/airflow/.local/lib/python3.8/site-packages/airflow/example_dags/example_short_circuit_operator.py for tasks to queue
[2024-02-28T03:33:08.290+0000] {logging_mixin.py:188} INFO - [2024-02-28T03:33:08.289+0000] {dagbag.py:538} INFO - Filling up the DagBag from /home/airflow/.local/lib/python3.8/site-packages/airflow/example_dags/example_short_circuit_operator.py
[2024-02-28T03:33:08.298+0000] {processor.py:840} INFO - DAG(s) 'example_short_circuit_operator' retrieved from /home/airflow/.local/lib/python3.8/site-packages/airflow/example_dags/example_short_circuit_operator.py
[2024-02-28T03:33:08.321+0000] {logging_mixin.py:188} INFO - [2024-02-28T03:33:08.320+0000] {dag.py:3036} INFO - Sync 1 DAGs
[2024-02-28T03:33:08.346+0000] {logging_mixin.py:188} INFO - [2024-02-28T03:33:08.346+0000] {dag.py:3823} INFO - Setting next_dagrun for example_short_circuit_operator to 2024-02-27 00:00:00+00:00, run_after=2024-02-28 00:00:00+00:00
[2024-02-28T03:33:08.372+0000] {processor.py:183} INFO - Processing /home/airflow/.local/lib/python3.8/site-packages/airflow/example_dags/example_short_circuit_operator.py took 0.089 seconds
[2024-02-28T03:33:38.600+0000] {processor.py:161} INFO - Started process (PID=3990) to work on /home/airflow/.local/lib/python3.8/site-packages/airflow/example_dags/example_short_circuit_operator.py
[2024-02-28T03:33:38.601+0000] {processor.py:830} INFO - Processing file /home/airflow/.local/lib/python3.8/site-packages/airflow/example_dags/example_short_circuit_operator.py for tasks to queue
[2024-02-28T03:33:38.602+0000] {logging_mixin.py:188} INFO - [2024-02-28T03:33:38.602+0000] {dagbag.py:538} INFO - Filling up the DagBag from /home/airflow/.local/lib/python3.8/site-packages/airflow/example_dags/example_short_circuit_operator.py
[2024-02-28T03:33:38.610+0000] {processor.py:840} INFO - DAG(s) 'example_short_circuit_operator' retrieved from /home/airflow/.local/lib/python3.8/site-packages/airflow/example_dags/example_short_circuit_operator.py
[2024-02-28T03:33:38.632+0000] {logging_mixin.py:188} INFO - [2024-02-28T03:33:38.631+0000] {dag.py:3036} INFO - Sync 1 DAGs
[2024-02-28T03:33:38.660+0000] {logging_mixin.py:188} INFO - [2024-02-28T03:33:38.660+0000] {dag.py:3823} INFO - Setting next_dagrun for example_short_circuit_operator to 2024-02-27 00:00:00+00:00, run_after=2024-02-28 00:00:00+00:00
[2024-02-28T03:33:38.685+0000] {processor.py:183} INFO - Processing /home/airflow/.local/lib/python3.8/site-packages/airflow/example_dags/example_short_circuit_operator.py took 0.089 seconds
[2024-02-28T03:34:09.404+0000] {processor.py:161} INFO - Started process (PID=4301) to work on /home/airflow/.local/lib/python3.8/site-packages/airflow/example_dags/example_short_circuit_operator.py
[2024-02-28T03:34:09.405+0000] {processor.py:830} INFO - Processing file /home/airflow/.local/lib/python3.8/site-packages/airflow/example_dags/example_short_circuit_operator.py for tasks to queue
[2024-02-28T03:34:09.411+0000] {logging_mixin.py:188} INFO - [2024-02-28T03:34:09.406+0000] {dagbag.py:538} INFO - Filling up the DagBag from /home/airflow/.local/lib/python3.8/site-packages/airflow/example_dags/example_short_circuit_operator.py
[2024-02-28T03:34:09.421+0000] {processor.py:840} INFO - DAG(s) 'example_short_circuit_operator' retrieved from /home/airflow/.local/lib/python3.8/site-packages/airflow/example_dags/example_short_circuit_operator.py
[2024-02-28T03:34:09.445+0000] {logging_mixin.py:188} INFO - [2024-02-28T03:34:09.444+0000] {dag.py:3036} INFO - Sync 1 DAGs
[2024-02-28T03:34:09.465+0000] {logging_mixin.py:188} INFO - [2024-02-28T03:34:09.465+0000] {dag.py:3823} INFO - Setting next_dagrun for example_short_circuit_operator to 2024-02-27 00:00:00+00:00, run_after=2024-02-28 00:00:00+00:00
[2024-02-28T03:34:09.498+0000] {processor.py:183} INFO - Processing /home/airflow/.local/lib/python3.8/site-packages/airflow/example_dags/example_short_circuit_operator.py took 0.098 seconds
[2024-02-28T03:34:39.772+0000] {processor.py:161} INFO - Started process (PID=4612) to work on /home/airflow/.local/lib/python3.8/site-packages/airflow/example_dags/example_short_circuit_operator.py
[2024-02-28T03:34:39.773+0000] {processor.py:830} INFO - Processing file /home/airflow/.local/lib/python3.8/site-packages/airflow/example_dags/example_short_circuit_operator.py for tasks to queue
[2024-02-28T03:34:39.776+0000] {logging_mixin.py:188} INFO - [2024-02-28T03:34:39.775+0000] {dagbag.py:538} INFO - Filling up the DagBag from /home/airflow/.local/lib/python3.8/site-packages/airflow/example_dags/example_short_circuit_operator.py
[2024-02-28T03:34:39.788+0000] {processor.py:840} INFO - DAG(s) 'example_short_circuit_operator' retrieved from /home/airflow/.local/lib/python3.8/site-packages/airflow/example_dags/example_short_circuit_operator.py
[2024-02-28T03:34:39.878+0000] {logging_mixin.py:188} INFO - [2024-02-28T03:34:39.877+0000] {dag.py:3036} INFO - Sync 1 DAGs
[2024-02-28T03:34:39.960+0000] {logging_mixin.py:188} INFO - [2024-02-28T03:34:39.960+0000] {dag.py:3823} INFO - Setting next_dagrun for example_short_circuit_operator to 2024-02-27 00:00:00+00:00, run_after=2024-02-28 00:00:00+00:00
[2024-02-28T03:34:40.029+0000] {processor.py:183} INFO - Processing /home/airflow/.local/lib/python3.8/site-packages/airflow/example_dags/example_short_circuit_operator.py took 0.262 seconds
[2024-02-28T03:35:10.135+0000] {processor.py:161} INFO - Started process (PID=4923) to work on /home/airflow/.local/lib/python3.8/site-packages/airflow/example_dags/example_short_circuit_operator.py
[2024-02-28T03:35:10.137+0000] {processor.py:830} INFO - Processing file /home/airflow/.local/lib/python3.8/site-packages/airflow/example_dags/example_short_circuit_operator.py for tasks to queue
[2024-02-28T03:35:10.138+0000] {logging_mixin.py:188} INFO - [2024-02-28T03:35:10.138+0000] {dagbag.py:538} INFO - Filling up the DagBag from /home/airflow/.local/lib/python3.8/site-packages/airflow/example_dags/example_short_circuit_operator.py
[2024-02-28T03:35:10.155+0000] {processor.py:840} INFO - DAG(s) 'example_short_circuit_operator' retrieved from /home/airflow/.local/lib/python3.8/site-packages/airflow/example_dags/example_short_circuit_operator.py
[2024-02-28T03:35:10.184+0000] {logging_mixin.py:188} INFO - [2024-02-28T03:35:10.184+0000] {dag.py:3036} INFO - Sync 1 DAGs
[2024-02-28T03:35:10.220+0000] {logging_mixin.py:188} INFO - [2024-02-28T03:35:10.219+0000] {dag.py:3823} INFO - Setting next_dagrun for example_short_circuit_operator to 2024-02-27 00:00:00+00:00, run_after=2024-02-28 00:00:00+00:00
[2024-02-28T03:35:10.252+0000] {processor.py:183} INFO - Processing /home/airflow/.local/lib/python3.8/site-packages/airflow/example_dags/example_short_circuit_operator.py took 0.121 seconds
[2024-02-28T03:35:40.444+0000] {processor.py:161} INFO - Started process (PID=5234) to work on /home/airflow/.local/lib/python3.8/site-packages/airflow/example_dags/example_short_circuit_operator.py
[2024-02-28T03:35:40.446+0000] {processor.py:830} INFO - Processing file /home/airflow/.local/lib/python3.8/site-packages/airflow/example_dags/example_short_circuit_operator.py for tasks to queue
[2024-02-28T03:35:40.448+0000] {logging_mixin.py:188} INFO - [2024-02-28T03:35:40.447+0000] {dagbag.py:538} INFO - Filling up the DagBag from /home/airflow/.local/lib/python3.8/site-packages/airflow/example_dags/example_short_circuit_operator.py
[2024-02-28T03:35:40.462+0000] {processor.py:840} INFO - DAG(s) 'example_short_circuit_operator' retrieved from /home/airflow/.local/lib/python3.8/site-packages/airflow/example_dags/example_short_circuit_operator.py
[2024-02-28T03:35:40.493+0000] {logging_mixin.py:188} INFO - [2024-02-28T03:35:40.493+0000] {dag.py:3036} INFO - Sync 1 DAGs
[2024-02-28T03:35:40.549+0000] {logging_mixin.py:188} INFO - [2024-02-28T03:35:40.548+0000] {dag.py:3823} INFO - Setting next_dagrun for example_short_circuit_operator to 2024-02-27 00:00:00+00:00, run_after=2024-02-28 00:00:00+00:00
[2024-02-28T03:35:40.582+0000] {processor.py:183} INFO - Processing /home/airflow/.local/lib/python3.8/site-packages/airflow/example_dags/example_short_circuit_operator.py took 0.142 seconds
