[2024-02-28T03:27:09.513+0000] {processor.py:161} INFO - Started process (PID=417) to work on /home/airflow/.local/lib/python3.8/site-packages/airflow/example_dags/example_branch_python_dop_operator_3.py
[2024-02-28T03:27:09.518+0000] {processor.py:830} INFO - Processing file /home/airflow/.local/lib/python3.8/site-packages/airflow/example_dags/example_branch_python_dop_operator_3.py for tasks to queue
[2024-02-28T03:27:09.520+0000] {logging_mixin.py:188} INFO - [2024-02-28T03:27:09.520+0000] {dagbag.py:538} INFO - Filling up the DagBag from /home/airflow/.local/lib/python3.8/site-packages/airflow/example_dags/example_branch_python_dop_operator_3.py
[2024-02-28T03:27:09.544+0000] {processor.py:840} INFO - DAG(s) 'example_branch_dop_operator_v3' retrieved from /home/airflow/.local/lib/python3.8/site-packages/airflow/example_dags/example_branch_python_dop_operator_3.py
[2024-02-28T03:27:09.689+0000] {logging_mixin.py:188} INFO - [2024-02-28T03:27:09.689+0000] {dag.py:3036} INFO - Sync 1 DAGs
[2024-02-28T03:27:09.720+0000] {logging_mixin.py:188} INFO - [2024-02-28T03:27:09.720+0000] {dag.py:3823} INFO - Setting next_dagrun for example_branch_dop_operator_v3 to 2024-02-28 03:26:00+00:00, run_after=2024-02-28 03:27:00+00:00
[2024-02-28T03:27:09.824+0000] {processor.py:183} INFO - Processing /home/airflow/.local/lib/python3.8/site-packages/airflow/example_dags/example_branch_python_dop_operator_3.py took 0.322 seconds
[2024-02-28T03:27:40.570+0000] {processor.py:161} INFO - Started process (PID=739) to work on /home/airflow/.local/lib/python3.8/site-packages/airflow/example_dags/example_branch_python_dop_operator_3.py
[2024-02-28T03:27:40.614+0000] {processor.py:830} INFO - Processing file /home/airflow/.local/lib/python3.8/site-packages/airflow/example_dags/example_branch_python_dop_operator_3.py for tasks to queue
[2024-02-28T03:27:40.620+0000] {logging_mixin.py:188} INFO - [2024-02-28T03:27:40.619+0000] {dagbag.py:538} INFO - Filling up the DagBag from /home/airflow/.local/lib/python3.8/site-packages/airflow/example_dags/example_branch_python_dop_operator_3.py
[2024-02-28T03:27:40.655+0000] {processor.py:840} INFO - DAG(s) 'example_branch_dop_operator_v3' retrieved from /home/airflow/.local/lib/python3.8/site-packages/airflow/example_dags/example_branch_python_dop_operator_3.py
[2024-02-28T03:27:40.708+0000] {logging_mixin.py:188} INFO - [2024-02-28T03:27:40.707+0000] {dag.py:3036} INFO - Sync 1 DAGs
[2024-02-28T03:27:40.771+0000] {logging_mixin.py:188} INFO - [2024-02-28T03:27:40.770+0000] {dag.py:3823} INFO - Setting next_dagrun for example_branch_dop_operator_v3 to 2024-02-28 03:26:00+00:00, run_after=2024-02-28 03:27:00+00:00
[2024-02-28T03:27:40.827+0000] {processor.py:183} INFO - Processing /home/airflow/.local/lib/python3.8/site-packages/airflow/example_dags/example_branch_python_dop_operator_3.py took 0.262 seconds
[2024-02-28T03:28:20.441+0000] {processor.py:161} INFO - Started process (PID=1050) to work on /home/airflow/.local/lib/python3.8/site-packages/airflow/example_dags/example_branch_python_dop_operator_3.py
[2024-02-28T03:28:20.446+0000] {processor.py:830} INFO - Processing file /home/airflow/.local/lib/python3.8/site-packages/airflow/example_dags/example_branch_python_dop_operator_3.py for tasks to queue
[2024-02-28T03:28:20.448+0000] {logging_mixin.py:188} INFO - [2024-02-28T03:28:20.448+0000] {dagbag.py:538} INFO - Filling up the DagBag from /home/airflow/.local/lib/python3.8/site-packages/airflow/example_dags/example_branch_python_dop_operator_3.py
[2024-02-28T03:28:20.466+0000] {processor.py:840} INFO - DAG(s) 'example_branch_dop_operator_v3' retrieved from /home/airflow/.local/lib/python3.8/site-packages/airflow/example_dags/example_branch_python_dop_operator_3.py
[2024-02-28T03:28:20.494+0000] {logging_mixin.py:188} INFO - [2024-02-28T03:28:20.493+0000] {dag.py:3036} INFO - Sync 1 DAGs
[2024-02-28T03:28:20.526+0000] {logging_mixin.py:188} INFO - [2024-02-28T03:28:20.526+0000] {dag.py:3823} INFO - Setting next_dagrun for example_branch_dop_operator_v3 to 2024-02-28 03:27:00+00:00, run_after=2024-02-28 03:28:00+00:00
[2024-02-28T03:28:20.556+0000] {processor.py:183} INFO - Processing /home/airflow/.local/lib/python3.8/site-packages/airflow/example_dags/example_branch_python_dop_operator_3.py took 0.121 seconds
[2024-02-28T03:28:59.731+0000] {processor.py:161} INFO - Started process (PID=1372) to work on /home/airflow/.local/lib/python3.8/site-packages/airflow/example_dags/example_branch_python_dop_operator_3.py
[2024-02-28T03:28:59.733+0000] {processor.py:830} INFO - Processing file /home/airflow/.local/lib/python3.8/site-packages/airflow/example_dags/example_branch_python_dop_operator_3.py for tasks to queue
[2024-02-28T03:28:59.735+0000] {logging_mixin.py:188} INFO - [2024-02-28T03:28:59.734+0000] {dagbag.py:538} INFO - Filling up the DagBag from /home/airflow/.local/lib/python3.8/site-packages/airflow/example_dags/example_branch_python_dop_operator_3.py
[2024-02-28T03:28:59.756+0000] {processor.py:840} INFO - DAG(s) 'example_branch_dop_operator_v3' retrieved from /home/airflow/.local/lib/python3.8/site-packages/airflow/example_dags/example_branch_python_dop_operator_3.py
[2024-02-28T03:28:59.813+0000] {logging_mixin.py:188} INFO - [2024-02-28T03:28:59.813+0000] {dag.py:3036} INFO - Sync 1 DAGs
[2024-02-28T03:28:59.892+0000] {logging_mixin.py:188} INFO - [2024-02-28T03:28:59.892+0000] {dag.py:3823} INFO - Setting next_dagrun for example_branch_dop_operator_v3 to 2024-02-28 03:27:00+00:00, run_after=2024-02-28 03:28:00+00:00
[2024-02-28T03:28:59.972+0000] {processor.py:183} INFO - Processing /home/airflow/.local/lib/python3.8/site-packages/airflow/example_dags/example_branch_python_dop_operator_3.py took 0.247 seconds
[2024-02-28T03:29:31.056+0000] {processor.py:161} INFO - Started process (PID=1693) to work on /home/airflow/.local/lib/python3.8/site-packages/airflow/example_dags/example_branch_python_dop_operator_3.py
[2024-02-28T03:29:31.058+0000] {processor.py:830} INFO - Processing file /home/airflow/.local/lib/python3.8/site-packages/airflow/example_dags/example_branch_python_dop_operator_3.py for tasks to queue
[2024-02-28T03:29:31.060+0000] {logging_mixin.py:188} INFO - [2024-02-28T03:29:31.059+0000] {dagbag.py:538} INFO - Filling up the DagBag from /home/airflow/.local/lib/python3.8/site-packages/airflow/example_dags/example_branch_python_dop_operator_3.py
[2024-02-28T03:29:31.081+0000] {processor.py:840} INFO - DAG(s) 'example_branch_dop_operator_v3' retrieved from /home/airflow/.local/lib/python3.8/site-packages/airflow/example_dags/example_branch_python_dop_operator_3.py
[2024-02-28T03:29:31.125+0000] {logging_mixin.py:188} INFO - [2024-02-28T03:29:31.124+0000] {dag.py:3036} INFO - Sync 1 DAGs
[2024-02-28T03:29:31.206+0000] {logging_mixin.py:188} INFO - [2024-02-28T03:29:31.205+0000] {dag.py:3823} INFO - Setting next_dagrun for example_branch_dop_operator_v3 to 2024-02-28 03:28:00+00:00, run_after=2024-02-28 03:29:00+00:00
[2024-02-28T03:29:31.247+0000] {processor.py:183} INFO - Processing /home/airflow/.local/lib/python3.8/site-packages/airflow/example_dags/example_branch_python_dop_operator_3.py took 0.199 seconds
[2024-02-28T03:30:02.259+0000] {processor.py:161} INFO - Started process (PID=2005) to work on /home/airflow/.local/lib/python3.8/site-packages/airflow/example_dags/example_branch_python_dop_operator_3.py
[2024-02-28T03:30:02.260+0000] {processor.py:830} INFO - Processing file /home/airflow/.local/lib/python3.8/site-packages/airflow/example_dags/example_branch_python_dop_operator_3.py for tasks to queue
[2024-02-28T03:30:02.263+0000] {logging_mixin.py:188} INFO - [2024-02-28T03:30:02.262+0000] {dagbag.py:538} INFO - Filling up the DagBag from /home/airflow/.local/lib/python3.8/site-packages/airflow/example_dags/example_branch_python_dop_operator_3.py
[2024-02-28T03:30:02.276+0000] {processor.py:840} INFO - DAG(s) 'example_branch_dop_operator_v3' retrieved from /home/airflow/.local/lib/python3.8/site-packages/airflow/example_dags/example_branch_python_dop_operator_3.py
[2024-02-28T03:30:02.321+0000] {logging_mixin.py:188} INFO - [2024-02-28T03:30:02.321+0000] {dag.py:3036} INFO - Sync 1 DAGs
[2024-02-28T03:30:02.372+0000] {logging_mixin.py:188} INFO - [2024-02-28T03:30:02.371+0000] {dag.py:3823} INFO - Setting next_dagrun for example_branch_dop_operator_v3 to 2024-02-28 03:29:00+00:00, run_after=2024-02-28 03:30:00+00:00
[2024-02-28T03:30:02.401+0000] {processor.py:183} INFO - Processing /home/airflow/.local/lib/python3.8/site-packages/airflow/example_dags/example_branch_python_dop_operator_3.py took 0.147 seconds
[2024-02-28T03:30:34.621+0000] {processor.py:161} INFO - Started process (PID=2316) to work on /home/airflow/.local/lib/python3.8/site-packages/airflow/example_dags/example_branch_python_dop_operator_3.py
[2024-02-28T03:30:34.622+0000] {processor.py:830} INFO - Processing file /home/airflow/.local/lib/python3.8/site-packages/airflow/example_dags/example_branch_python_dop_operator_3.py for tasks to queue
[2024-02-28T03:30:34.623+0000] {logging_mixin.py:188} INFO - [2024-02-28T03:30:34.623+0000] {dagbag.py:538} INFO - Filling up the DagBag from /home/airflow/.local/lib/python3.8/site-packages/airflow/example_dags/example_branch_python_dop_operator_3.py
[2024-02-28T03:30:34.637+0000] {processor.py:840} INFO - DAG(s) 'example_branch_dop_operator_v3' retrieved from /home/airflow/.local/lib/python3.8/site-packages/airflow/example_dags/example_branch_python_dop_operator_3.py
[2024-02-28T03:30:34.677+0000] {logging_mixin.py:188} INFO - [2024-02-28T03:30:34.677+0000] {dag.py:3036} INFO - Sync 1 DAGs
[2024-02-28T03:30:34.708+0000] {logging_mixin.py:188} INFO - [2024-02-28T03:30:34.708+0000] {dag.py:3823} INFO - Setting next_dagrun for example_branch_dop_operator_v3 to 2024-02-28 03:29:00+00:00, run_after=2024-02-28 03:30:00+00:00
[2024-02-28T03:30:34.736+0000] {processor.py:183} INFO - Processing /home/airflow/.local/lib/python3.8/site-packages/airflow/example_dags/example_branch_python_dop_operator_3.py took 0.118 seconds
[2024-02-28T03:31:05.272+0000] {processor.py:161} INFO - Started process (PID=2621) to work on /home/airflow/.local/lib/python3.8/site-packages/airflow/example_dags/example_branch_python_dop_operator_3.py
[2024-02-28T03:31:05.273+0000] {processor.py:830} INFO - Processing file /home/airflow/.local/lib/python3.8/site-packages/airflow/example_dags/example_branch_python_dop_operator_3.py for tasks to queue
[2024-02-28T03:31:05.274+0000] {logging_mixin.py:188} INFO - [2024-02-28T03:31:05.274+0000] {dagbag.py:538} INFO - Filling up the DagBag from /home/airflow/.local/lib/python3.8/site-packages/airflow/example_dags/example_branch_python_dop_operator_3.py
[2024-02-28T03:31:05.282+0000] {processor.py:840} INFO - DAG(s) 'example_branch_dop_operator_v3' retrieved from /home/airflow/.local/lib/python3.8/site-packages/airflow/example_dags/example_branch_python_dop_operator_3.py
[2024-02-28T03:31:05.304+0000] {logging_mixin.py:188} INFO - [2024-02-28T03:31:05.304+0000] {dag.py:3036} INFO - Sync 1 DAGs
[2024-02-28T03:31:05.330+0000] {logging_mixin.py:188} INFO - [2024-02-28T03:31:05.330+0000] {dag.py:3823} INFO - Setting next_dagrun for example_branch_dop_operator_v3 to 2024-02-28 03:30:00+00:00, run_after=2024-02-28 03:31:00+00:00
[2024-02-28T03:31:05.352+0000] {processor.py:183} INFO - Processing /home/airflow/.local/lib/python3.8/site-packages/airflow/example_dags/example_branch_python_dop_operator_3.py took 0.083 seconds
[2024-02-28T03:31:37.926+0000] {processor.py:161} INFO - Started process (PID=2938) to work on /home/airflow/.local/lib/python3.8/site-packages/airflow/example_dags/example_branch_python_dop_operator_3.py
[2024-02-28T03:31:37.927+0000] {processor.py:830} INFO - Processing file /home/airflow/.local/lib/python3.8/site-packages/airflow/example_dags/example_branch_python_dop_operator_3.py for tasks to queue
[2024-02-28T03:31:37.929+0000] {logging_mixin.py:188} INFO - [2024-02-28T03:31:37.929+0000] {dagbag.py:538} INFO - Filling up the DagBag from /home/airflow/.local/lib/python3.8/site-packages/airflow/example_dags/example_branch_python_dop_operator_3.py
[2024-02-28T03:31:37.944+0000] {processor.py:840} INFO - DAG(s) 'example_branch_dop_operator_v3' retrieved from /home/airflow/.local/lib/python3.8/site-packages/airflow/example_dags/example_branch_python_dop_operator_3.py
[2024-02-28T03:31:37.980+0000] {logging_mixin.py:188} INFO - [2024-02-28T03:31:37.980+0000] {dag.py:3036} INFO - Sync 1 DAGs
[2024-02-28T03:31:38.021+0000] {logging_mixin.py:188} INFO - [2024-02-28T03:31:38.021+0000] {dag.py:3823} INFO - Setting next_dagrun for example_branch_dop_operator_v3 to 2024-02-28 03:30:00+00:00, run_after=2024-02-28 03:31:00+00:00
[2024-02-28T03:31:38.047+0000] {processor.py:183} INFO - Processing /home/airflow/.local/lib/python3.8/site-packages/airflow/example_dags/example_branch_python_dop_operator_3.py took 0.126 seconds
[2024-02-28T03:32:17.415+0000] {processor.py:161} INFO - Started process (PID=3266) to work on /home/airflow/.local/lib/python3.8/site-packages/airflow/example_dags/example_branch_python_dop_operator_3.py
[2024-02-28T03:32:17.416+0000] {processor.py:830} INFO - Processing file /home/airflow/.local/lib/python3.8/site-packages/airflow/example_dags/example_branch_python_dop_operator_3.py for tasks to queue
[2024-02-28T03:32:17.417+0000] {logging_mixin.py:188} INFO - [2024-02-28T03:32:17.417+0000] {dagbag.py:538} INFO - Filling up the DagBag from /home/airflow/.local/lib/python3.8/site-packages/airflow/example_dags/example_branch_python_dop_operator_3.py
[2024-02-28T03:32:17.426+0000] {processor.py:840} INFO - DAG(s) 'example_branch_dop_operator_v3' retrieved from /home/airflow/.local/lib/python3.8/site-packages/airflow/example_dags/example_branch_python_dop_operator_3.py
[2024-02-28T03:32:17.447+0000] {logging_mixin.py:188} INFO - [2024-02-28T03:32:17.446+0000] {dag.py:3036} INFO - Sync 1 DAGs
[2024-02-28T03:32:17.489+0000] {logging_mixin.py:188} INFO - [2024-02-28T03:32:17.483+0000] {dag.py:3823} INFO - Setting next_dagrun for example_branch_dop_operator_v3 to 2024-02-28 03:31:00+00:00, run_after=2024-02-28 03:32:00+00:00
[2024-02-28T03:32:17.518+0000] {processor.py:183} INFO - Processing /home/airflow/.local/lib/python3.8/site-packages/airflow/example_dags/example_branch_python_dop_operator_3.py took 0.105 seconds
[2024-02-28T03:32:49.373+0000] {processor.py:161} INFO - Started process (PID=3576) to work on /home/airflow/.local/lib/python3.8/site-packages/airflow/example_dags/example_branch_python_dop_operator_3.py
[2024-02-28T03:32:49.375+0000] {processor.py:830} INFO - Processing file /home/airflow/.local/lib/python3.8/site-packages/airflow/example_dags/example_branch_python_dop_operator_3.py for tasks to queue
[2024-02-28T03:32:49.375+0000] {logging_mixin.py:188} INFO - [2024-02-28T03:32:49.375+0000] {dagbag.py:538} INFO - Filling up the DagBag from /home/airflow/.local/lib/python3.8/site-packages/airflow/example_dags/example_branch_python_dop_operator_3.py
[2024-02-28T03:32:49.384+0000] {processor.py:840} INFO - DAG(s) 'example_branch_dop_operator_v3' retrieved from /home/airflow/.local/lib/python3.8/site-packages/airflow/example_dags/example_branch_python_dop_operator_3.py
[2024-02-28T03:32:49.407+0000] {logging_mixin.py:188} INFO - [2024-02-28T03:32:49.406+0000] {dag.py:3036} INFO - Sync 1 DAGs
[2024-02-28T03:32:49.434+0000] {logging_mixin.py:188} INFO - [2024-02-28T03:32:49.434+0000] {dag.py:3823} INFO - Setting next_dagrun for example_branch_dop_operator_v3 to 2024-02-28 03:31:00+00:00, run_after=2024-02-28 03:32:00+00:00
[2024-02-28T03:32:49.459+0000] {processor.py:183} INFO - Processing /home/airflow/.local/lib/python3.8/site-packages/airflow/example_dags/example_branch_python_dop_operator_3.py took 0.089 seconds
[2024-02-28T03:33:21.729+0000] {processor.py:161} INFO - Started process (PID=3897) to work on /home/airflow/.local/lib/python3.8/site-packages/airflow/example_dags/example_branch_python_dop_operator_3.py
[2024-02-28T03:33:21.731+0000] {processor.py:830} INFO - Processing file /home/airflow/.local/lib/python3.8/site-packages/airflow/example_dags/example_branch_python_dop_operator_3.py for tasks to queue
[2024-02-28T03:33:21.732+0000] {logging_mixin.py:188} INFO - [2024-02-28T03:33:21.731+0000] {dagbag.py:538} INFO - Filling up the DagBag from /home/airflow/.local/lib/python3.8/site-packages/airflow/example_dags/example_branch_python_dop_operator_3.py
[2024-02-28T03:33:21.741+0000] {processor.py:840} INFO - DAG(s) 'example_branch_dop_operator_v3' retrieved from /home/airflow/.local/lib/python3.8/site-packages/airflow/example_dags/example_branch_python_dop_operator_3.py
[2024-02-28T03:33:21.762+0000] {logging_mixin.py:188} INFO - [2024-02-28T03:33:21.761+0000] {dag.py:3036} INFO - Sync 1 DAGs
[2024-02-28T03:33:21.799+0000] {logging_mixin.py:188} INFO - [2024-02-28T03:33:21.799+0000] {dag.py:3823} INFO - Setting next_dagrun for example_branch_dop_operator_v3 to 2024-02-28 03:32:00+00:00, run_after=2024-02-28 03:33:00+00:00
[2024-02-28T03:33:21.869+0000] {processor.py:183} INFO - Processing /home/airflow/.local/lib/python3.8/site-packages/airflow/example_dags/example_branch_python_dop_operator_3.py took 0.143 seconds
[2024-02-28T03:33:51.954+0000] {processor.py:161} INFO - Started process (PID=4192) to work on /home/airflow/.local/lib/python3.8/site-packages/airflow/example_dags/example_branch_python_dop_operator_3.py
[2024-02-28T03:33:51.955+0000] {processor.py:830} INFO - Processing file /home/airflow/.local/lib/python3.8/site-packages/airflow/example_dags/example_branch_python_dop_operator_3.py for tasks to queue
[2024-02-28T03:33:51.956+0000] {logging_mixin.py:188} INFO - [2024-02-28T03:33:51.956+0000] {dagbag.py:538} INFO - Filling up the DagBag from /home/airflow/.local/lib/python3.8/site-packages/airflow/example_dags/example_branch_python_dop_operator_3.py
[2024-02-28T03:33:51.976+0000] {processor.py:840} INFO - DAG(s) 'example_branch_dop_operator_v3' retrieved from /home/airflow/.local/lib/python3.8/site-packages/airflow/example_dags/example_branch_python_dop_operator_3.py
[2024-02-28T03:33:52.010+0000] {logging_mixin.py:188} INFO - [2024-02-28T03:33:52.009+0000] {dag.py:3036} INFO - Sync 1 DAGs
[2024-02-28T03:33:52.051+0000] {logging_mixin.py:188} INFO - [2024-02-28T03:33:52.050+0000] {dag.py:3823} INFO - Setting next_dagrun for example_branch_dop_operator_v3 to 2024-02-28 03:32:00+00:00, run_after=2024-02-28 03:33:00+00:00
[2024-02-28T03:33:52.101+0000] {processor.py:183} INFO - Processing /home/airflow/.local/lib/python3.8/site-packages/airflow/example_dags/example_branch_python_dop_operator_3.py took 0.154 seconds
[2024-02-28T03:34:22.671+0000] {processor.py:161} INFO - Started process (PID=4497) to work on /home/airflow/.local/lib/python3.8/site-packages/airflow/example_dags/example_branch_python_dop_operator_3.py
[2024-02-28T03:34:22.674+0000] {processor.py:830} INFO - Processing file /home/airflow/.local/lib/python3.8/site-packages/airflow/example_dags/example_branch_python_dop_operator_3.py for tasks to queue
[2024-02-28T03:34:22.675+0000] {logging_mixin.py:188} INFO - [2024-02-28T03:34:22.675+0000] {dagbag.py:538} INFO - Filling up the DagBag from /home/airflow/.local/lib/python3.8/site-packages/airflow/example_dags/example_branch_python_dop_operator_3.py
[2024-02-28T03:34:22.719+0000] {processor.py:840} INFO - DAG(s) 'example_branch_dop_operator_v3' retrieved from /home/airflow/.local/lib/python3.8/site-packages/airflow/example_dags/example_branch_python_dop_operator_3.py
[2024-02-28T03:34:22.769+0000] {logging_mixin.py:188} INFO - [2024-02-28T03:34:22.768+0000] {dag.py:3036} INFO - Sync 1 DAGs
[2024-02-28T03:34:22.821+0000] {logging_mixin.py:188} INFO - [2024-02-28T03:34:22.809+0000] {dag.py:3823} INFO - Setting next_dagrun for example_branch_dop_operator_v3 to 2024-02-28 03:33:00+00:00, run_after=2024-02-28 03:34:00+00:00
[2024-02-28T03:34:22.896+0000] {processor.py:183} INFO - Processing /home/airflow/.local/lib/python3.8/site-packages/airflow/example_dags/example_branch_python_dop_operator_3.py took 0.230 seconds
[2024-02-28T03:34:53.736+0000] {processor.py:161} INFO - Started process (PID=4808) to work on /home/airflow/.local/lib/python3.8/site-packages/airflow/example_dags/example_branch_python_dop_operator_3.py
[2024-02-28T03:34:53.737+0000] {processor.py:830} INFO - Processing file /home/airflow/.local/lib/python3.8/site-packages/airflow/example_dags/example_branch_python_dop_operator_3.py for tasks to queue
[2024-02-28T03:34:53.738+0000] {logging_mixin.py:188} INFO - [2024-02-28T03:34:53.738+0000] {dagbag.py:538} INFO - Filling up the DagBag from /home/airflow/.local/lib/python3.8/site-packages/airflow/example_dags/example_branch_python_dop_operator_3.py
[2024-02-28T03:34:53.750+0000] {processor.py:840} INFO - DAG(s) 'example_branch_dop_operator_v3' retrieved from /home/airflow/.local/lib/python3.8/site-packages/airflow/example_dags/example_branch_python_dop_operator_3.py
[2024-02-28T03:34:53.772+0000] {logging_mixin.py:188} INFO - [2024-02-28T03:34:53.771+0000] {dag.py:3036} INFO - Sync 1 DAGs
[2024-02-28T03:34:53.799+0000] {logging_mixin.py:188} INFO - [2024-02-28T03:34:53.799+0000] {dag.py:3823} INFO - Setting next_dagrun for example_branch_dop_operator_v3 to 2024-02-28 03:33:00+00:00, run_after=2024-02-28 03:34:00+00:00
[2024-02-28T03:34:53.827+0000] {processor.py:183} INFO - Processing /home/airflow/.local/lib/python3.8/site-packages/airflow/example_dags/example_branch_python_dop_operator_3.py took 0.094 seconds
[2024-02-28T03:35:24.179+0000] {processor.py:161} INFO - Started process (PID=5119) to work on /home/airflow/.local/lib/python3.8/site-packages/airflow/example_dags/example_branch_python_dop_operator_3.py
[2024-02-28T03:35:24.180+0000] {processor.py:830} INFO - Processing file /home/airflow/.local/lib/python3.8/site-packages/airflow/example_dags/example_branch_python_dop_operator_3.py for tasks to queue
[2024-02-28T03:35:24.181+0000] {logging_mixin.py:188} INFO - [2024-02-28T03:35:24.181+0000] {dagbag.py:538} INFO - Filling up the DagBag from /home/airflow/.local/lib/python3.8/site-packages/airflow/example_dags/example_branch_python_dop_operator_3.py
[2024-02-28T03:35:24.190+0000] {processor.py:840} INFO - DAG(s) 'example_branch_dop_operator_v3' retrieved from /home/airflow/.local/lib/python3.8/site-packages/airflow/example_dags/example_branch_python_dop_operator_3.py
[2024-02-28T03:35:24.212+0000] {logging_mixin.py:188} INFO - [2024-02-28T03:35:24.212+0000] {dag.py:3036} INFO - Sync 1 DAGs
[2024-02-28T03:35:24.240+0000] {logging_mixin.py:188} INFO - [2024-02-28T03:35:24.240+0000] {dag.py:3823} INFO - Setting next_dagrun for example_branch_dop_operator_v3 to 2024-02-28 03:34:00+00:00, run_after=2024-02-28 03:35:00+00:00
[2024-02-28T03:35:24.266+0000] {processor.py:183} INFO - Processing /home/airflow/.local/lib/python3.8/site-packages/airflow/example_dags/example_branch_python_dop_operator_3.py took 0.091 seconds
[2024-02-28T03:35:54.379+0000] {processor.py:161} INFO - Started process (PID=5420) to work on /home/airflow/.local/lib/python3.8/site-packages/airflow/example_dags/example_branch_python_dop_operator_3.py
[2024-02-28T03:35:54.382+0000] {processor.py:830} INFO - Processing file /home/airflow/.local/lib/python3.8/site-packages/airflow/example_dags/example_branch_python_dop_operator_3.py for tasks to queue
[2024-02-28T03:35:54.384+0000] {logging_mixin.py:188} INFO - [2024-02-28T03:35:54.384+0000] {dagbag.py:538} INFO - Filling up the DagBag from /home/airflow/.local/lib/python3.8/site-packages/airflow/example_dags/example_branch_python_dop_operator_3.py
[2024-02-28T03:35:54.405+0000] {processor.py:840} INFO - DAG(s) 'example_branch_dop_operator_v3' retrieved from /home/airflow/.local/lib/python3.8/site-packages/airflow/example_dags/example_branch_python_dop_operator_3.py
[2024-02-28T03:35:54.468+0000] {logging_mixin.py:188} INFO - [2024-02-28T03:35:54.468+0000] {dag.py:3036} INFO - Sync 1 DAGs
[2024-02-28T03:35:54.515+0000] {logging_mixin.py:188} INFO - [2024-02-28T03:35:54.515+0000] {dag.py:3823} INFO - Setting next_dagrun for example_branch_dop_operator_v3 to 2024-02-28 03:34:00+00:00, run_after=2024-02-28 03:35:00+00:00
[2024-02-28T03:35:55.716+0000] {processor.py:183} INFO - Processing /home/airflow/.local/lib/python3.8/site-packages/airflow/example_dags/example_branch_python_dop_operator_3.py took 1.341 seconds
