[2024-02-28T03:27:00.307+0000] {processor.py:161} INFO - Started process (PID=280) to work on /home/airflow/.local/lib/python3.8/site-packages/airflow/example_dags/example_branch_operator_decorator.py
[2024-02-28T03:27:00.309+0000] {processor.py:830} INFO - Processing file /home/airflow/.local/lib/python3.8/site-packages/airflow/example_dags/example_branch_operator_decorator.py for tasks to queue
[2024-02-28T03:27:00.311+0000] {logging_mixin.py:188} INFO - [2024-02-28T03:27:00.310+0000] {dagbag.py:538} INFO - Filling up the DagBag from /home/airflow/.local/lib/python3.8/site-packages/airflow/example_dags/example_branch_operator_decorator.py
[2024-02-28T03:27:00.344+0000] {processor.py:840} INFO - DAG(s) 'example_branch_python_operator_decorator' retrieved from /home/airflow/.local/lib/python3.8/site-packages/airflow/example_dags/example_branch_operator_decorator.py
[2024-02-28T03:27:00.545+0000] {logging_mixin.py:188} INFO - [2024-02-28T03:27:00.545+0000] {dag.py:3036} INFO - Sync 1 DAGs
[2024-02-28T03:27:00.578+0000] {logging_mixin.py:188} INFO - [2024-02-28T03:27:00.578+0000] {dag.py:3823} INFO - Setting next_dagrun for example_branch_python_operator_decorator to 2024-02-27 00:00:00+00:00, run_after=2024-02-28 00:00:00+00:00
[2024-02-28T03:27:00.618+0000] {processor.py:183} INFO - Processing /home/airflow/.local/lib/python3.8/site-packages/airflow/example_dags/example_branch_operator_decorator.py took 0.316 seconds
[2024-02-28T03:27:34.852+0000] {processor.py:161} INFO - Started process (PID=599) to work on /home/airflow/.local/lib/python3.8/site-packages/airflow/example_dags/example_branch_operator_decorator.py
[2024-02-28T03:27:34.859+0000] {processor.py:830} INFO - Processing file /home/airflow/.local/lib/python3.8/site-packages/airflow/example_dags/example_branch_operator_decorator.py for tasks to queue
[2024-02-28T03:27:34.862+0000] {logging_mixin.py:188} INFO - [2024-02-28T03:27:34.862+0000] {dagbag.py:538} INFO - Filling up the DagBag from /home/airflow/.local/lib/python3.8/site-packages/airflow/example_dags/example_branch_operator_decorator.py
[2024-02-28T03:27:34.955+0000] {processor.py:840} INFO - DAG(s) 'example_branch_python_operator_decorator' retrieved from /home/airflow/.local/lib/python3.8/site-packages/airflow/example_dags/example_branch_operator_decorator.py
[2024-02-28T03:27:35.021+0000] {logging_mixin.py:188} INFO - [2024-02-28T03:27:35.021+0000] {dag.py:3036} INFO - Sync 1 DAGs
[2024-02-28T03:27:35.123+0000] {logging_mixin.py:188} INFO - [2024-02-28T03:27:35.123+0000] {dag.py:3823} INFO - Setting next_dagrun for example_branch_python_operator_decorator to 2024-02-27 00:00:00+00:00, run_after=2024-02-28 00:00:00+00:00
[2024-02-28T03:27:35.190+0000] {processor.py:183} INFO - Processing /home/airflow/.local/lib/python3.8/site-packages/airflow/example_dags/example_branch_operator_decorator.py took 0.343 seconds
[2024-02-28T03:28:16.551+0000] {processor.py:161} INFO - Started process (PID=917) to work on /home/airflow/.local/lib/python3.8/site-packages/airflow/example_dags/example_branch_operator_decorator.py
[2024-02-28T03:28:16.553+0000] {processor.py:830} INFO - Processing file /home/airflow/.local/lib/python3.8/site-packages/airflow/example_dags/example_branch_operator_decorator.py for tasks to queue
[2024-02-28T03:28:16.555+0000] {logging_mixin.py:188} INFO - [2024-02-28T03:28:16.554+0000] {dagbag.py:538} INFO - Filling up the DagBag from /home/airflow/.local/lib/python3.8/site-packages/airflow/example_dags/example_branch_operator_decorator.py
[2024-02-28T03:28:16.611+0000] {processor.py:840} INFO - DAG(s) 'example_branch_python_operator_decorator' retrieved from /home/airflow/.local/lib/python3.8/site-packages/airflow/example_dags/example_branch_operator_decorator.py
[2024-02-28T03:28:16.669+0000] {logging_mixin.py:188} INFO - [2024-02-28T03:28:16.668+0000] {dag.py:3036} INFO - Sync 1 DAGs
[2024-02-28T03:28:16.738+0000] {logging_mixin.py:188} INFO - [2024-02-28T03:28:16.737+0000] {dag.py:3823} INFO - Setting next_dagrun for example_branch_python_operator_decorator to 2024-02-27 00:00:00+00:00, run_after=2024-02-28 00:00:00+00:00
[2024-02-28T03:28:16.854+0000] {processor.py:183} INFO - Processing /home/airflow/.local/lib/python3.8/site-packages/airflow/example_dags/example_branch_operator_decorator.py took 0.308 seconds
[2024-02-28T03:28:54.584+0000] {processor.py:161} INFO - Started process (PID=1242) to work on /home/airflow/.local/lib/python3.8/site-packages/airflow/example_dags/example_branch_operator_decorator.py
[2024-02-28T03:28:54.587+0000] {processor.py:830} INFO - Processing file /home/airflow/.local/lib/python3.8/site-packages/airflow/example_dags/example_branch_operator_decorator.py for tasks to queue
[2024-02-28T03:28:54.589+0000] {logging_mixin.py:188} INFO - [2024-02-28T03:28:54.588+0000] {dagbag.py:538} INFO - Filling up the DagBag from /home/airflow/.local/lib/python3.8/site-packages/airflow/example_dags/example_branch_operator_decorator.py
[2024-02-28T03:28:54.620+0000] {processor.py:840} INFO - DAG(s) 'example_branch_python_operator_decorator' retrieved from /home/airflow/.local/lib/python3.8/site-packages/airflow/example_dags/example_branch_operator_decorator.py
[2024-02-28T03:28:54.670+0000] {logging_mixin.py:188} INFO - [2024-02-28T03:28:54.663+0000] {dag.py:3036} INFO - Sync 1 DAGs
[2024-02-28T03:28:54.723+0000] {logging_mixin.py:188} INFO - [2024-02-28T03:28:54.723+0000] {dag.py:3823} INFO - Setting next_dagrun for example_branch_python_operator_decorator to 2024-02-27 00:00:00+00:00, run_after=2024-02-28 00:00:00+00:00
[2024-02-28T03:28:54.794+0000] {processor.py:183} INFO - Processing /home/airflow/.local/lib/python3.8/site-packages/airflow/example_dags/example_branch_operator_decorator.py took 0.214 seconds
[2024-02-28T03:29:26.373+0000] {processor.py:161} INFO - Started process (PID=1545) to work on /home/airflow/.local/lib/python3.8/site-packages/airflow/example_dags/example_branch_operator_decorator.py
[2024-02-28T03:29:26.374+0000] {processor.py:830} INFO - Processing file /home/airflow/.local/lib/python3.8/site-packages/airflow/example_dags/example_branch_operator_decorator.py for tasks to queue
[2024-02-28T03:29:26.376+0000] {logging_mixin.py:188} INFO - [2024-02-28T03:29:26.376+0000] {dagbag.py:538} INFO - Filling up the DagBag from /home/airflow/.local/lib/python3.8/site-packages/airflow/example_dags/example_branch_operator_decorator.py
[2024-02-28T03:29:26.426+0000] {processor.py:840} INFO - DAG(s) 'example_branch_python_operator_decorator' retrieved from /home/airflow/.local/lib/python3.8/site-packages/airflow/example_dags/example_branch_operator_decorator.py
[2024-02-28T03:29:26.535+0000] {logging_mixin.py:188} INFO - [2024-02-28T03:29:26.535+0000] {dag.py:3036} INFO - Sync 1 DAGs
[2024-02-28T03:29:26.599+0000] {logging_mixin.py:188} INFO - [2024-02-28T03:29:26.599+0000] {dag.py:3823} INFO - Setting next_dagrun for example_branch_python_operator_decorator to 2024-02-27 00:00:00+00:00, run_after=2024-02-28 00:00:00+00:00
[2024-02-28T03:29:26.647+0000] {processor.py:183} INFO - Processing /home/airflow/.local/lib/python3.8/site-packages/airflow/example_dags/example_branch_operator_decorator.py took 0.280 seconds
[2024-02-28T03:29:58.789+0000] {processor.py:161} INFO - Started process (PID=1866) to work on /home/airflow/.local/lib/python3.8/site-packages/airflow/example_dags/example_branch_operator_decorator.py
[2024-02-28T03:29:58.790+0000] {processor.py:830} INFO - Processing file /home/airflow/.local/lib/python3.8/site-packages/airflow/example_dags/example_branch_operator_decorator.py for tasks to queue
[2024-02-28T03:29:58.791+0000] {logging_mixin.py:188} INFO - [2024-02-28T03:29:58.791+0000] {dagbag.py:538} INFO - Filling up the DagBag from /home/airflow/.local/lib/python3.8/site-packages/airflow/example_dags/example_branch_operator_decorator.py
[2024-02-28T03:29:58.813+0000] {processor.py:840} INFO - DAG(s) 'example_branch_python_operator_decorator' retrieved from /home/airflow/.local/lib/python3.8/site-packages/airflow/example_dags/example_branch_operator_decorator.py
[2024-02-28T03:29:58.839+0000] {logging_mixin.py:188} INFO - [2024-02-28T03:29:58.839+0000] {dag.py:3036} INFO - Sync 1 DAGs
[2024-02-28T03:29:58.861+0000] {logging_mixin.py:188} INFO - [2024-02-28T03:29:58.861+0000] {dag.py:3823} INFO - Setting next_dagrun for example_branch_python_operator_decorator to 2024-02-27 00:00:00+00:00, run_after=2024-02-28 00:00:00+00:00
[2024-02-28T03:29:58.884+0000] {processor.py:183} INFO - Processing /home/airflow/.local/lib/python3.8/site-packages/airflow/example_dags/example_branch_operator_decorator.py took 0.098 seconds
[2024-02-28T03:30:30.307+0000] {processor.py:161} INFO - Started process (PID=2172) to work on /home/airflow/.local/lib/python3.8/site-packages/airflow/example_dags/example_branch_operator_decorator.py
[2024-02-28T03:30:30.308+0000] {processor.py:830} INFO - Processing file /home/airflow/.local/lib/python3.8/site-packages/airflow/example_dags/example_branch_operator_decorator.py for tasks to queue
[2024-02-28T03:30:30.309+0000] {logging_mixin.py:188} INFO - [2024-02-28T03:30:30.309+0000] {dagbag.py:538} INFO - Filling up the DagBag from /home/airflow/.local/lib/python3.8/site-packages/airflow/example_dags/example_branch_operator_decorator.py
[2024-02-28T03:30:30.339+0000] {processor.py:840} INFO - DAG(s) 'example_branch_python_operator_decorator' retrieved from /home/airflow/.local/lib/python3.8/site-packages/airflow/example_dags/example_branch_operator_decorator.py
[2024-02-28T03:30:30.379+0000] {logging_mixin.py:188} INFO - [2024-02-28T03:30:30.379+0000] {dag.py:3036} INFO - Sync 1 DAGs
[2024-02-28T03:30:30.420+0000] {logging_mixin.py:188} INFO - [2024-02-28T03:30:30.419+0000] {dag.py:3823} INFO - Setting next_dagrun for example_branch_python_operator_decorator to 2024-02-27 00:00:00+00:00, run_after=2024-02-28 00:00:00+00:00
[2024-02-28T03:30:30.451+0000] {processor.py:183} INFO - Processing /home/airflow/.local/lib/python3.8/site-packages/airflow/example_dags/example_branch_operator_decorator.py took 0.148 seconds
[2024-02-28T03:31:01.404+0000] {processor.py:161} INFO - Started process (PID=2477) to work on /home/airflow/.local/lib/python3.8/site-packages/airflow/example_dags/example_branch_operator_decorator.py
[2024-02-28T03:31:01.405+0000] {processor.py:830} INFO - Processing file /home/airflow/.local/lib/python3.8/site-packages/airflow/example_dags/example_branch_operator_decorator.py for tasks to queue
[2024-02-28T03:31:01.406+0000] {logging_mixin.py:188} INFO - [2024-02-28T03:31:01.406+0000] {dagbag.py:538} INFO - Filling up the DagBag from /home/airflow/.local/lib/python3.8/site-packages/airflow/example_dags/example_branch_operator_decorator.py
[2024-02-28T03:31:01.444+0000] {processor.py:840} INFO - DAG(s) 'example_branch_python_operator_decorator' retrieved from /home/airflow/.local/lib/python3.8/site-packages/airflow/example_dags/example_branch_operator_decorator.py
[2024-02-28T03:31:01.471+0000] {logging_mixin.py:188} INFO - [2024-02-28T03:31:01.471+0000] {dag.py:3036} INFO - Sync 1 DAGs
[2024-02-28T03:31:01.494+0000] {logging_mixin.py:188} INFO - [2024-02-28T03:31:01.494+0000] {dag.py:3823} INFO - Setting next_dagrun for example_branch_python_operator_decorator to 2024-02-27 00:00:00+00:00, run_after=2024-02-28 00:00:00+00:00
[2024-02-28T03:31:01.520+0000] {processor.py:183} INFO - Processing /home/airflow/.local/lib/python3.8/site-packages/airflow/example_dags/example_branch_operator_decorator.py took 0.121 seconds
[2024-02-28T03:31:31.734+0000] {processor.py:161} INFO - Started process (PID=2788) to work on /home/airflow/.local/lib/python3.8/site-packages/airflow/example_dags/example_branch_operator_decorator.py
[2024-02-28T03:31:31.735+0000] {processor.py:830} INFO - Processing file /home/airflow/.local/lib/python3.8/site-packages/airflow/example_dags/example_branch_operator_decorator.py for tasks to queue
[2024-02-28T03:31:31.736+0000] {logging_mixin.py:188} INFO - [2024-02-28T03:31:31.735+0000] {dagbag.py:538} INFO - Filling up the DagBag from /home/airflow/.local/lib/python3.8/site-packages/airflow/example_dags/example_branch_operator_decorator.py
[2024-02-28T03:31:31.758+0000] {processor.py:840} INFO - DAG(s) 'example_branch_python_operator_decorator' retrieved from /home/airflow/.local/lib/python3.8/site-packages/airflow/example_dags/example_branch_operator_decorator.py
[2024-02-28T03:31:31.790+0000] {logging_mixin.py:188} INFO - [2024-02-28T03:31:31.790+0000] {dag.py:3036} INFO - Sync 1 DAGs
[2024-02-28T03:31:31.815+0000] {logging_mixin.py:188} INFO - [2024-02-28T03:31:31.815+0000] {dag.py:3823} INFO - Setting next_dagrun for example_branch_python_operator_decorator to 2024-02-27 00:00:00+00:00, run_after=2024-02-28 00:00:00+00:00
[2024-02-28T03:31:31.848+0000] {processor.py:183} INFO - Processing /home/airflow/.local/lib/python3.8/site-packages/airflow/example_dags/example_branch_operator_decorator.py took 0.118 seconds
[2024-02-28T03:32:11.349+0000] {processor.py:161} INFO - Started process (PID=3093) to work on /home/airflow/.local/lib/python3.8/site-packages/airflow/example_dags/example_branch_operator_decorator.py
[2024-02-28T03:32:11.351+0000] {processor.py:830} INFO - Processing file /home/airflow/.local/lib/python3.8/site-packages/airflow/example_dags/example_branch_operator_decorator.py for tasks to queue
[2024-02-28T03:32:11.353+0000] {logging_mixin.py:188} INFO - [2024-02-28T03:32:11.352+0000] {dagbag.py:538} INFO - Filling up the DagBag from /home/airflow/.local/lib/python3.8/site-packages/airflow/example_dags/example_branch_operator_decorator.py
[2024-02-28T03:32:11.388+0000] {processor.py:840} INFO - DAG(s) 'example_branch_python_operator_decorator' retrieved from /home/airflow/.local/lib/python3.8/site-packages/airflow/example_dags/example_branch_operator_decorator.py
[2024-02-28T03:32:11.437+0000] {logging_mixin.py:188} INFO - [2024-02-28T03:32:11.437+0000] {dag.py:3036} INFO - Sync 1 DAGs
[2024-02-28T03:32:11.470+0000] {logging_mixin.py:188} INFO - [2024-02-28T03:32:11.470+0000] {dag.py:3823} INFO - Setting next_dagrun for example_branch_python_operator_decorator to 2024-02-27 00:00:00+00:00, run_after=2024-02-28 00:00:00+00:00
[2024-02-28T03:32:11.526+0000] {processor.py:183} INFO - Processing /home/airflow/.local/lib/python3.8/site-packages/airflow/example_dags/example_branch_operator_decorator.py took 0.188 seconds
[2024-02-28T03:32:41.698+0000] {processor.py:161} INFO - Started process (PID=3404) to work on /home/airflow/.local/lib/python3.8/site-packages/airflow/example_dags/example_branch_operator_decorator.py
[2024-02-28T03:32:41.699+0000] {processor.py:830} INFO - Processing file /home/airflow/.local/lib/python3.8/site-packages/airflow/example_dags/example_branch_operator_decorator.py for tasks to queue
[2024-02-28T03:32:41.700+0000] {logging_mixin.py:188} INFO - [2024-02-28T03:32:41.700+0000] {dagbag.py:538} INFO - Filling up the DagBag from /home/airflow/.local/lib/python3.8/site-packages/airflow/example_dags/example_branch_operator_decorator.py
[2024-02-28T03:32:41.723+0000] {processor.py:840} INFO - DAG(s) 'example_branch_python_operator_decorator' retrieved from /home/airflow/.local/lib/python3.8/site-packages/airflow/example_dags/example_branch_operator_decorator.py
[2024-02-28T03:32:41.747+0000] {logging_mixin.py:188} INFO - [2024-02-28T03:32:41.747+0000] {dag.py:3036} INFO - Sync 1 DAGs
[2024-02-28T03:32:41.767+0000] {logging_mixin.py:188} INFO - [2024-02-28T03:32:41.767+0000] {dag.py:3823} INFO - Setting next_dagrun for example_branch_python_operator_decorator to 2024-02-27 00:00:00+00:00, run_after=2024-02-28 00:00:00+00:00
[2024-02-28T03:32:41.788+0000] {processor.py:183} INFO - Processing /home/airflow/.local/lib/python3.8/site-packages/airflow/example_dags/example_branch_operator_decorator.py took 0.093 seconds
[2024-02-28T03:33:12.663+0000] {processor.py:161} INFO - Started process (PID=3715) to work on /home/airflow/.local/lib/python3.8/site-packages/airflow/example_dags/example_branch_operator_decorator.py
[2024-02-28T03:33:12.664+0000] {processor.py:830} INFO - Processing file /home/airflow/.local/lib/python3.8/site-packages/airflow/example_dags/example_branch_operator_decorator.py for tasks to queue
[2024-02-28T03:33:12.665+0000] {logging_mixin.py:188} INFO - [2024-02-28T03:33:12.665+0000] {dagbag.py:538} INFO - Filling up the DagBag from /home/airflow/.local/lib/python3.8/site-packages/airflow/example_dags/example_branch_operator_decorator.py
[2024-02-28T03:33:12.683+0000] {processor.py:840} INFO - DAG(s) 'example_branch_python_operator_decorator' retrieved from /home/airflow/.local/lib/python3.8/site-packages/airflow/example_dags/example_branch_operator_decorator.py
[2024-02-28T03:33:12.707+0000] {logging_mixin.py:188} INFO - [2024-02-28T03:33:12.707+0000] {dag.py:3036} INFO - Sync 1 DAGs
[2024-02-28T03:33:12.727+0000] {logging_mixin.py:188} INFO - [2024-02-28T03:33:12.726+0000] {dag.py:3823} INFO - Setting next_dagrun for example_branch_python_operator_decorator to 2024-02-27 00:00:00+00:00, run_after=2024-02-28 00:00:00+00:00
[2024-02-28T03:33:12.749+0000] {processor.py:183} INFO - Processing /home/airflow/.local/lib/python3.8/site-packages/airflow/example_dags/example_branch_operator_decorator.py took 0.089 seconds
[2024-02-28T03:33:42.947+0000] {processor.py:161} INFO - Started process (PID=4026) to work on /home/airflow/.local/lib/python3.8/site-packages/airflow/example_dags/example_branch_operator_decorator.py
[2024-02-28T03:33:42.947+0000] {processor.py:830} INFO - Processing file /home/airflow/.local/lib/python3.8/site-packages/airflow/example_dags/example_branch_operator_decorator.py for tasks to queue
[2024-02-28T03:33:42.948+0000] {logging_mixin.py:188} INFO - [2024-02-28T03:33:42.948+0000] {dagbag.py:538} INFO - Filling up the DagBag from /home/airflow/.local/lib/python3.8/site-packages/airflow/example_dags/example_branch_operator_decorator.py
[2024-02-28T03:33:42.967+0000] {processor.py:840} INFO - DAG(s) 'example_branch_python_operator_decorator' retrieved from /home/airflow/.local/lib/python3.8/site-packages/airflow/example_dags/example_branch_operator_decorator.py
[2024-02-28T03:33:42.993+0000] {logging_mixin.py:188} INFO - [2024-02-28T03:33:42.992+0000] {dag.py:3036} INFO - Sync 1 DAGs
[2024-02-28T03:33:43.026+0000] {logging_mixin.py:188} INFO - [2024-02-28T03:33:43.023+0000] {dag.py:3823} INFO - Setting next_dagrun for example_branch_python_operator_decorator to 2024-02-27 00:00:00+00:00, run_after=2024-02-28 00:00:00+00:00
[2024-02-28T03:33:43.050+0000] {processor.py:183} INFO - Processing /home/airflow/.local/lib/python3.8/site-packages/airflow/example_dags/example_branch_operator_decorator.py took 0.106 seconds
[2024-02-28T03:34:13.795+0000] {processor.py:161} INFO - Started process (PID=4335) to work on /home/airflow/.local/lib/python3.8/site-packages/airflow/example_dags/example_branch_operator_decorator.py
[2024-02-28T03:34:13.796+0000] {processor.py:830} INFO - Processing file /home/airflow/.local/lib/python3.8/site-packages/airflow/example_dags/example_branch_operator_decorator.py for tasks to queue
[2024-02-28T03:34:13.797+0000] {logging_mixin.py:188} INFO - [2024-02-28T03:34:13.797+0000] {dagbag.py:538} INFO - Filling up the DagBag from /home/airflow/.local/lib/python3.8/site-packages/airflow/example_dags/example_branch_operator_decorator.py
[2024-02-28T03:34:13.822+0000] {processor.py:840} INFO - DAG(s) 'example_branch_python_operator_decorator' retrieved from /home/airflow/.local/lib/python3.8/site-packages/airflow/example_dags/example_branch_operator_decorator.py
[2024-02-28T03:34:13.851+0000] {logging_mixin.py:188} INFO - [2024-02-28T03:34:13.850+0000] {dag.py:3036} INFO - Sync 1 DAGs
[2024-02-28T03:34:13.878+0000] {logging_mixin.py:188} INFO - [2024-02-28T03:34:13.878+0000] {dag.py:3823} INFO - Setting next_dagrun for example_branch_python_operator_decorator to 2024-02-27 00:00:00+00:00, run_after=2024-02-28 00:00:00+00:00
[2024-02-28T03:34:13.907+0000] {processor.py:183} INFO - Processing /home/airflow/.local/lib/python3.8/site-packages/airflow/example_dags/example_branch_operator_decorator.py took 0.116 seconds
[2024-02-28T03:34:44.147+0000] {processor.py:161} INFO - Started process (PID=4648) to work on /home/airflow/.local/lib/python3.8/site-packages/airflow/example_dags/example_branch_operator_decorator.py
[2024-02-28T03:34:44.148+0000] {processor.py:830} INFO - Processing file /home/airflow/.local/lib/python3.8/site-packages/airflow/example_dags/example_branch_operator_decorator.py for tasks to queue
[2024-02-28T03:34:44.149+0000] {logging_mixin.py:188} INFO - [2024-02-28T03:34:44.148+0000] {dagbag.py:538} INFO - Filling up the DagBag from /home/airflow/.local/lib/python3.8/site-packages/airflow/example_dags/example_branch_operator_decorator.py
[2024-02-28T03:34:44.169+0000] {processor.py:840} INFO - DAG(s) 'example_branch_python_operator_decorator' retrieved from /home/airflow/.local/lib/python3.8/site-packages/airflow/example_dags/example_branch_operator_decorator.py
[2024-02-28T03:34:44.193+0000] {logging_mixin.py:188} INFO - [2024-02-28T03:34:44.193+0000] {dag.py:3036} INFO - Sync 1 DAGs
[2024-02-28T03:34:44.217+0000] {logging_mixin.py:188} INFO - [2024-02-28T03:34:44.217+0000] {dag.py:3823} INFO - Setting next_dagrun for example_branch_python_operator_decorator to 2024-02-27 00:00:00+00:00, run_after=2024-02-28 00:00:00+00:00
[2024-02-28T03:34:44.248+0000] {processor.py:183} INFO - Processing /home/airflow/.local/lib/python3.8/site-packages/airflow/example_dags/example_branch_operator_decorator.py took 0.104 seconds
[2024-02-28T03:35:14.531+0000] {processor.py:161} INFO - Started process (PID=4959) to work on /home/airflow/.local/lib/python3.8/site-packages/airflow/example_dags/example_branch_operator_decorator.py
[2024-02-28T03:35:14.532+0000] {processor.py:830} INFO - Processing file /home/airflow/.local/lib/python3.8/site-packages/airflow/example_dags/example_branch_operator_decorator.py for tasks to queue
[2024-02-28T03:35:14.533+0000] {logging_mixin.py:188} INFO - [2024-02-28T03:35:14.533+0000] {dagbag.py:538} INFO - Filling up the DagBag from /home/airflow/.local/lib/python3.8/site-packages/airflow/example_dags/example_branch_operator_decorator.py
[2024-02-28T03:35:14.554+0000] {processor.py:840} INFO - DAG(s) 'example_branch_python_operator_decorator' retrieved from /home/airflow/.local/lib/python3.8/site-packages/airflow/example_dags/example_branch_operator_decorator.py
[2024-02-28T03:35:14.580+0000] {logging_mixin.py:188} INFO - [2024-02-28T03:35:14.580+0000] {dag.py:3036} INFO - Sync 1 DAGs
[2024-02-28T03:35:14.602+0000] {logging_mixin.py:188} INFO - [2024-02-28T03:35:14.601+0000] {dag.py:3823} INFO - Setting next_dagrun for example_branch_python_operator_decorator to 2024-02-27 00:00:00+00:00, run_after=2024-02-28 00:00:00+00:00
[2024-02-28T03:35:14.629+0000] {processor.py:183} INFO - Processing /home/airflow/.local/lib/python3.8/site-packages/airflow/example_dags/example_branch_operator_decorator.py took 0.102 seconds
[2024-02-28T03:35:44.872+0000] {processor.py:161} INFO - Started process (PID=5271) to work on /home/airflow/.local/lib/python3.8/site-packages/airflow/example_dags/example_branch_operator_decorator.py
[2024-02-28T03:35:44.873+0000] {processor.py:830} INFO - Processing file /home/airflow/.local/lib/python3.8/site-packages/airflow/example_dags/example_branch_operator_decorator.py for tasks to queue
[2024-02-28T03:35:44.873+0000] {logging_mixin.py:188} INFO - [2024-02-28T03:35:44.873+0000] {dagbag.py:538} INFO - Filling up the DagBag from /home/airflow/.local/lib/python3.8/site-packages/airflow/example_dags/example_branch_operator_decorator.py
[2024-02-28T03:35:44.893+0000] {processor.py:840} INFO - DAG(s) 'example_branch_python_operator_decorator' retrieved from /home/airflow/.local/lib/python3.8/site-packages/airflow/example_dags/example_branch_operator_decorator.py
[2024-02-28T03:35:44.930+0000] {logging_mixin.py:188} INFO - [2024-02-28T03:35:44.930+0000] {dag.py:3036} INFO - Sync 1 DAGs
[2024-02-28T03:35:44.960+0000] {logging_mixin.py:188} INFO - [2024-02-28T03:35:44.960+0000] {dag.py:3823} INFO - Setting next_dagrun for example_branch_python_operator_decorator to 2024-02-27 00:00:00+00:00, run_after=2024-02-28 00:00:00+00:00
[2024-02-28T03:35:44.987+0000] {processor.py:183} INFO - Processing /home/airflow/.local/lib/python3.8/site-packages/airflow/example_dags/example_branch_operator_decorator.py took 0.118 seconds
