[2024-02-28T03:27:12.169+0000] {processor.py:161} INFO - Started process (PID=457) to work on /home/airflow/.local/lib/python3.8/site-packages/airflow/example_dags/example_external_task_marker_dag.py
[2024-02-28T03:27:12.194+0000] {processor.py:830} INFO - Processing file /home/airflow/.local/lib/python3.8/site-packages/airflow/example_dags/example_external_task_marker_dag.py for tasks to queue
[2024-02-28T03:27:12.198+0000] {logging_mixin.py:188} INFO - [2024-02-28T03:27:12.196+0000] {dagbag.py:538} INFO - Filling up the DagBag from /home/airflow/.local/lib/python3.8/site-packages/airflow/example_dags/example_external_task_marker_dag.py
[2024-02-28T03:27:12.222+0000] {processor.py:840} INFO - DAG(s) 'example_external_task_marker_parent', 'example_external_task_marker_child' retrieved from /home/airflow/.local/lib/python3.8/site-packages/airflow/example_dags/example_external_task_marker_dag.py
[2024-02-28T03:27:12.988+0000] {logging_mixin.py:188} INFO - [2024-02-28T03:27:12.987+0000] {dag.py:3036} INFO - Sync 2 DAGs
[2024-02-28T03:27:13.009+0000] {logging_mixin.py:188} INFO - [2024-02-28T03:27:13.009+0000] {dag.py:3823} INFO - Setting next_dagrun for example_external_task_marker_child to None, run_after=None
[2024-02-28T03:27:13.035+0000] {logging_mixin.py:188} INFO - [2024-02-28T03:27:13.031+0000] {dag.py:3823} INFO - Setting next_dagrun for example_external_task_marker_parent to None, run_after=None
[2024-02-28T03:27:13.115+0000] {processor.py:183} INFO - Processing /home/airflow/.local/lib/python3.8/site-packages/airflow/example_dags/example_external_task_marker_dag.py took 0.949 seconds
[2024-02-28T03:27:43.500+0000] {processor.py:161} INFO - Started process (PID=779) to work on /home/airflow/.local/lib/python3.8/site-packages/airflow/example_dags/example_external_task_marker_dag.py
[2024-02-28T03:27:43.507+0000] {processor.py:830} INFO - Processing file /home/airflow/.local/lib/python3.8/site-packages/airflow/example_dags/example_external_task_marker_dag.py for tasks to queue
[2024-02-28T03:27:43.509+0000] {logging_mixin.py:188} INFO - [2024-02-28T03:27:43.509+0000] {dagbag.py:538} INFO - Filling up the DagBag from /home/airflow/.local/lib/python3.8/site-packages/airflow/example_dags/example_external_task_marker_dag.py
[2024-02-28T03:27:43.534+0000] {processor.py:840} INFO - DAG(s) 'example_external_task_marker_child', 'example_external_task_marker_parent' retrieved from /home/airflow/.local/lib/python3.8/site-packages/airflow/example_dags/example_external_task_marker_dag.py
[2024-02-28T03:27:43.675+0000] {logging_mixin.py:188} INFO - [2024-02-28T03:27:43.674+0000] {dag.py:3036} INFO - Sync 2 DAGs
[2024-02-28T03:27:43.731+0000] {logging_mixin.py:188} INFO - [2024-02-28T03:27:43.730+0000] {dag.py:3823} INFO - Setting next_dagrun for example_external_task_marker_child to None, run_after=None
[2024-02-28T03:27:43.744+0000] {logging_mixin.py:188} INFO - [2024-02-28T03:27:43.744+0000] {dag.py:3823} INFO - Setting next_dagrun for example_external_task_marker_parent to None, run_after=None
[2024-02-28T03:27:43.795+0000] {processor.py:183} INFO - Processing /home/airflow/.local/lib/python3.8/site-packages/airflow/example_dags/example_external_task_marker_dag.py took 0.299 seconds
[2024-02-28T03:28:21.591+0000] {processor.py:161} INFO - Started process (PID=1090) to work on /home/airflow/.local/lib/python3.8/site-packages/airflow/example_dags/example_external_task_marker_dag.py
[2024-02-28T03:28:21.595+0000] {processor.py:830} INFO - Processing file /home/airflow/.local/lib/python3.8/site-packages/airflow/example_dags/example_external_task_marker_dag.py for tasks to queue
[2024-02-28T03:28:21.599+0000] {logging_mixin.py:188} INFO - [2024-02-28T03:28:21.598+0000] {dagbag.py:538} INFO - Filling up the DagBag from /home/airflow/.local/lib/python3.8/site-packages/airflow/example_dags/example_external_task_marker_dag.py
[2024-02-28T03:28:21.615+0000] {processor.py:840} INFO - DAG(s) 'example_external_task_marker_child', 'example_external_task_marker_parent' retrieved from /home/airflow/.local/lib/python3.8/site-packages/airflow/example_dags/example_external_task_marker_dag.py
[2024-02-28T03:28:21.660+0000] {logging_mixin.py:188} INFO - [2024-02-28T03:28:21.657+0000] {dag.py:3036} INFO - Sync 2 DAGs
[2024-02-28T03:28:21.697+0000] {logging_mixin.py:188} INFO - [2024-02-28T03:28:21.696+0000] {dag.py:3823} INFO - Setting next_dagrun for example_external_task_marker_child to None, run_after=None
[2024-02-28T03:28:21.706+0000] {logging_mixin.py:188} INFO - [2024-02-28T03:28:21.706+0000] {dag.py:3823} INFO - Setting next_dagrun for example_external_task_marker_parent to None, run_after=None
[2024-02-28T03:28:21.743+0000] {processor.py:183} INFO - Processing /home/airflow/.local/lib/python3.8/site-packages/airflow/example_dags/example_external_task_marker_dag.py took 0.156 seconds
[2024-02-28T03:29:01.755+0000] {processor.py:161} INFO - Started process (PID=1418) to work on /home/airflow/.local/lib/python3.8/site-packages/airflow/example_dags/example_external_task_marker_dag.py
[2024-02-28T03:29:01.760+0000] {processor.py:830} INFO - Processing file /home/airflow/.local/lib/python3.8/site-packages/airflow/example_dags/example_external_task_marker_dag.py for tasks to queue
[2024-02-28T03:29:01.763+0000] {logging_mixin.py:188} INFO - [2024-02-28T03:29:01.762+0000] {dagbag.py:538} INFO - Filling up the DagBag from /home/airflow/.local/lib/python3.8/site-packages/airflow/example_dags/example_external_task_marker_dag.py
[2024-02-28T03:29:01.780+0000] {processor.py:840} INFO - DAG(s) 'example_external_task_marker_parent', 'example_external_task_marker_child' retrieved from /home/airflow/.local/lib/python3.8/site-packages/airflow/example_dags/example_external_task_marker_dag.py
[2024-02-28T03:29:01.847+0000] {logging_mixin.py:188} INFO - [2024-02-28T03:29:01.847+0000] {dag.py:3036} INFO - Sync 2 DAGs
[2024-02-28T03:29:01.871+0000] {logging_mixin.py:188} INFO - [2024-02-28T03:29:01.870+0000] {dag.py:3823} INFO - Setting next_dagrun for example_external_task_marker_child to None, run_after=None
[2024-02-28T03:29:01.877+0000] {logging_mixin.py:188} INFO - [2024-02-28T03:29:01.876+0000] {dag.py:3823} INFO - Setting next_dagrun for example_external_task_marker_parent to None, run_after=None
[2024-02-28T03:29:01.909+0000] {processor.py:183} INFO - Processing /home/airflow/.local/lib/python3.8/site-packages/airflow/example_dags/example_external_task_marker_dag.py took 0.162 seconds
[2024-02-28T03:29:32.010+0000] {processor.py:161} INFO - Started process (PID=1734) to work on /home/airflow/.local/lib/python3.8/site-packages/airflow/example_dags/example_external_task_marker_dag.py
[2024-02-28T03:29:32.015+0000] {processor.py:830} INFO - Processing file /home/airflow/.local/lib/python3.8/site-packages/airflow/example_dags/example_external_task_marker_dag.py for tasks to queue
[2024-02-28T03:29:32.020+0000] {logging_mixin.py:188} INFO - [2024-02-28T03:29:32.020+0000] {dagbag.py:538} INFO - Filling up the DagBag from /home/airflow/.local/lib/python3.8/site-packages/airflow/example_dags/example_external_task_marker_dag.py
[2024-02-28T03:29:32.032+0000] {processor.py:840} INFO - DAG(s) 'example_external_task_marker_child', 'example_external_task_marker_parent' retrieved from /home/airflow/.local/lib/python3.8/site-packages/airflow/example_dags/example_external_task_marker_dag.py
[2024-02-28T03:29:32.073+0000] {logging_mixin.py:188} INFO - [2024-02-28T03:29:32.073+0000] {dag.py:3036} INFO - Sync 2 DAGs
[2024-02-28T03:29:32.092+0000] {logging_mixin.py:188} INFO - [2024-02-28T03:29:32.092+0000] {dag.py:3823} INFO - Setting next_dagrun for example_external_task_marker_child to None, run_after=None
[2024-02-28T03:29:32.098+0000] {logging_mixin.py:188} INFO - [2024-02-28T03:29:32.098+0000] {dag.py:3823} INFO - Setting next_dagrun for example_external_task_marker_parent to None, run_after=None
[2024-02-28T03:29:32.125+0000] {processor.py:183} INFO - Processing /home/airflow/.local/lib/python3.8/site-packages/airflow/example_dags/example_external_task_marker_dag.py took 0.121 seconds
[2024-02-28T03:30:02.749+0000] {processor.py:161} INFO - Started process (PID=2045) to work on /home/airflow/.local/lib/python3.8/site-packages/airflow/example_dags/example_external_task_marker_dag.py
[2024-02-28T03:30:02.750+0000] {processor.py:830} INFO - Processing file /home/airflow/.local/lib/python3.8/site-packages/airflow/example_dags/example_external_task_marker_dag.py for tasks to queue
[2024-02-28T03:30:02.751+0000] {logging_mixin.py:188} INFO - [2024-02-28T03:30:02.751+0000] {dagbag.py:538} INFO - Filling up the DagBag from /home/airflow/.local/lib/python3.8/site-packages/airflow/example_dags/example_external_task_marker_dag.py
[2024-02-28T03:30:02.757+0000] {processor.py:840} INFO - DAG(s) 'example_external_task_marker_parent', 'example_external_task_marker_child' retrieved from /home/airflow/.local/lib/python3.8/site-packages/airflow/example_dags/example_external_task_marker_dag.py
[2024-02-28T03:30:02.781+0000] {logging_mixin.py:188} INFO - [2024-02-28T03:30:02.781+0000] {dag.py:3036} INFO - Sync 2 DAGs
[2024-02-28T03:30:02.796+0000] {logging_mixin.py:188} INFO - [2024-02-28T03:30:02.796+0000] {dag.py:3823} INFO - Setting next_dagrun for example_external_task_marker_child to None, run_after=None
[2024-02-28T03:30:02.800+0000] {logging_mixin.py:188} INFO - [2024-02-28T03:30:02.800+0000] {dag.py:3823} INFO - Setting next_dagrun for example_external_task_marker_parent to None, run_after=None
[2024-02-28T03:30:02.821+0000] {processor.py:183} INFO - Processing /home/airflow/.local/lib/python3.8/site-packages/airflow/example_dags/example_external_task_marker_dag.py took 0.075 seconds
[2024-02-28T03:30:35.486+0000] {processor.py:161} INFO - Started process (PID=2362) to work on /home/airflow/.local/lib/python3.8/site-packages/airflow/example_dags/example_external_task_marker_dag.py
[2024-02-28T03:30:35.487+0000] {processor.py:830} INFO - Processing file /home/airflow/.local/lib/python3.8/site-packages/airflow/example_dags/example_external_task_marker_dag.py for tasks to queue
[2024-02-28T03:30:35.488+0000] {logging_mixin.py:188} INFO - [2024-02-28T03:30:35.487+0000] {dagbag.py:538} INFO - Filling up the DagBag from /home/airflow/.local/lib/python3.8/site-packages/airflow/example_dags/example_external_task_marker_dag.py
[2024-02-28T03:30:35.493+0000] {processor.py:840} INFO - DAG(s) 'example_external_task_marker_child', 'example_external_task_marker_parent' retrieved from /home/airflow/.local/lib/python3.8/site-packages/airflow/example_dags/example_external_task_marker_dag.py
[2024-02-28T03:30:35.516+0000] {logging_mixin.py:188} INFO - [2024-02-28T03:30:35.516+0000] {dag.py:3036} INFO - Sync 2 DAGs
[2024-02-28T03:30:35.528+0000] {logging_mixin.py:188} INFO - [2024-02-28T03:30:35.528+0000] {dag.py:3823} INFO - Setting next_dagrun for example_external_task_marker_child to None, run_after=None
[2024-02-28T03:30:35.532+0000] {logging_mixin.py:188} INFO - [2024-02-28T03:30:35.532+0000] {dag.py:3823} INFO - Setting next_dagrun for example_external_task_marker_parent to None, run_after=None
[2024-02-28T03:30:35.556+0000] {processor.py:183} INFO - Processing /home/airflow/.local/lib/python3.8/site-packages/airflow/example_dags/example_external_task_marker_dag.py took 0.073 seconds
[2024-02-28T03:31:06.812+0000] {processor.py:161} INFO - Started process (PID=2678) to work on /home/airflow/.local/lib/python3.8/site-packages/airflow/example_dags/example_external_task_marker_dag.py
[2024-02-28T03:31:06.813+0000] {processor.py:830} INFO - Processing file /home/airflow/.local/lib/python3.8/site-packages/airflow/example_dags/example_external_task_marker_dag.py for tasks to queue
[2024-02-28T03:31:06.814+0000] {logging_mixin.py:188} INFO - [2024-02-28T03:31:06.814+0000] {dagbag.py:538} INFO - Filling up the DagBag from /home/airflow/.local/lib/python3.8/site-packages/airflow/example_dags/example_external_task_marker_dag.py
[2024-02-28T03:31:06.821+0000] {processor.py:840} INFO - DAG(s) 'example_external_task_marker_parent', 'example_external_task_marker_child' retrieved from /home/airflow/.local/lib/python3.8/site-packages/airflow/example_dags/example_external_task_marker_dag.py
[2024-02-28T03:31:06.846+0000] {logging_mixin.py:188} INFO - [2024-02-28T03:31:06.845+0000] {dag.py:3036} INFO - Sync 2 DAGs
[2024-02-28T03:31:06.860+0000] {logging_mixin.py:188} INFO - [2024-02-28T03:31:06.860+0000] {dag.py:3823} INFO - Setting next_dagrun for example_external_task_marker_child to None, run_after=None
[2024-02-28T03:31:06.865+0000] {logging_mixin.py:188} INFO - [2024-02-28T03:31:06.864+0000] {dag.py:3823} INFO - Setting next_dagrun for example_external_task_marker_parent to None, run_after=None
[2024-02-28T03:31:06.886+0000] {processor.py:183} INFO - Processing /home/airflow/.local/lib/python3.8/site-packages/airflow/example_dags/example_external_task_marker_dag.py took 0.078 seconds
[2024-02-28T03:31:38.680+0000] {processor.py:161} INFO - Started process (PID=2985) to work on /home/airflow/.local/lib/python3.8/site-packages/airflow/example_dags/example_external_task_marker_dag.py
[2024-02-28T03:31:38.681+0000] {processor.py:830} INFO - Processing file /home/airflow/.local/lib/python3.8/site-packages/airflow/example_dags/example_external_task_marker_dag.py for tasks to queue
[2024-02-28T03:31:38.682+0000] {logging_mixin.py:188} INFO - [2024-02-28T03:31:38.682+0000] {dagbag.py:538} INFO - Filling up the DagBag from /home/airflow/.local/lib/python3.8/site-packages/airflow/example_dags/example_external_task_marker_dag.py
[2024-02-28T03:31:38.689+0000] {processor.py:840} INFO - DAG(s) 'example_external_task_marker_parent', 'example_external_task_marker_child' retrieved from /home/airflow/.local/lib/python3.8/site-packages/airflow/example_dags/example_external_task_marker_dag.py
[2024-02-28T03:31:38.716+0000] {logging_mixin.py:188} INFO - [2024-02-28T03:31:38.716+0000] {dag.py:3036} INFO - Sync 2 DAGs
[2024-02-28T03:31:38.727+0000] {logging_mixin.py:188} INFO - [2024-02-28T03:31:38.727+0000] {dag.py:3823} INFO - Setting next_dagrun for example_external_task_marker_child to None, run_after=None
[2024-02-28T03:31:38.731+0000] {logging_mixin.py:188} INFO - [2024-02-28T03:31:38.731+0000] {dag.py:3823} INFO - Setting next_dagrun for example_external_task_marker_parent to None, run_after=None
[2024-02-28T03:31:38.752+0000] {processor.py:183} INFO - Processing /home/airflow/.local/lib/python3.8/site-packages/airflow/example_dags/example_external_task_marker_dag.py took 0.077 seconds
[2024-02-28T03:32:17.890+0000] {processor.py:161} INFO - Started process (PID=3306) to work on /home/airflow/.local/lib/python3.8/site-packages/airflow/example_dags/example_external_task_marker_dag.py
[2024-02-28T03:32:17.892+0000] {processor.py:830} INFO - Processing file /home/airflow/.local/lib/python3.8/site-packages/airflow/example_dags/example_external_task_marker_dag.py for tasks to queue
[2024-02-28T03:32:17.893+0000] {logging_mixin.py:188} INFO - [2024-02-28T03:32:17.892+0000] {dagbag.py:538} INFO - Filling up the DagBag from /home/airflow/.local/lib/python3.8/site-packages/airflow/example_dags/example_external_task_marker_dag.py
[2024-02-28T03:32:17.898+0000] {processor.py:840} INFO - DAG(s) 'example_external_task_marker_child', 'example_external_task_marker_parent' retrieved from /home/airflow/.local/lib/python3.8/site-packages/airflow/example_dags/example_external_task_marker_dag.py
[2024-02-28T03:32:17.924+0000] {logging_mixin.py:188} INFO - [2024-02-28T03:32:17.924+0000] {dag.py:3036} INFO - Sync 2 DAGs
[2024-02-28T03:32:17.937+0000] {logging_mixin.py:188} INFO - [2024-02-28T03:32:17.936+0000] {dag.py:3823} INFO - Setting next_dagrun for example_external_task_marker_child to None, run_after=None
[2024-02-28T03:32:17.942+0000] {logging_mixin.py:188} INFO - [2024-02-28T03:32:17.942+0000] {dag.py:3823} INFO - Setting next_dagrun for example_external_task_marker_parent to None, run_after=None
[2024-02-28T03:32:17.971+0000] {processor.py:183} INFO - Processing /home/airflow/.local/lib/python3.8/site-packages/airflow/example_dags/example_external_task_marker_dag.py took 0.085 seconds
[2024-02-28T03:32:50.118+0000] {processor.py:161} INFO - Started process (PID=3626) to work on /home/airflow/.local/lib/python3.8/site-packages/airflow/example_dags/example_external_task_marker_dag.py
[2024-02-28T03:32:50.120+0000] {processor.py:830} INFO - Processing file /home/airflow/.local/lib/python3.8/site-packages/airflow/example_dags/example_external_task_marker_dag.py for tasks to queue
[2024-02-28T03:32:50.121+0000] {logging_mixin.py:188} INFO - [2024-02-28T03:32:50.121+0000] {dagbag.py:538} INFO - Filling up the DagBag from /home/airflow/.local/lib/python3.8/site-packages/airflow/example_dags/example_external_task_marker_dag.py
[2024-02-28T03:32:50.128+0000] {processor.py:840} INFO - DAG(s) 'example_external_task_marker_child', 'example_external_task_marker_parent' retrieved from /home/airflow/.local/lib/python3.8/site-packages/airflow/example_dags/example_external_task_marker_dag.py
[2024-02-28T03:32:50.151+0000] {logging_mixin.py:188} INFO - [2024-02-28T03:32:50.151+0000] {dag.py:3036} INFO - Sync 2 DAGs
[2024-02-28T03:32:50.165+0000] {logging_mixin.py:188} INFO - [2024-02-28T03:32:50.165+0000] {dag.py:3823} INFO - Setting next_dagrun for example_external_task_marker_child to None, run_after=None
[2024-02-28T03:32:50.168+0000] {logging_mixin.py:188} INFO - [2024-02-28T03:32:50.168+0000] {dag.py:3823} INFO - Setting next_dagrun for example_external_task_marker_parent to None, run_after=None
[2024-02-28T03:32:50.190+0000] {processor.py:183} INFO - Processing /home/airflow/.local/lib/python3.8/site-packages/airflow/example_dags/example_external_task_marker_dag.py took 0.076 seconds
[2024-02-28T03:33:22.730+0000] {processor.py:161} INFO - Started process (PID=3937) to work on /home/airflow/.local/lib/python3.8/site-packages/airflow/example_dags/example_external_task_marker_dag.py
[2024-02-28T03:33:22.731+0000] {processor.py:830} INFO - Processing file /home/airflow/.local/lib/python3.8/site-packages/airflow/example_dags/example_external_task_marker_dag.py for tasks to queue
[2024-02-28T03:33:22.733+0000] {logging_mixin.py:188} INFO - [2024-02-28T03:33:22.732+0000] {dagbag.py:538} INFO - Filling up the DagBag from /home/airflow/.local/lib/python3.8/site-packages/airflow/example_dags/example_external_task_marker_dag.py
[2024-02-28T03:33:22.740+0000] {processor.py:840} INFO - DAG(s) 'example_external_task_marker_child', 'example_external_task_marker_parent' retrieved from /home/airflow/.local/lib/python3.8/site-packages/airflow/example_dags/example_external_task_marker_dag.py
[2024-02-28T03:33:22.778+0000] {logging_mixin.py:188} INFO - [2024-02-28T03:33:22.777+0000] {dag.py:3036} INFO - Sync 2 DAGs
[2024-02-28T03:33:22.798+0000] {logging_mixin.py:188} INFO - [2024-02-28T03:33:22.798+0000] {dag.py:3823} INFO - Setting next_dagrun for example_external_task_marker_child to None, run_after=None
[2024-02-28T03:33:22.807+0000] {logging_mixin.py:188} INFO - [2024-02-28T03:33:22.807+0000] {dag.py:3823} INFO - Setting next_dagrun for example_external_task_marker_parent to None, run_after=None
[2024-02-28T03:33:22.831+0000] {processor.py:183} INFO - Processing /home/airflow/.local/lib/python3.8/site-packages/airflow/example_dags/example_external_task_marker_dag.py took 0.105 seconds
[2024-02-28T03:33:54.575+0000] {processor.py:161} INFO - Started process (PID=4248) to work on /home/airflow/.local/lib/python3.8/site-packages/airflow/example_dags/example_external_task_marker_dag.py
[2024-02-28T03:33:54.577+0000] {processor.py:830} INFO - Processing file /home/airflow/.local/lib/python3.8/site-packages/airflow/example_dags/example_external_task_marker_dag.py for tasks to queue
[2024-02-28T03:33:54.578+0000] {logging_mixin.py:188} INFO - [2024-02-28T03:33:54.578+0000] {dagbag.py:538} INFO - Filling up the DagBag from /home/airflow/.local/lib/python3.8/site-packages/airflow/example_dags/example_external_task_marker_dag.py
[2024-02-28T03:33:54.584+0000] {processor.py:840} INFO - DAG(s) 'example_external_task_marker_parent', 'example_external_task_marker_child' retrieved from /home/airflow/.local/lib/python3.8/site-packages/airflow/example_dags/example_external_task_marker_dag.py
[2024-02-28T03:33:54.610+0000] {logging_mixin.py:188} INFO - [2024-02-28T03:33:54.610+0000] {dag.py:3036} INFO - Sync 2 DAGs
[2024-02-28T03:33:54.625+0000] {logging_mixin.py:188} INFO - [2024-02-28T03:33:54.625+0000] {dag.py:3823} INFO - Setting next_dagrun for example_external_task_marker_child to None, run_after=None
[2024-02-28T03:33:54.629+0000] {logging_mixin.py:188} INFO - [2024-02-28T03:33:54.629+0000] {dag.py:3823} INFO - Setting next_dagrun for example_external_task_marker_parent to None, run_after=None
[2024-02-28T03:33:54.657+0000] {processor.py:183} INFO - Processing /home/airflow/.local/lib/python3.8/site-packages/airflow/example_dags/example_external_task_marker_dag.py took 0.086 seconds
[2024-02-28T03:34:28.448+0000] {processor.py:161} INFO - Started process (PID=4559) to work on /home/airflow/.local/lib/python3.8/site-packages/airflow/example_dags/example_external_task_marker_dag.py
[2024-02-28T03:34:28.450+0000] {processor.py:830} INFO - Processing file /home/airflow/.local/lib/python3.8/site-packages/airflow/example_dags/example_external_task_marker_dag.py for tasks to queue
[2024-02-28T03:34:28.451+0000] {logging_mixin.py:188} INFO - [2024-02-28T03:34:28.451+0000] {dagbag.py:538} INFO - Filling up the DagBag from /home/airflow/.local/lib/python3.8/site-packages/airflow/example_dags/example_external_task_marker_dag.py
[2024-02-28T03:34:28.459+0000] {processor.py:840} INFO - DAG(s) 'example_external_task_marker_child', 'example_external_task_marker_parent' retrieved from /home/airflow/.local/lib/python3.8/site-packages/airflow/example_dags/example_external_task_marker_dag.py
[2024-02-28T03:34:28.492+0000] {logging_mixin.py:188} INFO - [2024-02-28T03:34:28.491+0000] {dag.py:3036} INFO - Sync 2 DAGs
[2024-02-28T03:34:28.508+0000] {logging_mixin.py:188} INFO - [2024-02-28T03:34:28.507+0000] {dag.py:3823} INFO - Setting next_dagrun for example_external_task_marker_child to None, run_after=None
[2024-02-28T03:34:28.514+0000] {logging_mixin.py:188} INFO - [2024-02-28T03:34:28.513+0000] {dag.py:3823} INFO - Setting next_dagrun for example_external_task_marker_parent to None, run_after=None
[2024-02-28T03:34:28.545+0000] {processor.py:183} INFO - Processing /home/airflow/.local/lib/python3.8/site-packages/airflow/example_dags/example_external_task_marker_dag.py took 0.100 seconds
[2024-02-28T03:35:01.299+0000] {processor.py:161} INFO - Started process (PID=4880) to work on /home/airflow/.local/lib/python3.8/site-packages/airflow/example_dags/example_external_task_marker_dag.py
[2024-02-28T03:35:01.300+0000] {processor.py:830} INFO - Processing file /home/airflow/.local/lib/python3.8/site-packages/airflow/example_dags/example_external_task_marker_dag.py for tasks to queue
[2024-02-28T03:35:01.301+0000] {logging_mixin.py:188} INFO - [2024-02-28T03:35:01.301+0000] {dagbag.py:538} INFO - Filling up the DagBag from /home/airflow/.local/lib/python3.8/site-packages/airflow/example_dags/example_external_task_marker_dag.py
[2024-02-28T03:35:01.309+0000] {processor.py:840} INFO - DAG(s) 'example_external_task_marker_parent', 'example_external_task_marker_child' retrieved from /home/airflow/.local/lib/python3.8/site-packages/airflow/example_dags/example_external_task_marker_dag.py
[2024-02-28T03:35:01.341+0000] {logging_mixin.py:188} INFO - [2024-02-28T03:35:01.338+0000] {dag.py:3036} INFO - Sync 2 DAGs
[2024-02-28T03:35:01.361+0000] {logging_mixin.py:188} INFO - [2024-02-28T03:35:01.359+0000] {dag.py:3823} INFO - Setting next_dagrun for example_external_task_marker_child to None, run_after=None
[2024-02-28T03:35:01.374+0000] {logging_mixin.py:188} INFO - [2024-02-28T03:35:01.373+0000] {dag.py:3823} INFO - Setting next_dagrun for example_external_task_marker_parent to None, run_after=None
[2024-02-28T03:35:01.409+0000] {processor.py:183} INFO - Processing /home/airflow/.local/lib/python3.8/site-packages/airflow/example_dags/example_external_task_marker_dag.py took 0.114 seconds
[2024-02-28T03:35:31.602+0000] {processor.py:161} INFO - Started process (PID=5176) to work on /home/airflow/.local/lib/python3.8/site-packages/airflow/example_dags/example_external_task_marker_dag.py
[2024-02-28T03:35:31.603+0000] {processor.py:830} INFO - Processing file /home/airflow/.local/lib/python3.8/site-packages/airflow/example_dags/example_external_task_marker_dag.py for tasks to queue
[2024-02-28T03:35:31.604+0000] {logging_mixin.py:188} INFO - [2024-02-28T03:35:31.604+0000] {dagbag.py:538} INFO - Filling up the DagBag from /home/airflow/.local/lib/python3.8/site-packages/airflow/example_dags/example_external_task_marker_dag.py
[2024-02-28T03:35:31.610+0000] {processor.py:840} INFO - DAG(s) 'example_external_task_marker_parent', 'example_external_task_marker_child' retrieved from /home/airflow/.local/lib/python3.8/site-packages/airflow/example_dags/example_external_task_marker_dag.py
[2024-02-28T03:35:31.638+0000] {logging_mixin.py:188} INFO - [2024-02-28T03:35:31.638+0000] {dag.py:3036} INFO - Sync 2 DAGs
[2024-02-28T03:35:31.651+0000] {logging_mixin.py:188} INFO - [2024-02-28T03:35:31.650+0000] {dag.py:3823} INFO - Setting next_dagrun for example_external_task_marker_child to None, run_after=None
[2024-02-28T03:35:31.655+0000] {logging_mixin.py:188} INFO - [2024-02-28T03:35:31.655+0000] {dag.py:3823} INFO - Setting next_dagrun for example_external_task_marker_parent to None, run_after=None
[2024-02-28T03:35:31.674+0000] {processor.py:183} INFO - Processing /home/airflow/.local/lib/python3.8/site-packages/airflow/example_dags/example_external_task_marker_dag.py took 0.075 seconds
