[2024-02-28T03:27:00.798+0000] {processor.py:161} INFO - Started process (PID=295) to work on /home/airflow/.local/lib/python3.8/site-packages/airflow/example_dags/example_task_group.py
[2024-02-28T03:27:00.800+0000] {processor.py:830} INFO - Processing file /home/airflow/.local/lib/python3.8/site-packages/airflow/example_dags/example_task_group.py for tasks to queue
[2024-02-28T03:27:00.801+0000] {logging_mixin.py:188} INFO - [2024-02-28T03:27:00.800+0000] {dagbag.py:538} INFO - Filling up the DagBag from /home/airflow/.local/lib/python3.8/site-packages/airflow/example_dags/example_task_group.py
[2024-02-28T03:27:00.815+0000] {processor.py:840} INFO - DAG(s) 'example_task_group' retrieved from /home/airflow/.local/lib/python3.8/site-packages/airflow/example_dags/example_task_group.py
[2024-02-28T03:27:00.968+0000] {logging_mixin.py:188} INFO - [2024-02-28T03:27:00.968+0000] {dag.py:3036} INFO - Sync 1 DAGs
[2024-02-28T03:27:01.000+0000] {logging_mixin.py:188} INFO - [2024-02-28T03:27:01.000+0000] {dag.py:3823} INFO - Setting next_dagrun for example_task_group to 2024-02-27 00:00:00+00:00, run_after=2024-02-28 00:00:00+00:00
[2024-02-28T03:27:01.030+0000] {processor.py:183} INFO - Processing /home/airflow/.local/lib/python3.8/site-packages/airflow/example_dags/example_task_group.py took 0.235 seconds
[2024-02-28T03:27:35.977+0000] {processor.py:161} INFO - Started process (PID=616) to work on /home/airflow/.local/lib/python3.8/site-packages/airflow/example_dags/example_task_group.py
[2024-02-28T03:27:35.979+0000] {processor.py:830} INFO - Processing file /home/airflow/.local/lib/python3.8/site-packages/airflow/example_dags/example_task_group.py for tasks to queue
[2024-02-28T03:27:35.982+0000] {logging_mixin.py:188} INFO - [2024-02-28T03:27:35.981+0000] {dagbag.py:538} INFO - Filling up the DagBag from /home/airflow/.local/lib/python3.8/site-packages/airflow/example_dags/example_task_group.py
[2024-02-28T03:27:35.997+0000] {processor.py:840} INFO - DAG(s) 'example_task_group' retrieved from /home/airflow/.local/lib/python3.8/site-packages/airflow/example_dags/example_task_group.py
[2024-02-28T03:27:36.033+0000] {logging_mixin.py:188} INFO - [2024-02-28T03:27:36.032+0000] {dag.py:3036} INFO - Sync 1 DAGs
[2024-02-28T03:27:36.068+0000] {logging_mixin.py:188} INFO - [2024-02-28T03:27:36.068+0000] {dag.py:3823} INFO - Setting next_dagrun for example_task_group to 2024-02-27 00:00:00+00:00, run_after=2024-02-28 00:00:00+00:00
[2024-02-28T03:27:36.103+0000] {processor.py:183} INFO - Processing /home/airflow/.local/lib/python3.8/site-packages/airflow/example_dags/example_task_group.py took 0.130 seconds
[2024-02-28T03:28:17.870+0000] {processor.py:161} INFO - Started process (PID=935) to work on /home/airflow/.local/lib/python3.8/site-packages/airflow/example_dags/example_task_group.py
[2024-02-28T03:28:17.872+0000] {processor.py:830} INFO - Processing file /home/airflow/.local/lib/python3.8/site-packages/airflow/example_dags/example_task_group.py for tasks to queue
[2024-02-28T03:28:17.873+0000] {logging_mixin.py:188} INFO - [2024-02-28T03:28:17.873+0000] {dagbag.py:538} INFO - Filling up the DagBag from /home/airflow/.local/lib/python3.8/site-packages/airflow/example_dags/example_task_group.py
[2024-02-28T03:28:17.889+0000] {processor.py:840} INFO - DAG(s) 'example_task_group' retrieved from /home/airflow/.local/lib/python3.8/site-packages/airflow/example_dags/example_task_group.py
[2024-02-28T03:28:17.933+0000] {logging_mixin.py:188} INFO - [2024-02-28T03:28:17.932+0000] {dag.py:3036} INFO - Sync 1 DAGs
[2024-02-28T03:28:17.971+0000] {logging_mixin.py:188} INFO - [2024-02-28T03:28:17.971+0000] {dag.py:3823} INFO - Setting next_dagrun for example_task_group to 2024-02-27 00:00:00+00:00, run_after=2024-02-28 00:00:00+00:00
[2024-02-28T03:28:18.002+0000] {processor.py:183} INFO - Processing /home/airflow/.local/lib/python3.8/site-packages/airflow/example_dags/example_task_group.py took 0.138 seconds
[2024-02-28T03:28:55.698+0000] {processor.py:161} INFO - Started process (PID=1257) to work on /home/airflow/.local/lib/python3.8/site-packages/airflow/example_dags/example_task_group.py
[2024-02-28T03:28:55.700+0000] {processor.py:830} INFO - Processing file /home/airflow/.local/lib/python3.8/site-packages/airflow/example_dags/example_task_group.py for tasks to queue
[2024-02-28T03:28:55.706+0000] {logging_mixin.py:188} INFO - [2024-02-28T03:28:55.705+0000] {dagbag.py:538} INFO - Filling up the DagBag from /home/airflow/.local/lib/python3.8/site-packages/airflow/example_dags/example_task_group.py
[2024-02-28T03:28:55.728+0000] {processor.py:840} INFO - DAG(s) 'example_task_group' retrieved from /home/airflow/.local/lib/python3.8/site-packages/airflow/example_dags/example_task_group.py
[2024-02-28T03:28:55.784+0000] {logging_mixin.py:188} INFO - [2024-02-28T03:28:55.783+0000] {dag.py:3036} INFO - Sync 1 DAGs
[2024-02-28T03:28:55.874+0000] {logging_mixin.py:188} INFO - [2024-02-28T03:28:55.874+0000] {dag.py:3823} INFO - Setting next_dagrun for example_task_group to 2024-02-27 00:00:00+00:00, run_after=2024-02-28 00:00:00+00:00
[2024-02-28T03:28:55.936+0000] {processor.py:183} INFO - Processing /home/airflow/.local/lib/python3.8/site-packages/airflow/example_dags/example_task_group.py took 0.243 seconds
[2024-02-28T03:29:27.292+0000] {processor.py:161} INFO - Started process (PID=1567) to work on /home/airflow/.local/lib/python3.8/site-packages/airflow/example_dags/example_task_group.py
[2024-02-28T03:29:27.293+0000] {processor.py:830} INFO - Processing file /home/airflow/.local/lib/python3.8/site-packages/airflow/example_dags/example_task_group.py for tasks to queue
[2024-02-28T03:29:27.294+0000] {logging_mixin.py:188} INFO - [2024-02-28T03:29:27.294+0000] {dagbag.py:538} INFO - Filling up the DagBag from /home/airflow/.local/lib/python3.8/site-packages/airflow/example_dags/example_task_group.py
[2024-02-28T03:29:27.307+0000] {processor.py:840} INFO - DAG(s) 'example_task_group' retrieved from /home/airflow/.local/lib/python3.8/site-packages/airflow/example_dags/example_task_group.py
[2024-02-28T03:29:27.335+0000] {logging_mixin.py:188} INFO - [2024-02-28T03:29:27.335+0000] {dag.py:3036} INFO - Sync 1 DAGs
[2024-02-28T03:29:27.370+0000] {logging_mixin.py:188} INFO - [2024-02-28T03:29:27.369+0000] {dag.py:3823} INFO - Setting next_dagrun for example_task_group to 2024-02-27 00:00:00+00:00, run_after=2024-02-28 00:00:00+00:00
[2024-02-28T03:29:27.417+0000] {processor.py:183} INFO - Processing /home/airflow/.local/lib/python3.8/site-packages/airflow/example_dags/example_task_group.py took 0.129 seconds
[2024-02-28T03:29:58.917+0000] {processor.py:161} INFO - Started process (PID=1879) to work on /home/airflow/.local/lib/python3.8/site-packages/airflow/example_dags/example_task_group.py
[2024-02-28T03:29:58.918+0000] {processor.py:830} INFO - Processing file /home/airflow/.local/lib/python3.8/site-packages/airflow/example_dags/example_task_group.py for tasks to queue
[2024-02-28T03:29:58.919+0000] {logging_mixin.py:188} INFO - [2024-02-28T03:29:58.919+0000] {dagbag.py:538} INFO - Filling up the DagBag from /home/airflow/.local/lib/python3.8/site-packages/airflow/example_dags/example_task_group.py
[2024-02-28T03:29:58.926+0000] {processor.py:840} INFO - DAG(s) 'example_task_group' retrieved from /home/airflow/.local/lib/python3.8/site-packages/airflow/example_dags/example_task_group.py
[2024-02-28T03:29:58.946+0000] {logging_mixin.py:188} INFO - [2024-02-28T03:29:58.946+0000] {dag.py:3036} INFO - Sync 1 DAGs
[2024-02-28T03:29:58.967+0000] {logging_mixin.py:188} INFO - [2024-02-28T03:29:58.967+0000] {dag.py:3823} INFO - Setting next_dagrun for example_task_group to 2024-02-27 00:00:00+00:00, run_after=2024-02-28 00:00:00+00:00
[2024-02-28T03:29:58.989+0000] {processor.py:183} INFO - Processing /home/airflow/.local/lib/python3.8/site-packages/airflow/example_dags/example_task_group.py took 0.075 seconds
[2024-02-28T03:30:31.159+0000] {processor.py:161} INFO - Started process (PID=2190) to work on /home/airflow/.local/lib/python3.8/site-packages/airflow/example_dags/example_task_group.py
[2024-02-28T03:30:31.161+0000] {processor.py:830} INFO - Processing file /home/airflow/.local/lib/python3.8/site-packages/airflow/example_dags/example_task_group.py for tasks to queue
[2024-02-28T03:30:31.162+0000] {logging_mixin.py:188} INFO - [2024-02-28T03:30:31.162+0000] {dagbag.py:538} INFO - Filling up the DagBag from /home/airflow/.local/lib/python3.8/site-packages/airflow/example_dags/example_task_group.py
[2024-02-28T03:30:31.176+0000] {processor.py:840} INFO - DAG(s) 'example_task_group' retrieved from /home/airflow/.local/lib/python3.8/site-packages/airflow/example_dags/example_task_group.py
[2024-02-28T03:30:31.230+0000] {logging_mixin.py:188} INFO - [2024-02-28T03:30:31.229+0000] {dag.py:3036} INFO - Sync 1 DAGs
[2024-02-28T03:30:31.264+0000] {logging_mixin.py:188} INFO - [2024-02-28T03:30:31.264+0000] {dag.py:3823} INFO - Setting next_dagrun for example_task_group to 2024-02-27 00:00:00+00:00, run_after=2024-02-28 00:00:00+00:00
[2024-02-28T03:30:31.303+0000] {processor.py:183} INFO - Processing /home/airflow/.local/lib/python3.8/site-packages/airflow/example_dags/example_task_group.py took 0.148 seconds
[2024-02-28T03:31:01.550+0000] {processor.py:161} INFO - Started process (PID=2490) to work on /home/airflow/.local/lib/python3.8/site-packages/airflow/example_dags/example_task_group.py
[2024-02-28T03:31:01.551+0000] {processor.py:830} INFO - Processing file /home/airflow/.local/lib/python3.8/site-packages/airflow/example_dags/example_task_group.py for tasks to queue
[2024-02-28T03:31:01.552+0000] {logging_mixin.py:188} INFO - [2024-02-28T03:31:01.552+0000] {dagbag.py:538} INFO - Filling up the DagBag from /home/airflow/.local/lib/python3.8/site-packages/airflow/example_dags/example_task_group.py
[2024-02-28T03:31:01.559+0000] {processor.py:840} INFO - DAG(s) 'example_task_group' retrieved from /home/airflow/.local/lib/python3.8/site-packages/airflow/example_dags/example_task_group.py
[2024-02-28T03:31:01.583+0000] {logging_mixin.py:188} INFO - [2024-02-28T03:31:01.582+0000] {dag.py:3036} INFO - Sync 1 DAGs
[2024-02-28T03:31:01.607+0000] {logging_mixin.py:188} INFO - [2024-02-28T03:31:01.607+0000] {dag.py:3823} INFO - Setting next_dagrun for example_task_group to 2024-02-27 00:00:00+00:00, run_after=2024-02-28 00:00:00+00:00
[2024-02-28T03:31:01.633+0000] {processor.py:183} INFO - Processing /home/airflow/.local/lib/python3.8/site-packages/airflow/example_dags/example_task_group.py took 0.085 seconds
[2024-02-28T03:31:31.858+0000] {processor.py:161} INFO - Started process (PID=2796) to work on /home/airflow/.local/lib/python3.8/site-packages/airflow/example_dags/example_task_group.py
[2024-02-28T03:31:31.860+0000] {processor.py:830} INFO - Processing file /home/airflow/.local/lib/python3.8/site-packages/airflow/example_dags/example_task_group.py for tasks to queue
[2024-02-28T03:31:31.861+0000] {logging_mixin.py:188} INFO - [2024-02-28T03:31:31.861+0000] {dagbag.py:538} INFO - Filling up the DagBag from /home/airflow/.local/lib/python3.8/site-packages/airflow/example_dags/example_task_group.py
[2024-02-28T03:31:31.872+0000] {processor.py:840} INFO - DAG(s) 'example_task_group' retrieved from /home/airflow/.local/lib/python3.8/site-packages/airflow/example_dags/example_task_group.py
[2024-02-28T03:31:31.900+0000] {logging_mixin.py:188} INFO - [2024-02-28T03:31:31.900+0000] {dag.py:3036} INFO - Sync 1 DAGs
[2024-02-28T03:31:31.930+0000] {logging_mixin.py:188} INFO - [2024-02-28T03:31:31.930+0000] {dag.py:3823} INFO - Setting next_dagrun for example_task_group to 2024-02-27 00:00:00+00:00, run_after=2024-02-28 00:00:00+00:00
[2024-02-28T03:31:31.952+0000] {processor.py:183} INFO - Processing /home/airflow/.local/lib/python3.8/site-packages/airflow/example_dags/example_task_group.py took 0.098 seconds
[2024-02-28T03:32:12.365+0000] {processor.py:161} INFO - Started process (PID=3118) to work on /home/airflow/.local/lib/python3.8/site-packages/airflow/example_dags/example_task_group.py
[2024-02-28T03:32:12.366+0000] {processor.py:830} INFO - Processing file /home/airflow/.local/lib/python3.8/site-packages/airflow/example_dags/example_task_group.py for tasks to queue
[2024-02-28T03:32:12.368+0000] {logging_mixin.py:188} INFO - [2024-02-28T03:32:12.367+0000] {dagbag.py:538} INFO - Filling up the DagBag from /home/airflow/.local/lib/python3.8/site-packages/airflow/example_dags/example_task_group.py
[2024-02-28T03:32:12.377+0000] {processor.py:840} INFO - DAG(s) 'example_task_group' retrieved from /home/airflow/.local/lib/python3.8/site-packages/airflow/example_dags/example_task_group.py
[2024-02-28T03:32:12.416+0000] {logging_mixin.py:188} INFO - [2024-02-28T03:32:12.416+0000] {dag.py:3036} INFO - Sync 1 DAGs
[2024-02-28T03:32:12.469+0000] {logging_mixin.py:188} INFO - [2024-02-28T03:32:12.469+0000] {dag.py:3823} INFO - Setting next_dagrun for example_task_group to 2024-02-27 00:00:00+00:00, run_after=2024-02-28 00:00:00+00:00
[2024-02-28T03:32:12.502+0000] {processor.py:183} INFO - Processing /home/airflow/.local/lib/python3.8/site-packages/airflow/example_dags/example_task_group.py took 0.141 seconds
[2024-02-28T03:32:42.824+0000] {processor.py:161} INFO - Started process (PID=3417) to work on /home/airflow/.local/lib/python3.8/site-packages/airflow/example_dags/example_task_group.py
[2024-02-28T03:32:42.825+0000] {processor.py:830} INFO - Processing file /home/airflow/.local/lib/python3.8/site-packages/airflow/example_dags/example_task_group.py for tasks to queue
[2024-02-28T03:32:42.826+0000] {logging_mixin.py:188} INFO - [2024-02-28T03:32:42.826+0000] {dagbag.py:538} INFO - Filling up the DagBag from /home/airflow/.local/lib/python3.8/site-packages/airflow/example_dags/example_task_group.py
[2024-02-28T03:32:42.834+0000] {processor.py:840} INFO - DAG(s) 'example_task_group' retrieved from /home/airflow/.local/lib/python3.8/site-packages/airflow/example_dags/example_task_group.py
[2024-02-28T03:32:42.854+0000] {logging_mixin.py:188} INFO - [2024-02-28T03:32:42.853+0000] {dag.py:3036} INFO - Sync 1 DAGs
[2024-02-28T03:32:42.882+0000] {logging_mixin.py:188} INFO - [2024-02-28T03:32:42.882+0000] {dag.py:3823} INFO - Setting next_dagrun for example_task_group to 2024-02-27 00:00:00+00:00, run_after=2024-02-28 00:00:00+00:00
[2024-02-28T03:32:42.911+0000] {processor.py:183} INFO - Processing /home/airflow/.local/lib/python3.8/site-packages/airflow/example_dags/example_task_group.py took 0.090 seconds
[2024-02-28T03:33:13.813+0000] {processor.py:161} INFO - Started process (PID=3728) to work on /home/airflow/.local/lib/python3.8/site-packages/airflow/example_dags/example_task_group.py
[2024-02-28T03:33:13.815+0000] {processor.py:830} INFO - Processing file /home/airflow/.local/lib/python3.8/site-packages/airflow/example_dags/example_task_group.py for tasks to queue
[2024-02-28T03:33:13.816+0000] {logging_mixin.py:188} INFO - [2024-02-28T03:33:13.815+0000] {dagbag.py:538} INFO - Filling up the DagBag from /home/airflow/.local/lib/python3.8/site-packages/airflow/example_dags/example_task_group.py
[2024-02-28T03:33:13.823+0000] {processor.py:840} INFO - DAG(s) 'example_task_group' retrieved from /home/airflow/.local/lib/python3.8/site-packages/airflow/example_dags/example_task_group.py
[2024-02-28T03:33:13.854+0000] {logging_mixin.py:188} INFO - [2024-02-28T03:33:13.853+0000] {dag.py:3036} INFO - Sync 1 DAGs
[2024-02-28T03:33:13.885+0000] {logging_mixin.py:188} INFO - [2024-02-28T03:33:13.884+0000] {dag.py:3823} INFO - Setting next_dagrun for example_task_group to 2024-02-27 00:00:00+00:00, run_after=2024-02-28 00:00:00+00:00
[2024-02-28T03:33:13.912+0000] {processor.py:183} INFO - Processing /home/airflow/.local/lib/python3.8/site-packages/airflow/example_dags/example_task_group.py took 0.102 seconds
[2024-02-28T03:33:43.993+0000] {processor.py:161} INFO - Started process (PID=4034) to work on /home/airflow/.local/lib/python3.8/site-packages/airflow/example_dags/example_task_group.py
[2024-02-28T03:33:43.994+0000] {processor.py:830} INFO - Processing file /home/airflow/.local/lib/python3.8/site-packages/airflow/example_dags/example_task_group.py for tasks to queue
[2024-02-28T03:33:43.995+0000] {logging_mixin.py:188} INFO - [2024-02-28T03:33:43.995+0000] {dagbag.py:538} INFO - Filling up the DagBag from /home/airflow/.local/lib/python3.8/site-packages/airflow/example_dags/example_task_group.py
[2024-02-28T03:33:44.003+0000] {processor.py:840} INFO - DAG(s) 'example_task_group' retrieved from /home/airflow/.local/lib/python3.8/site-packages/airflow/example_dags/example_task_group.py
[2024-02-28T03:33:44.024+0000] {logging_mixin.py:188} INFO - [2024-02-28T03:33:44.024+0000] {dag.py:3036} INFO - Sync 1 DAGs
[2024-02-28T03:33:44.046+0000] {logging_mixin.py:188} INFO - [2024-02-28T03:33:44.046+0000] {dag.py:3823} INFO - Setting next_dagrun for example_task_group to 2024-02-27 00:00:00+00:00, run_after=2024-02-28 00:00:00+00:00
[2024-02-28T03:33:44.072+0000] {processor.py:183} INFO - Processing /home/airflow/.local/lib/python3.8/site-packages/airflow/example_dags/example_task_group.py took 0.082 seconds
[2024-02-28T03:34:14.927+0000] {processor.py:161} INFO - Started process (PID=4345) to work on /home/airflow/.local/lib/python3.8/site-packages/airflow/example_dags/example_task_group.py
[2024-02-28T03:34:14.928+0000] {processor.py:830} INFO - Processing file /home/airflow/.local/lib/python3.8/site-packages/airflow/example_dags/example_task_group.py for tasks to queue
[2024-02-28T03:34:14.930+0000] {logging_mixin.py:188} INFO - [2024-02-28T03:34:14.929+0000] {dagbag.py:538} INFO - Filling up the DagBag from /home/airflow/.local/lib/python3.8/site-packages/airflow/example_dags/example_task_group.py
[2024-02-28T03:34:14.938+0000] {processor.py:840} INFO - DAG(s) 'example_task_group' retrieved from /home/airflow/.local/lib/python3.8/site-packages/airflow/example_dags/example_task_group.py
[2024-02-28T03:34:14.960+0000] {logging_mixin.py:188} INFO - [2024-02-28T03:34:14.960+0000] {dag.py:3036} INFO - Sync 1 DAGs
[2024-02-28T03:34:14.983+0000] {logging_mixin.py:188} INFO - [2024-02-28T03:34:14.982+0000] {dag.py:3823} INFO - Setting next_dagrun for example_task_group to 2024-02-27 00:00:00+00:00, run_after=2024-02-28 00:00:00+00:00
[2024-02-28T03:34:15.011+0000] {processor.py:183} INFO - Processing /home/airflow/.local/lib/python3.8/site-packages/airflow/example_dags/example_task_group.py took 0.088 seconds
[2024-02-28T03:34:45.179+0000] {processor.py:161} INFO - Started process (PID=4656) to work on /home/airflow/.local/lib/python3.8/site-packages/airflow/example_dags/example_task_group.py
[2024-02-28T03:34:45.180+0000] {processor.py:830} INFO - Processing file /home/airflow/.local/lib/python3.8/site-packages/airflow/example_dags/example_task_group.py for tasks to queue
[2024-02-28T03:34:45.181+0000] {logging_mixin.py:188} INFO - [2024-02-28T03:34:45.180+0000] {dagbag.py:538} INFO - Filling up the DagBag from /home/airflow/.local/lib/python3.8/site-packages/airflow/example_dags/example_task_group.py
[2024-02-28T03:34:45.190+0000] {processor.py:840} INFO - DAG(s) 'example_task_group' retrieved from /home/airflow/.local/lib/python3.8/site-packages/airflow/example_dags/example_task_group.py
[2024-02-28T03:34:45.217+0000] {logging_mixin.py:188} INFO - [2024-02-28T03:34:45.216+0000] {dag.py:3036} INFO - Sync 1 DAGs
[2024-02-28T03:34:45.241+0000] {logging_mixin.py:188} INFO - [2024-02-28T03:34:45.241+0000] {dag.py:3823} INFO - Setting next_dagrun for example_task_group to 2024-02-27 00:00:00+00:00, run_after=2024-02-28 00:00:00+00:00
[2024-02-28T03:34:45.265+0000] {processor.py:183} INFO - Processing /home/airflow/.local/lib/python3.8/site-packages/airflow/example_dags/example_task_group.py took 0.089 seconds
[2024-02-28T03:35:15.551+0000] {processor.py:161} INFO - Started process (PID=4967) to work on /home/airflow/.local/lib/python3.8/site-packages/airflow/example_dags/example_task_group.py
[2024-02-28T03:35:15.552+0000] {processor.py:830} INFO - Processing file /home/airflow/.local/lib/python3.8/site-packages/airflow/example_dags/example_task_group.py for tasks to queue
[2024-02-28T03:35:15.554+0000] {logging_mixin.py:188} INFO - [2024-02-28T03:35:15.553+0000] {dagbag.py:538} INFO - Filling up the DagBag from /home/airflow/.local/lib/python3.8/site-packages/airflow/example_dags/example_task_group.py
[2024-02-28T03:35:15.563+0000] {processor.py:840} INFO - DAG(s) 'example_task_group' retrieved from /home/airflow/.local/lib/python3.8/site-packages/airflow/example_dags/example_task_group.py
[2024-02-28T03:35:15.588+0000] {logging_mixin.py:188} INFO - [2024-02-28T03:35:15.588+0000] {dag.py:3036} INFO - Sync 1 DAGs
[2024-02-28T03:35:15.615+0000] {logging_mixin.py:188} INFO - [2024-02-28T03:35:15.615+0000] {dag.py:3823} INFO - Setting next_dagrun for example_task_group to 2024-02-27 00:00:00+00:00, run_after=2024-02-28 00:00:00+00:00
[2024-02-28T03:35:15.652+0000] {processor.py:183} INFO - Processing /home/airflow/.local/lib/python3.8/site-packages/airflow/example_dags/example_task_group.py took 0.104 seconds
[2024-02-28T03:35:45.899+0000] {processor.py:161} INFO - Started process (PID=5279) to work on /home/airflow/.local/lib/python3.8/site-packages/airflow/example_dags/example_task_group.py
[2024-02-28T03:35:45.900+0000] {processor.py:830} INFO - Processing file /home/airflow/.local/lib/python3.8/site-packages/airflow/example_dags/example_task_group.py for tasks to queue
[2024-02-28T03:35:45.902+0000] {logging_mixin.py:188} INFO - [2024-02-28T03:35:45.901+0000] {dagbag.py:538} INFO - Filling up the DagBag from /home/airflow/.local/lib/python3.8/site-packages/airflow/example_dags/example_task_group.py
[2024-02-28T03:35:45.912+0000] {processor.py:840} INFO - DAG(s) 'example_task_group' retrieved from /home/airflow/.local/lib/python3.8/site-packages/airflow/example_dags/example_task_group.py
[2024-02-28T03:35:45.936+0000] {logging_mixin.py:188} INFO - [2024-02-28T03:35:45.935+0000] {dag.py:3036} INFO - Sync 1 DAGs
[2024-02-28T03:35:45.963+0000] {logging_mixin.py:188} INFO - [2024-02-28T03:35:45.962+0000] {dag.py:3823} INFO - Setting next_dagrun for example_task_group to 2024-02-27 00:00:00+00:00, run_after=2024-02-28 00:00:00+00:00
[2024-02-28T03:35:45.991+0000] {processor.py:183} INFO - Processing /home/airflow/.local/lib/python3.8/site-packages/airflow/example_dags/example_task_group.py took 0.096 seconds
