[2024-02-28T03:27:12.977+0000] {processor.py:161} INFO - Started process (PID=462) to work on /home/airflow/.local/lib/python3.8/site-packages/airflow/example_dags/example_xcomargs.py
[2024-02-28T03:27:12.979+0000] {processor.py:830} INFO - Processing file /home/airflow/.local/lib/python3.8/site-packages/airflow/example_dags/example_xcomargs.py for tasks to queue
[2024-02-28T03:27:12.988+0000] {logging_mixin.py:188} INFO - [2024-02-28T03:27:12.987+0000] {dagbag.py:538} INFO - Filling up the DagBag from /home/airflow/.local/lib/python3.8/site-packages/airflow/example_dags/example_xcomargs.py
[2024-02-28T03:27:13.025+0000] {processor.py:840} INFO - DAG(s) 'example_xcom_args_with_operators', 'example_xcom_args' retrieved from /home/airflow/.local/lib/python3.8/site-packages/airflow/example_dags/example_xcomargs.py
[2024-02-28T03:27:13.393+0000] {logging_mixin.py:188} INFO - [2024-02-28T03:27:13.381+0000] {dag.py:3036} INFO - Sync 2 DAGs
[2024-02-28T03:27:13.435+0000] {logging_mixin.py:188} INFO - [2024-02-28T03:27:13.435+0000] {dag.py:3823} INFO - Setting next_dagrun for example_xcom_args to None, run_after=None
[2024-02-28T03:27:13.441+0000] {logging_mixin.py:188} INFO - [2024-02-28T03:27:13.441+0000] {dag.py:3823} INFO - Setting next_dagrun for example_xcom_args_with_operators to None, run_after=None
[2024-02-28T03:27:13.553+0000] {processor.py:183} INFO - Processing /home/airflow/.local/lib/python3.8/site-packages/airflow/example_dags/example_xcomargs.py took 0.584 seconds
[2024-02-28T03:27:43.892+0000] {processor.py:161} INFO - Started process (PID=784) to work on /home/airflow/.local/lib/python3.8/site-packages/airflow/example_dags/example_xcomargs.py
[2024-02-28T03:27:43.906+0000] {processor.py:830} INFO - Processing file /home/airflow/.local/lib/python3.8/site-packages/airflow/example_dags/example_xcomargs.py for tasks to queue
[2024-02-28T03:27:43.910+0000] {logging_mixin.py:188} INFO - [2024-02-28T03:27:43.910+0000] {dagbag.py:538} INFO - Filling up the DagBag from /home/airflow/.local/lib/python3.8/site-packages/airflow/example_dags/example_xcomargs.py
[2024-02-28T03:27:43.942+0000] {processor.py:840} INFO - DAG(s) 'example_xcom_args_with_operators', 'example_xcom_args' retrieved from /home/airflow/.local/lib/python3.8/site-packages/airflow/example_dags/example_xcomargs.py
[2024-02-28T03:27:44.031+0000] {logging_mixin.py:188} INFO - [2024-02-28T03:27:44.030+0000] {dag.py:3036} INFO - Sync 2 DAGs
[2024-02-28T03:27:44.052+0000] {logging_mixin.py:188} INFO - [2024-02-28T03:27:44.052+0000] {dag.py:3823} INFO - Setting next_dagrun for example_xcom_args to None, run_after=None
[2024-02-28T03:27:44.058+0000] {logging_mixin.py:188} INFO - [2024-02-28T03:27:44.057+0000] {dag.py:3823} INFO - Setting next_dagrun for example_xcom_args_with_operators to None, run_after=None
[2024-02-28T03:27:44.135+0000] {processor.py:183} INFO - Processing /home/airflow/.local/lib/python3.8/site-packages/airflow/example_dags/example_xcomargs.py took 0.255 seconds
[2024-02-28T03:28:21.723+0000] {processor.py:161} INFO - Started process (PID=1095) to work on /home/airflow/.local/lib/python3.8/site-packages/airflow/example_dags/example_xcomargs.py
[2024-02-28T03:28:21.727+0000] {processor.py:830} INFO - Processing file /home/airflow/.local/lib/python3.8/site-packages/airflow/example_dags/example_xcomargs.py for tasks to queue
[2024-02-28T03:28:21.729+0000] {logging_mixin.py:188} INFO - [2024-02-28T03:28:21.728+0000] {dagbag.py:538} INFO - Filling up the DagBag from /home/airflow/.local/lib/python3.8/site-packages/airflow/example_dags/example_xcomargs.py
[2024-02-28T03:28:21.741+0000] {processor.py:840} INFO - DAG(s) 'example_xcom_args_with_operators', 'example_xcom_args' retrieved from /home/airflow/.local/lib/python3.8/site-packages/airflow/example_dags/example_xcomargs.py
[2024-02-28T03:28:21.796+0000] {logging_mixin.py:188} INFO - [2024-02-28T03:28:21.796+0000] {dag.py:3036} INFO - Sync 2 DAGs
[2024-02-28T03:28:21.820+0000] {logging_mixin.py:188} INFO - [2024-02-28T03:28:21.819+0000] {dag.py:3823} INFO - Setting next_dagrun for example_xcom_args to None, run_after=None
[2024-02-28T03:28:21.831+0000] {logging_mixin.py:188} INFO - [2024-02-28T03:28:21.830+0000] {dag.py:3823} INFO - Setting next_dagrun for example_xcom_args_with_operators to None, run_after=None
[2024-02-28T03:28:21.876+0000] {processor.py:183} INFO - Processing /home/airflow/.local/lib/python3.8/site-packages/airflow/example_dags/example_xcomargs.py took 0.158 seconds
[2024-02-28T03:29:01.989+0000] {processor.py:161} INFO - Started process (PID=1423) to work on /home/airflow/.local/lib/python3.8/site-packages/airflow/example_dags/example_xcomargs.py
[2024-02-28T03:29:01.990+0000] {processor.py:830} INFO - Processing file /home/airflow/.local/lib/python3.8/site-packages/airflow/example_dags/example_xcomargs.py for tasks to queue
[2024-02-28T03:29:01.992+0000] {logging_mixin.py:188} INFO - [2024-02-28T03:29:01.991+0000] {dagbag.py:538} INFO - Filling up the DagBag from /home/airflow/.local/lib/python3.8/site-packages/airflow/example_dags/example_xcomargs.py
[2024-02-28T03:29:02.007+0000] {processor.py:840} INFO - DAG(s) 'example_xcom_args', 'example_xcom_args_with_operators' retrieved from /home/airflow/.local/lib/python3.8/site-packages/airflow/example_dags/example_xcomargs.py
[2024-02-28T03:29:02.100+0000] {logging_mixin.py:188} INFO - [2024-02-28T03:29:02.100+0000] {dag.py:3036} INFO - Sync 2 DAGs
[2024-02-28T03:29:02.137+0000] {logging_mixin.py:188} INFO - [2024-02-28T03:29:02.137+0000] {dag.py:3823} INFO - Setting next_dagrun for example_xcom_args to None, run_after=None
[2024-02-28T03:29:02.150+0000] {logging_mixin.py:188} INFO - [2024-02-28T03:29:02.150+0000] {dag.py:3823} INFO - Setting next_dagrun for example_xcom_args_with_operators to None, run_after=None
[2024-02-28T03:29:02.321+0000] {processor.py:183} INFO - Processing /home/airflow/.local/lib/python3.8/site-packages/airflow/example_dags/example_xcomargs.py took 0.339 seconds
[2024-02-28T03:29:33.037+0000] {processor.py:161} INFO - Started process (PID=1744) to work on /home/airflow/.local/lib/python3.8/site-packages/airflow/example_dags/example_xcomargs.py
[2024-02-28T03:29:33.039+0000] {processor.py:830} INFO - Processing file /home/airflow/.local/lib/python3.8/site-packages/airflow/example_dags/example_xcomargs.py for tasks to queue
[2024-02-28T03:29:33.040+0000] {logging_mixin.py:188} INFO - [2024-02-28T03:29:33.040+0000] {dagbag.py:538} INFO - Filling up the DagBag from /home/airflow/.local/lib/python3.8/site-packages/airflow/example_dags/example_xcomargs.py
[2024-02-28T03:29:33.056+0000] {processor.py:840} INFO - DAG(s) 'example_xcom_args_with_operators', 'example_xcom_args' retrieved from /home/airflow/.local/lib/python3.8/site-packages/airflow/example_dags/example_xcomargs.py
[2024-02-28T03:29:33.088+0000] {logging_mixin.py:188} INFO - [2024-02-28T03:29:33.088+0000] {dag.py:3036} INFO - Sync 2 DAGs
[2024-02-28T03:29:33.105+0000] {logging_mixin.py:188} INFO - [2024-02-28T03:29:33.105+0000] {dag.py:3823} INFO - Setting next_dagrun for example_xcom_args to None, run_after=None
[2024-02-28T03:29:33.109+0000] {logging_mixin.py:188} INFO - [2024-02-28T03:29:33.109+0000] {dag.py:3823} INFO - Setting next_dagrun for example_xcom_args_with_operators to None, run_after=None
[2024-02-28T03:29:33.138+0000] {processor.py:183} INFO - Processing /home/airflow/.local/lib/python3.8/site-packages/airflow/example_dags/example_xcomargs.py took 0.107 seconds
[2024-02-28T03:30:03.788+0000] {processor.py:161} INFO - Started process (PID=2055) to work on /home/airflow/.local/lib/python3.8/site-packages/airflow/example_dags/example_xcomargs.py
[2024-02-28T03:30:03.789+0000] {processor.py:830} INFO - Processing file /home/airflow/.local/lib/python3.8/site-packages/airflow/example_dags/example_xcomargs.py for tasks to queue
[2024-02-28T03:30:03.791+0000] {logging_mixin.py:188} INFO - [2024-02-28T03:30:03.791+0000] {dagbag.py:538} INFO - Filling up the DagBag from /home/airflow/.local/lib/python3.8/site-packages/airflow/example_dags/example_xcomargs.py
[2024-02-28T03:30:03.801+0000] {processor.py:840} INFO - DAG(s) 'example_xcom_args', 'example_xcom_args_with_operators' retrieved from /home/airflow/.local/lib/python3.8/site-packages/airflow/example_dags/example_xcomargs.py
[2024-02-28T03:30:03.830+0000] {logging_mixin.py:188} INFO - [2024-02-28T03:30:03.830+0000] {dag.py:3036} INFO - Sync 2 DAGs
[2024-02-28T03:30:03.842+0000] {logging_mixin.py:188} INFO - [2024-02-28T03:30:03.842+0000] {dag.py:3823} INFO - Setting next_dagrun for example_xcom_args to None, run_after=None
[2024-02-28T03:30:03.846+0000] {logging_mixin.py:188} INFO - [2024-02-28T03:30:03.846+0000] {dag.py:3823} INFO - Setting next_dagrun for example_xcom_args_with_operators to None, run_after=None
[2024-02-28T03:30:03.871+0000] {processor.py:183} INFO - Processing /home/airflow/.local/lib/python3.8/site-packages/airflow/example_dags/example_xcomargs.py took 0.087 seconds
[2024-02-28T03:30:35.591+0000] {processor.py:161} INFO - Started process (PID=2367) to work on /home/airflow/.local/lib/python3.8/site-packages/airflow/example_dags/example_xcomargs.py
[2024-02-28T03:30:35.593+0000] {processor.py:830} INFO - Processing file /home/airflow/.local/lib/python3.8/site-packages/airflow/example_dags/example_xcomargs.py for tasks to queue
[2024-02-28T03:30:35.594+0000] {logging_mixin.py:188} INFO - [2024-02-28T03:30:35.593+0000] {dagbag.py:538} INFO - Filling up the DagBag from /home/airflow/.local/lib/python3.8/site-packages/airflow/example_dags/example_xcomargs.py
[2024-02-28T03:30:35.601+0000] {processor.py:840} INFO - DAG(s) 'example_xcom_args_with_operators', 'example_xcom_args' retrieved from /home/airflow/.local/lib/python3.8/site-packages/airflow/example_dags/example_xcomargs.py
[2024-02-28T03:30:35.631+0000] {logging_mixin.py:188} INFO - [2024-02-28T03:30:35.630+0000] {dag.py:3036} INFO - Sync 2 DAGs
[2024-02-28T03:30:35.644+0000] {logging_mixin.py:188} INFO - [2024-02-28T03:30:35.643+0000] {dag.py:3823} INFO - Setting next_dagrun for example_xcom_args to None, run_after=None
[2024-02-28T03:30:35.647+0000] {logging_mixin.py:188} INFO - [2024-02-28T03:30:35.647+0000] {dag.py:3823} INFO - Setting next_dagrun for example_xcom_args_with_operators to None, run_after=None
[2024-02-28T03:30:35.669+0000] {processor.py:183} INFO - Processing /home/airflow/.local/lib/python3.8/site-packages/airflow/example_dags/example_xcomargs.py took 0.083 seconds
[2024-02-28T03:31:06.926+0000] {processor.py:161} INFO - Started process (PID=2683) to work on /home/airflow/.local/lib/python3.8/site-packages/airflow/example_dags/example_xcomargs.py
[2024-02-28T03:31:06.927+0000] {processor.py:830} INFO - Processing file /home/airflow/.local/lib/python3.8/site-packages/airflow/example_dags/example_xcomargs.py for tasks to queue
[2024-02-28T03:31:06.928+0000] {logging_mixin.py:188} INFO - [2024-02-28T03:31:06.928+0000] {dagbag.py:538} INFO - Filling up the DagBag from /home/airflow/.local/lib/python3.8/site-packages/airflow/example_dags/example_xcomargs.py
[2024-02-28T03:31:06.937+0000] {processor.py:840} INFO - DAG(s) 'example_xcom_args_with_operators', 'example_xcom_args' retrieved from /home/airflow/.local/lib/python3.8/site-packages/airflow/example_dags/example_xcomargs.py
[2024-02-28T03:31:06.963+0000] {logging_mixin.py:188} INFO - [2024-02-28T03:31:06.963+0000] {dag.py:3036} INFO - Sync 2 DAGs
[2024-02-28T03:31:06.978+0000] {logging_mixin.py:188} INFO - [2024-02-28T03:31:06.977+0000] {dag.py:3823} INFO - Setting next_dagrun for example_xcom_args to None, run_after=None
[2024-02-28T03:31:06.983+0000] {logging_mixin.py:188} INFO - [2024-02-28T03:31:06.983+0000] {dag.py:3823} INFO - Setting next_dagrun for example_xcom_args_with_operators to None, run_after=None
[2024-02-28T03:31:07.006+0000] {processor.py:183} INFO - Processing /home/airflow/.local/lib/python3.8/site-packages/airflow/example_dags/example_xcomargs.py took 0.083 seconds
[2024-02-28T03:31:38.781+0000] {processor.py:161} INFO - Started process (PID=2990) to work on /home/airflow/.local/lib/python3.8/site-packages/airflow/example_dags/example_xcomargs.py
[2024-02-28T03:31:38.782+0000] {processor.py:830} INFO - Processing file /home/airflow/.local/lib/python3.8/site-packages/airflow/example_dags/example_xcomargs.py for tasks to queue
[2024-02-28T03:31:38.783+0000] {logging_mixin.py:188} INFO - [2024-02-28T03:31:38.783+0000] {dagbag.py:538} INFO - Filling up the DagBag from /home/airflow/.local/lib/python3.8/site-packages/airflow/example_dags/example_xcomargs.py
[2024-02-28T03:31:38.790+0000] {processor.py:840} INFO - DAG(s) 'example_xcom_args_with_operators', 'example_xcom_args' retrieved from /home/airflow/.local/lib/python3.8/site-packages/airflow/example_dags/example_xcomargs.py
[2024-02-28T03:31:38.815+0000] {logging_mixin.py:188} INFO - [2024-02-28T03:31:38.814+0000] {dag.py:3036} INFO - Sync 2 DAGs
[2024-02-28T03:31:38.827+0000] {logging_mixin.py:188} INFO - [2024-02-28T03:31:38.826+0000] {dag.py:3823} INFO - Setting next_dagrun for example_xcom_args to None, run_after=None
[2024-02-28T03:31:38.830+0000] {logging_mixin.py:188} INFO - [2024-02-28T03:31:38.830+0000] {dag.py:3823} INFO - Setting next_dagrun for example_xcom_args_with_operators to None, run_after=None
[2024-02-28T03:31:38.853+0000] {processor.py:183} INFO - Processing /home/airflow/.local/lib/python3.8/site-packages/airflow/example_dags/example_xcomargs.py took 0.074 seconds
[2024-02-28T03:32:17.970+0000] {processor.py:161} INFO - Started process (PID=3311) to work on /home/airflow/.local/lib/python3.8/site-packages/airflow/example_dags/example_xcomargs.py
[2024-02-28T03:32:17.971+0000] {processor.py:830} INFO - Processing file /home/airflow/.local/lib/python3.8/site-packages/airflow/example_dags/example_xcomargs.py for tasks to queue
[2024-02-28T03:32:17.972+0000] {logging_mixin.py:188} INFO - [2024-02-28T03:32:17.971+0000] {dagbag.py:538} INFO - Filling up the DagBag from /home/airflow/.local/lib/python3.8/site-packages/airflow/example_dags/example_xcomargs.py
[2024-02-28T03:32:17.991+0000] {processor.py:840} INFO - DAG(s) 'example_xcom_args', 'example_xcom_args_with_operators' retrieved from /home/airflow/.local/lib/python3.8/site-packages/airflow/example_dags/example_xcomargs.py
[2024-02-28T03:32:18.024+0000] {logging_mixin.py:188} INFO - [2024-02-28T03:32:18.024+0000] {dag.py:3036} INFO - Sync 2 DAGs
[2024-02-28T03:32:18.039+0000] {logging_mixin.py:188} INFO - [2024-02-28T03:32:18.039+0000] {dag.py:3823} INFO - Setting next_dagrun for example_xcom_args to None, run_after=None
[2024-02-28T03:32:18.045+0000] {logging_mixin.py:188} INFO - [2024-02-28T03:32:18.045+0000] {dag.py:3823} INFO - Setting next_dagrun for example_xcom_args_with_operators to None, run_after=None
[2024-02-28T03:32:18.070+0000] {processor.py:183} INFO - Processing /home/airflow/.local/lib/python3.8/site-packages/airflow/example_dags/example_xcomargs.py took 0.104 seconds
[2024-02-28T03:32:50.221+0000] {processor.py:161} INFO - Started process (PID=3633) to work on /home/airflow/.local/lib/python3.8/site-packages/airflow/example_dags/example_xcomargs.py
[2024-02-28T03:32:50.222+0000] {processor.py:830} INFO - Processing file /home/airflow/.local/lib/python3.8/site-packages/airflow/example_dags/example_xcomargs.py for tasks to queue
[2024-02-28T03:32:50.224+0000] {logging_mixin.py:188} INFO - [2024-02-28T03:32:50.223+0000] {dagbag.py:538} INFO - Filling up the DagBag from /home/airflow/.local/lib/python3.8/site-packages/airflow/example_dags/example_xcomargs.py
[2024-02-28T03:32:50.234+0000] {processor.py:840} INFO - DAG(s) 'example_xcom_args', 'example_xcom_args_with_operators' retrieved from /home/airflow/.local/lib/python3.8/site-packages/airflow/example_dags/example_xcomargs.py
[2024-02-28T03:32:50.258+0000] {logging_mixin.py:188} INFO - [2024-02-28T03:32:50.257+0000] {dag.py:3036} INFO - Sync 2 DAGs
[2024-02-28T03:32:50.274+0000] {logging_mixin.py:188} INFO - [2024-02-28T03:32:50.274+0000] {dag.py:3823} INFO - Setting next_dagrun for example_xcom_args to None, run_after=None
[2024-02-28T03:32:50.280+0000] {logging_mixin.py:188} INFO - [2024-02-28T03:32:50.280+0000] {dag.py:3823} INFO - Setting next_dagrun for example_xcom_args_with_operators to None, run_after=None
[2024-02-28T03:32:50.302+0000] {processor.py:183} INFO - Processing /home/airflow/.local/lib/python3.8/site-packages/airflow/example_dags/example_xcomargs.py took 0.085 seconds
[2024-02-28T03:33:22.874+0000] {processor.py:161} INFO - Started process (PID=3949) to work on /home/airflow/.local/lib/python3.8/site-packages/airflow/example_dags/example_xcomargs.py
[2024-02-28T03:33:22.875+0000] {processor.py:830} INFO - Processing file /home/airflow/.local/lib/python3.8/site-packages/airflow/example_dags/example_xcomargs.py for tasks to queue
[2024-02-28T03:33:22.876+0000] {logging_mixin.py:188} INFO - [2024-02-28T03:33:22.876+0000] {dagbag.py:538} INFO - Filling up the DagBag from /home/airflow/.local/lib/python3.8/site-packages/airflow/example_dags/example_xcomargs.py
[2024-02-28T03:33:22.883+0000] {processor.py:840} INFO - DAG(s) 'example_xcom_args', 'example_xcom_args_with_operators' retrieved from /home/airflow/.local/lib/python3.8/site-packages/airflow/example_dags/example_xcomargs.py
[2024-02-28T03:33:22.906+0000] {logging_mixin.py:188} INFO - [2024-02-28T03:33:22.906+0000] {dag.py:3036} INFO - Sync 2 DAGs
[2024-02-28T03:33:22.917+0000] {logging_mixin.py:188} INFO - [2024-02-28T03:33:22.917+0000] {dag.py:3823} INFO - Setting next_dagrun for example_xcom_args to None, run_after=None
[2024-02-28T03:33:22.921+0000] {logging_mixin.py:188} INFO - [2024-02-28T03:33:22.921+0000] {dag.py:3823} INFO - Setting next_dagrun for example_xcom_args_with_operators to None, run_after=None
[2024-02-28T03:33:22.943+0000] {processor.py:183} INFO - Processing /home/airflow/.local/lib/python3.8/site-packages/airflow/example_dags/example_xcomargs.py took 0.072 seconds
[2024-02-28T03:33:54.661+0000] {processor.py:161} INFO - Started process (PID=4253) to work on /home/airflow/.local/lib/python3.8/site-packages/airflow/example_dags/example_xcomargs.py
[2024-02-28T03:33:54.663+0000] {processor.py:830} INFO - Processing file /home/airflow/.local/lib/python3.8/site-packages/airflow/example_dags/example_xcomargs.py for tasks to queue
[2024-02-28T03:33:54.664+0000] {logging_mixin.py:188} INFO - [2024-02-28T03:33:54.664+0000] {dagbag.py:538} INFO - Filling up the DagBag from /home/airflow/.local/lib/python3.8/site-packages/airflow/example_dags/example_xcomargs.py
[2024-02-28T03:33:54.674+0000] {processor.py:840} INFO - DAG(s) 'example_xcom_args_with_operators', 'example_xcom_args' retrieved from /home/airflow/.local/lib/python3.8/site-packages/airflow/example_dags/example_xcomargs.py
[2024-02-28T03:33:54.701+0000] {logging_mixin.py:188} INFO - [2024-02-28T03:33:54.701+0000] {dag.py:3036} INFO - Sync 2 DAGs
[2024-02-28T03:33:54.714+0000] {logging_mixin.py:188} INFO - [2024-02-28T03:33:54.714+0000] {dag.py:3823} INFO - Setting next_dagrun for example_xcom_args to None, run_after=None
[2024-02-28T03:33:54.719+0000] {logging_mixin.py:188} INFO - [2024-02-28T03:33:54.719+0000] {dag.py:3823} INFO - Setting next_dagrun for example_xcom_args_with_operators to None, run_after=None
[2024-02-28T03:33:54.742+0000] {processor.py:183} INFO - Processing /home/airflow/.local/lib/python3.8/site-packages/airflow/example_dags/example_xcomargs.py took 0.086 seconds
[2024-02-28T03:34:28.523+0000] {processor.py:161} INFO - Started process (PID=4564) to work on /home/airflow/.local/lib/python3.8/site-packages/airflow/example_dags/example_xcomargs.py
[2024-02-28T03:34:28.524+0000] {processor.py:830} INFO - Processing file /home/airflow/.local/lib/python3.8/site-packages/airflow/example_dags/example_xcomargs.py for tasks to queue
[2024-02-28T03:34:28.525+0000] {logging_mixin.py:188} INFO - [2024-02-28T03:34:28.525+0000] {dagbag.py:538} INFO - Filling up the DagBag from /home/airflow/.local/lib/python3.8/site-packages/airflow/example_dags/example_xcomargs.py
[2024-02-28T03:34:28.537+0000] {processor.py:840} INFO - DAG(s) 'example_xcom_args_with_operators', 'example_xcom_args' retrieved from /home/airflow/.local/lib/python3.8/site-packages/airflow/example_dags/example_xcomargs.py
[2024-02-28T03:34:28.571+0000] {logging_mixin.py:188} INFO - [2024-02-28T03:34:28.571+0000] {dag.py:3036} INFO - Sync 2 DAGs
[2024-02-28T03:34:28.586+0000] {logging_mixin.py:188} INFO - [2024-02-28T03:34:28.586+0000] {dag.py:3823} INFO - Setting next_dagrun for example_xcom_args to None, run_after=None
[2024-02-28T03:34:28.591+0000] {logging_mixin.py:188} INFO - [2024-02-28T03:34:28.590+0000] {dag.py:3823} INFO - Setting next_dagrun for example_xcom_args_with_operators to None, run_after=None
[2024-02-28T03:34:28.615+0000] {processor.py:183} INFO - Processing /home/airflow/.local/lib/python3.8/site-packages/airflow/example_dags/example_xcomargs.py took 0.096 seconds
[2024-02-28T03:35:01.444+0000] {processor.py:161} INFO - Started process (PID=4885) to work on /home/airflow/.local/lib/python3.8/site-packages/airflow/example_dags/example_xcomargs.py
[2024-02-28T03:35:01.445+0000] {processor.py:830} INFO - Processing file /home/airflow/.local/lib/python3.8/site-packages/airflow/example_dags/example_xcomargs.py for tasks to queue
[2024-02-28T03:35:01.447+0000] {logging_mixin.py:188} INFO - [2024-02-28T03:35:01.446+0000] {dagbag.py:538} INFO - Filling up the DagBag from /home/airflow/.local/lib/python3.8/site-packages/airflow/example_dags/example_xcomargs.py
[2024-02-28T03:35:01.466+0000] {processor.py:840} INFO - DAG(s) 'example_xcom_args_with_operators', 'example_xcom_args' retrieved from /home/airflow/.local/lib/python3.8/site-packages/airflow/example_dags/example_xcomargs.py
[2024-02-28T03:35:01.524+0000] {logging_mixin.py:188} INFO - [2024-02-28T03:35:01.523+0000] {dag.py:3036} INFO - Sync 2 DAGs
[2024-02-28T03:35:01.541+0000] {logging_mixin.py:188} INFO - [2024-02-28T03:35:01.541+0000] {dag.py:3823} INFO - Setting next_dagrun for example_xcom_args to None, run_after=None
[2024-02-28T03:35:01.547+0000] {logging_mixin.py:188} INFO - [2024-02-28T03:35:01.546+0000] {dag.py:3823} INFO - Setting next_dagrun for example_xcom_args_with_operators to None, run_after=None
[2024-02-28T03:35:01.587+0000] {processor.py:183} INFO - Processing /home/airflow/.local/lib/python3.8/site-packages/airflow/example_dags/example_xcomargs.py took 0.147 seconds
[2024-02-28T03:35:31.711+0000] {processor.py:161} INFO - Started process (PID=5182) to work on /home/airflow/.local/lib/python3.8/site-packages/airflow/example_dags/example_xcomargs.py
[2024-02-28T03:35:31.712+0000] {processor.py:830} INFO - Processing file /home/airflow/.local/lib/python3.8/site-packages/airflow/example_dags/example_xcomargs.py for tasks to queue
[2024-02-28T03:35:31.713+0000] {logging_mixin.py:188} INFO - [2024-02-28T03:35:31.712+0000] {dagbag.py:538} INFO - Filling up the DagBag from /home/airflow/.local/lib/python3.8/site-packages/airflow/example_dags/example_xcomargs.py
[2024-02-28T03:35:31.720+0000] {processor.py:840} INFO - DAG(s) 'example_xcom_args_with_operators', 'example_xcom_args' retrieved from /home/airflow/.local/lib/python3.8/site-packages/airflow/example_dags/example_xcomargs.py
[2024-02-28T03:35:31.746+0000] {logging_mixin.py:188} INFO - [2024-02-28T03:35:31.746+0000] {dag.py:3036} INFO - Sync 2 DAGs
[2024-02-28T03:35:31.759+0000] {logging_mixin.py:188} INFO - [2024-02-28T03:35:31.759+0000] {dag.py:3823} INFO - Setting next_dagrun for example_xcom_args to None, run_after=None
[2024-02-28T03:35:31.763+0000] {logging_mixin.py:188} INFO - [2024-02-28T03:35:31.763+0000] {dag.py:3823} INFO - Setting next_dagrun for example_xcom_args_with_operators to None, run_after=None
[2024-02-28T03:35:31.782+0000] {processor.py:183} INFO - Processing /home/airflow/.local/lib/python3.8/site-packages/airflow/example_dags/example_xcomargs.py took 0.074 seconds
