[2024-02-28T03:27:10.683+0000] {processor.py:161} INFO - Started process (PID=437) to work on /home/airflow/.local/lib/python3.8/site-packages/airflow/example_dags/example_latest_only_with_trigger.py
[2024-02-28T03:27:10.693+0000] {processor.py:830} INFO - Processing file /home/airflow/.local/lib/python3.8/site-packages/airflow/example_dags/example_latest_only_with_trigger.py for tasks to queue
[2024-02-28T03:27:10.699+0000] {logging_mixin.py:188} INFO - [2024-02-28T03:27:10.696+0000] {dagbag.py:538} INFO - Filling up the DagBag from /home/airflow/.local/lib/python3.8/site-packages/airflow/example_dags/example_latest_only_with_trigger.py
[2024-02-28T03:27:10.888+0000] {processor.py:840} INFO - DAG(s) 'latest_only_with_trigger' retrieved from /home/airflow/.local/lib/python3.8/site-packages/airflow/example_dags/example_latest_only_with_trigger.py
[2024-02-28T03:27:11.354+0000] {logging_mixin.py:188} INFO - [2024-02-28T03:27:11.354+0000] {dag.py:3036} INFO - Sync 1 DAGs
[2024-02-28T03:27:11.400+0000] {logging_mixin.py:188} INFO - [2024-02-28T03:27:11.400+0000] {dag.py:3823} INFO - Setting next_dagrun for latest_only_with_trigger to 2024-02-27 20:00:00+00:00, run_after=2024-02-28 00:00:00+00:00
[2024-02-28T03:27:11.449+0000] {processor.py:183} INFO - Processing /home/airflow/.local/lib/python3.8/site-packages/airflow/example_dags/example_latest_only_with_trigger.py took 0.762 seconds
[2024-02-28T03:27:42.231+0000] {processor.py:161} INFO - Started process (PID=761) to work on /home/airflow/.local/lib/python3.8/site-packages/airflow/example_dags/example_latest_only_with_trigger.py
[2024-02-28T03:27:42.233+0000] {processor.py:830} INFO - Processing file /home/airflow/.local/lib/python3.8/site-packages/airflow/example_dags/example_latest_only_with_trigger.py for tasks to queue
[2024-02-28T03:27:42.234+0000] {logging_mixin.py:188} INFO - [2024-02-28T03:27:42.234+0000] {dagbag.py:538} INFO - Filling up the DagBag from /home/airflow/.local/lib/python3.8/site-packages/airflow/example_dags/example_latest_only_with_trigger.py
[2024-02-28T03:27:42.245+0000] {processor.py:840} INFO - DAG(s) 'latest_only_with_trigger' retrieved from /home/airflow/.local/lib/python3.8/site-packages/airflow/example_dags/example_latest_only_with_trigger.py
[2024-02-28T03:27:42.292+0000] {logging_mixin.py:188} INFO - [2024-02-28T03:27:42.292+0000] {dag.py:3036} INFO - Sync 1 DAGs
[2024-02-28T03:27:42.337+0000] {logging_mixin.py:188} INFO - [2024-02-28T03:27:42.337+0000] {dag.py:3823} INFO - Setting next_dagrun for latest_only_with_trigger to 2024-02-27 20:00:00+00:00, run_after=2024-02-28 00:00:00+00:00
[2024-02-28T03:27:42.378+0000] {processor.py:183} INFO - Processing /home/airflow/.local/lib/python3.8/site-packages/airflow/example_dags/example_latest_only_with_trigger.py took 0.151 seconds
[2024-02-28T03:28:20.903+0000] {processor.py:161} INFO - Started process (PID=1070) to work on /home/airflow/.local/lib/python3.8/site-packages/airflow/example_dags/example_latest_only_with_trigger.py
[2024-02-28T03:28:20.906+0000] {processor.py:830} INFO - Processing file /home/airflow/.local/lib/python3.8/site-packages/airflow/example_dags/example_latest_only_with_trigger.py for tasks to queue
[2024-02-28T03:28:20.908+0000] {logging_mixin.py:188} INFO - [2024-02-28T03:28:20.907+0000] {dagbag.py:538} INFO - Filling up the DagBag from /home/airflow/.local/lib/python3.8/site-packages/airflow/example_dags/example_latest_only_with_trigger.py
[2024-02-28T03:28:20.919+0000] {processor.py:840} INFO - DAG(s) 'latest_only_with_trigger' retrieved from /home/airflow/.local/lib/python3.8/site-packages/airflow/example_dags/example_latest_only_with_trigger.py
[2024-02-28T03:28:20.950+0000] {logging_mixin.py:188} INFO - [2024-02-28T03:28:20.949+0000] {dag.py:3036} INFO - Sync 1 DAGs
[2024-02-28T03:28:20.997+0000] {logging_mixin.py:188} INFO - [2024-02-28T03:28:20.997+0000] {dag.py:3823} INFO - Setting next_dagrun for latest_only_with_trigger to 2024-02-27 20:00:00+00:00, run_after=2024-02-28 00:00:00+00:00
[2024-02-28T03:28:21.059+0000] {processor.py:183} INFO - Processing /home/airflow/.local/lib/python3.8/site-packages/airflow/example_dags/example_latest_only_with_trigger.py took 0.161 seconds
[2024-02-28T03:29:00.840+0000] {processor.py:161} INFO - Started process (PID=1394) to work on /home/airflow/.local/lib/python3.8/site-packages/airflow/example_dags/example_latest_only_with_trigger.py
[2024-02-28T03:29:00.844+0000] {processor.py:830} INFO - Processing file /home/airflow/.local/lib/python3.8/site-packages/airflow/example_dags/example_latest_only_with_trigger.py for tasks to queue
[2024-02-28T03:29:00.847+0000] {logging_mixin.py:188} INFO - [2024-02-28T03:29:00.845+0000] {dagbag.py:538} INFO - Filling up the DagBag from /home/airflow/.local/lib/python3.8/site-packages/airflow/example_dags/example_latest_only_with_trigger.py
[2024-02-28T03:29:00.865+0000] {processor.py:840} INFO - DAG(s) 'latest_only_with_trigger' retrieved from /home/airflow/.local/lib/python3.8/site-packages/airflow/example_dags/example_latest_only_with_trigger.py
[2024-02-28T03:29:00.919+0000] {logging_mixin.py:188} INFO - [2024-02-28T03:29:00.919+0000] {dag.py:3036} INFO - Sync 1 DAGs
[2024-02-28T03:29:00.956+0000] {logging_mixin.py:188} INFO - [2024-02-28T03:29:00.956+0000] {dag.py:3823} INFO - Setting next_dagrun for latest_only_with_trigger to 2024-02-27 20:00:00+00:00, run_after=2024-02-28 00:00:00+00:00
[2024-02-28T03:29:01.005+0000] {processor.py:183} INFO - Processing /home/airflow/.local/lib/python3.8/site-packages/airflow/example_dags/example_latest_only_with_trigger.py took 0.170 seconds
[2024-02-28T03:29:31.484+0000] {processor.py:161} INFO - Started process (PID=1713) to work on /home/airflow/.local/lib/python3.8/site-packages/airflow/example_dags/example_latest_only_with_trigger.py
[2024-02-28T03:29:31.487+0000] {processor.py:830} INFO - Processing file /home/airflow/.local/lib/python3.8/site-packages/airflow/example_dags/example_latest_only_with_trigger.py for tasks to queue
[2024-02-28T03:29:31.489+0000] {logging_mixin.py:188} INFO - [2024-02-28T03:29:31.489+0000] {dagbag.py:538} INFO - Filling up the DagBag from /home/airflow/.local/lib/python3.8/site-packages/airflow/example_dags/example_latest_only_with_trigger.py
[2024-02-28T03:29:31.502+0000] {processor.py:840} INFO - DAG(s) 'latest_only_with_trigger' retrieved from /home/airflow/.local/lib/python3.8/site-packages/airflow/example_dags/example_latest_only_with_trigger.py
[2024-02-28T03:29:31.544+0000] {logging_mixin.py:188} INFO - [2024-02-28T03:29:31.543+0000] {dag.py:3036} INFO - Sync 1 DAGs
[2024-02-28T03:29:31.582+0000] {logging_mixin.py:188} INFO - [2024-02-28T03:29:31.582+0000] {dag.py:3823} INFO - Setting next_dagrun for latest_only_with_trigger to 2024-02-27 20:00:00+00:00, run_after=2024-02-28 00:00:00+00:00
[2024-02-28T03:29:31.627+0000] {processor.py:183} INFO - Processing /home/airflow/.local/lib/python3.8/site-packages/airflow/example_dags/example_latest_only_with_trigger.py took 0.147 seconds
[2024-02-28T03:30:02.536+0000] {processor.py:161} INFO - Started process (PID=2025) to work on /home/airflow/.local/lib/python3.8/site-packages/airflow/example_dags/example_latest_only_with_trigger.py
[2024-02-28T03:30:02.537+0000] {processor.py:830} INFO - Processing file /home/airflow/.local/lib/python3.8/site-packages/airflow/example_dags/example_latest_only_with_trigger.py for tasks to queue
[2024-02-28T03:30:02.538+0000] {logging_mixin.py:188} INFO - [2024-02-28T03:30:02.538+0000] {dagbag.py:538} INFO - Filling up the DagBag from /home/airflow/.local/lib/python3.8/site-packages/airflow/example_dags/example_latest_only_with_trigger.py
[2024-02-28T03:30:02.544+0000] {processor.py:840} INFO - DAG(s) 'latest_only_with_trigger' retrieved from /home/airflow/.local/lib/python3.8/site-packages/airflow/example_dags/example_latest_only_with_trigger.py
[2024-02-28T03:30:02.566+0000] {logging_mixin.py:188} INFO - [2024-02-28T03:30:02.565+0000] {dag.py:3036} INFO - Sync 1 DAGs
[2024-02-28T03:30:02.587+0000] {logging_mixin.py:188} INFO - [2024-02-28T03:30:02.587+0000] {dag.py:3823} INFO - Setting next_dagrun for latest_only_with_trigger to 2024-02-27 20:00:00+00:00, run_after=2024-02-28 00:00:00+00:00
[2024-02-28T03:30:02.614+0000] {processor.py:183} INFO - Processing /home/airflow/.local/lib/python3.8/site-packages/airflow/example_dags/example_latest_only_with_trigger.py took 0.082 seconds
[2024-02-28T03:30:35.029+0000] {processor.py:161} INFO - Started process (PID=2336) to work on /home/airflow/.local/lib/python3.8/site-packages/airflow/example_dags/example_latest_only_with_trigger.py
[2024-02-28T03:30:35.031+0000] {processor.py:830} INFO - Processing file /home/airflow/.local/lib/python3.8/site-packages/airflow/example_dags/example_latest_only_with_trigger.py for tasks to queue
[2024-02-28T03:30:35.032+0000] {logging_mixin.py:188} INFO - [2024-02-28T03:30:35.031+0000] {dagbag.py:538} INFO - Filling up the DagBag from /home/airflow/.local/lib/python3.8/site-packages/airflow/example_dags/example_latest_only_with_trigger.py
[2024-02-28T03:30:35.041+0000] {processor.py:840} INFO - DAG(s) 'latest_only_with_trigger' retrieved from /home/airflow/.local/lib/python3.8/site-packages/airflow/example_dags/example_latest_only_with_trigger.py
[2024-02-28T03:30:35.068+0000] {logging_mixin.py:188} INFO - [2024-02-28T03:30:35.067+0000] {dag.py:3036} INFO - Sync 1 DAGs
[2024-02-28T03:30:35.094+0000] {logging_mixin.py:188} INFO - [2024-02-28T03:30:35.094+0000] {dag.py:3823} INFO - Setting next_dagrun for latest_only_with_trigger to 2024-02-27 20:00:00+00:00, run_after=2024-02-28 00:00:00+00:00
[2024-02-28T03:30:35.119+0000] {processor.py:183} INFO - Processing /home/airflow/.local/lib/python3.8/site-packages/airflow/example_dags/example_latest_only_with_trigger.py took 0.093 seconds
[2024-02-28T03:31:05.734+0000] {processor.py:161} INFO - Started process (PID=2643) to work on /home/airflow/.local/lib/python3.8/site-packages/airflow/example_dags/example_latest_only_with_trigger.py
[2024-02-28T03:31:05.736+0000] {processor.py:830} INFO - Processing file /home/airflow/.local/lib/python3.8/site-packages/airflow/example_dags/example_latest_only_with_trigger.py for tasks to queue
[2024-02-28T03:31:05.737+0000] {logging_mixin.py:188} INFO - [2024-02-28T03:31:05.736+0000] {dagbag.py:538} INFO - Filling up the DagBag from /home/airflow/.local/lib/python3.8/site-packages/airflow/example_dags/example_latest_only_with_trigger.py
[2024-02-28T03:31:05.743+0000] {processor.py:840} INFO - DAG(s) 'latest_only_with_trigger' retrieved from /home/airflow/.local/lib/python3.8/site-packages/airflow/example_dags/example_latest_only_with_trigger.py
[2024-02-28T03:31:05.763+0000] {logging_mixin.py:188} INFO - [2024-02-28T03:31:05.763+0000] {dag.py:3036} INFO - Sync 1 DAGs
[2024-02-28T03:31:05.782+0000] {logging_mixin.py:188} INFO - [2024-02-28T03:31:05.782+0000] {dag.py:3823} INFO - Setting next_dagrun for latest_only_with_trigger to 2024-02-27 20:00:00+00:00, run_after=2024-02-28 00:00:00+00:00
[2024-02-28T03:31:05.804+0000] {processor.py:183} INFO - Processing /home/airflow/.local/lib/python3.8/site-packages/airflow/example_dags/example_latest_only_with_trigger.py took 0.073 seconds
[2024-02-28T03:31:38.210+0000] {processor.py:161} INFO - Started process (PID=2958) to work on /home/airflow/.local/lib/python3.8/site-packages/airflow/example_dags/example_latest_only_with_trigger.py
[2024-02-28T03:31:38.212+0000] {processor.py:830} INFO - Processing file /home/airflow/.local/lib/python3.8/site-packages/airflow/example_dags/example_latest_only_with_trigger.py for tasks to queue
[2024-02-28T03:31:38.214+0000] {logging_mixin.py:188} INFO - [2024-02-28T03:31:38.213+0000] {dagbag.py:538} INFO - Filling up the DagBag from /home/airflow/.local/lib/python3.8/site-packages/airflow/example_dags/example_latest_only_with_trigger.py
[2024-02-28T03:31:38.223+0000] {processor.py:840} INFO - DAG(s) 'latest_only_with_trigger' retrieved from /home/airflow/.local/lib/python3.8/site-packages/airflow/example_dags/example_latest_only_with_trigger.py
[2024-02-28T03:31:38.251+0000] {logging_mixin.py:188} INFO - [2024-02-28T03:31:38.250+0000] {dag.py:3036} INFO - Sync 1 DAGs
[2024-02-28T03:31:38.283+0000] {logging_mixin.py:188} INFO - [2024-02-28T03:31:38.282+0000] {dag.py:3823} INFO - Setting next_dagrun for latest_only_with_trigger to 2024-02-27 20:00:00+00:00, run_after=2024-02-28 00:00:00+00:00
[2024-02-28T03:31:38.313+0000] {processor.py:183} INFO - Processing /home/airflow/.local/lib/python3.8/site-packages/airflow/example_dags/example_latest_only_with_trigger.py took 0.107 seconds
[2024-02-28T03:32:17.668+0000] {processor.py:161} INFO - Started process (PID=3286) to work on /home/airflow/.local/lib/python3.8/site-packages/airflow/example_dags/example_latest_only_with_trigger.py
[2024-02-28T03:32:17.669+0000] {processor.py:830} INFO - Processing file /home/airflow/.local/lib/python3.8/site-packages/airflow/example_dags/example_latest_only_with_trigger.py for tasks to queue
[2024-02-28T03:32:17.670+0000] {logging_mixin.py:188} INFO - [2024-02-28T03:32:17.670+0000] {dagbag.py:538} INFO - Filling up the DagBag from /home/airflow/.local/lib/python3.8/site-packages/airflow/example_dags/example_latest_only_with_trigger.py
[2024-02-28T03:32:17.682+0000] {processor.py:840} INFO - DAG(s) 'latest_only_with_trigger' retrieved from /home/airflow/.local/lib/python3.8/site-packages/airflow/example_dags/example_latest_only_with_trigger.py
[2024-02-28T03:32:17.702+0000] {logging_mixin.py:188} INFO - [2024-02-28T03:32:17.702+0000] {dag.py:3036} INFO - Sync 1 DAGs
[2024-02-28T03:32:17.727+0000] {logging_mixin.py:188} INFO - [2024-02-28T03:32:17.727+0000] {dag.py:3823} INFO - Setting next_dagrun for latest_only_with_trigger to 2024-02-27 20:00:00+00:00, run_after=2024-02-28 00:00:00+00:00
[2024-02-28T03:32:17.753+0000] {processor.py:183} INFO - Processing /home/airflow/.local/lib/python3.8/site-packages/airflow/example_dags/example_latest_only_with_trigger.py took 0.089 seconds
[2024-02-28T03:32:49.801+0000] {processor.py:161} INFO - Started process (PID=3598) to work on /home/airflow/.local/lib/python3.8/site-packages/airflow/example_dags/example_latest_only_with_trigger.py
[2024-02-28T03:32:49.802+0000] {processor.py:830} INFO - Processing file /home/airflow/.local/lib/python3.8/site-packages/airflow/example_dags/example_latest_only_with_trigger.py for tasks to queue
[2024-02-28T03:32:49.803+0000] {logging_mixin.py:188} INFO - [2024-02-28T03:32:49.803+0000] {dagbag.py:538} INFO - Filling up the DagBag from /home/airflow/.local/lib/python3.8/site-packages/airflow/example_dags/example_latest_only_with_trigger.py
[2024-02-28T03:32:49.813+0000] {processor.py:840} INFO - DAG(s) 'latest_only_with_trigger' retrieved from /home/airflow/.local/lib/python3.8/site-packages/airflow/example_dags/example_latest_only_with_trigger.py
[2024-02-28T03:32:49.841+0000] {logging_mixin.py:188} INFO - [2024-02-28T03:32:49.841+0000] {dag.py:3036} INFO - Sync 1 DAGs
[2024-02-28T03:32:49.869+0000] {logging_mixin.py:188} INFO - [2024-02-28T03:32:49.868+0000] {dag.py:3823} INFO - Setting next_dagrun for latest_only_with_trigger to 2024-02-27 20:00:00+00:00, run_after=2024-02-28 00:00:00+00:00
[2024-02-28T03:32:49.897+0000] {processor.py:183} INFO - Processing /home/airflow/.local/lib/python3.8/site-packages/airflow/example_dags/example_latest_only_with_trigger.py took 0.099 seconds
[2024-02-28T03:33:22.333+0000] {processor.py:161} INFO - Started process (PID=3917) to work on /home/airflow/.local/lib/python3.8/site-packages/airflow/example_dags/example_latest_only_with_trigger.py
[2024-02-28T03:33:22.334+0000] {processor.py:830} INFO - Processing file /home/airflow/.local/lib/python3.8/site-packages/airflow/example_dags/example_latest_only_with_trigger.py for tasks to queue
[2024-02-28T03:33:22.335+0000] {logging_mixin.py:188} INFO - [2024-02-28T03:33:22.335+0000] {dagbag.py:538} INFO - Filling up the DagBag from /home/airflow/.local/lib/python3.8/site-packages/airflow/example_dags/example_latest_only_with_trigger.py
[2024-02-28T03:33:22.341+0000] {processor.py:840} INFO - DAG(s) 'latest_only_with_trigger' retrieved from /home/airflow/.local/lib/python3.8/site-packages/airflow/example_dags/example_latest_only_with_trigger.py
[2024-02-28T03:33:22.366+0000] {logging_mixin.py:188} INFO - [2024-02-28T03:33:22.366+0000] {dag.py:3036} INFO - Sync 1 DAGs
[2024-02-28T03:33:22.400+0000] {logging_mixin.py:188} INFO - [2024-02-28T03:33:22.399+0000] {dag.py:3823} INFO - Setting next_dagrun for latest_only_with_trigger to 2024-02-27 20:00:00+00:00, run_after=2024-02-28 00:00:00+00:00
[2024-02-28T03:33:22.434+0000] {processor.py:183} INFO - Processing /home/airflow/.local/lib/python3.8/site-packages/airflow/example_dags/example_latest_only_with_trigger.py took 0.105 seconds
[2024-02-28T03:33:54.084+0000] {processor.py:161} INFO - Started process (PID=4228) to work on /home/airflow/.local/lib/python3.8/site-packages/airflow/example_dags/example_latest_only_with_trigger.py
[2024-02-28T03:33:54.086+0000] {processor.py:830} INFO - Processing file /home/airflow/.local/lib/python3.8/site-packages/airflow/example_dags/example_latest_only_with_trigger.py for tasks to queue
[2024-02-28T03:33:54.087+0000] {logging_mixin.py:188} INFO - [2024-02-28T03:33:54.086+0000] {dagbag.py:538} INFO - Filling up the DagBag from /home/airflow/.local/lib/python3.8/site-packages/airflow/example_dags/example_latest_only_with_trigger.py
[2024-02-28T03:33:54.095+0000] {processor.py:840} INFO - DAG(s) 'latest_only_with_trigger' retrieved from /home/airflow/.local/lib/python3.8/site-packages/airflow/example_dags/example_latest_only_with_trigger.py
[2024-02-28T03:33:54.119+0000] {logging_mixin.py:188} INFO - [2024-02-28T03:33:54.119+0000] {dag.py:3036} INFO - Sync 1 DAGs
[2024-02-28T03:33:54.153+0000] {logging_mixin.py:188} INFO - [2024-02-28T03:33:54.153+0000] {dag.py:3823} INFO - Setting next_dagrun for latest_only_with_trigger to 2024-02-27 20:00:00+00:00, run_after=2024-02-28 00:00:00+00:00
[2024-02-28T03:33:54.197+0000] {processor.py:183} INFO - Processing /home/airflow/.local/lib/python3.8/site-packages/airflow/example_dags/example_latest_only_with_trigger.py took 0.115 seconds
[2024-02-28T03:34:24.826+0000] {processor.py:161} INFO - Started process (PID=4522) to work on /home/airflow/.local/lib/python3.8/site-packages/airflow/example_dags/example_latest_only_with_trigger.py
[2024-02-28T03:34:24.828+0000] {processor.py:830} INFO - Processing file /home/airflow/.local/lib/python3.8/site-packages/airflow/example_dags/example_latest_only_with_trigger.py for tasks to queue
[2024-02-28T03:34:24.830+0000] {logging_mixin.py:188} INFO - [2024-02-28T03:34:24.830+0000] {dagbag.py:538} INFO - Filling up the DagBag from /home/airflow/.local/lib/python3.8/site-packages/airflow/example_dags/example_latest_only_with_trigger.py
[2024-02-28T03:34:24.845+0000] {processor.py:840} INFO - DAG(s) 'latest_only_with_trigger' retrieved from /home/airflow/.local/lib/python3.8/site-packages/airflow/example_dags/example_latest_only_with_trigger.py
[2024-02-28T03:34:24.933+0000] {logging_mixin.py:188} INFO - [2024-02-28T03:34:24.933+0000] {dag.py:3036} INFO - Sync 1 DAGs
[2024-02-28T03:34:24.993+0000] {logging_mixin.py:188} INFO - [2024-02-28T03:34:24.992+0000] {dag.py:3823} INFO - Setting next_dagrun for latest_only_with_trigger to 2024-02-27 20:00:00+00:00, run_after=2024-02-28 00:00:00+00:00
[2024-02-28T03:34:25.084+0000] {processor.py:183} INFO - Processing /home/airflow/.local/lib/python3.8/site-packages/airflow/example_dags/example_latest_only_with_trigger.py took 0.272 seconds
[2024-02-28T03:34:56.106+0000] {processor.py:161} INFO - Started process (PID=4830) to work on /home/airflow/.local/lib/python3.8/site-packages/airflow/example_dags/example_latest_only_with_trigger.py
[2024-02-28T03:34:56.107+0000] {processor.py:830} INFO - Processing file /home/airflow/.local/lib/python3.8/site-packages/airflow/example_dags/example_latest_only_with_trigger.py for tasks to queue
[2024-02-28T03:34:56.108+0000] {logging_mixin.py:188} INFO - [2024-02-28T03:34:56.108+0000] {dagbag.py:538} INFO - Filling up the DagBag from /home/airflow/.local/lib/python3.8/site-packages/airflow/example_dags/example_latest_only_with_trigger.py
[2024-02-28T03:34:56.114+0000] {processor.py:840} INFO - DAG(s) 'latest_only_with_trigger' retrieved from /home/airflow/.local/lib/python3.8/site-packages/airflow/example_dags/example_latest_only_with_trigger.py
[2024-02-28T03:34:56.134+0000] {logging_mixin.py:188} INFO - [2024-02-28T03:34:56.134+0000] {dag.py:3036} INFO - Sync 1 DAGs
[2024-02-28T03:34:56.153+0000] {logging_mixin.py:188} INFO - [2024-02-28T03:34:56.153+0000] {dag.py:3823} INFO - Setting next_dagrun for latest_only_with_trigger to 2024-02-27 20:00:00+00:00, run_after=2024-02-28 00:00:00+00:00
[2024-02-28T03:34:56.177+0000] {processor.py:183} INFO - Processing /home/airflow/.local/lib/python3.8/site-packages/airflow/example_dags/example_latest_only_with_trigger.py took 0.074 seconds
[2024-02-28T03:35:26.642+0000] {processor.py:161} INFO - Started process (PID=5141) to work on /home/airflow/.local/lib/python3.8/site-packages/airflow/example_dags/example_latest_only_with_trigger.py
[2024-02-28T03:35:26.643+0000] {processor.py:830} INFO - Processing file /home/airflow/.local/lib/python3.8/site-packages/airflow/example_dags/example_latest_only_with_trigger.py for tasks to queue
[2024-02-28T03:35:26.644+0000] {logging_mixin.py:188} INFO - [2024-02-28T03:35:26.644+0000] {dagbag.py:538} INFO - Filling up the DagBag from /home/airflow/.local/lib/python3.8/site-packages/airflow/example_dags/example_latest_only_with_trigger.py
[2024-02-28T03:35:26.650+0000] {processor.py:840} INFO - DAG(s) 'latest_only_with_trigger' retrieved from /home/airflow/.local/lib/python3.8/site-packages/airflow/example_dags/example_latest_only_with_trigger.py
[2024-02-28T03:35:26.671+0000] {logging_mixin.py:188} INFO - [2024-02-28T03:35:26.671+0000] {dag.py:3036} INFO - Sync 1 DAGs
[2024-02-28T03:35:26.691+0000] {logging_mixin.py:188} INFO - [2024-02-28T03:35:26.690+0000] {dag.py:3823} INFO - Setting next_dagrun for latest_only_with_trigger to 2024-02-27 20:00:00+00:00, run_after=2024-02-28 00:00:00+00:00
[2024-02-28T03:35:26.715+0000] {processor.py:183} INFO - Processing /home/airflow/.local/lib/python3.8/site-packages/airflow/example_dags/example_latest_only_with_trigger.py took 0.076 seconds
