[2024-02-28T03:27:03.235+0000] {processor.py:161} INFO - Started process (PID=336) to work on /home/airflow/.local/lib/python3.8/site-packages/airflow/example_dags/tutorial.py
[2024-02-28T03:27:03.237+0000] {processor.py:830} INFO - Processing file /home/airflow/.local/lib/python3.8/site-packages/airflow/example_dags/tutorial.py for tasks to queue
[2024-02-28T03:27:03.238+0000] {logging_mixin.py:188} INFO - [2024-02-28T03:27:03.238+0000] {dagbag.py:538} INFO - Filling up the DagBag from /home/airflow/.local/lib/python3.8/site-packages/airflow/example_dags/tutorial.py
[2024-02-28T03:27:03.256+0000] {processor.py:840} INFO - DAG(s) 'tutorial' retrieved from /home/airflow/.local/lib/python3.8/site-packages/airflow/example_dags/tutorial.py
[2024-02-28T03:27:03.611+0000] {logging_mixin.py:188} INFO - [2024-02-28T03:27:03.610+0000] {dag.py:3036} INFO - Sync 1 DAGs
[2024-02-28T03:27:03.640+0000] {logging_mixin.py:188} INFO - [2024-02-28T03:27:03.640+0000] {dag.py:3823} INFO - Setting next_dagrun for tutorial to 2024-02-27 00:00:00+00:00, run_after=2024-02-28 00:00:00+00:00
[2024-02-28T03:27:03.701+0000] {processor.py:183} INFO - Processing /home/airflow/.local/lib/python3.8/site-packages/airflow/example_dags/tutorial.py took 0.470 seconds
[2024-02-28T03:27:37.455+0000] {processor.py:161} INFO - Started process (PID=660) to work on /home/airflow/.local/lib/python3.8/site-packages/airflow/example_dags/tutorial.py
[2024-02-28T03:27:37.461+0000] {processor.py:830} INFO - Processing file /home/airflow/.local/lib/python3.8/site-packages/airflow/example_dags/tutorial.py for tasks to queue
[2024-02-28T03:27:37.466+0000] {logging_mixin.py:188} INFO - [2024-02-28T03:27:37.465+0000] {dagbag.py:538} INFO - Filling up the DagBag from /home/airflow/.local/lib/python3.8/site-packages/airflow/example_dags/tutorial.py
[2024-02-28T03:27:37.489+0000] {processor.py:840} INFO - DAG(s) 'tutorial' retrieved from /home/airflow/.local/lib/python3.8/site-packages/airflow/example_dags/tutorial.py
[2024-02-28T03:27:37.566+0000] {logging_mixin.py:188} INFO - [2024-02-28T03:27:37.565+0000] {dag.py:3036} INFO - Sync 1 DAGs
[2024-02-28T03:27:37.653+0000] {logging_mixin.py:188} INFO - [2024-02-28T03:27:37.652+0000] {dag.py:3823} INFO - Setting next_dagrun for tutorial to 2024-02-27 00:00:00+00:00, run_after=2024-02-28 00:00:00+00:00
[2024-02-28T03:27:37.747+0000] {processor.py:183} INFO - Processing /home/airflow/.local/lib/python3.8/site-packages/airflow/example_dags/tutorial.py took 0.297 seconds
[2024-02-28T03:28:18.819+0000] {processor.py:161} INFO - Started process (PID=975) to work on /home/airflow/.local/lib/python3.8/site-packages/airflow/example_dags/tutorial.py
[2024-02-28T03:28:18.821+0000] {processor.py:830} INFO - Processing file /home/airflow/.local/lib/python3.8/site-packages/airflow/example_dags/tutorial.py for tasks to queue
[2024-02-28T03:28:18.822+0000] {logging_mixin.py:188} INFO - [2024-02-28T03:28:18.822+0000] {dagbag.py:538} INFO - Filling up the DagBag from /home/airflow/.local/lib/python3.8/site-packages/airflow/example_dags/tutorial.py
[2024-02-28T03:28:18.853+0000] {processor.py:840} INFO - DAG(s) 'tutorial' retrieved from /home/airflow/.local/lib/python3.8/site-packages/airflow/example_dags/tutorial.py
[2024-02-28T03:28:18.882+0000] {logging_mixin.py:188} INFO - [2024-02-28T03:28:18.881+0000] {dag.py:3036} INFO - Sync 1 DAGs
[2024-02-28T03:28:18.924+0000] {logging_mixin.py:188} INFO - [2024-02-28T03:28:18.923+0000] {dag.py:3823} INFO - Setting next_dagrun for tutorial to 2024-02-27 00:00:00+00:00, run_after=2024-02-28 00:00:00+00:00
[2024-02-28T03:28:19.003+0000] {processor.py:183} INFO - Processing /home/airflow/.local/lib/python3.8/site-packages/airflow/example_dags/tutorial.py took 0.193 seconds
[2024-02-28T03:28:56.880+0000] {processor.py:161} INFO - Started process (PID=1297) to work on /home/airflow/.local/lib/python3.8/site-packages/airflow/example_dags/tutorial.py
[2024-02-28T03:28:56.884+0000] {processor.py:830} INFO - Processing file /home/airflow/.local/lib/python3.8/site-packages/airflow/example_dags/tutorial.py for tasks to queue
[2024-02-28T03:28:56.889+0000] {logging_mixin.py:188} INFO - [2024-02-28T03:28:56.888+0000] {dagbag.py:538} INFO - Filling up the DagBag from /home/airflow/.local/lib/python3.8/site-packages/airflow/example_dags/tutorial.py
[2024-02-28T03:28:56.912+0000] {processor.py:840} INFO - DAG(s) 'tutorial' retrieved from /home/airflow/.local/lib/python3.8/site-packages/airflow/example_dags/tutorial.py
[2024-02-28T03:28:56.952+0000] {logging_mixin.py:188} INFO - [2024-02-28T03:28:56.952+0000] {dag.py:3036} INFO - Sync 1 DAGs
[2024-02-28T03:28:57.010+0000] {logging_mixin.py:188} INFO - [2024-02-28T03:28:57.010+0000] {dag.py:3823} INFO - Setting next_dagrun for tutorial to 2024-02-27 00:00:00+00:00, run_after=2024-02-28 00:00:00+00:00
[2024-02-28T03:28:57.055+0000] {processor.py:183} INFO - Processing /home/airflow/.local/lib/python3.8/site-packages/airflow/example_dags/tutorial.py took 0.182 seconds
[2024-02-28T03:29:29.166+0000] {processor.py:161} INFO - Started process (PID=1615) to work on /home/airflow/.local/lib/python3.8/site-packages/airflow/example_dags/tutorial.py
[2024-02-28T03:29:29.168+0000] {processor.py:830} INFO - Processing file /home/airflow/.local/lib/python3.8/site-packages/airflow/example_dags/tutorial.py for tasks to queue
[2024-02-28T03:29:29.170+0000] {logging_mixin.py:188} INFO - [2024-02-28T03:29:29.170+0000] {dagbag.py:538} INFO - Filling up the DagBag from /home/airflow/.local/lib/python3.8/site-packages/airflow/example_dags/tutorial.py
[2024-02-28T03:29:29.187+0000] {processor.py:840} INFO - DAG(s) 'tutorial' retrieved from /home/airflow/.local/lib/python3.8/site-packages/airflow/example_dags/tutorial.py
[2024-02-28T03:29:29.243+0000] {logging_mixin.py:188} INFO - [2024-02-28T03:29:29.243+0000] {dag.py:3036} INFO - Sync 1 DAGs
[2024-02-28T03:29:29.286+0000] {logging_mixin.py:188} INFO - [2024-02-28T03:29:29.286+0000] {dag.py:3823} INFO - Setting next_dagrun for tutorial to 2024-02-27 00:00:00+00:00, run_after=2024-02-28 00:00:00+00:00
[2024-02-28T03:29:29.315+0000] {processor.py:183} INFO - Processing /home/airflow/.local/lib/python3.8/site-packages/airflow/example_dags/tutorial.py took 0.161 seconds
[2024-02-28T03:29:59.734+0000] {processor.py:161} INFO - Started process (PID=1920) to work on /home/airflow/.local/lib/python3.8/site-packages/airflow/example_dags/tutorial.py
[2024-02-28T03:29:59.735+0000] {processor.py:830} INFO - Processing file /home/airflow/.local/lib/python3.8/site-packages/airflow/example_dags/tutorial.py for tasks to queue
[2024-02-28T03:29:59.736+0000] {logging_mixin.py:188} INFO - [2024-02-28T03:29:59.736+0000] {dagbag.py:538} INFO - Filling up the DagBag from /home/airflow/.local/lib/python3.8/site-packages/airflow/example_dags/tutorial.py
[2024-02-28T03:29:59.744+0000] {processor.py:840} INFO - DAG(s) 'tutorial' retrieved from /home/airflow/.local/lib/python3.8/site-packages/airflow/example_dags/tutorial.py
[2024-02-28T03:29:59.763+0000] {logging_mixin.py:188} INFO - [2024-02-28T03:29:59.763+0000] {dag.py:3036} INFO - Sync 1 DAGs
[2024-02-28T03:29:59.791+0000] {logging_mixin.py:188} INFO - [2024-02-28T03:29:59.791+0000] {dag.py:3823} INFO - Setting next_dagrun for tutorial to 2024-02-27 00:00:00+00:00, run_after=2024-02-28 00:00:00+00:00
[2024-02-28T03:29:59.813+0000] {processor.py:183} INFO - Processing /home/airflow/.local/lib/python3.8/site-packages/airflow/example_dags/tutorial.py took 0.082 seconds
[2024-02-28T03:30:32.618+0000] {processor.py:161} INFO - Started process (PID=2230) to work on /home/airflow/.local/lib/python3.8/site-packages/airflow/example_dags/tutorial.py
[2024-02-28T03:30:32.620+0000] {processor.py:830} INFO - Processing file /home/airflow/.local/lib/python3.8/site-packages/airflow/example_dags/tutorial.py for tasks to queue
[2024-02-28T03:30:32.621+0000] {logging_mixin.py:188} INFO - [2024-02-28T03:30:32.621+0000] {dagbag.py:538} INFO - Filling up the DagBag from /home/airflow/.local/lib/python3.8/site-packages/airflow/example_dags/tutorial.py
[2024-02-28T03:30:32.629+0000] {processor.py:840} INFO - DAG(s) 'tutorial' retrieved from /home/airflow/.local/lib/python3.8/site-packages/airflow/example_dags/tutorial.py
[2024-02-28T03:30:32.650+0000] {logging_mixin.py:188} INFO - [2024-02-28T03:30:32.650+0000] {dag.py:3036} INFO - Sync 1 DAGs
[2024-02-28T03:30:32.685+0000] {logging_mixin.py:188} INFO - [2024-02-28T03:30:32.685+0000] {dag.py:3823} INFO - Setting next_dagrun for tutorial to 2024-02-27 00:00:00+00:00, run_after=2024-02-28 00:00:00+00:00
[2024-02-28T03:30:32.717+0000] {processor.py:183} INFO - Processing /home/airflow/.local/lib/python3.8/site-packages/airflow/example_dags/tutorial.py took 0.103 seconds
[2024-02-28T03:31:03.681+0000] {processor.py:161} INFO - Started process (PID=2538) to work on /home/airflow/.local/lib/python3.8/site-packages/airflow/example_dags/tutorial.py
[2024-02-28T03:31:03.683+0000] {processor.py:830} INFO - Processing file /home/airflow/.local/lib/python3.8/site-packages/airflow/example_dags/tutorial.py for tasks to queue
[2024-02-28T03:31:03.684+0000] {logging_mixin.py:188} INFO - [2024-02-28T03:31:03.683+0000] {dagbag.py:538} INFO - Filling up the DagBag from /home/airflow/.local/lib/python3.8/site-packages/airflow/example_dags/tutorial.py
[2024-02-28T03:31:03.691+0000] {processor.py:840} INFO - DAG(s) 'tutorial' retrieved from /home/airflow/.local/lib/python3.8/site-packages/airflow/example_dags/tutorial.py
[2024-02-28T03:31:03.711+0000] {logging_mixin.py:188} INFO - [2024-02-28T03:31:03.710+0000] {dag.py:3036} INFO - Sync 1 DAGs
[2024-02-28T03:31:03.742+0000] {logging_mixin.py:188} INFO - [2024-02-28T03:31:03.741+0000] {dag.py:3823} INFO - Setting next_dagrun for tutorial to 2024-02-27 00:00:00+00:00, run_after=2024-02-28 00:00:00+00:00
[2024-02-28T03:31:03.773+0000] {processor.py:183} INFO - Processing /home/airflow/.local/lib/python3.8/site-packages/airflow/example_dags/tutorial.py took 0.096 seconds
[2024-02-28T03:31:34.492+0000] {processor.py:161} INFO - Started process (PID=2841) to work on /home/airflow/.local/lib/python3.8/site-packages/airflow/example_dags/tutorial.py
[2024-02-28T03:31:34.493+0000] {processor.py:830} INFO - Processing file /home/airflow/.local/lib/python3.8/site-packages/airflow/example_dags/tutorial.py for tasks to queue
[2024-02-28T03:31:34.494+0000] {logging_mixin.py:188} INFO - [2024-02-28T03:31:34.493+0000] {dagbag.py:538} INFO - Filling up the DagBag from /home/airflow/.local/lib/python3.8/site-packages/airflow/example_dags/tutorial.py
[2024-02-28T03:31:34.501+0000] {processor.py:840} INFO - DAG(s) 'tutorial' retrieved from /home/airflow/.local/lib/python3.8/site-packages/airflow/example_dags/tutorial.py
[2024-02-28T03:31:34.522+0000] {logging_mixin.py:188} INFO - [2024-02-28T03:31:34.522+0000] {dag.py:3036} INFO - Sync 1 DAGs
[2024-02-28T03:31:34.566+0000] {logging_mixin.py:188} INFO - [2024-02-28T03:31:34.565+0000] {dag.py:3823} INFO - Setting next_dagrun for tutorial to 2024-02-27 00:00:00+00:00, run_after=2024-02-28 00:00:00+00:00
[2024-02-28T03:31:34.674+0000] {processor.py:183} INFO - Processing /home/airflow/.local/lib/python3.8/site-packages/airflow/example_dags/tutorial.py took 0.185 seconds
[2024-02-28T03:32:13.669+0000] {processor.py:161} INFO - Started process (PID=3158) to work on /home/airflow/.local/lib/python3.8/site-packages/airflow/example_dags/tutorial.py
[2024-02-28T03:32:13.670+0000] {processor.py:830} INFO - Processing file /home/airflow/.local/lib/python3.8/site-packages/airflow/example_dags/tutorial.py for tasks to queue
[2024-02-28T03:32:13.672+0000] {logging_mixin.py:188} INFO - [2024-02-28T03:32:13.672+0000] {dagbag.py:538} INFO - Filling up the DagBag from /home/airflow/.local/lib/python3.8/site-packages/airflow/example_dags/tutorial.py
[2024-02-28T03:32:13.691+0000] {processor.py:840} INFO - DAG(s) 'tutorial' retrieved from /home/airflow/.local/lib/python3.8/site-packages/airflow/example_dags/tutorial.py
[2024-02-28T03:32:13.782+0000] {logging_mixin.py:188} INFO - [2024-02-28T03:32:13.781+0000] {dag.py:3036} INFO - Sync 1 DAGs
[2024-02-28T03:32:13.872+0000] {logging_mixin.py:188} INFO - [2024-02-28T03:32:13.872+0000] {dag.py:3823} INFO - Setting next_dagrun for tutorial to 2024-02-27 00:00:00+00:00, run_after=2024-02-28 00:00:00+00:00
[2024-02-28T03:32:13.928+0000] {processor.py:183} INFO - Processing /home/airflow/.local/lib/python3.8/site-packages/airflow/example_dags/tutorial.py took 0.263 seconds
[2024-02-28T03:32:44.531+0000] {processor.py:161} INFO - Started process (PID=3468) to work on /home/airflow/.local/lib/python3.8/site-packages/airflow/example_dags/tutorial.py
[2024-02-28T03:32:44.532+0000] {processor.py:830} INFO - Processing file /home/airflow/.local/lib/python3.8/site-packages/airflow/example_dags/tutorial.py for tasks to queue
[2024-02-28T03:32:44.533+0000] {logging_mixin.py:188} INFO - [2024-02-28T03:32:44.533+0000] {dagbag.py:538} INFO - Filling up the DagBag from /home/airflow/.local/lib/python3.8/site-packages/airflow/example_dags/tutorial.py
[2024-02-28T03:32:44.540+0000] {processor.py:840} INFO - DAG(s) 'tutorial' retrieved from /home/airflow/.local/lib/python3.8/site-packages/airflow/example_dags/tutorial.py
[2024-02-28T03:32:44.560+0000] {logging_mixin.py:188} INFO - [2024-02-28T03:32:44.560+0000] {dag.py:3036} INFO - Sync 1 DAGs
[2024-02-28T03:32:44.583+0000] {logging_mixin.py:188} INFO - [2024-02-28T03:32:44.582+0000] {dag.py:3823} INFO - Setting next_dagrun for tutorial to 2024-02-27 00:00:00+00:00, run_after=2024-02-28 00:00:00+00:00
[2024-02-28T03:32:44.617+0000] {processor.py:183} INFO - Processing /home/airflow/.local/lib/python3.8/site-packages/airflow/example_dags/tutorial.py took 0.090 seconds
[2024-02-28T03:33:15.795+0000] {processor.py:161} INFO - Started process (PID=3775) to work on /home/airflow/.local/lib/python3.8/site-packages/airflow/example_dags/tutorial.py
[2024-02-28T03:33:15.796+0000] {processor.py:830} INFO - Processing file /home/airflow/.local/lib/python3.8/site-packages/airflow/example_dags/tutorial.py for tasks to queue
[2024-02-28T03:33:15.797+0000] {logging_mixin.py:188} INFO - [2024-02-28T03:33:15.797+0000] {dagbag.py:538} INFO - Filling up the DagBag from /home/airflow/.local/lib/python3.8/site-packages/airflow/example_dags/tutorial.py
[2024-02-28T03:33:15.804+0000] {processor.py:840} INFO - DAG(s) 'tutorial' retrieved from /home/airflow/.local/lib/python3.8/site-packages/airflow/example_dags/tutorial.py
[2024-02-28T03:33:15.825+0000] {logging_mixin.py:188} INFO - [2024-02-28T03:33:15.825+0000] {dag.py:3036} INFO - Sync 1 DAGs
[2024-02-28T03:33:15.849+0000] {logging_mixin.py:188} INFO - [2024-02-28T03:33:15.848+0000] {dag.py:3823} INFO - Setting next_dagrun for tutorial to 2024-02-27 00:00:00+00:00, run_after=2024-02-28 00:00:00+00:00
[2024-02-28T03:33:15.872+0000] {processor.py:183} INFO - Processing /home/airflow/.local/lib/python3.8/site-packages/airflow/example_dags/tutorial.py took 0.081 seconds
[2024-02-28T03:33:45.992+0000] {processor.py:161} INFO - Started process (PID=4081) to work on /home/airflow/.local/lib/python3.8/site-packages/airflow/example_dags/tutorial.py
[2024-02-28T03:33:45.993+0000] {processor.py:830} INFO - Processing file /home/airflow/.local/lib/python3.8/site-packages/airflow/example_dags/tutorial.py for tasks to queue
[2024-02-28T03:33:45.994+0000] {logging_mixin.py:188} INFO - [2024-02-28T03:33:45.994+0000] {dagbag.py:538} INFO - Filling up the DagBag from /home/airflow/.local/lib/python3.8/site-packages/airflow/example_dags/tutorial.py
[2024-02-28T03:33:46.000+0000] {processor.py:840} INFO - DAG(s) 'tutorial' retrieved from /home/airflow/.local/lib/python3.8/site-packages/airflow/example_dags/tutorial.py
[2024-02-28T03:33:46.019+0000] {logging_mixin.py:188} INFO - [2024-02-28T03:33:46.019+0000] {dag.py:3036} INFO - Sync 1 DAGs
[2024-02-28T03:33:46.038+0000] {logging_mixin.py:188} INFO - [2024-02-28T03:33:46.038+0000] {dag.py:3823} INFO - Setting next_dagrun for tutorial to 2024-02-27 00:00:00+00:00, run_after=2024-02-28 00:00:00+00:00
[2024-02-28T03:33:46.066+0000] {processor.py:183} INFO - Processing /home/airflow/.local/lib/python3.8/site-packages/airflow/example_dags/tutorial.py took 0.076 seconds
[2024-02-28T03:34:16.690+0000] {processor.py:161} INFO - Started process (PID=4392) to work on /home/airflow/.local/lib/python3.8/site-packages/airflow/example_dags/tutorial.py
[2024-02-28T03:34:16.691+0000] {processor.py:830} INFO - Processing file /home/airflow/.local/lib/python3.8/site-packages/airflow/example_dags/tutorial.py for tasks to queue
[2024-02-28T03:34:16.692+0000] {logging_mixin.py:188} INFO - [2024-02-28T03:34:16.692+0000] {dagbag.py:538} INFO - Filling up the DagBag from /home/airflow/.local/lib/python3.8/site-packages/airflow/example_dags/tutorial.py
[2024-02-28T03:34:16.698+0000] {processor.py:840} INFO - DAG(s) 'tutorial' retrieved from /home/airflow/.local/lib/python3.8/site-packages/airflow/example_dags/tutorial.py
[2024-02-28T03:34:16.724+0000] {logging_mixin.py:188} INFO - [2024-02-28T03:34:16.723+0000] {dag.py:3036} INFO - Sync 1 DAGs
[2024-02-28T03:34:16.748+0000] {logging_mixin.py:188} INFO - [2024-02-28T03:34:16.747+0000] {dag.py:3823} INFO - Setting next_dagrun for tutorial to 2024-02-27 00:00:00+00:00, run_after=2024-02-28 00:00:00+00:00
[2024-02-28T03:34:16.776+0000] {processor.py:183} INFO - Processing /home/airflow/.local/lib/python3.8/site-packages/airflow/example_dags/tutorial.py took 0.089 seconds
[2024-02-28T03:34:46.929+0000] {processor.py:161} INFO - Started process (PID=4703) to work on /home/airflow/.local/lib/python3.8/site-packages/airflow/example_dags/tutorial.py
[2024-02-28T03:34:46.930+0000] {processor.py:830} INFO - Processing file /home/airflow/.local/lib/python3.8/site-packages/airflow/example_dags/tutorial.py for tasks to queue
[2024-02-28T03:34:46.931+0000] {logging_mixin.py:188} INFO - [2024-02-28T03:34:46.931+0000] {dagbag.py:538} INFO - Filling up the DagBag from /home/airflow/.local/lib/python3.8/site-packages/airflow/example_dags/tutorial.py
[2024-02-28T03:34:46.936+0000] {processor.py:840} INFO - DAG(s) 'tutorial' retrieved from /home/airflow/.local/lib/python3.8/site-packages/airflow/example_dags/tutorial.py
[2024-02-28T03:34:46.956+0000] {logging_mixin.py:188} INFO - [2024-02-28T03:34:46.955+0000] {dag.py:3036} INFO - Sync 1 DAGs
[2024-02-28T03:34:46.976+0000] {logging_mixin.py:188} INFO - [2024-02-28T03:34:46.976+0000] {dag.py:3823} INFO - Setting next_dagrun for tutorial to 2024-02-27 00:00:00+00:00, run_after=2024-02-28 00:00:00+00:00
[2024-02-28T03:34:47.010+0000] {processor.py:183} INFO - Processing /home/airflow/.local/lib/python3.8/site-packages/airflow/example_dags/tutorial.py took 0.084 seconds
[2024-02-28T03:35:17.403+0000] {processor.py:161} INFO - Started process (PID=5012) to work on /home/airflow/.local/lib/python3.8/site-packages/airflow/example_dags/tutorial.py
[2024-02-28T03:35:17.405+0000] {processor.py:830} INFO - Processing file /home/airflow/.local/lib/python3.8/site-packages/airflow/example_dags/tutorial.py for tasks to queue
[2024-02-28T03:35:17.406+0000] {logging_mixin.py:188} INFO - [2024-02-28T03:35:17.406+0000] {dagbag.py:538} INFO - Filling up the DagBag from /home/airflow/.local/lib/python3.8/site-packages/airflow/example_dags/tutorial.py
[2024-02-28T03:35:17.413+0000] {processor.py:840} INFO - DAG(s) 'tutorial' retrieved from /home/airflow/.local/lib/python3.8/site-packages/airflow/example_dags/tutorial.py
[2024-02-28T03:35:17.441+0000] {logging_mixin.py:188} INFO - [2024-02-28T03:35:17.440+0000] {dag.py:3036} INFO - Sync 1 DAGs
[2024-02-28T03:35:17.464+0000] {logging_mixin.py:188} INFO - [2024-02-28T03:35:17.464+0000] {dag.py:3823} INFO - Setting next_dagrun for tutorial to 2024-02-27 00:00:00+00:00, run_after=2024-02-28 00:00:00+00:00
[2024-02-28T03:35:17.494+0000] {processor.py:183} INFO - Processing /home/airflow/.local/lib/python3.8/site-packages/airflow/example_dags/tutorial.py took 0.095 seconds
[2024-02-28T03:35:47.769+0000] {processor.py:161} INFO - Started process (PID=5324) to work on /home/airflow/.local/lib/python3.8/site-packages/airflow/example_dags/tutorial.py
[2024-02-28T03:35:47.770+0000] {processor.py:830} INFO - Processing file /home/airflow/.local/lib/python3.8/site-packages/airflow/example_dags/tutorial.py for tasks to queue
[2024-02-28T03:35:47.771+0000] {logging_mixin.py:188} INFO - [2024-02-28T03:35:47.771+0000] {dagbag.py:538} INFO - Filling up the DagBag from /home/airflow/.local/lib/python3.8/site-packages/airflow/example_dags/tutorial.py
[2024-02-28T03:35:47.778+0000] {processor.py:840} INFO - DAG(s) 'tutorial' retrieved from /home/airflow/.local/lib/python3.8/site-packages/airflow/example_dags/tutorial.py
[2024-02-28T03:35:47.807+0000] {logging_mixin.py:188} INFO - [2024-02-28T03:35:47.807+0000] {dag.py:3036} INFO - Sync 1 DAGs
[2024-02-28T03:35:47.840+0000] {logging_mixin.py:188} INFO - [2024-02-28T03:35:47.840+0000] {dag.py:3823} INFO - Setting next_dagrun for tutorial to 2024-02-27 00:00:00+00:00, run_after=2024-02-28 00:00:00+00:00
[2024-02-28T03:35:47.873+0000] {processor.py:183} INFO - Processing /home/airflow/.local/lib/python3.8/site-packages/airflow/example_dags/tutorial.py took 0.108 seconds
