[2024-02-28T03:27:00.035+0000] {processor.py:161} INFO - Started process (PID=275) to work on /home/airflow/.local/lib/python3.8/site-packages/airflow/example_dags/tutorial_objectstorage.py
[2024-02-28T03:27:00.043+0000] {processor.py:830} INFO - Processing file /home/airflow/.local/lib/python3.8/site-packages/airflow/example_dags/tutorial_objectstorage.py for tasks to queue
[2024-02-28T03:27:00.055+0000] {logging_mixin.py:188} INFO - [2024-02-28T03:27:00.054+0000] {dagbag.py:538} INFO - Filling up the DagBag from /home/airflow/.local/lib/python3.8/site-packages/airflow/example_dags/tutorial_objectstorage.py
[2024-02-28T03:27:00.095+0000] {processor.py:840} INFO - DAG(s) 'tutorial_objectstorage' retrieved from /home/airflow/.local/lib/python3.8/site-packages/airflow/example_dags/tutorial_objectstorage.py
[2024-02-28T03:27:00.310+0000] {logging_mixin.py:188} INFO - [2024-02-28T03:27:00.310+0000] {dag.py:3036} INFO - Sync 1 DAGs
[2024-02-28T03:27:00.324+0000] {logging_mixin.py:188} INFO - [2024-02-28T03:27:00.324+0000] {dag.py:3823} INFO - Setting next_dagrun for tutorial_objectstorage to None, run_after=None
[2024-02-28T03:27:00.370+0000] {processor.py:183} INFO - Processing /home/airflow/.local/lib/python3.8/site-packages/airflow/example_dags/tutorial_objectstorage.py took 0.340 seconds
[2024-02-28T03:27:34.611+0000] {processor.py:161} INFO - Started process (PID=594) to work on /home/airflow/.local/lib/python3.8/site-packages/airflow/example_dags/tutorial_objectstorage.py
[2024-02-28T03:27:34.613+0000] {processor.py:830} INFO - Processing file /home/airflow/.local/lib/python3.8/site-packages/airflow/example_dags/tutorial_objectstorage.py for tasks to queue
[2024-02-28T03:27:34.614+0000] {logging_mixin.py:188} INFO - [2024-02-28T03:27:34.614+0000] {dagbag.py:538} INFO - Filling up the DagBag from /home/airflow/.local/lib/python3.8/site-packages/airflow/example_dags/tutorial_objectstorage.py
[2024-02-28T03:27:34.645+0000] {processor.py:840} INFO - DAG(s) 'tutorial_objectstorage' retrieved from /home/airflow/.local/lib/python3.8/site-packages/airflow/example_dags/tutorial_objectstorage.py
[2024-02-28T03:27:34.687+0000] {logging_mixin.py:188} INFO - [2024-02-28T03:27:34.686+0000] {dag.py:3036} INFO - Sync 1 DAGs
[2024-02-28T03:27:34.742+0000] {logging_mixin.py:188} INFO - [2024-02-28T03:27:34.742+0000] {dag.py:3823} INFO - Setting next_dagrun for tutorial_objectstorage to None, run_after=None
[2024-02-28T03:27:34.839+0000] {processor.py:183} INFO - Processing /home/airflow/.local/lib/python3.8/site-packages/airflow/example_dags/tutorial_objectstorage.py took 0.233 seconds
[2024-02-28T03:28:16.292+0000] {processor.py:161} INFO - Started process (PID=912) to work on /home/airflow/.local/lib/python3.8/site-packages/airflow/example_dags/tutorial_objectstorage.py
[2024-02-28T03:28:16.294+0000] {processor.py:830} INFO - Processing file /home/airflow/.local/lib/python3.8/site-packages/airflow/example_dags/tutorial_objectstorage.py for tasks to queue
[2024-02-28T03:28:16.295+0000] {logging_mixin.py:188} INFO - [2024-02-28T03:28:16.295+0000] {dagbag.py:538} INFO - Filling up the DagBag from /home/airflow/.local/lib/python3.8/site-packages/airflow/example_dags/tutorial_objectstorage.py
[2024-02-28T03:28:16.305+0000] {processor.py:840} INFO - DAG(s) 'tutorial_objectstorage' retrieved from /home/airflow/.local/lib/python3.8/site-packages/airflow/example_dags/tutorial_objectstorage.py
[2024-02-28T03:28:16.349+0000] {logging_mixin.py:188} INFO - [2024-02-28T03:28:16.349+0000] {dag.py:3036} INFO - Sync 1 DAGs
[2024-02-28T03:28:16.408+0000] {logging_mixin.py:188} INFO - [2024-02-28T03:28:16.408+0000] {dag.py:3823} INFO - Setting next_dagrun for tutorial_objectstorage to None, run_after=None
[2024-02-28T03:28:16.489+0000] {processor.py:183} INFO - Processing /home/airflow/.local/lib/python3.8/site-packages/airflow/example_dags/tutorial_objectstorage.py took 0.203 seconds
[2024-02-28T03:28:54.357+0000] {processor.py:161} INFO - Started process (PID=1234) to work on /home/airflow/.local/lib/python3.8/site-packages/airflow/example_dags/tutorial_objectstorage.py
[2024-02-28T03:28:54.360+0000] {processor.py:830} INFO - Processing file /home/airflow/.local/lib/python3.8/site-packages/airflow/example_dags/tutorial_objectstorage.py for tasks to queue
[2024-02-28T03:28:54.361+0000] {logging_mixin.py:188} INFO - [2024-02-28T03:28:54.361+0000] {dagbag.py:538} INFO - Filling up the DagBag from /home/airflow/.local/lib/python3.8/site-packages/airflow/example_dags/tutorial_objectstorage.py
[2024-02-28T03:28:54.382+0000] {processor.py:840} INFO - DAG(s) 'tutorial_objectstorage' retrieved from /home/airflow/.local/lib/python3.8/site-packages/airflow/example_dags/tutorial_objectstorage.py
[2024-02-28T03:28:54.426+0000] {logging_mixin.py:188} INFO - [2024-02-28T03:28:54.425+0000] {dag.py:3036} INFO - Sync 1 DAGs
[2024-02-28T03:28:54.458+0000] {logging_mixin.py:188} INFO - [2024-02-28T03:28:54.457+0000] {dag.py:3823} INFO - Setting next_dagrun for tutorial_objectstorage to None, run_after=None
[2024-02-28T03:28:54.513+0000] {processor.py:183} INFO - Processing /home/airflow/.local/lib/python3.8/site-packages/airflow/example_dags/tutorial_objectstorage.py took 0.161 seconds
[2024-02-28T03:29:26.370+0000] {processor.py:161} INFO - Started process (PID=1542) to work on /home/airflow/.local/lib/python3.8/site-packages/airflow/example_dags/tutorial_objectstorage.py
[2024-02-28T03:29:26.372+0000] {processor.py:830} INFO - Processing file /home/airflow/.local/lib/python3.8/site-packages/airflow/example_dags/tutorial_objectstorage.py for tasks to queue
[2024-02-28T03:29:26.373+0000] {logging_mixin.py:188} INFO - [2024-02-28T03:29:26.373+0000] {dagbag.py:538} INFO - Filling up the DagBag from /home/airflow/.local/lib/python3.8/site-packages/airflow/example_dags/tutorial_objectstorage.py
[2024-02-28T03:29:26.383+0000] {processor.py:840} INFO - DAG(s) 'tutorial_objectstorage' retrieved from /home/airflow/.local/lib/python3.8/site-packages/airflow/example_dags/tutorial_objectstorage.py
[2024-02-28T03:29:26.422+0000] {logging_mixin.py:188} INFO - [2024-02-28T03:29:26.421+0000] {dag.py:3036} INFO - Sync 1 DAGs
[2024-02-28T03:29:26.454+0000] {logging_mixin.py:188} INFO - [2024-02-28T03:29:26.450+0000] {dag.py:3823} INFO - Setting next_dagrun for tutorial_objectstorage to None, run_after=None
[2024-02-28T03:29:26.575+0000] {processor.py:183} INFO - Processing /home/airflow/.local/lib/python3.8/site-packages/airflow/example_dags/tutorial_objectstorage.py took 0.208 seconds
[2024-02-28T03:29:58.704+0000] {processor.py:161} INFO - Started process (PID=1859) to work on /home/airflow/.local/lib/python3.8/site-packages/airflow/example_dags/tutorial_objectstorage.py
[2024-02-28T03:29:58.705+0000] {processor.py:830} INFO - Processing file /home/airflow/.local/lib/python3.8/site-packages/airflow/example_dags/tutorial_objectstorage.py for tasks to queue
[2024-02-28T03:29:58.706+0000] {logging_mixin.py:188} INFO - [2024-02-28T03:29:58.705+0000] {dagbag.py:538} INFO - Filling up the DagBag from /home/airflow/.local/lib/python3.8/site-packages/airflow/example_dags/tutorial_objectstorage.py
[2024-02-28T03:29:58.713+0000] {processor.py:840} INFO - DAG(s) 'tutorial_objectstorage' retrieved from /home/airflow/.local/lib/python3.8/site-packages/airflow/example_dags/tutorial_objectstorage.py
[2024-02-28T03:29:58.732+0000] {logging_mixin.py:188} INFO - [2024-02-28T03:29:58.732+0000] {dag.py:3036} INFO - Sync 1 DAGs
[2024-02-28T03:29:58.744+0000] {logging_mixin.py:188} INFO - [2024-02-28T03:29:58.743+0000] {dag.py:3823} INFO - Setting next_dagrun for tutorial_objectstorage to None, run_after=None
[2024-02-28T03:29:58.766+0000] {processor.py:183} INFO - Processing /home/airflow/.local/lib/python3.8/site-packages/airflow/example_dags/tutorial_objectstorage.py took 0.066 seconds
[2024-02-28T03:30:30.169+0000] {processor.py:161} INFO - Started process (PID=2167) to work on /home/airflow/.local/lib/python3.8/site-packages/airflow/example_dags/tutorial_objectstorage.py
[2024-02-28T03:30:30.170+0000] {processor.py:830} INFO - Processing file /home/airflow/.local/lib/python3.8/site-packages/airflow/example_dags/tutorial_objectstorage.py for tasks to queue
[2024-02-28T03:30:30.172+0000] {logging_mixin.py:188} INFO - [2024-02-28T03:30:30.171+0000] {dagbag.py:538} INFO - Filling up the DagBag from /home/airflow/.local/lib/python3.8/site-packages/airflow/example_dags/tutorial_objectstorage.py
[2024-02-28T03:30:30.180+0000] {processor.py:840} INFO - DAG(s) 'tutorial_objectstorage' retrieved from /home/airflow/.local/lib/python3.8/site-packages/airflow/example_dags/tutorial_objectstorage.py
[2024-02-28T03:30:30.206+0000] {logging_mixin.py:188} INFO - [2024-02-28T03:30:30.206+0000] {dag.py:3036} INFO - Sync 1 DAGs
[2024-02-28T03:30:30.223+0000] {logging_mixin.py:188} INFO - [2024-02-28T03:30:30.223+0000] {dag.py:3823} INFO - Setting next_dagrun for tutorial_objectstorage to None, run_after=None
[2024-02-28T03:30:30.251+0000] {processor.py:183} INFO - Processing /home/airflow/.local/lib/python3.8/site-packages/airflow/example_dags/tutorial_objectstorage.py took 0.087 seconds
[2024-02-28T03:31:00.350+0000] {processor.py:161} INFO - Started process (PID=2472) to work on /home/airflow/.local/lib/python3.8/site-packages/airflow/example_dags/tutorial_objectstorage.py
[2024-02-28T03:31:00.351+0000] {processor.py:830} INFO - Processing file /home/airflow/.local/lib/python3.8/site-packages/airflow/example_dags/tutorial_objectstorage.py for tasks to queue
[2024-02-28T03:31:00.354+0000] {logging_mixin.py:188} INFO - [2024-02-28T03:31:00.353+0000] {dagbag.py:538} INFO - Filling up the DagBag from /home/airflow/.local/lib/python3.8/site-packages/airflow/example_dags/tutorial_objectstorage.py
[2024-02-28T03:31:00.362+0000] {processor.py:840} INFO - DAG(s) 'tutorial_objectstorage' retrieved from /home/airflow/.local/lib/python3.8/site-packages/airflow/example_dags/tutorial_objectstorage.py
[2024-02-28T03:31:00.379+0000] {logging_mixin.py:188} INFO - [2024-02-28T03:31:00.379+0000] {dag.py:3036} INFO - Sync 1 DAGs
[2024-02-28T03:31:00.391+0000] {logging_mixin.py:188} INFO - [2024-02-28T03:31:00.391+0000] {dag.py:3823} INFO - Setting next_dagrun for tutorial_objectstorage to None, run_after=None
[2024-02-28T03:31:00.410+0000] {processor.py:183} INFO - Processing /home/airflow/.local/lib/python3.8/site-packages/airflow/example_dags/tutorial_objectstorage.py took 0.064 seconds
[2024-02-28T03:31:31.157+0000] {processor.py:161} INFO - Started process (PID=2778) to work on /home/airflow/.local/lib/python3.8/site-packages/airflow/example_dags/tutorial_objectstorage.py
[2024-02-28T03:31:31.158+0000] {processor.py:830} INFO - Processing file /home/airflow/.local/lib/python3.8/site-packages/airflow/example_dags/tutorial_objectstorage.py for tasks to queue
[2024-02-28T03:31:31.159+0000] {logging_mixin.py:188} INFO - [2024-02-28T03:31:31.159+0000] {dagbag.py:538} INFO - Filling up the DagBag from /home/airflow/.local/lib/python3.8/site-packages/airflow/example_dags/tutorial_objectstorage.py
[2024-02-28T03:31:31.167+0000] {processor.py:840} INFO - DAG(s) 'tutorial_objectstorage' retrieved from /home/airflow/.local/lib/python3.8/site-packages/airflow/example_dags/tutorial_objectstorage.py
[2024-02-28T03:31:31.189+0000] {logging_mixin.py:188} INFO - [2024-02-28T03:31:31.189+0000] {dag.py:3036} INFO - Sync 1 DAGs
[2024-02-28T03:31:31.204+0000] {logging_mixin.py:188} INFO - [2024-02-28T03:31:31.204+0000] {dag.py:3823} INFO - Setting next_dagrun for tutorial_objectstorage to None, run_after=None
[2024-02-28T03:31:31.239+0000] {processor.py:183} INFO - Processing /home/airflow/.local/lib/python3.8/site-packages/airflow/example_dags/tutorial_objectstorage.py took 0.085 seconds
[2024-02-28T03:32:11.166+0000] {processor.py:161} INFO - Started process (PID=3088) to work on /home/airflow/.local/lib/python3.8/site-packages/airflow/example_dags/tutorial_objectstorage.py
[2024-02-28T03:32:11.168+0000] {processor.py:830} INFO - Processing file /home/airflow/.local/lib/python3.8/site-packages/airflow/example_dags/tutorial_objectstorage.py for tasks to queue
[2024-02-28T03:32:11.170+0000] {logging_mixin.py:188} INFO - [2024-02-28T03:32:11.169+0000] {dagbag.py:538} INFO - Filling up the DagBag from /home/airflow/.local/lib/python3.8/site-packages/airflow/example_dags/tutorial_objectstorage.py
[2024-02-28T03:32:11.180+0000] {processor.py:840} INFO - DAG(s) 'tutorial_objectstorage' retrieved from /home/airflow/.local/lib/python3.8/site-packages/airflow/example_dags/tutorial_objectstorage.py
[2024-02-28T03:32:11.214+0000] {logging_mixin.py:188} INFO - [2024-02-28T03:32:11.214+0000] {dag.py:3036} INFO - Sync 1 DAGs
[2024-02-28T03:32:11.234+0000] {logging_mixin.py:188} INFO - [2024-02-28T03:32:11.234+0000] {dag.py:3823} INFO - Setting next_dagrun for tutorial_objectstorage to None, run_after=None
[2024-02-28T03:32:11.273+0000] {processor.py:183} INFO - Processing /home/airflow/.local/lib/python3.8/site-packages/airflow/example_dags/tutorial_objectstorage.py took 0.111 seconds
[2024-02-28T03:32:41.575+0000] {processor.py:161} INFO - Started process (PID=3392) to work on /home/airflow/.local/lib/python3.8/site-packages/airflow/example_dags/tutorial_objectstorage.py
[2024-02-28T03:32:41.577+0000] {processor.py:830} INFO - Processing file /home/airflow/.local/lib/python3.8/site-packages/airflow/example_dags/tutorial_objectstorage.py for tasks to queue
[2024-02-28T03:32:41.578+0000] {logging_mixin.py:188} INFO - [2024-02-28T03:32:41.577+0000] {dagbag.py:538} INFO - Filling up the DagBag from /home/airflow/.local/lib/python3.8/site-packages/airflow/example_dags/tutorial_objectstorage.py
[2024-02-28T03:32:41.585+0000] {processor.py:840} INFO - DAG(s) 'tutorial_objectstorage' retrieved from /home/airflow/.local/lib/python3.8/site-packages/airflow/example_dags/tutorial_objectstorage.py
[2024-02-28T03:32:41.614+0000] {logging_mixin.py:188} INFO - [2024-02-28T03:32:41.613+0000] {dag.py:3036} INFO - Sync 1 DAGs
[2024-02-28T03:32:41.628+0000] {logging_mixin.py:188} INFO - [2024-02-28T03:32:41.628+0000] {dag.py:3823} INFO - Setting next_dagrun for tutorial_objectstorage to None, run_after=None
[2024-02-28T03:32:41.667+0000] {processor.py:183} INFO - Processing /home/airflow/.local/lib/python3.8/site-packages/airflow/example_dags/tutorial_objectstorage.py took 0.095 seconds
[2024-02-28T03:33:12.562+0000] {processor.py:161} INFO - Started process (PID=3708) to work on /home/airflow/.local/lib/python3.8/site-packages/airflow/example_dags/tutorial_objectstorage.py
[2024-02-28T03:33:12.563+0000] {processor.py:830} INFO - Processing file /home/airflow/.local/lib/python3.8/site-packages/airflow/example_dags/tutorial_objectstorage.py for tasks to queue
[2024-02-28T03:33:12.564+0000] {logging_mixin.py:188} INFO - [2024-02-28T03:33:12.563+0000] {dagbag.py:538} INFO - Filling up the DagBag from /home/airflow/.local/lib/python3.8/site-packages/airflow/example_dags/tutorial_objectstorage.py
[2024-02-28T03:33:12.572+0000] {processor.py:840} INFO - DAG(s) 'tutorial_objectstorage' retrieved from /home/airflow/.local/lib/python3.8/site-packages/airflow/example_dags/tutorial_objectstorage.py
[2024-02-28T03:33:12.592+0000] {logging_mixin.py:188} INFO - [2024-02-28T03:33:12.591+0000] {dag.py:3036} INFO - Sync 1 DAGs
[2024-02-28T03:33:12.603+0000] {logging_mixin.py:188} INFO - [2024-02-28T03:33:12.603+0000] {dag.py:3823} INFO - Setting next_dagrun for tutorial_objectstorage to None, run_after=None
[2024-02-28T03:33:12.632+0000] {processor.py:183} INFO - Processing /home/airflow/.local/lib/python3.8/site-packages/airflow/example_dags/tutorial_objectstorage.py took 0.074 seconds
[2024-02-28T03:33:42.854+0000] {processor.py:161} INFO - Started process (PID=4019) to work on /home/airflow/.local/lib/python3.8/site-packages/airflow/example_dags/tutorial_objectstorage.py
[2024-02-28T03:33:42.855+0000] {processor.py:830} INFO - Processing file /home/airflow/.local/lib/python3.8/site-packages/airflow/example_dags/tutorial_objectstorage.py for tasks to queue
[2024-02-28T03:33:42.856+0000] {logging_mixin.py:188} INFO - [2024-02-28T03:33:42.856+0000] {dagbag.py:538} INFO - Filling up the DagBag from /home/airflow/.local/lib/python3.8/site-packages/airflow/example_dags/tutorial_objectstorage.py
[2024-02-28T03:33:42.864+0000] {processor.py:840} INFO - DAG(s) 'tutorial_objectstorage' retrieved from /home/airflow/.local/lib/python3.8/site-packages/airflow/example_dags/tutorial_objectstorage.py
[2024-02-28T03:33:42.884+0000] {logging_mixin.py:188} INFO - [2024-02-28T03:33:42.883+0000] {dag.py:3036} INFO - Sync 1 DAGs
[2024-02-28T03:33:42.896+0000] {logging_mixin.py:188} INFO - [2024-02-28T03:33:42.896+0000] {dag.py:3823} INFO - Setting next_dagrun for tutorial_objectstorage to None, run_after=None
[2024-02-28T03:33:42.925+0000] {processor.py:183} INFO - Processing /home/airflow/.local/lib/python3.8/site-packages/airflow/example_dags/tutorial_objectstorage.py took 0.073 seconds
[2024-02-28T03:34:13.793+0000] {processor.py:161} INFO - Started process (PID=4332) to work on /home/airflow/.local/lib/python3.8/site-packages/airflow/example_dags/tutorial_objectstorage.py
[2024-02-28T03:34:13.794+0000] {processor.py:830} INFO - Processing file /home/airflow/.local/lib/python3.8/site-packages/airflow/example_dags/tutorial_objectstorage.py for tasks to queue
[2024-02-28T03:34:13.795+0000] {logging_mixin.py:188} INFO - [2024-02-28T03:34:13.795+0000] {dagbag.py:538} INFO - Filling up the DagBag from /home/airflow/.local/lib/python3.8/site-packages/airflow/example_dags/tutorial_objectstorage.py
[2024-02-28T03:34:13.805+0000] {processor.py:840} INFO - DAG(s) 'tutorial_objectstorage' retrieved from /home/airflow/.local/lib/python3.8/site-packages/airflow/example_dags/tutorial_objectstorage.py
[2024-02-28T03:34:13.827+0000] {logging_mixin.py:188} INFO - [2024-02-28T03:34:13.826+0000] {dag.py:3036} INFO - Sync 1 DAGs
[2024-02-28T03:34:13.840+0000] {logging_mixin.py:188} INFO - [2024-02-28T03:34:13.840+0000] {dag.py:3823} INFO - Setting next_dagrun for tutorial_objectstorage to None, run_after=None
[2024-02-28T03:34:13.863+0000] {processor.py:183} INFO - Processing /home/airflow/.local/lib/python3.8/site-packages/airflow/example_dags/tutorial_objectstorage.py took 0.073 seconds
[2024-02-28T03:34:44.047+0000] {processor.py:161} INFO - Started process (PID=4641) to work on /home/airflow/.local/lib/python3.8/site-packages/airflow/example_dags/tutorial_objectstorage.py
[2024-02-28T03:34:44.048+0000] {processor.py:830} INFO - Processing file /home/airflow/.local/lib/python3.8/site-packages/airflow/example_dags/tutorial_objectstorage.py for tasks to queue
[2024-02-28T03:34:44.049+0000] {logging_mixin.py:188} INFO - [2024-02-28T03:34:44.049+0000] {dagbag.py:538} INFO - Filling up the DagBag from /home/airflow/.local/lib/python3.8/site-packages/airflow/example_dags/tutorial_objectstorage.py
[2024-02-28T03:34:44.056+0000] {processor.py:840} INFO - DAG(s) 'tutorial_objectstorage' retrieved from /home/airflow/.local/lib/python3.8/site-packages/airflow/example_dags/tutorial_objectstorage.py
[2024-02-28T03:34:44.075+0000] {logging_mixin.py:188} INFO - [2024-02-28T03:34:44.075+0000] {dag.py:3036} INFO - Sync 1 DAGs
[2024-02-28T03:34:44.089+0000] {logging_mixin.py:188} INFO - [2024-02-28T03:34:44.088+0000] {dag.py:3823} INFO - Setting next_dagrun for tutorial_objectstorage to None, run_after=None
[2024-02-28T03:34:44.115+0000] {processor.py:183} INFO - Processing /home/airflow/.local/lib/python3.8/site-packages/airflow/example_dags/tutorial_objectstorage.py took 0.072 seconds
[2024-02-28T03:35:14.397+0000] {processor.py:161} INFO - Started process (PID=4952) to work on /home/airflow/.local/lib/python3.8/site-packages/airflow/example_dags/tutorial_objectstorage.py
[2024-02-28T03:35:14.398+0000] {processor.py:830} INFO - Processing file /home/airflow/.local/lib/python3.8/site-packages/airflow/example_dags/tutorial_objectstorage.py for tasks to queue
[2024-02-28T03:35:14.399+0000] {logging_mixin.py:188} INFO - [2024-02-28T03:35:14.399+0000] {dagbag.py:538} INFO - Filling up the DagBag from /home/airflow/.local/lib/python3.8/site-packages/airflow/example_dags/tutorial_objectstorage.py
[2024-02-28T03:35:14.411+0000] {processor.py:840} INFO - DAG(s) 'tutorial_objectstorage' retrieved from /home/airflow/.local/lib/python3.8/site-packages/airflow/example_dags/tutorial_objectstorage.py
[2024-02-28T03:35:14.443+0000] {logging_mixin.py:188} INFO - [2024-02-28T03:35:14.443+0000] {dag.py:3036} INFO - Sync 1 DAGs
[2024-02-28T03:35:14.459+0000] {logging_mixin.py:188} INFO - [2024-02-28T03:35:14.459+0000] {dag.py:3823} INFO - Setting next_dagrun for tutorial_objectstorage to None, run_after=None
[2024-02-28T03:35:14.490+0000] {processor.py:183} INFO - Processing /home/airflow/.local/lib/python3.8/site-packages/airflow/example_dags/tutorial_objectstorage.py took 0.096 seconds
[2024-02-28T03:35:44.775+0000] {processor.py:161} INFO - Started process (PID=5264) to work on /home/airflow/.local/lib/python3.8/site-packages/airflow/example_dags/tutorial_objectstorage.py
[2024-02-28T03:35:44.780+0000] {processor.py:830} INFO - Processing file /home/airflow/.local/lib/python3.8/site-packages/airflow/example_dags/tutorial_objectstorage.py for tasks to queue
[2024-02-28T03:35:44.781+0000] {logging_mixin.py:188} INFO - [2024-02-28T03:35:44.781+0000] {dagbag.py:538} INFO - Filling up the DagBag from /home/airflow/.local/lib/python3.8/site-packages/airflow/example_dags/tutorial_objectstorage.py
[2024-02-28T03:35:44.788+0000] {processor.py:840} INFO - DAG(s) 'tutorial_objectstorage' retrieved from /home/airflow/.local/lib/python3.8/site-packages/airflow/example_dags/tutorial_objectstorage.py
[2024-02-28T03:35:44.807+0000] {logging_mixin.py:188} INFO - [2024-02-28T03:35:44.807+0000] {dag.py:3036} INFO - Sync 1 DAGs
[2024-02-28T03:35:44.820+0000] {logging_mixin.py:188} INFO - [2024-02-28T03:35:44.820+0000] {dag.py:3823} INFO - Setting next_dagrun for tutorial_objectstorage to None, run_after=None
[2024-02-28T03:35:44.846+0000] {processor.py:183} INFO - Processing /home/airflow/.local/lib/python3.8/site-packages/airflow/example_dags/tutorial_objectstorage.py took 0.075 seconds
